Process Started on 2014-04-06 15:07:33.627834
The output_tag for this run is: HE0435AC_0p1_2014_04_06_15:07

CRUDE LIGHT CURVE PARAMETERS
----------------------------
parameter lc1   	lc2
----------------------------
sigma     +0.14 	+0.09
tau       +72.38 	+19.55
avg_mag   -10.93 	-10.36


BEGINNING LIGHT CURVE PARAMETER OPTIMIZATION

Optimization terminated successfully.
         Current function value: -1336.872110
         Iterations: 178
         Function evaluations: 325
Optimization terminated successfully.
         Current function value: -1341.884177
         Iterations: 154
         Function evaluations: 292

OPTIMIZED LIGHT CURVE PARAMETERS
--------------------------------
parameter lc1   	lc2
--------------------------------
sigma     +0.01 	+0.01
tau       +2171.94 	+1290.42
avg_mag   -10.74 	-10.28


Process Started on 2014-04-06 15:07:33.627834
It is now          2014-04-06 15:07:50.059705

time series is 2431.10 days long
with  582 data points
The most common sample time distance is 3.51 days within the range of [2.23,5.52] days

1% done
10% done
25% done
50% done
75% done
DONE

Process Started on 2014-04-06 15:07:33.627834
It is now          2014-04-06 15:08:03.634004

BEST DELAY=2.14449e+02

INITIAL PARAMETERS (average of lc1 and lc2)
-------------------------------------------
delay      = 214.45
delta_mag  = 0.46
avg_mag    = -10.74
tau        = 1731.18
sigma      = 0.01

Optimization terminated successfully.
         Current function value: -2350.876616
         Iterations: 144
         Function evaluations: 274

INITIAL PARAMETERS (optimization of merged light curve)
-------------------------------------------------------
delay      = 214.45
delta_mag  = 0.46
avg_mag    = -10.75
tau        = 970.20
sigma      = 0.01


-------------
RUNNING EMCEE
-------------

pos
sampler
Process Started on 2014-04-06 15:07:33.627834
It is currently    2014-04-06 15:08:18.181982
burn-in sampler.run_mcmc
	Mean acceptance fraction: 0.541
	Errors based on 16th, 50th, and 84th percentile
	Param     	MC_rec	err_up	err_low
	delay     	2.14e+02	+2.79e-01	-5.54e-01
	delta_mag 	5.72e-01	+1.18e-02	-2.32e-02
	sigma     	8.79e-03	+1.47e-03	-8.85e-04
	tau       	9.70e+02	+2.46e-01	-2.89e-01
	avg_mag   	-1.08e+01	+9.04e-02	-1.04e-01
Process Started on 2014-04-06 15:07:33.627834
It is currently    2014-04-06 15:18:09.536480
sampler.run_mcmc
Process Started on 2014-04-06 15:07:33.627834
It is currently    2014-04-06 16:31:45.803364
sampler.chain
90000
Mean acceptance fraction: 0.516
Errors based on 16th, 50th, and 84th percentile
Param     	MC_rec	err_up	err_low
delay     	1.33e+02	+6.22e+00	-5.32e+00
delta_mag 	6.00e-01	+6.53e-03	-7.37e-03
sigma     	8.33e-03	+6.36e-04	-6.00e-04
tau       	3.97e+03	+3.62e+03	-2.63e+03
avg_mag   	-1.08e+01	+2.36e-01	-2.04e-01
Process Started on 2014-04-06 15:07:33.627834
It is currently    2014-04-06 16:31:55.953414
