Process Started on 2014-04-06 15:07:32.781659
The output_tag for this run is: HE0435BC_0p1_2014_04_06_15:07

CRUDE LIGHT CURVE PARAMETERS
----------------------------
parameter lc1   	lc2
----------------------------
sigma     +0.08 	+0.09
tau       +84.75 	+19.55
avg_mag   -10.30 	-10.36


BEGINNING LIGHT CURVE PARAMETER OPTIMIZATION

Optimization terminated successfully.
         Current function value: -1336.249373
         Iterations: 166
         Function evaluations: 311
Optimization terminated successfully.
         Current function value: -1341.884177
         Iterations: 154
         Function evaluations: 292

OPTIMIZED LIGHT CURVE PARAMETERS
--------------------------------
parameter lc1   	lc2
--------------------------------
sigma     +0.01 	+0.01
tau       +1563.67 	+1290.42
avg_mag   -10.21 	-10.28


Process Started on 2014-04-06 15:07:32.781659
It is now          2014-04-06 15:07:46.537854

time series is 2431.10 days long
with  582 data points
The most common sample time distance is 3.51 days within the range of [2.23,5.52] days

1% done
10% done
25% done
50% done
75% done
DONE

Process Started on 2014-04-06 15:07:32.781659
It is now          2014-04-06 15:07:57.234176

BEST DELAY=-5.55073e+00

INITIAL PARAMETERS (average of lc1 and lc2)
-------------------------------------------
delay      = -5.55
delta_mag  = -0.07
avg_mag    = -10.21
tau        = 1427.05
sigma      = 0.01

Optimization terminated successfully.
         Current function value: -2716.490732
         Iterations: 169
         Function evaluations: 313

INITIAL PARAMETERS (optimization of merged light curve)
-------------------------------------------------------
delay      = -5.55
delta_mag  = -0.07
avg_mag    = -10.22
tau        = 1464.50
sigma      = 0.01


-------------
RUNNING EMCEE
-------------

pos
sampler
Process Started on 2014-04-06 15:07:32.781659
It is currently    2014-04-06 15:08:14.515501
burn-in sampler.run_mcmc
	Mean acceptance fraction: 0.595
	Errors based on 16th, 50th, and 84th percentile
	Param     	MC_rec	err_up	err_low
	delay     	-5.51e+00	+1.38e+00	-7.64e-01
	delta_mag 	-5.65e-02	+6.34e-03	-5.74e-03
	sigma     	6.18e-03	+6.59e-04	-5.92e-04
	tau       	1.46e+03	+4.75e-01	-4.43e-01
	avg_mag   	-1.02e+01	+9.78e-02	-1.10e-01
Process Started on 2014-04-06 15:07:32.781659
It is currently    2014-04-06 15:16:17.198278
sampler.run_mcmc
Process Started on 2014-04-06 15:07:32.781659
It is currently    2014-04-06 16:26:13.764950
sampler.chain
90000
Mean acceptance fraction: 0.518
Errors based on 16th, 50th, and 84th percentile
Param     	MC_rec	err_up	err_low
delay     	-2.01e+00	+4.17e+00	-4.22e+00
delta_mag 	-5.55e-02	+4.77e-03	-4.84e-03
sigma     	6.04e-03	+5.14e-04	-4.74e-04
tau       	4.92e+03	+5.90e+03	-3.43e+03
avg_mag   	-1.02e+01	+1.88e-01	-1.67e-01
Process Started on 2014-04-06 15:07:32.781659
It is currently    2014-04-06 16:26:25.007487
