
SIMULATION PARAMETERS
Namespace(avg_mag=19.0, delay=1.5, delta_mag=0.3, numorbits=80, outputtag='hubble_sim_r36', photometricerror=0.02, redshift=0.658, sigma=0.07, tau=121.0)

Process Started on 2014-04-06 20:18:10.440019
The output_tag for this run is: hubble_sim_r36_2014_04_06_20:18

CRUDE LIGHT CURVE PARAMETERS
----------------------------
parameter lc1   	lc2
----------------------------
sigma     +0.34 	+0.24
tau       +0.16 	+0.57
avg_mag   +18.71 	+18.98


BEGINNING LIGHT CURVE PARAMETER OPTIMIZATION

Optimization terminated successfully.
         Current function value: -1139.496945
         Iterations: 109
         Function evaluations: 193
Optimization terminated successfully.
         Current function value: -1143.285841
         Iterations: 51
         Function evaluations: 98

OPTIMIZED LIGHT CURVE PARAMETERS
--------------------------------
parameter lc1   	lc2
--------------------------------
sigma     +0.05 	+0.05
tau       +1.35 	+0.73
avg_mag   +18.71 	+18.98


Process Started on 2014-04-06 20:18:10.440019
It is now          2014-04-06 20:18:12.365575

time series is 5.00 days long
with  217 data points
The most common sample time distance is 0.01 days within the range of [0.01,0.01] days

1% done
10% done
25% done
50% done
75% done
DONE

Process Started on 2014-04-06 20:18:10.440019
It is now          2014-04-06 20:18:13.416755

BEST DELAY=-1.80164e+00

INITIAL PARAMETERS (average of lc1 and lc2)
-------------------------------------------
delay      = -1.80
delta_mag  = 0.26
avg_mag    = 18.71
tau        = 1.04
sigma      = 0.05

Optimization terminated successfully.
         Current function value: -2168.615273
         Iterations: 65
         Function evaluations: 128

INITIAL PARAMETERS (optimization of merged light curve)
-------------------------------------------------------
delay      = -1.80
delta_mag  = 0.26
avg_mag    = 18.71
tau        = 0.47
sigma      = 0.05


-------------
RUNNING EMCEE
-------------

pos
sampler
Process Started on 2014-04-06 20:18:10.440019
It is currently    2014-04-06 20:18:16.977424
burn-in sampler.run_mcmc
	Mean acceptance fraction: 0.518
	Errors based on 16th, 50th, and 84th percentile
	Param     	MC_rec	err_up	err_low
	delay     	-1.79e+00	+8.71e-03	-4.35e-02
	delta_mag 	2.65e-01	+1.92e-03	-1.67e-03
	sigma     	5.54e-02	+4.30e-03	-3.52e-03
	tau       	4.81e-01	+5.92e-02	-2.93e-02
	avg_mag   	1.87e+01	+7.81e-03	-7.70e-03
Process Started on 2014-04-06 20:18:10.440019
It is currently    2014-04-06 20:20:40.008789
sampler.run_mcmc
Process Started on 2014-04-06 20:18:10.440019
It is currently    2014-04-06 20:42:07.560308
sampler.chain
90000
Mean acceptance fraction: 0.456
Errors based on 16th, 50th, and 84th percentile
Param     	MC_rec	err_up	err_low
delay     	-1.80e+00	+1.28e-02	-3.87e-02
delta_mag 	2.65e-01	+1.83e-03	-1.77e-03
sigma     	5.04e-02	+3.79e-03	-3.49e-03
tau       	1.48e+00	+1.43e+00	-6.23e-01
avg_mag   	1.87e+01	+1.81e-02	-1.74e-02
Process Started on 2014-04-06 20:18:10.440019
It is currently    2014-04-06 20:42:18.401550
