
SIMULATION PARAMETERS
Namespace(avg_mag=19.0, delay=1.5, delta_mag=0.3, numorbits=80, outputtag='hubble_sim_r214', photometricerror=0.1, redshift=0.658, sigma=0.07, tau=121.0)

Process Started on 2014-04-06 23:36:17.493008
The output_tag for this run is: hubble_sim_r214_2014_04_06_23:36

CRUDE LIGHT CURVE PARAMETERS
----------------------------
parameter lc1   	lc2
----------------------------
sigma     +0.47 	+1.02
tau       +0.03 	+0.01
avg_mag   +19.29 	+19.64


BEGINNING LIGHT CURVE PARAMETER OPTIMIZATION

Optimization terminated successfully.
         Current function value: -550.112781
         Iterations: 53
         Function evaluations: 99
Optimization terminated successfully.
         Current function value: -481.536738
         Iterations: 57
         Function evaluations: 105

OPTIMIZED LIGHT CURVE PARAMETERS
--------------------------------
parameter lc1   	lc2
--------------------------------
sigma     +0.00 	+0.00
tau       +0.04 	+0.02
avg_mag   +19.29 	+19.64


Process Started on 2014-04-06 23:36:17.493008
It is now          2014-04-06 23:36:18.795549

time series is 5.01 days long
with  217 data points
The most common sample time distance is 0.01 days within the range of [0.01,0.01] days

1% done
10% done
25% done
50% done
75% done
DONE

Process Started on 2014-04-06 23:36:17.493008
It is now          2014-04-06 23:36:19.884594

BEST DELAY=-4.77197e-03

INITIAL PARAMETERS (average of lc1 and lc2)
-------------------------------------------
delay      = -0.00
delta_mag  = 0.35
avg_mag    = 19.29
tau        = 0.03
sigma      = 0.00

Optimization terminated successfully.
         Current function value: -1135.434070
         Iterations: 175
         Function evaluations: 314

INITIAL PARAMETERS (optimization of merged light curve)
-------------------------------------------------------
delay      = -0.00
delta_mag  = 0.35
avg_mag    = 19.30
tau        = 8.05
sigma      = 0.03


-------------
RUNNING EMCEE
-------------

pos
sampler
Process Started on 2014-04-06 23:36:17.493008
It is currently    2014-04-06 23:36:25.575154
burn-in sampler.run_mcmc
	Mean acceptance fraction: 0.584
	Errors based on 16th, 50th, and 84th percentile
	Param     	MC_rec	err_up	err_low
	delay     	6.29e-01	+7.50e-01	-5.67e-01
	delta_mag 	3.33e-01	+1.86e-02	-2.51e-02
	sigma     	4.16e-02	+1.08e-02	-9.60e-03
	tau       	8.68e+00	+2.04e+00	-8.75e-01
	avg_mag   	1.93e+01	+8.15e-02	-6.91e-02
Process Started on 2014-04-06 23:36:17.493008
It is currently    2014-04-06 23:38:51.562126
sampler.run_mcmc
Process Started on 2014-04-06 23:36:17.493008
It is currently    2014-04-06 23:55:04.808894
sampler.chain
90000
Mean acceptance fraction: 0.511
Errors based on 16th, 50th, and 84th percentile
Param     	MC_rec	err_up	err_low
delay     	1.48e+00	+1.32e-01	-1.37e-01
delta_mag 	3.04e-01	+1.00e-02	-9.98e-03
sigma     	3.97e-02	+6.96e-03	-5.94e-03
tau       	3.14e+01	+3.19e+01	-2.11e+01
avg_mag   	1.93e+01	+9.91e-02	-9.85e-02
Process Started on 2014-04-06 23:36:17.493008
It is currently    2014-04-06 23:55:11.156118
