
SIMULATION PARAMETERS
Namespace(avg_mag=19.0, delay=1.5, delta_mag=0.3, numorbits=40, outputtag='hubble_sim_r1247', photometricerror=0.1, redshift=0.658, sigma=0.07, tau=121.0)

Process Started on 2014-04-07 05:15:33.547058
The output_tag for this run is: hubble_sim_r1247_2014_04_07_05:15

CRUDE LIGHT CURVE PARAMETERS
----------------------------
parameter lc1   	lc2
----------------------------
sigma     +0.51 	+0.56
tau       +0.04 	+0.01
avg_mag   +19.57 	+19.89


BEGINNING LIGHT CURVE PARAMETER OPTIMIZATION

Optimization terminated successfully.
         Current function value: -285.403044
         Iterations: 136
         Function evaluations: 241
Optimization terminated successfully.
         Current function value: -284.234377
         Iterations: 52
         Function evaluations: 102

OPTIMIZED LIGHT CURVE PARAMETERS
--------------------------------
parameter lc1   	lc2
--------------------------------
sigma     +0.06 	+0.00
tau       +1.94 	+0.02
avg_mag   +19.57 	+19.89


Process Started on 2014-04-07 05:15:33.547058
It is now          2014-04-07 05:15:34.194884

time series is 2.51 days long
with  110 data points
The most common sample time distance is 0.01 days within the range of [0.00,0.02] days

1% done
10% done
25% done
50% done
75% done
DONE

Process Started on 2014-04-07 05:15:33.547058
It is now          2014-04-07 05:15:34.517668

BEST DELAY=1.24616e+00

INITIAL PARAMETERS (average of lc1 and lc2)
-------------------------------------------
delay      = 1.25
delta_mag  = 0.32
avg_mag    = 19.57
tau        = 0.98
sigma      = 0.03

Optimization terminated successfully.
         Current function value: -577.543215
         Iterations: 128
         Function evaluations: 230

INITIAL PARAMETERS (optimization of merged light curve)
-------------------------------------------------------
delay      = 1.25
delta_mag  = 0.32
avg_mag    = 19.55
tau        = 1.23
sigma      = 0.05


-------------
RUNNING EMCEE
-------------

pos
sampler
Process Started on 2014-04-07 05:15:33.547058
It is currently    2014-04-07 05:15:36.386555
burn-in sampler.run_mcmc
	Mean acceptance fraction: 0.582
	Errors based on 16th, 50th, and 84th percentile
	Param     	MC_rec	err_up	err_low
	delay     	1.30e+00	+1.96e-01	-1.00e-01
	delta_mag 	3.07e-01	+1.27e-02	-1.49e-02
	sigma     	5.63e-02	+1.39e-02	-9.90e-03
	tau       	1.34e+00	+5.17e-01	-2.29e-01
	avg_mag   	1.95e+01	+2.77e-02	-3.03e-02
Process Started on 2014-04-07 05:15:33.547058
It is currently    2014-04-07 05:16:22.933183
sampler.run_mcmc
Process Started on 2014-04-07 05:15:33.547058
It is currently    2014-04-07 05:22:21.799933
sampler.chain
90000
Mean acceptance fraction: 0.497
Errors based on 16th, 50th, and 84th percentile
Param     	MC_rec	err_up	err_low
delay     	1.59e+00	+4.01e-01	-2.17e-01
delta_mag 	2.96e-01	+1.55e-02	-1.82e-02
sigma     	5.18e-02	+1.13e-02	-9.15e-03
tau       	4.67e+00	+4.38e+00	-2.70e+00
avg_mag   	1.95e+01	+4.42e-02	-5.09e-02
Process Started on 2014-04-07 05:15:33.547058
It is currently    2014-04-07 05:22:28.055111
