
SIMULATION PARAMETERS
Namespace(avg_mag=19.0, delay=1.5, delta_mag=0.3, numorbits=40, outputtag='hubble_sim_r1106', photometricerror=0.05, redshift=0.658, sigma=0.07, tau=121.0)

Process Started on 2014-04-07 02:54:03.988589
The output_tag for this run is: hubble_sim_r1106_2014_04_07_02:54

CRUDE LIGHT CURVE PARAMETERS
----------------------------
parameter lc1   	lc2
----------------------------
sigma     +0.61 	+0.23
tau       +0.02 	+0.10
avg_mag   +19.27 	+19.49


BEGINNING LIGHT CURVE PARAMETER OPTIMIZATION

Optimization terminated successfully.
         Current function value: -438.314205
         Iterations: 134
         Function evaluations: 239
Optimization terminated successfully.
         Current function value: -439.616598
         Iterations: 108
         Function evaluations: 197

OPTIMIZED LIGHT CURVE PARAMETERS
--------------------------------
parameter lc1   	lc2
--------------------------------
sigma     +0.05 	+0.05
tau       +1.91 	+0.44
avg_mag   +19.26 	+19.50


Process Started on 2014-04-07 02:54:03.988589
It is now          2014-04-07 02:54:04.855044

time series is 2.51 days long
with  113 data points
The most common sample time distance is 0.01 days within the range of [0.02,0.01] days

1% done
10% done
25% done
50% done
75% done
DONE

Process Started on 2014-04-07 02:54:03.988589
It is now          2014-04-07 02:54:05.189564

BEST DELAY=4.54727e-02

INITIAL PARAMETERS (average of lc1 and lc2)
-------------------------------------------
delay      = 0.05
delta_mag  = 0.24
avg_mag    = 19.26
tau        = 1.18
sigma      = 0.05

Optimization terminated successfully.
         Current function value: -859.045353
         Iterations: 115
         Function evaluations: 206

INITIAL PARAMETERS (optimization of merged light curve)
-------------------------------------------------------
delay      = 0.05
delta_mag  = 0.24
avg_mag    = 19.26
tau        = 1.27
sigma      = 0.04


-------------
RUNNING EMCEE
-------------

pos
sampler
Process Started on 2014-04-07 02:54:03.988589
It is currently    2014-04-07 02:54:07.166837
burn-in sampler.run_mcmc
	Mean acceptance fraction: 0.567
	Errors based on 16th, 50th, and 84th percentile
	Param     	MC_rec	err_up	err_low
	delay     	2.81e-02	+7.91e-02	-2.00e-01
	delta_mag 	2.28e-01	+5.94e-03	-5.98e-03
	sigma     	4.31e-02	+1.02e-02	-7.20e-03
	tau       	1.28e+00	+1.78e-01	-1.37e-01
	avg_mag   	1.93e+01	+2.28e-02	-2.05e-02
Process Started on 2014-04-07 02:54:03.988589
It is currently    2014-04-07 02:54:55.486935
sampler.run_mcmc
Process Started on 2014-04-07 02:54:03.988589
It is currently    2014-04-07 03:01:16.931130
sampler.chain
90000
Mean acceptance fraction: 0.498
Errors based on 16th, 50th, and 84th percentile
Param     	MC_rec	err_up	err_low
delay     	-3.17e-01	+1.53e-01	-7.76e-02
delta_mag 	2.19e-01	+6.77e-03	-6.40e-03
sigma     	4.26e-02	+7.38e-03	-6.86e-03
tau       	5.33e+00	+4.65e+00	-3.17e+00
avg_mag   	1.93e+01	+3.91e-02	-4.18e-02
Process Started on 2014-04-07 02:54:03.988589
It is currently    2014-04-07 03:01:23.112513
