
SIMULATION PARAMETERS
Namespace(avg_mag=19.0, delay=1.5, delta_mag=0.3, numorbits=80, outputtag='hubble_sim_r35', photometricerror=0.02, redshift=0.658, sigma=0.07, tau=121.0)

Process Started on 2014-04-06 20:17:57.544472
The output_tag for this run is: hubble_sim_r35_2014_04_06_20:17

CRUDE LIGHT CURVE PARAMETERS
----------------------------
parameter lc1   	lc2
----------------------------
sigma     +0.35 	+0.57
tau       +0.15 	+0.02
avg_mag   +19.22 	+19.50


BEGINNING LIGHT CURVE PARAMETER OPTIMIZATION

Optimization terminated successfully.
         Current function value: -1108.860268
         Iterations: 125
         Function evaluations: 222
Optimization terminated successfully.
         Current function value: -1097.902310
         Iterations: 143
         Function evaluations: 249

OPTIMIZED LIGHT CURVE PARAMETERS
--------------------------------
parameter lc1   	lc2
--------------------------------
sigma     +0.05 	+0.05
tau       +2.76 	+3.59
avg_mag   +19.18 	+19.50


Process Started on 2014-04-06 20:17:57.544472
It is now          2014-04-06 20:17:59.248642

time series is 5.00 days long
with  211 data points
The most common sample time distance is 0.01 days within the range of [0.01,0.01] days

1% done
10% done
25% done
50% done
75% done
DONE

Process Started on 2014-04-06 20:17:57.544472
It is now          2014-04-06 20:17:59.879169

BEST DELAY=1.49885e+00

INITIAL PARAMETERS (average of lc1 and lc2)
-------------------------------------------
delay      = 1.50
delta_mag  = 0.32
avg_mag    = 19.18
tau        = 3.17
sigma      = 0.05

Optimization terminated successfully.
         Current function value: -2190.002218
         Iterations: 162
         Function evaluations: 288

INITIAL PARAMETERS (optimization of merged light curve)
-------------------------------------------------------
delay      = 1.50
delta_mag  = 0.32
avg_mag    = 19.15
tau        = 3.13
sigma      = 0.05


-------------
RUNNING EMCEE
-------------

pos
sampler
Process Started on 2014-04-06 20:17:57.544472
It is currently    2014-04-06 20:18:03.535947
burn-in sampler.run_mcmc
	Mean acceptance fraction: 0.556
	Errors based on 16th, 50th, and 84th percentile
	Param     	MC_rec	err_up	err_low
	delay     	1.50e+00	+7.16e-03	-6.52e-03
	delta_mag 	3.02e-01	+2.10e-03	-2.26e-03
	sigma     	5.45e-02	+4.27e-03	-3.74e-03
	tau       	3.11e+00	+9.07e-02	-1.20e-01
	avg_mag   	1.92e+01	+3.86e-02	-3.17e-02
Process Started on 2014-04-06 20:17:57.544472
It is currently    2014-04-06 20:20:32.751252
sampler.run_mcmc
Process Started on 2014-04-06 20:17:57.544472
It is currently    2014-04-06 20:39:46.412408
sampler.chain
90000
Mean acceptance fraction: 0.510
Errors based on 16th, 50th, and 84th percentile
Param     	MC_rec	err_up	err_low
delay     	1.50e+00	+6.16e-03	-6.08e-03
delta_mag 	3.00e-01	+1.68e-03	-1.62e-03
sigma     	5.35e-02	+3.60e-03	-3.21e-03
tau       	1.02e+01	+1.27e+01	-6.15e+00
avg_mag   	1.91e+01	+6.23e-02	-8.47e-02
Process Started on 2014-04-06 20:17:57.544472
It is currently    2014-04-06 20:39:55.123291
