
SIMULATION PARAMETERS
Namespace(avg_mag=19.0, delay=1.5, delta_mag=0.3, numorbits=40, outputtag='hubble_sim_r1201', photometricerror=0.1, redshift=0.658, sigma=0.07, tau=121.0)

Process Started on 2014-04-07 04:29:24.246836
The output_tag for this run is: hubble_sim_r1201_2014_04_07_04:29

CRUDE LIGHT CURVE PARAMETERS
----------------------------
parameter lc1   	lc2
----------------------------
sigma     +0.29 	+0.29
tau       +0.02 	+0.10
avg_mag   +19.80 	+20.07


BEGINNING LIGHT CURVE PARAMETER OPTIMIZATION

Optimization terminated successfully.
         Current function value: -305.501948
         Iterations: 52
         Function evaluations: 97
Optimization terminated successfully.
         Current function value: -298.450211
         Iterations: 123
         Function evaluations: 222

OPTIMIZED LIGHT CURVE PARAMETERS
--------------------------------
parameter lc1   	lc2
--------------------------------
sigma     +0.00 	+0.04
tau       +0.02 	+0.70
avg_mag   +19.80 	+20.07


Process Started on 2014-04-07 04:29:24.246836
It is now          2014-04-07 04:29:24.889043

time series is 2.51 days long
with  113 data points
The most common sample time distance is 0.01 days within the range of [0.02,0.01] days

1% done
10% done
25% done
50% done
75% done
DONE

Process Started on 2014-04-07 04:29:24.246836
It is now          2014-04-07 04:29:25.234178

BEST DELAY=1.24393e+00

INITIAL PARAMETERS (average of lc1 and lc2)
-------------------------------------------
delay      = 1.24
delta_mag  = 0.27
avg_mag    = 19.80
tau        = 0.36
sigma      = 0.02

Optimization terminated successfully.
         Current function value: -603.128556
         Iterations: 110
         Function evaluations: 202

INITIAL PARAMETERS (optimization of merged light curve)
-------------------------------------------------------
delay      = 1.24
delta_mag  = 0.27
avg_mag    = 19.80
tau        = 0.52
sigma      = 0.03


-------------
RUNNING EMCEE
-------------

pos
sampler
Process Started on 2014-04-07 04:29:24.246836
It is currently    2014-04-07 04:29:27.045888
burn-in sampler.run_mcmc
	Mean acceptance fraction: 0.575
	Errors based on 16th, 50th, and 84th percentile
	Param     	MC_rec	err_up	err_low
	delay     	1.31e+00	+2.47e-01	-2.24e-01
	delta_mag 	2.74e-01	+1.38e-02	-1.24e-02
	sigma     	3.12e-02	+1.40e-02	-1.69e-02
	tau       	5.17e-01	+1.36e-01	-1.18e-01
	avg_mag   	1.98e+01	+1.08e-02	-1.23e-02
Process Started on 2014-04-07 04:29:24.246836
It is currently    2014-04-07 04:30:12.204235
sampler.run_mcmc
Process Started on 2014-04-07 04:29:24.246836
It is currently    2014-04-07 04:35:44.708419
sampler.chain
90000
Mean acceptance fraction: 0.468
Errors based on 16th, 50th, and 84th percentile
Param     	MC_rec	err_up	err_low
delay     	1.45e+00	+5.19e-01	-4.88e-01
delta_mag 	2.77e-01	+1.44e-02	-1.22e-02
sigma     	2.29e-02	+1.39e-02	-1.25e-02
tau       	1.78e+00	+2.10e+00	-1.18e+00
avg_mag   	1.98e+01	+1.18e-02	-1.60e-02
Process Started on 2014-04-07 04:29:24.246836
It is currently    2014-04-07 04:35:51.051602
