
SIMULATION PARAMETERS
Namespace(avg_mag=19.0, delay=1.5, delta_mag=0.3, numorbits=80, outputtag='hubble_sim_r108', photometricerror=0.05, redshift=0.658, sigma=0.07, tau=121.0)

Process Started on 2014-04-06 21:43:41.371426
The output_tag for this run is: hubble_sim_r108_2014_04_06_21:43

CRUDE LIGHT CURVE PARAMETERS
----------------------------
parameter lc1   	lc2
----------------------------
sigma     +0.42 	+1.87
tau       +0.07 	+0.00
avg_mag   +18.41 	+18.68


BEGINNING LIGHT CURVE PARAMETER OPTIMIZATION

Optimization terminated successfully.
         Current function value: -837.206926
         Iterations: 132
         Function evaluations: 238
Optimization terminated successfully.
         Current function value: -723.445233
         Iterations: 65
         Function evaluations: 116

OPTIMIZED LIGHT CURVE PARAMETERS
--------------------------------
parameter lc1   	lc2
--------------------------------
sigma     +0.04 	+0.00
tau       +2.76 	+0.00
avg_mag   +18.41 	+18.68


Process Started on 2014-04-06 21:43:41.371426
It is now          2014-04-06 21:43:43.660607

time series is 5.01 days long
with  215 data points
The most common sample time distance is 0.01 days within the range of [0.01,0.01] days

1% done
10% done
25% done
50% done
75% done
DONE

Process Started on 2014-04-06 21:43:41.371426
It is now          2014-04-06 21:43:44.720714

BEST DELAY=1.29349e+00

INITIAL PARAMETERS (average of lc1 and lc2)
-------------------------------------------
delay      = 1.29
delta_mag  = 0.28
avg_mag    = 18.41
tau        = 1.38
sigma      = 0.02

Optimization terminated successfully.
         Current function value: -1683.143376
         Iterations: 111
         Function evaluations: 200

INITIAL PARAMETERS (optimization of merged light curve)
-------------------------------------------------------
delay      = 1.29
delta_mag  = 0.28
avg_mag    = 18.41
tau        = 2.60
sigma      = 0.04


-------------
RUNNING EMCEE
-------------

pos
sampler
Process Started on 2014-04-06 21:43:41.371426
It is currently    2014-04-06 21:43:49.048773
burn-in sampler.run_mcmc
	Mean acceptance fraction: 0.581
	Errors based on 16th, 50th, and 84th percentile
	Param     	MC_rec	err_up	err_low
	delay     	1.41e+00	+7.88e-02	-8.54e-02
	delta_mag 	2.97e-01	+6.34e-03	-6.45e-03
	sigma     	3.92e-02	+5.80e-03	-4.81e-03
	tau       	2.61e+00	+1.20e-01	-1.03e-01
	avg_mag   	1.84e+01	+2.51e-02	-2.57e-02
Process Started on 2014-04-06 21:43:41.371426
It is currently    2014-04-06 21:46:19.630165
sampler.run_mcmc
Process Started on 2014-04-06 21:43:41.371426
It is currently    2014-04-06 22:00:07.554894
sampler.chain
90000
Mean acceptance fraction: 0.513
Errors based on 16th, 50th, and 84th percentile
Param     	MC_rec	err_up	err_low
delay     	1.49e+00	+4.34e-02	-4.56e-02
delta_mag 	3.00e-01	+4.38e-03	-4.48e-03
sigma     	3.72e-02	+4.85e-03	-4.11e-03
tau       	8.97e+00	+1.00e+01	-5.40e+00
avg_mag   	1.84e+01	+4.61e-02	-4.83e-02
Process Started on 2014-04-06 21:43:41.371426
It is currently    2014-04-06 22:00:18.087955
