
SIMULATION PARAMETERS
Namespace(avg_mag=19.0, delay=1.5, delta_mag=0.3, numorbits=40, outputtag='hubble_sim_r1130', photometricerror=0.05, redshift=0.658, sigma=0.07, tau=121.0)

Process Started on 2014-04-07 03:18:09.014615
The output_tag for this run is: hubble_sim_r1130_2014_04_07_03:18

CRUDE LIGHT CURVE PARAMETERS
----------------------------
parameter lc1   	lc2
----------------------------
sigma     +0.37 	+0.73
tau       +0.12 	+0.02
avg_mag   +19.95 	+20.14


BEGINNING LIGHT CURVE PARAMETER OPTIMIZATION

Optimization terminated successfully.
         Current function value: -436.390620
         Iterations: 136
         Function evaluations: 240
Optimization terminated successfully.
         Current function value: -431.124842
         Iterations: 145
         Function evaluations: 265

OPTIMIZED LIGHT CURVE PARAMETERS
--------------------------------
parameter lc1   	lc2
--------------------------------
sigma     +0.05 	+0.06
tau       +1.76 	+5.57
avg_mag   +19.95 	+20.14


Process Started on 2014-04-07 03:18:09.014615
It is now          2014-04-07 03:18:09.984146

time series is 2.50 days long
with  113 data points
