
SIMULATION PARAMETERS
Namespace(avg_mag=19.0, delay=1.5, delta_mag=0.3, numorbits=40, outputtag='hubble_sim_r1042', photometricerror=0.02, redshift=0.658, sigma=0.07, tau=121.0)

Process Started on 2014-04-07 01:49:50.391816
The output_tag for this run is: hubble_sim_r1042_2014_04_07_01:49

CRUDE LIGHT CURVE PARAMETERS
----------------------------
parameter lc1   	lc2
----------------------------
sigma     +0.42 	+0.54
tau       +0.02 	+0.01
avg_mag   +19.50 	+19.82


BEGINNING LIGHT CURVE PARAMETER OPTIMIZATION

Optimization terminated successfully.
         Current function value: -590.929893
         Iterations: 134
         Function evaluations: 238
Optimization terminated successfully.
         Current function value: -591.865806
         Iterations: 143
         Function evaluations: 253

OPTIMIZED LIGHT CURVE PARAMETERS
--------------------------------
parameter lc1   	lc2
--------------------------------
sigma     +0.04 	+0.04
tau       +2.40 	+1.01
avg_mag   +19.51 	+19.81


Process Started on 2014-04-07 01:49:50.391816
It is now          2014-04-07 01:49:51.296915

time series is 2.51 days long
with  110 data points
The most common sample time distance is 0.01 days within the range of [0.02,0.01] days

1% done
10% done
25% done
50% done
75% done
DONE

Process Started on 2014-04-07 01:49:50.391816
It is now          2014-04-07 01:49:51.620087

BEST DELAY=1.24540e+00

INITIAL PARAMETERS (average of lc1 and lc2)
-------------------------------------------
delay      = 1.25
delta_mag  = 0.30
avg_mag    = 19.51
tau        = 1.71
sigma      = 0.04

Optimization terminated successfully.
         Current function value: -1164.616229
         Iterations: 131
         Function evaluations: 230

INITIAL PARAMETERS (optimization of merged light curve)
-------------------------------------------------------
delay      = 1.25
delta_mag  = 0.30
avg_mag    = 19.50
tau        = 1.29
sigma      = 0.04


-------------
RUNNING EMCEE
-------------

pos
sampler
Process Started on 2014-04-07 01:49:50.391816
It is currently    2014-04-07 01:49:53.439441
burn-in sampler.run_mcmc
	Mean acceptance fraction: 0.551
	Errors based on 16th, 50th, and 84th percentile
	Param     	MC_rec	err_up	err_low
	delay     	1.37e+00	+1.03e-01	-8.39e-02
	delta_mag 	3.09e-01	+5.41e-03	-9.05e-03
	sigma     	4.03e-02	+4.84e-03	-4.23e-03
	tau       	1.42e+00	+3.45e-01	-1.51e-01
	avg_mag   	1.95e+01	+1.78e-02	-1.85e-02
Process Started on 2014-04-07 01:49:50.391816
It is currently    2014-04-07 01:50:39.299098
sampler.run_mcmc
Process Started on 2014-04-07 01:49:50.391816
It is currently    2014-04-07 01:56:47.951907
sampler.chain
90000
Mean acceptance fraction: 0.507
Errors based on 16th, 50th, and 84th percentile
Param     	MC_rec	err_up	err_low
delay     	1.49e+00	+2.35e-02	-2.83e-02
delta_mag 	3.01e-01	+3.75e-03	-3.75e-03
sigma     	3.87e-02	+4.02e-03	-3.59e-03
tau       	3.97e+00	+5.12e+00	-2.34e+00
avg_mag   	1.95e+01	+2.88e-02	-3.18e-02
Process Started on 2014-04-07 01:49:50.391816
It is currently    2014-04-07 01:56:54.129696
