
SIMULATION PARAMETERS
Namespace(avg_mag=19.0, delay=1.5, delta_mag=0.3, numorbits=40, outputtag='hubble_sim_r1188', photometricerror=0.05, redshift=0.658, sigma=0.07, tau=121.0)

Process Started on 2014-04-07 04:16:21.354541
The output_tag for this run is: hubble_sim_r1188_2014_04_07_04:16

CRUDE LIGHT CURVE PARAMETERS
----------------------------
parameter lc1   	lc2
----------------------------
sigma     +0.19 	+0.18
tau       +0.74 	+0.86
avg_mag   +18.92 	+19.19


BEGINNING LIGHT CURVE PARAMETER OPTIMIZATION

Optimization terminated successfully.
         Current function value: -414.806904
         Iterations: 108
         Function evaluations: 192
Optimization terminated successfully.
         Current function value: -417.940557
         Iterations: 110
         Function evaluations: 196

OPTIMIZED LIGHT CURVE PARAMETERS
--------------------------------
parameter lc1   	lc2
--------------------------------
sigma     +0.05 	+0.04
tau       +0.35 	+0.38
avg_mag   +18.91 	+19.19


Process Started on 2014-04-07 04:16:21.354541
It is now          2014-04-07 04:16:22.080592

time series is 2.50 days long
with  107 data points
The most common sample time distance is 0.01 days within the range of [0.02,0.01] days

1% done
10% done
25% done
50% done
75% done
DONE

Process Started on 2014-04-07 04:16:21.354541
It is now          2014-04-07 04:16:22.406771

BEST DELAY=4.85391e-02

INITIAL PARAMETERS (average of lc1 and lc2)
-------------------------------------------
delay      = 0.05
delta_mag  = 0.28
avg_mag    = 18.91
tau        = 0.37
sigma      = 0.05

Optimization terminated successfully.
         Current function value: -831.910936
         Iterations: 95
         Function evaluations: 168

INITIAL PARAMETERS (optimization of merged light curve)
-------------------------------------------------------
delay      = 0.05
delta_mag  = 0.28
avg_mag    = 18.91
tau        = 0.35
sigma      = 0.04


-------------
RUNNING EMCEE
-------------

pos
sampler
Process Started on 2014-04-07 04:16:21.354541
It is currently    2014-04-07 04:16:24.052018
burn-in sampler.run_mcmc
	Mean acceptance fraction: 0.570
	Errors based on 16th, 50th, and 84th percentile
	Param     	MC_rec	err_up	err_low
	delay     	5.87e-02	+1.48e-01	-7.50e-02
	delta_mag 	2.74e-01	+4.97e-03	-6.37e-03
	sigma     	4.18e-02	+1.06e-02	-9.53e-03
	tau       	3.65e-01	+1.36e-01	-7.77e-02
	avg_mag   	1.89e+01	+8.67e-03	-7.84e-03
Process Started on 2014-04-07 04:16:21.354541
It is currently    2014-04-07 04:17:08.942357
sampler.run_mcmc
Process Started on 2014-04-07 04:16:21.354541
It is currently    2014-04-07 04:22:58.313921
sampler.chain
90000
Mean acceptance fraction: 0.447
Errors based on 16th, 50th, and 84th percentile
Param     	MC_rec	err_up	err_low
delay     	5.13e-01	+1.86e-01	-4.03e-01
delta_mag 	2.71e-01	+6.00e-03	-5.59e-03
sigma     	3.75e-02	+9.13e-03	-7.78e-03
tau       	9.83e-01	+1.36e+00	-5.31e-01
avg_mag   	1.89e+01	+1.40e-02	-1.20e-02
Process Started on 2014-04-07 04:16:21.354541
It is currently    2014-04-07 04:23:04.499195
