
SIMULATION PARAMETERS
Namespace(avg_mag=19.0, delay=1.5, delta_mag=0.3, numorbits=40, outputtag='hubble_sim_r1256', photometricerror=0.1, redshift=0.658, sigma=0.07, tau=121.0)

Process Started on 2014-04-07 05:24:35.603002
The output_tag for this run is: hubble_sim_r1256_2014_04_07_05:24

CRUDE LIGHT CURVE PARAMETERS
----------------------------
parameter lc1   	lc2
----------------------------
sigma     +0.27 	+0.42
tau       +0.12 	+0.37
avg_mag   +19.52 	+19.82


BEGINNING LIGHT CURVE PARAMETER OPTIMIZATION

Optimization terminated successfully.
         Current function value: -312.473250
         Iterations: 122
         Function evaluations: 222
Optimization terminated successfully.
         Current function value: -303.560142
         Iterations: 101
         Function evaluations: 181

OPTIMIZED LIGHT CURVE PARAMETERS
--------------------------------
parameter lc1   	lc2
--------------------------------
sigma     +0.04 	+0.08
tau       +0.55 	+0.85
avg_mag   +19.51 	+19.84


Process Started on 2014-04-07 05:24:35.603002
It is now          2014-04-07 05:24:36.410223

time series is 2.51 days long
with  118 data points
The most common sample time distance is 0.01 days within the range of [0.01,0.03] days

1% done
10% done
25% done
50% done
75% done
DONE

Process Started on 2014-04-07 05:24:35.603002
It is now          2014-04-07 05:24:36.734213

BEST DELAY=-1.25422e+00

INITIAL PARAMETERS (average of lc1 and lc2)
-------------------------------------------
delay      = -1.25
delta_mag  = 0.33
avg_mag    = 19.51
tau        = 0.70
sigma      = 0.06

Optimization terminated successfully.
         Current function value: -616.713586
         Iterations: 102
         Function evaluations: 185

INITIAL PARAMETERS (optimization of merged light curve)
-------------------------------------------------------
delay      = -1.25
delta_mag  = 0.33
avg_mag    = 19.50
tau        = 0.82
sigma      = 0.06


-------------
RUNNING EMCEE
-------------

pos
sampler
Process Started on 2014-04-07 05:24:35.603002
It is currently    2014-04-07 05:24:38.505937
burn-in sampler.run_mcmc
	Mean acceptance fraction: 0.580
	Errors based on 16th, 50th, and 84th percentile
	Param     	MC_rec	err_up	err_low
	delay     	-1.25e+00	+1.73e-01	-1.43e-01
	delta_mag 	3.31e-01	+1.71e-02	-1.70e-02
	sigma     	6.36e-02	+1.51e-02	-1.26e-02
	tau       	8.35e-01	+2.57e-01	-1.75e-01
	avg_mag   	1.95e+01	+1.98e-02	-2.19e-02
Process Started on 2014-04-07 05:24:35.603002
It is currently    2014-04-07 05:25:27.616273
sampler.run_mcmc
Process Started on 2014-04-07 05:24:35.603002
It is currently    2014-04-07 05:31:49.552595
sampler.chain
90000
Mean acceptance fraction: 0.491
Errors based on 16th, 50th, and 84th percentile
Param     	MC_rec	err_up	err_low
delay     	-1.47e+00	+3.86e-01	-3.52e-01
delta_mag 	3.52e-01	+3.78e-02	-3.01e-02
sigma     	6.07e-02	+1.20e-02	-1.06e-02
tau       	2.74e+00	+3.21e+00	-1.56e+00
avg_mag   	1.95e+01	+3.86e-02	-4.60e-02
Process Started on 2014-04-07 05:24:35.603002
It is currently    2014-04-07 05:31:55.741158
