
SIMULATION PARAMETERS
Namespace(avg_mag=19.0, delay=1.5, delta_mag=0.3, numorbits=40, outputtag='hubble_sim_r1249', photometricerror=0.1, redshift=0.658, sigma=0.07, tau=121.0)

Process Started on 2014-04-07 05:17:34.022525
The output_tag for this run is: hubble_sim_r1249_2014_04_07_05:17

CRUDE LIGHT CURVE PARAMETERS
----------------------------
parameter lc1   	lc2
----------------------------
sigma     +0.58 	+0.60
tau       +0.03 	+0.03
avg_mag   +18.74 	+19.02


BEGINNING LIGHT CURVE PARAMETER OPTIMIZATION

Optimization terminated successfully.
         Current function value: -288.665723
         Iterations: 117
         Function evaluations: 208
Optimization terminated successfully.
         Current function value: -290.261467
         Iterations: 151
         Function evaluations: 268

OPTIMIZED LIGHT CURVE PARAMETERS
--------------------------------
parameter lc1   	lc2
--------------------------------
sigma     +0.07 	+0.06
tau       +1.34 	+3.38
avg_mag   +18.72 	+19.01


Process Started on 2014-04-07 05:17:34.022525
It is now          2014-04-07 05:17:34.927428

time series is 2.50 days long
with  112 data points
The most common sample time distance is 0.01 days within the range of [0.00,0.02] days

1% done
10% done
25% done
50% done
75% done
DONE

Process Started on 2014-04-07 05:17:34.022525
It is now          2014-04-07 05:17:35.249884

BEST DELAY=1.24807e+00

INITIAL PARAMETERS (average of lc1 and lc2)
-------------------------------------------
delay      = 1.25
delta_mag  = 0.29
avg_mag    = 18.72
tau        = 2.36
sigma      = 0.06

Optimization terminated successfully.
         Current function value: -583.865104
         Iterations: 132
         Function evaluations: 238

INITIAL PARAMETERS (optimization of merged light curve)
-------------------------------------------------------
delay      = 1.25
delta_mag  = 0.29
avg_mag    = 18.68
tau        = 1.77
sigma      = 0.07


-------------
RUNNING EMCEE
-------------

pos
sampler
Process Started on 2014-04-07 05:17:34.022525
It is currently    2014-04-07 05:17:37.297001
burn-in sampler.run_mcmc
	Mean acceptance fraction: 0.591
	Errors based on 16th, 50th, and 84th percentile
	Param     	MC_rec	err_up	err_low
	delay     	1.30e+00	+1.93e-01	-1.11e-01
	delta_mag 	2.88e-01	+1.91e-02	-1.70e-02
	sigma     	6.88e-02	+1.43e-02	-1.10e-02
	tau       	1.76e+00	+3.04e-01	-2.53e-01
	avg_mag   	1.87e+01	+3.40e-02	-4.33e-02
Process Started on 2014-04-07 05:17:34.022525
It is currently    2014-04-07 05:18:24.056672
sampler.run_mcmc
Process Started on 2014-04-07 05:17:34.022525
It is currently    2014-04-07 05:24:21.998782
sampler.chain
90000
Mean acceptance fraction: 0.498
Errors based on 16th, 50th, and 84th percentile
Param     	MC_rec	err_up	err_low
delay     	1.49e+00	+3.60e-01	-2.32e-01
delta_mag 	2.97e-01	+2.30e-02	-1.76e-02
sigma     	6.53e-02	+1.16e-02	-9.96e-03
tau       	6.47e+00	+6.80e+00	-3.91e+00
avg_mag   	1.87e+01	+6.32e-02	-7.75e-02
Process Started on 2014-04-07 05:17:34.022525
It is currently    2014-04-07 05:24:28.310784
