
SIMULATION PARAMETERS
Namespace(avg_mag=19.0, delay=1.5, delta_mag=0.3, numorbits=80, outputtag='hubble_sim_r37', photometricerror=0.02, redshift=0.658, sigma=0.07, tau=121.0)

Process Started on 2014-04-06 20:18:20.583897
The output_tag for this run is: hubble_sim_r37_2014_04_06_20:18

CRUDE LIGHT CURVE PARAMETERS
----------------------------
parameter lc1   	lc2
----------------------------
sigma     +1.45 	+0.58
tau       +0.00 	+0.06
avg_mag   +18.88 	+19.13


BEGINNING LIGHT CURVE PARAMETER OPTIMIZATION

Optimization terminated successfully.
         Current function value: -1133.414874
         Iterations: 154
         Function evaluations: 267
Optimization terminated successfully.
         Current function value: -1133.225061
         Iterations: 126
         Function evaluations: 229

OPTIMIZED LIGHT CURVE PARAMETERS
--------------------------------
parameter lc1   	lc2
--------------------------------
sigma     +0.05 	+0.05
tau       +5.30 	+3.75
avg_mag   +18.85 	+19.17


Process Started on 2014-04-06 20:18:20.583897
It is now          2014-04-06 20:18:23.814243

time series is 5.01 days long
with  216 data points
The most common sample time distance is 0.01 days within the range of [0.01,0.01] days

1% done
10% done
25% done
50% done
75% done
DONE

Process Started on 2014-04-06 20:18:20.583897
It is now          2014-04-06 20:18:24.899071

BEST DELAY=1.59405e+00

INITIAL PARAMETERS (average of lc1 and lc2)
-------------------------------------------
delay      = 1.59
delta_mag  = 0.32
avg_mag    = 18.85
tau        = 4.53
sigma      = 0.05

Optimization terminated successfully.
         Current function value: -2231.891581
         Iterations: 144
         Function evaluations: 253

INITIAL PARAMETERS (optimization of merged light curve)
-------------------------------------------------------
delay      = 1.59
delta_mag  = 0.32
avg_mag    = 18.86
tau        = 4.65
sigma      = 0.05


-------------
RUNNING EMCEE
-------------

pos
sampler
Process Started on 2014-04-06 20:18:20.583897
It is currently    2014-04-06 20:18:29.939491
burn-in sampler.run_mcmc
	Mean acceptance fraction: 0.539
	Errors based on 16th, 50th, and 84th percentile
	Param     	MC_rec	err_up	err_low
	delay     	1.51e+00	+1.69e-02	-8.80e-03
	delta_mag 	3.00e-01	+2.55e-03	-2.27e-03
	sigma     	5.35e-02	+4.76e-03	-4.69e-03
	tau       	4.71e+00	+8.38e-02	-9.37e-02
	avg_mag   	1.89e+01	+4.57e-02	-4.56e-02
Process Started on 2014-04-06 20:18:20.583897
It is currently    2014-04-06 20:21:01.319768
sampler.run_mcmc
Process Started on 2014-04-06 20:18:20.583897
It is currently    2014-04-06 20:39:09.254625
sampler.chain
90000
Mean acceptance fraction: 0.505
Errors based on 16th, 50th, and 84th percentile
Param     	MC_rec	err_up	err_low
delay     	1.50e+00	+6.56e-03	-6.33e-03
delta_mag 	3.00e-01	+1.74e-03	-1.65e-03
sigma     	5.02e-02	+3.36e-03	-3.07e-03
tau       	1.46e+01	+1.91e+01	-9.48e+00
avg_mag   	1.89e+01	+8.67e-02	-7.69e-02
Process Started on 2014-04-06 20:18:20.583897
It is currently    2014-04-06 20:39:15.984679
