
SIMULATION PARAMETERS
Namespace(avg_mag=19.0, delay=1.5, delta_mag=0.3, numorbits=80, outputtag='hubble_sim_r100', photometricerror=0.05, redshift=0.658, sigma=0.07, tau=121.0)

Process Started on 2014-04-06 21:26:36.544653
The output_tag for this run is: hubble_sim_r100_2014_04_06_21:26

CRUDE LIGHT CURVE PARAMETERS
----------------------------
parameter lc1   	lc2
----------------------------
sigma     +0.33 	+0.28
tau       +0.07 	+0.21
avg_mag   +18.03 	+18.34


BEGINNING LIGHT CURVE PARAMETER OPTIMIZATION

Optimization terminated successfully.
         Current function value: -817.109356
         Iterations: 135
         Function evaluations: 240
Optimization terminated successfully.
         Current function value: -808.412057
         Iterations: 101
         Function evaluations: 180

OPTIMIZED LIGHT CURVE PARAMETERS
--------------------------------
parameter lc1   	lc2
--------------------------------
sigma     +0.04 	+0.06
tau       +2.12 	+0.71
avg_mag   +18.03 	+18.34


Process Started on 2014-04-06 21:26:36.544653
It is now          2014-04-06 21:26:39.206787

time series is 5.01 days long
with  210 data points
The most common sample time distance is 0.01 days within the range of [0.01,0.01] days

1% done
10% done
25% done
50% done
75% done
DONE

Process Started on 2014-04-06 21:26:36.544653
It is now          2014-04-06 21:26:40.279549

BEST DELAY=1.49297e+00

INITIAL PARAMETERS (average of lc1 and lc2)
-------------------------------------------
delay      = 1.49
delta_mag  = 0.32
avg_mag    = 18.03
tau        = 1.41
sigma      = 0.05

Optimization terminated successfully.
         Current function value: -1634.956626
         Iterations: 111
         Function evaluations: 204

INITIAL PARAMETERS (optimization of merged light curve)
-------------------------------------------------------
delay      = 1.49
delta_mag  = 0.32
avg_mag    = 18.02
tau        = 1.10
sigma      = 0.06


-------------
RUNNING EMCEE
-------------

pos
sampler
Process Started on 2014-04-06 21:26:36.544653
It is currently    2014-04-06 21:26:44.709017
burn-in sampler.run_mcmc
	Mean acceptance fraction: 0.580
	Errors based on 16th, 50th, and 84th percentile
	Param     	MC_rec	err_up	err_low
	delay     	1.50e+00	+3.35e-02	-3.06e-02
	delta_mag 	2.99e-01	+4.82e-03	-4.62e-03
	sigma     	5.59e-02	+5.38e-03	-5.44e-03
	tau       	1.15e+00	+2.53e-01	-1.83e-01
	avg_mag   	1.80e+01	+1.89e-02	-1.69e-02
Process Started on 2014-04-06 21:26:36.544653
It is currently    2014-04-06 21:29:14.792135
sampler.run_mcmc
Process Started on 2014-04-06 21:26:36.544653
It is currently    2014-04-06 21:48:35.694357
sampler.chain
90000
Mean acceptance fraction: 0.509
Errors based on 16th, 50th, and 84th percentile
Param     	MC_rec	err_up	err_low
delay     	1.51e+00	+3.42e-02	-3.15e-02
delta_mag 	2.99e-01	+4.07e-03	-4.08e-03
sigma     	5.35e-02	+5.31e-03	-4.95e-03
tau       	3.65e+00	+4.34e+00	-2.03e+00
avg_mag   	1.80e+01	+3.51e-02	-3.83e-02
Process Started on 2014-04-06 21:26:36.544653
It is currently    2014-04-06 21:48:42.204849
