
SIMULATION PARAMETERS
Namespace(avg_mag=19.0, delay=1.5, delta_mag=0.3, numorbits=40, outputtag='hubble_sim_r1010', photometricerror=0.02, redshift=0.658, sigma=0.07, tau=121.0)

Process Started on 2014-04-07 01:17:45.151182
The output_tag for this run is: hubble_sim_r1010_2014_04_07_01:17

CRUDE LIGHT CURVE PARAMETERS
----------------------------
parameter lc1   	lc2
----------------------------
sigma     +0.33 	+0.94
tau       +0.07 	+0.01
avg_mag   +18.78 	+19.11


BEGINNING LIGHT CURVE PARAMETER OPTIMIZATION

Optimization terminated successfully.
         Current function value: -596.429764
         Iterations: 126
         Function evaluations: 222
Optimization terminated successfully.
         Current function value: -592.593339
         Iterations: 141
         Function evaluations: 252

OPTIMIZED LIGHT CURVE PARAMETERS
--------------------------------
parameter lc1   	lc2
--------------------------------
sigma     +0.05 	+0.05
tau       +1.76 	+2.16
avg_mag   +18.81 	+19.06


Process Started on 2014-04-07 01:17:45.151182
It is now          2014-04-07 01:17:46.750379

time series is 2.51 days long
with  113 data points
The most common sample time distance is 0.01 days within the range of [0.02,0.01] days

1% done
10% done
25% done
50% done
75% done
DONE

Process Started on 2014-04-07 01:17:45.151182
It is now          2014-04-07 01:17:47.300841

BEST DELAY=1.24406e+00

INITIAL PARAMETERS (average of lc1 and lc2)
-------------------------------------------
delay      = 1.24
delta_mag  = 0.25
avg_mag    = 18.81
tau        = 1.96
sigma      = 0.05

Optimization terminated successfully.
         Current function value: -747.183692
         Iterations: 133
         Function evaluations: 236

INITIAL PARAMETERS (optimization of merged light curve)
-------------------------------------------------------
delay      = 1.24
delta_mag  = 0.25
avg_mag    = 18.80
tau        = 1.62
sigma      = 0.05


-------------
RUNNING EMCEE
-------------

pos
sampler
Process Started on 2014-04-07 01:17:45.151182
It is currently    2014-04-07 01:17:50.601081
burn-in sampler.run_mcmc
	Mean acceptance fraction: 0.421
	Errors based on 16th, 50th, and 84th percentile
	Param     	MC_rec	err_up	err_low
	delay     	1.38e+00	+1.23e-01	-2.53e-01
	delta_mag 	3.07e-01	+2.92e-02	-1.32e-02
	sigma     	6.05e-02	+1.26e-02	-1.03e-02
	tau       	1.67e+00	+8.41e-02	-7.98e-02
	avg_mag   	1.88e+01	+6.51e-02	-4.92e-02
Process Started on 2014-04-07 01:17:45.151182
It is currently    2014-04-07 01:19:14.332053
sampler.run_mcmc
Process Started on 2014-04-07 01:17:45.151182
It is currently    2014-04-07 01:25:54.483383
sampler.chain
90000
Mean acceptance fraction: 0.374
Errors based on 16th, 50th, and 84th percentile
Param     	MC_rec	err_up	err_low
delay     	1.15e+00	+3.48e-01	-2.27e-02
delta_mag 	3.38e-01	+3.55e-03	-3.47e-02
sigma     	4.91e-02	+4.40e-03	-4.13e-03
tau       	6.37e+00	+6.13e+00	-3.87e+00
avg_mag   	1.88e+01	+5.71e-02	-5.91e-02
Process Started on 2014-04-07 01:17:45.151182
It is currently    2014-04-07 01:26:00.960755
