
SIMULATION PARAMETERS
Namespace(avg_mag=19.0, delay=1.5, delta_mag=0.3, numorbits=80, outputtag='hubble_sim_r14', photometricerror=0.02, redshift=0.658, sigma=0.07, tau=121.0)

Process Started on 2014-04-06 19:55:05.265566
The output_tag for this run is: hubble_sim_r14_2014_04_06_19:55

CRUDE LIGHT CURVE PARAMETERS
----------------------------
parameter lc1   	lc2
----------------------------
sigma     +0.37 	+0.79
tau       +0.26 	+0.01
avg_mag   +18.83 	+19.17


BEGINNING LIGHT CURVE PARAMETER OPTIMIZATION

Optimization terminated successfully.
         Current function value: -1110.214551
         Iterations: 124
         Function evaluations: 216
Optimization terminated successfully.
         Current function value: -1122.088359
         Iterations: 151
         Function evaluations: 266

OPTIMIZED LIGHT CURVE PARAMETERS
--------------------------------
parameter lc1   	lc2
--------------------------------
sigma     +0.05 	+0.05
tau       +2.42 	+4.17
avg_mag   +18.86 	+19.14


Process Started on 2014-04-06 19:55:05.265566
It is now          2014-04-06 19:55:08.045568

time series is 5.01 days long
with  213 data points
The most common sample time distance is 0.01 days within the range of [0.01,0.01] days

1% done
10% done
25% done
50% done
75% done
DONE

Process Started on 2014-04-06 19:55:05.265566
It is now          2014-04-06 19:55:09.031662

BEST DELAY=1.59275e+00

INITIAL PARAMETERS (average of lc1 and lc2)
-------------------------------------------
delay      = 1.59
delta_mag  = 0.27
avg_mag    = 18.86
tau        = 3.30
sigma      = 0.05

Optimization terminated successfully.
         Current function value: -2163.887536
         Iterations: 168
         Function evaluations: 298

INITIAL PARAMETERS (optimization of merged light curve)
-------------------------------------------------------
delay      = 1.59
delta_mag  = 0.27
avg_mag    = 18.88
tau        = 2.99
sigma      = 0.05


-------------
RUNNING EMCEE
-------------

pos
sampler
Process Started on 2014-04-06 19:55:05.265566
It is currently    2014-04-06 19:55:13.221004
burn-in sampler.run_mcmc
	Mean acceptance fraction: 0.528
	Errors based on 16th, 50th, and 84th percentile
	Param     	MC_rec	err_up	err_low
	delay     	1.51e+00	+2.02e-02	-9.53e-03
	delta_mag 	2.98e-01	+2.46e-03	-3.04e-03
	sigma     	5.34e-02	+4.26e-03	-3.99e-03
	tau       	2.99e+00	+9.89e-02	-8.94e-02
	avg_mag   	1.89e+01	+3.50e-02	-3.64e-02
Process Started on 2014-04-06 19:55:05.265566
It is currently    2014-04-06 19:57:41.049317
sampler.run_mcmc
Process Started on 2014-04-06 19:55:05.265566
It is currently    2014-04-06 20:17:18.214729
sampler.chain
90000
Mean acceptance fraction: 0.505
Errors based on 16th, 50th, and 84th percentile
Param     	MC_rec	err_up	err_low
delay     	1.50e+00	+6.43e-03	-6.95e-03
delta_mag 	2.99e-01	+1.62e-03	-1.74e-03
sigma     	5.22e-02	+3.46e-03	-3.26e-03
tau       	7.63e+00	+1.22e+01	-4.60e+00
avg_mag   	1.89e+01	+6.35e-02	-5.58e-02
Process Started on 2014-04-06 19:55:05.265566
It is currently    2014-04-06 20:17:28.923350
