
SIMULATION PARAMETERS
Namespace(avg_mag=19.0, delay=1.5, delta_mag=0.3, numorbits=80, outputtag='hubble_sim_r208', photometricerror=0.1, redshift=0.658, sigma=0.07, tau=121.0)

Process Started on 2014-04-06 23:29:12.947527
The output_tag for this run is: hubble_sim_r208_2014_04_06_23:29

CRUDE LIGHT CURVE PARAMETERS
----------------------------
parameter lc1   	lc2
----------------------------
sigma     +2.15 	+1.32
tau       +0.00 	+0.01
avg_mag   +19.96 	+20.22


BEGINNING LIGHT CURVE PARAMETER OPTIMIZATION

Optimization terminated successfully.
         Current function value: -513.291369
         Iterations: 61
         Function evaluations: 113
Optimization terminated successfully.
         Current function value: -546.341585
         Iterations: 155
         Function evaluations: 272

OPTIMIZED LIGHT CURVE PARAMETERS
--------------------------------
parameter lc1   	lc2
--------------------------------
sigma     +0.00 	+0.06
tau       +0.00 	+8.37
avg_mag   +19.96 	+20.18


Process Started on 2014-04-06 23:29:12.947527
It is now          2014-04-06 23:29:14.615881

time series is 5.00 days long
with  211 data points
The most common sample time distance is 0.01 days within the range of [0.01,0.01] days

1% done
10% done
25% done
50% done
75% done
DONE

Process Started on 2014-04-06 23:29:12.947527
It is now          2014-04-06 23:29:15.261467

BEST DELAY=1.19903e+00

INITIAL PARAMETERS (average of lc1 and lc2)
-------------------------------------------
delay      = 1.20
delta_mag  = 0.23
avg_mag    = 19.96
tau        = 4.19
sigma      = 0.03

Optimization terminated successfully.
         Current function value: -1070.729676
         Iterations: 124
         Function evaluations: 223

INITIAL PARAMETERS (optimization of merged light curve)
-------------------------------------------------------
delay      = 1.20
delta_mag  = 0.23
avg_mag    = 19.90
tau        = 4.50
sigma      = 0.05


-------------
RUNNING EMCEE
-------------

pos
sampler
Process Started on 2014-04-06 23:29:12.947527
It is currently    2014-04-06 23:29:18.601146
burn-in sampler.run_mcmc
	Mean acceptance fraction: 0.574
	Errors based on 16th, 50th, and 84th percentile
	Param     	MC_rec	err_up	err_low
	delay     	1.45e+00	+9.57e-02	-1.14e-01
	delta_mag 	2.94e-01	+1.17e-02	-1.18e-02
	sigma     	6.11e-02	+1.03e-02	-8.14e-03
	tau       	4.54e+00	+2.53e-01	-2.77e-01
	avg_mag   	1.99e+01	+5.01e-02	-5.92e-02
Process Started on 2014-04-06 23:29:12.947527
It is currently    2014-04-06 23:31:46.060764
sampler.run_mcmc
Process Started on 2014-04-06 23:29:12.947527
It is currently    2014-04-06 23:51:56.806831
sampler.chain
90000
Mean acceptance fraction: 0.516
Errors based on 16th, 50th, and 84th percentile
Param     	MC_rec	err_up	err_low
delay     	1.51e+00	+8.64e-02	-8.52e-02
delta_mag 	3.01e-01	+8.61e-03	-8.48e-03
sigma     	5.56e-02	+7.46e-03	-6.45e-03
tau       	1.78e+01	+1.71e+01	-1.08e+01
avg_mag   	1.98e+01	+9.23e-02	-1.12e-01
Process Started on 2014-04-06 23:29:12.947527
It is currently    2014-04-06 23:52:07.492207
