
SIMULATION PARAMETERS
Namespace(avg_mag=19.0, delay=1.5, delta_mag=0.3, numorbits=40, outputtag='hubble_sim_r1258', photometricerror=0.1, redshift=0.658, sigma=0.07, tau=121.0)

Process Started on 2014-04-07 05:26:35.952704
The output_tag for this run is: hubble_sim_r1258_2014_04_07_05:26

CRUDE LIGHT CURVE PARAMETERS
----------------------------
parameter lc1   	lc2
----------------------------
sigma     +0.23 	+0.47
tau       +0.15 	+0.02
avg_mag   +19.70 	+20.03


BEGINNING LIGHT CURVE PARAMETER OPTIMIZATION

Optimization terminated successfully.
         Current function value: -304.767148
         Iterations: 61
         Function evaluations: 107
Optimization terminated successfully.
         Current function value: -294.545109
         Iterations: 53
         Function evaluations: 102

OPTIMIZED LIGHT CURVE PARAMETERS
--------------------------------
parameter lc1   	lc2
--------------------------------
sigma     +0.00 	+0.00
tau       +0.20 	+0.03
avg_mag   +19.70 	+20.03


Process Started on 2014-04-07 05:26:35.952704
It is now          2014-04-07 05:26:36.349617

time series is 2.51 days long
with  114 data points
The most common sample time distance is 0.01 days within the range of [0.02,0.01] days

1% done
10% done
25% done
50% done
75% done
DONE

Process Started on 2014-04-07 05:26:35.952704
It is now          2014-04-07 05:26:36.669555

BEST DELAY=8.42992e-01

INITIAL PARAMETERS (average of lc1 and lc2)
-------------------------------------------
delay      = 0.84
delta_mag  = 0.33
avg_mag    = 19.70
tau        = 0.11
sigma      = 0.00

Optimization terminated successfully.
         Current function value: -604.156789
         Iterations: 106
         Function evaluations: 189

INITIAL PARAMETERS (optimization of merged light curve)
-------------------------------------------------------
delay      = 0.84
delta_mag  = 0.33
avg_mag    = 19.71
tau        = 0.95
sigma      = 0.04


-------------
RUNNING EMCEE
-------------

pos
sampler
Process Started on 2014-04-07 05:26:35.952704
It is currently    2014-04-07 05:26:38.397408
burn-in sampler.run_mcmc
	Mean acceptance fraction: 0.589
	Errors based on 16th, 50th, and 84th percentile
	Param     	MC_rec	err_up	err_low
	delay     	8.75e-01	+2.10e-01	-1.86e-01
	delta_mag 	3.28e-01	+1.20e-02	-1.35e-02
	sigma     	4.26e-02	+1.31e-02	-1.29e-02
	tau       	9.37e-01	+1.57e-01	-1.66e-01
	avg_mag   	1.97e+01	+1.97e-02	-1.78e-02
Process Started on 2014-04-07 05:26:35.952704
It is currently    2014-04-07 05:27:24.800009
sampler.run_mcmc
Process Started on 2014-04-07 05:26:35.952704
It is currently    2014-04-07 05:33:12.992870
sampler.chain
90000
Mean acceptance fraction: 0.490
Errors based on 16th, 50th, and 84th percentile
Param     	MC_rec	err_up	err_low
delay     	1.33e+00	+4.32e-01	-4.34e-01
delta_mag 	3.19e-01	+1.34e-02	-1.53e-02
sigma     	3.67e-02	+1.15e-02	-9.57e-03
tau       	3.86e+00	+3.48e+00	-2.36e+00
avg_mag   	1.97e+01	+3.47e-02	-2.66e-02
Process Started on 2014-04-07 05:26:35.952704
It is currently    2014-04-07 05:33:19.918132
