
SIMULATION PARAMETERS
Namespace(avg_mag=19.0, delay=1.5, delta_mag=0.3, numorbits=40, outputtag='hubble_sim_r1147', photometricerror=0.05, redshift=0.658, sigma=0.07, tau=121.0)

Process Started on 2014-04-07 03:35:12.536718
The output_tag for this run is: hubble_sim_r1147_2014_04_07_03:35

CRUDE LIGHT CURVE PARAMETERS
----------------------------
parameter lc1   	lc2
----------------------------
sigma     +0.27 	+0.21
tau       +0.19 	+0.05
avg_mag   +19.22 	+19.49


BEGINNING LIGHT CURVE PARAMETER OPTIMIZATION

Optimization terminated successfully.
         Current function value: -403.546134
         Iterations: 98
         Function evaluations: 172
Optimization terminated successfully.
         Current function value: -410.863146
         Iterations: 64
         Function evaluations: 120

OPTIMIZED LIGHT CURVE PARAMETERS
--------------------------------
parameter lc1   	lc2
--------------------------------
sigma     +0.05 	+0.00
tau       +0.58 	+0.07
avg_mag   +19.22 	+19.49


Process Started on 2014-04-07 03:35:12.536718
It is now          2014-04-07 03:35:13.058240

time series is 2.50 days long
with  105 data points
The most common sample time distance is 0.01 days within the range of [0.02,0.01] days

1% done
10% done
25% done
50% done
75% done
DONE

Process Started on 2014-04-07 03:35:12.536718
It is now          2014-04-07 03:35:13.373885

BEST DELAY=-2.50124e-01

INITIAL PARAMETERS (average of lc1 and lc2)
-------------------------------------------
delay      = -0.25
delta_mag  = 0.27
avg_mag    = 19.22
tau        = 0.32
sigma      = 0.03

Optimization terminated successfully.
         Current function value: -812.423218
         Iterations: 99
         Function evaluations: 177

INITIAL PARAMETERS (optimization of merged light curve)
-------------------------------------------------------
delay      = -0.25
delta_mag  = 0.27
avg_mag    = 19.21
tau        = 0.53
sigma      = 0.04


-------------
RUNNING EMCEE
-------------

pos
sampler
Process Started on 2014-04-07 03:35:12.536718
It is currently    2014-04-07 03:35:15.135285
burn-in sampler.run_mcmc
	Mean acceptance fraction: 0.576
	Errors based on 16th, 50th, and 84th percentile
	Param     	MC_rec	err_up	err_low
	delay     	-2.52e-01	+6.72e-02	-6.40e-02
	delta_mag 	2.68e-01	+5.77e-03	-5.60e-03
	sigma     	4.24e-02	+1.03e-02	-8.14e-03
	tau       	5.21e-01	+1.05e-01	-9.76e-02
	avg_mag   	1.92e+01	+1.08e-02	-8.99e-03
Process Started on 2014-04-07 03:35:12.536718
It is currently    2014-04-07 03:35:59.780167
sampler.run_mcmc
Process Started on 2014-04-07 03:35:12.536718
It is currently    2014-04-07 03:41:45.550036
sampler.chain
90000
Mean acceptance fraction: 0.483
Errors based on 16th, 50th, and 84th percentile
Param     	MC_rec	err_up	err_low
delay     	-2.60e-01	+1.11e-01	-1.41e-01
delta_mag 	2.67e-01	+5.10e-03	-5.51e-03
sigma     	3.72e-02	+8.16e-03	-7.27e-03
tau       	1.45e+00	+2.06e+00	-8.24e-01
avg_mag   	1.92e+01	+1.77e-02	-1.75e-02
Process Started on 2014-04-07 03:35:12.536718
It is currently    2014-04-07 03:41:51.854675
