
SIMULATION PARAMETERS
Namespace(avg_mag=19.0, delay=1.5, delta_mag=0.3, numorbits=80, outputtag='hubble_sim_r134', photometricerror=0.05, redshift=0.658, sigma=0.07, tau=121.0)

Process Started on 2014-04-06 22:09:50.129847
The output_tag for this run is: hubble_sim_r134_2014_04_06_22:09

CRUDE LIGHT CURVE PARAMETERS
----------------------------
parameter lc1   	lc2
----------------------------
sigma     +0.60 	+0.62
tau       +0.12 	+0.29
avg_mag   +18.09 	+18.40


BEGINNING LIGHT CURVE PARAMETER OPTIMIZATION

Optimization terminated successfully.
         Current function value: -821.025129
         Iterations: 124
         Function evaluations: 230
Optimization terminated successfully.
         Current function value: -813.380992
         Iterations: 127
         Function evaluations: 224

OPTIMIZED LIGHT CURVE PARAMETERS
--------------------------------
parameter lc1   	lc2
--------------------------------
sigma     +0.06 	+0.07
tau       +4.33 	+3.00
avg_mag   +18.15 	+18.35


Process Started on 2014-04-06 22:09:50.129847
It is now          2014-04-06 22:09:53.041459

time series is 5.00 days long
with  215 data points
The most common sample time distance is 0.01 days within the range of [0.01,0.01] days

1% done
10% done
25% done
50% done
75% done
DONE

Process Started on 2014-04-06 22:09:50.129847
It is now          2014-04-06 22:09:54.096233

BEST DELAY=2.49917e+00

INITIAL PARAMETERS (average of lc1 and lc2)
-------------------------------------------
delay      = 2.50
delta_mag  = 0.20
avg_mag    = 18.15
tau        = 3.66
sigma      = 0.06

Optimization terminated successfully.
         Current function value: -1577.805544
         Iterations: 134
         Function evaluations: 236

INITIAL PARAMETERS (optimization of merged light curve)
-------------------------------------------------------
delay      = 2.50
delta_mag  = 0.20
avg_mag    = 18.13
tau        = 4.27
sigma      = 0.06


-------------
RUNNING EMCEE
-------------

pos
sampler
Process Started on 2014-04-06 22:09:50.129847
It is currently    2014-04-06 22:09:58.828895
burn-in sampler.run_mcmc
	Mean acceptance fraction: 0.517
	Errors based on 16th, 50th, and 84th percentile
	Param     	MC_rec	err_up	err_low
	delay     	2.52e+00	+1.01e+00	-8.59e-01
	delta_mag 	2.11e-01	+8.38e-02	-9.73e-02
	sigma     	6.07e-02	+1.04e-02	-8.56e-03
	tau       	4.26e+00	+2.75e-01	-2.20e-01
	avg_mag   	1.81e+01	+7.56e-02	-8.14e-02
Process Started on 2014-04-06 22:09:50.129847
It is currently    2014-04-06 22:12:24.281065
sampler.run_mcmc
Process Started on 2014-04-06 22:09:50.129847
It is currently    2014-04-06 22:28:18.772911
sampler.chain
90000
Mean acceptance fraction: 0.308
Errors based on 16th, 50th, and 84th percentile
Param     	MC_rec	err_up	err_low
delay     	1.53e+00	+2.76e+00	-3.74e-02
delta_mag 	2.95e-01	+6.66e-03	-2.24e-01
sigma     	6.29e-02	+5.49e-03	-5.03e-03
tau       	1.12e+01	+1.75e+01	-6.81e+00
avg_mag   	1.81e+01	+1.14e-01	-9.97e-02
Process Started on 2014-04-06 22:09:50.129847
It is currently    2014-04-06 22:28:27.553594
