
SIMULATION PARAMETERS
Namespace(avg_mag=19.0, delay=1.5, delta_mag=0.3, numorbits=80, outputtag='hubble_sim_r273', photometricerror=0.1, redshift=0.658, sigma=0.07, tau=121.0)

Process Started on 2014-04-07 00:39:36.653669
The output_tag for this run is: hubble_sim_r273_2014_04_07_00:39

CRUDE LIGHT CURVE PARAMETERS
----------------------------
parameter lc1   	lc2
----------------------------
sigma     +0.37 	+0.34
tau       +0.21 	+0.97
avg_mag   +19.15 	+19.45


BEGINNING LIGHT CURVE PARAMETER OPTIMIZATION

Optimization terminated successfully.
         Current function value: -554.276535
         Iterations: 96
         Function evaluations: 178
Optimization terminated successfully.
         Current function value: -557.867641
         Iterations: 116
         Function evaluations: 209

OPTIMIZED LIGHT CURVE PARAMETERS
--------------------------------
parameter lc1   	lc2
--------------------------------
sigma     +0.05 	+0.04
tau       +1.57 	+1.65
avg_mag   +19.17 	+19.44


Process Started on 2014-04-07 00:39:36.653669
It is now          2014-04-07 00:39:39.044759

time series is 5.01 days long
with  212 data points
The most common sample time distance is 0.01 days within the range of [0.01,0.01] days

1% done
10% done
25% done
50% done
75% done
DONE

Process Started on 2014-04-07 00:39:36.653669
It is now          2014-04-07 00:39:40.097181

BEST DELAY=1.49737e+00

INITIAL PARAMETERS (average of lc1 and lc2)
-------------------------------------------
delay      = 1.50
delta_mag  = 0.28
avg_mag    = 19.17
tau        = 1.61
sigma      = 0.05

Optimization terminated successfully.
         Current function value: -1121.596977
         Iterations: 103
         Function evaluations: 191

INITIAL PARAMETERS (optimization of merged light curve)
-------------------------------------------------------
delay      = 1.50
delta_mag  = 0.28
avg_mag    = 19.18
tau        = 1.62
sigma      = 0.05


-------------
RUNNING EMCEE
-------------

pos
sampler
Process Started on 2014-04-07 00:39:36.653669
It is currently    2014-04-07 00:39:44.160894
burn-in sampler.run_mcmc
	Mean acceptance fraction: 0.594
	Errors based on 16th, 50th, and 84th percentile
	Param     	MC_rec	err_up	err_low
	delay     	1.49e+00	+7.42e-02	-7.98e-02
	delta_mag 	2.95e-01	+8.98e-03	-8.18e-03
	sigma     	5.20e-02	+9.20e-03	-7.69e-03
	tau       	1.71e+00	+5.66e-01	-3.30e-01
	avg_mag   	1.92e+01	+2.29e-02	-2.37e-02
Process Started on 2014-04-07 00:39:36.653669
It is currently    2014-04-07 00:42:09.567374
sampler.run_mcmc
Process Started on 2014-04-07 00:39:36.653669
It is currently    2014-04-07 00:58:59.318576
sampler.chain
90000
Mean acceptance fraction: 0.504
Errors based on 16th, 50th, and 84th percentile
Param     	MC_rec	err_up	err_low
delay     	1.50e+00	+8.37e-02	-8.48e-02
delta_mag 	2.98e-01	+8.06e-03	-8.30e-03
sigma     	4.93e-02	+7.86e-03	-7.27e-03
tau       	4.88e+00	+6.36e+00	-2.84e+00
avg_mag   	1.92e+01	+4.74e-02	-3.80e-02
Process Started on 2014-04-07 00:39:36.653669
It is currently    2014-04-07 00:59:09.899474
