
SIMULATION PARAMETERS
Namespace(avg_mag=19.0, delay=1.5, delta_mag=0.3, numorbits=40, outputtag='hubble_sim_r1177', photometricerror=0.05, redshift=0.658, sigma=0.07, tau=121.0)

Process Started on 2014-04-07 04:05:18.898537
The output_tag for this run is: hubble_sim_r1177_2014_04_07_04:05

CRUDE LIGHT CURVE PARAMETERS
----------------------------
parameter lc1   	lc2
----------------------------
sigma     +0.31 	+0.46
tau       +0.03 	+0.02
avg_mag   +19.00 	+19.22


BEGINNING LIGHT CURVE PARAMETER OPTIMIZATION

Optimization terminated successfully.
         Current function value: -408.842804
         Iterations: 145
         Function evaluations: 261
Optimization terminated successfully.
         Current function value: -408.432892
         Iterations: 131
         Function evaluations: 234

OPTIMIZED LIGHT CURVE PARAMETERS
--------------------------------
parameter lc1   	lc2
--------------------------------
sigma     +0.03 	+0.04
tau       +2.31 	+3.23
avg_mag   +19.00 	+19.22


Process Started on 2014-04-07 04:05:18.898537
It is now          2014-04-07 04:05:19.789700

time series is 2.50 days long
with  104 data points
The most common sample time distance is 0.01 days within the range of [0.01,0.02] days

1% done
10% done
25% done
50% done
75% done
DONE

Process Started on 2014-04-07 04:05:18.898537
It is now          2014-04-07 04:05:20.104274

BEST DELAY=-5.16209e-02

INITIAL PARAMETERS (average of lc1 and lc2)
-------------------------------------------
delay      = -0.05
delta_mag  = 0.22
avg_mag    = 19.00
tau        = 2.77
sigma      = 0.03

Optimization terminated successfully.
         Current function value: -826.182492
         Iterations: 126
         Function evaluations: 225

INITIAL PARAMETERS (optimization of merged light curve)
-------------------------------------------------------
delay      = -0.05
delta_mag  = 0.22
avg_mag    = 19.00
tau        = 3.71
sigma      = 0.03


-------------
RUNNING EMCEE
-------------

pos
sampler
Process Started on 2014-04-07 04:05:18.898537
It is currently    2014-04-07 04:05:22.112304
burn-in sampler.run_mcmc
	Mean acceptance fraction: 0.583
	Errors based on 16th, 50th, and 84th percentile
	Param     	MC_rec	err_up	err_low
	delay     	-5.26e-02	+9.79e-02	-1.10e-01
	delta_mag 	2.19e-01	+6.58e-03	-7.17e-03
	sigma     	3.25e-02	+7.30e-03	-5.97e-03
	tau       	3.72e+00	+6.20e-01	-5.61e-01
	avg_mag   	1.90e+01	+3.22e-02	-3.28e-02
Process Started on 2014-04-07 04:05:18.898537
It is currently    2014-04-07 04:06:06.979212
sampler.run_mcmc
Process Started on 2014-04-07 04:05:18.898537
It is currently    2014-04-07 04:11:58.609090
sampler.chain
90000
Mean acceptance fraction: 0.516
Errors based on 16th, 50th, and 84th percentile
Param     	MC_rec	err_up	err_low
delay     	-7.68e-02	+1.60e-01	-2.11e-01
delta_mag 	2.18e-01	+8.15e-03	-9.90e-03
sigma     	3.06e-02	+5.83e-03	-4.88e-03
tau       	1.48e+01	+1.40e+01	-9.27e+00
avg_mag   	1.90e+01	+5.15e-02	-5.27e-02
Process Started on 2014-04-07 04:05:18.898537
It is currently    2014-04-07 04:12:04.863360
