
SIMULATION PARAMETERS
Namespace(avg_mag=19.0, delay=1.5, delta_mag=0.3, numorbits=40, outputtag='hubble_sim_r1093', photometricerror=0.02, redshift=0.658, sigma=0.07, tau=121.0)

Process Started on 2014-04-07 02:41:01.177350
The output_tag for this run is: hubble_sim_r1093_2014_04_07_02:41

CRUDE LIGHT CURVE PARAMETERS
----------------------------
parameter lc1   	lc2
----------------------------
sigma     +0.32 	+0.34
tau       +0.27 	+0.05
avg_mag   +19.67 	+19.96


BEGINNING LIGHT CURVE PARAMETER OPTIMIZATION

Optimization terminated successfully.
         Current function value: -590.907792
         Iterations: 106
         Function evaluations: 194
Optimization terminated successfully.
         Current function value: -592.994284
         Iterations: 112
         Function evaluations: 202

OPTIMIZED LIGHT CURVE PARAMETERS
--------------------------------
parameter lc1   	lc2
--------------------------------
sigma     +0.06 	+0.05
tau       +1.19 	+1.15
avg_mag   +19.65 	+19.97


Process Started on 2014-04-07 02:41:01.177350
It is now          2014-04-07 02:41:01.923705

time series is 2.50 days long
with  113 data points
The most common sample time distance is 0.01 days within the range of [0.02,0.01] days

1% done
10% done
25% done
50% done
75% done
DONE

Process Started on 2014-04-07 02:41:01.177350
It is now          2014-04-07 02:41:02.242347

BEST DELAY=1.24867e+00

INITIAL PARAMETERS (average of lc1 and lc2)
-------------------------------------------
delay      = 1.25
delta_mag  = 0.32
avg_mag    = 19.65
tau        = 1.17
sigma      = 0.06

Optimization terminated successfully.
         Current function value: -1048.286844
         Iterations: 102
         Function evaluations: 189

INITIAL PARAMETERS (optimization of merged light curve)
-------------------------------------------------------
delay      = 1.25
delta_mag  = 0.32
avg_mag    = 19.64
tau        = 0.97
sigma      = 0.05


-------------
RUNNING EMCEE
-------------

pos
sampler
Process Started on 2014-04-07 02:41:01.177350
It is currently    2014-04-07 02:41:03.933114
burn-in sampler.run_mcmc
	Mean acceptance fraction: 0.520
	Errors based on 16th, 50th, and 84th percentile
	Param     	MC_rec	err_up	err_low
	delay     	1.47e+00	+3.04e-02	-6.82e-02
	delta_mag 	2.97e-01	+5.72e-03	-5.74e-03
	sigma     	5.91e-02	+6.84e-03	-7.10e-03
	tau       	1.08e+00	+1.77e-01	-7.99e-02
	avg_mag   	1.96e+01	+2.50e-02	-2.40e-02
Process Started on 2014-04-07 02:41:01.177350
It is currently    2014-04-07 02:41:50.947383
sampler.run_mcmc
Process Started on 2014-04-07 02:41:01.177350
It is currently    2014-04-07 02:48:04.306186
sampler.chain
90000
Mean acceptance fraction: 0.503
Errors based on 16th, 50th, and 84th percentile
Param     	MC_rec	err_up	err_low
delay     	1.50e+00	+1.45e-02	-1.28e-02
delta_mag 	3.01e-01	+3.31e-03	-3.13e-03
sigma     	5.38e-02	+4.70e-03	-4.30e-03
tau       	2.46e+00	+3.81e+00	-1.34e+00
avg_mag   	1.96e+01	+2.88e-02	-3.48e-02
Process Started on 2014-04-07 02:41:01.177350
It is currently    2014-04-07 02:48:10.546531
