
SIMULATION PARAMETERS
Namespace(avg_mag=19.0, delay=1.5, delta_mag=0.3, numorbits=80, outputtag='hubble_sim_r59', photometricerror=0.02, redshift=0.658, sigma=0.07, tau=121.0)

Process Started on 2014-04-06 20:41:12.733204
The output_tag for this run is: hubble_sim_r59_2014_04_06_20:41

CRUDE LIGHT CURVE PARAMETERS
----------------------------
parameter lc1   	lc2
----------------------------
sigma     +0.61 	+0.57
tau       +0.09 	+0.05
avg_mag   +18.88 	+19.15


BEGINNING LIGHT CURVE PARAMETER OPTIMIZATION

Optimization terminated successfully.
         Current function value: -1152.827122
         Iterations: 175
         Function evaluations: 311
Optimization terminated successfully.
         Current function value: -1141.596851
         Iterations: 148
         Function evaluations: 267

OPTIMIZED LIGHT CURVE PARAMETERS
--------------------------------
parameter lc1   	lc2
--------------------------------
sigma     +0.05 	+0.06
tau       +5.09 	+2.75
avg_mag   +18.87 	+19.16


Process Started on 2014-04-06 20:41:12.733204
It is now          2014-04-06 20:41:16.540131

time series is 5.01 days long
with  219 data points
The most common sample time distance is 0.01 days within the range of [0.01,0.01] days

1% done
10% done
25% done
50% done
75% done
DONE

Process Started on 2014-04-06 20:41:12.733204
It is now          2014-04-06 20:41:17.606254

BEST DELAY=1.49735e+00

INITIAL PARAMETERS (average of lc1 and lc2)
-------------------------------------------
delay      = 1.50
delta_mag  = 0.29
avg_mag    = 18.87
tau        = 3.92
sigma      = 0.06

Optimization terminated successfully.
         Current function value: -2355.061453
         Iterations: 127
         Function evaluations: 231

INITIAL PARAMETERS (optimization of merged light curve)
-------------------------------------------------------
delay      = 1.50
delta_mag  = 0.29
avg_mag    = 18.88
tau        = 3.63
sigma      = 0.05


-------------
RUNNING EMCEE
-------------

pos
sampler
Process Started on 2014-04-06 20:41:12.733204
It is currently    2014-04-06 20:41:22.199368
burn-in sampler.run_mcmc
	Mean acceptance fraction: 0.576
	Errors based on 16th, 50th, and 84th percentile
	Param     	MC_rec	err_up	err_low
	delay     	1.50e+00	+6.93e-03	-6.04e-03
	delta_mag 	3.00e-01	+2.17e-03	-1.97e-03
	sigma     	5.27e-02	+3.73e-03	-3.43e-03
	tau       	3.63e+00	+9.14e-02	-1.01e-01
	avg_mag   	1.89e+01	+3.57e-02	-3.36e-02
Process Started on 2014-04-06 20:41:12.733204
It is currently    2014-04-06 20:43:53.538202
sampler.run_mcmc
Process Started on 2014-04-06 20:41:12.733204
It is currently    2014-04-06 21:04:29.628237
sampler.chain
90000
Mean acceptance fraction: 0.517
Errors based on 16th, 50th, and 84th percentile
Param     	MC_rec	err_up	err_low
delay     	1.50e+00	+6.31e-03	-6.12e-03
delta_mag 	3.01e-01	+1.68e-03	-1.70e-03
sigma     	5.19e-02	+3.33e-03	-3.04e-03
tau       	1.41e+01	+1.36e+01	-8.90e+00
avg_mag   	1.89e+01	+8.62e-02	-8.05e-02
Process Started on 2014-04-06 20:41:12.733204
It is currently    2014-04-06 21:04:39.334897
