
SIMULATION PARAMETERS
Namespace(avg_mag=19.0, delay=1.5, delta_mag=0.3, numorbits=40, outputtag='hubble_sim_r1131', photometricerror=0.05, redshift=0.658, sigma=0.07, tau=121.0)

Process Started on 2014-04-07 03:19:09.113683
The output_tag for this run is: hubble_sim_r1131_2014_04_07_03:19

CRUDE LIGHT CURVE PARAMETERS
----------------------------
parameter lc1   	lc2
----------------------------
sigma     +0.28 	+0.30
tau       +0.02 	+0.01
avg_mag   +18.22 	+18.50


BEGINNING LIGHT CURVE PARAMETER OPTIMIZATION

Optimization terminated successfully.
         Current function value: -409.142520
         Iterations: 55
         Function evaluations: 104
Optimization terminated successfully.
         Current function value: -417.803543
         Iterations: 49
         Function evaluations: 95

OPTIMIZED LIGHT CURVE PARAMETERS
--------------------------------
parameter lc1   	lc2
--------------------------------
sigma     +0.00 	+0.00
tau       +0.03 	+0.02
avg_mag   +18.22 	+18.50


Process Started on 2014-04-07 03:19:09.113683
It is now          2014-04-07 03:19:09.475738

time series is 2.51 days long
with  106 data points
The most common sample time distance is 0.01 days within the range of [0.02,0.01] days

1% done
10% done
25% done
50% done
75% done
DONE

Process Started on 2014-04-07 03:19:09.113683
It is now          2014-04-07 03:19:09.791828

BEST DELAY=-4.54739e-01

INITIAL PARAMETERS (average of lc1 and lc2)
-------------------------------------------
delay      = -0.45
delta_mag  = 0.29
avg_mag    = 18.22
tau        = 0.03
sigma      = 0.00

Optimization terminated successfully.
         Current function value: -834.634869
         Iterations: 116
         Function evaluations: 211

INITIAL PARAMETERS (optimization of merged light curve)
-------------------------------------------------------
delay      = -0.45
delta_mag  = 0.29
avg_mag    = 18.22
tau        = 0.38
sigma      = 0.03


-------------
RUNNING EMCEE
-------------

pos
sampler
Process Started on 2014-04-07 03:19:09.113683
It is currently    2014-04-07 03:19:11.684869
burn-in sampler.run_mcmc
	Mean acceptance fraction: 0.587
	Errors based on 16th, 50th, and 84th percentile
	Param     	MC_rec	err_up	err_low
	delay     	-4.21e-01	+1.03e-01	-7.61e-02
	delta_mag 	2.92e-01	+6.03e-03	-6.29e-03
	sigma     	3.50e-02	+1.10e-02	-9.71e-03
	tau       	3.85e-01	+1.29e-01	-9.13e-02
	avg_mag   	1.82e+01	+6.60e-03	-6.51e-03
Process Started on 2014-04-07 03:19:09.113683
It is currently    2014-04-07 03:19:56.408072
sampler.run_mcmc
Process Started on 2014-04-07 03:19:09.113683
It is currently    2014-04-07 03:25:51.670290
sampler.chain
90000
Mean acceptance fraction: 0.505
Errors based on 16th, 50th, and 84th percentile
Param     	MC_rec	err_up	err_low
delay     	-3.27e-01	+1.44e-01	-1.19e-01
delta_mag 	2.91e-01	+5.17e-03	-5.07e-03
sigma     	3.01e-02	+8.24e-03	-7.42e-03
tau       	9.66e-01	+1.35e+00	-5.34e-01
avg_mag   	1.82e+01	+1.02e-02	-1.09e-02
Process Started on 2014-04-07 03:19:09.113683
It is currently    2014-04-07 03:25:57.875719
