
SIMULATION PARAMETERS
Namespace(avg_mag=19.0, delay=1.5, delta_mag=0.3, numorbits=40, outputtag='hubble_sim_r1012', photometricerror=0.02, redshift=0.658, sigma=0.07, tau=121.0)

Process Started on 2014-04-07 01:19:45.721459
The output_tag for this run is: hubble_sim_r1012_2014_04_07_01:19

CRUDE LIGHT CURVE PARAMETERS
----------------------------
parameter lc1   	lc2
----------------------------
sigma     +0.21 	+0.21
tau       +0.34 	+0.49
avg_mag   +18.26 	+18.56


BEGINNING LIGHT CURVE PARAMETER OPTIMIZATION

Optimization terminated successfully.
         Current function value: -568.225177
         Iterations: 89
         Function evaluations: 159
Optimization terminated successfully.
         Current function value: -576.252354
         Iterations: 49
         Function evaluations: 93

OPTIMIZED LIGHT CURVE PARAMETERS
--------------------------------
parameter lc1   	lc2
--------------------------------
sigma     +0.06 	+0.05
tau       +0.42 	+0.63
avg_mag   +18.27 	+18.57


Process Started on 2014-04-07 01:19:45.721459
It is now          2014-04-07 01:19:46.568748

time series is 2.50 days long
with  109 data points
The most common sample time distance is 0.01 days within the range of [0.02,0.01] days

1% done
10% done
25% done
50% done
75% done
DONE

Process Started on 2014-04-07 01:19:45.721459
It is now          2014-04-07 01:19:47.094678

BEST DELAY=1.24855e+00

INITIAL PARAMETERS (average of lc1 and lc2)
-------------------------------------------
delay      = 1.25
delta_mag  = 0.30
avg_mag    = 18.27
tau        = 0.52
sigma      = 0.06

Optimization terminated successfully.
         Current function value: -1097.003553
         Iterations: 104
         Function evaluations: 185

INITIAL PARAMETERS (optimization of merged light curve)
-------------------------------------------------------
delay      = 1.25
delta_mag  = 0.30
avg_mag    = 18.27
tau        = 0.62
sigma      = 0.05


-------------
RUNNING EMCEE
-------------

pos
sampler
Process Started on 2014-04-07 01:19:45.721459
It is currently    2014-04-07 01:19:49.941915
burn-in sampler.run_mcmc
	Mean acceptance fraction: 0.537
	Errors based on 16th, 50th, and 84th percentile
	Param     	MC_rec	err_up	err_low
	delay     	1.42e+00	+7.00e-02	-9.04e-02
	delta_mag 	3.05e-01	+4.06e-03	-4.36e-03
	sigma     	5.54e-02	+8.55e-03	-7.81e-03
	tau       	6.83e-01	+7.62e-02	-4.41e-02
	avg_mag   	1.83e+01	+1.74e-02	-1.93e-02
Process Started on 2014-04-07 01:19:45.721459
It is currently    2014-04-07 01:20:54.666123
sampler.run_mcmc
Process Started on 2014-04-07 01:19:45.721459
It is currently    2014-04-07 01:27:24.606735
sampler.chain
90000
Mean acceptance fraction: 0.500
Errors based on 16th, 50th, and 84th percentile
Param     	MC_rec	err_up	err_low
delay     	1.50e+00	+1.41e-02	-1.32e-02
delta_mag 	3.01e-01	+3.05e-03	-2.98e-03
sigma     	5.30e-02	+5.02e-03	-4.52e-03
tau       	1.59e+00	+2.41e+00	-8.54e-01
avg_mag   	1.83e+01	+2.95e-02	-2.00e-02
Process Started on 2014-04-07 01:19:45.721459
It is currently    2014-04-07 01:27:30.841501
