
SIMULATION PARAMETERS
Namespace(avg_mag=19.0, delay=1.5, delta_mag=0.3, numorbits=40, outputtag='hubble_sim_r1166', photometricerror=0.05, redshift=0.658, sigma=0.07, tau=121.0)

Process Started on 2014-04-07 03:54:16.677430
The output_tag for this run is: hubble_sim_r1166_2014_04_07_03:54

CRUDE LIGHT CURVE PARAMETERS
----------------------------
parameter lc1   	lc2
----------------------------
sigma     +0.15 	+0.43
tau       +0.08 	+0.03
avg_mag   +19.24 	+19.58


BEGINNING LIGHT CURVE PARAMETER OPTIMIZATION

Optimization terminated successfully.
         Current function value: -444.118673
         Iterations: 53
         Function evaluations: 100
Optimization terminated successfully.
         Current function value: -433.002313
         Iterations: 136
         Function evaluations: 240

OPTIMIZED LIGHT CURVE PARAMETERS
--------------------------------
parameter lc1   	lc2
--------------------------------
sigma     +0.00 	+0.04
tau       +0.11 	+3.33
avg_mag   +19.24 	+19.58


Process Started on 2014-04-07 03:54:16.677430
It is now          2014-04-07 03:54:17.323708

time series is 2.51 days long
with  111 data points
The most common sample time distance is 0.02 days within the range of [0.01,0.03] days

1% done
10% done
25% done
50% done
75% done
DONE

Process Started on 2014-04-07 03:54:16.677430
It is now          2014-04-07 03:54:17.643245

BEST DELAY=6.43018e-01

INITIAL PARAMETERS (average of lc1 and lc2)
-------------------------------------------
delay      = 0.64
delta_mag  = 0.34
avg_mag    = 19.24
tau        = 1.72
sigma      = 0.02

Optimization terminated successfully.
         Current function value: -862.362269
         Iterations: 134
         Function evaluations: 238

INITIAL PARAMETERS (optimization of merged light curve)
-------------------------------------------------------
delay      = 0.64
delta_mag  = 0.34
avg_mag    = 19.26
tau        = 1.73
sigma      = 0.03


-------------
RUNNING EMCEE
-------------

pos
sampler
Process Started on 2014-04-07 03:54:16.677430
It is currently    2014-04-07 03:54:19.635603
burn-in sampler.run_mcmc
	Mean acceptance fraction: 0.578
	Errors based on 16th, 50th, and 84th percentile
	Param     	MC_rec	err_up	err_low
	delay     	8.52e-01	+4.77e-01	-1.98e-01
	delta_mag 	3.18e-01	+8.59e-03	-9.80e-03
	sigma     	3.92e-02	+8.87e-03	-7.81e-03
	tau       	1.70e+00	+3.52e-01	-2.86e-01
	avg_mag   	1.93e+01	+1.80e-02	-1.98e-02
Process Started on 2014-04-07 03:54:16.677430
It is currently    2014-04-07 03:55:06.618510
sampler.run_mcmc
Process Started on 2014-04-07 03:54:16.677430
It is currently    2014-04-07 04:01:15.253278
sampler.chain
90000
Mean acceptance fraction: 0.515
Errors based on 16th, 50th, and 84th percentile
Param     	MC_rec	err_up	err_low
delay     	1.44e+00	+1.43e-01	-1.58e-01
delta_mag 	3.04e-01	+7.53e-03	-8.24e-03
sigma     	3.39e-02	+6.44e-03	-5.24e-03
tau       	8.00e+00	+6.02e+00	-4.61e+00
avg_mag   	1.93e+01	+4.25e-02	-3.78e-02
Process Started on 2014-04-07 03:54:16.677430
It is currently    2014-04-07 04:01:21.387943
