
SIMULATION PARAMETERS
Namespace(avg_mag=19.0, delay=1.5, delta_mag=0.3, numorbits=80, outputtag='hubble_sim_r65', photometricerror=0.02, redshift=0.658, sigma=0.07, tau=121.0)

Process Started on 2014-04-06 20:57:37.100016
The output_tag for this run is: hubble_sim_r65_2014_04_06_20:57

CRUDE LIGHT CURVE PARAMETERS
----------------------------
parameter lc1   	lc2
----------------------------
sigma     +0.25 	+0.25
tau       +0.10 	+0.26
avg_mag   +18.65 	+18.93


BEGINNING LIGHT CURVE PARAMETER OPTIMIZATION

Optimization terminated successfully.
         Current function value: -1134.893855
         Iterations: 114
         Function evaluations: 212
Optimization terminated successfully.
         Current function value: -1136.684172
         Iterations: 94
         Function evaluations: 170

OPTIMIZED LIGHT CURVE PARAMETERS
--------------------------------
parameter lc1   	lc2
--------------------------------
sigma     +0.04 	+0.04
tau       +1.17 	+1.16
avg_mag   +18.64 	+18.94


Process Started on 2014-04-06 20:57:37.100016
It is now          2014-04-06 20:57:39.459242

time series is 5.01 days long
with  214 data points
The most common sample time distance is 0.01 days within the range of [0.01,0.01] days

1% done
10% done
25% done
50% done
75% done
DONE

Process Started on 2014-04-06 20:57:37.100016
It is now          2014-04-06 20:57:40.510484

BEST DELAY=1.49416e+00

INITIAL PARAMETERS (average of lc1 and lc2)
-------------------------------------------
delay      = 1.49
delta_mag  = 0.30
avg_mag    = 18.64
tau        = 1.17
sigma      = 0.04

Optimization terminated successfully.
         Current function value: -2326.236374
         Iterations: 116
         Function evaluations: 199

INITIAL PARAMETERS (optimization of merged light curve)
-------------------------------------------------------
delay      = 1.49
delta_mag  = 0.30
avg_mag    = 18.64
tau        = 1.03
sigma      = 0.05


-------------
RUNNING EMCEE
-------------

pos
sampler
Process Started on 2014-04-06 20:57:37.100016
It is currently    2014-04-06 20:57:44.840566
burn-in sampler.run_mcmc
	Mean acceptance fraction: 0.574
	Errors based on 16th, 50th, and 84th percentile
	Param     	MC_rec	err_up	err_low
	delay     	1.50e+00	+6.89e-03	-7.21e-03
	delta_mag 	3.00e-01	+1.85e-03	-1.87e-03
	sigma     	4.64e-02	+3.86e-03	-3.80e-03
	tau       	1.06e+00	+1.77e-01	-1.35e-01
	avg_mag   	1.86e+01	+1.13e-02	-1.23e-02
Process Started on 2014-04-06 20:57:37.100016
It is currently    2014-04-06 21:00:14.051344
sampler.run_mcmc
Process Started on 2014-04-06 20:57:37.100016
It is currently    2014-04-06 21:20:44.455020
sampler.chain
90000
Mean acceptance fraction: 0.509
Errors based on 16th, 50th, and 84th percentile
Param     	MC_rec	err_up	err_low
delay     	1.50e+00	+6.31e-03	-6.92e-03
delta_mag 	3.00e-01	+1.72e-03	-1.65e-03
sigma     	4.56e-02	+3.60e-03	-3.19e-03
tau       	2.23e+00	+3.69e+00	-1.11e+00
avg_mag   	1.86e+01	+2.42e-02	-2.18e-02
Process Started on 2014-04-06 20:57:37.100016
It is currently    2014-04-06 21:20:55.157067
