
SIMULATION PARAMETERS
Namespace(avg_mag=19.0, delay=1.5, delta_mag=0.3, numorbits=40, outputtag='hubble_sim_r1254', photometricerror=0.1, redshift=0.658, sigma=0.07, tau=121.0)

Process Started on 2014-04-07 05:22:35.052302
The output_tag for this run is: hubble_sim_r1254_2014_04_07_05:22

CRUDE LIGHT CURVE PARAMETERS
----------------------------
parameter lc1   	lc2
----------------------------
sigma     +0.70 	+0.28
tau       +0.01 	+0.14
avg_mag   +18.12 	+18.35


BEGINNING LIGHT CURVE PARAMETER OPTIMIZATION

Optimization terminated successfully.
         Current function value: -278.389665
         Iterations: 59
         Function evaluations: 109
Optimization terminated successfully.
         Current function value: -293.233227
         Iterations: 130
         Function evaluations: 233

OPTIMIZED LIGHT CURVE PARAMETERS
--------------------------------
parameter lc1   	lc2
--------------------------------
sigma     +0.00 	+0.04
tau       +0.01 	+0.57
avg_mag   +18.12 	+18.36


Process Started on 2014-04-07 05:22:35.052302
It is now          2014-04-07 05:22:35.701902

time series is 2.51 days long
with  111 data points
The most common sample time distance is 0.00 days within the range of [0.02,0.01] days

1% done
10% done
25% done
50% done
75% done
DONE

Process Started on 2014-04-07 05:22:35.052302
It is now          2014-04-07 05:22:36.016897

BEST DELAY=6.44018e-01

INITIAL PARAMETERS (average of lc1 and lc2)
-------------------------------------------
delay      = 0.64
delta_mag  = 0.23
avg_mag    = 18.12
tau        = 0.29
sigma      = 0.02

Optimization terminated successfully.
         Current function value: -588.459350
         Iterations: 105
         Function evaluations: 185

INITIAL PARAMETERS (optimization of merged light curve)
-------------------------------------------------------
delay      = 0.64
delta_mag  = 0.23
avg_mag    = 18.13
tau        = 1.10
sigma      = 0.05


-------------
RUNNING EMCEE
-------------

pos
sampler
Process Started on 2014-04-07 05:22:35.052302
It is currently    2014-04-07 05:22:37.724596
burn-in sampler.run_mcmc
	Mean acceptance fraction: 0.585
	Errors based on 16th, 50th, and 84th percentile
	Param     	MC_rec	err_up	err_low
	delay     	7.25e-01	+1.90e-01	-1.27e-01
	delta_mag 	2.44e-01	+1.53e-02	-1.32e-02
	sigma     	5.55e-02	+1.18e-02	-1.28e-02
	tau       	1.13e+00	+2.89e-01	-2.08e-01
	avg_mag   	1.81e+01	+2.34e-02	-2.18e-02
Process Started on 2014-04-07 05:22:35.052302
It is currently    2014-04-07 05:23:24.271738
sampler.run_mcmc
Process Started on 2014-04-07 05:22:35.052302
It is currently    2014-04-07 05:29:32.239411
sampler.chain
90000
Mean acceptance fraction: 0.506
Errors based on 16th, 50th, and 84th percentile
Param     	MC_rec	err_up	err_low
delay     	9.28e-01	+3.14e-01	-2.18e-01
delta_mag 	2.55e-01	+1.95e-02	-1.51e-02
sigma     	4.61e-02	+1.10e-02	-8.87e-03
tau       	4.60e+00	+3.99e+00	-2.73e+00
avg_mag   	1.81e+01	+4.50e-02	-3.84e-02
Process Started on 2014-04-07 05:22:35.052302
It is currently    2014-04-07 05:29:38.599263
