
SIMULATION PARAMETERS
Namespace(avg_mag=19.0, delay=1.5, delta_mag=0.3, numorbits=80, outputtag='hubble_sim_r295', photometricerror=0.1, redshift=0.658, sigma=0.07, tau=121.0)

Process Started on 2014-04-07 01:01:43.022636
The output_tag for this run is: hubble_sim_r295_2014_04_07_01:01

CRUDE LIGHT CURVE PARAMETERS
----------------------------
parameter lc1   	lc2
----------------------------
sigma     +0.73 	+0.42
tau       +0.03 	+0.05
avg_mag   +18.58 	+18.91


BEGINNING LIGHT CURVE PARAMETER OPTIMIZATION

Optimization terminated successfully.
         Current function value: -569.844839
         Iterations: 142
         Function evaluations: 248
Optimization terminated successfully.
         Current function value: -572.830455
         Iterations: 152
         Function evaluations: 276

OPTIMIZED LIGHT CURVE PARAMETERS
--------------------------------
parameter lc1   	lc2
--------------------------------
sigma     +0.05 	+0.05
tau       +5.97 	+2.00
avg_mag   +18.58 	+18.89


Process Started on 2014-04-07 01:01:43.022636
It is now          2014-04-07 01:01:46.311923

time series is 5.01 days long
with  217 data points
The most common sample time distance is 0.01 days within the range of [0.01,0.01] days

1% done
10% done
25% done
50% done
75% done
DONE

Process Started on 2014-04-07 01:01:43.022636
It is now          2014-04-07 01:01:47.347419

BEST DELAY=1.39647e+00

INITIAL PARAMETERS (average of lc1 and lc2)
-------------------------------------------
delay      = 1.40
delta_mag  = 0.31
avg_mag    = 18.58
tau        = 3.99
sigma      = 0.05

Optimization terminated successfully.
         Current function value: -1153.571175
         Iterations: 124
         Function evaluations: 223

INITIAL PARAMETERS (optimization of merged light curve)
-------------------------------------------------------
delay      = 1.40
delta_mag  = 0.31
avg_mag    = 18.55
tau        = 3.65
sigma      = 0.05


-------------
RUNNING EMCEE
-------------

pos
sampler
Process Started on 2014-04-07 01:01:43.022636
It is currently    2014-04-07 01:01:51.824265
burn-in sampler.run_mcmc
	Mean acceptance fraction: 0.577
	Errors based on 16th, 50th, and 84th percentile
	Param     	MC_rec	err_up	err_low
	delay     	1.42e+00	+1.21e-01	-8.10e-02
	delta_mag 	3.04e-01	+9.76e-03	-8.46e-03
	sigma     	4.89e-02	+8.38e-03	-7.02e-03
	tau       	3.70e+00	+8.04e-01	-6.04e-01
	avg_mag   	1.86e+01	+3.60e-02	-4.45e-02
Process Started on 2014-04-07 01:01:43.022636
It is currently    2014-04-07 01:04:23.229802
sampler.run_mcmc
Process Started on 2014-04-07 01:01:43.022636
It is currently    2014-04-07 01:23:30.253447
sampler.chain
90000
Mean acceptance fraction: 0.510
Errors based on 16th, 50th, and 84th percentile
Param     	MC_rec	err_up	err_low
delay     	1.50e+00	+1.49e-01	-1.32e-01
delta_mag 	3.00e-01	+9.29e-03	-9.64e-03
sigma     	4.52e-02	+6.98e-03	-6.15e-03
tau       	1.30e+01	+1.43e+01	-8.09e+00
avg_mag   	1.85e+01	+6.38e-02	-7.69e-02
Process Started on 2014-04-07 01:01:43.022636
It is currently    2014-04-07 01:23:36.775176
