
SIMULATION PARAMETERS
Namespace(avg_mag=19.0, delay=1.5, delta_mag=0.3, numorbits=40, outputtag='hubble_sim_r1017', photometricerror=0.02, redshift=0.658, sigma=0.07, tau=121.0)

Process Started on 2014-04-07 01:24:45.201749
The output_tag for this run is: hubble_sim_r1017_2014_04_07_01:24

CRUDE LIGHT CURVE PARAMETERS
----------------------------
parameter lc1   	lc2
----------------------------
sigma     +0.29 	+0.39
tau       +0.03 	+0.01
avg_mag   +19.51 	+19.83


BEGINNING LIGHT CURVE PARAMETER OPTIMIZATION

Optimization terminated successfully.
         Current function value: -549.036647
         Iterations: 100
         Function evaluations: 180
Optimization terminated successfully.
         Current function value: -558.027162
         Iterations: 121
         Function evaluations: 217

OPTIMIZED LIGHT CURVE PARAMETERS
--------------------------------
parameter lc1   	lc2
--------------------------------
sigma     +0.06 	+0.05
tau       +0.42 	+0.53
avg_mag   +19.52 	+19.83


Process Started on 2014-04-07 01:24:45.201749
It is now          2014-04-07 01:24:45.948802

time series is 2.50 days long
with  106 data points
The most common sample time distance is 0.02 days within the range of [0.01,0.03] days

1% done
10% done
25% done
50% done
75% done
DONE

Process Started on 2014-04-07 01:24:45.201749
It is now          2014-04-07 01:24:46.272574

BEST DELAY=1.24766e+00

INITIAL PARAMETERS (average of lc1 and lc2)
-------------------------------------------
delay      = 1.25
delta_mag  = 0.31
avg_mag    = 19.52
tau        = 0.48
sigma      = 0.05

Optimization terminated successfully.
         Current function value: -1076.187246
         Iterations: 112
         Function evaluations: 201

INITIAL PARAMETERS (optimization of merged light curve)
-------------------------------------------------------
delay      = 1.25
delta_mag  = 0.31
avg_mag    = 19.52
tau        = 0.53
sigma      = 0.05


-------------
RUNNING EMCEE
-------------

pos
sampler
Process Started on 2014-04-07 01:24:45.201749
It is currently    2014-04-07 01:24:48.113505
burn-in sampler.run_mcmc
	Mean acceptance fraction: 0.547
	Errors based on 16th, 50th, and 84th percentile
	Param     	MC_rec	err_up	err_low
	delay     	1.43e+00	+6.03e-02	-8.73e-02
	delta_mag 	3.03e-01	+3.87e-03	-5.20e-03
	sigma     	5.92e-02	+8.29e-03	-8.10e-03
	tau       	5.43e-01	+1.05e-01	-7.00e-02
	avg_mag   	1.95e+01	+1.57e-02	-1.28e-02
Process Started on 2014-04-07 01:24:45.201749
It is currently    2014-04-07 01:25:35.171712
sampler.run_mcmc
Process Started on 2014-04-07 01:24:45.201749
It is currently    2014-04-07 01:31:40.554486
sampler.chain
90000
Mean acceptance fraction: 0.509
Errors based on 16th, 50th, and 84th percentile
Param     	MC_rec	err_up	err_low
delay     	1.50e+00	+1.31e-02	-1.29e-02
delta_mag 	3.02e-01	+3.09e-03	-3.08e-03
sigma     	5.31e-02	+5.41e-03	-4.93e-03
tau       	1.24e+00	+1.75e+00	-6.09e-01
avg_mag   	1.95e+01	+2.16e-02	-1.76e-02
Process Started on 2014-04-07 01:24:45.201749
It is currently    2014-04-07 01:31:46.884763
