
SIMULATION PARAMETERS
Namespace(avg_mag=19.0, delay=1.5, delta_mag=0.3, numorbits=80, outputtag='hubble_sim_r4', photometricerror=0.02, redshift=0.658, sigma=0.07, tau=121.0)

Process Started on 2014-04-06 19:53:22.269074
The output_tag for this run is: hubble_sim_r4_2014_04_06_19:53

CRUDE LIGHT CURVE PARAMETERS
----------------------------
parameter lc1   	lc2
----------------------------
sigma     +3.79 	+1.34
tau       +0.00 	+0.01
avg_mag   +18.65 	+19.04


BEGINNING LIGHT CURVE PARAMETER OPTIMIZATION

Optimization terminated successfully.
         Current function value: -1147.645944
         Iterations: 316
         Function evaluations: 549
Optimization terminated successfully.
         Current function value: -1143.345556
         Iterations: 170
         Function evaluations: 293

OPTIMIZED LIGHT CURVE PARAMETERS
--------------------------------
parameter lc1   	lc2
--------------------------------
sigma     +0.05 	+0.05
tau       +4.75 	+15.84
avg_mag   +18.69 	+19.03


Process Started on 2014-04-06 19:53:22.269074
It is now          2014-04-06 19:53:25.353639

time series is 5.01 days long
with  218 data points
The most common sample time distance is 0.03 days within the range of [0.02,0.04] days

1% done
10% done
25% done
50% done
75% done
DONE

Process Started on 2014-04-06 19:53:22.269074
It is now          2014-04-06 19:53:25.988159

BEST DELAY=1.39583e+00

INITIAL PARAMETERS (average of lc1 and lc2)
-------------------------------------------
delay      = 1.40
delta_mag  = 0.33
avg_mag    = 18.69
tau        = 10.30
sigma      = 0.05

Optimization terminated successfully.
         Current function value: -2169.923743
         Iterations: 167
         Function evaluations: 288

INITIAL PARAMETERS (optimization of merged light curve)
-------------------------------------------------------
delay      = 1.40
delta_mag  = 0.33
avg_mag    = 18.73
tau        = 9.93
sigma      = 0.05


-------------
RUNNING EMCEE
-------------

pos
sampler
Process Started on 2014-04-06 19:53:22.269074
It is currently    2014-04-06 19:53:29.114213
burn-in sampler.run_mcmc
	Mean acceptance fraction: 0.520
	Errors based on 16th, 50th, and 84th percentile
	Param     	MC_rec	err_up	err_low
	delay     	1.49e+00	+1.23e-02	-2.58e-02
	delta_mag 	3.02e-01	+4.25e-03	-2.54e-03
	sigma     	5.28e-02	+5.35e-03	-4.44e-03
	tau       	9.97e+00	+1.01e-01	-6.45e-02
	avg_mag   	1.87e+01	+5.57e-02	-5.35e-02
Process Started on 2014-04-06 19:53:22.269074
It is currently    2014-04-06 19:55:02.024439
sampler.run_mcmc
Process Started on 2014-04-06 19:53:22.269074
It is currently    2014-04-06 20:14:45.581769
sampler.chain
90000
Mean acceptance fraction: 0.513
Errors based on 16th, 50th, and 84th percentile
Param     	MC_rec	err_up	err_low
delay     	1.50e+00	+6.39e-03	-6.68e-03
delta_mag 	3.00e-01	+1.74e-03	-1.70e-03
sigma     	5.10e-02	+3.26e-03	-3.03e-03
tau       	4.07e+01	+3.84e+01	-2.87e+01
avg_mag   	1.87e+01	+1.56e-01	-1.42e-01
Process Started on 2014-04-06 19:53:22.269074
It is currently    2014-04-06 20:14:54.978667
