
SIMULATION PARAMETERS
Namespace(avg_mag=19.0, delay=1.5, delta_mag=0.3, numorbits=40, outputtag='hubble_sim_r1219', photometricerror=0.1, redshift=0.658, sigma=0.07, tau=121.0)

Process Started on 2014-04-07 04:47:27.850951
The output_tag for this run is: hubble_sim_r1219_2014_04_07_04:47

CRUDE LIGHT CURVE PARAMETERS
----------------------------
parameter lc1   	lc2
----------------------------
sigma     +0.29 	+0.66
tau       +0.01 	+0.01
avg_mag   +19.09 	+19.37


BEGINNING LIGHT CURVE PARAMETER OPTIMIZATION

Optimization terminated successfully.
         Current function value: -317.896070
         Iterations: 53
         Function evaluations: 99
Optimization terminated successfully.
         Current function value: -304.149609
         Iterations: 54
         Function evaluations: 106

OPTIMIZED LIGHT CURVE PARAMETERS
--------------------------------
parameter lc1   	lc2
--------------------------------
sigma     +0.00 	+0.00
tau       +0.02 	+0.01
avg_mag   +19.09 	+19.37


Process Started on 2014-04-07 04:47:27.850951
It is now          2014-04-07 04:47:28.256364

time series is 2.50 days long
with  117 data points
The most common sample time distance is 0.01 days within the range of [0.02,0.01] days

1% done
10% done
25% done
50% done
75% done
DONE

Process Started on 2014-04-07 04:47:27.850951
It is now          2014-04-07 04:47:28.579962

BEST DELAY=-1.25060e+00

INITIAL PARAMETERS (average of lc1 and lc2)
-------------------------------------------
delay      = -1.25
delta_mag  = 0.28
avg_mag    = 19.09
tau        = 0.01
sigma      = 0.00

Optimization terminated successfully.
         Current function value: -623.274549
         Iterations: 107
         Function evaluations: 188

INITIAL PARAMETERS (optimization of merged light curve)
-------------------------------------------------------
delay      = -1.25
delta_mag  = 0.28
avg_mag    = 19.10
tau        = 0.49
sigma      = 0.03


-------------
RUNNING EMCEE
-------------

pos
sampler
Process Started on 2014-04-07 04:47:27.850951
It is currently    2014-04-07 04:47:30.398681
burn-in sampler.run_mcmc
	Mean acceptance fraction: 0.570
	Errors based on 16th, 50th, and 84th percentile
	Param     	MC_rec	err_up	err_low
	delay     	-1.23e+00	+1.68e-01	-1.50e-01
	delta_mag 	2.74e-01	+1.17e-02	-1.37e-02
	sigma     	3.71e-02	+1.67e-02	-1.57e-02
	tau       	5.16e-01	+1.62e-01	-1.42e-01
	avg_mag   	1.91e+01	+1.41e-02	-1.05e-02
Process Started on 2014-04-07 04:47:27.850951
It is currently    2014-04-07 04:48:17.082223
sampler.run_mcmc
Process Started on 2014-04-07 04:47:27.850951
It is currently    2014-04-07 04:54:00.390604
sampler.chain
90000
Mean acceptance fraction: 0.474
Errors based on 16th, 50th, and 84th percentile
Param     	MC_rec	err_up	err_low
delay     	-1.38e+00	+4.35e-01	-5.73e-01
delta_mag 	2.70e-01	+1.24e-02	-1.57e-02
sigma     	2.48e-02	+1.34e-02	-1.26e-02
tau       	1.91e+00	+1.85e+00	-1.22e+00
avg_mag   	1.91e+01	+1.88e-02	-1.30e-02
Process Started on 2014-04-07 04:47:27.850951
It is currently    2014-04-07 04:54:06.613591
