
SIMULATION PARAMETERS
Namespace(avg_mag=19.0, delay=1.5, delta_mag=0.3, numorbits=40, outputtag='hubble_sim_r1291', photometricerror=0.1, redshift=0.658, sigma=0.07, tau=121.0)

Process Started on 2014-04-07 05:59:42.658382
The output_tag for this run is: hubble_sim_r1291_2014_04_07_05:59

CRUDE LIGHT CURVE PARAMETERS
----------------------------
parameter lc1   	lc2
----------------------------
sigma     +0.45 	+0.26
tau       +0.01 	+0.01
avg_mag   +19.51 	+19.86


BEGINNING LIGHT CURVE PARAMETER OPTIMIZATION

Optimization terminated successfully.
         Current function value: -281.258890
         Iterations: 54
         Function evaluations: 103
Optimization terminated successfully.
         Current function value: -290.197809
         Iterations: 49
         Function evaluations: 96

OPTIMIZED LIGHT CURVE PARAMETERS
--------------------------------
parameter lc1   	lc2
--------------------------------
sigma     +0.00 	+0.00
tau       +0.02 	+0.01
avg_mag   +19.51 	+19.86


Process Started on 2014-04-07 05:59:42.658382
It is now          2014-04-07 05:59:43.015111

time series is 2.51 days long
with  106 data points
The most common sample time distance is 0.01 days within the range of [0.02,0.01] days

1% done
10% done
25% done
50% done
75% done
DONE

Process Started on 2014-04-07 05:59:42.658382
It is now          2014-04-07 05:59:43.326138

BEST DELAY=-5.36215e-02

INITIAL PARAMETERS (average of lc1 and lc2)
-------------------------------------------
delay      = -0.05
delta_mag  = 0.35
avg_mag    = 19.51
tau        = 0.02
sigma      = 0.00

Optimization terminated successfully.
         Current function value: -571.456700
         Iterations: 63
         Function evaluations: 113

INITIAL PARAMETERS (optimization of merged light curve)
-------------------------------------------------------
delay      = -0.05
delta_mag  = 0.35
avg_mag    = 19.51
tau        = 0.01
sigma      = 0.00


-------------
RUNNING EMCEE
-------------

pos
sampler
Process Started on 2014-04-07 05:59:42.658382
It is currently    2014-04-07 05:59:44.707433
burn-in sampler.run_mcmc
	Mean acceptance fraction: 0.441
	Errors based on 16th, 50th, and 84th percentile
	Param     	MC_rec	err_up	err_low
	delay     	-4.89e-02	+3.79e-02	-1.79e-02
	delta_mag 	3.45e-01	+9.82e-03	-1.09e-02
	sigma     	1.64e-04	+1.50e-04	-1.17e-04
	tau       	2.38e-02	+4.59e-02	-1.69e-02
	avg_mag   	1.95e+01	+7.19e-03	-6.81e-03
Process Started on 2014-04-07 05:59:42.658382
It is currently    2014-04-07 06:00:16.739659
sampler.run_mcmc
Process Started on 2014-04-07 05:59:42.658382
It is currently    2014-04-07 06:04:38.951927
sampler.chain
90000
Mean acceptance fraction: 0.413
Errors based on 16th, 50th, and 84th percentile
Param     	MC_rec	err_up	err_low
delay     	-5.38e-02	+8.56e-01	-8.31e-01
delta_mag 	3.45e-01	+9.79e-03	-9.58e-03
sigma     	1.93e-04	+1.22e-04	-1.32e-04
tau       	6.54e-02	+5.26e-02	-4.40e-02
avg_mag   	1.95e+01	+6.98e-03	-6.90e-03
Process Started on 2014-04-07 05:59:42.658382
It is currently    2014-04-07 06:04:45.377893
