
SIMULATION PARAMETERS
Namespace(avg_mag=19.0, delay=1.5, delta_mag=0.3, numorbits=40, outputtag='hubble_sim_r1079', photometricerror=0.02, redshift=0.658, sigma=0.07, tau=121.0)

Process Started on 2014-04-07 02:26:58.290320
The output_tag for this run is: hubble_sim_r1079_2014_04_07_02:26

CRUDE LIGHT CURVE PARAMETERS
----------------------------
parameter lc1   	lc2
----------------------------
sigma     +0.41 	+0.45
tau       +0.01 	+0.01
avg_mag   +19.30 	+19.59


BEGINNING LIGHT CURVE PARAMETER OPTIMIZATION

Optimization terminated successfully.
         Current function value: -592.889101
         Iterations: 150
         Function evaluations: 266
Optimization terminated successfully.
         Current function value: -574.705142
         Iterations: 119
         Function evaluations: 214

OPTIMIZED LIGHT CURVE PARAMETERS
--------------------------------
parameter lc1   	lc2
--------------------------------
sigma     +0.03 	+0.05
tau       +4.24 	+1.34
avg_mag   +19.30 	+19.62


Process Started on 2014-04-07 02:26:58.290320
It is now          2014-04-07 02:26:59.213737

time series is 2.50 days long
with  110 data points
The most common sample time distance is 0.01 days within the range of [0.00,0.02] days

1% done
10% done
25% done
50% done
75% done
DONE

Process Started on 2014-04-07 02:26:58.290320
It is now          2014-04-07 02:26:59.543150

BEST DELAY=1.24862e+00

INITIAL PARAMETERS (average of lc1 and lc2)
-------------------------------------------
delay      = 1.25
delta_mag  = 0.32
avg_mag    = 19.30
tau        = 2.79
sigma      = 0.04

Optimization terminated successfully.
         Current function value: -1106.349266
         Iterations: 119
         Function evaluations: 211

INITIAL PARAMETERS (optimization of merged light curve)
-------------------------------------------------------
delay      = 1.25
delta_mag  = 0.32
avg_mag    = 19.32
tau        = 1.76
sigma      = 0.04


-------------
RUNNING EMCEE
-------------

pos
sampler
Process Started on 2014-04-07 02:26:58.290320
It is currently    2014-04-07 02:27:01.425182
burn-in sampler.run_mcmc
	Mean acceptance fraction: 0.520
	Errors based on 16th, 50th, and 84th percentile
	Param     	MC_rec	err_up	err_low
	delay     	1.28e+00	+2.00e-01	-3.86e-02
	delta_mag 	2.94e-01	+5.01e-03	-4.13e-03
	sigma     	4.40e-02	+5.94e-03	-5.32e-03
	tau       	1.75e+00	+8.76e-02	-1.29e-01
	avg_mag   	1.93e+01	+2.46e-02	-2.66e-02
Process Started on 2014-04-07 02:26:58.290320
It is currently    2014-04-07 02:27:48.705445
sampler.run_mcmc
Process Started on 2014-04-07 02:26:58.290320
It is currently    2014-04-07 02:33:54.247711
sampler.chain
90000
Mean acceptance fraction: 0.501
Errors based on 16th, 50th, and 84th percentile
Param     	MC_rec	err_up	err_low
delay     	1.50e+00	+1.56e-02	-1.54e-02
delta_mag 	3.02e-01	+3.18e-03	-3.17e-03
sigma     	4.52e-02	+4.91e-03	-4.17e-03
tau       	5.39e+00	+6.99e+00	-3.34e+00
avg_mag   	1.93e+01	+5.38e-02	-3.77e-02
Process Started on 2014-04-07 02:26:58.290320
It is currently    2014-04-07 02:34:00.573173
