
SIMULATION PARAMETERS
Namespace(avg_mag=19.0, delay=1.5, delta_mag=0.3, numorbits=80, outputtag='hubble_sim_r238', photometricerror=0.1, redshift=0.658, sigma=0.07, tau=121.0)

Process Started on 2014-04-07 00:01:25.275288
The output_tag for this run is: hubble_sim_r238_2014_04_07_00:01

CRUDE LIGHT CURVE PARAMETERS
----------------------------
parameter lc1   	lc2
----------------------------
sigma     +1.44 	+1.46
tau       +0.01 	+0.01
avg_mag   +18.72 	+19.08


BEGINNING LIGHT CURVE PARAMETER OPTIMIZATION

Optimization terminated successfully.
         Current function value: -446.490726
         Iterations: 63
         Function evaluations: 113
Optimization terminated successfully.
         Current function value: -542.041779
         Iterations: 157
         Function evaluations: 281

OPTIMIZED LIGHT CURVE PARAMETERS
--------------------------------
parameter lc1   	lc2
--------------------------------
sigma     +0.00 	+0.06
tau       +0.01 	+4.24
avg_mag   +18.72 	+19.08


Process Started on 2014-04-07 00:01:25.275288
It is now          2014-04-07 00:01:27.721726

time series is 5.01 days long
with  211 data points
The most common sample time distance is 0.03 days within the range of [0.02,0.04] days

1% done
10% done
25% done
50% done
75% done
DONE

Process Started on 2014-04-07 00:01:25.275288
It is now          2014-04-07 00:01:28.774713

BEST DELAY=1.19597e+00

INITIAL PARAMETERS (average of lc1 and lc2)
-------------------------------------------
delay      = 1.20
delta_mag  = 0.36
avg_mag    = 18.72
tau        = 2.13
sigma      = 0.03

Optimization terminated successfully.
         Current function value: -1077.308425
         Iterations: 138
         Function evaluations: 243

INITIAL PARAMETERS (optimization of merged light curve)
-------------------------------------------------------
delay      = 1.20
delta_mag  = 0.36
avg_mag    = 18.72
tau        = 4.72
sigma      = 0.06


-------------
RUNNING EMCEE
-------------

pos
sampler
Process Started on 2014-04-07 00:01:25.275288
It is currently    2014-04-07 00:01:33.779795
burn-in sampler.run_mcmc
	Mean acceptance fraction: 0.576
	Errors based on 16th, 50th, and 84th percentile
	Param     	MC_rec	err_up	err_low
	delay     	1.41e+00	+9.68e-02	-1.10e-01
	delta_mag 	3.08e-01	+1.13e-02	-1.04e-02
	sigma     	6.86e-02	+1.08e-02	-9.96e-03
	tau       	4.80e+00	+6.98e-01	-5.31e-01
	avg_mag   	1.87e+01	+5.88e-02	-6.55e-02
Process Started on 2014-04-07 00:01:25.275288
It is currently    2014-04-07 00:04:00.958890
sampler.run_mcmc
Process Started on 2014-04-07 00:01:25.275288
It is currently    2014-04-07 00:23:48.568839
sampler.chain
90000
Mean acceptance fraction: 0.516
Errors based on 16th, 50th, and 84th percentile
Param     	MC_rec	err_up	err_low
delay     	1.50e+00	+7.77e-02	-7.56e-02
delta_mag 	3.00e-01	+8.88e-03	-8.91e-03
sigma     	6.30e-02	+8.59e-03	-7.73e-03
tau       	2.21e+01	+1.66e+01	-1.33e+01
avg_mag   	1.87e+01	+1.30e-01	-1.31e-01
Process Started on 2014-04-07 00:01:25.275288
It is currently    2014-04-07 00:23:59.303710
