
SIMULATION PARAMETERS
Namespace(avg_mag=19.0, delay=1.5, delta_mag=0.3, numorbits=80, outputtag='hubble_sim_r268', photometricerror=0.1, redshift=0.658, sigma=0.07, tau=121.0)

Process Started on 2014-04-07 00:34:35.480706
The output_tag for this run is: hubble_sim_r268_2014_04_07_00:34

CRUDE LIGHT CURVE PARAMETERS
----------------------------
parameter lc1   	lc2
----------------------------
sigma     +0.51 	+0.85
tau       +0.15 	+0.03
avg_mag   +19.12 	+19.41


BEGINNING LIGHT CURVE PARAMETER OPTIMIZATION

Optimization terminated successfully.
         Current function value: -560.578892
         Iterations: 107
         Function evaluations: 201
Optimization terminated successfully.
         Current function value: -561.038779
         Iterations: 134
         Function evaluations: 244

OPTIMIZED LIGHT CURVE PARAMETERS
--------------------------------
parameter lc1   	lc2
--------------------------------
sigma     +0.07 	+0.06
tau       +1.56 	+4.18
avg_mag   +19.11 	+19.38


Process Started on 2014-04-07 00:34:35.480706
It is now          2014-04-07 00:34:38.374987

time series is 5.01 days long
with  218 data points
The most common sample time distance is 0.03 days within the range of [0.02,0.04] days

1% done
10% done
25% done
50% done
75% done
DONE

Process Started on 2014-04-07 00:34:35.480706
It is now          2014-04-07 00:34:39.454304

BEST DELAY=1.49432e+00

INITIAL PARAMETERS (average of lc1 and lc2)
-------------------------------------------
delay      = 1.49
delta_mag  = 0.27
avg_mag    = 19.11
tau        = 2.87
sigma      = 0.06

Optimization terminated successfully.
         Current function value: -1131.465949
         Iterations: 109
         Function evaluations: 200

INITIAL PARAMETERS (optimization of merged light curve)
-------------------------------------------------------
delay      = 1.49
delta_mag  = 0.27
avg_mag    = 19.08
tau        = 2.47
sigma      = 0.07


-------------
RUNNING EMCEE
-------------

pos
sampler
Process Started on 2014-04-07 00:34:35.480706
It is currently    2014-04-07 00:34:43.797316
burn-in sampler.run_mcmc
	Mean acceptance fraction: 0.584
	Errors based on 16th, 50th, and 84th percentile
	Param     	MC_rec	err_up	err_low
	delay     	1.52e+00	+5.28e-02	-4.79e-02
	delta_mag 	3.00e-01	+9.47e-03	-9.64e-03
	sigma     	6.78e-02	+1.06e-02	-8.41e-03
	tau       	2.46e+00	+1.68e-01	-1.51e-01
	avg_mag   	1.91e+01	+3.98e-02	-3.74e-02
Process Started on 2014-04-07 00:34:35.480706
It is currently    2014-04-07 00:36:47.438158
sampler.run_mcmc
Process Started on 2014-04-07 00:34:35.480706
It is currently    2014-04-07 00:56:34.442330
sampler.chain
90000
Mean acceptance fraction: 0.512
Errors based on 16th, 50th, and 84th percentile
Param     	MC_rec	err_up	err_low
delay     	1.51e+00	+5.35e-02	-4.99e-02
delta_mag 	3.02e-01	+8.39e-03	-7.82e-03
sigma     	6.47e-02	+8.95e-03	-7.84e-03
tau       	8.57e+00	+9.77e+00	-5.03e+00
avg_mag   	1.91e+01	+7.15e-02	-8.47e-02
Process Started on 2014-04-07 00:34:35.480706
It is currently    2014-04-07 00:56:41.048152
