
SIMULATION PARAMETERS
Namespace(avg_mag=19.0, delay=1.5, delta_mag=0.3, numorbits=40, outputtag='hubble_sim_r1222', photometricerror=0.1, redshift=0.658, sigma=0.07, tau=121.0)

Process Started on 2014-04-07 04:50:28.444885
The output_tag for this run is: hubble_sim_r1222_2014_04_07_04:50

CRUDE LIGHT CURVE PARAMETERS
----------------------------
parameter lc1   	lc2
----------------------------
sigma     +0.71 	+0.23
tau       +0.02 	+0.12
avg_mag   +18.20 	+18.57


BEGINNING LIGHT CURVE PARAMETER OPTIMIZATION

Optimization terminated successfully.
         Current function value: -256.756993
         Iterations: 58
         Function evaluations: 103
Optimization terminated successfully.
         Current function value: -288.027428
         Iterations: 56
         Function evaluations: 106

OPTIMIZED LIGHT CURVE PARAMETERS
--------------------------------
parameter lc1   	lc2
--------------------------------
sigma     +0.00 	+0.00
tau       +0.02 	+0.15
avg_mag   +18.20 	+18.57


Process Started on 2014-04-07 04:50:28.444885
It is now          2014-04-07 04:50:28.827980

time series is 2.51 days long
with  108 data points
The most common sample time distance is 0.01 days within the range of [0.02,0.01] days

1% done
10% done
25% done
50% done
75% done
DONE

Process Started on 2014-04-07 04:50:28.444885
It is now          2014-04-07 04:50:29.145047

BEST DELAY=1.04638e+00

INITIAL PARAMETERS (average of lc1 and lc2)
-------------------------------------------
delay      = 1.05
delta_mag  = 0.37
avg_mag    = 18.20
tau        = 0.08
sigma      = 0.00

Optimization terminated successfully.
         Current function value: -563.036768
         Iterations: 106
         Function evaluations: 186

INITIAL PARAMETERS (optimization of merged light curve)
-------------------------------------------------------
delay      = 1.05
delta_mag  = 0.37
avg_mag    = 18.19
tau        = 1.20
sigma      = 0.05


-------------
RUNNING EMCEE
-------------

pos
sampler
Process Started on 2014-04-07 04:50:28.444885
It is currently    2014-04-07 04:50:30.822645
burn-in sampler.run_mcmc
	Mean acceptance fraction: 0.592
	Errors based on 16th, 50th, and 84th percentile
	Param     	MC_rec	err_up	err_low
	delay     	1.16e+00	+1.68e-01	-1.30e-01
	delta_mag 	3.39e-01	+1.46e-02	-1.76e-02
	sigma     	6.28e-02	+1.42e-02	-1.31e-02
	tau       	1.32e+00	+7.14e-01	-3.19e-01
	avg_mag   	1.82e+01	+3.67e-02	-2.95e-02
Process Started on 2014-04-07 04:50:28.444885
It is currently    2014-04-07 04:51:15.993210
sampler.run_mcmc
Process Started on 2014-04-07 04:50:28.444885
It is currently    2014-04-07 04:57:13.222374
sampler.chain
90000
Mean acceptance fraction: 0.521
Errors based on 16th, 50th, and 84th percentile
Param     	MC_rec	err_up	err_low
delay     	1.41e+00	+2.43e-01	-1.98e-01
delta_mag 	3.15e-01	+1.84e-02	-2.14e-02
sigma     	5.28e-02	+1.15e-02	-9.83e-03
tau       	6.11e+00	+3.70e+00	-3.32e+00
avg_mag   	1.82e+01	+5.46e-02	-5.41e-02
Process Started on 2014-04-07 04:50:28.444885
It is currently    2014-04-07 04:57:19.531510
