
SIMULATION PARAMETERS
Namespace(avg_mag=19.0, delay=1.5, delta_mag=0.3, numorbits=80, outputtag='hubble_sim_r162', photometricerror=0.05, redshift=0.658, sigma=0.07, tau=121.0)

Process Started on 2014-04-06 22:39:59.543071
The output_tag for this run is: hubble_sim_r162_2014_04_06_22:39

CRUDE LIGHT CURVE PARAMETERS
----------------------------
parameter lc1   	lc2
----------------------------
sigma     +0.75 	+0.26
tau       +0.01 	+0.15
avg_mag   +19.37 	+19.71


BEGINNING LIGHT CURVE PARAMETER OPTIMIZATION

Optimization terminated successfully.
         Current function value: -801.365535
         Iterations: 141
         Function evaluations: 254
Optimization terminated successfully.
         Current function value: -811.423269
         Iterations: 110
         Function evaluations: 198

OPTIMIZED LIGHT CURVE PARAMETERS
--------------------------------
parameter lc1   	lc2
--------------------------------
sigma     +0.06 	+0.05
tau       +2.53 	+0.85
avg_mag   +19.35 	+19.71


Process Started on 2014-04-06 22:39:59.543071
It is now          2014-04-06 22:40:02.314451

time series is 5.01 days long
with  210 data points
The most common sample time distance is 0.01 days within the range of [0.01,0.01] days

1% done
10% done
25% done
50% done
75% done
DONE

Process Started on 2014-04-06 22:39:59.543071
It is now          2014-04-06 22:40:03.351978

BEST DELAY=-2.20460e+00

INITIAL PARAMETERS (average of lc1 and lc2)
-------------------------------------------
delay      = -2.20
delta_mag  = 0.36
avg_mag    = 19.35
tau        = 1.69
sigma      = 0.05

Optimization terminated successfully.
         Current function value: -1605.658153
         Iterations: 108
         Function evaluations: 190

INITIAL PARAMETERS (optimization of merged light curve)
-------------------------------------------------------
delay      = -2.20
delta_mag  = 0.36
avg_mag    = 19.37
tau        = 1.26
sigma      = 0.05


-------------
RUNNING EMCEE
-------------

pos
sampler
Process Started on 2014-04-06 22:39:59.543071
It is currently    2014-04-06 22:40:07.580603
burn-in sampler.run_mcmc
	Mean acceptance fraction: 0.586
	Errors based on 16th, 50th, and 84th percentile
	Param     	MC_rec	err_up	err_low
	delay     	-2.21e+00	+4.72e-02	-4.26e-02
	delta_mag 	3.52e-01	+4.92e-03	-4.86e-03
	sigma     	5.24e-02	+6.32e-03	-5.24e-03
	tau       	1.26e+00	+1.19e-01	-9.47e-02
	avg_mag   	1.94e+01	+1.62e-02	-1.64e-02
Process Started on 2014-04-06 22:39:59.543071
It is currently    2014-04-06 22:42:20.812421
sampler.run_mcmc
Process Started on 2014-04-06 22:39:59.543071
It is currently    2014-04-06 23:01:10.626866
sampler.chain
90000
Mean acceptance fraction: 0.503
Errors based on 16th, 50th, and 84th percentile
Param     	MC_rec	err_up	err_low
delay     	-2.21e+00	+4.62e-02	-4.25e-02
delta_mag 	3.51e-01	+4.97e-03	-4.89e-03
sigma     	5.08e-02	+5.47e-03	-5.07e-03
tau       	2.78e+00	+4.42e+00	-1.44e+00
avg_mag   	1.94e+01	+3.11e-02	-2.86e-02
Process Started on 2014-04-06 22:39:59.543071
It is currently    2014-04-06 23:01:18.900006
