
SIMULATION PARAMETERS
Namespace(avg_mag=19.0, delay=1.5, delta_mag=0.3, numorbits=80, outputtag='hubble_sim_r106', photometricerror=0.05, redshift=0.658, sigma=0.07, tau=121.0)

Process Started on 2014-04-06 21:40:40.143818
The output_tag for this run is: hubble_sim_r106_2014_04_06_21:40

CRUDE LIGHT CURVE PARAMETERS
----------------------------
parameter lc1   	lc2
----------------------------
sigma     +0.60 	+0.29
tau       +0.04 	+0.01
avg_mag   +18.31 	+18.57


BEGINNING LIGHT CURVE PARAMETER OPTIMIZATION

Optimization terminated successfully.
         Current function value: -806.480460
         Iterations: 169
         Function evaluations: 295
Optimization terminated successfully.
         Current function value: -828.827617
         Iterations: 50
         Function evaluations: 96

OPTIMIZED LIGHT CURVE PARAMETERS
--------------------------------
parameter lc1   	lc2
--------------------------------
sigma     +0.06 	+0.00
tau       +6.88 	+0.02
avg_mag   +18.37 	+18.57


Process Started on 2014-04-06 21:40:40.143818
It is now          2014-04-06 21:40:42.598061

time series is 5.01 days long
with  211 data points
The most common sample time distance is 0.01 days within the range of [0.01,0.01] days

1% done
10% done
25% done
50% done
75% done
DONE

Process Started on 2014-04-06 21:40:40.143818
It is now          2014-04-06 21:40:43.634418

BEST DELAY=-2.50470e+00

INITIAL PARAMETERS (average of lc1 and lc2)
-------------------------------------------
delay      = -2.50
delta_mag  = 0.21
avg_mag    = 18.37
tau        = 3.45
sigma      = 0.03

Optimization terminated successfully.
         Current function value: -1491.294649
         Iterations: 65
         Function evaluations: 126

INITIAL PARAMETERS (optimization of merged light curve)
-------------------------------------------------------
delay      = -2.50
delta_mag  = 0.21
avg_mag    = 18.33
tau        = 0.40
sigma      = 0.07


-------------
RUNNING EMCEE
-------------

pos
sampler
Process Started on 2014-04-06 21:40:40.143818
It is currently    2014-04-06 21:40:47.101297
burn-in sampler.run_mcmc
	Mean acceptance fraction: 0.557
	Errors based on 16th, 50th, and 84th percentile
	Param     	MC_rec	err_up	err_low
	delay     	-2.36e+00	+3.84e-01	-1.20e-01
	delta_mag 	2.31e-01	+1.08e-02	-9.11e-03
	sigma     	5.61e-02	+1.02e-02	-9.07e-03
	tau       	6.05e-01	+4.18e-01	-1.62e-01
	avg_mag   	1.83e+01	+1.22e-02	-1.49e-02
Process Started on 2014-04-06 21:40:40.143818
It is currently    2014-04-06 21:43:10.687125
sampler.run_mcmc
Process Started on 2014-04-06 21:40:40.143818
It is currently    2014-04-06 21:57:41.422102
sampler.chain
90000
Mean acceptance fraction: 0.326
Errors based on 16th, 50th, and 84th percentile
Param     	MC_rec	err_up	err_low
delay     	-1.91e+00	+1.24e-01	-2.86e+00
delta_mag 	2.38e-01	+9.86e-03	-1.78e-01
sigma     	4.82e-02	+5.62e-03	-5.97e-03
tau       	2.91e+00	+8.53e-01	-1.52e+00
avg_mag   	1.83e+01	+6.75e-02	-3.52e-02
Process Started on 2014-04-06 21:40:40.143818
It is currently    2014-04-06 21:57:51.016773
