
SIMULATION PARAMETERS
Namespace(avg_mag=19.0, delay=1.5, delta_mag=0.3, numorbits=40, outputtag='hubble_sim_r1049', photometricerror=0.02, redshift=0.658, sigma=0.07, tau=121.0)

Process Started on 2014-04-07 01:56:51.849220
The output_tag for this run is: hubble_sim_r1049_2014_04_07_01:56

CRUDE LIGHT CURVE PARAMETERS
----------------------------
parameter lc1   	lc2
----------------------------
sigma     +0.28 	+0.68
tau       +0.16 	+0.06
avg_mag   +18.48 	+18.66


BEGINNING LIGHT CURVE PARAMETER OPTIMIZATION

Optimization terminated successfully.
         Current function value: -531.265483
         Iterations: 124
         Function evaluations: 226
Optimization terminated successfully.
         Current function value: -545.519154
         Iterations: 153
         Function evaluations: 272

OPTIMIZED LIGHT CURVE PARAMETERS
--------------------------------
parameter lc1   	lc2
--------------------------------
sigma     +0.06 	+0.05
tau       +1.09 	+10.24
avg_mag   +18.45 	+18.69


Process Started on 2014-04-07 01:56:51.849220
It is now          2014-04-07 01:56:52.752788

time series is 2.51 days long
with  104 data points
The most common sample time distance is 0.01 days within the range of [0.02,0.01] days

1% done
10% done
25% done
50% done
75% done
DONE

Process Started on 2014-04-07 01:56:51.849220
It is now          2014-04-07 01:56:53.074027

BEST DELAY=1.14608e+00

INITIAL PARAMETERS (average of lc1 and lc2)
-------------------------------------------
delay      = 1.15
delta_mag  = 0.24
avg_mag    = 18.45
tau        = 5.67
sigma      = 0.06

Optimization terminated successfully.
         Current function value: -1072.682006
         Iterations: 137
         Function evaluations: 245

INITIAL PARAMETERS (optimization of merged light curve)
-------------------------------------------------------
delay      = 1.15
delta_mag  = 0.24
avg_mag    = 18.40
tau        = 3.15
sigma      = 0.06


-------------
RUNNING EMCEE
-------------

pos
sampler
Process Started on 2014-04-07 01:56:51.849220
It is currently    2014-04-07 01:56:54.955380
burn-in sampler.run_mcmc
	Mean acceptance fraction: 0.583
	Errors based on 16th, 50th, and 84th percentile
	Param     	MC_rec	err_up	err_low
	delay     	1.17e+00	+2.93e-02	-1.57e-02
	delta_mag 	2.60e-01	+4.84e-03	-3.75e-03
	sigma     	5.49e-02	+5.76e-03	-4.56e-03
	tau       	3.20e+00	+3.91e-01	-2.52e-01
	avg_mag   	1.84e+01	+4.16e-02	-4.33e-02
Process Started on 2014-04-07 01:56:51.849220
It is currently    2014-04-07 01:57:38.903831
sampler.run_mcmc
Process Started on 2014-04-07 01:56:51.849220
It is currently    2014-04-07 02:03:30.651638
sampler.chain
90000
Mean acceptance fraction: 0.465
Errors based on 16th, 50th, and 84th percentile
Param     	MC_rec	err_up	err_low
delay     	1.19e+00	+3.28e-02	-2.42e-02
delta_mag 	2.63e-01	+5.49e-03	-4.35e-03
sigma     	5.35e-02	+4.81e-03	-4.29e-03
tau       	1.27e+01	+1.19e+01	-7.44e+00
avg_mag   	1.84e+01	+7.88e-02	-9.30e-02
Process Started on 2014-04-07 01:56:51.849220
It is currently    2014-04-07 02:03:36.734542
