
SIMULATION PARAMETERS
Namespace(avg_mag=19.0, delay=1.5, delta_mag=0.3, numorbits=80, outputtag='hubble_sim_r207', photometricerror=0.1, redshift=0.658, sigma=0.07, tau=121.0)

Process Started on 2014-04-06 23:28:15.037112
The output_tag for this run is: hubble_sim_r207_2014_04_06_23:28

CRUDE LIGHT CURVE PARAMETERS
----------------------------
parameter lc1   	lc2
----------------------------
sigma     +0.32 	+0.75
tau       +0.09 	+0.01
avg_mag   +19.85 	+20.11


BEGINNING LIGHT CURVE PARAMETER OPTIMIZATION

Optimization terminated successfully.
         Current function value: -556.125845
         Iterations: 120
         Function evaluations: 210
Optimization terminated successfully.
         Current function value: -518.931159
         Iterations: 53
         Function evaluations: 102

OPTIMIZED LIGHT CURVE PARAMETERS
--------------------------------
parameter lc1   	lc2
--------------------------------
sigma     +0.03 	+0.00
tau       +2.46 	+0.02
avg_mag   +19.84 	+20.11


Process Started on 2014-04-06 23:28:15.037112
It is now          2014-04-06 23:28:16.991789

time series is 5.00 days long
with  210 data points
The most common sample time distance is 0.01 days within the range of [0.01,0.01] days

1% done
10% done
25% done
50% done
75% done
DONE

Process Started on 2014-04-06 23:28:15.037112
It is now          2014-04-06 23:28:18.044369

BEST DELAY=9.99903e-01

INITIAL PARAMETERS (average of lc1 and lc2)
-------------------------------------------
delay      = 1.00
delta_mag  = 0.27
avg_mag    = 19.84
tau        = 1.24
sigma      = 0.02

Optimization terminated successfully.
         Current function value: -1115.598493
         Iterations: 120
         Function evaluations: 216

INITIAL PARAMETERS (optimization of merged light curve)
-------------------------------------------------------
delay      = 1.00
delta_mag  = 0.27
avg_mag    = 19.84
tau        = 3.30
sigma      = 0.03


-------------
RUNNING EMCEE
-------------

pos
sampler
Process Started on 2014-04-06 23:28:15.037112
It is currently    2014-04-06 23:28:22.500613
burn-in sampler.run_mcmc
	Mean acceptance fraction: 0.582
	Errors based on 16th, 50th, and 84th percentile
	Param     	MC_rec	err_up	err_low
	delay     	1.15e+00	+2.60e-01	-1.73e-01
	delta_mag 	2.83e-01	+1.21e-02	-1.09e-02
	sigma     	3.76e-02	+8.33e-03	-7.47e-03
	tau       	3.26e+00	+3.03e-01	-4.25e-01
	avg_mag   	1.98e+01	+2.69e-02	-3.07e-02
Process Started on 2014-04-06 23:28:15.037112
It is currently    2014-04-06 23:30:41.284184
sampler.run_mcmc
Process Started on 2014-04-06 23:28:15.037112
It is currently    2014-04-06 23:49:32.357324
sampler.chain
90000
Mean acceptance fraction: 0.511
Errors based on 16th, 50th, and 84th percentile
Param     	MC_rec	err_up	err_low
delay     	1.46e+00	+1.81e-01	-1.69e-01
delta_mag 	2.95e-01	+1.09e-02	-1.02e-02
sigma     	3.58e-02	+7.53e-03	-6.32e-03
tau       	1.32e+01	+1.24e+01	-8.43e+00
avg_mag   	1.98e+01	+5.40e-02	-5.68e-02
Process Started on 2014-04-06 23:28:15.037112
It is currently    2014-04-06 23:49:42.877406
