
SIMULATION PARAMETERS
Namespace(avg_mag=19.0, delay=1.5, delta_mag=0.3, numorbits=80, outputtag='hubble_sim_r69', photometricerror=0.02, redshift=0.658, sigma=0.07, tau=121.0)

Process Started on 2014-04-06 20:59:48.330965
The output_tag for this run is: hubble_sim_r69_2014_04_06_20:59

CRUDE LIGHT CURVE PARAMETERS
----------------------------
parameter lc1   	lc2
----------------------------
sigma     +0.39 	+0.37
tau       +0.03 	+0.02
avg_mag   +18.60 	+18.91


BEGINNING LIGHT CURVE PARAMETER OPTIMIZATION

Optimization terminated successfully.
         Current function value: -1129.573661
         Iterations: 110
         Function evaluations: 198
Optimization terminated successfully.
         Current function value: -1138.719522
         Iterations: 122
         Function evaluations: 216

OPTIMIZED LIGHT CURVE PARAMETERS
--------------------------------
parameter lc1   	lc2
--------------------------------
sigma     +0.05 	+0.04
tau       +1.01 	+1.07
avg_mag   +18.60 	+18.90


Process Started on 2014-04-06 20:59:48.330965
It is now          2014-04-06 20:59:50.441805

time series is 5.01 days long
with  214 data points
The most common sample time distance is 0.01 days within the range of [0.01,0.01] days

1% done
10% done
25% done
50% done
75% done
DONE

Process Started on 2014-04-06 20:59:48.330965
It is now          2014-04-06 20:59:51.070378

BEST DELAY=1.49325e+00

INITIAL PARAMETERS (average of lc1 and lc2)
-------------------------------------------
delay      = 1.49
delta_mag  = 0.31
avg_mag    = 18.60
tau        = 1.04
sigma      = 0.04

Optimization terminated successfully.
         Current function value: -2311.713304
         Iterations: 114
         Function evaluations: 203

INITIAL PARAMETERS (optimization of merged light curve)
-------------------------------------------------------
delay      = 1.49
delta_mag  = 0.31
avg_mag    = 18.59
tau        = 0.90
sigma      = 0.05


-------------
RUNNING EMCEE
-------------

pos
sampler
Process Started on 2014-04-06 20:59:48.330965
It is currently    2014-04-06 20:59:55.540552
burn-in sampler.run_mcmc
	Mean acceptance fraction: 0.579
	Errors based on 16th, 50th, and 84th percentile
	Param     	MC_rec	err_up	err_low
	delay     	1.50e+00	+7.40e-03	-7.61e-03
	delta_mag 	3.00e-01	+1.76e-03	-1.94e-03
	sigma     	4.76e-02	+3.79e-03	-3.79e-03
	tau       	9.17e-01	+1.63e-01	-9.98e-02
	avg_mag   	1.86e+01	+1.11e-02	-1.06e-02
Process Started on 2014-04-06 20:59:48.330965
It is currently    2014-04-06 21:02:11.991317
sampler.run_mcmc
Process Started on 2014-04-06 20:59:48.330965
It is currently    2014-04-06 21:22:10.007993
sampler.chain
90000
Mean acceptance fraction: 0.515
Errors based on 16th, 50th, and 84th percentile
Param     	MC_rec	err_up	err_low
delay     	1.50e+00	+6.80e-03	-6.69e-03
delta_mag 	3.00e-01	+1.64e-03	-1.66e-03
sigma     	4.69e-02	+3.67e-03	-3.37e-03
tau       	1.84e+00	+2.87e+00	-8.60e-01
avg_mag   	1.86e+01	+1.90e-02	-2.35e-02
Process Started on 2014-04-06 20:59:48.330965
It is currently    2014-04-06 21:22:20.917796
