
SIMULATION PARAMETERS
Namespace(avg_mag=19.0, delay=1.5, delta_mag=0.3, numorbits=80, outputtag='hubble_sim_r139', photometricerror=0.05, redshift=0.658, sigma=0.07, tau=121.0)

Process Started on 2014-04-06 22:14:51.615249
The output_tag for this run is: hubble_sim_r139_2014_04_06_22:14

CRUDE LIGHT CURVE PARAMETERS
----------------------------
parameter lc1   	lc2
----------------------------
sigma     +1.62 	+0.80
tau       +0.01 	+0.02
avg_mag   +18.35 	+18.69


BEGINNING LIGHT CURVE PARAMETER OPTIMIZATION

Optimization terminated successfully.
         Current function value: -853.934077
         Iterations: 171
         Function evaluations: 305
Optimization terminated successfully.
         Current function value: -848.786105
         Iterations: 154
         Function evaluations: 268

OPTIMIZED LIGHT CURVE PARAMETERS
--------------------------------
parameter lc1   	lc2
--------------------------------
sigma     +0.05 	+0.06
tau       +10.93 	+3.90
avg_mag   +18.34 	+18.62


Process Started on 2014-04-06 22:14:51.615249
It is now          2014-04-06 22:14:55.261167

time series is 5.01 days long
with  222 data points
The most common sample time distance is 0.01 days within the range of [0.01,0.02] days

1% done
10% done
25% done
50% done
75% done
DONE

Process Started on 2014-04-06 22:14:51.615249
It is now          2014-04-06 22:14:56.324612

BEST DELAY=1.49505e+00

INITIAL PARAMETERS (average of lc1 and lc2)
-------------------------------------------
delay      = 1.50
delta_mag  = 0.29
avg_mag    = 18.34
tau        = 7.41
sigma      = 0.06

Optimization terminated successfully.
         Current function value: -1729.477187
         Iterations: 142
         Function evaluations: 250

INITIAL PARAMETERS (optimization of merged light curve)
-------------------------------------------------------
delay      = 1.50
delta_mag  = 0.29
avg_mag    = 18.29
tau        = 6.47
sigma      = 0.05


-------------
RUNNING EMCEE
-------------

pos
sampler
Process Started on 2014-04-06 22:14:51.615249
It is currently    2014-04-06 22:15:01.186086
burn-in sampler.run_mcmc
	Mean acceptance fraction: 0.596
	Errors based on 16th, 50th, and 84th percentile
	Param     	MC_rec	err_up	err_low
	delay     	1.50e+00	+3.33e-02	-2.80e-02
	delta_mag 	3.00e-01	+5.10e-03	-5.06e-03
	sigma     	5.38e-02	+6.05e-03	-4.79e-03
	tau       	6.47e+00	+2.72e-01	-2.69e-01
	avg_mag   	1.83e+01	+5.97e-02	-5.99e-02
Process Started on 2014-04-06 22:14:51.615249
It is currently    2014-04-06 22:17:34.864536
sampler.run_mcmc
Process Started on 2014-04-06 22:14:51.615249
It is currently    2014-04-06 22:37:38.232832
sampler.chain
90000
Mean acceptance fraction: 0.515
Errors based on 16th, 50th, and 84th percentile
Param     	MC_rec	err_up	err_low
delay     	1.50e+00	+2.81e-02	-2.71e-02
delta_mag 	3.00e-01	+4.14e-03	-4.29e-03
sigma     	5.40e-02	+5.05e-03	-4.66e-03
tau       	2.24e+01	+2.56e+01	-1.40e+01
avg_mag   	1.83e+01	+1.08e-01	-1.27e-01
Process Started on 2014-04-06 22:14:51.615249
It is currently    2014-04-06 22:37:49.092095
