
SIMULATION PARAMETERS
Namespace(avg_mag=19.0, delay=1.5, delta_mag=0.3, numorbits=80, outputtag='hubble_sim_r87', photometricerror=0.02, redshift=0.658, sigma=0.07, tau=121.0)

Process Started on 2014-04-06 21:21:00.117343
The output_tag for this run is: hubble_sim_r87_2014_04_06_21:21

CRUDE LIGHT CURVE PARAMETERS
----------------------------
parameter lc1   	lc2
----------------------------
sigma     +0.21 	+0.16
tau       +0.11 	+0.64
avg_mag   +19.56 	+19.87


BEGINNING LIGHT CURVE PARAMETER OPTIMIZATION

Optimization terminated successfully.
         Current function value: -1126.709345
         Iterations: 92
         Function evaluations: 167
Optimization terminated successfully.
         Current function value: -1124.554986
         Iterations: 98
         Function evaluations: 183

OPTIMIZED LIGHT CURVE PARAMETERS
--------------------------------
parameter lc1   	lc2
--------------------------------
sigma     +0.05 	+0.05
tau       +0.59 	+0.41
avg_mag   +19.56 	+19.86


Process Started on 2014-04-06 21:21:00.117343
It is now          2014-04-06 21:21:02.328399

time series is 5.00 days long
with  213 data points
The most common sample time distance is 0.01 days within the range of [0.01,0.01] days

1% done
10% done
25% done
50% done
75% done
DONE

Process Started on 2014-04-06 21:21:00.117343
It is now          2014-04-06 21:21:03.375531

BEST DELAY=1.49794e+00

INITIAL PARAMETERS (average of lc1 and lc2)
-------------------------------------------
delay      = 1.50
delta_mag  = 0.30
avg_mag    = 19.56
tau        = 0.50
sigma      = 0.05

Optimization terminated successfully.
         Current function value: -2302.184948
         Iterations: 81
         Function evaluations: 150

INITIAL PARAMETERS (optimization of merged light curve)
-------------------------------------------------------
delay      = 1.50
delta_mag  = 0.30
avg_mag    = 19.56
tau        = 0.49
sigma      = 0.05


-------------
RUNNING EMCEE
-------------

pos
sampler
Process Started on 2014-04-06 21:21:00.117343
It is currently    2014-04-06 21:21:07.463615
burn-in sampler.run_mcmc
	Mean acceptance fraction: 0.586
	Errors based on 16th, 50th, and 84th percentile
	Param     	MC_rec	err_up	err_low
	delay     	1.50e+00	+6.03e-03	-6.09e-03
	delta_mag 	3.01e-01	+1.55e-03	-1.87e-03
	sigma     	5.13e-02	+3.70e-03	-3.73e-03
	tau       	4.98e-01	+9.73e-02	-6.65e-02
	avg_mag   	1.96e+01	+6.13e-03	-8.09e-03
Process Started on 2014-04-06 21:21:00.117343
It is currently    2014-04-06 21:23:31.831754
sampler.run_mcmc
Process Started on 2014-04-06 21:21:00.117343
It is currently    2014-04-06 21:44:22.780725
sampler.chain
90000
Mean acceptance fraction: 0.512
Errors based on 16th, 50th, and 84th percentile
Param     	MC_rec	err_up	err_low
delay     	1.50e+00	+6.52e-03	-6.06e-03
delta_mag 	3.01e-01	+1.63e-03	-1.58e-03
sigma     	4.94e-02	+3.85e-03	-3.58e-03
tau       	8.08e-01	+1.07e+00	-3.02e-01
avg_mag   	1.96e+01	+1.06e-02	-1.28e-02
Process Started on 2014-04-06 21:21:00.117343
It is currently    2014-04-06 21:44:33.437824
