
SIMULATION PARAMETERS
Namespace(avg_mag=19.0, delay=1.5, delta_mag=0.3, numorbits=40, outputtag='hubble_sim_r1182', photometricerror=0.05, redshift=0.658, sigma=0.07, tau=121.0)

Process Started on 2014-04-07 04:10:20.070236
The output_tag for this run is: hubble_sim_r1182_2014_04_07_04:10

CRUDE LIGHT CURVE PARAMETERS
----------------------------
parameter lc1   	lc2
----------------------------
sigma     +1.03 	+1.53
tau       +0.01 	+0.00
avg_mag   +19.28 	+19.69


BEGINNING LIGHT CURVE PARAMETER OPTIMIZATION

Optimization terminated successfully.
         Current function value: -423.403786
         Iterations: 134
         Function evaluations: 243
Optimization terminated successfully.
         Current function value: -428.823674
         Iterations: 229
         Function evaluations: 391

OPTIMIZED LIGHT CURVE PARAMETERS
--------------------------------
parameter lc1   	lc2
--------------------------------
sigma     +0.05 	+0.05
tau       +4.82 	+3.03
avg_mag   +19.29 	+19.69


Process Started on 2014-04-07 04:10:20.070236
It is now          2014-04-07 04:10:21.266602

time series is 2.50 days long
with  111 data points
The most common sample time distance is 0.01 days within the range of [0.01,0.03] days

1% done
10% done
25% done
50% done
75% done
DONE

Process Started on 2014-04-07 04:10:20.070236
It is now          2014-04-07 04:10:21.590309

BEST DELAY=1.48016e-01

INITIAL PARAMETERS (average of lc1 and lc2)
-------------------------------------------
delay      = 0.15
delta_mag  = 0.40
avg_mag    = 19.29
tau        = 3.93
sigma      = 0.05

Optimization terminated successfully.
         Current function value: -861.442568
         Iterations: 152
         Function evaluations: 270

INITIAL PARAMETERS (optimization of merged light curve)
-------------------------------------------------------
delay      = 0.15
delta_mag  = 0.40
avg_mag    = 19.29
tau        = 6.06
sigma      = 0.04


-------------
RUNNING EMCEE
-------------

pos
sampler
Process Started on 2014-04-07 04:10:20.070236
It is currently    2014-04-07 04:10:23.646160
burn-in sampler.run_mcmc
	Mean acceptance fraction: 0.571
	Errors based on 16th, 50th, and 84th percentile
	Param     	MC_rec	err_up	err_low
	delay     	5.61e-02	+1.48e-01	-1.66e-01
	delta_mag 	4.05e-01	+1.20e-02	-1.15e-02
	sigma     	4.59e-02	+8.98e-03	-6.26e-03
	tau       	6.02e+00	+2.16e-01	-2.91e-01
	avg_mag   	1.93e+01	+5.80e-02	-5.19e-02
Process Started on 2014-04-07 04:10:20.070236
It is currently    2014-04-07 04:11:10.473287
sampler.run_mcmc
Process Started on 2014-04-07 04:10:20.070236
It is currently    2014-04-07 04:17:13.317752
sampler.chain
90000
Mean acceptance fraction: 0.483
Errors based on 16th, 50th, and 84th percentile
Param     	MC_rec	err_up	err_low
delay     	-9.87e-02	+1.62e-01	-9.21e-02
delta_mag 	4.15e-01	+8.81e-03	-1.14e-02
sigma     	4.58e-02	+7.58e-03	-6.34e-03
tau       	2.55e+01	+2.31e+01	-1.70e+01
avg_mag   	1.93e+01	+1.03e-01	-1.06e-01
Process Started on 2014-04-07 04:10:20.070236
It is currently    2014-04-07 04:17:19.511060
