
SIMULATION PARAMETERS
Namespace(avg_mag=19.0, delay=1.5, delta_mag=0.3, numorbits=40, outputtag='hubble_sim_r1193', photometricerror=0.05, redshift=0.658, sigma=0.07, tau=121.0)

Process Started on 2014-04-07 04:21:22.493389
The output_tag for this run is: hubble_sim_r1193_2014_04_07_04:21

CRUDE LIGHT CURVE PARAMETERS
----------------------------
parameter lc1   	lc2
----------------------------
sigma     +0.18 	+0.61
tau       +0.08 	+0.01
avg_mag   +19.17 	+19.46


BEGINNING LIGHT CURVE PARAMETER OPTIMIZATION

Optimization terminated successfully.
         Current function value: -408.031369
         Iterations: 144
         Function evaluations: 260
Optimization terminated successfully.
         Current function value: -397.266345
         Iterations: 176
         Function evaluations: 320

OPTIMIZED LIGHT CURVE PARAMETERS
--------------------------------
parameter lc1   	lc2
--------------------------------
sigma     +0.02 	+0.04
tau       +1.74 	+2.14
avg_mag   +19.17 	+19.45


Process Started on 2014-04-07 04:21:22.493389
It is now          2014-04-07 04:21:23.571634

time series is 2.50 days long
with  102 data points
The most common sample time distance is 0.01 days within the range of [0.02,0.01] days

1% done
10% done
25% done
50% done
75% done
DONE

Process Started on 2014-04-07 04:21:22.493389
It is now          2014-04-07 04:21:23.895774

BEST DELAY=1.24963e+00

INITIAL PARAMETERS (average of lc1 and lc2)
-------------------------------------------
delay      = 1.25
delta_mag  = 0.28
avg_mag    = 19.17
tau        = 1.94
sigma      = 0.03

Optimization terminated successfully.
         Current function value: -801.975886
         Iterations: 118
         Function evaluations: 211

INITIAL PARAMETERS (optimization of merged light curve)
-------------------------------------------------------
delay      = 1.25
delta_mag  = 0.28
avg_mag    = 19.15
tau        = 1.74
sigma      = 0.03


-------------
RUNNING EMCEE
-------------

pos
sampler
Process Started on 2014-04-07 04:21:22.493389
It is currently    2014-04-07 04:21:25.693615
burn-in sampler.run_mcmc
	Mean acceptance fraction: 0.577
	Errors based on 16th, 50th, and 84th percentile
	Param     	MC_rec	err_up	err_low
	delay     	1.32e+00	+2.58e-01	-1.93e-01
	delta_mag 	2.96e-01	+8.45e-03	-8.50e-03
	sigma     	3.77e-02	+7.97e-03	-6.66e-03
	tau       	1.76e+00	+3.27e-01	-1.61e-01
	avg_mag   	1.91e+01	+1.88e-02	-2.03e-02
Process Started on 2014-04-07 04:21:22.493389
It is currently    2014-04-07 04:22:10.197135
sampler.run_mcmc
Process Started on 2014-04-07 04:21:22.493389
It is currently    2014-04-07 04:27:51.925918
sampler.chain
90000
Mean acceptance fraction: 0.500
Errors based on 16th, 50th, and 84th percentile
Param     	MC_rec	err_up	err_low
delay     	1.58e+00	+4.81e-01	-2.70e-01
delta_mag 	2.97e-01	+7.59e-03	-8.55e-03
sigma     	3.39e-02	+6.40e-03	-5.15e-03
tau       	6.86e+00	+6.40e+00	-3.99e+00
avg_mag   	1.91e+01	+3.29e-02	-4.33e-02
Process Started on 2014-04-07 04:21:22.493389
It is currently    2014-04-07 04:27:58.302463
