
SIMULATION PARAMETERS
Namespace(avg_mag=19.0, delay=1.5, delta_mag=0.3, numorbits=80, outputtag='hubble_sim_r51', photometricerror=0.02, redshift=0.658, sigma=0.07, tau=121.0)

Process Started on 2014-04-06 20:38:58.797667
The output_tag for this run is: hubble_sim_r51_2014_04_06_20:38

CRUDE LIGHT CURVE PARAMETERS
----------------------------
parameter lc1   	lc2
----------------------------
sigma     +0.29 	+0.30
tau       +0.10 	+0.11
avg_mag   +18.93 	+19.24


BEGINNING LIGHT CURVE PARAMETER OPTIMIZATION

Optimization terminated successfully.
         Current function value: -1140.385840
         Iterations: 118
         Function evaluations: 215
Optimization terminated successfully.
         Current function value: -1142.266141
         Iterations: 119
         Function evaluations: 219

OPTIMIZED LIGHT CURVE PARAMETERS
--------------------------------
parameter lc1   	lc2
--------------------------------
sigma     +0.05 	+0.05
tau       +1.11 	+1.19
avg_mag   +18.94 	+19.23


Process Started on 2014-04-06 20:38:58.797667
It is now          2014-04-06 20:39:01.330317

time series is 5.01 days long
with  215 data points
The most common sample time distance is 0.01 days within the range of [0.01,0.01] days

1% done
10% done
25% done
50% done
75% done
DONE

Process Started on 2014-04-06 20:38:58.797667
It is now          2014-04-06 20:39:02.311696

BEST DELAY=1.49484e+00

INITIAL PARAMETERS (average of lc1 and lc2)
-------------------------------------------
delay      = 1.49
delta_mag  = 0.29
avg_mag    = 18.94
tau        = 1.15
sigma      = 0.05

Optimization terminated successfully.
         Current function value: -2327.859666
         Iterations: 105
         Function evaluations: 191

INITIAL PARAMETERS (optimization of merged light curve)
-------------------------------------------------------
delay      = 1.49
delta_mag  = 0.29
avg_mag    = 18.94
tau        = 1.19
sigma      = 0.05


-------------
RUNNING EMCEE
-------------

pos
sampler
Process Started on 2014-04-06 20:38:58.797667
It is currently    2014-04-06 20:39:06.354415
burn-in sampler.run_mcmc
	Mean acceptance fraction: 0.572
	Errors based on 16th, 50th, and 84th percentile
	Param     	MC_rec	err_up	err_low
	delay     	1.50e+00	+7.10e-03	-7.48e-03
	delta_mag 	2.99e-01	+1.90e-03	-1.84e-03
	sigma     	4.60e-02	+3.57e-03	-3.29e-03
	tau       	1.18e+00	+9.99e-02	-9.63e-02
	avg_mag   	1.89e+01	+1.28e-02	-1.45e-02
Process Started on 2014-04-06 20:38:58.797667
It is currently    2014-04-06 20:41:35.741056
sampler.run_mcmc
Process Started on 2014-04-06 20:38:58.797667
It is currently    2014-04-06 21:01:50.089475
sampler.chain
90000
Mean acceptance fraction: 0.504
Errors based on 16th, 50th, and 84th percentile
Param     	MC_rec	err_up	err_low
delay     	1.50e+00	+6.81e-03	-7.07e-03
delta_mag 	2.99e-01	+1.65e-03	-1.63e-03
sigma     	4.47e-02	+3.13e-03	-2.92e-03
tau       	2.60e+00	+4.21e+00	-1.34e+00
avg_mag   	1.89e+01	+2.42e-02	-2.55e-02
Process Started on 2014-04-06 20:38:58.797667
It is currently    2014-04-06 21:02:00.497289
