
SIMULATION PARAMETERS
Namespace(avg_mag=19.0, delay=1.5, delta_mag=0.3, numorbits=40, outputtag='hubble_sim_r1211', photometricerror=0.1, redshift=0.658, sigma=0.07, tau=121.0)

Process Started on 2014-04-07 04:39:26.086422
The output_tag for this run is: hubble_sim_r1211_2014_04_07_04:39

CRUDE LIGHT CURVE PARAMETERS
----------------------------
parameter lc1   	lc2
----------------------------
sigma     +0.13 	+0.19
tau       +0.31 	+0.06
avg_mag   +18.68 	+18.98


BEGINNING LIGHT CURVE PARAMETER OPTIMIZATION

Optimization terminated successfully.
         Current function value: -292.276298
         Iterations: 63
         Function evaluations: 115
Optimization terminated successfully.
         Current function value: -290.299680
         Iterations: 48
         Function evaluations: 91

OPTIMIZED LIGHT CURVE PARAMETERS
--------------------------------
parameter lc1   	lc2
--------------------------------
sigma     +0.00 	+0.00
tau       +0.43 	+0.08
avg_mag   +18.68 	+18.98


Process Started on 2014-04-07 04:39:26.086422
It is now          2014-04-07 04:39:26.454422

time series is 2.50 days long
with  107 data points
The most common sample time distance is 0.01 days within the range of [0.02,0.01] days

1% done
10% done
25% done
50% done
75% done
DONE

Process Started on 2014-04-07 04:39:26.086422
It is now          2014-04-07 04:39:26.765229

BEST DELAY=-1.25229e+00

INITIAL PARAMETERS (average of lc1 and lc2)
-------------------------------------------
delay      = -1.25
delta_mag  = 0.30
avg_mag    = 18.68
tau        = 0.25
sigma      = 0.00

Optimization terminated successfully.
         Current function value: -582.575973
         Iterations: 52
         Function evaluations: 97

INITIAL PARAMETERS (optimization of merged light curve)
-------------------------------------------------------
delay      = -1.25
delta_mag  = 0.30
avg_mag    = 18.68
tau        = 0.71
sigma      = 0.00


-------------
RUNNING EMCEE
-------------

pos
sampler
Process Started on 2014-04-07 04:39:26.086422
It is currently    2014-04-07 04:39:28.191798
burn-in sampler.run_mcmc
	Mean acceptance fraction: 0.351
	Errors based on 16th, 50th, and 84th percentile
	Param     	MC_rec	err_up	err_low
	delay     	-1.25e+00	+1.28e-02	-1.69e-02
	delta_mag 	3.04e-01	+9.84e-03	-1.05e-02
	sigma     	3.50e-05	+3.46e-05	-1.00e-04
	tau       	7.08e-01	+1.93e-02	-2.57e-02
	avg_mag   	1.87e+01	+5.69e-03	-5.74e-03
Process Started on 2014-04-07 04:39:26.086422
It is currently    2014-04-07 04:39:54.512737
sampler.run_mcmc
Process Started on 2014-04-07 04:39:26.086422
It is currently    2014-04-07 04:43:43.574226
sampler.chain
90000
Mean acceptance fraction: 0.363
Errors based on 16th, 50th, and 84th percentile
Param     	MC_rec	err_up	err_low
delay     	-1.25e+00	+7.94e-01	-7.92e-01
delta_mag 	3.04e-01	+9.13e-03	-9.70e-03
sigma     	3.86e-05	+2.96e-05	-3.01e-05
tau       	2.57e+00	+3.01e+00	-1.86e+00
avg_mag   	1.87e+01	+6.64e-03	-6.54e-03
Process Started on 2014-04-07 04:39:26.086422
It is currently    2014-04-07 04:43:49.825727
