
SIMULATION PARAMETERS
Namespace(avg_mag=19.0, delay=1.5, delta_mag=0.3, numorbits=40, outputtag='hubble_sim_r1122', photometricerror=0.05, redshift=0.658, sigma=0.07, tau=121.0)

Process Started on 2014-04-07 03:10:07.363863
The output_tag for this run is: hubble_sim_r1122_2014_04_07_03:10

CRUDE LIGHT CURVE PARAMETERS
----------------------------
parameter lc1   	lc2
----------------------------
sigma     +0.16 	+0.40
tau       +0.24 	+0.03
avg_mag   +18.27 	+18.60


BEGINNING LIGHT CURVE PARAMETER OPTIMIZATION

Optimization terminated successfully.
         Current function value: -444.019848
         Iterations: 53
         Function evaluations: 101
Optimization terminated successfully.
         Current function value: -433.682405
         Iterations: 114
         Function evaluations: 205

OPTIMIZED LIGHT CURVE PARAMETERS
--------------------------------
parameter lc1   	lc2
--------------------------------
sigma     +0.03 	+0.04
tau       +0.34 	+1.26
avg_mag   +18.27 	+18.60


Process Started on 2014-04-07 03:10:07.363863
It is now          2014-04-07 03:10:07.972089

time series is 2.50 days long
with  112 data points
The most common sample time distance is 0.01 days within the range of [0.02,0.01] days

1% done
10% done
25% done
50% done
75% done
DONE

Process Started on 2014-04-07 03:10:07.363863
It is now          2014-04-07 03:10:08.303753

BEST DELAY=9.49734e-01

INITIAL PARAMETERS (average of lc1 and lc2)
-------------------------------------------
delay      = 0.95
delta_mag  = 0.33
avg_mag    = 18.27
tau        = 0.80
sigma      = 0.04

Optimization terminated successfully.
         Current function value: -879.215140
         Iterations: 133
         Function evaluations: 242

INITIAL PARAMETERS (optimization of merged light curve)
-------------------------------------------------------
delay      = 0.95
delta_mag  = 0.33
avg_mag    = 18.28
tau        = 0.98
sigma      = 0.04


-------------
RUNNING EMCEE
-------------

pos
sampler
Process Started on 2014-04-07 03:10:07.363863
It is currently    2014-04-07 03:10:10.281489
burn-in sampler.run_mcmc
	Mean acceptance fraction: 0.580
	Errors based on 16th, 50th, and 84th percentile
	Param     	MC_rec	err_up	err_low
	delay     	1.01e+00	+1.29e-01	-8.76e-02
	delta_mag 	3.17e-01	+7.37e-03	-8.95e-03
	sigma     	4.08e-02	+7.30e-03	-6.74e-03
	tau       	1.04e+00	+3.52e-01	-2.21e-01
	avg_mag   	1.83e+01	+1.75e-02	-1.50e-02
Process Started on 2014-04-07 03:10:07.363863
It is currently    2014-04-07 03:10:58.059816
sampler.run_mcmc
Process Started on 2014-04-07 03:10:07.363863
It is currently    2014-04-07 03:17:13.082799
sampler.chain
90000
Mean acceptance fraction: 0.482
Errors based on 16th, 50th, and 84th percentile
Param     	MC_rec	err_up	err_low
delay     	1.22e+00	+2.99e-01	-2.15e-01
delta_mag 	3.10e-01	+9.03e-03	-1.04e-02
sigma     	3.70e-02	+7.45e-03	-6.11e-03
tau       	3.72e+00	+3.66e+00	-2.15e+00
avg_mag   	1.83e+01	+3.27e-02	-2.56e-02
Process Started on 2014-04-07 03:10:07.363863
It is currently    2014-04-07 03:17:19.375133
