
SIMULATION PARAMETERS
Namespace(avg_mag=19.0, delay=1.5, delta_mag=0.3, numorbits=80, outputtag='hubble_sim_r274', photometricerror=0.1, redshift=0.658, sigma=0.07, tau=121.0)

Process Started on 2014-04-07 00:40:37.411067
The output_tag for this run is: hubble_sim_r274_2014_04_07_00:40

CRUDE LIGHT CURVE PARAMETERS
----------------------------
parameter lc1   	lc2
----------------------------
sigma     +0.42 	+0.51
tau       +0.93 	+0.01
avg_mag   +18.58 	+18.91


BEGINNING LIGHT CURVE PARAMETER OPTIMIZATION

Optimization terminated successfully.
         Current function value: -582.258745
         Iterations: 99
         Function evaluations: 182
Optimization terminated successfully.
         Current function value: -586.910042
         Iterations: 52
         Function evaluations: 102

OPTIMIZED LIGHT CURVE PARAMETERS
--------------------------------
parameter lc1   	lc2
--------------------------------
sigma     +0.07 	+0.00
tau       +1.19 	+0.02
avg_mag   +18.57 	+18.91


Process Started on 2014-04-07 00:40:37.411067
It is now          2014-04-07 00:40:39.327459

time series is 5.00 days long
with  225 data points
The most common sample time distance is 0.01 days within the range of [0.00,0.01] days

1% done
10% done
25% done
50% done
75% done
DONE

Process Started on 2014-04-07 00:40:37.411067
It is now          2014-04-07 00:40:40.444406

BEST DELAY=-2.10232e+00

INITIAL PARAMETERS (average of lc1 and lc2)
-------------------------------------------
delay      = -2.10
delta_mag  = 0.34
avg_mag    = 18.57
tau        = 0.60
sigma      = 0.03

Optimization terminated successfully.
         Current function value: -1177.531622
         Iterations: 127
         Function evaluations: 219

INITIAL PARAMETERS (optimization of merged light curve)
-------------------------------------------------------
delay      = -2.10
delta_mag  = 0.34
avg_mag    = 18.57
tau        = 1.24
sigma      = 0.05


-------------
RUNNING EMCEE
-------------

pos
sampler
Process Started on 2014-04-07 00:40:37.411067
It is currently    2014-04-07 00:40:45.097829
burn-in sampler.run_mcmc
	Mean acceptance fraction: 0.581
	Errors based on 16th, 50th, and 84th percentile
	Param     	MC_rec	err_up	err_low
	delay     	-2.12e+00	+8.31e-02	-8.80e-02
	delta_mag 	3.58e-01	+1.08e-02	-1.03e-02
	sigma     	5.66e-02	+8.73e-03	-8.51e-03
	tau       	1.30e+00	+3.61e-01	-2.07e-01
	avg_mag   	1.86e+01	+1.91e-02	-2.10e-02
Process Started on 2014-04-07 00:40:37.411067
It is currently    2014-04-07 00:42:45.964296
sampler.run_mcmc
Process Started on 2014-04-07 00:40:37.411067
It is currently    2014-04-07 00:59:05.788438
sampler.chain
90000
Mean acceptance fraction: 0.511
Errors based on 16th, 50th, and 84th percentile
Param     	MC_rec	err_up	err_low
delay     	-2.15e+00	+9.96e-02	-1.08e-01
delta_mag 	3.62e-01	+8.68e-03	-9.08e-03
sigma     	5.15e-02	+8.18e-03	-7.06e-03
tau       	3.85e+00	+4.47e+00	-2.06e+00
avg_mag   	1.86e+01	+3.47e-02	-4.14e-02
Process Started on 2014-04-07 00:40:37.411067
It is currently    2014-04-07 00:59:16.617009
