
SIMULATION PARAMETERS
Namespace(avg_mag=19.0, delay=1.5, delta_mag=0.3, numorbits=80, outputtag='hubble_sim_r171', photometricerror=0.05, redshift=0.658, sigma=0.07, tau=121.0)

Process Started on 2014-04-06 22:49:02.426858
The output_tag for this run is: hubble_sim_r171_2014_04_06_22:49

CRUDE LIGHT CURVE PARAMETERS
----------------------------
parameter lc1   	lc2
----------------------------
sigma     +0.33 	+0.38
tau       +0.03 	+0.03
avg_mag   +17.95 	+18.24


BEGINNING LIGHT CURVE PARAMETER OPTIMIZATION

Optimization terminated successfully.
         Current function value: -830.116648
         Iterations: 110
         Function evaluations: 201
Optimization terminated successfully.
         Current function value: -827.216118
         Iterations: 109
         Function evaluations: 195

OPTIMIZED LIGHT CURVE PARAMETERS
--------------------------------
parameter lc1   	lc2
--------------------------------
sigma     +0.05 	+0.05
tau       +0.69 	+0.66
avg_mag   +17.95 	+18.25


Process Started on 2014-04-06 22:49:02.426858
It is now          2014-04-06 22:49:04.897711

time series is 5.00 days long
with  215 data points
The most common sample time distance is 0.01 days within the range of [0.01,0.01] days

1% done
10% done
25% done
50% done
75% done
DONE

Process Started on 2014-04-06 22:49:02.426858
It is now          2014-04-06 22:49:05.953503

BEST DELAY=1.49824e+00

INITIAL PARAMETERS (average of lc1 and lc2)
-------------------------------------------
delay      = 1.50
delta_mag  = 0.30
avg_mag    = 17.95
tau        = 0.67
sigma      = 0.05

Optimization terminated successfully.
         Current function value: -1683.594280
         Iterations: 100
         Function evaluations: 178

INITIAL PARAMETERS (optimization of merged light curve)
-------------------------------------------------------
delay      = 1.50
delta_mag  = 0.30
avg_mag    = 17.94
tau        = 0.64
sigma      = 0.05


-------------
RUNNING EMCEE
-------------

pos
sampler
Process Started on 2014-04-06 22:49:02.426858
It is currently    2014-04-06 22:49:10.011812
burn-in sampler.run_mcmc
	Mean acceptance fraction: 0.578
	Errors based on 16th, 50th, and 84th percentile
	Param     	MC_rec	err_up	err_low
	delay     	1.50e+00	+2.85e-02	-2.58e-02
	delta_mag 	3.01e-01	+4.34e-03	-4.70e-03
	sigma     	5.46e-02	+6.39e-03	-6.18e-03
	tau       	6.69e-01	+1.93e-01	-1.25e-01
	avg_mag   	1.79e+01	+9.75e-03	-1.15e-02
Process Started on 2014-04-06 22:49:02.426858
It is currently    2014-04-06 22:51:36.450185
sampler.run_mcmc
Process Started on 2014-04-06 22:49:02.426858
It is currently    2014-04-06 23:11:31.007376
sampler.chain
90000
Mean acceptance fraction: 0.513
Errors based on 16th, 50th, and 84th percentile
Param     	MC_rec	err_up	err_low
delay     	1.50e+00	+2.50e-02	-2.48e-02
delta_mag 	3.01e-01	+3.99e-03	-3.97e-03
sigma     	5.21e-02	+6.30e-03	-5.89e-03
tau       	1.13e+00	+1.62e+00	-4.68e-01
avg_mag   	1.79e+01	+1.49e-02	-1.68e-02
Process Started on 2014-04-06 22:49:02.426858
It is currently    2014-04-06 23:11:41.978344
