
SIMULATION PARAMETERS
Namespace(avg_mag=19.0, delay=1.5, delta_mag=0.3, numorbits=80, outputtag='hubble_sim_r13', photometricerror=0.02, redshift=0.658, sigma=0.07, tau=121.0)

Process Started on 2014-04-06 19:54:55.425811
The output_tag for this run is: hubble_sim_r13_2014_04_06_19:54

CRUDE LIGHT CURVE PARAMETERS
----------------------------
parameter lc1   	lc2
----------------------------
sigma     +0.43 	+0.36
tau       +0.02 	+0.05
avg_mag   +18.64 	+18.96


BEGINNING LIGHT CURVE PARAMETER OPTIMIZATION

Optimization terminated successfully.
         Current function value: -1146.188548
         Iterations: 128
         Function evaluations: 226
Optimization terminated successfully.
         Current function value: -1141.495475
         Iterations: 125
         Function evaluations: 222

OPTIMIZED LIGHT CURVE PARAMETERS
--------------------------------
parameter lc1   	lc2
--------------------------------
sigma     +0.05 	+0.05
tau       +1.48 	+2.08
avg_mag   +18.62 	+18.99


Process Started on 2014-04-06 19:54:55.425811
It is now          2014-04-06 19:54:57.179092

time series is 5.01 days long
with  218 data points
The most common sample time distance is 0.03 days within the range of [0.02,0.04] days

1% done
10% done
25% done
50% done
75% done
DONE

Process Started on 2014-04-06 19:54:55.425811
It is now          2014-04-06 19:54:58.132602

BEST DELAY=-2.50649e+00

INITIAL PARAMETERS (average of lc1 and lc2)
-------------------------------------------
delay      = -2.51
delta_mag  = 0.37
avg_mag    = 18.62
tau        = 1.78
sigma      = 0.05

Optimization terminated successfully.
         Current function value: -1722.795979
         Iterations: 163
         Function evaluations: 294

INITIAL PARAMETERS (optimization of merged light curve)
-------------------------------------------------------
delay      = -2.51
delta_mag  = 0.37
avg_mag    = 18.61
tau        = 1.17
sigma      = 0.05


-------------
RUNNING EMCEE
-------------

pos
sampler
Process Started on 2014-04-06 19:54:55.425811
It is currently    2014-04-06 19:55:01.973478
burn-in sampler.run_mcmc
	Mean acceptance fraction: 0.466
	Errors based on 16th, 50th, and 84th percentile
	Param     	MC_rec	err_up	err_low
	delay     	-2.87e+00	+2.75e-01	-3.17e-01
	delta_mag 	3.47e-01	+1.08e-02	-7.83e-03
	sigma     	5.26e-02	+1.03e-02	-8.40e-03
	tau       	1.25e+00	+2.62e-01	-9.17e-02
	avg_mag   	1.87e+01	+6.11e-02	-4.47e-02
Process Started on 2014-04-06 19:54:55.425811
It is currently    2014-04-06 19:57:21.268629
sampler.run_mcmc
Process Started on 2014-04-06 19:54:55.425811
It is currently    2014-04-06 20:17:49.547873
sampler.chain
90000
Mean acceptance fraction: 0.405
Errors based on 16th, 50th, and 84th percentile
Param     	MC_rec	err_up	err_low
delay     	-4.15e+00	+7.63e-02	-5.62e-01
delta_mag 	4.54e-01	+3.20e-02	-9.84e-03
sigma     	5.06e-02	+3.24e-03	-2.88e-03
tau       	5.92e+00	+3.55e+00	-2.79e+00
avg_mag   	1.86e+01	+4.68e-02	-5.07e-02
Process Started on 2014-04-06 19:54:55.425811
It is currently    2014-04-06 20:18:00.287940
