
SIMULATION PARAMETERS
Namespace(avg_mag=19.0, delay=1.5, delta_mag=0.3, numorbits=80, outputtag='hubble_sim_r226', photometricerror=0.1, redshift=0.658, sigma=0.07, tau=121.0)

Process Started on 2014-04-06 23:48:21.453264
The output_tag for this run is: hubble_sim_r226_2014_04_06_23:48

CRUDE LIGHT CURVE PARAMETERS
----------------------------
parameter lc1   	lc2
----------------------------
sigma     +1.63 	+0.45
tau       +0.00 	+0.06
avg_mag   +19.00 	+19.30


BEGINNING LIGHT CURVE PARAMETER OPTIMIZATION

Optimization terminated successfully.
         Current function value: -533.979426
         Iterations: 62
         Function evaluations: 115
Optimization terminated successfully.
         Current function value: -583.455368
         Iterations: 138
         Function evaluations: 238

OPTIMIZED LIGHT CURVE PARAMETERS
--------------------------------
parameter lc1   	lc2
--------------------------------
sigma     +0.00 	+0.05
tau       +0.00 	+2.22
avg_mag   +19.00 	+19.27


Process Started on 2014-04-06 23:48:21.453264
It is now          2014-04-06 23:48:23.765959

time series is 5.00 days long
with  222 data points
The most common sample time distance is 0.01 days within the range of [0.01,0.01] days

1% done
10% done
25% done
50% done
75% done
DONE

Process Started on 2014-04-06 23:48:21.453264
It is now          2014-04-06 23:48:24.839208

BEST DELAY=1.79924e+00

INITIAL PARAMETERS (average of lc1 and lc2)
-------------------------------------------
delay      = 1.80
delta_mag  = 0.27
avg_mag    = 19.00
tau        = 1.11
sigma      = 0.03

Optimization terminated successfully.
         Current function value: -1174.784044
         Iterations: 123
         Function evaluations: 225

INITIAL PARAMETERS (optimization of merged light curve)
-------------------------------------------------------
delay      = 1.80
delta_mag  = 0.27
avg_mag    = 19.00
tau        = 1.96
sigma      = 0.05


-------------
RUNNING EMCEE
-------------

pos
sampler
Process Started on 2014-04-06 23:48:21.453264
It is currently    2014-04-06 23:48:29.547036
burn-in sampler.run_mcmc
	Mean acceptance fraction: 0.587
	Errors based on 16th, 50th, and 84th percentile
	Param     	MC_rec	err_up	err_low
	delay     	1.73e+00	+1.19e-01	-1.83e-01
	delta_mag 	2.88e-01	+1.13e-02	-1.13e-02
	sigma     	5.37e-02	+9.78e-03	-7.08e-03
	tau       	2.08e+00	+6.42e-01	-3.66e-01
	avg_mag   	1.90e+01	+2.49e-02	-2.84e-02
Process Started on 2014-04-06 23:48:21.453264
It is currently    2014-04-06 23:51:00.788169
sampler.run_mcmc
Process Started on 2014-04-06 23:48:21.453264
It is currently    2014-04-07 00:05:50.157882
sampler.chain
90000
Mean acceptance fraction: 0.504
Errors based on 16th, 50th, and 84th percentile
Param     	MC_rec	err_up	err_low
delay     	1.56e+00	+1.58e-01	-1.18e-01
delta_mag 	2.94e-01	+9.59e-03	-1.02e-02
sigma     	5.13e-02	+7.47e-03	-6.77e-03
tau       	5.23e+00	+7.83e+00	-3.03e+00
avg_mag   	1.90e+01	+4.55e-02	-4.81e-02
Process Started on 2014-04-06 23:48:21.453264
It is currently    2014-04-07 00:05:56.895383
