
SIMULATION PARAMETERS
Namespace(avg_mag=19.0, delay=1.5, delta_mag=0.3, numorbits=80, outputtag='hubble_sim_r253', photometricerror=0.1, redshift=0.658, sigma=0.07, tau=121.0)

Process Started on 2014-04-07 00:17:30.597564
The output_tag for this run is: hubble_sim_r253_2014_04_07_00:17

CRUDE LIGHT CURVE PARAMETERS
----------------------------
parameter lc1   	lc2
----------------------------
sigma     +2.32 	+1.13
tau       +0.00 	+0.01
avg_mag   +18.66 	+19.00


BEGINNING LIGHT CURVE PARAMETER OPTIMIZATION

Optimization terminated successfully.
         Current function value: -556.189546
         Iterations: 61
         Function evaluations: 116
Optimization terminated successfully.
         Current function value: -516.311166
         Iterations: 61
         Function evaluations: 113

OPTIMIZED LIGHT CURVE PARAMETERS
--------------------------------
parameter lc1   	lc2
--------------------------------
sigma     +0.00 	+0.00
tau       +0.00 	+0.01
avg_mag   +18.66 	+19.00


Process Started on 2014-04-07 00:17:30.597564
It is now          2014-04-07 00:17:32.031916

time series is 5.01 days long
with  217 data points
The most common sample time distance is 0.01 days within the range of [0.01,0.01] days

1% done
10% done
25% done
50% done
75% done
DONE

Process Started on 2014-04-07 00:17:30.597564
It is now          2014-04-07 00:17:33.066340

BEST DELAY=6.94329e-01

INITIAL PARAMETERS (average of lc1 and lc2)
-------------------------------------------
delay      = 0.69
delta_mag  = 0.34
avg_mag    = 18.66
tau        = 0.00
sigma      = 0.00

Optimization terminated successfully.
         Current function value: -1147.949874
         Iterations: 147
         Function evaluations: 266

INITIAL PARAMETERS (optimization of merged light curve)
-------------------------------------------------------
delay      = 0.69
delta_mag  = 0.34
avg_mag    = 18.67
tau        = 5.83
sigma      = 0.03


-------------
RUNNING EMCEE
-------------

pos
sampler
Process Started on 2014-04-07 00:17:30.597564
It is currently    2014-04-07 00:17:38.038165
burn-in sampler.run_mcmc
	Mean acceptance fraction: 0.581
	Errors based on 16th, 50th, and 84th percentile
	Param     	MC_rec	err_up	err_low
	delay     	1.19e+00	+2.85e-01	-4.28e-01
	delta_mag 	3.15e-01	+1.26e-02	-1.48e-02
	sigma     	3.58e-02	+8.23e-03	-5.90e-03
	tau       	5.70e+00	+7.01e-01	-6.12e-01
	avg_mag   	1.87e+01	+3.87e-02	-4.18e-02
Process Started on 2014-04-07 00:17:30.597564
It is currently    2014-04-07 00:19:44.175909
sampler.run_mcmc
Process Started on 2014-04-07 00:17:30.597564
It is currently    2014-04-07 00:35:59.685658
sampler.chain
90000
Mean acceptance fraction: 0.511
Errors based on 16th, 50th, and 84th percentile
Param     	MC_rec	err_up	err_low
delay     	1.49e+00	+1.62e-01	-1.54e-01
delta_mag 	3.00e-01	+9.54e-03	-1.02e-02
sigma     	3.59e-02	+6.71e-03	-5.75e-03
tau       	2.39e+01	+2.18e+01	-1.49e+01
avg_mag   	1.87e+01	+8.25e-02	-7.42e-02
Process Started on 2014-04-07 00:17:30.597564
It is currently    2014-04-07 00:36:06.175806
