
SIMULATION PARAMETERS
Namespace(avg_mag=19.0, delay=1.5, delta_mag=0.3, numorbits=80, outputtag='hubble_sim_r113', photometricerror=0.05, redshift=0.658, sigma=0.07, tau=121.0)

Process Started on 2014-04-06 21:48:42.861668
The output_tag for this run is: hubble_sim_r113_2014_04_06_21:48

CRUDE LIGHT CURVE PARAMETERS
----------------------------
parameter lc1   	lc2
----------------------------
sigma     +0.41 	+0.60
tau       +0.04 	+0.07
avg_mag   +19.47 	+19.72


BEGINNING LIGHT CURVE PARAMETER OPTIMIZATION

Optimization terminated successfully.
         Current function value: -864.501910
         Iterations: 124
         Function evaluations: 225
Optimization terminated successfully.
         Current function value: -864.349423
         Iterations: 159
         Function evaluations: 281

OPTIMIZED LIGHT CURVE PARAMETERS
--------------------------------
parameter lc1   	lc2
--------------------------------
sigma     +0.05 	+0.04
tau       +2.56 	+8.11
avg_mag   +19.46 	+19.69


Process Started on 2014-04-06 21:48:42.861668
It is now          2014-04-06 21:48:44.804580

time series is 5.01 days long
with  223 data points
The most common sample time distance is 0.01 days within the range of [0.01,0.01] days

1% done
10% done
25% done
50% done
75% done
DONE

Process Started on 2014-04-06 21:48:42.861668
It is now          2014-04-06 21:48:45.456865

BEST DELAY=-2.50554e+00

INITIAL PARAMETERS (average of lc1 and lc2)
-------------------------------------------
delay      = -2.51
delta_mag  = 0.23
avg_mag    = 19.46
tau        = 5.33
sigma      = 0.05

Optimization terminated successfully.
         Current function value: -1645.069914
         Iterations: 136
         Function evaluations: 240

INITIAL PARAMETERS (optimization of merged light curve)
-------------------------------------------------------
delay      = -2.51
delta_mag  = 0.23
avg_mag    = 19.47
tau        = 4.91
sigma      = 0.04


-------------
RUNNING EMCEE
-------------

pos
sampler
Process Started on 2014-04-06 21:48:42.861668
It is currently    2014-04-06 21:48:48.358508
burn-in sampler.run_mcmc
	Mean acceptance fraction: 0.540
	Errors based on 16th, 50th, and 84th percentile
	Param     	MC_rec	err_up	err_low
	delay     	-3.19e+00	+4.80e-01	-3.97e-01
	delta_mag 	1.73e-01	+1.68e-02	-1.82e-02
	sigma     	5.27e-02	+7.36e-03	-7.18e-03
	tau       	5.20e+00	+8.34e-01	-3.96e-01
	avg_mag   	1.95e+01	+6.35e-02	-5.10e-02
Process Started on 2014-04-06 21:48:42.861668
It is currently    2014-04-06 21:50:28.278234
sampler.run_mcmc
Process Started on 2014-04-06 21:48:42.861668
It is currently    2014-04-06 22:08:03.626882
sampler.chain
90000
Mean acceptance fraction: 0.513
Errors based on 16th, 50th, and 84th percentile
Param     	MC_rec	err_up	err_low
delay     	-3.78e+00	+1.28e-01	-1.75e-01
delta_mag 	1.47e-01	+1.05e-02	-1.44e-02
sigma     	4.45e-02	+4.36e-03	-4.06e-03
tau       	2.52e+01	+1.61e+01	-1.49e+01
avg_mag   	1.95e+01	+9.35e-02	-9.50e-02
Process Started on 2014-04-06 21:48:42.861668
It is currently    2014-04-06 22:08:13.320717
