
SIMULATION PARAMETERS
Namespace(avg_mag=19.0, delay=1.5, delta_mag=0.3, numorbits=40, outputtag='hubble_sim_r1033', photometricerror=0.02, redshift=0.658, sigma=0.07, tau=121.0)

Process Started on 2014-04-07 01:40:48.541506
The output_tag for this run is: hubble_sim_r1033_2014_04_07_01:40

CRUDE LIGHT CURVE PARAMETERS
----------------------------
parameter lc1   	lc2
----------------------------
sigma     +0.31 	+0.49
tau       +0.16 	+0.08
avg_mag   +19.46 	+19.74


BEGINNING LIGHT CURVE PARAMETER OPTIMIZATION

Optimization terminated successfully.
         Current function value: -566.559621
         Iterations: 118
         Function evaluations: 212
Optimization terminated successfully.
         Current function value: -546.008968
         Iterations: 114
         Function evaluations: 205

OPTIMIZED LIGHT CURVE PARAMETERS
--------------------------------
parameter lc1   	lc2
--------------------------------
sigma     +0.05 	+0.07
tau       +1.18 	+1.29
avg_mag   +19.46 	+19.73


Process Started on 2014-04-07 01:40:48.541506
It is now          2014-04-07 01:40:49.328487

time series is 2.51 days long
with  107 data points
The most common sample time distance is 0.01 days within the range of [0.02,0.01] days

1% done
10% done
25% done
50% done
75% done
DONE

Process Started on 2014-04-07 01:40:48.541506
It is now          2014-04-07 01:40:49.652599

BEST DELAY=-1.25315e+00

INITIAL PARAMETERS (average of lc1 and lc2)
-------------------------------------------
delay      = -1.25
delta_mag  = 0.28
avg_mag    = 19.46
tau        = 1.24
sigma      = 0.06

Optimization terminated successfully.
         Current function value: -1079.913442
         Iterations: 143
         Function evaluations: 259

INITIAL PARAMETERS (optimization of merged light curve)
-------------------------------------------------------
delay      = -1.25
delta_mag  = 0.28
avg_mag    = 19.48
tau        = 1.17
sigma      = 0.06


-------------
RUNNING EMCEE
-------------

pos
sampler
Process Started on 2014-04-07 01:40:48.541506
It is currently    2014-04-07 01:40:51.893310
burn-in sampler.run_mcmc
	Mean acceptance fraction: 0.567
	Errors based on 16th, 50th, and 84th percentile
	Param     	MC_rec	err_up	err_low
	delay     	-1.35e+00	+3.49e-02	-3.40e-02
	delta_mag 	2.69e-01	+3.58e-03	-3.66e-03
	sigma     	6.01e-02	+6.17e-03	-5.86e-03
	tau       	1.15e+00	+1.96e-01	-1.72e-01
	avg_mag   	1.95e+01	+2.01e-02	-1.94e-02
Process Started on 2014-04-07 01:40:48.541506
It is currently    2014-04-07 01:41:37.337217
sampler.run_mcmc
Process Started on 2014-04-07 01:40:48.541506
It is currently    2014-04-07 01:47:38.902571
sampler.chain
90000
Mean acceptance fraction: 0.495
Errors based on 16th, 50th, and 84th percentile
Param     	MC_rec	err_up	err_low
delay     	-1.38e+00	+2.44e-02	-2.06e-02
delta_mag 	2.68e-01	+3.01e-03	-3.00e-03
sigma     	5.65e-02	+4.89e-03	-4.39e-03
tau       	3.47e+00	+4.59e+00	-2.00e+00
avg_mag   	1.95e+01	+4.20e-02	-4.22e-02
Process Started on 2014-04-07 01:40:48.541506
It is currently    2014-04-07 01:47:45.146067
