
SIMULATION PARAMETERS
Namespace(avg_mag=19.0, delay=1.5, delta_mag=0.3, numorbits=40, outputtag='hubble_sim_r1279', photometricerror=0.1, redshift=0.658, sigma=0.07, tau=121.0)

Process Started on 2014-04-07 05:47:40.301440
The output_tag for this run is: hubble_sim_r1279_2014_04_07_05:47

CRUDE LIGHT CURVE PARAMETERS
----------------------------
parameter lc1   	lc2
----------------------------
sigma     +0.32 	+0.65
tau       +0.05 	+0.04
avg_mag   +19.31 	+19.66


BEGINNING LIGHT CURVE PARAMETER OPTIMIZATION

Optimization terminated successfully.
         Current function value: -281.237582
         Iterations: 55
         Function evaluations: 100
Optimization terminated successfully.
         Current function value: -275.590099
         Iterations: 119
         Function evaluations: 214

OPTIMIZED LIGHT CURVE PARAMETERS
--------------------------------
parameter lc1   	lc2
--------------------------------
sigma     +0.00 	+0.06
tau       +0.06 	+2.72
avg_mag   +19.31 	+19.66


Process Started on 2014-04-07 05:47:40.301440
It is now          2014-04-07 05:47:40.903150

time series is 2.51 days long
with  107 data points
The most common sample time distance is 0.00 days within the range of [0.02,0.01] days

1% done
10% done
25% done
50% done
75% done
DONE

Process Started on 2014-04-07 05:47:40.301440
It is now          2014-04-07 05:47:41.227961

BEST DELAY=-1.15272e+00

INITIAL PARAMETERS (average of lc1 and lc2)
-------------------------------------------
delay      = -1.15
delta_mag  = 0.34
avg_mag    = 19.31
tau        = 1.39
sigma      = 0.03

Optimization terminated successfully.
         Current function value: -553.581753
         Iterations: 104
         Function evaluations: 188

INITIAL PARAMETERS (optimization of merged light curve)
-------------------------------------------------------
delay      = -1.15
delta_mag  = 0.34
avg_mag    = 19.29
tau        = 1.21
sigma      = 0.06


-------------
RUNNING EMCEE
-------------

pos
sampler
Process Started on 2014-04-07 05:47:40.301440
It is currently    2014-04-07 05:47:43.237313
burn-in sampler.run_mcmc
	Mean acceptance fraction: 0.581
	Errors based on 16th, 50th, and 84th percentile
	Param     	MC_rec	err_up	err_low
	delay     	-1.18e+00	+1.20e-01	-1.65e-01
	delta_mag 	3.82e-01	+1.60e-02	-1.28e-02
	sigma     	6.78e-02	+1.41e-02	-1.21e-02
	tau       	1.27e+00	+4.50e-01	-2.31e-01
	avg_mag   	1.93e+01	+3.22e-02	-3.28e-02
Process Started on 2014-04-07 05:47:40.301440
It is currently    2014-04-07 05:48:29.754109
sampler.run_mcmc
Process Started on 2014-04-07 05:47:40.301440
It is currently    2014-04-07 05:54:21.138186
sampler.chain
90000
Mean acceptance fraction: 0.496
Errors based on 16th, 50th, and 84th percentile
Param     	MC_rec	err_up	err_low
delay     	-1.30e+00	+1.89e-01	-4.34e-01
delta_mag 	3.94e-01	+1.82e-02	-1.54e-02
sigma     	5.98e-02	+1.23e-02	-1.00e-02
tau       	5.64e+00	+4.22e+00	-3.15e+00
avg_mag   	1.93e+01	+5.49e-02	-6.06e-02
Process Started on 2014-04-07 05:47:40.301440
It is currently    2014-04-07 05:54:27.368323
