
SIMULATION PARAMETERS
Namespace(avg_mag=19.0, delay=1.5, delta_mag=0.3, numorbits=40, outputtag='hubble_sim_r1032', photometricerror=0.02, redshift=0.658, sigma=0.07, tau=121.0)

Process Started on 2014-04-07 01:39:48.303238
The output_tag for this run is: hubble_sim_r1032_2014_04_07_01:39

CRUDE LIGHT CURVE PARAMETERS
----------------------------
parameter lc1   	lc2
----------------------------
sigma     +0.41 	+0.25
tau       +0.10 	+0.08
avg_mag   +19.09 	+19.37


BEGINNING LIGHT CURVE PARAMETER OPTIMIZATION

Optimization terminated successfully.
         Current function value: -575.626706
         Iterations: 141
         Function evaluations: 250
Optimization terminated successfully.
         Current function value: -593.182790
         Iterations: 107
         Function evaluations: 193

OPTIMIZED LIGHT CURVE PARAMETERS
--------------------------------
parameter lc1   	lc2
--------------------------------
sigma     +0.06 	+0.03
tau       +1.53 	+1.35
avg_mag   +19.10 	+19.38


Process Started on 2014-04-07 01:39:48.303238
It is now          2014-04-07 01:39:49.143909

time series is 2.50 days long
with  110 data points
The most common sample time distance is 0.01 days within the range of [0.02,0.01] days

1% done
10% done
25% done
50% done
75% done
DONE

Process Started on 2014-04-07 01:39:48.303238
It is now          2014-04-07 01:39:49.459868

BEST DELAY=1.24814e+00

INITIAL PARAMETERS (average of lc1 and lc2)
-------------------------------------------
delay      = 1.25
delta_mag  = 0.28
avg_mag    = 19.10
tau        = 1.44
sigma      = 0.04

Optimization terminated successfully.
         Current function value: -1116.101013
         Iterations: 117
         Function evaluations: 211

INITIAL PARAMETERS (optimization of merged light curve)
-------------------------------------------------------
delay      = 1.25
delta_mag  = 0.28
avg_mag    = 19.12
tau        = 1.33
sigma      = 0.05


-------------
RUNNING EMCEE
-------------

pos
sampler
Process Started on 2014-04-07 01:39:48.303238
It is currently    2014-04-07 01:39:51.206250
burn-in sampler.run_mcmc
	Mean acceptance fraction: 0.545
	Errors based on 16th, 50th, and 84th percentile
	Param     	MC_rec	err_up	err_low
	delay     	1.48e+00	+2.83e-02	-5.37e-02
	delta_mag 	3.01e-01	+3.34e-03	-2.83e-03
	sigma     	5.16e-02	+5.48e-03	-5.37e-03
	tau       	1.37e+00	+2.60e-01	-1.12e-01
	avg_mag   	1.91e+01	+2.70e-02	-2.81e-02
Process Started on 2014-04-07 01:39:48.303238
It is currently    2014-04-07 01:40:38.051270
sampler.run_mcmc
Process Started on 2014-04-07 01:39:48.303238
It is currently    2014-04-07 01:46:53.568582
sampler.chain
90000
Mean acceptance fraction: 0.513
Errors based on 16th, 50th, and 84th percentile
Param     	MC_rec	err_up	err_low
delay     	1.50e+00	+1.99e-02	-2.13e-02
delta_mag 	3.01e-01	+2.96e-03	-2.89e-03
sigma     	4.83e-02	+4.73e-03	-4.38e-03
tau       	4.35e+00	+5.22e+00	-2.62e+00
avg_mag   	1.91e+01	+4.50e-02	-3.73e-02
Process Started on 2014-04-07 01:39:48.303238
It is currently    2014-04-07 01:46:59.839845
