
SIMULATION PARAMETERS
Namespace(avg_mag=19.0, delay=1.5, delta_mag=0.3, numorbits=80, outputtag='hubble_sim_r90', photometricerror=0.02, redshift=0.658, sigma=0.07, tau=121.0)

Process Started on 2014-04-06 21:21:30.111388
The output_tag for this run is: hubble_sim_r90_2014_04_06_21:21

CRUDE LIGHT CURVE PARAMETERS
----------------------------
parameter lc1   	lc2
----------------------------
sigma     +0.45 	+0.46
tau       +0.02 	+0.07
avg_mag   +18.60 	+18.91


BEGINNING LIGHT CURVE PARAMETER OPTIMIZATION

Optimization terminated successfully.
         Current function value: -1158.076897
         Iterations: 114
         Function evaluations: 208
Optimization terminated successfully.
         Current function value: -1160.306572
         Iterations: 127
         Function evaluations: 223

OPTIMIZED LIGHT CURVE PARAMETERS
--------------------------------
parameter lc1   	lc2
--------------------------------
sigma     +0.04 	+0.04
tau       +1.87 	+3.23
avg_mag   +18.61 	+18.93


Process Started on 2014-04-06 21:21:30.111388
It is now          2014-04-06 21:21:31.735566

time series is 5.01 days long
with  219 data points
The most common sample time distance is 0.01 days within the range of [0.01,0.01] days

1% done
10% done
25% done
50% done
75% done
DONE

Process Started on 2014-04-06 21:21:30.111388
It is now          2014-04-06 21:21:32.809536

BEST DELAY=1.49562e+00

INITIAL PARAMETERS (average of lc1 and lc2)
-------------------------------------------
delay      = 1.50
delta_mag  = 0.32
avg_mag    = 18.61
tau        = 2.55
sigma      = 0.04

Optimization terminated successfully.
         Current function value: -2302.073248
         Iterations: 113
         Function evaluations: 213

INITIAL PARAMETERS (optimization of merged light curve)
-------------------------------------------------------
delay      = 1.50
delta_mag  = 0.32
avg_mag    = 18.61
tau        = 2.02
sigma      = 0.05


-------------
RUNNING EMCEE
-------------

pos
sampler
Process Started on 2014-04-06 21:21:30.111388
It is currently    2014-04-06 21:21:37.395745
burn-in sampler.run_mcmc
	Mean acceptance fraction: 0.551
	Errors based on 16th, 50th, and 84th percentile
	Param     	MC_rec	err_up	err_low
	delay     	1.50e+00	+8.00e-03	-7.61e-03
	delta_mag 	3.00e-01	+1.98e-03	-2.07e-03
	sigma     	4.65e-02	+4.08e-03	-3.57e-03
	tau       	2.01e+00	+1.65e-01	-1.25e-01
	avg_mag   	1.86e+01	+2.29e-02	-2.03e-02
Process Started on 2014-04-06 21:21:30.111388
It is currently    2014-04-06 21:23:49.162488
sampler.run_mcmc
Process Started on 2014-04-06 21:21:30.111388
It is currently    2014-04-06 21:42:44.921860
sampler.chain
90000
Mean acceptance fraction: 0.511
Errors based on 16th, 50th, and 84th percentile
Param     	MC_rec	err_up	err_low
delay     	1.50e+00	+7.11e-03	-7.30e-03
delta_mag 	2.99e-01	+1.62e-03	-1.66e-03
sigma     	4.51e-02	+3.38e-03	-3.06e-03
tau       	7.97e+00	+7.64e+00	-4.67e+00
avg_mag   	1.86e+01	+5.32e-02	-4.73e-02
Process Started on 2014-04-06 21:21:30.111388
It is currently    2014-04-06 21:42:51.600053
