
SIMULATION PARAMETERS
Namespace(avg_mag=19.0, delay=1.5, delta_mag=0.3, numorbits=40, outputtag='hubble_sim_r1257', photometricerror=0.1, redshift=0.658, sigma=0.07, tau=121.0)

Process Started on 2014-04-07 05:25:35.651335
The output_tag for this run is: hubble_sim_r1257_2014_04_07_05:25

CRUDE LIGHT CURVE PARAMETERS
----------------------------
parameter lc1   	lc2
----------------------------
sigma     +0.21 	+0.28
tau       +0.03 	+0.03
avg_mag   +19.39 	+19.68


BEGINNING LIGHT CURVE PARAMETER OPTIMIZATION

Optimization terminated successfully.
         Current function value: -282.630938
         Iterations: 52
         Function evaluations: 97
Optimization terminated successfully.
         Current function value: -279.052122
         Iterations: 60
         Function evaluations: 107

OPTIMIZED LIGHT CURVE PARAMETERS
--------------------------------
parameter lc1   	lc2
--------------------------------
sigma     +0.00 	+0.00
tau       +0.04 	+0.04
avg_mag   +19.39 	+19.68


Process Started on 2014-04-07 05:25:35.651335
It is now          2014-04-07 05:25:36.010973

time series is 2.51 days long
with  104 data points
The most common sample time distance is 0.01 days within the range of [0.02,0.01] days

1% done
10% done
25% done
50% done
75% done
DONE

Process Started on 2014-04-07 05:25:35.651335
It is now          2014-04-07 05:25:36.315877

BEST DELAY=-6.54667e-01

INITIAL PARAMETERS (average of lc1 and lc2)
-------------------------------------------
delay      = -0.65
delta_mag  = 0.29
avg_mag    = 19.39
tau        = 0.04
sigma      = 0.00

Optimization terminated successfully.
         Current function value: -561.683060
         Iterations: 52
         Function evaluations: 99

INITIAL PARAMETERS (optimization of merged light curve)
-------------------------------------------------------
delay      = -0.65
delta_mag  = 0.29
avg_mag    = 19.39
tau        = 0.36
sigma      = 0.00


-------------
RUNNING EMCEE
-------------

pos
sampler
Process Started on 2014-04-07 05:25:35.651335
It is currently    2014-04-07 05:25:37.700246
burn-in sampler.run_mcmc
	Mean acceptance fraction: 0.306
	Errors based on 16th, 50th, and 84th percentile
	Param     	MC_rec	err_up	err_low
	delay     	-6.55e-01	+4.33e-02	-6.48e-02
	delta_mag 	2.94e-01	+7.53e-03	-9.22e-03
	sigma     	2.63e-05	+2.03e-05	-2.54e-05
	tau       	3.55e-01	+2.10e-02	-2.65e-02
	avg_mag   	1.94e+01	+7.48e-03	-4.71e-03
Process Started on 2014-04-07 05:25:35.651335
It is currently    2014-04-07 05:26:00.738500
sampler.run_mcmc
Process Started on 2014-04-07 05:25:35.651335
It is currently    2014-04-07 05:29:30.146971
sampler.chain
90000
Mean acceptance fraction: 0.341
Errors based on 16th, 50th, and 84th percentile
Param     	MC_rec	err_up	err_low
delay     	-6.55e-01	+6.95e-01	-8.09e-01
delta_mag 	2.94e-01	+9.12e-03	-9.58e-03
sigma     	2.46e-05	+1.93e-05	-1.93e-05
tau       	1.22e+00	+1.54e+00	-8.62e-01
avg_mag   	1.94e+01	+6.96e-03	-6.27e-03
Process Started on 2014-04-07 05:25:35.651335
It is currently    2014-04-07 05:29:36.549096
