
SIMULATION PARAMETERS
Namespace(avg_mag=19.0, delay=1.5, delta_mag=0.3, numorbits=40, outputtag='hubble_sim_r1104', photometricerror=0.05, redshift=0.658, sigma=0.07, tau=121.0)

Process Started on 2014-04-07 02:52:03.494509
The output_tag for this run is: hubble_sim_r1104_2014_04_07_02:52

CRUDE LIGHT CURVE PARAMETERS
----------------------------
parameter lc1   	lc2
----------------------------
sigma     +0.58 	+0.58
tau       +0.00 	+0.02
avg_mag   +19.90 	+20.19


BEGINNING LIGHT CURVE PARAMETER OPTIMIZATION

Optimization terminated successfully.
         Current function value: -414.659605
         Iterations: 58
         Function evaluations: 108
Optimization terminated successfully.
         Current function value: -409.584603
         Iterations: 135
         Function evaluations: 242

OPTIMIZED LIGHT CURVE PARAMETERS
--------------------------------
parameter lc1   	lc2
--------------------------------
sigma     +0.00 	+0.05
tau       +0.01 	+2.93
avg_mag   +19.90 	+20.17


Process Started on 2014-04-07 02:52:03.494509
It is now          2014-04-07 02:52:04.145133

time series is 2.51 days long
with  107 data points
The most common sample time distance is 0.01 days within the range of [0.02,0.01] days

1% done
10% done
25% done
50% done
75% done
DONE

Process Started on 2014-04-07 02:52:03.494509
It is now          2014-04-07 02:52:04.482334

BEST DELAY=1.24692e+00

INITIAL PARAMETERS (average of lc1 and lc2)
-------------------------------------------
delay      = 1.25
delta_mag  = 0.26
avg_mag    = 19.90
tau        = 1.47
sigma      = 0.03

Optimization terminated successfully.
         Current function value: -817.453516
         Iterations: 121
         Function evaluations: 219

INITIAL PARAMETERS (optimization of merged light curve)
-------------------------------------------------------
delay      = 1.25
delta_mag  = 0.26
avg_mag    = 19.88
tau        = 1.95
sigma      = 0.05


-------------
RUNNING EMCEE
-------------

pos
sampler
Process Started on 2014-04-07 02:52:03.494509
It is currently    2014-04-07 02:52:06.374286
burn-in sampler.run_mcmc
	Mean acceptance fraction: 0.564
	Errors based on 16th, 50th, and 84th percentile
	Param     	MC_rec	err_up	err_low
	delay     	1.30e+00	+2.27e-01	-2.01e-01
	delta_mag 	3.01e-01	+8.09e-03	-8.26e-03
	sigma     	4.86e-02	+8.93e-03	-7.47e-03
	tau       	1.98e+00	+2.40e-01	-1.70e-01
	avg_mag   	1.99e+01	+2.99e-02	-2.92e-02
Process Started on 2014-04-07 02:52:03.494509
It is currently    2014-04-07 02:52:52.201554
sampler.run_mcmc
Process Started on 2014-04-07 02:52:03.494509
It is currently    2014-04-07 02:58:36.773599
sampler.chain
90000
Mean acceptance fraction: 0.494
Errors based on 16th, 50th, and 84th percentile
Param     	MC_rec	err_up	err_low
delay     	1.51e+00	+3.83e-01	-2.40e-01
delta_mag 	3.03e-01	+7.43e-03	-7.89e-03
sigma     	4.49e-02	+6.54e-03	-6.13e-03
tau       	8.63e+00	+6.96e+00	-5.03e+00
avg_mag   	1.99e+01	+5.15e-02	-6.02e-02
Process Started on 2014-04-07 02:52:03.494509
It is currently    2014-04-07 02:58:43.018216
