
SIMULATION PARAMETERS
Namespace(avg_mag=19.0, delay=1.5, delta_mag=0.3, numorbits=80, outputtag='hubble_sim_r135', photometricerror=0.05, redshift=0.658, sigma=0.07, tau=121.0)

Process Started on 2014-04-06 22:10:50.461222
The output_tag for this run is: hubble_sim_r135_2014_04_06_22:10

CRUDE LIGHT CURVE PARAMETERS
----------------------------
parameter lc1   	lc2
----------------------------
sigma     +0.46 	+0.30
tau       +0.05 	+0.14
avg_mag   +17.97 	+18.26


BEGINNING LIGHT CURVE PARAMETER OPTIMIZATION

Optimization terminated successfully.
         Current function value: -813.003186
         Iterations: 141
         Function evaluations: 254
Optimization terminated successfully.
         Current function value: -816.957104
         Iterations: 136
         Function evaluations: 242

OPTIMIZED LIGHT CURVE PARAMETERS
--------------------------------
parameter lc1   	lc2
--------------------------------
sigma     +0.05 	+0.04
tau       +2.17 	+1.34
avg_mag   +17.99 	+18.26


Process Started on 2014-04-06 22:10:50.461222
It is now          2014-04-06 22:10:53.526856

time series is 5.01 days long
with  212 data points
The most common sample time distance is 0.01 days within the range of [0.01,0.01] days

1% done
10% done
25% done
50% done
75% done
DONE

Process Started on 2014-04-06 22:10:50.461222
It is now          2014-04-06 22:10:54.575687

BEST DELAY=1.49570e+00

INITIAL PARAMETERS (average of lc1 and lc2)
-------------------------------------------
delay      = 1.50
delta_mag  = 0.27
avg_mag    = 17.99
tau        = 1.75
sigma      = 0.05

Optimization terminated successfully.
         Current function value: -1624.232885
         Iterations: 138
         Function evaluations: 248

INITIAL PARAMETERS (optimization of merged light curve)
-------------------------------------------------------
delay      = 1.50
delta_mag  = 0.27
avg_mag    = 18.00
tau        = 1.50
sigma      = 0.05


-------------
RUNNING EMCEE
-------------

pos
sampler
Process Started on 2014-04-06 22:10:50.461222
It is currently    2014-04-06 22:10:59.932743
burn-in sampler.run_mcmc
	Mean acceptance fraction: 0.567
	Errors based on 16th, 50th, and 84th percentile
	Param     	MC_rec	err_up	err_low
	delay     	1.50e+00	+2.98e-02	-2.58e-02
	delta_mag 	2.99e-01	+5.10e-03	-4.82e-03
	sigma     	5.47e-02	+5.40e-03	-6.23e-03
	tau       	1.52e+00	+1.78e-01	-1.52e-01
	avg_mag   	1.80e+01	+2.00e-02	-2.18e-02
Process Started on 2014-04-06 22:10:50.461222
It is currently    2014-04-06 22:13:25.235668
sampler.run_mcmc
Process Started on 2014-04-06 22:10:50.461222
It is currently    2014-04-06 22:30:56.555142
sampler.chain
90000
Mean acceptance fraction: 0.512
Errors based on 16th, 50th, and 84th percentile
Param     	MC_rec	err_up	err_low
delay     	1.50e+00	+2.70e-02	-2.54e-02
delta_mag 	3.01e-01	+3.96e-03	-3.94e-03
sigma     	5.18e-02	+5.72e-03	-5.24e-03
tau       	5.39e+00	+5.81e+00	-3.13e+00
avg_mag   	1.80e+01	+5.41e-02	-4.07e-02
Process Started on 2014-04-06 22:10:50.461222
It is currently    2014-04-06 22:31:03.642092
