
SIMULATION PARAMETERS
Namespace(avg_mag=19.0, delay=1.5, delta_mag=0.3, numorbits=40, outputtag='hubble_sim_r1218', photometricerror=0.1, redshift=0.658, sigma=0.07, tau=121.0)

Process Started on 2014-04-07 04:46:27.686769
The output_tag for this run is: hubble_sim_r1218_2014_04_07_04:46

CRUDE LIGHT CURVE PARAMETERS
----------------------------
parameter lc1   	lc2
----------------------------
sigma     +0.41 	+0.21
tau       +0.03 	+0.06
avg_mag   +19.00 	+19.28


BEGINNING LIGHT CURVE PARAMETER OPTIMIZATION

Optimization terminated successfully.
         Current function value: -291.792510
         Iterations: 51
         Function evaluations: 98
Optimization terminated successfully.
         Current function value: -302.764223
         Iterations: 50
         Function evaluations: 95

OPTIMIZED LIGHT CURVE PARAMETERS
--------------------------------
parameter lc1   	lc2
--------------------------------
sigma     +0.00 	+0.00
tau       +0.04 	+0.08
avg_mag   +19.00 	+19.28


Process Started on 2014-04-07 04:46:27.686769
It is now          2014-04-07 04:46:28.071665

time series is 2.51 days long
with  112 data points
The most common sample time distance is 0.01 days within the range of [0.02,0.01] days

1% done
10% done
25% done
50% done
75% done
DONE

Process Started on 2014-04-07 04:46:27.686769
It is now          2014-04-07 04:46:28.406685

BEST DELAY=-1.15587e+00

INITIAL PARAMETERS (average of lc1 and lc2)
-------------------------------------------
delay      = -1.16
delta_mag  = 0.28
avg_mag    = 19.00
tau        = 0.06
sigma      = 0.00

Optimization terminated successfully.
         Current function value: -595.902930
         Iterations: 102
         Function evaluations: 182

INITIAL PARAMETERS (optimization of merged light curve)
-------------------------------------------------------
delay      = -1.16
delta_mag  = 0.28
avg_mag    = 18.99
tau        = 0.59
sigma      = 0.03


-------------
RUNNING EMCEE
-------------

pos
sampler
Process Started on 2014-04-07 04:46:27.686769
It is currently    2014-04-07 04:46:30.165867
burn-in sampler.run_mcmc
	Mean acceptance fraction: 0.579
	Errors based on 16th, 50th, and 84th percentile
	Param     	MC_rec	err_up	err_low
	delay     	-1.17e+00	+1.09e-01	-2.31e-01
	delta_mag 	2.78e-01	+1.43e-02	-1.52e-02
	sigma     	3.36e-02	+1.53e-02	-1.37e-02
	tau       	5.93e-01	+2.30e-01	-1.32e-01
	avg_mag   	1.90e+01	+1.22e-02	-1.20e-02
Process Started on 2014-04-07 04:46:27.686769
It is currently    2014-04-07 04:47:15.106839
sampler.run_mcmc
Process Started on 2014-04-07 04:46:27.686769
It is currently    2014-04-07 04:52:42.237525
sampler.chain
90000
Mean acceptance fraction: 0.472
Errors based on 16th, 50th, and 84th percentile
Param     	MC_rec	err_up	err_low
delay     	-1.95e+00	+5.26e-01	-3.08e-01
delta_mag 	2.72e-01	+1.37e-02	-1.49e-02
sigma     	2.82e-02	+1.14e-02	-1.03e-02
tau       	2.34e+00	+2.21e+00	-1.45e+00
avg_mag   	1.90e+01	+1.63e-02	-1.80e-02
Process Started on 2014-04-07 04:46:27.686769
It is currently    2014-04-07 04:52:48.543357
