
SIMULATION PARAMETERS
Namespace(avg_mag=19.0, delay=1.5, delta_mag=0.3, numorbits=40, outputtag='hubble_sim_r1058', photometricerror=0.02, redshift=0.658, sigma=0.07, tau=121.0)

Process Started on 2014-04-07 02:05:53.865070
The output_tag for this run is: hubble_sim_r1058_2014_04_07_02:05

CRUDE LIGHT CURVE PARAMETERS
----------------------------
parameter lc1   	lc2
----------------------------
sigma     +0.39 	+0.25
tau       +0.05 	+0.06
avg_mag   +19.00 	+19.32


BEGINNING LIGHT CURVE PARAMETER OPTIMIZATION

Optimization terminated successfully.
         Current function value: -569.416115
         Iterations: 114
         Function evaluations: 207
Optimization terminated successfully.
         Current function value: -588.139123
         Iterations: 126
         Function evaluations: 221

OPTIMIZED LIGHT CURVE PARAMETERS
--------------------------------
parameter lc1   	lc2
--------------------------------
sigma     +0.05 	+0.03
tau       +1.58 	+1.47
avg_mag   +19.01 	+19.31


Process Started on 2014-04-07 02:05:53.865070
It is now          2014-04-07 02:05:54.672078

time series is 2.51 days long
with  108 data points
The most common sample time distance is 0.00 days within the range of [0.02,0.01] days

1% done
10% done
25% done
50% done
75% done
DONE

Process Started on 2014-04-07 02:05:53.865070
It is now          2014-04-07 02:05:54.995661

BEST DELAY=1.24637e+00

INITIAL PARAMETERS (average of lc1 and lc2)
-------------------------------------------
delay      = 1.25
delta_mag  = 0.30
avg_mag    = 19.01
tau        = 1.53
sigma      = 0.04

Optimization terminated successfully.
         Current function value: -1117.978182
         Iterations: 150
         Function evaluations: 263

INITIAL PARAMETERS (optimization of merged light curve)
-------------------------------------------------------
delay      = 1.25
delta_mag  = 0.30
avg_mag    = 18.99
tau        = 1.26
sigma      = 0.04


-------------
RUNNING EMCEE
-------------

pos
sampler
Process Started on 2014-04-07 02:05:53.865070
It is currently    2014-04-07 02:05:56.978605
burn-in sampler.run_mcmc
	Mean acceptance fraction: 0.554
	Errors based on 16th, 50th, and 84th percentile
	Param     	MC_rec	err_up	err_low
	delay     	1.44e+00	+5.64e-02	-1.12e-01
	delta_mag 	3.05e-01	+4.84e-03	-4.36e-03
	sigma     	4.70e-02	+6.37e-03	-5.27e-03
	tau       	1.42e+00	+3.04e-01	-1.60e-01
	avg_mag   	1.90e+01	+2.37e-02	-2.77e-02
Process Started on 2014-04-07 02:05:53.865070
It is currently    2014-04-07 02:06:42.689066
sampler.run_mcmc
Process Started on 2014-04-07 02:05:53.865070
It is currently    2014-04-07 02:12:42.760502
sampler.chain
90000
Mean acceptance fraction: 0.510
Errors based on 16th, 50th, and 84th percentile
Param     	MC_rec	err_up	err_low
delay     	1.50e+00	+2.29e-02	-2.16e-02
delta_mag 	3.01e-01	+3.24e-03	-3.19e-03
sigma     	4.23e-02	+4.48e-03	-4.09e-03
tau       	3.93e+00	+4.97e+00	-2.29e+00
avg_mag   	1.90e+01	+3.22e-02	-3.63e-02
Process Started on 2014-04-07 02:05:53.865070
It is currently    2014-04-07 02:12:48.923033
