
SIMULATION PARAMETERS
Namespace(avg_mag=19.0, delay=1.5, delta_mag=0.3, numorbits=80, outputtag='hubble_sim_r95', photometricerror=0.02, redshift=0.658, sigma=0.07, tau=121.0)

Process Started on 2014-04-06 21:24:34.152133
The output_tag for this run is: hubble_sim_r95_2014_04_06_21:24

CRUDE LIGHT CURVE PARAMETERS
----------------------------
parameter lc1   	lc2
----------------------------
sigma     +0.59 	+0.24
tau       +0.04 	+0.05
avg_mag   +18.16 	+18.43


BEGINNING LIGHT CURVE PARAMETER OPTIMIZATION

Optimization terminated successfully.
         Current function value: -1151.307660
         Iterations: 162
         Function evaluations: 282
Optimization terminated successfully.
         Current function value: -1163.980587
         Iterations: 114
         Function evaluations: 206

OPTIMIZED LIGHT CURVE PARAMETERS
--------------------------------
parameter lc1   	lc2
--------------------------------
sigma     +0.04 	+0.04
tau       +12.06 	+1.28
avg_mag   +18.22 	+18.44


Process Started on 2014-04-06 21:24:34.152133
It is now          2014-04-06 21:24:37.232444

time series is 5.01 days long
with  216 data points
The most common sample time distance is 0.01 days within the range of [0.01,0.01] days

1% done
10% done
25% done
50% done
75% done
DONE

Process Started on 2014-04-06 21:24:34.152133
It is now          2014-04-06 21:24:38.267381

BEST DELAY=-2.50269e+00

INITIAL PARAMETERS (average of lc1 and lc2)
-------------------------------------------
delay      = -2.50
delta_mag  = 0.22
avg_mag    = 18.22
tau        = 6.67
sigma      = 0.04

Optimization terminated successfully.
         Current function value: -1589.665461
         Iterations: 152
         Function evaluations: 270

INITIAL PARAMETERS (optimization of merged light curve)
-------------------------------------------------------
delay      = -2.50
delta_mag  = 0.22
avg_mag    = 18.18
tau        = 3.32
sigma      = 0.05


-------------
RUNNING EMCEE
-------------

pos
sampler
Process Started on 2014-04-06 21:24:34.152133
It is currently    2014-04-06 21:24:43.538416
burn-in sampler.run_mcmc
	Mean acceptance fraction: 0.451
	Errors based on 16th, 50th, and 84th percentile
	Param     	MC_rec	err_up	err_low
	delay     	-3.95e+00	+7.47e-01	-4.43e-01
	delta_mag 	1.99e-01	+1.43e-02	-2.41e-02
	sigma     	6.12e-02	+1.89e-02	-1.52e-02
	tau       	3.87e+00	+2.80e-01	-3.14e-01
	avg_mag   	1.82e+01	+8.92e-02	-8.71e-02
Process Started on 2014-04-06 21:24:34.152133
It is currently    2014-04-06 21:27:08.216155
sampler.run_mcmc
Process Started on 2014-04-06 21:24:34.152133
It is currently    2014-04-06 21:46:02.172849
sampler.chain
90000
Mean acceptance fraction: 0.486
Errors based on 16th, 50th, and 84th percentile
Param     	MC_rec	err_up	err_low
delay     	-4.89e+00	+9.20e-02	-7.90e-02
delta_mag 	1.16e-01	+1.27e-02	-1.17e-02
sigma     	3.89e-02	+2.88e-03	-2.62e-03
tau       	2.06e+01	+8.54e+00	-9.06e+00
avg_mag   	1.82e+01	+7.49e-02	-7.70e-02
Process Started on 2014-04-06 21:24:34.152133
It is currently    2014-04-06 21:46:09.842234
