
SIMULATION PARAMETERS
Namespace(avg_mag=19.0, delay=1.5, delta_mag=0.3, numorbits=40, outputtag='hubble_sim_r1025', photometricerror=0.02, redshift=0.658, sigma=0.07, tau=121.0)

Process Started on 2014-04-07 01:32:46.702951
The output_tag for this run is: hubble_sim_r1025_2014_04_07_01:32

CRUDE LIGHT CURVE PARAMETERS
----------------------------
parameter lc1   	lc2
----------------------------
sigma     +0.59 	+0.38
tau       +0.02 	+0.05
avg_mag   +20.31 	+20.63


BEGINNING LIGHT CURVE PARAMETER OPTIMIZATION

Optimization terminated successfully.
         Current function value: -551.960723
         Iterations: 143
         Function evaluations: 246
Optimization terminated successfully.
         Current function value: -565.903200
         Iterations: 123
         Function evaluations: 219

OPTIMIZED LIGHT CURVE PARAMETERS
--------------------------------
parameter lc1   	lc2
--------------------------------
sigma     +0.06 	+0.05
tau       +2.14 	+1.54
avg_mag   +20.31 	+20.61


Process Started on 2014-04-07 01:32:46.702951
It is now          2014-04-07 01:32:47.546454

time series is 2.51 days long
with  107 data points
The most common sample time distance is 0.01 days within the range of [0.01,0.03] days

1% done
10% done
25% done
50% done
75% done
DONE

Process Started on 2014-04-07 01:32:46.702951
It is now          2014-04-07 01:32:47.870871

BEST DELAY=1.24481e+00

INITIAL PARAMETERS (average of lc1 and lc2)
-------------------------------------------
delay      = 1.24
delta_mag  = 0.30
avg_mag    = 20.31
tau        = 1.84
sigma      = 0.06

Optimization terminated successfully.
         Current function value: -1096.587006
         Iterations: 58
         Function evaluations: 109

INITIAL PARAMETERS (optimization of merged light curve)
-------------------------------------------------------
delay      = 1.24
delta_mag  = 0.30
avg_mag    = 20.28
tau        = 1.82
sigma      = 0.06


-------------
RUNNING EMCEE
-------------

pos
sampler
Process Started on 2014-04-07 01:32:46.702951
It is currently    2014-04-07 01:32:49.572758
burn-in sampler.run_mcmc
	Mean acceptance fraction: 0.555
	Errors based on 16th, 50th, and 84th percentile
	Param     	MC_rec	err_up	err_low
	delay     	1.46e+00	+3.57e-02	-1.03e-01
	delta_mag 	3.06e-01	+5.34e-03	-5.96e-03
	sigma     	5.77e-02	+4.91e-03	-5.18e-03
	tau       	1.93e+00	+1.76e-01	-1.17e-01
	avg_mag   	2.03e+01	+3.11e-02	-3.01e-02
Process Started on 2014-04-07 01:32:46.702951
It is currently    2014-04-07 01:33:35.499781
sampler.run_mcmc
Process Started on 2014-04-07 01:32:46.702951
It is currently    2014-04-07 01:39:36.818017
sampler.chain
90000
Mean acceptance fraction: 0.512
Errors based on 16th, 50th, and 84th percentile
Param     	MC_rec	err_up	err_low
delay     	1.50e+00	+1.44e-02	-1.61e-02
delta_mag 	3.01e-01	+3.33e-03	-3.13e-03
sigma     	5.69e-02	+4.80e-03	-4.32e-03
tau       	5.92e+00	+7.24e+00	-3.72e+00
avg_mag   	2.03e+01	+5.09e-02	-6.86e-02
Process Started on 2014-04-07 01:32:46.702951
It is currently    2014-04-07 01:39:43.044570
