
SIMULATION PARAMETERS
Namespace(avg_mag=19.0, delay=1.5, delta_mag=0.3, numorbits=80, outputtag='hubble_sim_r237', photometricerror=0.1, redshift=0.658, sigma=0.07, tau=121.0)

Process Started on 2014-04-07 00:00:23.721998
The output_tag for this run is: hubble_sim_r237_2014_04_07_00:00

CRUDE LIGHT CURVE PARAMETERS
----------------------------
parameter lc1   	lc2
----------------------------
sigma     +0.36 	+0.93
tau       +0.02 	+0.00
avg_mag   +18.08 	+18.39


BEGINNING LIGHT CURVE PARAMETER OPTIMIZATION

Optimization terminated successfully.
         Current function value: -578.098819
         Iterations: 54
         Function evaluations: 101
Optimization terminated successfully.
         Current function value: -557.951840
         Iterations: 53
         Function evaluations: 102

OPTIMIZED LIGHT CURVE PARAMETERS
--------------------------------
parameter lc1   	lc2
--------------------------------
sigma     +0.00 	+0.00
tau       +0.02 	+0.01
avg_mag   +18.08 	+18.39


Process Started on 2014-04-07 00:00:23.721998
It is now          2014-04-07 00:00:24.521786

time series is 5.01 days long
with  216 data points
The most common sample time distance is 0.01 days within the range of [0.01,0.01] days

1% done
10% done
25% done
50% done
75% done
DONE

Process Started on 2014-04-07 00:00:23.721998
It is now          2014-04-07 00:00:25.598842

BEST DELAY=1.49344e+00

INITIAL PARAMETERS (average of lc1 and lc2)
-------------------------------------------
delay      = 1.49
delta_mag  = 0.31
avg_mag    = 18.08
tau        = 0.01
sigma      = 0.00

Optimization terminated successfully.
         Current function value: -1147.762145
         Iterations: 108
         Function evaluations: 197

INITIAL PARAMETERS (optimization of merged light curve)
-------------------------------------------------------
delay      = 1.49
delta_mag  = 0.31
avg_mag    = 18.10
tau        = 1.06
sigma      = 0.04


-------------
RUNNING EMCEE
-------------

pos
sampler
Process Started on 2014-04-07 00:00:23.721998
It is currently    2014-04-07 00:00:30.166239
burn-in sampler.run_mcmc
	Mean acceptance fraction: 0.586
	Errors based on 16th, 50th, and 84th percentile
	Param     	MC_rec	err_up	err_low
	delay     	1.50e+00	+9.90e-02	-8.45e-02
	delta_mag 	3.03e-01	+8.02e-03	-8.22e-03
	sigma     	4.40e-02	+1.04e-02	-9.23e-03
	tau       	1.06e+00	+2.14e-01	-1.57e-01
	avg_mag   	1.81e+01	+1.30e-02	-1.45e-02
Process Started on 2014-04-07 00:00:23.721998
It is currently    2014-04-07 00:02:45.105046
sampler.run_mcmc
Process Started on 2014-04-07 00:00:23.721998
It is currently    2014-04-07 00:17:48.473141
sampler.chain
90000
Mean acceptance fraction: 0.486
Errors based on 16th, 50th, and 84th percentile
Param     	MC_rec	err_up	err_low
delay     	1.53e+00	+1.75e-01	-1.38e-01
delta_mag 	3.04e-01	+8.61e-03	-8.11e-03
sigma     	3.87e-02	+9.11e-03	-8.52e-03
tau       	3.62e+00	+4.27e+00	-2.25e+00
avg_mag   	1.81e+01	+3.16e-02	-2.26e-02
Process Started on 2014-04-07 00:00:23.721998
It is currently    2014-04-07 00:17:59.400283
