
SIMULATION PARAMETERS
Namespace(avg_mag=19.0, delay=1.5, delta_mag=0.3, numorbits=80, outputtag='hubble_sim_r120', photometricerror=0.05, redshift=0.658, sigma=0.07, tau=121.0)

Process Started on 2014-04-06 21:55:44.068186
The output_tag for this run is: hubble_sim_r120_2014_04_06_21:55

CRUDE LIGHT CURVE PARAMETERS
----------------------------
parameter lc1   	lc2
----------------------------
sigma     +1.40 	+1.67
tau       +0.02 	+0.01
avg_mag   +19.12 	+19.50


BEGINNING LIGHT CURVE PARAMETER OPTIMIZATION

Optimization terminated successfully.
         Current function value: -808.478392
         Iterations: 157
         Function evaluations: 283
Optimization terminated successfully.
         Current function value: -810.575573
         Iterations: 138
         Function evaluations: 246

OPTIMIZED LIGHT CURVE PARAMETERS
--------------------------------
parameter lc1   	lc2
--------------------------------
sigma     +0.06 	+0.06
tau       +10.30 	+6.37
avg_mag   +19.11 	+19.48


Process Started on 2014-04-06 21:55:44.068186
It is now          2014-04-06 21:55:47.329050

time series is 5.00 days long
with  212 data points
The most common sample time distance is 0.01 days within the range of [0.01,0.01] days

1% done
10% done
25% done
50% done
75% done
DONE

Process Started on 2014-04-06 21:55:44.068186
It is now          2014-04-06 21:55:48.348973

BEST DELAY=1.29946e+00

INITIAL PARAMETERS (average of lc1 and lc2)
-------------------------------------------
delay      = 1.30
delta_mag  = 0.36
avg_mag    = 19.11
tau        = 8.34
sigma      = 0.06

Optimization terminated successfully.
         Current function value: -1558.443985
         Iterations: 139
         Function evaluations: 251

INITIAL PARAMETERS (optimization of merged light curve)
-------------------------------------------------------
delay      = 1.30
delta_mag  = 0.36
avg_mag    = 19.10
tau        = 10.50
sigma      = 0.05


-------------
RUNNING EMCEE
-------------

pos
sampler
Process Started on 2014-04-06 21:55:44.068186
It is currently    2014-04-06 21:55:53.088014
burn-in sampler.run_mcmc
	Mean acceptance fraction: 0.553
	Errors based on 16th, 50th, and 84th percentile
	Param     	MC_rec	err_up	err_low
	delay     	1.45e+00	+4.82e-02	-6.94e-02
	delta_mag 	3.07e-01	+9.25e-03	-7.34e-03
	sigma     	5.68e-02	+6.37e-03	-5.24e-03
	tau       	1.05e+01	+3.19e-01	-2.72e-01
	avg_mag   	1.91e+01	+7.60e-02	-8.51e-02
Process Started on 2014-04-06 21:55:44.068186
It is currently    2014-04-06 21:57:51.290495
sampler.run_mcmc
Process Started on 2014-04-06 21:55:44.068186
It is currently    2014-04-06 22:11:16.030086
sampler.chain
90000
Mean acceptance fraction: 0.518
Errors based on 16th, 50th, and 84th percentile
Param     	MC_rec	err_up	err_low
delay     	1.49e+00	+2.66e-02	-2.74e-02
delta_mag 	3.02e-01	+4.54e-03	-4.49e-03
sigma     	5.47e-02	+4.77e-03	-4.41e-03
tau       	4.27e+01	+4.09e+01	-2.80e+01
avg_mag   	1.91e+01	+1.62e-01	-1.64e-01
Process Started on 2014-04-06 21:55:44.068186
It is currently    2014-04-06 22:11:22.642709
