
SIMULATION PARAMETERS
Namespace(avg_mag=19.0, delay=1.5, delta_mag=0.3, numorbits=40, outputtag='hubble_sim_r1270', photometricerror=0.1, redshift=0.658, sigma=0.07, tau=121.0)

Process Started on 2014-04-07 05:38:38.387457
The output_tag for this run is: hubble_sim_r1270_2014_04_07_05:38

CRUDE LIGHT CURVE PARAMETERS
----------------------------
parameter lc1   	lc2
----------------------------
sigma     +0.55 	+0.63
tau       +0.02 	+0.01
avg_mag   +18.62 	+18.85


BEGINNING LIGHT CURVE PARAMETER OPTIMIZATION

Optimization terminated successfully.
         Current function value: -270.056849
         Iterations: 59
         Function evaluations: 109
Optimization terminated successfully.
         Current function value: -278.899547
         Iterations: 53
         Function evaluations: 102

OPTIMIZED LIGHT CURVE PARAMETERS
--------------------------------
parameter lc1   	lc2
--------------------------------
sigma     +0.00 	+0.00
tau       +0.03 	+0.02
avg_mag   +18.62 	+18.85


Process Started on 2014-04-07 05:38:38.387457
It is now          2014-04-07 05:38:38.773552

time series is 2.51 days long
with  109 data points
The most common sample time distance is 0.01 days within the range of [0.02,0.01] days

1% done
10% done
25% done
50% done
75% done
DONE

Process Started on 2014-04-07 05:38:38.387457
It is now          2014-04-07 05:38:39.087048

BEST DELAY=2.42804e-01

INITIAL PARAMETERS (average of lc1 and lc2)
-------------------------------------------
delay      = 0.24
delta_mag  = 0.23
avg_mag    = 18.62
tau        = 0.02
sigma      = 0.00

Optimization terminated successfully.
         Current function value: -569.916976
         Iterations: 105
         Function evaluations: 191

INITIAL PARAMETERS (optimization of merged light curve)
-------------------------------------------------------
delay      = 0.24
delta_mag  = 0.23
avg_mag    = 18.63
tau        = 1.02
sigma      = 0.05


-------------
RUNNING EMCEE
-------------

pos
sampler
Process Started on 2014-04-07 05:38:38.387457
It is currently    2014-04-07 05:38:40.795168
burn-in sampler.run_mcmc
	Mean acceptance fraction: 0.582
	Errors based on 16th, 50th, and 84th percentile
	Param     	MC_rec	err_up	err_low
	delay     	3.11e-01	+1.23e-01	-9.00e-02
	delta_mag 	2.36e-01	+1.20e-02	-1.19e-02
	sigma     	5.83e-02	+1.35e-02	-1.34e-02
	tau       	1.03e+00	+2.38e-01	-1.67e-01
	avg_mag   	1.86e+01	+2.44e-02	-2.43e-02
Process Started on 2014-04-07 05:38:38.387457
It is currently    2014-04-07 05:39:26.291845
sampler.run_mcmc
Process Started on 2014-04-07 05:38:38.387457
It is currently    2014-04-07 05:45:10.121210
sampler.chain
90000
Mean acceptance fraction: 0.474
Errors based on 16th, 50th, and 84th percentile
Param     	MC_rec	err_up	err_low
delay     	5.95e-01	+4.35e-01	-2.25e-01
delta_mag 	2.50e-01	+2.23e-02	-1.48e-02
sigma     	4.84e-02	+1.24e-02	-1.03e-02
tau       	4.47e+00	+3.60e+00	-2.62e+00
avg_mag   	1.86e+01	+4.43e-02	-4.10e-02
Process Started on 2014-04-07 05:38:38.387457
It is currently    2014-04-07 05:45:16.422363
