
SIMULATION PARAMETERS
Namespace(avg_mag=19.0, delay=1.5, delta_mag=0.3, numorbits=80, outputtag='hubble_sim_r217', photometricerror=0.1, redshift=0.658, sigma=0.07, tau=121.0)

Process Started on 2014-04-06 23:39:18.361578
The output_tag for this run is: hubble_sim_r217_2014_04_06_23:39

CRUDE LIGHT CURVE PARAMETERS
----------------------------
parameter lc1   	lc2
----------------------------
sigma     +0.42 	+0.59
tau       +0.02 	+0.04
avg_mag   +19.49 	+19.85


BEGINNING LIGHT CURVE PARAMETER OPTIMIZATION

Optimization terminated successfully.
         Current function value: -565.366814
         Iterations: 58
         Function evaluations: 105
Optimization terminated successfully.
         Current function value: -565.566097
         Iterations: 159
         Function evaluations: 282

OPTIMIZED LIGHT CURVE PARAMETERS
--------------------------------
parameter lc1   	lc2
--------------------------------
sigma     +0.00 	+0.04
tau       +0.03 	+6.56
avg_mag   +19.49 	+19.86


Process Started on 2014-04-06 23:39:18.361578
It is now          2014-04-06 23:39:20.756323

time series is 5.00 days long
with  215 data points
The most common sample time distance is 0.03 days within the range of [0.02,0.04] days

1% done
10% done
25% done
50% done
75% done
DONE

Process Started on 2014-04-06 23:39:18.361578
It is now          2014-04-06 23:39:21.810533

BEST DELAY=-1.01369e-01

INITIAL PARAMETERS (average of lc1 and lc2)
-------------------------------------------
delay      = -0.10
delta_mag  = 0.36
avg_mag    = 19.49
tau        = 3.29
sigma      = 0.02

Optimization terminated successfully.
         Current function value: -1139.848222
         Iterations: 144
         Function evaluations: 255

INITIAL PARAMETERS (optimization of merged light curve)
-------------------------------------------------------
delay      = -0.10
delta_mag  = 0.36
avg_mag    = 19.50
tau        = 9.18
sigma      = 0.03


-------------
RUNNING EMCEE
-------------

pos
sampler
Process Started on 2014-04-06 23:39:18.361578
It is currently    2014-04-06 23:39:26.758524
burn-in sampler.run_mcmc
	Mean acceptance fraction: 0.581
	Errors based on 16th, 50th, and 84th percentile
	Param     	MC_rec	err_up	err_low
	delay     	3.14e-01	+1.06e+00	-4.68e-01
	delta_mag 	3.42e-01	+1.77e-02	-2.93e-02
	sigma     	3.36e-02	+1.00e-02	-7.40e-03
	tau       	9.29e+00	+6.38e-01	-2.17e-01
	avg_mag   	1.95e+01	+5.77e-02	-5.56e-02
Process Started on 2014-04-06 23:39:18.361578
It is currently    2014-04-06 23:41:50.377329
sampler.run_mcmc
Process Started on 2014-04-06 23:39:18.361578
It is currently    2014-04-06 23:59:53.936018
sampler.chain
90000
Mean acceptance fraction: 0.509
Errors based on 16th, 50th, and 84th percentile
Param     	MC_rec	err_up	err_low
delay     	1.49e+00	+2.38e-01	-2.10e-01
delta_mag 	3.07e-01	+1.12e-02	-1.18e-02
sigma     	3.44e-02	+6.80e-03	-5.63e-03
tau       	3.73e+01	+3.50e+01	-2.50e+01
avg_mag   	1.95e+01	+9.97e-02	-9.53e-02
Process Started on 2014-04-06 23:39:18.361578
It is currently    2014-04-07 00:00:04.459845
