
SIMULATION PARAMETERS
Namespace(avg_mag=19.0, delay=1.5, delta_mag=0.3, numorbits=40, outputtag='hubble_sim_r1196', photometricerror=0.05, redshift=0.658, sigma=0.07, tau=121.0)

Process Started on 2014-04-07 04:24:23.072496
The output_tag for this run is: hubble_sim_r1196_2014_04_07_04:24

CRUDE LIGHT CURVE PARAMETERS
----------------------------
parameter lc1   	lc2
----------------------------
sigma     +0.26 	+0.32
tau       +0.06 	+0.03
avg_mag   +19.61 	+19.86


BEGINNING LIGHT CURVE PARAMETER OPTIMIZATION

Optimization terminated successfully.
         Current function value: -426.414928
         Iterations: 112
         Function evaluations: 192
Optimization terminated successfully.
         Current function value: -426.315901
         Iterations: 135
         Function evaluations: 234

OPTIMIZED LIGHT CURVE PARAMETERS
--------------------------------
parameter lc1   	lc2
--------------------------------
sigma     +0.05 	+0.04
tau       +0.51 	+1.06
avg_mag   +19.60 	+19.88


Process Started on 2014-04-07 04:24:23.072496
It is now          2014-04-07 04:24:23.874352

time series is 2.51 days long
with  110 data points
The most common sample time distance is 0.01 days within the range of [0.02,0.01] days

1% done
10% done
25% done
50% done
75% done
DONE

Process Started on 2014-04-07 04:24:23.072496
It is now          2014-04-07 04:24:24.193714

BEST DELAY=1.24540e+00

INITIAL PARAMETERS (average of lc1 and lc2)
-------------------------------------------
delay      = 1.25
delta_mag  = 0.28
avg_mag    = 19.60
tau        = 0.79
sigma      = 0.05

Optimization terminated successfully.
         Current function value: -859.085137
         Iterations: 105
         Function evaluations: 193

INITIAL PARAMETERS (optimization of merged light curve)
-------------------------------------------------------
delay      = 1.25
delta_mag  = 0.28
avg_mag    = 19.60
tau        = 0.75
sigma      = 0.04


-------------
RUNNING EMCEE
-------------

pos
sampler
Process Started on 2014-04-07 04:24:23.072496
It is currently    2014-04-07 04:24:26.105934
burn-in sampler.run_mcmc
	Mean acceptance fraction: 0.579
	Errors based on 16th, 50th, and 84th percentile
	Param     	MC_rec	err_up	err_low
	delay     	1.32e+00	+1.42e-01	-9.95e-02
	delta_mag 	2.83e-01	+1.18e-02	-9.90e-03
	sigma     	4.57e-02	+7.46e-03	-8.06e-03
	tau       	7.93e-01	+2.20e-01	-1.16e-01
	avg_mag   	1.96e+01	+1.37e-02	-1.39e-02
Process Started on 2014-04-07 04:24:23.072496
It is currently    2014-04-07 04:25:12.494675
sampler.run_mcmc
Process Started on 2014-04-07 04:24:23.072496
It is currently    2014-04-07 04:31:30.814271
sampler.chain
90000
Mean acceptance fraction: 0.509
Errors based on 16th, 50th, and 84th percentile
Param     	MC_rec	err_up	err_low
delay     	1.44e+00	+8.41e-02	-1.09e-01
delta_mag 	2.92e-01	+1.04e-02	-1.01e-02
sigma     	4.27e-02	+7.59e-03	-6.59e-03
tau       	2.62e+00	+2.80e+00	-1.47e+00
avg_mag   	1.96e+01	+2.73e-02	-2.60e-02
Process Started on 2014-04-07 04:24:23.072496
It is currently    2014-04-07 04:31:37.263232
