
SIMULATION PARAMETERS
Namespace(avg_mag=19.0, delay=1.5, delta_mag=0.3, numorbits=40, outputtag='hubble_sim_r1175', photometricerror=0.05, redshift=0.658, sigma=0.07, tau=121.0)

Process Started on 2014-04-07 04:03:18.640919
The output_tag for this run is: hubble_sim_r1175_2014_04_07_04:03

CRUDE LIGHT CURVE PARAMETERS
----------------------------
parameter lc1   	lc2
----------------------------
sigma     +0.31 	+0.34
tau       +0.03 	+0.02
avg_mag   +18.91 	+19.25


BEGINNING LIGHT CURVE PARAMETER OPTIMIZATION

Optimization terminated successfully.
         Current function value: -420.988697
         Iterations: 123
         Function evaluations: 217
Optimization terminated successfully.
         Current function value: -411.571555
         Iterations: 60
         Function evaluations: 109

OPTIMIZED LIGHT CURVE PARAMETERS
--------------------------------
parameter lc1   	lc2
--------------------------------
sigma     +0.04 	+0.00
tau       +0.98 	+0.02
avg_mag   +18.92 	+19.25


Process Started on 2014-04-07 04:03:18.640919
It is now          2014-04-07 04:03:19.258799

time series is 2.51 days long
with  108 data points
The most common sample time distance is 0.01 days within the range of [0.01,0.03] days

1% done
10% done
25% done
50% done
75% done
DONE

Process Started on 2014-04-07 04:03:18.640919
It is now          2014-04-07 04:03:19.585198

BEST DELAY=5.44082e-01

INITIAL PARAMETERS (average of lc1 and lc2)
-------------------------------------------
delay      = 0.54
delta_mag  = 0.33
avg_mag    = 18.92
tau        = 0.50
sigma      = 0.02

Optimization terminated successfully.
         Current function value: -844.363932
         Iterations: 118
         Function evaluations: 212

INITIAL PARAMETERS (optimization of merged light curve)
-------------------------------------------------------
delay      = 0.54
delta_mag  = 0.33
avg_mag    = 18.92
tau        = 0.99
sigma      = 0.03


-------------
RUNNING EMCEE
-------------

pos
sampler
Process Started on 2014-04-07 04:03:18.640919
It is currently    2014-04-07 04:03:21.429567
burn-in sampler.run_mcmc
	Mean acceptance fraction: 0.558
	Errors based on 16th, 50th, and 84th percentile
	Param     	MC_rec	err_up	err_low
	delay     	5.65e-01	+6.55e-01	-1.43e-01
	delta_mag 	3.29e-01	+7.32e-03	-1.15e-02
	sigma     	3.52e-02	+8.09e-03	-8.54e-03
	tau       	1.05e+00	+5.80e-01	-2.09e-01
	avg_mag   	1.89e+01	+1.52e-02	-1.37e-02
Process Started on 2014-04-07 04:03:18.640919
It is currently    2014-04-07 04:04:07.379890
sampler.run_mcmc
Process Started on 2014-04-07 04:03:18.640919
It is currently    2014-04-07 04:09:56.751858
sampler.chain
90000
Mean acceptance fraction: 0.461
Errors based on 16th, 50th, and 84th percentile
Param     	MC_rec	err_up	err_low
delay     	1.45e+00	+1.17e-01	-1.72e-01
delta_mag 	3.05e-01	+1.14e-02	-9.71e-03
sigma     	3.64e-02	+7.56e-03	-6.34e-03
tau       	3.98e+00	+3.64e+00	-2.32e+00
avg_mag   	1.89e+01	+3.18e-02	-2.73e-02
Process Started on 2014-04-07 04:03:18.640919
It is currently    2014-04-07 04:10:02.948486
