
SIMULATION PARAMETERS
Namespace(avg_mag=19.0, delay=1.5, delta_mag=0.3, numorbits=40, outputtag='hubble_sim_r1288', photometricerror=0.1, redshift=0.658, sigma=0.07, tau=121.0)

Process Started on 2014-04-07 05:56:42.129213
The output_tag for this run is: hubble_sim_r1288_2014_04_07_05:56

CRUDE LIGHT CURVE PARAMETERS
----------------------------
parameter lc1   	lc2
----------------------------
sigma     +0.48 	+0.22
tau       +0.06 	+0.03
avg_mag   +19.53 	+19.76


BEGINNING LIGHT CURVE PARAMETER OPTIMIZATION

Optimization terminated successfully.
         Current function value: -286.123080
         Iterations: 119
         Function evaluations: 212
Optimization terminated successfully.
         Current function value: -298.442884
         Iterations: 56
         Function evaluations: 101

OPTIMIZED LIGHT CURVE PARAMETERS
--------------------------------
parameter lc1   	lc2
--------------------------------
sigma     +0.06 	+0.00
tau       +2.19 	+0.04
avg_mag   +19.52 	+19.76


Process Started on 2014-04-07 05:56:42.129213
It is now          2014-04-07 05:56:42.718798

time series is 2.50 days long
with  110 data points
The most common sample time distance is 0.02 days within the range of [0.01,0.03] days

1% done
10% done
25% done
50% done
75% done
DONE

Process Started on 2014-04-07 05:56:42.129213
It is now          2014-04-07 05:56:43.034690

BEST DELAY=5.48041e-01

INITIAL PARAMETERS (average of lc1 and lc2)
-------------------------------------------
delay      = 0.55
delta_mag  = 0.24
avg_mag    = 19.52
tau        = 1.12
sigma      = 0.03

Optimization terminated successfully.
         Current function value: -577.333966
         Iterations: 117
         Function evaluations: 214

INITIAL PARAMETERS (optimization of merged light curve)
-------------------------------------------------------
delay      = 0.55
delta_mag  = 0.24
avg_mag    = 19.54
tau        = 1.57
sigma      = 0.04


-------------
RUNNING EMCEE
-------------

pos
sampler
Process Started on 2014-04-07 05:56:42.129213
It is currently    2014-04-07 05:56:44.841524
burn-in sampler.run_mcmc
	Mean acceptance fraction: 0.575
	Errors based on 16th, 50th, and 84th percentile
	Param     	MC_rec	err_up	err_low
	delay     	6.17e-01	+3.95e-01	-1.45e-01
	delta_mag 	2.52e-01	+1.93e-02	-1.61e-02
	sigma     	4.81e-02	+1.47e-02	-1.18e-02
	tau       	1.57e+00	+5.15e-01	-3.14e-01
	avg_mag   	1.95e+01	+2.71e-02	-2.93e-02
Process Started on 2014-04-07 05:56:42.129213
It is currently    2014-04-07 05:57:28.691598
sampler.run_mcmc
Process Started on 2014-04-07 05:56:42.129213
It is currently    2014-04-07 06:03:18.218236
sampler.chain
90000
Mean acceptance fraction: 0.508
Errors based on 16th, 50th, and 84th percentile
Param     	MC_rec	err_up	err_low
delay     	1.42e+00	+1.96e-01	-2.76e-01
delta_mag 	2.83e-01	+1.67e-02	-1.64e-02
sigma     	4.45e-02	+1.04e-02	-8.74e-03
tau       	7.22e+00	+5.36e+00	-4.22e+00
avg_mag   	1.95e+01	+5.05e-02	-4.98e-02
Process Started on 2014-04-07 05:56:42.129213
It is currently    2014-04-07 06:03:24.357408
