
SIMULATION PARAMETERS
Namespace(avg_mag=19.0, delay=1.5, delta_mag=0.3, numorbits=40, outputtag='hubble_sim_r1094', photometricerror=0.02, redshift=0.658, sigma=0.07, tau=121.0)

Process Started on 2014-04-07 02:42:01.212050
The output_tag for this run is: hubble_sim_r1094_2014_04_07_02:42

CRUDE LIGHT CURVE PARAMETERS
----------------------------
parameter lc1   	lc2
----------------------------
sigma     +0.30 	+0.50
tau       +0.08 	+0.02
avg_mag   +18.50 	+18.74


BEGINNING LIGHT CURVE PARAMETER OPTIMIZATION

Optimization terminated successfully.
         Current function value: -537.671257
         Iterations: 105
         Function evaluations: 188
Optimization terminated successfully.
         Current function value: -540.040819
         Iterations: 130
         Function evaluations: 225

OPTIMIZED LIGHT CURVE PARAMETERS
--------------------------------
parameter lc1   	lc2
--------------------------------
sigma     +0.05 	+0.05
tau       +1.60 	+2.47
avg_mag   +18.47 	+18.75


Process Started on 2014-04-07 02:42:01.212050
It is now          2014-04-07 02:42:01.931781

time series is 2.51 days long
with  103 data points
The most common sample time distance is 0.02 days within the range of [0.01,0.03] days

1% done
10% done
25% done
50% done
75% done
DONE

Process Started on 2014-04-07 02:42:01.212050
It is now          2014-04-07 02:42:02.238992

BEST DELAY=1.24301e+00

INITIAL PARAMETERS (average of lc1 and lc2)
-------------------------------------------
delay      = 1.24
delta_mag  = 0.28
avg_mag    = 18.47
tau        = 2.04
sigma      = 0.05

Optimization terminated successfully.
         Current function value: -1022.686478
         Iterations: 130
         Function evaluations: 230

INITIAL PARAMETERS (optimization of merged light curve)
-------------------------------------------------------
delay      = 1.24
delta_mag  = 0.28
avg_mag    = 18.45
tau        = 2.42
sigma      = 0.04


-------------
RUNNING EMCEE
-------------

pos
sampler
Process Started on 2014-04-07 02:42:01.212050
It is currently    2014-04-07 02:42:04.000724
burn-in sampler.run_mcmc
	Mean acceptance fraction: 0.537
	Errors based on 16th, 50th, and 84th percentile
	Param     	MC_rec	err_up	err_low
	delay     	1.45e+00	+4.22e-02	-7.14e-02
	delta_mag 	2.95e-01	+5.79e-03	-6.46e-03
	sigma     	4.55e-02	+6.19e-03	-5.02e-03
	tau       	2.48e+00	+8.18e-02	-9.34e-02
	avg_mag   	1.84e+01	+4.12e-02	-3.48e-02
Process Started on 2014-04-07 02:42:01.212050
It is currently    2014-04-07 02:42:47.779025
sampler.run_mcmc
Process Started on 2014-04-07 02:42:01.212050
It is currently    2014-04-07 02:48:32.371336
sampler.chain
90000
Mean acceptance fraction: 0.512
Errors based on 16th, 50th, and 84th percentile
Param     	MC_rec	err_up	err_low
delay     	1.50e+00	+1.30e-02	-1.42e-02
delta_mag 	2.99e-01	+3.42e-03	-3.34e-03
sigma     	4.79e-02	+4.36e-03	-3.91e-03
tau       	8.84e+00	+9.19e+00	-5.81e+00
avg_mag   	1.84e+01	+5.52e-02	-6.78e-02
Process Started on 2014-04-07 02:42:01.212050
It is currently    2014-04-07 02:48:38.526054
