
SIMULATION PARAMETERS
Namespace(avg_mag=19.0, delay=1.5, delta_mag=0.3, numorbits=40, outputtag='hubble_sim_r1133', photometricerror=0.05, redshift=0.658, sigma=0.07, tau=121.0)

Process Started on 2014-04-07 03:21:09.641703
The output_tag for this run is: hubble_sim_r1133_2014_04_07_03:21

CRUDE LIGHT CURVE PARAMETERS
----------------------------
parameter lc1   	lc2
----------------------------
sigma     +0.20 	+0.26
tau       +0.67 	+0.04
avg_mag   +18.69 	+19.01


BEGINNING LIGHT CURVE PARAMETER OPTIMIZATION

Optimization terminated successfully.
         Current function value: -429.076535
         Iterations: 87
         Function evaluations: 164
Optimization terminated successfully.
         Current function value: -436.755026
         Iterations: 117
         Function evaluations: 219

OPTIMIZED LIGHT CURVE PARAMETERS
--------------------------------
parameter lc1   	lc2
--------------------------------
sigma     +0.06 	+0.03
tau       +0.32 	+0.83
avg_mag   +18.69 	+19.01


Process Started on 2014-04-07 03:21:09.641703
It is now          2014-04-07 03:21:10.370903

time series is 2.50 days long
with  111 data points
The most common sample time distance is 0.01 days within the range of [0.02,0.01] days

1% done
10% done
25% done
50% done
75% done
DONE

Process Started on 2014-04-07 03:21:09.641703
It is now          2014-04-07 03:21:10.688082

BEST DELAY=3.48579e-01

INITIAL PARAMETERS (average of lc1 and lc2)
-------------------------------------------
delay      = 0.35
delta_mag  = 0.32
avg_mag    = 18.69
tau        = 0.58
sigma      = 0.05

Optimization terminated successfully.
         Current function value: -866.788160
         Iterations: 52
         Function evaluations: 98

INITIAL PARAMETERS (optimization of merged light curve)
-------------------------------------------------------
delay      = 0.35
delta_mag  = 0.32
avg_mag    = 18.70
tau        = 0.56
sigma      = 0.04


-------------
RUNNING EMCEE
-------------

pos
sampler
Process Started on 2014-04-07 03:21:09.641703
It is currently    2014-04-07 03:21:12.010183
burn-in sampler.run_mcmc
	Mean acceptance fraction: 0.581
	Errors based on 16th, 50th, and 84th percentile
	Param     	MC_rec	err_up	err_low
	delay     	3.26e-01	+1.15e-01	-1.10e-01
	delta_mag 	3.24e-01	+5.72e-03	-5.39e-03
	sigma     	4.22e-02	+8.87e-03	-8.04e-03
	tau       	5.84e-01	+2.55e-01	-1.49e-01
	avg_mag   	1.87e+01	+1.01e-02	-9.92e-03
Process Started on 2014-04-07 03:21:09.641703
It is currently    2014-04-07 03:21:58.902464
sampler.run_mcmc
Process Started on 2014-04-07 03:21:09.641703
It is currently    2014-04-07 03:27:46.424835
sampler.chain
90000
Mean acceptance fraction: 0.401
Errors based on 16th, 50th, and 84th percentile
Param     	MC_rec	err_up	err_low
delay     	3.24e-01	+2.52e-01	-1.17e-01
delta_mag 	3.23e-01	+5.71e-03	-8.79e-03
sigma     	3.82e-02	+8.24e-03	-7.74e-03
tau       	1.70e+00	+2.13e+00	-1.00e+00
avg_mag   	1.87e+01	+2.27e-02	-1.86e-02
Process Started on 2014-04-07 03:21:09.641703
It is currently    2014-04-07 03:27:52.523251
