
SIMULATION PARAMETERS
Namespace(avg_mag=19.0, delay=1.5, delta_mag=0.3, numorbits=80, outputtag='hubble_sim_r280', photometricerror=0.1, redshift=0.658, sigma=0.07, tau=121.0)

Process Started on 2014-04-07 00:46:37.157507
The output_tag for this run is: hubble_sim_r280_2014_04_07_00:46

CRUDE LIGHT CURVE PARAMETERS
----------------------------
parameter lc1   	lc2
----------------------------
sigma     +0.51 	+0.29
tau       +0.02 	+0.53
avg_mag   +18.96 	+19.27


BEGINNING LIGHT CURVE PARAMETER OPTIMIZATION

Optimization terminated successfully.
         Current function value: -572.126586
         Iterations: 52
         Function evaluations: 102
Optimization terminated successfully.
         Current function value: -584.067098
         Iterations: 85
         Function evaluations: 157

OPTIMIZED LIGHT CURVE PARAMETERS
--------------------------------
parameter lc1   	lc2
--------------------------------
sigma     +0.00 	+0.05
tau       +0.02 	+0.71
avg_mag   +18.96 	+19.27


Process Started on 2014-04-07 00:46:37.157507
It is now          2014-04-07 00:46:38.144060

time series is 5.00 days long
with  222 data points
The most common sample time distance is 0.01 days within the range of [0.01,0.01] days

1% done
10% done
25% done
50% done
75% done
DONE

Process Started on 2014-04-07 00:46:37.157507
It is now          2014-04-07 00:46:38.805071

BEST DELAY=1.49988e+00

INITIAL PARAMETERS (average of lc1 and lc2)
-------------------------------------------
delay      = 1.50
delta_mag  = 0.30
avg_mag    = 18.96
tau        = 0.37
sigma      = 0.02

Optimization terminated successfully.
         Current function value: -1180.131309
         Iterations: 106
         Function evaluations: 189

INITIAL PARAMETERS (optimization of merged light curve)
-------------------------------------------------------
delay      = 1.50
delta_mag  = 0.30
avg_mag    = 18.96
tau        = 0.77
sigma      = 0.05


-------------
RUNNING EMCEE
-------------

pos
sampler
Process Started on 2014-04-07 00:46:37.157507
It is currently    2014-04-07 00:46:42.274279
burn-in sampler.run_mcmc
	Mean acceptance fraction: 0.586
	Errors based on 16th, 50th, and 84th percentile
	Param     	MC_rec	err_up	err_low
	delay     	1.51e+00	+8.76e-02	-8.69e-02
	delta_mag 	3.02e-01	+8.88e-03	-7.95e-03
	sigma     	5.09e-02	+8.80e-03	-7.98e-03
	tau       	7.74e-01	+1.88e-01	-1.44e-01
	avg_mag   	1.90e+01	+1.15e-02	-1.22e-02
Process Started on 2014-04-07 00:46:37.157507
It is currently    2014-04-07 00:48:34.047666
sampler.run_mcmc
Process Started on 2014-04-07 00:46:37.157507
It is currently    2014-04-07 01:09:49.168833
sampler.chain
90000
Mean acceptance fraction: 0.509
Errors based on 16th, 50th, and 84th percentile
Param     	MC_rec	err_up	err_low
delay     	1.51e+00	+7.76e-02	-7.79e-02
delta_mag 	3.02e-01	+7.75e-03	-7.97e-03
sigma     	4.79e-02	+8.83e-03	-8.04e-03
tau       	1.54e+00	+2.31e+00	-7.29e-01
avg_mag   	1.90e+01	+1.86e-02	-2.00e-02
Process Started on 2014-04-07 00:46:37.157507
It is currently    2014-04-07 01:09:59.110327
