
SIMULATION PARAMETERS
Namespace(avg_mag=19.0, delay=1.5, delta_mag=0.3, numorbits=40, outputtag='hubble_sim_r1124', photometricerror=0.05, redshift=0.658, sigma=0.07, tau=121.0)

Process Started on 2014-04-07 03:12:07.670297
The output_tag for this run is: hubble_sim_r1124_2014_04_07_03:12

CRUDE LIGHT CURVE PARAMETERS
----------------------------
parameter lc1   	lc2
----------------------------
sigma     +0.25 	+2.78
tau       +0.05 	+0.00
avg_mag   +18.73 	+19.05


BEGINNING LIGHT CURVE PARAMETER OPTIMIZATION

Optimization terminated successfully.
         Current function value: -416.168141
         Iterations: 107
         Function evaluations: 196
Optimization terminated successfully.
         Current function value: -408.596998
         Iterations: 67
         Function evaluations: 123

OPTIMIZED LIGHT CURVE PARAMETERS
--------------------------------
parameter lc1   	lc2
--------------------------------
sigma     +0.06 	+0.00
tau       +0.24 	+0.00
avg_mag   +18.74 	+19.05


Process Started on 2014-04-07 03:12:07.670297
It is now          2014-04-07 03:12:08.269961

time series is 2.51 days long
with  108 data points
