
SIMULATION PARAMETERS
Namespace(avg_mag=19.0, delay=1.5, delta_mag=0.3, numorbits=40, outputtag='hubble_sim_r1272', photometricerror=0.1, redshift=0.658, sigma=0.07, tau=121.0)

Process Started on 2014-04-07 05:40:38.846657
The output_tag for this run is: hubble_sim_r1272_2014_04_07_05:40

CRUDE LIGHT CURVE PARAMETERS
----------------------------
parameter lc1   	lc2
----------------------------
sigma     +0.39 	+0.91
tau       +0.06 	+0.00
avg_mag   +19.56 	+19.85


BEGINNING LIGHT CURVE PARAMETER OPTIMIZATION

Optimization terminated successfully.
         Current function value: -301.759740
         Iterations: 107
         Function evaluations: 195
Optimization terminated successfully.
         Current function value: -298.875007
         Iterations: 54
         Function evaluations: 106

OPTIMIZED LIGHT CURVE PARAMETERS
--------------------------------
parameter lc1   	lc2
--------------------------------
sigma     +0.06 	+0.00
tau       +1.01 	+0.01
avg_mag   +19.55 	+19.85


Process Started on 2014-04-07 05:40:38.846657
It is now          2014-04-07 05:40:39.433765

time series is 2.50 days long
with  115 data points
The most common sample time distance is 0.01 days within the range of [0.02,0.01] days

1% done
10% done
25% done
50% done
75% done
DONE

Process Started on 2014-04-07 05:40:38.846657
It is now          2014-04-07 05:40:39.753754

BEST DELAY=1.24825e+00

INITIAL PARAMETERS (average of lc1 and lc2)
-------------------------------------------
delay      = 1.25
delta_mag  = 0.30
avg_mag    = 19.55
tau        = 0.51
sigma      = 0.03

Optimization terminated successfully.
         Current function value: -609.642940
         Iterations: 120
         Function evaluations: 208

INITIAL PARAMETERS (optimization of merged light curve)
-------------------------------------------------------
delay      = 1.25
delta_mag  = 0.30
avg_mag    = 19.54
tau        = 0.91
sigma      = 0.05


-------------
RUNNING EMCEE
-------------

pos
sampler
Process Started on 2014-04-07 05:40:38.846657
It is currently    2014-04-07 05:40:41.690780
burn-in sampler.run_mcmc
	Mean acceptance fraction: 0.590
	Errors based on 16th, 50th, and 84th percentile
	Param     	MC_rec	err_up	err_low
	delay     	1.29e+00	+1.62e-01	-1.29e-01
	delta_mag 	2.88e-01	+1.71e-02	-1.42e-02
	sigma     	5.79e-02	+1.19e-02	-1.08e-02
	tau       	9.42e-01	+3.12e-01	-1.74e-01
	avg_mag   	1.95e+01	+2.12e-02	-2.58e-02
Process Started on 2014-04-07 05:40:38.846657
It is currently    2014-04-07 05:41:29.641209
sampler.run_mcmc
Process Started on 2014-04-07 05:40:38.846657
It is currently    2014-04-07 05:47:44.857634
sampler.chain
90000
Mean acceptance fraction: 0.506
Errors based on 16th, 50th, and 84th percentile
Param     	MC_rec	err_up	err_low
delay     	1.47e+00	+3.01e-01	-2.06e-01
delta_mag 	2.95e-01	+1.97e-02	-1.59e-02
sigma     	5.15e-02	+1.04e-02	-9.10e-03
tau       	3.32e+00	+3.40e+00	-1.98e+00
avg_mag   	1.95e+01	+3.27e-02	-4.31e-02
Process Started on 2014-04-07 05:40:38.846657
It is currently    2014-04-07 05:47:51.238473
