
SIMULATION PARAMETERS
Namespace(avg_mag=19.0, delay=1.5, delta_mag=0.3, numorbits=80, outputtag='hubble_sim_r262', photometricerror=0.1, redshift=0.658, sigma=0.07, tau=121.0)

Process Started on 2014-04-07 00:26:33.470784
The output_tag for this run is: hubble_sim_r262_2014_04_07_00:26

CRUDE LIGHT CURVE PARAMETERS
----------------------------
parameter lc1   	lc2
----------------------------
sigma     +0.28 	+0.37
tau       +0.02 	+0.03
avg_mag   +18.30 	+18.61


BEGINNING LIGHT CURVE PARAMETER OPTIMIZATION

Optimization terminated successfully.
         Current function value: -591.843861
         Iterations: 60
         Function evaluations: 107
Optimization terminated successfully.
         Current function value: -571.651494
         Iterations: 48
         Function evaluations: 94

OPTIMIZED LIGHT CURVE PARAMETERS
--------------------------------
parameter lc1   	lc2
--------------------------------
sigma     +0.00 	+0.00
tau       +0.03 	+0.05
avg_mag   +18.30 	+18.61


Process Started on 2014-04-07 00:26:33.470784
It is now          2014-04-07 00:26:34.780451

time series is 5.00 days long
with  219 data points
The most common sample time distance is 0.01 days within the range of [0.01,0.01] days

1% done
10% done
25% done
50% done
75% done
DONE

Process Started on 2014-04-07 00:26:33.470784
It is now          2014-04-07 00:26:35.840966

BEST DELAY=1.49984e+00

INITIAL PARAMETERS (average of lc1 and lc2)
-------------------------------------------
delay      = 1.50
delta_mag  = 0.31
avg_mag    = 18.30
tau        = 0.04
sigma      = 0.00

Optimization terminated successfully.
         Current function value: -1176.024368
         Iterations: 125
         Function evaluations: 223

INITIAL PARAMETERS (optimization of merged light curve)
-------------------------------------------------------
delay      = 1.50
delta_mag  = 0.31
avg_mag    = 18.31
tau        = 2.85
sigma      = 0.02


-------------
RUNNING EMCEE
-------------

pos
sampler
Process Started on 2014-04-07 00:26:33.470784
It is currently    2014-04-07 00:26:40.466515
burn-in sampler.run_mcmc
	Mean acceptance fraction: 0.574
	Errors based on 16th, 50th, and 84th percentile
	Param     	MC_rec	err_up	err_low
	delay     	1.53e+00	+2.82e-01	-1.92e-01
	delta_mag 	3.01e-01	+8.82e-03	-1.03e-02
	sigma     	2.68e-02	+7.49e-03	-6.66e-03
	tau       	2.96e+00	+1.32e+00	-6.69e-01
	avg_mag   	1.83e+01	+2.42e-02	-1.96e-02
Process Started on 2014-04-07 00:26:33.470784
It is currently    2014-04-07 00:29:06.664703
sampler.run_mcmc
Process Started on 2014-04-07 00:26:33.470784
It is currently    2014-04-07 00:46:07.939877
sampler.chain
90000
Mean acceptance fraction: 0.505
Errors based on 16th, 50th, and 84th percentile
Param     	MC_rec	err_up	err_low
delay     	1.70e+00	+7.34e-01	-4.37e-01
delta_mag 	2.96e-01	+9.58e-03	-1.16e-02
sigma     	2.29e-02	+5.94e-03	-4.89e-03
tau       	1.29e+01	+1.01e+01	-7.64e+00
avg_mag   	1.83e+01	+3.98e-02	-3.24e-02
Process Started on 2014-04-07 00:26:33.470784
It is currently    2014-04-07 00:46:18.889217
