
SIMULATION PARAMETERS
Namespace(avg_mag=19.0, delay=1.5, delta_mag=0.3, numorbits=80, outputtag='hubble_sim_r66', photometricerror=0.02, redshift=0.658, sigma=0.07, tau=121.0)

Process Started on 2014-04-06 20:57:58.145401
The output_tag for this run is: hubble_sim_r66_2014_04_06_20:57

CRUDE LIGHT CURVE PARAMETERS
----------------------------
parameter lc1   	lc2
----------------------------
sigma     +0.39 	+0.36
tau       +0.04 	+1.29
avg_mag   +20.14 	+20.43


BEGINNING LIGHT CURVE PARAMETER OPTIMIZATION

Optimization terminated successfully.
         Current function value: -1206.414259
         Iterations: 139
         Function evaluations: 244
Optimization terminated successfully.
         Current function value: -1219.950617
         Iterations: 112
         Function evaluations: 202

OPTIMIZED LIGHT CURVE PARAMETERS
--------------------------------
parameter lc1   	lc2
--------------------------------
sigma     +0.05 	+0.04
tau       +1.80 	+1.92
avg_mag   +20.12 	+20.43


Process Started on 2014-04-06 20:57:58.145401
It is now          2014-04-06 20:58:01.075450

time series is 5.01 days long
with  229 data points
The most common sample time distance is 0.01 days within the range of [0.01,0.02] days

1% done
10% done
25% done
50% done
75% done
DONE

Process Started on 2014-04-06 20:57:58.145401
It is now          2014-04-06 20:58:02.170411

BEST DELAY=1.49725e+00

INITIAL PARAMETERS (average of lc1 and lc2)
-------------------------------------------
delay      = 1.50
delta_mag  = 0.31
avg_mag    = 20.12
tau        = 1.86
sigma      = 0.05

Optimization terminated successfully.
         Current function value: -2463.990472
         Iterations: 159
         Function evaluations: 286

INITIAL PARAMETERS (optimization of merged light curve)
-------------------------------------------------------
delay      = 1.50
delta_mag  = 0.31
avg_mag    = 20.12
tau        = 1.53
sigma      = 0.05


-------------
RUNNING EMCEE
-------------

pos
sampler
Process Started on 2014-04-06 20:57:58.145401
It is currently    2014-04-06 20:58:08.138169
burn-in sampler.run_mcmc
	Mean acceptance fraction: 0.568
	Errors based on 16th, 50th, and 84th percentile
	Param     	MC_rec	err_up	err_low
	delay     	1.50e+00	+7.41e-03	-7.11e-03
	delta_mag 	3.01e-01	+1.75e-03	-1.69e-03
	sigma     	4.95e-02	+3.80e-03	-3.51e-03
	tau       	1.53e+00	+1.22e-01	-1.23e-01
	avg_mag   	2.01e+01	+1.85e-02	-1.89e-02
Process Started on 2014-04-06 20:57:58.145401
It is currently    2014-04-06 21:00:44.286892
sampler.run_mcmc
Process Started on 2014-04-06 20:57:58.145401
It is currently    2014-04-06 21:21:49.081938
sampler.chain
90000
Mean acceptance fraction: 0.507
Errors based on 16th, 50th, and 84th percentile
Param     	MC_rec	err_up	err_low
delay     	1.50e+00	+5.97e-03	-6.18e-03
delta_mag 	3.01e-01	+1.50e-03	-1.58e-03
sigma     	4.93e-02	+3.41e-03	-3.40e-03
tau       	3.77e+00	+5.95e+00	-2.05e+00
avg_mag   	2.01e+01	+3.46e-02	-3.73e-02
Process Started on 2014-04-06 20:57:58.145401
It is currently    2014-04-06 21:21:58.902850
