
SIMULATION PARAMETERS
Namespace(avg_mag=19.0, delay=1.5, delta_mag=0.3, numorbits=80, outputtag='hubble_sim_r33', photometricerror=0.02, redshift=0.658, sigma=0.07, tau=121.0)

Process Started on 2014-04-06 20:17:38.972904
The output_tag for this run is: hubble_sim_r33_2014_04_06_20:17

CRUDE LIGHT CURVE PARAMETERS
----------------------------
parameter lc1   	lc2
----------------------------
sigma     +0.46 	+0.50
tau       +0.03 	+0.03
avg_mag   +18.62 	+18.94


BEGINNING LIGHT CURVE PARAMETER OPTIMIZATION

Optimization terminated successfully.
         Current function value: -1156.491955
         Iterations: 138
         Function evaluations: 246
Optimization terminated successfully.
         Current function value: -1169.744643
         Iterations: 119
         Function evaluations: 214

OPTIMIZED LIGHT CURVE PARAMETERS
--------------------------------
parameter lc1   	lc2
--------------------------------
sigma     +0.06 	+0.05
tau       +1.99 	+1.28
avg_mag   +18.62 	+18.94


Process Started on 2014-04-06 20:17:38.972904
It is now          2014-04-06 20:17:41.744438

time series is 5.01 days long
with  223 data points
The most common sample time distance is 0.01 days within the range of [0.01,0.02] days

1% done
10% done
25% done
50% done
75% done
DONE

Process Started on 2014-04-06 20:17:38.972904
It is now          2014-04-06 20:17:42.758093

BEST DELAY=1.49312e+00

INITIAL PARAMETERS (average of lc1 and lc2)
-------------------------------------------
delay      = 1.49
delta_mag  = 0.32
avg_mag    = 18.62
tau        = 1.63
sigma      = 0.06

Optimization terminated successfully.
         Current function value: -2325.275683
         Iterations: 118
         Function evaluations: 206

INITIAL PARAMETERS (optimization of merged light curve)
-------------------------------------------------------
delay      = 1.49
delta_mag  = 0.32
avg_mag    = 18.61
tau        = 1.48
sigma      = 0.06


-------------
RUNNING EMCEE
-------------

pos
sampler
Process Started on 2014-04-06 20:17:38.972904
It is currently    2014-04-06 20:17:47.244544
burn-in sampler.run_mcmc
	Mean acceptance fraction: 0.556
	Errors based on 16th, 50th, and 84th percentile
	Param     	MC_rec	err_up	err_low
	delay     	1.50e+00	+6.64e-03	-7.28e-03
	delta_mag 	3.01e-01	+2.09e-03	-2.05e-03
	sigma     	5.65e-02	+3.64e-03	-3.56e-03
	tau       	1.49e+00	+1.47e-01	-1.22e-01
	avg_mag   	1.86e+01	+1.76e-02	-2.24e-02
Process Started on 2014-04-06 20:17:38.972904
It is currently    2014-04-06 20:20:18.028010
sampler.run_mcmc
Process Started on 2014-04-06 20:17:38.972904
It is currently    2014-04-06 20:40:03.068298
sampler.chain
90000
Mean acceptance fraction: 0.512
Errors based on 16th, 50th, and 84th percentile
Param     	MC_rec	err_up	err_low
delay     	1.50e+00	+5.28e-03	-5.75e-03
delta_mag 	3.00e-01	+1.64e-03	-1.68e-03
sigma     	5.52e-02	+3.54e-03	-3.26e-03
tau       	5.17e+00	+5.82e+00	-3.07e+00
avg_mag   	1.86e+01	+4.28e-02	-5.24e-02
Process Started on 2014-04-06 20:17:38.972904
It is currently    2014-04-06 20:40:12.481725
