
SIMULATION PARAMETERS
Namespace(avg_mag=19.0, delay=1.5, delta_mag=0.3, numorbits=40, outputtag='hubble_sim_r1294', photometricerror=0.1, redshift=0.658, sigma=0.07, tau=121.0)

Process Started on 2014-04-07 06:02:43.358988
The output_tag for this run is: hubble_sim_r1294_2014_04_07_06:02

CRUDE LIGHT CURVE PARAMETERS
----------------------------
parameter lc1   	lc2
----------------------------
sigma     +8.58 	+0.46
tau       +0.00 	+0.03
avg_mag   +19.24 	+19.61


BEGINNING LIGHT CURVE PARAMETER OPTIMIZATION

Optimization terminated successfully.
         Current function value: -267.996950
         Iterations: 78
         Function evaluations: 138
Optimization terminated successfully.
         Current function value: -256.169831
         Iterations: 56
         Function evaluations: 103

OPTIMIZED LIGHT CURVE PARAMETERS
--------------------------------
parameter lc1   	lc2
--------------------------------
sigma     +0.00 	+0.00
tau       +0.00 	+0.04
avg_mag   +19.24 	+19.61


Process Started on 2014-04-07 06:02:43.358988
It is now          2014-04-07 06:02:43.793373

time series is 2.51 days long
with  101 data points
The most common sample time distance is 0.01 days within the range of [0.02,0.01] days

1% done
10% done
25% done
50% done
75% done
DONE

Process Started on 2014-04-07 06:02:43.358988
It is now          2014-04-07 06:02:44.103578

BEST DELAY=4.47499e-01

INITIAL PARAMETERS (average of lc1 and lc2)
-------------------------------------------
delay      = 0.45
delta_mag  = 0.37
avg_mag    = 19.24
tau        = 0.02
sigma      = 0.00

Optimization terminated successfully.
         Current function value: -534.747683
         Iterations: 152
         Function evaluations: 280

INITIAL PARAMETERS (optimization of merged light curve)
-------------------------------------------------------
delay      = 0.45
delta_mag  = 0.37
avg_mag    = 19.24
tau        = 1.33
sigma      = 0.04


-------------
RUNNING EMCEE
-------------

pos
sampler
Process Started on 2014-04-07 06:02:43.358988
It is currently    2014-04-07 06:02:46.116731
burn-in sampler.run_mcmc
	Mean acceptance fraction: 0.581
	Errors based on 16th, 50th, and 84th percentile
	Param     	MC_rec	err_up	err_low
	delay     	5.07e-01	+2.54e-01	-1.62e-01
	delta_mag 	3.64e-01	+1.28e-02	-1.46e-02
	sigma     	4.28e-02	+1.43e-02	-1.18e-02
	tau       	1.38e+00	+7.73e-01	-4.04e-01
	avg_mag   	1.92e+01	+2.25e-02	-2.15e-02
Process Started on 2014-04-07 06:02:43.358988
It is currently    2014-04-07 06:03:28.892787
sampler.run_mcmc
Process Started on 2014-04-07 06:02:43.358988
It is currently    2014-04-07 06:08:59.416492
sampler.chain
90000
Mean acceptance fraction: 0.500
Errors based on 16th, 50th, and 84th percentile
Param     	MC_rec	err_up	err_low
delay     	1.09e+00	+2.86e-01	-3.04e-01
delta_mag 	3.39e-01	+1.83e-02	-1.99e-02
sigma     	4.12e-02	+1.07e-02	-8.77e-03
tau       	5.67e+00	+4.94e+00	-3.42e+00
avg_mag   	1.93e+01	+4.21e-02	-4.05e-02
Process Started on 2014-04-07 06:02:43.358988
It is currently    2014-04-07 06:09:05.595114
