
SIMULATION PARAMETERS
Namespace(avg_mag=19.0, delay=1.5, delta_mag=0.3, numorbits=40, outputtag='hubble_sim_r1139', photometricerror=0.05, redshift=0.658, sigma=0.07, tau=121.0)

Process Started on 2014-04-07 03:27:10.849451
The output_tag for this run is: hubble_sim_r1139_2014_04_07_03:27

CRUDE LIGHT CURVE PARAMETERS
----------------------------
parameter lc1   	lc2
----------------------------
sigma     +0.16 	+0.43
tau       +0.09 	+0.00
avg_mag   +18.33 	+18.66


BEGINNING LIGHT CURVE PARAMETER OPTIMIZATION

Optimization terminated successfully.
         Current function value: -437.440750
         Iterations: 55
         Function evaluations: 103
Optimization terminated successfully.
         Current function value: -437.201185
         Iterations: 50
         Function evaluations: 97

OPTIMIZED LIGHT CURVE PARAMETERS
--------------------------------
parameter lc1   	lc2
--------------------------------
sigma     +0.00 	+0.00
tau       +0.12 	+0.01
avg_mag   +18.33 	+18.66


Process Started on 2014-04-07 03:27:10.849451
It is now          2014-04-07 03:27:11.245640

time series is 2.52 days long
with  110 data points
The most common sample time distance is 0.01 days within the range of [0.02,0.01] days

1% done
10% done
25% done
50% done
75% done
DONE

Process Started on 2014-04-07 03:27:10.849451
It is now          2014-04-07 03:27:11.567060

BEST DELAY=6.42174e-01

INITIAL PARAMETERS (average of lc1 and lc2)
-------------------------------------------
delay      = 0.64
delta_mag  = 0.33
avg_mag    = 18.33
tau        = 0.06
sigma      = 0.00

Optimization terminated successfully.
         Current function value: -877.896278
         Iterations: 108
         Function evaluations: 196

INITIAL PARAMETERS (optimization of merged light curve)
-------------------------------------------------------
delay      = 0.64
delta_mag  = 0.33
avg_mag    = 18.33
tau        = 0.38
sigma      = 0.02


-------------
RUNNING EMCEE
-------------

pos
sampler
Process Started on 2014-04-07 03:27:10.849451
It is currently    2014-04-07 03:27:13.377266
burn-in sampler.run_mcmc
	Mean acceptance fraction: 0.570
	Errors based on 16th, 50th, and 84th percentile
	Param     	MC_rec	err_up	err_low
	delay     	6.70e-01	+1.63e-01	-1.18e-01
	delta_mag 	3.26e-01	+5.68e-03	-6.02e-03
	sigma     	2.43e-02	+1.01e-02	-9.92e-03
	tau       	4.11e-01	+2.70e-01	-1.42e-01
	avg_mag   	1.83e+01	+6.37e-03	-5.77e-03
Process Started on 2014-04-07 03:27:10.849451
It is currently    2014-04-07 03:28:01.072122
sampler.run_mcmc
Process Started on 2014-04-07 03:27:10.849451
It is currently    2014-04-07 03:33:58.085402
sampler.chain
90000
Mean acceptance fraction: 0.481
Errors based on 16th, 50th, and 84th percentile
Param     	MC_rec	err_up	err_low
delay     	7.41e-01	+4.56e-01	-2.16e-01
delta_mag 	3.24e-01	+5.58e-03	-6.12e-03
sigma     	1.67e-02	+8.38e-03	-6.98e-03
tau       	1.27e+00	+1.46e+00	-7.74e-01
avg_mag   	1.83e+01	+7.75e-03	-6.81e-03
Process Started on 2014-04-07 03:27:10.849451
It is currently    2014-04-07 03:34:04.182528
