
SIMULATION PARAMETERS
Namespace(avg_mag=19.0, delay=1.5, delta_mag=0.3, numorbits=40, outputtag='hubble_sim_r1114', photometricerror=0.05, redshift=0.658, sigma=0.07, tau=121.0)

Process Started on 2014-04-07 03:02:05.547295
The output_tag for this run is: hubble_sim_r1114_2014_04_07_03:02

CRUDE LIGHT CURVE PARAMETERS
----------------------------
parameter lc1   	lc2
----------------------------
sigma     +0.22 	+0.11
tau       +0.10 	+0.14
avg_mag   +18.33 	+18.61


BEGINNING LIGHT CURVE PARAMETER OPTIMIZATION

Optimization terminated successfully.
         Current function value: -440.802804
         Iterations: 116
         Function evaluations: 205
Optimization terminated successfully.
         Current function value: -450.576410
         Iterations: 52
         Function evaluations: 95

OPTIMIZED LIGHT CURVE PARAMETERS
--------------------------------
parameter lc1   	lc2
--------------------------------
sigma     +0.03 	+0.00
tau       +1.52 	+0.19
avg_mag   +18.34 	+18.61


Process Started on 2014-04-07 03:02:05.547295
It is now          2014-04-07 03:02:06.105599

time series is 2.52 days long
with  111 data points
The most common sample time distance is 0.01 days within the range of [0.02,0.01] days

1% done
10% done
25% done
50% done
75% done
DONE

Process Started on 2014-04-07 03:02:05.547295
It is now          2014-04-07 03:02:06.419985

BEST DELAY=-9.58198e-01

INITIAL PARAMETERS (average of lc1 and lc2)
-------------------------------------------
delay      = -0.96
delta_mag  = 0.28
avg_mag    = 18.34
tau        = 0.85
sigma      = 0.01

Optimization terminated successfully.
         Current function value: -889.418036
         Iterations: 112
         Function evaluations: 201

INITIAL PARAMETERS (optimization of merged light curve)
-------------------------------------------------------
delay      = -0.96
delta_mag  = 0.28
avg_mag    = 18.33
tau        = 1.04
sigma      = 0.02


-------------
RUNNING EMCEE
-------------

pos
sampler
Process Started on 2014-04-07 03:02:05.547295
It is currently    2014-04-07 03:02:08.131308
burn-in sampler.run_mcmc
	Mean acceptance fraction: 0.577
	Errors based on 16th, 50th, and 84th percentile
	Param     	MC_rec	err_up	err_low
	delay     	-9.60e-01	+1.02e-01	-1.38e-01
	delta_mag 	2.69e-01	+7.36e-03	-7.36e-03
	sigma     	2.51e-02	+6.38e-03	-5.45e-03
	tau       	1.05e+00	+1.48e-01	-1.14e-01
	avg_mag   	1.83e+01	+1.12e-02	-1.06e-02
Process Started on 2014-04-07 03:02:05.547295
It is currently    2014-04-07 03:02:53.986242
sampler.run_mcmc
Process Started on 2014-04-07 03:02:05.547295
It is currently    2014-04-07 03:08:56.537626
sampler.chain
90000
Mean acceptance fraction: 0.506
Errors based on 16th, 50th, and 84th percentile
Param     	MC_rec	err_up	err_low
delay     	-1.32e+00	+3.13e-01	-2.90e-01
delta_mag 	2.60e-01	+8.69e-03	-1.07e-02
sigma     	2.19e-02	+5.43e-03	-4.39e-03
tau       	4.57e+00	+3.67e+00	-2.70e+00
avg_mag   	1.83e+01	+2.00e-02	-1.87e-02
Process Started on 2014-04-07 03:02:05.547295
It is currently    2014-04-07 03:09:02.764746
