
SIMULATION PARAMETERS
Namespace(avg_mag=19.0, delay=1.5, delta_mag=0.3, numorbits=80, outputtag='hubble_sim_r148', photometricerror=0.05, redshift=0.658, sigma=0.07, tau=121.0)

Process Started on 2014-04-06 22:24:54.956798
The output_tag for this run is: hubble_sim_r148_2014_04_06_22:24

CRUDE LIGHT CURVE PARAMETERS
----------------------------
parameter lc1   	lc2
----------------------------
sigma     +0.61 	+0.21
tau       +0.03 	+0.10
avg_mag   +18.80 	+19.14


BEGINNING LIGHT CURVE PARAMETER OPTIMIZATION

Optimization terminated successfully.
         Current function value: -844.481322
         Iterations: 135
         Function evaluations: 239
Optimization terminated successfully.
         Current function value: -859.087428
         Iterations: 106
         Function evaluations: 191

OPTIMIZED LIGHT CURVE PARAMETERS
--------------------------------
parameter lc1   	lc2
--------------------------------
sigma     +0.05 	+0.03
tau       +4.90 	+0.70
avg_mag   +18.76 	+19.13


Process Started on 2014-04-06 22:24:54.956798
It is now          2014-04-06 22:24:57.755789

time series is 5.01 days long
with  219 data points
The most common sample time distance is 0.01 days within the range of [0.01,0.01] days

1% done
10% done
25% done
50% done
75% done
DONE

Process Started on 2014-04-06 22:24:54.956798
It is now          2014-04-06 22:24:58.821365

BEST DELAY=-2.50395e+00

INITIAL PARAMETERS (average of lc1 and lc2)
-------------------------------------------
delay      = -2.50
delta_mag  = 0.37
avg_mag    = 18.76
tau        = 2.80
sigma      = 0.04

Optimization terminated successfully.
         Current function value: -1639.053163
         Iterations: 120
         Function evaluations: 219

INITIAL PARAMETERS (optimization of merged light curve)
-------------------------------------------------------
delay      = -2.50
delta_mag  = 0.37
avg_mag    = 18.79
tau        = 2.00
sigma      = 0.05


-------------
RUNNING EMCEE
-------------

pos
sampler
Process Started on 2014-04-06 22:24:54.956798
It is currently    2014-04-06 22:25:03.467374
burn-in sampler.run_mcmc
	Mean acceptance fraction: 0.558
	Errors based on 16th, 50th, and 84th percentile
	Param     	MC_rec	err_up	err_low
	delay     	-2.75e+00	+1.52e-01	-3.14e-01
	delta_mag 	3.75e-01	+1.49e-02	-7.29e-03
	sigma     	4.96e-02	+7.20e-03	-7.29e-03
	tau       	2.17e+00	+7.82e-01	-2.47e-01
	avg_mag   	1.88e+01	+3.63e-02	-3.81e-02
Process Started on 2014-04-06 22:24:54.956798
It is currently    2014-04-06 22:27:32.300114
sampler.run_mcmc
Process Started on 2014-04-06 22:24:54.956798
It is currently    2014-04-06 22:43:41.533817
sampler.chain
90000
Mean acceptance fraction: 0.499
Errors based on 16th, 50th, and 84th percentile
Param     	MC_rec	err_up	err_low
delay     	-4.71e+00	+1.85e-01	-1.92e-01
delta_mag 	4.44e-01	+1.29e-02	-1.34e-02
sigma     	4.12e-02	+4.78e-03	-4.30e-03
tau       	1.15e+01	+5.55e+00	-5.28e+00
avg_mag   	1.87e+01	+5.64e-02	-6.03e-02
Process Started on 2014-04-06 22:24:54.956798
It is currently    2014-04-06 22:43:52.246262
