
SIMULATION PARAMETERS
Namespace(avg_mag=19.0, delay=1.5, delta_mag=0.3, numorbits=80, outputtag='hubble_sim_r86', photometricerror=0.02, redshift=0.658, sigma=0.07, tau=121.0)

Process Started on 2014-04-06 21:20:09.545845
The output_tag for this run is: hubble_sim_r86_2014_04_06_21:20

CRUDE LIGHT CURVE PARAMETERS
----------------------------
parameter lc1   	lc2
----------------------------
sigma     +0.46 	+0.52
tau       +0.05 	+0.12
avg_mag   +19.73 	+20.00


BEGINNING LIGHT CURVE PARAMETER OPTIMIZATION

Optimization terminated successfully.
         Current function value: -1182.150636
         Iterations: 115
         Function evaluations: 210
Optimization terminated successfully.
         Current function value: -1186.193858
         Iterations: 117
         Function evaluations: 207

OPTIMIZED LIGHT CURVE PARAMETERS
--------------------------------
parameter lc1   	lc2
--------------------------------
sigma     +0.06 	+0.06
tau       +1.86 	+2.57
avg_mag   +19.73 	+19.98


Process Started on 2014-04-06 21:20:09.545845
It is now          2014-04-06 21:20:12.296312

time series is 5.00 days long
with  226 data points
The most common sample time distance is 0.03 days within the range of [0.02,0.04] days

1% done
10% done
25% done
50% done
75% done
DONE

Process Started on 2014-04-06 21:20:09.545845
It is now          2014-04-06 21:20:13.417583

BEST DELAY=1.49843e+00

INITIAL PARAMETERS (average of lc1 and lc2)
-------------------------------------------
delay      = 1.50
delta_mag  = 0.25
avg_mag    = 19.73
tau        = 2.21
sigma      = 0.06

Optimization terminated successfully.
         Current function value: -2027.451437
         Iterations: 118
         Function evaluations: 211

INITIAL PARAMETERS (optimization of merged light curve)
-------------------------------------------------------
delay      = 1.50
delta_mag  = 0.25
avg_mag    = 19.73
tau        = 2.03
sigma      = 0.06


-------------
RUNNING EMCEE
-------------

pos
sampler
Process Started on 2014-04-06 21:20:09.545845
It is currently    2014-04-06 21:20:17.974261
burn-in sampler.run_mcmc
	Mean acceptance fraction: 0.510
	Errors based on 16th, 50th, and 84th percentile
	Param     	MC_rec	err_up	err_low
	delay     	1.50e+00	+7.68e-03	-6.68e-03
	delta_mag 	2.98e-01	+2.26e-03	-4.21e-03
	sigma     	5.58e-02	+4.09e-03	-3.82e-03
	tau       	2.06e+00	+1.02e-01	-8.89e-02
	avg_mag   	1.97e+01	+2.44e-02	-2.35e-02
Process Started on 2014-04-06 21:20:09.545845
It is currently    2014-04-06 21:22:49.656593
sampler.run_mcmc
Process Started on 2014-04-06 21:20:09.545845
It is currently    2014-04-06 21:44:54.839397
sampler.chain
90000
Mean acceptance fraction: 0.515
Errors based on 16th, 50th, and 84th percentile
Param     	MC_rec	err_up	err_low
delay     	1.50e+00	+5.64e-03	-5.66e-03
delta_mag 	3.00e-01	+1.63e-03	-1.66e-03
sigma     	5.31e-02	+3.50e-03	-3.17e-03
tau       	8.65e+00	+7.00e+00	-5.21e+00
avg_mag   	1.97e+01	+5.92e-02	-6.43e-02
Process Started on 2014-04-06 21:20:09.545845
It is currently    2014-04-06 21:45:04.798582
