
SIMULATION PARAMETERS
Namespace(avg_mag=19.0, delay=1.5, delta_mag=0.3, numorbits=80, outputtag='hubble_sim_r141', photometricerror=0.05, redshift=0.658, sigma=0.07, tau=121.0)

Process Started on 2014-04-06 22:16:52.275429
The output_tag for this run is: hubble_sim_r141_2014_04_06_22:16

CRUDE LIGHT CURVE PARAMETERS
----------------------------
parameter lc1   	lc2
----------------------------
sigma     +0.43 	+0.43
tau       +0.39 	+0.14
avg_mag   +18.93 	+19.24


BEGINNING LIGHT CURVE PARAMETER OPTIMIZATION

Optimization terminated successfully.
         Current function value: -807.792917
         Iterations: 134
         Function evaluations: 242
Optimization terminated successfully.
         Current function value: -810.190104
         Iterations: 128
         Function evaluations: 234

OPTIMIZED LIGHT CURVE PARAMETERS
--------------------------------
parameter lc1   	lc2
--------------------------------
sigma     +0.06 	+0.06
tau       +1.57 	+2.22
avg_mag   +18.95 	+19.20


Process Started on 2014-04-06 22:16:52.275429
It is now          2014-04-06 22:16:55.248136

time series is 5.00 days long
with  213 data points
The most common sample time distance is 0.03 days within the range of [0.02,0.04] days

1% done
10% done
25% done
50% done
75% done
DONE

Process Started on 2014-04-06 22:16:52.275429
It is now          2014-04-06 22:16:56.313705

BEST DELAY=1.59818e+00

INITIAL PARAMETERS (average of lc1 and lc2)
-------------------------------------------
delay      = 1.60
delta_mag  = 0.25
avg_mag    = 18.95
tau        = 1.89
sigma      = 0.06

Optimization terminated successfully.
         Current function value: -1596.646051
         Iterations: 60
         Function evaluations: 115

INITIAL PARAMETERS (optimization of merged light curve)
-------------------------------------------------------
delay      = 1.60
delta_mag  = 0.25
avg_mag    = 18.95
tau        = 1.94
sigma      = 0.06


-------------
RUNNING EMCEE
-------------

pos
sampler
Process Started on 2014-04-06 22:16:52.275429
It is currently    2014-04-06 22:16:59.611891
burn-in sampler.run_mcmc
	Mean acceptance fraction: 0.553
	Errors based on 16th, 50th, and 84th percentile
	Param     	MC_rec	err_up	err_low
	delay     	1.53e+00	+3.64e-02	-3.41e-02
	delta_mag 	2.95e-01	+5.62e-03	-5.97e-03
	sigma     	6.21e-02	+6.81e-03	-6.27e-03
	tau       	1.94e+00	+9.36e-02	-7.90e-02
	avg_mag   	1.89e+01	+3.25e-02	-3.34e-02
Process Started on 2014-04-06 22:16:52.275429
It is currently    2014-04-06 22:19:24.148290
sampler.run_mcmc
Process Started on 2014-04-06 22:16:52.275429
It is currently    2014-04-06 22:36:10.529321
sampler.chain
90000
Mean acceptance fraction: 0.500
Errors based on 16th, 50th, and 84th percentile
Param     	MC_rec	err_up	err_low
delay     	1.50e+00	+2.18e-02	-2.15e-02
delta_mag 	2.98e-01	+3.93e-03	-4.10e-03
sigma     	5.94e-02	+5.80e-03	-5.35e-03
tau       	5.32e+00	+7.76e+00	-3.23e+00
avg_mag   	1.89e+01	+4.91e-02	-5.94e-02
Process Started on 2014-04-06 22:16:52.275429
It is currently    2014-04-06 22:36:19.804303
