
SIMULATION PARAMETERS
Namespace(avg_mag=19.0, delay=1.5, delta_mag=0.3, numorbits=40, outputtag='hubble_sim_r1136', photometricerror=0.05, redshift=0.658, sigma=0.07, tau=121.0)

Process Started on 2014-04-07 03:24:10.289148
The output_tag for this run is: hubble_sim_r1136_2014_04_07_03:24

CRUDE LIGHT CURVE PARAMETERS
----------------------------
parameter lc1   	lc2
----------------------------
sigma     +0.35 	+0.29
tau       +0.01 	+0.02
avg_mag   +19.26 	+19.53


BEGINNING LIGHT CURVE PARAMETER OPTIMIZATION

Optimization terminated successfully.
         Current function value: -422.163331
         Iterations: 50
         Function evaluations: 97
Optimization terminated successfully.
         Current function value: -414.495224
         Iterations: 52
         Function evaluations: 99

OPTIMIZED LIGHT CURVE PARAMETERS
--------------------------------
parameter lc1   	lc2
--------------------------------
sigma     +0.00 	+0.00
tau       +0.01 	+0.03
avg_mag   +19.26 	+19.53


Process Started on 2014-04-07 03:24:10.289148
It is now          2014-04-07 03:24:10.665675

time series is 2.51 days long
with  108 data points
The most common sample time distance is 0.01 days within the range of [0.01,0.03] days

1% done
10% done
25% done
50% done
75% done
DONE

Process Started on 2014-04-07 03:24:10.289148
It is now          2014-04-07 03:24:10.991579

BEST DELAY=-5.40025e-02

INITIAL PARAMETERS (average of lc1 and lc2)
-------------------------------------------
delay      = -0.05
delta_mag  = 0.27
avg_mag    = 19.26
tau        = 0.02
sigma      = 0.00

Optimization terminated successfully.
         Current function value: -855.506957
         Iterations: 113
         Function evaluations: 201

INITIAL PARAMETERS (optimization of merged light curve)
-------------------------------------------------------
delay      = -0.05
delta_mag  = 0.27
avg_mag    = 19.26
tau        = 0.89
sigma      = 0.03


-------------
RUNNING EMCEE
-------------

pos
sampler
Process Started on 2014-04-07 03:24:10.289148
It is currently    2014-04-07 03:24:12.734716
burn-in sampler.run_mcmc
	Mean acceptance fraction: 0.565
	Errors based on 16th, 50th, and 84th percentile
	Param     	MC_rec	err_up	err_low
	delay     	-5.30e-02	+8.31e-02	-8.80e-02
	delta_mag 	2.68e-01	+6.12e-03	-5.73e-03
	sigma     	3.15e-02	+8.99e-03	-7.19e-03
	tau       	8.93e-01	+6.86e-02	-5.41e-02
	avg_mag   	1.93e+01	+1.20e-02	-1.05e-02
Process Started on 2014-04-07 03:24:10.289148
It is currently    2014-04-07 03:24:58.901761
sampler.run_mcmc
Process Started on 2014-04-07 03:24:10.289148
It is currently    2014-04-07 03:31:05.132148
sampler.chain
90000
Mean acceptance fraction: 0.503
Errors based on 16th, 50th, and 84th percentile
Param     	MC_rec	err_up	err_low
delay     	-6.86e-02	+1.39e-01	-1.70e-01
delta_mag 	2.68e-01	+5.21e-03	-5.41e-03
sigma     	2.77e-02	+6.84e-03	-5.77e-03
tau       	3.23e+00	+3.50e+00	-2.04e+00
avg_mag   	1.93e+01	+2.14e-02	-1.91e-02
Process Started on 2014-04-07 03:24:10.289148
It is currently    2014-04-07 03:31:11.427590
