
SIMULATION PARAMETERS
Namespace(avg_mag=19.0, delay=1.5, delta_mag=0.3, numorbits=80, outputtag='hubble_sim_r111', photometricerror=0.05, redshift=0.658, sigma=0.07, tau=121.0)

Process Started on 2014-04-06 21:46:41.275149
The output_tag for this run is: hubble_sim_r111_2014_04_06_21:46

CRUDE LIGHT CURVE PARAMETERS
----------------------------
parameter lc1   	lc2
----------------------------
sigma     +0.28 	+0.26
tau       +0.05 	+0.10
avg_mag   +19.03 	+19.31


BEGINNING LIGHT CURVE PARAMETER OPTIMIZATION

Optimization terminated successfully.
         Current function value: -852.834342
         Iterations: 111
         Function evaluations: 200
Optimization terminated successfully.
         Current function value: -859.735338
         Iterations: 124
         Function evaluations: 220

OPTIMIZED LIGHT CURVE PARAMETERS
--------------------------------
parameter lc1   	lc2
--------------------------------
sigma     +0.05 	+0.04
tau       +0.55 	+1.26
avg_mag   +19.03 	+19.32


Process Started on 2014-04-06 21:46:41.275149
It is now          2014-04-06 21:46:43.032018

time series is 5.01 days long
with  220 data points
The most common sample time distance is 0.03 days within the range of [0.02,0.04] days

1% done
10% done
25% done
50% done
75% done
DONE

Process Started on 2014-04-06 21:46:41.275149
It is now          2014-04-06 21:46:43.704567

BEST DELAY=1.49623e+00

INITIAL PARAMETERS (average of lc1 and lc2)
-------------------------------------------
delay      = 1.50
delta_mag  = 0.28
avg_mag    = 19.03
tau        = 0.90
sigma      = 0.04

Optimization terminated successfully.
         Current function value: -1720.686734
         Iterations: 91
         Function evaluations: 167

INITIAL PARAMETERS (optimization of merged light curve)
-------------------------------------------------------
delay      = 1.50
delta_mag  = 0.28
avg_mag    = 19.03
tau        = 0.77
sigma      = 0.05


-------------
RUNNING EMCEE
-------------

pos
sampler
Process Started on 2014-04-06 21:46:41.275149
It is currently    2014-04-06 21:46:46.660478
burn-in sampler.run_mcmc
	Mean acceptance fraction: 0.593
	Errors based on 16th, 50th, and 84th percentile
	Param     	MC_rec	err_up	err_low
	delay     	1.51e+00	+3.36e-02	-3.26e-02
	delta_mag 	2.99e-01	+4.47e-03	-3.93e-03
	sigma     	5.19e-02	+5.71e-03	-5.20e-03
	tau       	8.09e-01	+2.33e-01	-1.43e-01
	avg_mag   	1.90e+01	+1.12e-02	-1.20e-02
Process Started on 2014-04-06 21:46:41.275149
It is currently    2014-04-06 21:48:44.266339
sampler.run_mcmc
Process Started on 2014-04-06 21:46:41.275149
It is currently    2014-04-06 22:05:02.927778
sampler.chain
90000
Mean acceptance fraction: 0.514
Errors based on 16th, 50th, and 84th percentile
Param     	MC_rec	err_up	err_low
delay     	1.51e+00	+3.25e-02	-3.06e-02
delta_mag 	3.01e-01	+4.05e-03	-4.00e-03
sigma     	4.82e-02	+5.73e-03	-5.29e-03
tau       	2.34e+00	+2.80e+00	-1.22e+00
avg_mag   	1.90e+01	+2.57e-02	-2.28e-02
Process Started on 2014-04-06 21:46:41.275149
It is currently    2014-04-06 22:05:13.089257
