
SIMULATION PARAMETERS
Namespace(avg_mag=19.0, delay=1.5, delta_mag=0.3, numorbits=40, outputtag='hubble_sim_r1261', photometricerror=0.1, redshift=0.658, sigma=0.07, tau=121.0)

Process Started on 2014-04-07 05:29:36.551679
The output_tag for this run is: hubble_sim_r1261_2014_04_07_05:29

CRUDE LIGHT CURVE PARAMETERS
----------------------------
parameter lc1   	lc2
----------------------------
sigma     +0.39 	+0.72
tau       +0.05 	+0.01
avg_mag   +19.48 	+19.81


BEGINNING LIGHT CURVE PARAMETER OPTIMIZATION

Optimization terminated successfully.
         Current function value: -285.208000
         Iterations: 149
         Function evaluations: 264
Optimization terminated successfully.
         Current function value: -273.105684
         Iterations: 53
         Function evaluations: 102

OPTIMIZED LIGHT CURVE PARAMETERS
--------------------------------
parameter lc1   	lc2
--------------------------------
sigma     +0.04 	+0.00
tau       +1.83 	+0.01
avg_mag   +19.49 	+19.81


Process Started on 2014-04-07 05:29:36.551679
It is now          2014-04-07 05:29:37.238470

time series is 2.51 days long
with  108 data points
The most common sample time distance is 0.01 days within the range of [0.00,0.02] days

1% done
10% done
25% done
50% done
75% done
DONE

Process Started on 2014-04-07 05:29:36.551679
It is now          2014-04-07 05:29:37.562131

BEST DELAY=1.24433e+00

INITIAL PARAMETERS (average of lc1 and lc2)
-------------------------------------------
delay      = 1.24
delta_mag  = 0.32
avg_mag    = 19.49
tau        = 0.92
sigma      = 0.02

Optimization terminated successfully.
         Current function value: -566.446030
         Iterations: 125
         Function evaluations: 220

INITIAL PARAMETERS (optimization of merged light curve)
-------------------------------------------------------
delay      = 1.24
delta_mag  = 0.32
avg_mag    = 19.47
tau        = 0.68
sigma      = 0.06


-------------
RUNNING EMCEE
-------------

pos
sampler
Process Started on 2014-04-07 05:29:36.551679
It is currently    2014-04-07 05:29:39.395452
burn-in sampler.run_mcmc
	Mean acceptance fraction: 0.579
	Errors based on 16th, 50th, and 84th percentile
	Param     	MC_rec	err_up	err_low
	delay     	1.30e+00	+1.50e-01	-1.04e-01
	delta_mag 	3.19e-01	+1.39e-02	-1.52e-02
	sigma     	6.38e-02	+1.42e-02	-1.26e-02
	tau       	7.56e-01	+2.38e-01	-1.59e-01
	avg_mag   	1.95e+01	+2.24e-02	-1.90e-02
Process Started on 2014-04-07 05:29:36.551679
It is currently    2014-04-07 05:30:24.372269
sampler.run_mcmc
Process Started on 2014-04-07 05:29:36.551679
It is currently    2014-04-07 05:36:18.259108
sampler.chain
90000
Mean acceptance fraction: 0.500
Errors based on 16th, 50th, and 84th percentile
Param     	MC_rec	err_up	err_low
delay     	1.52e+00	+3.27e-01	-2.07e-01
delta_mag 	3.06e-01	+1.65e-02	-1.95e-02
sigma     	5.56e-02	+1.32e-02	-1.11e-02
tau       	2.28e+00	+2.62e+00	-1.30e+00
avg_mag   	1.95e+01	+3.16e-02	-3.08e-02
Process Started on 2014-04-07 05:29:36.551679
It is currently    2014-04-07 05:36:24.514354
