
SIMULATION PARAMETERS
Namespace(avg_mag=19.0, delay=1.5, delta_mag=0.3, numorbits=40, outputtag='hubble_sim_r1085', photometricerror=0.02, redshift=0.658, sigma=0.07, tau=121.0)

Process Started on 2014-04-07 02:32:59.398885
The output_tag for this run is: hubble_sim_r1085_2014_04_07_02:32

CRUDE LIGHT CURVE PARAMETERS
----------------------------
parameter lc1   	lc2
----------------------------
sigma     +0.65 	+0.21
tau       +0.02 	+0.04
avg_mag   +19.23 	+19.60


BEGINNING LIGHT CURVE PARAMETER OPTIMIZATION

Optimization terminated successfully.
         Current function value: -544.616563
         Iterations: 147
         Function evaluations: 254
Optimization terminated successfully.
         Current function value: -565.609090
         Iterations: 120
         Function evaluations: 212

OPTIMIZED LIGHT CURVE PARAMETERS
--------------------------------
parameter lc1   	lc2
--------------------------------
sigma     +0.05 	+0.03
tau       +4.63 	+1.85
avg_mag   +19.21 	+19.59


Process Started on 2014-04-07 02:32:59.398885
It is now          2014-04-07 02:33:00.251823

time series is 2.50 days long
with  105 data points
The most common sample time distance is 0.02 days within the range of [0.01,0.03] days

1% done
10% done
25% done
50% done
75% done
DONE

Process Started on 2014-04-07 02:32:59.398885
It is now          2014-04-07 02:33:00.568112

BEST DELAY=5.48627e-01

INITIAL PARAMETERS (average of lc1 and lc2)
-------------------------------------------
delay      = 0.55
delta_mag  = 0.38
avg_mag    = 19.21
tau        = 3.24
sigma      = 0.04

Optimization terminated successfully.
         Current function value: -983.250924
         Iterations: 124
         Function evaluations: 225

INITIAL PARAMETERS (optimization of merged light curve)
-------------------------------------------------------
delay      = 0.55
delta_mag  = 0.38
avg_mag    = 19.19
tau        = 2.88
sigma      = 0.05


-------------
RUNNING EMCEE
-------------

pos
sampler
Process Started on 2014-04-07 02:32:59.398885
It is currently    2014-04-07 02:33:02.675355
burn-in sampler.run_mcmc
	Mean acceptance fraction: 0.535
	Errors based on 16th, 50th, and 84th percentile
	Param     	MC_rec	err_up	err_low
	delay     	6.66e-01	+3.83e-02	-2.47e-02
	delta_mag 	3.44e-01	+4.27e-03	-4.09e-03
	sigma     	5.13e-02	+7.78e-03	-6.63e-03
	tau       	2.90e+00	+6.71e-02	-6.74e-02
	avg_mag   	1.92e+01	+3.98e-02	-3.76e-02
Process Started on 2014-04-07 02:32:59.398885
It is currently    2014-04-07 02:33:48.896014
sampler.run_mcmc
Process Started on 2014-04-07 02:32:59.398885
It is currently    2014-04-07 02:39:59.031542
sampler.chain
90000
Mean acceptance fraction: 0.513
Errors based on 16th, 50th, and 84th percentile
Param     	MC_rec	err_up	err_low
delay     	6.79e-01	+2.66e-02	-2.23e-02
delta_mag 	3.41e-01	+2.73e-03	-2.81e-03
sigma     	4.40e-02	+4.71e-03	-4.18e-03
tau       	1.40e+01	+9.57e+00	-8.18e+00
avg_mag   	1.92e+01	+7.20e-02	-7.51e-02
Process Started on 2014-04-07 02:32:59.398885
It is currently    2014-04-07 02:40:05.431623
