
SIMULATION PARAMETERS
Namespace(avg_mag=19.0, delay=1.5, delta_mag=0.3, numorbits=80, outputtag='hubble_sim_r212', photometricerror=0.1, redshift=0.658, sigma=0.07, tau=121.0)

Process Started on 2014-04-06 23:34:16.903514
The output_tag for this run is: hubble_sim_r212_2014_04_06_23:34

CRUDE LIGHT CURVE PARAMETERS
----------------------------
parameter lc1   	lc2
----------------------------
sigma     +1.12 	+1.21
tau       +0.02 	+0.03
avg_mag   +18.01 	+18.21


BEGINNING LIGHT CURVE PARAMETER OPTIMIZATION

Optimization terminated successfully.
         Current function value: -574.598203
         Iterations: 148
         Function evaluations: 266
Optimization terminated successfully.
         Current function value: -571.262552
         Iterations: 155
         Function evaluations: 279

OPTIMIZED LIGHT CURVE PARAMETERS
--------------------------------
parameter lc1   	lc2
--------------------------------
sigma     +0.06 	+0.06
tau       +9.17 	+13.70
avg_mag   +17.98 	+18.23


Process Started on 2014-04-06 23:34:16.903514
It is now          2014-04-06 23:34:20.406086

time series is 5.01 days long
with  221 data points
The most common sample time distance is 0.01 days within the range of [0.01,0.01] days

1% done
10% done
25% done
50% done
75% done
DONE

Process Started on 2014-04-06 23:34:16.903514
It is now          2014-04-06 23:34:21.462665

BEST DELAY=1.19562e+00

INITIAL PARAMETERS (average of lc1 and lc2)
-------------------------------------------
delay      = 1.20
delta_mag  = 0.25
avg_mag    = 17.98
tau        = 11.43
sigma      = 0.06

Optimization terminated successfully.
         Current function value: -1161.252047
         Iterations: 175
         Function evaluations: 313

INITIAL PARAMETERS (optimization of merged light curve)
-------------------------------------------------------
delay      = 1.20
delta_mag  = 0.25
avg_mag    = 17.96
tau        = 14.35
sigma      = 0.05


-------------
RUNNING EMCEE
-------------

pos
sampler
Process Started on 2014-04-06 23:34:16.903514
It is currently    2014-04-06 23:34:27.240694
burn-in sampler.run_mcmc
	Mean acceptance fraction: 0.593
	Errors based on 16th, 50th, and 84th percentile
	Param     	MC_rec	err_up	err_low
	delay     	1.37e+00	+1.32e-01	-1.47e-01
	delta_mag 	2.86e-01	+1.60e-02	-1.56e-02
	sigma     	5.79e-02	+9.14e-03	-8.11e-03
	tau       	1.44e+01	+4.76e-01	-4.26e-01
	avg_mag   	1.79e+01	+1.03e-01	-1.13e-01
Process Started on 2014-04-06 23:34:16.903514
It is currently    2014-04-06 23:36:48.360094
sampler.run_mcmc
Process Started on 2014-04-06 23:34:16.903514
It is currently    2014-04-06 23:55:32.433338
sampler.chain
90000
Mean acceptance fraction: 0.523
Errors based on 16th, 50th, and 84th percentile
Param     	MC_rec	err_up	err_low
delay     	1.47e+00	+1.06e-01	-1.06e-01
delta_mag 	2.95e-01	+1.20e-02	-1.17e-02
sigma     	5.62e-02	+7.48e-03	-6.45e-03
tau       	5.60e+01	+5.49e+01	-3.66e+01
avg_mag   	1.79e+01	+1.90e-01	-1.89e-01
Process Started on 2014-04-06 23:34:16.903514
It is currently    2014-04-06 23:55:43.491805
