
SIMULATION PARAMETERS
Namespace(avg_mag=19.0, delay=1.5, delta_mag=0.3, numorbits=80, outputtag='hubble_sim_r256', photometricerror=0.1, redshift=0.658, sigma=0.07, tau=121.0)

Process Started on 2014-04-07 00:20:31.872456
The output_tag for this run is: hubble_sim_r256_2014_04_07_00:20

CRUDE LIGHT CURVE PARAMETERS
----------------------------
parameter lc1   	lc2
----------------------------
sigma     +2.51 	+0.85
tau       +0.00 	+0.01
avg_mag   +18.58 	+18.97


BEGINNING LIGHT CURVE PARAMETER OPTIMIZATION

Optimization terminated successfully.
         Current function value: -561.615167
         Iterations: 181
         Function evaluations: 320
Optimization terminated successfully.
         Current function value: -530.802143
         Iterations: 64
         Function evaluations: 119

OPTIMIZED LIGHT CURVE PARAMETERS
--------------------------------
parameter lc1   	lc2
--------------------------------
sigma     +0.06 	+0.00
tau       +10.07 	+0.01
avg_mag   +18.53 	+18.97


Process Started on 2014-04-07 00:20:31.872456
It is now          2014-04-07 00:20:34.722086

time series is 5.01 days long
with  217 data points
The most common sample time distance is 0.01 days within the range of [0.01,0.02] days

1% done
10% done
25% done
50% done
75% done
DONE

Process Started on 2014-04-07 00:20:31.872456
It is now          2014-04-07 00:20:35.815013

BEST DELAY=-2.50636e+00

INITIAL PARAMETERS (average of lc1 and lc2)
-------------------------------------------
delay      = -2.51
delta_mag  = 0.44
avg_mag    = 18.53
tau        = 5.04
sigma      = 0.03

Optimization terminated successfully.
         Current function value: -1086.048772
         Iterations: 127
         Function evaluations: 234

INITIAL PARAMETERS (optimization of merged light curve)
-------------------------------------------------------
delay      = -2.51
delta_mag  = 0.44
avg_mag    = 18.55
tau        = 8.64
sigma      = 0.05


-------------
RUNNING EMCEE
-------------

pos
sampler
Process Started on 2014-04-07 00:20:31.872456
It is currently    2014-04-07 00:20:40.609832
burn-in sampler.run_mcmc
	Mean acceptance fraction: 0.567
	Errors based on 16th, 50th, and 84th percentile
	Param     	MC_rec	err_up	err_low
	delay     	-2.80e+00	+2.47e-01	-4.55e-01
	delta_mag 	5.21e-01	+3.65e-02	-2.26e-02
	sigma     	5.97e-02	+9.72e-03	-9.39e-03
	tau       	8.67e+00	+3.31e-01	-3.78e-01
	avg_mag   	1.85e+01	+9.00e-02	-1.01e-01
Process Started on 2014-04-07 00:20:31.872456
It is currently    2014-04-07 00:23:10.177403
sampler.run_mcmc
Process Started on 2014-04-07 00:20:31.872456
It is currently    2014-04-07 00:42:24.965125
sampler.chain
90000
Mean acceptance fraction: 0.519
Errors based on 16th, 50th, and 84th percentile
Param     	MC_rec	err_up	err_low
delay     	-3.80e+00	+2.46e-01	-3.59e-01
delta_mag 	5.99e-01	+3.55e-02	-2.50e-02
sigma     	5.54e-02	+6.69e-03	-6.06e-03
tau       	4.47e+01	+2.71e+01	-2.45e+01
avg_mag   	1.85e+01	+1.62e-01	-1.70e-01
Process Started on 2014-04-07 00:20:31.872456
It is currently    2014-04-07 00:42:31.608895
