
SIMULATION PARAMETERS
Namespace(avg_mag=19.0, delay=1.5, delta_mag=0.3, numorbits=80, outputtag='hubble_sim_r116', photometricerror=0.05, redshift=0.658, sigma=0.07, tau=121.0)

Process Started on 2014-04-06 21:51:41.598294
The output_tag for this run is: hubble_sim_r116_2014_04_06_21:51

CRUDE LIGHT CURVE PARAMETERS
----------------------------
parameter lc1   	lc2
----------------------------
sigma     +0.41 	+1.54
tau       +0.16 	+0.00
avg_mag   +18.52 	+18.81


BEGINNING LIGHT CURVE PARAMETER OPTIMIZATION

Optimization terminated successfully.
         Current function value: -888.793938
         Iterations: 125
         Function evaluations: 221
Optimization terminated successfully.
         Current function value: -902.955680
         Iterations: 179
         Function evaluations: 320

OPTIMIZED LIGHT CURVE PARAMETERS
--------------------------------
parameter lc1   	lc2
--------------------------------
sigma     +0.06 	+0.04
tau       +1.70 	+3.89
avg_mag   +18.50 	+18.83


Process Started on 2014-04-06 21:51:41.598294
It is now          2014-04-06 21:51:44.013539

time series is 5.00 days long
with  231 data points
The most common sample time distance is 0.01 days within the range of [0.01,0.01] days

1% done
10% done
25% done
50% done
75% done
DONE

Process Started on 2014-04-06 21:51:41.598294
It is now          2014-04-06 21:51:44.711384

BEST DELAY=2.19946e+00

INITIAL PARAMETERS (average of lc1 and lc2)
-------------------------------------------
delay      = 2.20
delta_mag  = 0.33
avg_mag    = 18.50
tau        = 2.79
sigma      = 0.05

Optimization terminated successfully.
         Current function value: -1785.148602
         Iterations: 118
         Function evaluations: 215

INITIAL PARAMETERS (optimization of merged light curve)
-------------------------------------------------------
delay      = 2.20
delta_mag  = 0.33
avg_mag    = 18.48
tau        = 2.66
sigma      = 0.04


-------------
RUNNING EMCEE
-------------

pos
sampler
Process Started on 2014-04-06 21:51:41.598294
It is currently    2014-04-06 21:51:48.586311
burn-in sampler.run_mcmc
	Mean acceptance fraction: 0.503
	Errors based on 16th, 50th, and 84th percentile
	Param     	MC_rec	err_up	err_low
	delay     	2.54e+00	+2.26e-01	-9.95e-01
	delta_mag 	3.53e-01	+1.60e-02	-5.18e-02
	sigma     	4.94e-02	+7.80e-03	-6.98e-03
	tau       	2.65e+00	+3.00e-01	-2.76e-01
	avg_mag   	1.85e+01	+3.85e-02	-3.71e-02
Process Started on 2014-04-06 21:51:41.598294
It is currently    2014-04-06 21:54:06.393241
sampler.run_mcmc
Process Started on 2014-04-06 21:51:41.598294
It is currently    2014-04-06 22:12:36.754782
sampler.chain
90000
Mean acceptance fraction: 0.316
Errors based on 16th, 50th, and 84th percentile
Param     	MC_rec	err_up	err_low
delay     	1.54e+00	+1.22e+00	-4.36e-02
delta_mag 	3.05e-01	+6.49e-02	-5.86e-03
sigma     	4.90e-02	+5.24e-03	-4.58e-03
tau       	6.73e+00	+1.10e+01	-4.00e+00
avg_mag   	1.85e+01	+5.04e-02	-6.01e-02
Process Started on 2014-04-06 21:51:41.598294
It is currently    2014-04-06 22:12:43.445311
