
SIMULATION PARAMETERS
Namespace(avg_mag=19.0, delay=1.5, delta_mag=0.3, numorbits=80, outputtag='hubble_sim_r165', photometricerror=0.05, redshift=0.658, sigma=0.07, tau=121.0)

Process Started on 2014-04-06 22:43:00.456988
The output_tag for this run is: hubble_sim_r165_2014_04_06_22:43

CRUDE LIGHT CURVE PARAMETERS
----------------------------
parameter lc1   	lc2
----------------------------
sigma     +1.12 	+1.09
tau       +0.02 	+0.03
avg_mag   +19.15 	+19.35


BEGINNING LIGHT CURVE PARAMETER OPTIMIZATION

Optimization terminated successfully.
         Current function value: -841.798394
         Iterations: 164
         Function evaluations: 281
Optimization terminated successfully.
         Current function value: -842.963405
         Iterations: 167
         Function evaluations: 295

OPTIMIZED LIGHT CURVE PARAMETERS
--------------------------------
parameter lc1   	lc2
--------------------------------
sigma     +0.05 	+0.05
tau       +16.51 	+19.69
avg_mag   +19.11 	+19.35


Process Started on 2014-04-06 22:43:00.456988
It is now          2014-04-06 22:43:04.103842

time series is 5.01 days long
with  219 data points
The most common sample time distance is 0.03 days within the range of [0.02,0.04] days

1% done
10% done
25% done
50% done
75% done
DONE

Process Started on 2014-04-06 22:43:00.456988
It is now          2014-04-06 22:43:05.200510

BEST DELAY=6.96462e-01

INITIAL PARAMETERS (average of lc1 and lc2)
-------------------------------------------
delay      = 0.70
delta_mag  = 0.24
avg_mag    = 19.11
tau        = 18.10
sigma      = 0.05

Optimization terminated successfully.
         Current function value: -1696.661602
         Iterations: 181
         Function evaluations: 325

INITIAL PARAMETERS (optimization of merged light curve)
-------------------------------------------------------
delay      = 0.70
delta_mag  = 0.24
avg_mag    = 19.11
tau        = 25.48
sigma      = 0.04


-------------
RUNNING EMCEE
-------------

pos
sampler
Process Started on 2014-04-06 22:43:00.456988
It is currently    2014-04-06 22:43:10.477861
burn-in sampler.run_mcmc
	Mean acceptance fraction: 0.540
	Errors based on 16th, 50th, and 84th percentile
	Param     	MC_rec	err_up	err_low
	delay     	9.12e-01	+5.66e-01	-1.80e-01
	delta_mag 	2.57e-01	+3.76e-02	-1.44e-02
	sigma     	4.44e-02	+6.65e-03	-5.57e-03
	tau       	2.55e+01	+8.49e-01	-7.02e-01
	avg_mag   	1.91e+01	+9.95e-02	-1.03e-01
Process Started on 2014-04-06 22:43:00.456988
It is currently    2014-04-06 22:45:35.323761
sampler.run_mcmc
Process Started on 2014-04-06 22:43:00.456988
It is currently    2014-04-06 23:03:32.383704
sampler.chain
90000
Mean acceptance fraction: 0.505
Errors based on 16th, 50th, and 84th percentile
Param     	MC_rec	err_up	err_low
delay     	1.50e+00	+3.44e-02	-3.95e-02
delta_mag 	2.99e-01	+5.03e-03	-5.46e-03
sigma     	4.80e-02	+4.99e-03	-4.53e-03
tau       	1.04e+02	+9.80e+01	-6.85e+01
avg_mag   	1.91e+01	+2.35e-01	-2.28e-01
Process Started on 2014-04-06 22:43:00.456988
It is currently    2014-04-06 23:03:43.233314
