
SIMULATION PARAMETERS
Namespace(avg_mag=19.0, delay=1.5, delta_mag=0.3, numorbits=40, outputtag='hubble_sim_r1271', photometricerror=0.1, redshift=0.658, sigma=0.07, tau=121.0)

Process Started on 2014-04-07 05:39:38.624665
The output_tag for this run is: hubble_sim_r1271_2014_04_07_05:39

CRUDE LIGHT CURVE PARAMETERS
----------------------------
parameter lc1   	lc2
----------------------------
sigma     +0.21 	+0.26
tau       +0.15 	+0.16
avg_mag   +19.33 	+19.62


BEGINNING LIGHT CURVE PARAMETER OPTIMIZATION

Optimization terminated successfully.
         Current function value: -283.970354
         Iterations: 51
         Function evaluations: 94
Optimization terminated successfully.
         Current function value: -281.220046
         Iterations: 104
         Function evaluations: 196

OPTIMIZED LIGHT CURVE PARAMETERS
--------------------------------
parameter lc1   	lc2
--------------------------------
sigma     +0.00 	+0.04
tau       +0.20 	+0.89
avg_mag   +19.33 	+19.61


Process Started on 2014-04-07 05:39:38.624665
It is now          2014-04-07 05:39:39.160124

time series is 2.50 days long
with  106 data points
The most common sample time distance is 0.02 days within the range of [0.01,0.03] days

1% done
10% done
25% done
50% done
75% done
DONE

Process Started on 2014-04-07 05:39:38.624665
It is now          2014-04-07 05:39:39.482977

BEST DELAY=-1.15059e+00

INITIAL PARAMETERS (average of lc1 and lc2)
-------------------------------------------
delay      = -1.15
delta_mag  = 0.28
avg_mag    = 19.33
tau        = 0.55
sigma      = 0.02

Optimization terminated successfully.
         Current function value: -566.828404
         Iterations: 98
         Function evaluations: 178

INITIAL PARAMETERS (optimization of merged light curve)
-------------------------------------------------------
delay      = -1.15
delta_mag  = 0.28
avg_mag    = 19.34
tau        = 0.74
sigma      = 0.04


-------------
RUNNING EMCEE
-------------

pos
sampler
Process Started on 2014-04-07 05:39:38.624665
It is currently    2014-04-07 05:39:41.152233
burn-in sampler.run_mcmc
	Mean acceptance fraction: 0.589
	Errors based on 16th, 50th, and 84th percentile
	Param     	MC_rec	err_up	err_low
	delay     	-1.15e+00	+1.17e-01	-1.23e-01
	delta_mag 	2.81e-01	+1.35e-02	-1.32e-02
	sigma     	4.14e-02	+1.45e-02	-1.44e-02
	tau       	7.64e-01	+2.50e-01	-2.02e-01
	avg_mag   	1.93e+01	+1.36e-02	-1.42e-02
Process Started on 2014-04-07 05:39:38.624665
It is currently    2014-04-07 05:40:24.866281
sampler.run_mcmc
Process Started on 2014-04-07 05:39:38.624665
It is currently    2014-04-07 05:45:50.415124
sampler.chain
90000
Mean acceptance fraction: 0.490
Errors based on 16th, 50th, and 84th percentile
Param     	MC_rec	err_up	err_low
delay     	-1.36e+00	+3.83e-01	-5.41e-01
delta_mag 	2.77e-01	+1.30e-02	-1.53e-02
sigma     	3.34e-02	+1.19e-02	-1.04e-02
tau       	2.46e+00	+2.85e+00	-1.53e+00
avg_mag   	1.93e+01	+2.48e-02	-1.86e-02
Process Started on 2014-04-07 05:39:38.624665
It is currently    2014-04-07 05:45:56.666268
