
SIMULATION PARAMETERS
Namespace(avg_mag=19.0, delay=1.5, delta_mag=0.3, numorbits=80, outputtag='hubble_sim_r47', photometricerror=0.02, redshift=0.658, sigma=0.07, tau=121.0)

Process Started on 2014-04-06 20:37:27.819575
The output_tag for this run is: hubble_sim_r47_2014_04_06_20:37

CRUDE LIGHT CURVE PARAMETERS
----------------------------
parameter lc1   	lc2
----------------------------
sigma     +0.39 	+0.37
tau       +0.12 	+0.11
avg_mag   +19.22 	+19.56


BEGINNING LIGHT CURVE PARAMETER OPTIMIZATION

Optimization terminated successfully.
         Current function value: -1192.980138
         Iterations: 152
         Function evaluations: 271
Optimization terminated successfully.
         Current function value: -1190.864441
         Iterations: 132
         Function evaluations: 230

OPTIMIZED LIGHT CURVE PARAMETERS
--------------------------------
parameter lc1   	lc2
--------------------------------
sigma     +0.05 	+0.05
tau       +1.95 	+1.95
avg_mag   +19.21 	+19.55


Process Started on 2014-04-06 20:37:27.819575
It is now          2014-04-06 20:37:31.114246

time series is 5.01 days long
with  226 data points
The most common sample time distance is 0.01 days within the range of [0.01,0.01] days

1% done
10% done
25% done
50% done
75% done
DONE

Process Started on 2014-04-06 20:37:27.819575
It is now          2014-04-06 20:37:32.206184

BEST DELAY=1.49459e+00

INITIAL PARAMETERS (average of lc1 and lc2)
-------------------------------------------
delay      = 1.49
delta_mag  = 0.34
avg_mag    = 19.21
tau        = 1.95
sigma      = 0.05

Optimization terminated successfully.
         Current function value: -2118.835416
         Iterations: 113
         Function evaluations: 206

INITIAL PARAMETERS (optimization of merged light curve)
-------------------------------------------------------
delay      = 1.49
delta_mag  = 0.34
avg_mag    = 19.21
tau        = 1.73
sigma      = 0.05


-------------
RUNNING EMCEE
-------------

pos
sampler
Process Started on 2014-04-06 20:37:27.819575
It is currently    2014-04-06 20:37:36.902417
burn-in sampler.run_mcmc
	Mean acceptance fraction: 0.521
	Errors based on 16th, 50th, and 84th percentile
	Param     	MC_rec	err_up	err_low
	delay     	1.50e+00	+7.53e-03	-7.69e-03
	delta_mag 	3.02e-01	+2.85e-03	-2.35e-03
	sigma     	5.16e-02	+3.91e-03	-4.19e-03
	tau       	1.76e+00	+9.77e-02	-4.84e-02
	avg_mag   	1.92e+01	+2.54e-02	-2.15e-02
Process Started on 2014-04-06 20:37:27.819575
It is currently    2014-04-06 20:40:14.353451
sampler.run_mcmc
Process Started on 2014-04-06 20:37:27.819575
It is currently    2014-04-06 21:01:41.796809
sampler.chain
90000
Mean acceptance fraction: 0.516
Errors based on 16th, 50th, and 84th percentile
Param     	MC_rec	err_up	err_low
delay     	1.50e+00	+6.19e-03	-5.66e-03
delta_mag 	3.00e-01	+1.58e-03	-1.62e-03
sigma     	4.87e-02	+3.47e-03	-3.13e-03
tau       	7.20e+00	+6.29e+00	-4.22e+00
avg_mag   	1.92e+01	+4.93e-02	-5.08e-02
Process Started on 2014-04-06 20:37:27.819575
It is currently    2014-04-06 21:01:52.432081
