
SIMULATION PARAMETERS
Namespace(avg_mag=19.0, delay=1.5, delta_mag=0.3, numorbits=80, outputtag='hubble_sim_r43', photometricerror=0.02, redshift=0.658, sigma=0.07, tau=121.0)

Process Started on 2014-04-06 20:34:44.860426
The output_tag for this run is: hubble_sim_r43_2014_04_06_20:34

CRUDE LIGHT CURVE PARAMETERS
----------------------------
parameter lc1   	lc2
----------------------------
sigma     +0.61 	+0.69
tau       +0.04 	+0.09
avg_mag   +18.34 	+18.69


BEGINNING LIGHT CURVE PARAMETER OPTIMIZATION

Optimization terminated successfully.
         Current function value: -1112.257736
         Iterations: 159
         Function evaluations: 278
Optimization terminated successfully.
         Current function value: -1120.943052
         Iterations: 132
         Function evaluations: 239

OPTIMIZED LIGHT CURVE PARAMETERS
--------------------------------
parameter lc1   	lc2
--------------------------------
sigma     +0.06 	+0.05
tau       +8.08 	+5.53
avg_mag   +18.36 	+18.73


Process Started on 2014-04-06 20:34:44.860426
It is now          2014-04-06 20:34:48.317976

time series is 5.00 days long
with  215 data points
The most common sample time distance is 0.01 days within the range of [0.01,0.02] days

1% done
10% done
25% done
50% done
75% done
DONE

Process Started on 2014-04-06 20:34:44.860426
It is now          2014-04-06 20:34:49.392484

BEST DELAY=1.39917e+00

INITIAL PARAMETERS (average of lc1 and lc2)
-------------------------------------------
delay      = 1.40
delta_mag  = 0.37
avg_mag    = 18.36
tau        = 6.80
sigma      = 0.06

Optimization terminated successfully.
         Current function value: -1447.483497
         Iterations: 75
         Function evaluations: 138

INITIAL PARAMETERS (optimization of merged light curve)
-------------------------------------------------------
delay      = 1.40
delta_mag  = 0.37
avg_mag    = 18.34
tau        = 0.31
sigma      = 0.21


-------------
RUNNING EMCEE
-------------

pos
sampler
Process Started on 2014-04-06 20:34:44.860426
It is currently    2014-04-06 20:34:52.933504
burn-in sampler.run_mcmc
	Mean acceptance fraction: 0.471
	Errors based on 16th, 50th, and 84th percentile
	Param     	MC_rec	err_up	err_low
	delay     	1.44e+00	+3.68e-02	-4.31e-02
	delta_mag 	3.05e-01	+8.83e-03	-5.58e-03
	sigma     	9.78e-02	+3.01e-02	-1.63e-02
	tau       	4.00e-01	+1.35e-01	-5.92e-02
	avg_mag   	1.84e+01	+4.39e-02	-5.01e-02
Process Started on 2014-04-06 20:34:44.860426
It is currently    2014-04-06 20:37:23.794142
sampler.run_mcmc
Process Started on 2014-04-06 20:34:44.860426
It is currently    2014-04-06 20:57:47.087076
sampler.chain
90000
Mean acceptance fraction: 0.512
Errors based on 16th, 50th, and 84th percentile
Param     	MC_rec	err_up	err_low
delay     	1.50e+00	+5.37e-03	-5.19e-03
delta_mag 	3.00e-01	+1.64e-03	-1.68e-03
sigma     	5.80e-02	+4.33e-03	-3.44e-03
tau       	2.77e+00	+2.33e-01	-5.40e-01
avg_mag   	1.84e+01	+3.05e-02	-3.08e-02
Process Started on 2014-04-06 20:34:44.860426
It is currently    2014-04-06 20:57:56.734102
