
SIMULATION PARAMETERS
Namespace(avg_mag=19.0, delay=1.5, delta_mag=0.3, numorbits=80, outputtag='hubble_sim_r75', photometricerror=0.02, redshift=0.658, sigma=0.07, tau=121.0)

Process Started on 2014-04-06 21:02:11.611043
The output_tag for this run is: hubble_sim_r75_2014_04_06_21:02

CRUDE LIGHT CURVE PARAMETERS
----------------------------
parameter lc1   	lc2
----------------------------
sigma     +0.54 	+0.44
tau       +0.08 	+0.06
avg_mag   +19.43 	+19.73


BEGINNING LIGHT CURVE PARAMETER OPTIMIZATION

Optimization terminated successfully.
         Current function value: -1121.177341
         Iterations: 138
         Function evaluations: 247
Optimization terminated successfully.
         Current function value: -1139.198689
         Iterations: 120
         Function evaluations: 218

OPTIMIZED LIGHT CURVE PARAMETERS
--------------------------------
parameter lc1   	lc2
--------------------------------
sigma     +0.06 	+0.05
tau       +4.77 	+3.12
avg_mag   +19.49 	+19.73


Process Started on 2014-04-06 21:02:11.611043
It is now          2014-04-06 21:02:14.510711

time series is 5.01 days long
with  215 data points
The most common sample time distance is 0.01 days within the range of [0.01,0.01] days

1% done
10% done
25% done
50% done
75% done
DONE

Process Started on 2014-04-06 21:02:11.611043
It is now          2014-04-06 21:02:15.577390

BEST DELAY=1.59445e+00

INITIAL PARAMETERS (average of lc1 and lc2)
-------------------------------------------
delay      = 1.59
delta_mag  = 0.24
avg_mag    = 19.49
tau        = 3.94
sigma      = 0.05

Optimization terminated successfully.
         Current function value: -1738.071920
         Iterations: 130
         Function evaluations: 238

INITIAL PARAMETERS (optimization of merged light curve)
-------------------------------------------------------
delay      = 1.59
delta_mag  = 0.24
avg_mag    = 19.53
tau        = 2.97
sigma      = 0.07


-------------
RUNNING EMCEE
-------------

pos
sampler
Process Started on 2014-04-06 21:02:11.611043
It is currently    2014-04-06 21:02:20.284821
burn-in sampler.run_mcmc
	Mean acceptance fraction: 0.488
	Errors based on 16th, 50th, and 84th percentile
	Param     	MC_rec	err_up	err_low
	delay     	1.51e+00	+3.31e-02	-1.56e-02
	delta_mag 	2.94e-01	+4.92e-03	-1.20e-02
	sigma     	5.68e-02	+6.55e-03	-5.54e-03
	tau       	3.15e+00	+2.91e-01	-2.00e-01
	avg_mag   	1.95e+01	+4.89e-02	-5.19e-02
Process Started on 2014-04-06 21:02:11.611043
It is currently    2014-04-06 21:04:46.783768
sampler.run_mcmc
Process Started on 2014-04-06 21:02:11.611043
It is currently    2014-04-06 21:25:32.792435
sampler.chain
90000
Mean acceptance fraction: 0.517
Errors based on 16th, 50th, and 84th percentile
Param     	MC_rec	err_up	err_low
delay     	1.50e+00	+6.64e-03	-6.41e-03
delta_mag 	3.00e-01	+1.67e-03	-1.64e-03
sigma     	5.28e-02	+3.46e-03	-3.17e-03
tau       	1.12e+01	+1.15e+01	-6.81e+00
avg_mag   	1.95e+01	+8.19e-02	-6.66e-02
Process Started on 2014-04-06 21:02:11.611043
It is currently    2014-04-06 21:25:43.404529
