
SIMULATION PARAMETERS
Namespace(avg_mag=19.0, delay=1.5, delta_mag=0.3, numorbits=40, outputtag='hubble_sim_r1167', photometricerror=0.05, redshift=0.658, sigma=0.07, tau=121.0)

Process Started on 2014-04-07 03:55:16.791734
The output_tag for this run is: hubble_sim_r1167_2014_04_07_03:55

CRUDE LIGHT CURVE PARAMETERS
----------------------------
parameter lc1   	lc2
----------------------------
sigma     +0.31 	+0.24
tau       +0.07 	+0.04
avg_mag   +19.56 	+19.88


BEGINNING LIGHT CURVE PARAMETER OPTIMIZATION

Optimization terminated successfully.
         Current function value: -422.099344
         Iterations: 136
         Function evaluations: 234
Optimization terminated successfully.
         Current function value: -425.204597
         Iterations: 118
         Function evaluations: 219

OPTIMIZED LIGHT CURVE PARAMETERS
--------------------------------
parameter lc1   	lc2
--------------------------------
sigma     +0.03 	+0.03
tau       +2.89 	+0.90
avg_mag   +19.56 	+19.87


Process Started on 2014-04-07 03:55:16.791734
It is now          2014-04-07 03:55:17.616441

time series is 2.51 days long
with  108 data points
The most common sample time distance is 0.02 days within the range of [0.01,0.03] days

1% done
10% done
25% done
50% done
75% done
DONE

Process Started on 2014-04-07 03:55:16.791734
It is now          2014-04-07 03:55:17.927383

BEST DELAY=1.24518e+00

INITIAL PARAMETERS (average of lc1 and lc2)
-------------------------------------------
delay      = 1.25
delta_mag  = 0.31
avg_mag    = 19.56
tau        = 1.89
sigma      = 0.03

Optimization terminated successfully.
         Current function value: -849.547319
         Iterations: 119
         Function evaluations: 214

INITIAL PARAMETERS (optimization of merged light curve)
-------------------------------------------------------
delay      = 1.25
delta_mag  = 0.31
avg_mag    = 19.54
tau        = 1.49
sigma      = 0.03


-------------
RUNNING EMCEE
-------------

pos
sampler
Process Started on 2014-04-07 03:55:16.791734
It is currently    2014-04-07 03:55:19.655170
burn-in sampler.run_mcmc
	Mean acceptance fraction: 0.579
	Errors based on 16th, 50th, and 84th percentile
	Param     	MC_rec	err_up	err_low
	delay     	1.34e+00	+1.60e-01	-1.06e-01
	delta_mag 	3.02e-01	+7.83e-03	-7.74e-03
	sigma     	3.74e-02	+8.01e-03	-6.70e-03
	tau       	1.56e+00	+3.16e-01	-1.45e-01
	avg_mag   	1.95e+01	+2.03e-02	-2.08e-02
Process Started on 2014-04-07 03:55:16.791734
It is currently    2014-04-07 03:56:05.132931
sampler.run_mcmc
Process Started on 2014-04-07 03:55:16.791734
It is currently    2014-04-07 04:02:00.617350
sampler.chain
90000
Mean acceptance fraction: 0.503
Errors based on 16th, 50th, and 84th percentile
Param     	MC_rec	err_up	err_low
delay     	1.52e+00	+2.51e-01	-1.35e-01
delta_mag 	2.97e-01	+8.22e-03	-9.99e-03
sigma     	3.26e-02	+6.35e-03	-5.26e-03
tau       	6.29e+00	+5.36e+00	-3.83e+00
avg_mag   	1.95e+01	+3.16e-02	-3.66e-02
Process Started on 2014-04-07 03:55:16.791734
It is currently    2014-04-07 04:02:06.799756
