
SIMULATION PARAMETERS
Namespace(avg_mag=19.0, delay=1.5, delta_mag=0.3, numorbits=80, outputtag='hubble_sim_r258', photometricerror=0.1, redshift=0.658, sigma=0.07, tau=121.0)

Process Started on 2014-04-07 00:22:32.306710
The output_tag for this run is: hubble_sim_r258_2014_04_07_00:22

CRUDE LIGHT CURVE PARAMETERS
----------------------------
parameter lc1   	lc2
----------------------------
sigma     +0.51 	+0.36
tau       +0.13 	+0.24
avg_mag   +18.64 	+18.92


BEGINNING LIGHT CURVE PARAMETER OPTIMIZATION

Optimization terminated successfully.
         Current function value: -553.598043
         Iterations: 140
         Function evaluations: 255
Optimization terminated successfully.
         Current function value: -552.925909
         Iterations: 112
         Function evaluations: 203

OPTIMIZED LIGHT CURVE PARAMETERS
--------------------------------
parameter lc1   	lc2
--------------------------------
sigma     +0.05 	+0.05
tau       +4.63 	+2.16
avg_mag   +18.66 	+18.95


Process Started on 2014-04-07 00:22:32.306710
It is now          2014-04-07 00:22:35.186211

time series is 5.01 days long
with  211 data points
The most common sample time distance is 0.01 days within the range of [0.01,0.01] days

1% done
10% done
25% done
50% done
75% done
DONE

Process Started on 2014-04-07 00:22:32.306710
It is now          2014-04-07 00:22:36.253825

BEST DELAY=1.49605e+00

INITIAL PARAMETERS (average of lc1 and lc2)
-------------------------------------------
delay      = 1.50
delta_mag  = 0.29
avg_mag    = 18.66
tau        = 3.39
sigma      = 0.05

Optimization terminated successfully.
         Current function value: -1118.116741
         Iterations: 119
         Function evaluations: 214

INITIAL PARAMETERS (optimization of merged light curve)
-------------------------------------------------------
delay      = 1.50
delta_mag  = 0.29
avg_mag    = 18.69
tau        = 3.82
sigma      = 0.05


-------------
RUNNING EMCEE
-------------

pos
sampler
Process Started on 2014-04-07 00:22:32.306710
It is currently    2014-04-07 00:22:40.764196
burn-in sampler.run_mcmc
	Mean acceptance fraction: 0.595
	Errors based on 16th, 50th, and 84th percentile
	Param     	MC_rec	err_up	err_low
	delay     	1.50e+00	+1.11e-01	-1.08e-01
	delta_mag 	2.98e-01	+9.36e-03	-9.03e-03
	sigma     	4.61e-02	+9.07e-03	-6.08e-03
	tau       	3.80e+00	+2.52e-01	-2.65e-01
	avg_mag   	1.87e+01	+3.55e-02	-3.46e-02
Process Started on 2014-04-07 00:22:32.306710
It is currently    2014-04-07 00:25:07.447809
sampler.run_mcmc
Process Started on 2014-04-07 00:22:32.306710
It is currently    2014-04-07 00:41:47.867665
sampler.chain
90000
Mean acceptance fraction: 0.513
Errors based on 16th, 50th, and 84th percentile
Param     	MC_rec	err_up	err_low
delay     	1.51e+00	+1.03e-01	-1.00e-01
delta_mag 	3.00e-01	+8.29e-03	-8.42e-03
sigma     	4.54e-02	+6.99e-03	-6.21e-03
tau       	1.37e+01	+1.45e+01	-8.56e+00
avg_mag   	1.87e+01	+8.16e-02	-6.45e-02
Process Started on 2014-04-07 00:22:32.306710
It is currently    2014-04-07 00:41:54.462868
