
SIMULATION PARAMETERS
Namespace(avg_mag=19.0, delay=1.5, delta_mag=0.3, numorbits=80, outputtag='hubble_sim_r218', photometricerror=0.1, redshift=0.658, sigma=0.07, tau=121.0)

Process Started on 2014-04-06 23:40:18.946012
The output_tag for this run is: hubble_sim_r218_2014_04_06_23:40

CRUDE LIGHT CURVE PARAMETERS
----------------------------
parameter lc1   	lc2
----------------------------
sigma     +0.51 	+1.54
tau       +0.06 	+0.00
avg_mag   +18.89 	+19.15


BEGINNING LIGHT CURVE PARAMETER OPTIMIZATION

Optimization terminated successfully.
         Current function value: -570.263346
         Iterations: 113
         Function evaluations: 203
Optimization terminated successfully.
         Current function value: -526.350405
         Iterations: 61
         Function evaluations: 113

OPTIMIZED LIGHT CURVE PARAMETERS
--------------------------------
parameter lc1   	lc2
--------------------------------
sigma     +0.06 	+0.00
tau       +3.15 	+0.00
avg_mag   +18.88 	+19.15


Process Started on 2014-04-06 23:40:18.946012
It is now          2014-04-06 23:40:21.005971

time series is 5.01 days long
with  219 data points
The most common sample time distance is 0.01 days within the range of [0.01,0.01] days

1% done
10% done
25% done
50% done
75% done
DONE

Process Started on 2014-04-06 23:40:18.946012
It is now          2014-04-06 23:40:22.071077

BEST DELAY=1.39446e+00

INITIAL PARAMETERS (average of lc1 and lc2)
-------------------------------------------
delay      = 1.39
delta_mag  = 0.27
avg_mag    = 18.88
tau        = 1.57
sigma      = 0.03

Optimization terminated successfully.
         Current function value: -1150.508956
         Iterations: 132
         Function evaluations: 239

INITIAL PARAMETERS (optimization of merged light curve)
-------------------------------------------------------
delay      = 1.39
delta_mag  = 0.27
avg_mag    = 18.89
tau        = 2.49
sigma      = 0.05


-------------
RUNNING EMCEE
-------------

pos
sampler
Process Started on 2014-04-06 23:40:18.946012
It is currently    2014-04-06 23:40:26.894050
burn-in sampler.run_mcmc
	Mean acceptance fraction: 0.590
	Errors based on 16th, 50th, and 84th percentile
	Param     	MC_rec	err_up	err_low
	delay     	1.46e+00	+8.57e-02	-7.47e-02
	delta_mag 	2.96e-01	+1.04e-02	-7.97e-03
	sigma     	5.77e-02	+9.04e-03	-7.47e-03
	tau       	2.49e+00	+3.55e-01	-2.44e-01
	avg_mag   	1.89e+01	+3.33e-02	-3.34e-02
Process Started on 2014-04-06 23:40:18.946012
It is currently    2014-04-06 23:42:59.171658
sampler.run_mcmc
Process Started on 2014-04-06 23:40:18.946012
It is currently    2014-04-07 00:02:23.258044
sampler.chain
90000
Mean acceptance fraction: 0.515
Errors based on 16th, 50th, and 84th percentile
Param     	MC_rec	err_up	err_low
delay     	1.50e+00	+7.77e-02	-7.90e-02
delta_mag 	3.00e-01	+8.50e-03	-8.09e-03
sigma     	5.29e-02	+7.57e-03	-7.03e-03
tau       	1.04e+01	+9.09e+00	-6.23e+00
avg_mag   	1.89e+01	+6.88e-02	-6.80e-02
Process Started on 2014-04-06 23:40:18.946012
It is currently    2014-04-07 00:02:32.006877
