
SIMULATION PARAMETERS
Namespace(avg_mag=19.0, delay=1.5, delta_mag=0.3, numorbits=40, outputtag='hubble_sim_r1246', photometricerror=0.1, redshift=0.658, sigma=0.07, tau=121.0)

Process Started on 2014-04-07 05:14:33.373731
The output_tag for this run is: hubble_sim_r1246_2014_04_07_05:14

CRUDE LIGHT CURVE PARAMETERS
----------------------------
parameter lc1   	lc2
----------------------------
sigma     +1.06 	+0.17
tau       +0.00 	+0.04
avg_mag   +19.29 	+19.57


BEGINNING LIGHT CURVE PARAMETER OPTIMIZATION

Optimization terminated successfully.
         Current function value: -302.518622
         Iterations: 54
         Function evaluations: 102
Optimization terminated successfully.
         Current function value: -303.040443
         Iterations: 51
         Function evaluations: 94

OPTIMIZED LIGHT CURVE PARAMETERS
--------------------------------
parameter lc1   	lc2
--------------------------------
sigma     +0.00 	+0.00
tau       +0.00 	+0.05
avg_mag   +19.29 	+19.57


Process Started on 2014-04-07 05:14:33.373731
It is now          2014-04-07 05:14:33.739214

time series is 2.52 days long
with  111 data points
The most common sample time distance is 0.01 days within the range of [0.02,0.01] days

1% done
10% done
25% done
50% done
75% done
DONE

Process Started on 2014-04-07 05:14:33.373731
It is now          2014-04-07 05:14:34.055265

BEST DELAY=6.41270e-01

INITIAL PARAMETERS (average of lc1 and lc2)
-------------------------------------------
delay      = 0.64
delta_mag  = 0.28
avg_mag    = 19.29
tau        = 0.03
sigma      = 0.00

Optimization terminated successfully.
         Current function value: -605.559064
         Iterations: 53
         Function evaluations: 96

INITIAL PARAMETERS (optimization of merged light curve)
-------------------------------------------------------
delay      = 0.64
delta_mag  = 0.28
avg_mag    = 19.29
tau        = 0.14
sigma      = 0.00


-------------
RUNNING EMCEE
-------------

pos
sampler
Process Started on 2014-04-07 05:14:33.373731
It is currently    2014-04-07 05:14:35.434928
burn-in sampler.run_mcmc
	Mean acceptance fraction: 0.343
	Errors based on 16th, 50th, and 84th percentile
	Param     	MC_rec	err_up	err_low
	delay     	6.41e-01	+3.45e-02	-2.97e-02
	delta_mag 	2.82e-01	+1.10e-02	-9.04e-03
	sigma     	3.51e-05	+2.95e-05	-3.08e-05
	tau       	1.35e-01	+1.11e-01	-4.78e-02
	avg_mag   	1.93e+01	+6.42e-03	-6.22e-03
Process Started on 2014-04-07 05:14:33.373731
It is currently    2014-04-07 05:15:01.989688
sampler.run_mcmc
Process Started on 2014-04-07 05:14:33.373731
It is currently    2014-04-07 05:19:04.001201
sampler.chain
90000
Mean acceptance fraction: 0.368
Errors based on 16th, 50th, and 84th percentile
Param     	MC_rec	err_up	err_low
delay     	6.41e-01	+8.61e-01	-7.59e-01
delta_mag 	2.82e-01	+9.21e-03	-8.92e-03
sigma     	3.31e-05	+2.64e-05	-2.50e-05
tau       	5.44e-01	+5.34e-01	-4.08e-01
avg_mag   	1.93e+01	+6.33e-03	-6.52e-03
Process Started on 2014-04-07 05:14:33.373731
It is currently    2014-04-07 05:19:10.480303
