
SIMULATION PARAMETERS
Namespace(avg_mag=19.0, delay=1.5, delta_mag=0.3, numorbits=40, outputtag='hubble_sim_r1155', photometricerror=0.05, redshift=0.658, sigma=0.07, tau=121.0)

Process Started on 2014-04-07 03:43:14.306512
The output_tag for this run is: hubble_sim_r1155_2014_04_07_03:43

CRUDE LIGHT CURVE PARAMETERS
----------------------------
parameter lc1   	lc2
----------------------------
sigma     +0.24 	+1.10
tau       +0.04 	+0.02
avg_mag   +19.19 	+19.59


BEGINNING LIGHT CURVE PARAMETER OPTIMIZATION

Optimization terminated successfully.
         Current function value: -445.522284
         Iterations: 115
         Function evaluations: 212
Optimization terminated successfully.
         Current function value: -433.584538
         Iterations: 156
         Function evaluations: 277

OPTIMIZED LIGHT CURVE PARAMETERS
--------------------------------
parameter lc1   	lc2
--------------------------------
sigma     +0.04 	+0.06
tau       +0.50 	+6.58
avg_mag   +19.19 	+19.61


Process Started on 2014-04-07 03:43:14.306512
It is now          2014-04-07 03:43:15.247120

time series is 2.51 days long
with  114 data points
The most common sample time distance is 0.01 days within the range of [0.02,0.01] days

1% done
10% done
25% done
50% done
75% done
DONE

Process Started on 2014-04-07 03:43:14.306512
It is now          2014-04-07 03:43:15.567724

BEST DELAY=-1.05584e+00

INITIAL PARAMETERS (average of lc1 and lc2)
-------------------------------------------
delay      = -1.06
delta_mag  = 0.42
avg_mag    = 19.19
tau        = 3.54
sigma      = 0.05

Optimization terminated successfully.
         Current function value: -830.422626
         Iterations: 120
         Function evaluations: 213

INITIAL PARAMETERS (optimization of merged light curve)
-------------------------------------------------------
delay      = -1.06
delta_mag  = 0.42
avg_mag    = 19.15
tau        = 3.41
sigma      = 0.05


-------------
RUNNING EMCEE
-------------

pos
sampler
Process Started on 2014-04-07 03:43:14.306512
It is currently    2014-04-07 03:43:17.376173
burn-in sampler.run_mcmc
	Mean acceptance fraction: 0.554
	Errors based on 16th, 50th, and 84th percentile
	Param     	MC_rec	err_up	err_low
	delay     	-1.33e+00	+2.16e-01	-1.78e-01
	delta_mag 	4.82e-01	+1.98e-02	-2.06e-02
	sigma     	6.39e-02	+1.27e-02	-9.58e-03
	tau       	3.55e+00	+4.32e-01	-2.08e-01
	avg_mag   	1.91e+01	+6.38e-02	-7.51e-02
Process Started on 2014-04-07 03:43:14.306512
It is currently    2014-04-07 03:44:05.094607
sampler.run_mcmc
Process Started on 2014-04-07 03:43:14.306512
It is currently    2014-04-07 03:50:28.730044
sampler.chain
90000
Mean acceptance fraction: 0.519
Errors based on 16th, 50th, and 84th percentile
Param     	MC_rec	err_up	err_low
delay     	-1.61e+00	+8.37e-02	-1.37e-01
delta_mag 	5.13e-01	+1.50e-02	-1.11e-02
sigma     	5.43e-02	+6.96e-03	-6.02e-03
tau       	1.65e+01	+1.13e+01	-9.96e+00
avg_mag   	1.91e+01	+9.83e-02	-9.99e-02
Process Started on 2014-04-07 03:43:14.306512
It is currently    2014-04-07 03:50:35.262942
