
SIMULATION PARAMETERS
Namespace(avg_mag=19.0, delay=1.5, delta_mag=0.3, numorbits=40, outputtag='hubble_sim_r1200', photometricerror=0.1, redshift=0.658, sigma=0.07, tau=121.0)

Process Started on 2014-04-07 04:28:24.020533
The output_tag for this run is: hubble_sim_r1200_2014_04_07_04:28

CRUDE LIGHT CURVE PARAMETERS
----------------------------
parameter lc1   	lc2
----------------------------
sigma     +0.87 	+0.60
tau       +0.03 	+0.02
avg_mag   +19.18 	+19.60


BEGINNING LIGHT CURVE PARAMETER OPTIMIZATION

Optimization terminated successfully.
         Current function value: -303.912951
         Iterations: 147
         Function evaluations: 260
Optimization terminated successfully.
         Current function value: -295.301864
         Iterations: 57
         Function evaluations: 104

OPTIMIZED LIGHT CURVE PARAMETERS
--------------------------------
parameter lc1   	lc2
--------------------------------
sigma     +0.08 	+0.00
tau       +3.15 	+0.02
avg_mag   +19.19 	+19.60


Process Started on 2014-04-07 04:28:24.020533
It is now          2014-04-07 04:28:24.754890

time series is 2.50 days long
with  119 data points
The most common sample time distance is 0.01 days within the range of [0.01,0.03] days

1% done
10% done
25% done
50% done
75% done
DONE

Process Started on 2014-04-07 04:28:24.020533
It is now          2014-04-07 04:28:25.093462

BEST DELAY=2.48847e-01

INITIAL PARAMETERS (average of lc1 and lc2)
-------------------------------------------
delay      = 0.25
delta_mag  = 0.41
avg_mag    = 19.19
tau        = 1.59
sigma      = 0.04

Optimization terminated successfully.
         Current function value: -610.125213
         Iterations: 135
         Function evaluations: 239

INITIAL PARAMETERS (optimization of merged light curve)
-------------------------------------------------------
delay      = 0.25
delta_mag  = 0.41
avg_mag    = 19.18
tau        = 3.49
sigma      = 0.06


-------------
RUNNING EMCEE
-------------

pos
sampler
Process Started on 2014-04-07 04:28:24.020533
It is currently    2014-04-07 04:28:27.028018
burn-in sampler.run_mcmc
	Mean acceptance fraction: 0.549
	Errors based on 16th, 50th, and 84th percentile
	Param     	MC_rec	err_up	err_low
	delay     	2.50e-01	+5.64e-01	-6.13e-01
	delta_mag 	4.08e-01	+4.14e-02	-4.24e-02
	sigma     	6.40e-02	+1.90e-02	-1.27e-02
	tau       	3.55e+00	+8.99e-01	-5.72e-01
	avg_mag   	1.92e+01	+7.81e-02	-6.32e-02
Process Started on 2014-04-07 04:28:24.020533
It is currently    2014-04-07 04:29:14.514911
sampler.run_mcmc
Process Started on 2014-04-07 04:28:24.020533
It is currently    2014-04-07 04:33:59.299829
sampler.chain
90000
Mean acceptance fraction: 0.262
Errors based on 16th, 50th, and 84th percentile
Param     	MC_rec	err_up	err_low
delay     	-7.15e-01	+2.16e+00	-1.96e-01
delta_mag 	4.78e-01	+2.15e-02	-1.68e-01
sigma     	7.07e-02	+1.49e-02	-1.12e-02
tau       	1.04e+01	+1.37e+01	-6.40e+00
avg_mag   	1.92e+01	+1.07e-01	-1.22e-01
Process Started on 2014-04-07 04:28:24.020533
It is currently    2014-04-07 04:34:05.485173
