
SIMULATION PARAMETERS
Namespace(avg_mag=19.0, delay=1.5, delta_mag=0.3, numorbits=80, outputtag='hubble_sim_r201', photometricerror=0.1, redshift=0.658, sigma=0.07, tau=121.0)

Process Started on 2014-04-06 23:22:13.260949
The output_tag for this run is: hubble_sim_r201_2014_04_06_23:22

CRUDE LIGHT CURVE PARAMETERS
----------------------------
parameter lc1   	lc2
----------------------------
sigma     +0.30 	+0.31
tau       +0.23 	+0.05
avg_mag   +19.25 	+19.56


BEGINNING LIGHT CURVE PARAMETER OPTIMIZATION

Optimization terminated successfully.
         Current function value: -575.243539
         Iterations: 97
         Function evaluations: 174
Optimization terminated successfully.
         Current function value: -574.747573
         Iterations: 51
         Function evaluations: 95

OPTIMIZED LIGHT CURVE PARAMETERS
--------------------------------
parameter lc1   	lc2
--------------------------------
sigma     +0.04 	+0.00
tau       +1.08 	+0.07
avg_mag   +19.25 	+19.56


Process Started on 2014-04-06 23:22:13.260949
It is now          2014-04-06 23:22:14.933343

time series is 5.01 days long
with  218 data points
The most common sample time distance is 0.01 days within the range of [0.01,0.01] days

1% done
10% done
25% done
50% done
75% done
DONE

Process Started on 2014-04-06 23:22:13.260949
It is now          2014-04-06 23:22:15.970157

BEST DELAY=1.49332e+00

INITIAL PARAMETERS (average of lc1 and lc2)
-------------------------------------------
delay      = 1.49
delta_mag  = 0.32
avg_mag    = 19.25
tau        = 0.57
sigma      = 0.02

Optimization terminated successfully.
         Current function value: -1163.267374
         Iterations: 124
         Function evaluations: 230

INITIAL PARAMETERS (optimization of merged light curve)
-------------------------------------------------------
delay      = 1.49
delta_mag  = 0.32
avg_mag    = 19.24
tau        = 1.03
sigma      = 0.04


-------------
RUNNING EMCEE
-------------

pos
sampler
Process Started on 2014-04-06 23:22:13.260949
It is currently    2014-04-06 23:22:20.728863
burn-in sampler.run_mcmc
	Mean acceptance fraction: 0.573
	Errors based on 16th, 50th, and 84th percentile
	Param     	MC_rec	err_up	err_low
	delay     	1.48e+00	+9.16e-02	-9.00e-02
	delta_mag 	3.07e-01	+8.35e-03	-9.77e-03
	sigma     	4.40e-02	+8.78e-03	-7.82e-03
	tau       	1.07e+00	+1.97e-01	-1.64e-01
	avg_mag   	1.92e+01	+1.49e-02	-1.44e-02
Process Started on 2014-04-06 23:22:13.260949
It is currently    2014-04-06 23:24:43.122854
sampler.run_mcmc
Process Started on 2014-04-06 23:22:13.260949
It is currently    2014-04-06 23:42:35.686281
sampler.chain
90000
Mean acceptance fraction: 0.505
Errors based on 16th, 50th, and 84th percentile
Param     	MC_rec	err_up	err_low
delay     	1.52e+00	+1.25e-01	-1.16e-01
delta_mag 	3.05e-01	+7.80e-03	-7.84e-03
sigma     	3.94e-02	+7.78e-03	-6.71e-03
tau       	2.55e+00	+4.06e+00	-1.39e+00
avg_mag   	1.92e+01	+2.07e-02	-2.46e-02
Process Started on 2014-04-06 23:22:13.260949
It is currently    2014-04-06 23:42:46.552735
