
SIMULATION PARAMETERS
Namespace(avg_mag=19.0, delay=1.5, delta_mag=0.3, numorbits=40, outputtag='hubble_sim_r1097', photometricerror=0.02, redshift=0.658, sigma=0.07, tau=121.0)

Process Started on 2014-04-07 02:45:02.130688
The output_tag for this run is: hubble_sim_r1097_2014_04_07_02:45

CRUDE LIGHT CURVE PARAMETERS
----------------------------
parameter lc1   	lc2
----------------------------
sigma     +0.23 	+1.27
tau       +0.16 	+0.00
avg_mag   +19.45 	+19.77


BEGINNING LIGHT CURVE PARAMETER OPTIMIZATION

Optimization terminated successfully.
         Current function value: -603.656127
         Iterations: 77
         Function evaluations: 146
Optimization terminated successfully.
         Current function value: -608.813008
         Iterations: 178
         Function evaluations: 316

OPTIMIZED LIGHT CURVE PARAMETERS
--------------------------------
parameter lc1   	lc2
--------------------------------
sigma     +0.06 	+0.05
tau       +0.54 	+1.19
avg_mag   +19.47 	+19.75


Process Started on 2014-04-07 02:45:02.130688
It is now          2014-04-07 02:45:03.093915

time series is 2.51 days long
with  116 data points
The most common sample time distance is 0.01 days within the range of [0.02,0.01] days

1% done
10% done
25% done
50% done
75% done
DONE

Process Started on 2014-04-07 02:45:02.130688
It is now          2014-04-07 02:45:03.430208

BEST DELAY=-1.25255e+00

INITIAL PARAMETERS (average of lc1 and lc2)
-------------------------------------------
delay      = -1.25
delta_mag  = 0.28
avg_mag    = 19.47
tau        = 0.86
sigma      = 0.06

Optimization terminated successfully.
         Current function value: -1068.026025
         Iterations: 107
         Function evaluations: 198

INITIAL PARAMETERS (optimization of merged light curve)
-------------------------------------------------------
delay      = -1.25
delta_mag  = 0.28
avg_mag    = 19.47
tau        = 0.69
sigma      = 0.06


-------------
RUNNING EMCEE
-------------

pos
sampler
Process Started on 2014-04-07 02:45:02.130688
It is currently    2014-04-07 02:45:05.266704
burn-in sampler.run_mcmc
	Mean acceptance fraction: 0.484
	Errors based on 16th, 50th, and 84th percentile
	Param     	MC_rec	err_up	err_low
	delay     	-1.80e+00	+4.61e-01	-9.27e-02
	delta_mag 	2.63e-01	+3.76e-02	-9.85e-03
	sigma     	7.06e-02	+1.18e-02	-1.23e-02
	tau       	5.15e-01	+1.88e-01	-9.58e-02
	avg_mag   	1.95e+01	+1.75e-02	-2.36e-02
Process Started on 2014-04-07 02:45:02.130688
It is currently    2014-04-07 02:45:54.397855
sampler.run_mcmc
Process Started on 2014-04-07 02:45:02.130688
It is currently    2014-04-07 02:52:30.240261
sampler.chain
90000
Mean acceptance fraction: 0.491
Errors based on 16th, 50th, and 84th percentile
Param     	MC_rec	err_up	err_low
delay     	-1.93e+00	+3.56e-02	-5.00e-02
delta_mag 	2.58e-01	+4.60e-03	-6.15e-03
sigma     	5.76e-02	+4.68e-03	-4.33e-03
tau       	2.31e+00	+2.56e+00	-1.13e+00
avg_mag   	1.95e+01	+3.27e-02	-3.19e-02
Process Started on 2014-04-07 02:45:02.130688
It is currently    2014-04-07 02:52:36.421536
