
SIMULATION PARAMETERS
Namespace(avg_mag=19.0, delay=1.5, delta_mag=0.3, numorbits=40, outputtag='hubble_sim_r1001', photometricerror=0.02, redshift=0.658, sigma=0.07, tau=121.0)

Process Started on 2014-04-07 01:07:42.283170
The output_tag for this run is: hubble_sim_r1001_2014_04_07_01:07

CRUDE LIGHT CURVE PARAMETERS
----------------------------
parameter lc1   	lc2
----------------------------
sigma     +0.28 	+0.33
tau       +0.03 	+0.02
avg_mag   +18.82 	+19.14


BEGINNING LIGHT CURVE PARAMETER OPTIMIZATION

Optimization terminated successfully.
         Current function value: -573.102920
         Iterations: 105
         Function evaluations: 191
Optimization terminated successfully.
         Current function value: -574.456784
         Iterations: 117
         Function evaluations: 208

OPTIMIZED LIGHT CURVE PARAMETERS
--------------------------------
parameter lc1   	lc2
--------------------------------
sigma     +0.04 	+0.04
tau       +0.87 	+1.10
avg_mag   +18.84 	+19.12


Process Started on 2014-04-07 01:07:42.283170
It is now          2014-04-07 01:07:43.597603

time series is 2.51 days long
with  108 data points
The most common sample time distance is 0.01 days within the range of [0.01,0.03] days

1% done
10% done
25% done
50% done
75% done
DONE

Process Started on 2014-04-07 01:07:42.283170
It is now          2014-04-07 01:07:44.134421

BEST DELAY=1.24565e+00

INITIAL PARAMETERS (average of lc1 and lc2)
-------------------------------------------
delay      = 1.25
delta_mag  = 0.28
avg_mag    = 18.84
tau        = 0.99
sigma      = 0.04

Warning: Maximum number of function evaluations has been exceeded.

INITIAL PARAMETERS (optimization of merged light curve)
-------------------------------------------------------
delay      = 1.25
delta_mag  = 0.28
avg_mag    = 18.84
tau        = 0.00
sigma      = 17.74


-------------
RUNNING EMCEE
-------------

pos
sampler
Process Started on 2014-04-07 01:07:42.283170
It is currently    2014-04-07 01:07:49.668563
burn-in sampler.run_mcmc
	Mean acceptance fraction: 0.283
	Errors based on 16th, 50th, and 84th percentile
	Param     	MC_rec	err_up	err_low
	delay     	1.25e+00	+2.10e-02	-5.90e-03
	delta_mag 	2.88e-01	+6.32e-03	-3.52e-03
	sigma     	1.77e+01	+1.37e-02	-7.34e-03
	tau       	3.40e-06	+1.20e-06	-6.13e-05
	avg_mag   	1.88e+01	+1.62e-03	-2.38e-03
Process Started on 2014-04-07 01:07:42.283170
It is currently    2014-04-07 01:08:38.682146
sampler.run_mcmc
Process Started on 2014-04-07 01:07:42.283170
It is currently    2014-04-07 01:16:08.982835
sampler.chain
90000
Mean acceptance fraction: 0.285
Errors based on 16th, 50th, and 84th percentile
Param     	MC_rec	err_up	err_low
delay     	1.25e+00	+7.54e-01	-8.40e-01
delta_mag 	3.18e-01	+2.73e-03	-3.68e-03
sigma     	1.63e+01	+6.38e+00	-7.90e+00
tau       	2.95e-06	+8.11e-06	-1.89e-06
avg_mag   	1.88e+01	+2.48e-03	-2.03e-03
Process Started on 2014-04-07 01:07:42.283170
It is currently    2014-04-07 01:16:19.713986
