
SIMULATION PARAMETERS
Namespace(avg_mag=19.0, delay=1.5, delta_mag=0.3, numorbits=40, outputtag='hubble_sim_r1014', photometricerror=0.02, redshift=0.658, sigma=0.07, tau=121.0)

Process Started on 2014-04-07 01:21:46.283342
The output_tag for this run is: hubble_sim_r1014_2014_04_07_01:21

CRUDE LIGHT CURVE PARAMETERS
----------------------------
parameter lc1   	lc2
----------------------------
sigma     +0.79 	+0.45
tau       +0.02 	+0.09
avg_mag   +19.47 	+19.76


BEGINNING LIGHT CURVE PARAMETER OPTIMIZATION

Optimization terminated successfully.
         Current function value: -594.537310
         Iterations: 156
         Function evaluations: 274
Optimization terminated successfully.
         Current function value: -594.907589
         Iterations: 145
         Function evaluations: 264

OPTIMIZED LIGHT CURVE PARAMETERS
--------------------------------
parameter lc1   	lc2
--------------------------------
sigma     +0.05 	+0.05
tau       +6.91 	+2.85
avg_mag   +19.49 	+19.80


Process Started on 2014-04-07 01:21:46.283342
It is now          2014-04-07 01:21:48.069499

time series is 2.51 days long
with  113 data points
The most common sample time distance is 0.00 days within the range of [0.01,0.01] days

1% done
10% done
25% done
50% done
75% done
DONE

Process Started on 2014-04-07 01:21:46.283342
It is now          2014-04-07 01:21:48.591474

BEST DELAY=1.24332e+00

INITIAL PARAMETERS (average of lc1 and lc2)
-------------------------------------------
delay      = 1.24
delta_mag  = 0.31
avg_mag    = 19.49
tau        = 4.88
sigma      = 0.05

Optimization terminated successfully.
         Current function value: -1075.511631
         Iterations: 118
         Function evaluations: 213

INITIAL PARAMETERS (optimization of merged light curve)
-------------------------------------------------------
delay      = 1.24
delta_mag  = 0.31
avg_mag    = 19.55
tau        = 4.22
sigma      = 0.05


-------------
RUNNING EMCEE
-------------

pos
sampler
Process Started on 2014-04-07 01:21:46.283342
It is currently    2014-04-07 01:21:51.841948
burn-in sampler.run_mcmc
	Mean acceptance fraction: 0.518
	Errors based on 16th, 50th, and 84th percentile
	Param     	MC_rec	err_up	err_low
	delay     	1.45e+00	+3.71e-02	-7.55e-02
	delta_mag 	2.98e-01	+4.97e-03	-5.58e-03
	sigma     	6.26e-02	+7.13e-03	-8.64e-03
	tau       	4.40e+00	+1.69e-01	-1.25e-01
	avg_mag   	1.94e+01	+8.44e-02	-7.97e-02
Process Started on 2014-04-07 01:21:46.283342
It is currently    2014-04-07 01:22:50.879493
sampler.run_mcmc
Process Started on 2014-04-07 01:21:46.283342
It is currently    2014-04-07 01:29:10.816229
sampler.chain
90000
Mean acceptance fraction: 0.506
Errors based on 16th, 50th, and 84th percentile
Param     	MC_rec	err_up	err_low
delay     	1.50e+00	+1.51e-02	-1.41e-02
delta_mag 	3.01e-01	+3.32e-03	-3.21e-03
sigma     	5.23e-02	+4.47e-03	-3.89e-03
tau       	1.44e+01	+1.72e+01	-9.13e+00
avg_mag   	1.96e+01	+1.01e-01	-8.11e-02
Process Started on 2014-04-07 01:21:46.283342
It is currently    2014-04-07 01:29:17.040274
