
SIMULATION PARAMETERS
Namespace(avg_mag=19.0, delay=1.5, delta_mag=0.3, numorbits=40, outputtag='hubble_sim_r1107', photometricerror=0.05, redshift=0.658, sigma=0.07, tau=121.0)

Process Started on 2014-04-07 02:55:04.024052
The output_tag for this run is: hubble_sim_r1107_2014_04_07_02:55

CRUDE LIGHT CURVE PARAMETERS
----------------------------
parameter lc1   	lc2
----------------------------
sigma     +0.19 	+0.34
tau       +0.15 	+0.13
avg_mag   +19.13 	+19.40


BEGINNING LIGHT CURVE PARAMETER OPTIMIZATION

Optimization terminated successfully.
         Current function value: -411.307224
         Iterations: 94
         Function evaluations: 175
Optimization terminated successfully.
         Current function value: -402.745363
         Iterations: 113
         Function evaluations: 205

OPTIMIZED LIGHT CURVE PARAMETERS
--------------------------------
parameter lc1   	lc2
--------------------------------
sigma     +0.03 	+0.06
tau       +0.51 	+1.17
avg_mag   +19.13 	+19.38


Process Started on 2014-04-07 02:55:04.024052
It is now          2014-04-07 02:55:04.700026

time series is 2.51 days long
with  105 data points
The most common sample time distance is 0.01 days within the range of [0.02,0.01] days

1% done
10% done
25% done
50% done
75% done
DONE

Process Started on 2014-04-07 02:55:04.024052
It is now          2014-04-07 02:55:05.007160

BEST DELAY=-1.25479e+00

INITIAL PARAMETERS (average of lc1 and lc2)
-------------------------------------------
delay      = -1.25
delta_mag  = 0.25
avg_mag    = 19.13
tau        = 0.84
sigma      = 0.05

Optimization terminated successfully.
         Current function value: -809.051201
         Iterations: 100
         Function evaluations: 177

INITIAL PARAMETERS (optimization of merged light curve)
-------------------------------------------------------
delay      = -1.25
delta_mag  = 0.25
avg_mag    = 19.14
tau        = 0.97
sigma      = 0.05


-------------
RUNNING EMCEE
-------------

pos
sampler
Process Started on 2014-04-07 02:55:04.024052
It is currently    2014-04-07 02:55:06.622250
burn-in sampler.run_mcmc
	Mean acceptance fraction: 0.592
	Errors based on 16th, 50th, and 84th percentile
	Param     	MC_rec	err_up	err_low
	delay     	-1.38e+00	+1.32e-01	-2.03e-01
	delta_mag 	2.31e-01	+1.29e-02	-1.43e-02
	sigma     	5.16e-02	+9.68e-03	-7.63e-03
	tau       	1.00e+00	+1.48e-01	-7.78e-02
	avg_mag   	1.91e+01	+1.94e-02	-1.83e-02
Process Started on 2014-04-07 02:55:04.024052
It is currently    2014-04-07 02:55:51.454118
sampler.run_mcmc
Process Started on 2014-04-07 02:55:04.024052
It is currently    2014-04-07 03:01:33.904780
sampler.chain
90000
Mean acceptance fraction: 0.487
Errors based on 16th, 50th, and 84th percentile
Param     	MC_rec	err_up	err_low
delay     	-1.71e+00	+1.70e-01	-4.62e-01
delta_mag 	2.11e-01	+1.24e-02	-1.77e-02
sigma     	4.93e-02	+7.48e-03	-6.68e-03
tau       	3.86e+00	+3.44e+00	-2.14e+00
avg_mag   	1.92e+01	+3.83e-02	-3.68e-02
Process Started on 2014-04-07 02:55:04.024052
It is currently    2014-04-07 03:01:40.101265
