
SIMULATION PARAMETERS
Namespace(avg_mag=19.0, delay=1.5, delta_mag=0.3, numorbits=40, outputtag='hubble_sim_r1101', photometricerror=0.05, redshift=0.658, sigma=0.07, tau=121.0)

Process Started on 2014-04-07 02:49:02.807573
The output_tag for this run is: hubble_sim_r1101_2014_04_07_02:49

CRUDE LIGHT CURVE PARAMETERS
----------------------------
parameter lc1   	lc2
----------------------------
sigma     +0.30 	+0.22
tau       +0.11 	+0.14
avg_mag   +19.72 	+20.00


BEGINNING LIGHT CURVE PARAMETER OPTIMIZATION

Optimization terminated successfully.
         Current function value: -422.283909
         Iterations: 105
         Function evaluations: 191
Optimization terminated successfully.
         Current function value: -429.118322
         Iterations: 115
         Function evaluations: 203

OPTIMIZED LIGHT CURVE PARAMETERS
--------------------------------
parameter lc1   	lc2
--------------------------------
sigma     +0.05 	+0.05
tau       +0.87 	+0.42
avg_mag   +19.71 	+20.00


Process Started on 2014-04-07 02:49:02.807573
It is now          2014-04-07 02:49:03.540041

time series is 2.51 days long
with  110 data points
The most common sample time distance is 0.01 days within the range of [0.02,0.01] days

1% done
10% done
25% done
50% done
75% done
DONE

Process Started on 2014-04-07 02:49:02.807573
It is now          2014-04-07 02:49:03.854352

BEST DELAY=-9.54230e-01

INITIAL PARAMETERS (average of lc1 and lc2)
-------------------------------------------
delay      = -0.95
delta_mag  = 0.29
avg_mag    = 19.71
tau        = 0.64
sigma      = 0.05

Optimization terminated successfully.
         Current function value: -850.494970
         Iterations: 102
         Function evaluations: 187

INITIAL PARAMETERS (optimization of merged light curve)
-------------------------------------------------------
delay      = -0.95
delta_mag  = 0.29
avg_mag    = 19.70
tau        = 0.76
sigma      = 0.04


-------------
RUNNING EMCEE
-------------

pos
sampler
Process Started on 2014-04-07 02:49:02.807573
It is currently    2014-04-07 02:49:05.517844
burn-in sampler.run_mcmc
	Mean acceptance fraction: 0.572
	Errors based on 16th, 50th, and 84th percentile
	Param     	MC_rec	err_up	err_low
	delay     	-9.55e-01	+5.18e-02	-5.75e-02
	delta_mag 	2.73e-01	+6.23e-03	-7.40e-03
	sigma     	4.81e-02	+9.26e-03	-6.95e-03
	tau       	7.51e-01	+1.84e-01	-1.41e-01
	avg_mag   	1.97e+01	+1.41e-02	-1.33e-02
Process Started on 2014-04-07 02:49:02.807573
It is currently    2014-04-07 02:49:51.473645
sampler.run_mcmc
Process Started on 2014-04-07 02:49:02.807573
It is currently    2014-04-07 02:55:59.091673
sampler.chain
90000
Mean acceptance fraction: 0.506
Errors based on 16th, 50th, and 84th percentile
Param     	MC_rec	err_up	err_low
delay     	-9.62e-01	+5.71e-02	-5.72e-02
delta_mag 	2.71e-01	+5.87e-03	-5.72e-03
sigma     	4.45e-02	+7.55e-03	-6.57e-03
tau       	2.62e+00	+3.02e+00	-1.54e+00
avg_mag   	1.97e+01	+2.51e-02	-2.93e-02
Process Started on 2014-04-07 02:49:02.807573
It is currently    2014-04-07 02:56:05.517731
