
SIMULATION PARAMETERS
Namespace(avg_mag=19.0, delay=1.5, delta_mag=0.3, numorbits=80, outputtag='hubble_sim_r159', photometricerror=0.05, redshift=0.658, sigma=0.07, tau=121.0)

Process Started on 2014-04-06 22:36:56.639434
The output_tag for this run is: hubble_sim_r159_2014_04_06_22:36

CRUDE LIGHT CURVE PARAMETERS
----------------------------
parameter lc1   	lc2
----------------------------
sigma     +0.60 	+0.37
tau       +0.01 	+0.05
avg_mag   +19.61 	+19.92


BEGINNING LIGHT CURVE PARAMETER OPTIMIZATION

Optimization terminated successfully.
         Current function value: -813.364490
         Iterations: 62
         Function evaluations: 115
Optimization terminated successfully.
         Current function value: -851.355385
         Iterations: 145
         Function evaluations: 259

OPTIMIZED LIGHT CURVE PARAMETERS
--------------------------------
parameter lc1   	lc2
--------------------------------
sigma     +0.00 	+0.04
tau       +0.01 	+2.78
avg_mag   +19.61 	+19.94


Process Started on 2014-04-06 22:36:56.639434
It is now          2014-04-06 22:36:58.035261

time series is 5.01 days long
with  218 data points
The most common sample time distance is 0.01 days within the range of [0.01,0.01] days

1% done
10% done
25% done
50% done
75% done
DONE

Process Started on 2014-04-06 22:36:56.639434
It is now          2014-04-06 22:36:58.719839

BEST DELAY=1.59684e+00

INITIAL PARAMETERS (average of lc1 and lc2)
-------------------------------------------
delay      = 1.60
delta_mag  = 0.33
avg_mag    = 19.61
tau        = 1.39
sigma      = 0.02

Optimization terminated successfully.
         Current function value: -1687.749567
         Iterations: 107
         Function evaluations: 196

INITIAL PARAMETERS (optimization of merged light curve)
-------------------------------------------------------
delay      = 1.60
delta_mag  = 0.33
avg_mag    = 19.61
tau        = 1.55
sigma      = 0.04


-------------
RUNNING EMCEE
-------------

pos
sampler
Process Started on 2014-04-06 22:36:56.639434
It is currently    2014-04-06 22:37:01.761380
burn-in sampler.run_mcmc
	Mean acceptance fraction: 0.556
	Errors based on 16th, 50th, and 84th percentile
	Param     	MC_rec	err_up	err_low
	delay     	1.54e+00	+4.31e-02	-4.53e-02
	delta_mag 	3.03e-01	+5.11e-03	-4.91e-03
	sigma     	4.58e-02	+5.98e-03	-4.75e-03
	tau       	1.58e+00	+2.47e-01	-1.31e-01
	avg_mag   	1.96e+01	+1.94e-02	-1.90e-02
Process Started on 2014-04-06 22:36:56.639434
It is currently    2014-04-06 22:39:21.267242
sampler.run_mcmc
Process Started on 2014-04-06 22:36:56.639434
It is currently    2014-04-06 22:56:16.580757
sampler.chain
90000
Mean acceptance fraction: 0.514
Errors based on 16th, 50th, and 84th percentile
Param     	MC_rec	err_up	err_low
delay     	1.52e+00	+4.10e-02	-3.43e-02
delta_mag 	3.01e-01	+4.03e-03	-4.00e-03
sigma     	4.21e-02	+5.11e-03	-4.51e-03
tau       	6.45e+00	+5.70e+00	-3.80e+00
avg_mag   	1.96e+01	+4.23e-02	-3.85e-02
Process Started on 2014-04-06 22:36:56.639434
It is currently    2014-04-06 22:56:27.384201
