
SIMULATION PARAMETERS
Namespace(avg_mag=19.0, delay=1.5, delta_mag=0.3, numorbits=40, outputtag='hubble_sim_r1183', photometricerror=0.05, redshift=0.658, sigma=0.07, tau=121.0)

Process Started on 2014-04-07 04:11:20.385550
The output_tag for this run is: hubble_sim_r1183_2014_04_07_04:11

CRUDE LIGHT CURVE PARAMETERS
----------------------------
parameter lc1   	lc2
----------------------------
sigma     +0.47 	+0.44
tau       +0.08 	+0.03
avg_mag   +17.92 	+18.16


BEGINNING LIGHT CURVE PARAMETER OPTIMIZATION

Optimization terminated successfully.
         Current function value: -415.880487
         Iterations: 113
         Function evaluations: 198
Optimization terminated successfully.
         Current function value: -418.231416
         Iterations: 115
         Function evaluations: 202

OPTIMIZED LIGHT CURVE PARAMETERS
--------------------------------
parameter lc1   	lc2
--------------------------------
sigma     +0.07 	+0.06
tau       +1.55 	+1.02
avg_mag   +17.90 	+18.19


Process Started on 2014-04-07 04:11:20.385550
It is now          2014-04-07 04:11:21.159429

time series is 2.50 days long
with  110 data points
The most common sample time distance is 0.00 days within the range of [0.02,0.01] days

1% done
10% done
25% done
50% done
75% done
DONE

Process Started on 2014-04-07 04:11:20.385550
It is now          2014-04-07 04:11:21.488215

BEST DELAY=1.24919e+00

INITIAL PARAMETERS (average of lc1 and lc2)
-------------------------------------------
delay      = 1.25
delta_mag  = 0.29
avg_mag    = 17.90
tau        = 1.29
sigma      = 0.07

Optimization terminated successfully.
         Current function value: -832.248381
         Iterations: 130
         Function evaluations: 239

INITIAL PARAMETERS (optimization of merged light curve)
-------------------------------------------------------
delay      = 1.25
delta_mag  = 0.29
avg_mag    = 17.91
tau        = 1.31
sigma      = 0.06


-------------
RUNNING EMCEE
-------------

pos
sampler
Process Started on 2014-04-07 04:11:20.385550
It is currently    2014-04-07 04:11:23.384777
burn-in sampler.run_mcmc
	Mean acceptance fraction: 0.583
	Errors based on 16th, 50th, and 84th percentile
	Param     	MC_rec	err_up	err_low
	delay     	1.43e+00	+6.29e-02	-6.63e-02
	delta_mag 	2.88e-01	+9.09e-03	-1.13e-02
	sigma     	6.24e-02	+8.44e-03	-7.23e-03
	tau       	1.31e+00	+1.85e-01	-1.63e-01
	avg_mag   	1.79e+01	+2.80e-02	-2.45e-02
Process Started on 2014-04-07 04:11:20.385550
It is currently    2014-04-07 04:12:10.175420
sampler.run_mcmc
Process Started on 2014-04-07 04:11:20.385550
It is currently    2014-04-07 04:18:16.257662
sampler.chain
90000
Mean acceptance fraction: 0.504
Errors based on 16th, 50th, and 84th percentile
Param     	MC_rec	err_up	err_low
delay     	1.47e+00	+4.63e-02	-4.74e-02
delta_mag 	2.90e-01	+1.02e-02	-9.74e-03
sigma     	6.13e-02	+7.70e-03	-7.02e-03
tau       	4.09e+00	+5.38e+00	-2.42e+00
avg_mag   	1.79e+01	+5.22e-02	-4.71e-02
Process Started on 2014-04-07 04:11:20.385550
It is currently    2014-04-07 04:18:22.615425
