
SIMULATION PARAMETERS
Namespace(avg_mag=19.0, delay=1.5, delta_mag=0.3, numorbits=40, outputtag='hubble_sim_r1268', photometricerror=0.1, redshift=0.658, sigma=0.07, tau=121.0)

Process Started on 2014-04-07 05:36:38.068537
The output_tag for this run is: hubble_sim_r1268_2014_04_07_05:36

CRUDE LIGHT CURVE PARAMETERS
----------------------------
parameter lc1   	lc2
----------------------------
sigma     +0.19 	+0.47
tau       +0.10 	+0.01
avg_mag   +19.81 	+20.11


BEGINNING LIGHT CURVE PARAMETER OPTIMIZATION

Optimization terminated successfully.
         Current function value: -303.172088
         Iterations: 52
         Function evaluations: 94
Optimization terminated successfully.
         Current function value: -293.772880
         Iterations: 58
         Function evaluations: 105

OPTIMIZED LIGHT CURVE PARAMETERS
--------------------------------
parameter lc1   	lc2
--------------------------------
sigma     +0.00 	+0.00
tau       +0.14 	+0.02
avg_mag   +19.81 	+20.11


Process Started on 2014-04-07 05:36:38.068537
It is now          2014-04-07 05:36:38.466123

time series is 2.51 days long
with  112 data points
The most common sample time distance is 0.01 days within the range of [0.02,0.01] days

1% done
10% done
25% done
50% done
75% done
DONE

Process Started on 2014-04-07 05:36:38.068537
It is now          2014-04-07 05:36:38.799082

BEST DELAY=-1.15475e+00

INITIAL PARAMETERS (average of lc1 and lc2)
-------------------------------------------
delay      = -1.15
delta_mag  = 0.30
avg_mag    = 19.81
tau        = 0.08
sigma      = 0.00

Optimization terminated successfully.
         Current function value: -596.944968
         Iterations: 51
         Function evaluations: 95

INITIAL PARAMETERS (optimization of merged light curve)
-------------------------------------------------------
delay      = -1.15
delta_mag  = 0.30
avg_mag    = 19.81
tau        = 0.05
sigma      = 0.00


-------------
RUNNING EMCEE
-------------

pos
sampler
Process Started on 2014-04-07 05:36:38.068537
It is currently    2014-04-07 05:36:40.321588
burn-in sampler.run_mcmc
	Mean acceptance fraction: 0.463
	Errors based on 16th, 50th, and 84th percentile
	Param     	MC_rec	err_up	err_low
	delay     	-1.15e+00	+5.46e-02	-3.30e-02
	delta_mag 	2.95e-01	+1.05e-02	-1.09e-02
	sigma     	1.86e-04	+1.74e-04	-1.30e-04
	tau       	6.44e-02	+6.92e-02	-3.65e-02
	avg_mag   	1.98e+01	+8.99e-03	-7.68e-03
Process Started on 2014-04-07 05:36:38.068537
It is currently    2014-04-07 05:37:16.181982
sampler.run_mcmc
Process Started on 2014-04-07 05:36:38.068537
It is currently    2014-04-07 05:41:58.551853
sampler.chain
90000
Mean acceptance fraction: 0.414
Errors based on 16th, 50th, and 84th percentile
Param     	MC_rec	err_up	err_low
delay     	-1.14e+00	+8.36e-01	-8.38e-01
delta_mag 	2.95e-01	+9.55e-03	-9.28e-03
sigma     	2.14e-04	+1.35e-04	-1.41e-04
tau       	2.34e-01	+1.89e-01	-1.61e-01
avg_mag   	1.98e+01	+6.60e-03	-6.96e-03
Process Started on 2014-04-07 05:36:38.068537
It is currently    2014-04-07 05:42:05.086669
