
SIMULATION PARAMETERS
Namespace(avg_mag=19.0, delay=1.5, delta_mag=0.3, numorbits=80, outputtag='hubble_sim_r42', photometricerror=0.02, redshift=0.658, sigma=0.07, tau=121.0)

Process Started on 2014-04-06 20:33:23.739626
The output_tag for this run is: hubble_sim_r42_2014_04_06_20:33

CRUDE LIGHT CURVE PARAMETERS
----------------------------
parameter lc1   	lc2
----------------------------
sigma     +0.43 	+0.93
tau       +0.03 	+0.00
avg_mag   +19.59 	+19.92


BEGINNING LIGHT CURVE PARAMETER OPTIMIZATION

Optimization terminated successfully.
         Current function value: -1153.325753
         Iterations: 112
         Function evaluations: 206
Optimization terminated successfully.
         Current function value: -1174.965856
         Iterations: 160
         Function evaluations: 281

OPTIMIZED LIGHT CURVE PARAMETERS
--------------------------------
parameter lc1   	lc2
--------------------------------
sigma     +0.05 	+0.04
tau       +1.45 	+4.79
avg_mag   +19.59 	+19.91


Process Started on 2014-04-06 20:33:23.739626
It is now          2014-04-06 20:33:26.930298

time series is 5.00 days long
with  219 data points
The most common sample time distance is 0.01 days within the range of [0.01,0.01] days

1% done
10% done
25% done
50% done
75% done
DONE

Process Started on 2014-04-06 20:33:23.739626
It is now          2014-04-06 20:33:28.002331

BEST DELAY=1.49830e+00

INITIAL PARAMETERS (average of lc1 and lc2)
-------------------------------------------
delay      = 1.50
delta_mag  = 0.31
avg_mag    = 19.59
tau        = 3.12
sigma      = 0.04

Optimization terminated successfully.
         Current function value: -2348.446008
         Iterations: 114
         Function evaluations: 207

INITIAL PARAMETERS (optimization of merged light curve)
-------------------------------------------------------
delay      = 1.50
delta_mag  = 0.31
avg_mag    = 19.60
tau        = 1.78
sigma      = 0.04


-------------
RUNNING EMCEE
-------------

pos
sampler
Process Started on 2014-04-06 20:33:23.739626
It is currently    2014-04-06 20:33:32.462104
burn-in sampler.run_mcmc
	Mean acceptance fraction: 0.566
	Errors based on 16th, 50th, and 84th percentile
	Param     	MC_rec	err_up	err_low
	delay     	1.50e+00	+7.42e-03	-8.47e-03
	delta_mag 	3.00e-01	+2.01e-03	-1.97e-03
	sigma     	4.48e-02	+3.85e-03	-3.28e-03
	tau       	1.78e+00	+1.65e-01	-1.02e-01
	avg_mag   	1.96e+01	+2.05e-02	-1.90e-02
Process Started on 2014-04-06 20:33:23.739626
It is currently    2014-04-06 20:36:05.779814
sampler.run_mcmc
Process Started on 2014-04-06 20:33:23.739626
It is currently    2014-04-06 20:53:58.342528
sampler.chain
90000
Mean acceptance fraction: 0.513
Errors based on 16th, 50th, and 84th percentile
Param     	MC_rec	err_up	err_low
delay     	1.50e+00	+7.08e-03	-7.23e-03
delta_mag 	3.00e-01	+1.56e-03	-1.68e-03
sigma     	4.34e-02	+3.44e-03	-3.21e-03
tau       	5.99e+00	+6.74e+00	-3.37e+00
avg_mag   	1.96e+01	+4.50e-02	-4.14e-02
Process Started on 2014-04-06 20:33:23.739626
It is currently    2014-04-06 20:54:08.362005
