
SIMULATION PARAMETERS
Namespace(avg_mag=19.0, delay=1.5, delta_mag=0.3, numorbits=40, outputtag='hubble_sim_r1043', photometricerror=0.02, redshift=0.658, sigma=0.07, tau=121.0)

Process Started on 2014-04-07 01:50:50.619969
The output_tag for this run is: hubble_sim_r1043_2014_04_07_01:50

CRUDE LIGHT CURVE PARAMETERS
----------------------------
parameter lc1   	lc2
----------------------------
sigma     +0.55 	+0.41
tau       +0.03 	+0.03
avg_mag   +19.27 	+19.66


BEGINNING LIGHT CURVE PARAMETER OPTIMIZATION

Optimization terminated successfully.
         Current function value: -564.186694
         Iterations: 143
         Function evaluations: 248
Optimization terminated successfully.
         Current function value: -577.480680
         Iterations: 128
         Function evaluations: 233

OPTIMIZED LIGHT CURVE PARAMETERS
--------------------------------
parameter lc1   	lc2
--------------------------------
sigma     +0.06 	+0.05
tau       +3.78 	+1.35
avg_mag   +19.25 	+19.64


Process Started on 2014-04-07 01:50:50.619969
It is now          2014-04-07 01:50:51.543276

time series is 2.52 days long
with  109 data points
The most common sample time distance is 0.00 days within the range of [0.02,0.01] days

1% done
10% done
25% done
50% done
75% done
DONE

Process Started on 2014-04-07 01:50:50.619969
It is now          2014-04-07 01:50:51.860541

BEST DELAY=-2.58213e-01

INITIAL PARAMETERS (average of lc1 and lc2)
-------------------------------------------
delay      = -0.26
delta_mag  = 0.39
avg_mag    = 19.25
tau        = 2.57
sigma      = 0.05

Optimization terminated successfully.
         Current function value: -1061.106476
         Iterations: 136
         Function evaluations: 242

INITIAL PARAMETERS (optimization of merged light curve)
-------------------------------------------------------
delay      = -0.26
delta_mag  = 0.39
avg_mag    = 19.27
tau        = 2.22
sigma      = 0.05


-------------
RUNNING EMCEE
-------------

pos
sampler
Process Started on 2014-04-07 01:50:50.619969
It is currently    2014-04-07 01:50:53.738068
burn-in sampler.run_mcmc
	Mean acceptance fraction: 0.556
	Errors based on 16th, 50th, and 84th percentile
	Param     	MC_rec	err_up	err_low
	delay     	-2.82e-01	+2.09e-02	-1.80e-02
	delta_mag 	4.01e-01	+3.05e-03	-3.04e-03
	sigma     	5.30e-02	+6.36e-03	-5.39e-03
	tau       	2.25e+00	+4.36e-01	-3.30e-01
	avg_mag   	1.93e+01	+3.45e-02	-3.45e-02
Process Started on 2014-04-07 01:50:50.619969
It is currently    2014-04-07 01:51:43.000597
sampler.run_mcmc
Process Started on 2014-04-07 01:50:50.619969
It is currently    2014-04-07 01:58:02.112503
sampler.chain
90000
Mean acceptance fraction: 0.466
Errors based on 16th, 50th, and 84th percentile
Param     	MC_rec	err_up	err_low
delay     	-2.88e-01	+1.50e-02	-4.76e-02
delta_mag 	4.02e-01	+3.43e-03	-2.72e-03
sigma     	5.17e-02	+5.67e-03	-5.25e-03
tau       	9.17e+00	+8.10e+00	-5.77e+00
avg_mag   	1.93e+01	+6.75e-02	-6.94e-02
Process Started on 2014-04-07 01:50:50.619969
It is currently    2014-04-07 01:58:08.464308
