
SIMULATION PARAMETERS
Namespace(avg_mag=19.0, delay=1.5, delta_mag=0.3, numorbits=80, outputtag='hubble_sim_r250', photometricerror=0.1, redshift=0.658, sigma=0.07, tau=121.0)

Process Started on 2014-04-07 00:14:29.727048
The output_tag for this run is: hubble_sim_r250_2014_04_07_00:14

CRUDE LIGHT CURVE PARAMETERS
----------------------------
parameter lc1   	lc2
----------------------------
sigma     +0.44 	+0.88
tau       +0.20 	+0.06
avg_mag   +19.02 	+19.25


BEGINNING LIGHT CURVE PARAMETER OPTIMIZATION

Optimization terminated successfully.
         Current function value: -563.981222
         Iterations: 120
         Function evaluations: 218
Optimization terminated successfully.
         Current function value: -558.736760
         Iterations: 146
         Function evaluations: 254

OPTIMIZED LIGHT CURVE PARAMETERS
--------------------------------
parameter lc1   	lc2
--------------------------------
sigma     +0.05 	+0.06
tau       +2.56 	+9.40
avg_mag   +19.00 	+19.24


Process Started on 2014-04-07 00:14:29.727048
It is now          2014-04-07 00:14:32.692744

time series is 5.01 days long
with  216 data points
The most common sample time distance is 0.01 days within the range of [0.01,0.02] days

1% done
10% done
25% done
50% done
75% done
DONE

Process Started on 2014-04-07 00:14:29.727048
It is now          2014-04-07 00:14:33.721269

BEST DELAY=1.09739e+00

INITIAL PARAMETERS (average of lc1 and lc2)
-------------------------------------------
delay      = 1.10
delta_mag  = 0.24
avg_mag    = 19.00
tau        = 5.98
sigma      = 0.06

Optimization terminated successfully.
         Current function value: -1121.568289
         Iterations: 136
         Function evaluations: 242

INITIAL PARAMETERS (optimization of merged light curve)
-------------------------------------------------------
delay      = 1.10
delta_mag  = 0.24
avg_mag    = 18.96
tau        = 6.59
sigma      = 0.05


-------------
RUNNING EMCEE
-------------

pos
sampler
Process Started on 2014-04-07 00:14:29.727048
It is currently    2014-04-07 00:14:38.439373
burn-in sampler.run_mcmc
	Mean acceptance fraction: 0.585
	Errors based on 16th, 50th, and 84th percentile
	Param     	MC_rec	err_up	err_low
	delay     	1.35e+00	+1.42e-01	-1.66e-01
	delta_mag 	2.88e-01	+1.21e-02	-1.22e-02
	sigma     	5.73e-02	+8.11e-03	-8.08e-03
	tau       	6.48e+00	+1.32e+00	-9.33e-01
	avg_mag   	1.89e+01	+5.74e-02	-7.30e-02
Process Started on 2014-04-07 00:14:29.727048
It is currently    2014-04-07 00:17:07.520036
sampler.run_mcmc
Process Started on 2014-04-07 00:14:29.727048
It is currently    2014-04-07 00:34:38.463613
sampler.chain
90000
Mean acceptance fraction: 0.516
Errors based on 16th, 50th, and 84th percentile
Param     	MC_rec	err_up	err_low
delay     	1.48e+00	+9.46e-02	-9.89e-02
delta_mag 	2.96e-01	+9.47e-03	-9.19e-03
sigma     	5.64e-02	+7.80e-03	-6.65e-03
tau       	2.69e+01	+2.45e+01	-1.71e+01
avg_mag   	1.89e+01	+1.23e-01	-1.39e-01
Process Started on 2014-04-07 00:14:29.727048
It is currently    2014-04-07 00:34:44.991296
