
SIMULATION PARAMETERS
Namespace(avg_mag=19.0, delay=1.5, delta_mag=0.3, numorbits=80, outputtag='hubble_sim_r286', photometricerror=0.1, redshift=0.658, sigma=0.07, tau=121.0)

Process Started on 2014-04-07 00:52:40.402204
The output_tag for this run is: hubble_sim_r286_2014_04_07_00:52

CRUDE LIGHT CURVE PARAMETERS
----------------------------
parameter lc1   	lc2
----------------------------
sigma     +0.61 	+0.38
tau       +0.02 	+0.17
avg_mag   +18.97 	+19.25


BEGINNING LIGHT CURVE PARAMETER OPTIMIZATION

Optimization terminated successfully.
         Current function value: -529.300376
         Iterations: 264
         Function evaluations: 469
Optimization terminated successfully.
         Current function value: -531.035294
         Iterations: 99
         Function evaluations: 169

OPTIMIZED LIGHT CURVE PARAMETERS
--------------------------------
parameter lc1   	lc2
--------------------------------
sigma     +0.08 	+0.08
tau       +0.69 	+0.54
avg_mag   +18.97 	+19.25


Process Started on 2014-04-07 00:52:40.402204
It is now          2014-04-07 00:52:44.351114

time series is 5.01 days long
with  207 data points
The most common sample time distance is 0.01 days within the range of [0.01,0.01] days

1% done
10% done
25% done
50% done
75% done
DONE

Process Started on 2014-04-07 00:52:40.402204
It is now          2014-04-07 00:52:45.377015

BEST DELAY=1.49538e+00

INITIAL PARAMETERS (average of lc1 and lc2)
-------------------------------------------
delay      = 1.50
delta_mag  = 0.28
avg_mag    = 18.97
tau        = 0.62
sigma      = 0.08

Optimization terminated successfully.
         Current function value: -1077.955961
         Iterations: 186
         Function evaluations: 336

INITIAL PARAMETERS (optimization of merged light curve)
-------------------------------------------------------
delay      = 1.50
delta_mag  = 0.28
avg_mag    = 18.97
tau        = 0.66
sigma      = 0.08


-------------
RUNNING EMCEE
-------------

pos
sampler
Process Started on 2014-04-07 00:52:40.402204
It is currently    2014-04-07 00:52:51.210406
burn-in sampler.run_mcmc
	Mean acceptance fraction: 0.578
	Errors based on 16th, 50th, and 84th percentile
	Param     	MC_rec	err_up	err_low
	delay     	1.50e+00	+4.21e-02	-4.50e-02
	delta_mag 	2.96e-01	+9.28e-03	-9.14e-03
	sigma     	8.15e-02	+9.92e-03	-1.01e-02
	tau       	6.69e-01	+1.46e-01	-1.08e-01
	avg_mag   	1.90e+01	+1.66e-02	-1.92e-02
Process Started on 2014-04-07 00:52:40.402204
It is currently    2014-04-07 00:55:00.878028
sampler.run_mcmc
Process Started on 2014-04-07 00:52:40.402204
It is currently    2014-04-07 01:11:52.915939
sampler.chain
90000
Mean acceptance fraction: 0.508
Errors based on 16th, 50th, and 84th percentile
Param     	MC_rec	err_up	err_low
delay     	1.50e+00	+4.22e-02	-4.27e-02
delta_mag 	2.98e-01	+8.48e-03	-8.00e-03
sigma     	7.62e-02	+1.06e-02	-9.32e-03
tau       	1.29e+00	+1.91e+00	-5.79e-01
avg_mag   	1.90e+01	+2.59e-02	-2.64e-02
Process Started on 2014-04-07 00:52:40.402204
It is currently    2014-04-07 01:11:59.523968
