
SIMULATION PARAMETERS
Namespace(avg_mag=19.0, delay=1.5, delta_mag=0.3, numorbits=80, outputtag='hubble_sim_r161', photometricerror=0.05, redshift=0.658, sigma=0.07, tau=121.0)

Process Started on 2014-04-06 22:38:59.145597
The output_tag for this run is: hubble_sim_r161_2014_04_06_22:38

CRUDE LIGHT CURVE PARAMETERS
----------------------------
parameter lc1   	lc2
----------------------------
sigma     +0.58 	+0.45
tau       +0.02 	+0.10
avg_mag   +19.02 	+19.32


BEGINNING LIGHT CURVE PARAMETER OPTIMIZATION

Optimization terminated successfully.
         Current function value: -824.840337
         Iterations: 160
         Function evaluations: 286
Optimization terminated successfully.
         Current function value: -813.869989
         Iterations: 113
         Function evaluations: 202

OPTIMIZED LIGHT CURVE PARAMETERS
--------------------------------
parameter lc1   	lc2
--------------------------------
sigma     +0.05 	+0.06
tau       +2.71 	+1.63
avg_mag   +19.00 	+19.31


Process Started on 2014-04-06 22:38:59.145597
It is now          2014-04-06 22:39:02.197850

time series is 5.00 days long
with  212 data points
The most common sample time distance is 0.01 days within the range of [0.01,0.01] days

1% done
10% done
25% done
50% done
75% done
DONE

Process Started on 2014-04-06 22:38:59.145597
It is now          2014-04-06 22:39:03.230551

BEST DELAY=1.49992e+00

INITIAL PARAMETERS (average of lc1 and lc2)
-------------------------------------------
delay      = 1.50
delta_mag  = 0.32
avg_mag    = 19.00
tau        = 2.17
sigma      = 0.05

Optimization terminated successfully.
         Current function value: -1656.345605
         Iterations: 100
         Function evaluations: 178

INITIAL PARAMETERS (optimization of merged light curve)
-------------------------------------------------------
delay      = 1.50
delta_mag  = 0.32
avg_mag    = 19.00
tau        = 1.82
sigma      = 0.05


-------------
RUNNING EMCEE
-------------

pos
sampler
Process Started on 2014-04-06 22:38:59.145597
It is currently    2014-04-06 22:39:07.307473
burn-in sampler.run_mcmc
	Mean acceptance fraction: 0.580
	Errors based on 16th, 50th, and 84th percentile
	Param     	MC_rec	err_up	err_low
	delay     	1.50e+00	+2.96e-02	-3.10e-02
	delta_mag 	3.01e-01	+4.28e-03	-4.55e-03
	sigma     	5.04e-02	+5.50e-03	-5.77e-03
	tau       	1.89e+00	+3.90e-01	-3.03e-01
	avg_mag   	1.90e+01	+2.59e-02	-2.67e-02
Process Started on 2014-04-06 22:38:59.145597
It is currently    2014-04-06 22:41:29.221626
sampler.run_mcmc
Process Started on 2014-04-06 22:38:59.145597
It is currently    2014-04-06 22:58:57.471430
sampler.chain
90000
Mean acceptance fraction: 0.507
Errors based on 16th, 50th, and 84th percentile
Param     	MC_rec	err_up	err_low
delay     	1.50e+00	+3.59e-02	-3.63e-02
delta_mag 	3.00e-01	+3.98e-03	-4.12e-03
sigma     	4.86e-02	+5.29e-03	-4.88e-03
tau       	4.97e+00	+7.26e+00	-2.86e+00
avg_mag   	1.90e+01	+4.23e-02	-4.37e-02
Process Started on 2014-04-06 22:38:59.145597
It is currently    2014-04-06 22:59:05.764070
