
SIMULATION PARAMETERS
Namespace(avg_mag=19.0, delay=1.5, delta_mag=0.3, numorbits=40, outputtag='hubble_sim_r1190', photometricerror=0.05, redshift=0.658, sigma=0.07, tau=121.0)

Process Started on 2014-04-07 04:18:21.913207
The output_tag for this run is: hubble_sim_r1190_2014_04_07_04:18

CRUDE LIGHT CURVE PARAMETERS
----------------------------
parameter lc1   	lc2
----------------------------
sigma     +0.25 	+0.55
tau       +0.10 	+0.03
avg_mag   +18.82 	+19.17


BEGINNING LIGHT CURVE PARAMETER OPTIMIZATION

Optimization terminated successfully.
         Current function value: -435.512870
         Iterations: 107
         Function evaluations: 184
Optimization terminated successfully.
         Current function value: -423.268050
         Iterations: 136
         Function evaluations: 242

OPTIMIZED LIGHT CURVE PARAMETERS
--------------------------------
parameter lc1   	lc2
--------------------------------
sigma     +0.05 	+0.07
tau       +0.71 	+2.89
avg_mag   +18.83 	+19.19


Process Started on 2014-04-07 04:18:21.913207
It is now          2014-04-07 04:18:22.766949

time series is 2.51 days long
with  112 data points
The most common sample time distance is 0.01 days within the range of [0.02,0.01] days

1% done
10% done
25% done
50% done
75% done
DONE

Process Started on 2014-04-07 04:18:21.913207
It is now          2014-04-07 04:18:23.102604

BEST DELAY=4.45611e-01

INITIAL PARAMETERS (average of lc1 and lc2)
-------------------------------------------
delay      = 0.45
delta_mag  = 0.35
avg_mag    = 18.83
tau        = 1.80
sigma      = 0.06

Optimization terminated successfully.
         Current function value: -852.923578
         Iterations: 127
         Function evaluations: 225

INITIAL PARAMETERS (optimization of merged light curve)
-------------------------------------------------------
delay      = 0.45
delta_mag  = 0.35
avg_mag    = 18.86
tau        = 1.71
sigma      = 0.06


-------------
RUNNING EMCEE
-------------

pos
sampler
Process Started on 2014-04-07 04:18:21.913207
It is currently    2014-04-07 04:18:25.025594
burn-in sampler.run_mcmc
	Mean acceptance fraction: 0.574
	Errors based on 16th, 50th, and 84th percentile
	Param     	MC_rec	err_up	err_low
	delay     	5.19e-01	+1.18e-01	-6.78e-02
	delta_mag 	3.33e-01	+7.03e-03	-7.50e-03
	sigma     	6.04e-02	+9.59e-03	-9.08e-03
	tau       	1.79e+00	+5.99e-01	-2.89e-01
	avg_mag   	1.89e+01	+3.31e-02	-2.51e-02
Process Started on 2014-04-07 04:18:21.913207
It is currently    2014-04-07 04:19:12.274638
sampler.run_mcmc
Process Started on 2014-04-07 04:18:21.913207
It is currently    2014-04-07 04:25:18.840135
sampler.chain
90000
Mean acceptance fraction: 0.488
Errors based on 16th, 50th, and 84th percentile
Param     	MC_rec	err_up	err_low
delay     	1.48e+00	+7.74e-02	-1.34e-01
delta_mag 	3.02e-01	+1.16e-02	-9.11e-03
sigma     	5.72e-02	+7.96e-03	-7.10e-03
tau       	7.59e+00	+6.06e+00	-4.36e+00
avg_mag   	1.89e+01	+7.35e-02	-6.12e-02
Process Started on 2014-04-07 04:18:21.913207
It is currently    2014-04-07 04:25:25.335941
