
SIMULATION PARAMETERS
Namespace(avg_mag=19.0, delay=1.5, delta_mag=0.3, numorbits=40, outputtag='hubble_sim_r1119', photometricerror=0.05, redshift=0.658, sigma=0.07, tau=121.0)

Process Started on 2014-04-07 03:07:06.542392
The output_tag for this run is: hubble_sim_r1119_2014_04_07_03:07

CRUDE LIGHT CURVE PARAMETERS
----------------------------
parameter lc1   	lc2
----------------------------
sigma     +0.20 	+0.19
tau       +0.08 	+0.15
avg_mag   +19.03 	+19.32


BEGINNING LIGHT CURVE PARAMETER OPTIMIZATION

Optimization terminated successfully.
         Current function value: -418.235921
         Iterations: 98
         Function evaluations: 178
Optimization terminated successfully.
         Current function value: -417.869076
         Iterations: 106
         Function evaluations: 193

OPTIMIZED LIGHT CURVE PARAMETERS
--------------------------------
parameter lc1   	lc2
--------------------------------
sigma     +0.03 	+0.04
tau       +0.65 	+0.66
avg_mag   +19.03 	+19.33


Process Started on 2014-04-07 03:07:06.542392
It is now          2014-04-07 03:07:07.196443

time series is 2.50 days long
with  106 data points
The most common sample time distance is 0.01 days within the range of [0.02,0.01] days

1% done
10% done
25% done
50% done
75% done
DONE

Process Started on 2014-04-07 03:07:06.542392
It is now          2014-04-07 03:07:07.502622

BEST DELAY=1.24798e+00

INITIAL PARAMETERS (average of lc1 and lc2)
-------------------------------------------
delay      = 1.25
delta_mag  = 0.30
avg_mag    = 19.03
tau        = 0.65
sigma      = 0.03

Optimization terminated successfully.
         Current function value: -839.324531
         Iterations: 98
         Function evaluations: 178

INITIAL PARAMETERS (optimization of merged light curve)
-------------------------------------------------------
delay      = 1.25
delta_mag  = 0.30
avg_mag    = 19.03
tau        = 0.61
sigma      = 0.03


-------------
RUNNING EMCEE
-------------

pos
sampler
Process Started on 2014-04-07 03:07:06.542392
It is currently    2014-04-07 03:07:09.156469
burn-in sampler.run_mcmc
	Mean acceptance fraction: 0.578
	Errors based on 16th, 50th, and 84th percentile
	Param     	MC_rec	err_up	err_low
	delay     	1.34e+00	+1.58e-01	-1.12e-01
	delta_mag 	2.94e-01	+9.18e-03	-7.77e-03
	sigma     	3.39e-02	+8.42e-03	-6.81e-03
	tau       	7.15e-01	+3.36e-01	-2.09e-01
	avg_mag   	1.90e+01	+8.71e-03	-8.90e-03
Process Started on 2014-04-07 03:07:06.542392
It is currently    2014-04-07 03:07:52.859414
sampler.run_mcmc
Process Started on 2014-04-07 03:07:06.542392
It is currently    2014-04-07 03:13:47.067334
sampler.chain
90000
Mean acceptance fraction: 0.508
Errors based on 16th, 50th, and 84th percentile
Param     	MC_rec	err_up	err_low
delay     	1.51e+00	+1.67e-01	-1.36e-01
delta_mag 	2.99e-01	+1.06e-02	-8.94e-03
sigma     	3.20e-02	+7.26e-03	-5.68e-03
tau       	1.67e+00	+2.17e+00	-9.07e-01
avg_mag   	1.90e+01	+1.39e-02	-1.70e-02
Process Started on 2014-04-07 03:07:06.542392
It is currently    2014-04-07 03:13:53.147218
