
SIMULATION PARAMETERS
Namespace(avg_mag=19.0, delay=1.5, delta_mag=0.3, numorbits=40, outputtag='hubble_sim_r1220', photometricerror=0.1, redshift=0.658, sigma=0.07, tau=121.0)

Process Started on 2014-04-07 04:48:27.924080
The output_tag for this run is: hubble_sim_r1220_2014_04_07_04:48

CRUDE LIGHT CURVE PARAMETERS
----------------------------
parameter lc1   	lc2
----------------------------
sigma     +0.45 	+0.68
tau       +0.02 	+0.01
avg_mag   +19.22 	+19.52


BEGINNING LIGHT CURVE PARAMETER OPTIMIZATION

Optimization terminated successfully.
         Current function value: -273.969418
         Iterations: 52
         Function evaluations: 102
Optimization terminated successfully.
         Current function value: -267.122113
         Iterations: 56
         Function evaluations: 107

OPTIMIZED LIGHT CURVE PARAMETERS
--------------------------------
parameter lc1   	lc2
--------------------------------
sigma     +0.00 	+0.00
tau       +0.02 	+0.01
avg_mag   +19.22 	+19.52


Process Started on 2014-04-07 04:48:27.924080
It is now          2014-04-07 04:48:28.294362

time series is 2.52 days long
with  105 data points
The most common sample time distance is 0.01 days within the range of [0.02,0.01] days

1% done
10% done
25% done
50% done
75% done
DONE

Process Started on 2014-04-07 04:48:27.924080
It is now          2014-04-07 04:48:28.612923

BEST DELAY=-2.58403e-01

INITIAL PARAMETERS (average of lc1 and lc2)
-------------------------------------------
delay      = -0.26
delta_mag  = 0.30
avg_mag    = 19.22
tau        = 0.02
sigma      = 0.00

Optimization terminated successfully.
         Current function value: -541.091528
         Iterations: 53
         Function evaluations: 101

INITIAL PARAMETERS (optimization of merged light curve)
-------------------------------------------------------
delay      = -0.26
delta_mag  = 0.30
avg_mag    = 19.22
tau        = 0.03
sigma      = 0.00


-------------
RUNNING EMCEE
-------------

pos
sampler
Process Started on 2014-04-07 04:48:27.924080
It is currently    2014-04-07 04:48:30.119668
burn-in sampler.run_mcmc
	Mean acceptance fraction: 0.466
	Errors based on 16th, 50th, and 84th percentile
	Param     	MC_rec	err_up	err_low
	delay     	-2.57e-01	+5.63e-02	-6.96e-02
	delta_mag 	3.02e-01	+1.19e-02	-1.01e-02
	sigma     	5.60e-04	+3.83e-04	-4.22e-04
	tau       	2.74e-02	+4.31e-02	-1.83e-02
	avg_mag   	1.92e+01	+7.18e-03	-6.74e-03
Process Started on 2014-04-07 04:48:27.924080
It is currently    2014-04-07 04:49:03.772675
sampler.run_mcmc
Process Started on 2014-04-07 04:48:27.924080
It is currently    2014-04-07 04:53:25.404318
sampler.chain
90000
Mean acceptance fraction: 0.414
Errors based on 16th, 50th, and 84th percentile
Param     	MC_rec	err_up	err_low
delay     	-3.15e-01	+8.56e-01	-8.03e-01
delta_mag 	3.02e-01	+9.71e-03	-1.01e-02
sigma     	5.42e-04	+3.85e-04	-3.74e-04
tau       	1.17e-01	+9.08e-02	-7.93e-02
avg_mag   	1.92e+01	+6.91e-03	-7.02e-03
Process Started on 2014-04-07 04:48:27.924080
It is currently    2014-04-07 04:53:31.830660
