
SIMULATION PARAMETERS
Namespace(avg_mag=19.0, delay=1.5, delta_mag=0.3, numorbits=80, outputtag='hubble_sim_r96', photometricerror=0.02, redshift=0.658, sigma=0.07, tau=121.0)

Process Started on 2014-04-06 21:25:55.576533
The output_tag for this run is: hubble_sim_r96_2014_04_06_21:25

CRUDE LIGHT CURVE PARAMETERS
----------------------------
parameter lc1   	lc2
----------------------------
sigma     +1.12 	+0.61
tau       +0.01 	+0.05
avg_mag   +18.78 	+19.02


BEGINNING LIGHT CURVE PARAMETER OPTIMIZATION

Optimization terminated successfully.
         Current function value: -1101.890430
         Iterations: 156
         Function evaluations: 283
Optimization terminated successfully.
         Current function value: -1111.657648
         Iterations: 156
         Function evaluations: 277

OPTIMIZED LIGHT CURVE PARAMETERS
--------------------------------
parameter lc1   	lc2
--------------------------------
sigma     +0.06 	+0.05
tau       +8.92 	+5.43
avg_mag   +18.75 	+19.06


Process Started on 2014-04-06 21:25:55.576533
It is now          2014-04-06 21:25:59.117433

time series is 5.01 days long
with  213 data points
The most common sample time distance is 0.01 days within the range of [0.01,0.01] days

1% done
10% done
25% done
50% done
75% done
DONE

Process Started on 2014-04-06 21:25:55.576533
It is now          2014-04-06 21:26:00.155982

BEST DELAY=1.49620e+00

INITIAL PARAMETERS (average of lc1 and lc2)
-------------------------------------------
delay      = 1.50
delta_mag  = 0.31
avg_mag    = 18.75
tau        = 7.18
sigma      = 0.05

Optimization terminated successfully.
         Current function value: -2264.519510
         Iterations: 141
         Function evaluations: 251

INITIAL PARAMETERS (optimization of merged light curve)
-------------------------------------------------------
delay      = 1.50
delta_mag  = 0.31
avg_mag    = 18.77
tau        = 6.32
sigma      = 0.05


-------------
RUNNING EMCEE
-------------

pos
sampler
Process Started on 2014-04-06 21:25:55.576533
It is currently    2014-04-06 21:26:05.400422
burn-in sampler.run_mcmc
	Mean acceptance fraction: 0.570
	Errors based on 16th, 50th, and 84th percentile
	Param     	MC_rec	err_up	err_low
	delay     	1.50e+00	+7.42e-03	-7.29e-03
	delta_mag 	3.00e-01	+2.18e-03	-2.05e-03
	sigma     	5.42e-02	+4.14e-03	-3.65e-03
	tau       	6.32e+00	+1.27e-01	-1.54e-01
	avg_mag   	1.88e+01	+5.31e-02	-4.68e-02
Process Started on 2014-04-06 21:25:55.576533
It is currently    2014-04-06 21:28:15.503720
sampler.run_mcmc
Process Started on 2014-04-06 21:25:55.576533
It is currently    2014-04-06 21:47:51.265121
sampler.chain
90000
Mean acceptance fraction: 0.514
Errors based on 16th, 50th, and 84th percentile
Param     	MC_rec	err_up	err_low
delay     	1.50e+00	+5.80e-03	-5.84e-03
delta_mag 	3.00e-01	+1.74e-03	-1.70e-03
sigma     	5.42e-02	+3.77e-03	-3.39e-03
tau       	2.49e+01	+2.31e+01	-1.64e+01
avg_mag   	1.88e+01	+1.23e-01	-1.14e-01
Process Started on 2014-04-06 21:25:55.576533
It is currently    2014-04-06 21:47:57.682820
