
SIMULATION PARAMETERS
Namespace(avg_mag=19.0, delay=1.5, delta_mag=0.3, numorbits=80, outputtag='hubble_sim_r25', photometricerror=0.02, redshift=0.658, sigma=0.07, tau=121.0)

Process Started on 2014-04-06 20:14:36.025950
The output_tag for this run is: hubble_sim_r25_2014_04_06_20:14

CRUDE LIGHT CURVE PARAMETERS
----------------------------
parameter lc1   	lc2
----------------------------
sigma     +0.18 	+0.37
tau       +0.75 	+0.04
avg_mag   +19.45 	+19.73


BEGINNING LIGHT CURVE PARAMETER OPTIMIZATION

Optimization terminated successfully.
         Current function value: -1202.835765
         Iterations: 96
         Function evaluations: 177
Optimization terminated successfully.
         Current function value: -1189.858634
         Iterations: 140
         Function evaluations: 252

OPTIMIZED LIGHT CURVE PARAMETERS
--------------------------------
parameter lc1   	lc2
--------------------------------
sigma     +0.04 	+0.04
tau       +1.05 	+7.52
avg_mag   +19.44 	+19.71


Process Started on 2014-04-06 20:14:36.025950
It is now          2014-04-06 20:14:38.849349

time series is 5.01 days long
with  222 data points
The most common sample time distance is 0.01 days within the range of [0.01,0.01] days

1% done
10% done
25% done
50% done
75% done
DONE

Process Started on 2014-04-06 20:14:36.025950
It is now          2014-04-06 20:14:39.919063

BEST DELAY=1.49574e+00

INITIAL PARAMETERS (average of lc1 and lc2)
-------------------------------------------
delay      = 1.50
delta_mag  = 0.27
avg_mag    = 19.44
tau        = 4.28
sigma      = 0.04

Optimization terminated successfully.
         Current function value: -2307.239888
         Iterations: 121
         Function evaluations: 215

INITIAL PARAMETERS (optimization of merged light curve)
-------------------------------------------------------
delay      = 1.50
delta_mag  = 0.27
avg_mag    = 19.42
tau        = 2.83
sigma      = 0.04


-------------
RUNNING EMCEE
-------------

pos
sampler
Process Started on 2014-04-06 20:14:36.025950
It is currently    2014-04-06 20:14:44.648307
burn-in sampler.run_mcmc
	Mean acceptance fraction: 0.535
	Errors based on 16th, 50th, and 84th percentile
	Param     	MC_rec	err_up	err_low
	delay     	1.50e+00	+1.09e-02	-1.11e-02
	delta_mag 	2.98e-01	+2.03e-03	-2.65e-03
	sigma     	3.76e-02	+3.99e-03	-3.55e-03
	tau       	2.83e+00	+5.95e-02	-3.96e-02
	avg_mag   	1.94e+01	+1.99e-02	-2.26e-02
Process Started on 2014-04-06 20:14:36.025950
It is currently    2014-04-06 20:17:12.657721
sampler.run_mcmc
Process Started on 2014-04-06 20:14:36.025950
It is currently    2014-04-06 20:35:09.928602
sampler.chain
90000
Mean acceptance fraction: 0.517
Errors based on 16th, 50th, and 84th percentile
Param     	MC_rec	err_up	err_low
delay     	1.50e+00	+8.59e-03	-8.54e-03
delta_mag 	2.99e-01	+1.66e-03	-1.53e-03
sigma     	3.68e-02	+3.21e-03	-2.95e-03
tau       	1.09e+01	+1.06e+01	-6.50e+00
avg_mag   	1.94e+01	+4.75e-02	-5.89e-02
Process Started on 2014-04-06 20:14:36.025950
It is currently    2014-04-06 20:35:16.511264
