
SIMULATION PARAMETERS
Namespace(avg_mag=19.0, delay=1.5, delta_mag=0.3, numorbits=80, outputtag='hubble_sim_r56', photometricerror=0.02, redshift=0.658, sigma=0.07, tau=121.0)

Process Started on 2014-04-06 20:40:11.091709
The output_tag for this run is: hubble_sim_r56_2014_04_06_20:40

CRUDE LIGHT CURVE PARAMETERS
----------------------------
parameter lc1   	lc2
----------------------------
sigma     +0.51 	+0.44
tau       +0.02 	+0.01
avg_mag   +18.28 	+18.61


BEGINNING LIGHT CURVE PARAMETER OPTIMIZATION

Optimization terminated successfully.
         Current function value: -1158.136721
         Iterations: 134
         Function evaluations: 231
Optimization terminated successfully.
         Current function value: -1162.750522
         Iterations: 126
         Function evaluations: 226

OPTIMIZED LIGHT CURVE PARAMETERS
--------------------------------
parameter lc1   	lc2
--------------------------------
sigma     +0.05 	+0.05
tau       +2.57 	+1.33
avg_mag   +18.30 	+18.59


Process Started on 2014-04-06 20:40:11.091709
It is now          2014-04-06 20:40:14.065233

time series is 5.01 days long
with  220 data points
The most common sample time distance is 0.01 days within the range of [0.01,0.01] days

1% done
10% done
25% done
50% done
75% done
DONE

Process Started on 2014-04-06 20:40:11.091709
It is now          2014-04-06 20:40:15.154331

BEST DELAY=1.49309e+00

INITIAL PARAMETERS (average of lc1 and lc2)
-------------------------------------------
delay      = 1.49
delta_mag  = 0.29
avg_mag    = 18.30
tau        = 1.95
sigma      = 0.05

Optimization terminated successfully.
         Current function value: -2376.221531
         Iterations: 101
         Function evaluations: 182

INITIAL PARAMETERS (optimization of merged light curve)
-------------------------------------------------------
delay      = 1.49
delta_mag  = 0.29
avg_mag    = 18.29
tau        = 1.67
sigma      = 0.05


-------------
RUNNING EMCEE
-------------

pos
sampler
Process Started on 2014-04-06 20:40:11.091709
It is currently    2014-04-06 20:40:19.632562
burn-in sampler.run_mcmc
	Mean acceptance fraction: 0.583
	Errors based on 16th, 50th, and 84th percentile
	Param     	MC_rec	err_up	err_low
	delay     	1.50e+00	+6.51e-03	-7.40e-03
	delta_mag 	2.99e-01	+1.83e-03	-1.83e-03
	sigma     	4.86e-02	+3.59e-03	-3.54e-03
	tau       	1.68e+00	+5.39e-02	-4.39e-02
	avg_mag   	1.83e+01	+2.04e-02	-1.82e-02
Process Started on 2014-04-06 20:40:11.091709
It is currently    2014-04-06 20:42:53.708234
sampler.run_mcmc
Process Started on 2014-04-06 20:40:11.091709
It is currently    2014-04-06 21:01:43.018671
sampler.chain
90000
Mean acceptance fraction: 0.504
Errors based on 16th, 50th, and 84th percentile
Param     	MC_rec	err_up	err_low
delay     	1.50e+00	+6.30e-03	-6.08e-03
delta_mag 	3.00e-01	+1.60e-03	-1.61e-03
sigma     	4.79e-02	+3.39e-03	-3.25e-03
tau       	4.40e+00	+6.79e+00	-2.53e+00
avg_mag   	1.83e+01	+3.68e-02	-4.02e-02
Process Started on 2014-04-06 20:40:11.091709
It is currently    2014-04-06 21:01:53.316988
