
SIMULATION PARAMETERS
Namespace(avg_mag=19.0, delay=1.5, delta_mag=0.3, numorbits=80, outputtag='hubble_sim_r221', photometricerror=0.1, redshift=0.658, sigma=0.07, tau=121.0)

Process Started on 2014-04-06 23:43:19.991495
The output_tag for this run is: hubble_sim_r221_2014_04_06_23:43

CRUDE LIGHT CURVE PARAMETERS
----------------------------
parameter lc1   	lc2
----------------------------
sigma     +0.27 	+0.51
tau       +0.05 	+0.10
avg_mag   +17.90 	+18.17


BEGINNING LIGHT CURVE PARAMETER OPTIMIZATION

Optimization terminated successfully.
         Current function value: -595.243182
         Iterations: 49
         Function evaluations: 95
Optimization terminated successfully.
         Current function value: -582.489305
         Iterations: 121
         Function evaluations: 211

OPTIMIZED LIGHT CURVE PARAMETERS
--------------------------------
parameter lc1   	lc2
--------------------------------
sigma     +0.00 	+0.05
tau       +0.07 	+3.37
avg_mag   +17.90 	+18.13


Process Started on 2014-04-06 23:43:19.991495
It is now          2014-04-06 23:43:22.029525

time series is 5.01 days long
with  223 data points
The most common sample time distance is 0.01 days within the range of [0.01,0.01] days

1% done
10% done
25% done
50% done
75% done
DONE

Process Started on 2014-04-06 23:43:19.991495
It is now          2014-04-06 23:43:23.118783

BEST DELAY=2.49399e+00

INITIAL PARAMETERS (average of lc1 and lc2)
-------------------------------------------
delay      = 2.49
delta_mag  = 0.23
avg_mag    = 17.90
tau        = 1.72
sigma      = 0.03

Optimization terminated successfully.
         Current function value: -1159.171638
         Iterations: 129
         Function evaluations: 222

INITIAL PARAMETERS (optimization of merged light curve)
-------------------------------------------------------
delay      = 2.49
delta_mag  = 0.23
avg_mag    = 17.89
tau        = 2.64
sigma      = 0.05


-------------
RUNNING EMCEE
-------------

pos
sampler
Process Started on 2014-04-06 23:43:19.991495
It is currently    2014-04-06 23:43:28.030346
burn-in sampler.run_mcmc
	Mean acceptance fraction: 0.564
	Errors based on 16th, 50th, and 84th percentile
	Param     	MC_rec	err_up	err_low
	delay     	2.44e+00	+5.23e-01	-6.81e-01
	delta_mag 	2.79e-01	+1.49e-02	-1.46e-02
	sigma     	4.85e-02	+1.12e-02	-8.90e-03
	tau       	2.63e+00	+5.37e-01	-4.47e-01
	avg_mag   	1.79e+01	+3.33e-02	-3.25e-02
Process Started on 2014-04-06 23:43:19.991495
It is currently    2014-04-06 23:46:01.221749
sampler.run_mcmc
Process Started on 2014-04-06 23:43:19.991495
It is currently    2014-04-07 00:05:47.636054
sampler.chain
90000
Mean acceptance fraction: 0.501
Errors based on 16th, 50th, and 84th percentile
Param     	MC_rec	err_up	err_low
delay     	1.54e+00	+1.29e-01	-9.98e-02
delta_mag 	2.93e-01	+8.15e-03	-8.38e-03
sigma     	4.75e-02	+7.55e-03	-6.52e-03
tau       	1.08e+01	+9.54e+00	-6.52e+00
avg_mag   	1.78e+01	+5.89e-02	-7.48e-02
Process Started on 2014-04-06 23:43:19.991495
It is currently    2014-04-07 00:05:58.197885
