
SIMULATION PARAMETERS
Namespace(avg_mag=19.0, delay=1.5, delta_mag=0.3, numorbits=80, outputtag='hubble_sim_r185', photometricerror=0.05, redshift=0.658, sigma=0.07, tau=121.0)

Process Started on 2014-04-06 23:05:07.719634
The output_tag for this run is: hubble_sim_r185_2014_04_06_23:05

CRUDE LIGHT CURVE PARAMETERS
----------------------------
parameter lc1   	lc2
----------------------------
sigma     +0.45 	+1.78
tau       +0.01 	+0.00
avg_mag   +18.25 	+18.58


BEGINNING LIGHT CURVE PARAMETER OPTIMIZATION

Optimization terminated successfully.
         Current function value: -807.149035
         Iterations: 64
         Function evaluations: 114
Optimization terminated successfully.
         Current function value: -805.183412
         Iterations: 68
         Function evaluations: 121

OPTIMIZED LIGHT CURVE PARAMETERS
--------------------------------
parameter lc1   	lc2
--------------------------------
sigma     +0.00 	+0.00
tau       +0.02 	+0.00
avg_mag   +18.25 	+18.58


Process Started on 2014-04-06 23:05:07.719634
It is now          2014-04-06 23:05:09.265021

time series is 5.00 days long
with  221 data points
The most common sample time distance is 0.01 days within the range of [0.01,0.02] days

1% done
10% done
25% done
50% done
75% done
DONE

Process Started on 2014-04-06 23:05:07.719634
It is now          2014-04-06 23:05:10.355482

BEST DELAY=1.49864e+00

INITIAL PARAMETERS (average of lc1 and lc2)
-------------------------------------------
delay      = 1.50
delta_mag  = 0.32
avg_mag    = 18.25
tau        = 0.01
sigma      = 0.00

Optimization terminated successfully.
         Current function value: -1737.488561
         Iterations: 114
         Function evaluations: 207

INITIAL PARAMETERS (optimization of merged light curve)
-------------------------------------------------------
delay      = 1.50
delta_mag  = 0.32
avg_mag    = 18.25
tau        = 1.29
sigma      = 0.04


-------------
RUNNING EMCEE
-------------

pos
sampler
Process Started on 2014-04-06 23:05:07.719634
It is currently    2014-04-06 23:05:14.887544
burn-in sampler.run_mcmc
	Mean acceptance fraction: 0.579
	Errors based on 16th, 50th, and 84th percentile
	Param     	MC_rec	err_up	err_low
	delay     	1.49e+00	+4.77e-02	-4.67e-02
	delta_mag 	3.02e-01	+5.39e-03	-4.65e-03
	sigma     	4.12e-02	+4.83e-03	-5.19e-03
	tau       	1.30e+00	+1.90e-01	-1.35e-01
	avg_mag   	1.83e+01	+1.49e-02	-1.47e-02
Process Started on 2014-04-06 23:05:07.719634
It is currently    2014-04-06 23:07:47.538174
sampler.run_mcmc
Process Started on 2014-04-06 23:05:07.719634
It is currently    2014-04-06 23:28:08.511653
sampler.chain
90000
Mean acceptance fraction: 0.512
Errors based on 16th, 50th, and 84th percentile
Param     	MC_rec	err_up	err_low
delay     	1.49e+00	+4.51e-02	-4.69e-02
delta_mag 	3.01e-01	+4.13e-03	-4.03e-03
sigma     	3.74e-02	+5.13e-03	-4.61e-03
tau       	4.94e+00	+4.91e+00	-2.79e+00
avg_mag   	1.83e+01	+2.94e-02	-3.17e-02
Process Started on 2014-04-06 23:05:07.719634
It is currently    2014-04-06 23:28:19.316609
