
SIMULATION PARAMETERS
Namespace(avg_mag=19.0, delay=1.5, delta_mag=0.3, numorbits=40, outputtag='hubble_sim_r1095', photometricerror=0.02, redshift=0.658, sigma=0.07, tau=121.0)

Process Started on 2014-04-07 02:43:01.554460
The output_tag for this run is: hubble_sim_r1095_2014_04_07_02:43

CRUDE LIGHT CURVE PARAMETERS
----------------------------
parameter lc1   	lc2
----------------------------
sigma     +0.38 	+0.16
tau       +0.05 	+26.03
avg_mag   +18.17 	+18.43


BEGINNING LIGHT CURVE PARAMETER OPTIMIZATION

Optimization terminated successfully.
         Current function value: -565.909525
         Iterations: 136
         Function evaluations: 244
Optimization terminated successfully.
         Current function value: -561.825526
         Iterations: 136
         Function evaluations: 247

OPTIMIZED LIGHT CURVE PARAMETERS
--------------------------------
parameter lc1   	lc2
--------------------------------
sigma     +0.04 	+0.04
tau       +6.59 	+0.76
avg_mag   +18.18 	+18.44


Process Started on 2014-04-07 02:43:01.554460
It is now          2014-04-07 02:43:02.421203

time series is 2.51 days long
with  105 data points
The most common sample time distance is 0.01 days within the range of [0.02,0.01] days

1% done
10% done
25% done
50% done
75% done
DONE

Process Started on 2014-04-07 02:43:01.554460
It is now          2014-04-07 02:43:02.728489

BEST DELAY=1.24448e+00

INITIAL PARAMETERS (average of lc1 and lc2)
-------------------------------------------
delay      = 1.24
delta_mag  = 0.26
avg_mag    = 18.18
tau        = 3.67
sigma      = 0.04

Optimization terminated successfully.
         Current function value: -1084.272007
         Iterations: 135
         Function evaluations: 246

INITIAL PARAMETERS (optimization of merged light curve)
-------------------------------------------------------
delay      = 1.24
delta_mag  = 0.26
avg_mag    = 18.20
tau        = 2.06
sigma      = 0.04


-------------
RUNNING EMCEE
-------------

pos
sampler
Process Started on 2014-04-07 02:43:01.554460
It is currently    2014-04-07 02:43:04.652599
burn-in sampler.run_mcmc
	Mean acceptance fraction: 0.552
	Errors based on 16th, 50th, and 84th percentile
	Param     	MC_rec	err_up	err_low
	delay     	1.43e+00	+7.02e-02	-1.14e-01
	delta_mag 	2.94e-01	+5.22e-03	-5.95e-03
	sigma     	3.96e-02	+5.06e-03	-3.86e-03
	tau       	1.98e+00	+1.22e-01	-1.40e-01
	avg_mag   	1.82e+01	+1.87e-02	-1.87e-02
Process Started on 2014-04-07 02:43:01.554460
It is currently    2014-04-07 02:43:48.966684
sampler.run_mcmc
Process Started on 2014-04-07 02:43:01.554460
It is currently    2014-04-07 02:49:43.988732
sampler.chain
90000
Mean acceptance fraction: 0.518
Errors based on 16th, 50th, and 84th percentile
Param     	MC_rec	err_up	err_low
delay     	1.50e+00	+2.47e-02	-2.79e-02
delta_mag 	2.99e-01	+3.43e-03	-3.38e-03
sigma     	3.89e-02	+4.15e-03	-3.79e-03
tau       	8.89e+00	+7.35e+00	-5.35e+00
avg_mag   	1.82e+01	+5.27e-02	-4.48e-02
Process Started on 2014-04-07 02:43:01.554460
It is currently    2014-04-07 02:49:50.201323
