
SIMULATION PARAMETERS
Namespace(avg_mag=19.0, delay=1.5, delta_mag=0.3, numorbits=40, outputtag='hubble_sim_r1039', photometricerror=0.02, redshift=0.658, sigma=0.07, tau=121.0)

Process Started on 2014-04-07 01:46:49.800808
The output_tag for this run is: hubble_sim_r1039_2014_04_07_01:46

CRUDE LIGHT CURVE PARAMETERS
----------------------------
parameter lc1   	lc2
----------------------------
sigma     +0.37 	+0.57
tau       +0.04 	+0.00
avg_mag   +18.91 	+19.16


BEGINNING LIGHT CURVE PARAMETER OPTIMIZATION

Optimization terminated successfully.
         Current function value: -589.307995
         Iterations: 101
         Function evaluations: 184
Optimization terminated successfully.
         Current function value: -594.564487
         Iterations: 159
         Function evaluations: 272

OPTIMIZED LIGHT CURVE PARAMETERS
--------------------------------
parameter lc1   	lc2
--------------------------------
sigma     +0.05 	+0.04
tau       +1.08 	+0.85
avg_mag   +18.90 	+19.16


Process Started on 2014-04-07 01:46:49.800808
It is now          2014-04-07 01:46:50.647439

time series is 2.51 days long
with  111 data points
The most common sample time distance is 0.01 days within the range of [0.01,0.03] days

1% done
10% done
25% done
50% done
75% done
DONE

Process Started on 2014-04-07 01:46:49.800808
It is now          2014-04-07 01:46:50.975978

BEST DELAY=1.24253e+00

INITIAL PARAMETERS (average of lc1 and lc2)
-------------------------------------------
delay      = 1.24
delta_mag  = 0.27
avg_mag    = 18.90
tau        = 0.96
sigma      = 0.05

Optimization terminated successfully.
         Current function value: -1117.660579
         Iterations: 116
         Function evaluations: 208

INITIAL PARAMETERS (optimization of merged light curve)
-------------------------------------------------------
delay      = 1.24
delta_mag  = 0.27
avg_mag    = 18.90
tau        = 1.02
sigma      = 0.04


-------------
RUNNING EMCEE
-------------

pos
sampler
Process Started on 2014-04-07 01:46:49.800808
It is currently    2014-04-07 01:46:52.722014
burn-in sampler.run_mcmc
	Mean acceptance fraction: 0.553
	Errors based on 16th, 50th, and 84th percentile
	Param     	MC_rec	err_up	err_low
	delay     	1.46e+00	+3.95e-02	-7.93e-02
	delta_mag 	2.93e-01	+5.14e-03	-6.53e-03
	sigma     	4.83e-02	+5.75e-03	-5.45e-03
	tau       	9.83e-01	+5.84e-02	-5.68e-02
	avg_mag   	1.89e+01	+1.75e-02	-1.70e-02
Process Started on 2014-04-07 01:46:49.800808
It is currently    2014-04-07 01:47:38.955699
sampler.run_mcmc
Process Started on 2014-04-07 01:46:49.800808
It is currently    2014-04-07 01:53:55.883018
sampler.chain
90000
Mean acceptance fraction: 0.518
Errors based on 16th, 50th, and 84th percentile
Param     	MC_rec	err_up	err_low
delay     	1.50e+00	+1.72e-02	-1.73e-02
delta_mag 	2.98e-01	+3.23e-03	-3.27e-03
sigma     	4.47e-02	+4.17e-03	-3.89e-03
tau       	4.34e+00	+3.54e+00	-2.44e+00
avg_mag   	1.89e+01	+3.41e-02	-3.97e-02
Process Started on 2014-04-07 01:46:49.800808
It is currently    2014-04-07 01:54:01.941227
