
SIMULATION PARAMETERS
Namespace(avg_mag=19.0, delay=1.5, delta_mag=0.3, numorbits=80, outputtag='hubble_sim_r227', photometricerror=0.1, redshift=0.658, sigma=0.07, tau=121.0)

Process Started on 2014-04-06 23:49:21.549301
The output_tag for this run is: hubble_sim_r227_2014_04_06_23:49

CRUDE LIGHT CURVE PARAMETERS
----------------------------
parameter lc1   	lc2
----------------------------
sigma     +0.74 	+0.33
tau       +0.01 	+0.03
avg_mag   +18.88 	+19.21


BEGINNING LIGHT CURVE PARAMETER OPTIMIZATION

Optimization terminated successfully.
         Current function value: -525.045112
         Iterations: 61
         Function evaluations: 115
Optimization terminated successfully.
         Current function value: -576.824318
         Iterations: 55
         Function evaluations: 99

OPTIMIZED LIGHT CURVE PARAMETERS
--------------------------------
parameter lc1   	lc2
--------------------------------
sigma     +0.00 	+0.00
tau       +0.02 	+0.04
avg_mag   +18.88 	+19.21


Process Started on 2014-04-06 23:49:21.549301
It is now          2014-04-06 23:49:22.908390

time series is 5.00 days long
with  217 data points
The most common sample time distance is 0.03 days within the range of [0.02,0.04] days

1% done
10% done
25% done
50% done
75% done
DONE

Process Started on 2014-04-06 23:49:21.549301
It is now          2014-04-06 23:49:23.977598

BEST DELAY=2.99913e-01

INITIAL PARAMETERS (average of lc1 and lc2)
-------------------------------------------
delay      = 0.30
delta_mag  = 0.34
avg_mag    = 18.88
tau        = 0.03
sigma      = 0.00

Optimization terminated successfully.
         Current function value: -1145.300502
         Iterations: 130
         Function evaluations: 237

INITIAL PARAMETERS (optimization of merged light curve)
-------------------------------------------------------
delay      = 0.30
delta_mag  = 0.34
avg_mag    = 18.87
tau        = 3.16
sigma      = 0.03


-------------
RUNNING EMCEE
-------------

pos
sampler
Process Started on 2014-04-06 23:49:21.549301
It is currently    2014-04-06 23:49:29.180776
burn-in sampler.run_mcmc
	Mean acceptance fraction: 0.576
	Errors based on 16th, 50th, and 84th percentile
	Param     	MC_rec	err_up	err_low
	delay     	6.39e-01	+7.01e-01	-3.22e-01
	delta_mag 	3.24e-01	+1.07e-02	-1.53e-02
	sigma     	3.65e-02	+1.13e-02	-8.39e-03
	tau       	3.25e+00	+4.50e-01	-2.47e-01
	avg_mag   	1.89e+01	+3.15e-02	-3.19e-02
Process Started on 2014-04-06 23:49:21.549301
It is currently    2014-04-06 23:51:59.566771
sampler.run_mcmc
Process Started on 2014-04-06 23:49:21.549301
It is currently    2014-04-07 00:11:19.492069
sampler.chain
90000
Mean acceptance fraction: 0.491
Errors based on 16th, 50th, and 84th percentile
Param     	MC_rec	err_up	err_low
delay     	1.53e+00	+3.12e-01	-1.64e-01
delta_mag 	3.02e-01	+1.00e-02	-1.26e-02
sigma     	3.50e-02	+7.39e-03	-6.24e-03
tau       	1.27e+01	+1.23e+01	-8.12e+00
avg_mag   	1.89e+01	+5.07e-02	-5.47e-02
Process Started on 2014-04-06 23:49:21.549301
It is currently    2014-04-07 00:11:30.299495
