
SIMULATION PARAMETERS
Namespace(avg_mag=19.0, delay=1.5, delta_mag=0.3, numorbits=40, outputtag='hubble_sim_r1217', photometricerror=0.1, redshift=0.658, sigma=0.07, tau=121.0)

Process Started on 2014-04-07 04:45:27.269339
The output_tag for this run is: hubble_sim_r1217_2014_04_07_04:45

CRUDE LIGHT CURVE PARAMETERS
----------------------------
parameter lc1   	lc2
----------------------------
sigma     +0.86 	+0.50
tau       +0.00 	+0.07
avg_mag   +18.96 	+19.32


BEGINNING LIGHT CURVE PARAMETER OPTIMIZATION

Optimization terminated successfully.
         Current function value: -276.736081
         Iterations: 63
         Function evaluations: 118
Optimization terminated successfully.
         Current function value: -268.889307
         Iterations: 110
         Function evaluations: 200

OPTIMIZED LIGHT CURVE PARAMETERS
--------------------------------
parameter lc1   	lc2
--------------------------------
sigma     +0.00 	+0.07
tau       +0.00 	+1.51
avg_mag   +18.96 	+19.33


Process Started on 2014-04-07 04:45:27.269339
It is now          2014-04-07 04:45:27.829004

time series is 2.51 days long
with  104 data points
The most common sample time distance is 0.01 days within the range of [0.02,0.01] days

1% done
10% done
25% done
50% done
75% done
DONE

Process Started on 2014-04-07 04:45:27.269339
It is now          2014-04-07 04:45:28.135695

BEST DELAY=8.45095e-01

INITIAL PARAMETERS (average of lc1 and lc2)
-------------------------------------------
delay      = 0.85
delta_mag  = 0.37
avg_mag    = 18.96
tau        = 0.76
sigma      = 0.03

Optimization terminated successfully.
         Current function value: -538.794235
         Iterations: 105
         Function evaluations: 187

INITIAL PARAMETERS (optimization of merged light curve)
-------------------------------------------------------
delay      = 0.85
delta_mag  = 0.37
avg_mag    = 18.97
tau        = 1.03
sigma      = 0.05


-------------
RUNNING EMCEE
-------------

pos
sampler
Process Started on 2014-04-07 04:45:27.269339
It is currently    2014-04-07 04:45:29.746850
burn-in sampler.run_mcmc
	Mean acceptance fraction: 0.566
	Errors based on 16th, 50th, and 84th percentile
	Param     	MC_rec	err_up	err_low
	delay     	9.37e-01	+3.58e-01	-1.82e-01
	delta_mag 	3.52e-01	+1.43e-02	-1.84e-02
	sigma     	5.71e-02	+1.57e-02	-1.16e-02
	tau       	1.03e+00	+1.90e-01	-1.29e-01
	avg_mag   	1.90e+01	+2.39e-02	-2.24e-02
Process Started on 2014-04-07 04:45:27.269339
It is currently    2014-04-07 04:46:13.399439
sampler.run_mcmc
Process Started on 2014-04-07 04:45:27.269339
It is currently    2014-04-07 04:51:49.099490
sampler.chain
90000
Mean acceptance fraction: 0.506
Errors based on 16th, 50th, and 84th percentile
Param     	MC_rec	err_up	err_low
delay     	1.52e+00	+2.12e-01	-1.61e-01
delta_mag 	3.19e-01	+1.63e-02	-1.61e-02
sigma     	5.53e-02	+1.23e-02	-1.06e-02
tau       	4.45e+00	+3.68e+00	-2.51e+00
avg_mag   	1.90e+01	+5.15e-02	-4.36e-02
Process Started on 2014-04-07 04:45:27.269339
It is currently    2014-04-07 04:51:55.379628
