
SIMULATION PARAMETERS
Namespace(avg_mag=19.0, delay=1.5, delta_mag=0.3, numorbits=40, outputtag='hubble_sim_r1297', photometricerror=0.1, redshift=0.658, sigma=0.07, tau=121.0)

Process Started on 2014-04-07 06:05:43.968325
The output_tag for this run is: hubble_sim_r1297_2014_04_07_06:05

CRUDE LIGHT CURVE PARAMETERS
----------------------------
parameter lc1   	lc2
----------------------------
sigma     +0.39 	+0.53
tau       +0.03 	+0.02
avg_mag   +19.19 	+19.50


BEGINNING LIGHT CURVE PARAMETER OPTIMIZATION

Optimization terminated successfully.
         Current function value: -272.829737
         Iterations: 54
         Function evaluations: 101
Optimization terminated successfully.
         Current function value: -264.298738
         Iterations: 52
         Function evaluations: 102

OPTIMIZED LIGHT CURVE PARAMETERS
--------------------------------
parameter lc1   	lc2
--------------------------------
sigma     +0.00 	+0.00
tau       +0.03 	+0.03
avg_mag   +19.19 	+19.50


Process Started on 2014-04-07 06:05:43.968325
It is now          2014-04-07 06:05:44.338959

time series is 2.52 days long
with  104 data points
The most common sample time distance is 0.01 days within the range of [0.02,0.01] days

1% done
10% done
25% done
50% done
75% done
DONE

Process Started on 2014-04-07 06:05:43.968325
It is now          2014-04-07 06:05:44.654013

BEST DELAY=-1.25770e+00

INITIAL PARAMETERS (average of lc1 and lc2)
-------------------------------------------
delay      = -1.26
delta_mag  = 0.31
avg_mag    = 19.19
tau        = 0.03
sigma      = 0.00

Optimization terminated successfully.
         Current function value: -542.097773
         Iterations: 76
         Function evaluations: 136

INITIAL PARAMETERS (optimization of merged light curve)
-------------------------------------------------------
delay      = -1.26
delta_mag  = 0.31
avg_mag    = 19.19
tau        = 0.38
sigma      = 0.05


-------------
RUNNING EMCEE
-------------

pos
sampler
Process Started on 2014-04-07 06:05:43.968325
It is currently    2014-04-07 06:05:46.171777
burn-in sampler.run_mcmc
	Mean acceptance fraction: 0.590
	Errors based on 16th, 50th, and 84th percentile
	Param     	MC_rec	err_up	err_low
	delay     	-1.36e+00	+1.27e-01	-1.55e-01
	delta_mag 	3.12e-01	+1.46e-02	-1.26e-02
	sigma     	5.87e-02	+1.80e-02	-1.52e-02
	tau       	4.06e-01	+1.30e-01	-7.56e-02
	avg_mag   	1.92e+01	+1.27e-02	-1.43e-02
Process Started on 2014-04-07 06:05:43.968325
It is currently    2014-04-07 06:06:30.974530
sampler.run_mcmc
Process Started on 2014-04-07 06:05:43.968325
It is currently    2014-04-07 06:12:24.580781
sampler.chain
90000
Mean acceptance fraction: 0.508
Errors based on 16th, 50th, and 84th percentile
Param     	MC_rec	err_up	err_low
delay     	-1.61e+00	+1.54e-01	-1.73e-01
delta_mag 	3.37e-01	+2.01e-02	-1.78e-02
sigma     	5.33e-02	+1.37e-02	-1.24e-02
tau       	1.66e+00	+1.33e+00	-9.34e-01
avg_mag   	1.92e+01	+2.18e-02	-2.65e-02
Process Started on 2014-04-07 06:05:43.968325
It is currently    2014-04-07 06:12:30.539116
