
SIMULATION PARAMETERS
Namespace(avg_mag=19.0, delay=1.5, delta_mag=0.3, numorbits=40, outputtag='hubble_sim_r1185', photometricerror=0.05, redshift=0.658, sigma=0.07, tau=121.0)

Process Started on 2014-04-07 04:13:20.769935
The output_tag for this run is: hubble_sim_r1185_2014_04_07_04:13

CRUDE LIGHT CURVE PARAMETERS
----------------------------
parameter lc1   	lc2
----------------------------
sigma     +0.25 	+0.30
tau       +0.01 	+0.03
avg_mag   +18.24 	+18.55


BEGINNING LIGHT CURVE PARAMETER OPTIMIZATION

Optimization terminated successfully.
         Current function value: -430.579305
         Iterations: 52
         Function evaluations: 99
Optimization terminated successfully.
         Current function value: -420.941061
         Iterations: 124
         Function evaluations: 220

OPTIMIZED LIGHT CURVE PARAMETERS
--------------------------------
parameter lc1   	lc2
--------------------------------
sigma     +0.00 	+0.04
tau       +0.02 	+1.27
avg_mag   +18.24 	+18.56


Process Started on 2014-04-07 04:13:20.769935
It is now          2014-04-07 04:13:21.366720

time series is 2.51 days long
with  108 data points
The most common sample time distance is 0.01 days within the range of [0.00,0.02] days

1% done
10% done
25% done
50% done
75% done
DONE

Process Started on 2014-04-07 04:13:20.769935
It is now          2014-04-07 04:13:21.689152

BEST DELAY=1.04666e+00

INITIAL PARAMETERS (average of lc1 and lc2)
-------------------------------------------
delay      = 1.05
delta_mag  = 0.32
avg_mag    = 18.24
tau        = 0.65
sigma      = 0.02

Optimization terminated successfully.
         Current function value: -850.207735
         Iterations: 130
         Function evaluations: 233

INITIAL PARAMETERS (optimization of merged light curve)
-------------------------------------------------------
delay      = 1.05
delta_mag  = 0.32
avg_mag    = 18.25
tau        = 1.13
sigma      = 0.03


-------------
RUNNING EMCEE
-------------

pos
sampler
Process Started on 2014-04-07 04:13:20.769935
It is currently    2014-04-07 04:13:23.534463
burn-in sampler.run_mcmc
	Mean acceptance fraction: 0.582
	Errors based on 16th, 50th, and 84th percentile
	Param     	MC_rec	err_up	err_low
	delay     	1.03e+00	+2.47e-01	-1.44e-01
	delta_mag 	3.06e-01	+6.72e-03	-6.87e-03
	sigma     	3.34e-02	+7.19e-03	-6.35e-03
	tau       	1.17e+00	+3.75e-01	-1.92e-01
	avg_mag   	1.83e+01	+1.87e-02	-1.41e-02
Process Started on 2014-04-07 04:13:20.769935
It is currently    2014-04-07 04:14:09.880703
sampler.run_mcmc
Process Started on 2014-04-07 04:13:20.769935
It is currently    2014-04-07 04:20:07.365960
sampler.chain
90000
Mean acceptance fraction: 0.482
Errors based on 16th, 50th, and 84th percentile
Param     	MC_rec	err_up	err_low
delay     	1.28e+00	+3.92e-01	-3.43e-01
delta_mag 	3.05e-01	+7.04e-03	-6.91e-03
sigma     	3.06e-02	+6.67e-03	-5.64e-03
tau       	4.47e+00	+4.18e+00	-2.69e+00
avg_mag   	1.83e+01	+3.07e-02	-2.31e-02
Process Started on 2014-04-07 04:13:20.769935
It is currently    2014-04-07 04:20:13.574761
