
SIMULATION PARAMETERS
Namespace(avg_mag=19.0, delay=1.5, delta_mag=0.3, numorbits=80, outputtag='hubble_sim_r32', photometricerror=0.02, redshift=0.658, sigma=0.07, tau=121.0)

Process Started on 2014-04-06 20:16:48.447742
The output_tag for this run is: hubble_sim_r32_2014_04_06_20:16

CRUDE LIGHT CURVE PARAMETERS
----------------------------
parameter lc1   	lc2
----------------------------
sigma     +0.18 	+0.20
tau       +0.72 	+0.42
avg_mag   +19.53 	+19.81


BEGINNING LIGHT CURVE PARAMETER OPTIMIZATION

Optimization terminated successfully.
         Current function value: -1128.566055
         Iterations: 90
         Function evaluations: 166
Optimization terminated successfully.
         Current function value: -1124.620617
         Iterations: 122
         Function evaluations: 218

OPTIMIZED LIGHT CURVE PARAMETERS
--------------------------------
parameter lc1   	lc2
--------------------------------
sigma     +0.04 	+0.05
tau       +0.68 	+0.68
avg_mag   +19.52 	+19.81


Process Started on 2014-04-06 20:16:48.447742
It is now          2014-04-06 20:16:50.867184

time series is 5.00 days long
with  211 data points
The most common sample time distance is 0.01 days within the range of [0.01,0.02] days

1% done
10% done
25% done
50% done
75% done
DONE

Process Started on 2014-04-06 20:16:48.447742
It is now          2014-04-06 20:16:51.936277

BEST DELAY=1.49844e+00

INITIAL PARAMETERS (average of lc1 and lc2)
-------------------------------------------
delay      = 1.50
delta_mag  = 0.29
avg_mag    = 19.52
tau        = 0.68
sigma      = 0.04

Optimization terminated successfully.
         Current function value: -2271.020501
         Iterations: 122
         Function evaluations: 215

INITIAL PARAMETERS (optimization of merged light curve)
-------------------------------------------------------
delay      = 1.50
delta_mag  = 0.29
avg_mag    = 19.52
tau        = 0.74
sigma      = 0.05


-------------
RUNNING EMCEE
-------------

pos
sampler
Process Started on 2014-04-06 20:16:48.447742
It is currently    2014-04-06 20:16:56.304893
burn-in sampler.run_mcmc
	Mean acceptance fraction: 0.567
	Errors based on 16th, 50th, and 84th percentile
	Param     	MC_rec	err_up	err_low
	delay     	1.50e+00	+7.86e-03	-8.85e-03
	delta_mag 	2.98e-01	+2.23e-03	-1.86e-03
	sigma     	4.79e-02	+4.03e-03	-4.00e-03
	tau       	7.51e-01	+1.17e-01	-8.42e-02
	avg_mag   	1.95e+01	+1.07e-02	-9.30e-03
Process Started on 2014-04-06 20:16:48.447742
It is currently    2014-04-06 20:19:26.443246
sampler.run_mcmc
Process Started on 2014-04-06 20:16:48.447742
It is currently    2014-04-06 20:40:42.338180
sampler.chain
90000
Mean acceptance fraction: 0.516
Errors based on 16th, 50th, and 84th percentile
Param     	MC_rec	err_up	err_low
delay     	1.50e+00	+7.88e-03	-7.36e-03
delta_mag 	2.99e-01	+1.66e-03	-1.63e-03
sigma     	4.54e-02	+3.31e-03	-3.22e-03
tau       	1.54e+00	+2.05e+00	-6.48e-01
avg_mag   	1.95e+01	+1.75e-02	-1.74e-02
Process Started on 2014-04-06 20:16:48.447742
It is currently    2014-04-06 20:40:53.113971
