
SIMULATION PARAMETERS
Namespace(avg_mag=19.0, delay=1.5, delta_mag=0.3, numorbits=80, outputtag='hubble_sim_r121', photometricerror=0.05, redshift=0.658, sigma=0.07, tau=121.0)

Process Started on 2014-04-06 21:56:44.963383
The output_tag for this run is: hubble_sim_r121_2014_04_06_21:56

CRUDE LIGHT CURVE PARAMETERS
----------------------------
parameter lc1   	lc2
----------------------------
sigma     +0.34 	+0.51
tau       +0.11 	+0.08
avg_mag   +18.77 	+19.10


BEGINNING LIGHT CURVE PARAMETER OPTIMIZATION

Optimization terminated successfully.
         Current function value: -852.651890
         Iterations: 109
         Function evaluations: 202
Optimization terminated successfully.
         Current function value: -845.822201
         Iterations: 124
         Function evaluations: 224

OPTIMIZED LIGHT CURVE PARAMETERS
--------------------------------
parameter lc1   	lc2
--------------------------------
sigma     +0.05 	+0.05
tau       +1.03 	+4.08
avg_mag   +18.78 	+19.11


Process Started on 2014-04-06 21:56:44.963383
It is now          2014-04-06 21:56:46.578511

time series is 5.01 days long
with  221 data points
The most common sample time distance is 0.01 days within the range of [0.01,0.01] days

1% done
10% done
25% done
50% done
75% done
DONE

Process Started on 2014-04-06 21:56:44.963383
It is now          2014-04-06 21:56:47.222696

BEST DELAY=1.49271e+00

INITIAL PARAMETERS (average of lc1 and lc2)
-------------------------------------------
delay      = 1.49
delta_mag  = 0.33
avg_mag    = 18.78
tau        = 2.55
sigma      = 0.05

Optimization terminated successfully.
         Current function value: -1695.022032
         Iterations: 124
         Function evaluations: 225

INITIAL PARAMETERS (optimization of merged light curve)
-------------------------------------------------------
delay      = 1.49
delta_mag  = 0.33
avg_mag    = 18.80
tau        = 2.00
sigma      = 0.05


-------------
RUNNING EMCEE
-------------

pos
sampler
Process Started on 2014-04-06 21:56:44.963383
It is currently    2014-04-06 21:56:50.229044
burn-in sampler.run_mcmc
	Mean acceptance fraction: 0.569
	Errors based on 16th, 50th, and 84th percentile
	Param     	MC_rec	err_up	err_low
	delay     	1.50e+00	+2.68e-02	-2.66e-02
	delta_mag 	3.02e-01	+4.52e-03	-4.73e-03
	sigma     	5.49e-02	+5.85e-03	-4.94e-03
	tau       	2.12e+00	+4.83e-01	-3.86e-01
	avg_mag   	1.88e+01	+3.01e-02	-2.62e-02
Process Started on 2014-04-06 21:56:44.963383
It is currently    2014-04-06 21:58:40.703059
sampler.run_mcmc
Process Started on 2014-04-06 21:56:44.963383
It is currently    2014-04-06 22:16:34.329386
sampler.chain
90000
Mean acceptance fraction: 0.517
Errors based on 16th, 50th, and 84th percentile
Param     	MC_rec	err_up	err_low
delay     	1.50e+00	+2.50e-02	-2.54e-02
delta_mag 	3.00e-01	+3.91e-03	-4.01e-03
sigma     	5.29e-02	+5.79e-03	-5.17e-03
tau       	7.67e+00	+7.34e+00	-4.51e+00
avg_mag   	1.88e+01	+6.41e-02	-5.35e-02
Process Started on 2014-04-06 21:56:44.963383
It is currently    2014-04-06 22:16:41.786816
