
SIMULATION PARAMETERS
Namespace(avg_mag=19.0, delay=1.5, delta_mag=0.3, numorbits=80, outputtag='hubble_sim_r234', photometricerror=0.1, redshift=0.658, sigma=0.07, tau=121.0)

Process Started on 2014-04-06 23:57:23.782739
The output_tag for this run is: hubble_sim_r234_2014_04_06_23:57

CRUDE LIGHT CURVE PARAMETERS
----------------------------
parameter lc1   	lc2
----------------------------
sigma     +0.33 	+0.67
tau       +0.04 	+0.03
avg_mag   +19.13 	+19.47


BEGINNING LIGHT CURVE PARAMETER OPTIMIZATION

Optimization terminated successfully.
         Current function value: -554.317890
         Iterations: 53
         Function evaluations: 100
Optimization terminated successfully.
         Current function value: -554.360703
         Iterations: 150
         Function evaluations: 268

OPTIMIZED LIGHT CURVE PARAMETERS
--------------------------------
parameter lc1   	lc2
--------------------------------
sigma     +0.00 	+0.05
tau       +0.06 	+5.81
avg_mag   +19.13 	+19.47


Process Started on 2014-04-06 23:57:23.782739
It is now          2014-04-06 23:57:26.029780

time series is 5.01 days long
with  211 data points
The most common sample time distance is 0.01 days within the range of [0.01,0.02] days

1% done
10% done
25% done
50% done
75% done
DONE

Process Started on 2014-04-06 23:57:23.782739
It is now          2014-04-06 23:57:27.067296

BEST DELAY=9.93244e-01

INITIAL PARAMETERS (average of lc1 and lc2)
-------------------------------------------
delay      = 0.99
delta_mag  = 0.34
avg_mag    = 19.13
tau        = 2.94
sigma      = 0.02

Optimization terminated successfully.
         Current function value: -1119.182195
         Iterations: 134
         Function evaluations: 242

INITIAL PARAMETERS (optimization of merged light curve)
-------------------------------------------------------
delay      = 0.99
delta_mag  = 0.34
avg_mag    = 19.15
tau        = 3.52
sigma      = 0.04


-------------
RUNNING EMCEE
-------------

pos
sampler
Process Started on 2014-04-06 23:57:23.782739
It is currently    2014-04-06 23:57:31.758164
burn-in sampler.run_mcmc
	Mean acceptance fraction: 0.590
	Errors based on 16th, 50th, and 84th percentile
	Param     	MC_rec	err_up	err_low
	delay     	1.26e+00	+2.65e-01	-2.06e-01
	delta_mag 	3.09e-01	+1.27e-02	-1.13e-02
	sigma     	4.21e-02	+9.29e-03	-5.79e-03
	tau       	3.71e+00	+9.75e-01	-4.16e-01
	avg_mag   	1.92e+01	+4.03e-02	-3.23e-02
Process Started on 2014-04-06 23:57:23.782739
It is currently    2014-04-06 23:59:58.015969
sampler.run_mcmc
Process Started on 2014-04-06 23:57:23.782739
It is currently    2014-04-07 00:19:54.858458
sampler.chain
90000
Mean acceptance fraction: 0.517
Errors based on 16th, 50th, and 84th percentile
Param     	MC_rec	err_up	err_low
delay     	1.52e+00	+2.30e-01	-2.10e-01
delta_mag 	3.02e-01	+9.89e-03	-1.10e-02
sigma     	3.99e-02	+6.76e-03	-5.87e-03
tau       	1.54e+01	+1.28e+01	-9.49e+00
avg_mag   	1.92e+01	+7.13e-02	-6.20e-02
Process Started on 2014-04-06 23:57:23.782739
It is currently    2014-04-07 00:20:05.700078
