
SIMULATION PARAMETERS
Namespace(avg_mag=19.0, delay=1.5, delta_mag=0.3, numorbits=80, outputtag='hubble_sim_r150', photometricerror=0.05, redshift=0.658, sigma=0.07, tau=121.0)

Process Started on 2014-04-06 22:27:55.814547
The output_tag for this run is: hubble_sim_r150_2014_04_06_22:27

CRUDE LIGHT CURVE PARAMETERS
----------------------------
parameter lc1   	lc2
----------------------------
sigma     +0.42 	+0.58
tau       +0.12 	+0.01
avg_mag   +19.09 	+19.37


BEGINNING LIGHT CURVE PARAMETER OPTIMIZATION

Optimization terminated successfully.
         Current function value: -837.084280
         Iterations: 137
         Function evaluations: 248
Optimization terminated successfully.
         Current function value: -831.548455
         Iterations: 130
         Function evaluations: 231

OPTIMIZED LIGHT CURVE PARAMETERS
--------------------------------
parameter lc1   	lc2
--------------------------------
sigma     +0.05 	+0.07
tau       +2.95 	+0.59
avg_mag   +19.13 	+19.37


Process Started on 2014-04-06 22:27:55.814547
It is now          2014-04-06 22:27:58.951045

time series is 5.01 days long
with  219 data points
The most common sample time distance is 0.03 days within the range of [0.02,0.04] days

1% done
10% done
25% done
50% done
75% done
DONE

Process Started on 2014-04-06 22:27:55.814547
It is now          2014-04-06 22:28:00.042439

BEST DELAY=1.49257e+00

INITIAL PARAMETERS (average of lc1 and lc2)
-------------------------------------------
delay      = 1.49
delta_mag  = 0.24
avg_mag    = 19.13
tau        = 1.77
sigma      = 0.06

Optimization terminated successfully.
         Current function value: -1578.083261
         Iterations: 108
         Function evaluations: 195

INITIAL PARAMETERS (optimization of merged light curve)
-------------------------------------------------------
delay      = 1.49
delta_mag  = 0.24
avg_mag    = 19.13
tau        = 1.30
sigma      = 0.06


-------------
RUNNING EMCEE
-------------

pos
sampler
Process Started on 2014-04-06 22:27:55.814547
It is currently    2014-04-06 22:28:04.470610
burn-in sampler.run_mcmc
	Mean acceptance fraction: 0.539
	Errors based on 16th, 50th, and 84th percentile
	Param     	MC_rec	err_up	err_low
	delay     	1.50e+00	+2.71e-02	-2.52e-02
	delta_mag 	2.95e-01	+5.49e-03	-6.10e-03
	sigma     	6.31e-02	+6.91e-03	-6.26e-03
	tau       	1.33e+00	+8.73e-02	-5.76e-02
	avg_mag   	1.91e+01	+2.39e-02	-2.33e-02
Process Started on 2014-04-06 22:27:55.814547
It is currently    2014-04-06 22:30:24.888547
sampler.run_mcmc
Process Started on 2014-04-06 22:27:55.814547
It is currently    2014-04-06 22:49:30.033046
sampler.chain
90000
Mean acceptance fraction: 0.520
Errors based on 16th, 50th, and 84th percentile
Param     	MC_rec	err_up	err_low
delay     	1.50e+00	+2.30e-02	-2.30e-02
delta_mag 	2.99e-01	+3.93e-03	-4.14e-03
sigma     	5.96e-02	+5.88e-03	-5.68e-03
tau       	6.11e+00	+4.48e+00	-3.41e+00
avg_mag   	1.91e+01	+5.89e-02	-4.95e-02
Process Started on 2014-04-06 22:27:55.814547
It is currently    2014-04-06 22:49:40.583821
