
SIMULATION PARAMETERS
Namespace(avg_mag=19.0, delay=1.5, delta_mag=0.3, numorbits=80, outputtag='hubble_sim_r236', photometricerror=0.1, redshift=0.658, sigma=0.07, tau=121.0)

Process Started on 2014-04-06 23:59:24.875943
The output_tag for this run is: hubble_sim_r236_2014_04_06_23:59

CRUDE LIGHT CURVE PARAMETERS
----------------------------
parameter lc1   	lc2
----------------------------
sigma     +0.31 	+0.26
tau       +0.07 	+0.12
avg_mag   +19.98 	+20.25


BEGINNING LIGHT CURVE PARAMETER OPTIMIZATION

Optimization terminated successfully.
         Current function value: -571.653633
         Iterations: 56
         Function evaluations: 101
Optimization terminated successfully.
         Current function value: -579.214144
         Iterations: 131
         Function evaluations: 233

OPTIMIZED LIGHT CURVE PARAMETERS
--------------------------------
parameter lc1   	lc2
--------------------------------
sigma     +0.00 	+0.03
tau       +0.09 	+1.28
avg_mag   +19.98 	+20.26


Process Started on 2014-04-06 23:59:24.875943
It is now          2014-04-06 23:59:27.035216

time series is 5.00 days long
with  218 data points
The most common sample time distance is 0.01 days within the range of [0.01,0.01] days

1% done
10% done
25% done
50% done
75% done
DONE

Process Started on 2014-04-06 23:59:24.875943
It is now          2014-04-06 23:59:28.096377

BEST DELAY=4.99896e-01

INITIAL PARAMETERS (average of lc1 and lc2)
-------------------------------------------
delay      = 0.50
delta_mag  = 0.27
avg_mag    = 19.98
tau        = 0.69
sigma      = 0.01

Optimization terminated successfully.
         Current function value: -1163.366070
         Iterations: 111
         Function evaluations: 203

INITIAL PARAMETERS (optimization of merged light curve)
-------------------------------------------------------
delay      = 0.50
delta_mag  = 0.27
avg_mag    = 19.99
tau        = 3.06
sigma      = 0.02


-------------
RUNNING EMCEE
-------------

pos
sampler
Process Started on 2014-04-06 23:59:24.875943
It is currently    2014-04-06 23:59:32.599821
burn-in sampler.run_mcmc
	Mean acceptance fraction: 0.578
	Errors based on 16th, 50th, and 84th percentile
	Param     	MC_rec	err_up	err_low
	delay     	7.28e-01	+6.95e-01	-3.16e-01
	delta_mag 	2.81e-01	+1.34e-02	-1.17e-02
	sigma     	2.54e-02	+8.34e-03	-6.19e-03
	tau       	3.17e+00	+8.27e-01	-4.04e-01
	avg_mag   	2.00e+01	+1.98e-02	-2.00e-02
Process Started on 2014-04-06 23:59:24.875943
It is currently    2014-04-07 00:02:02.355829
sampler.run_mcmc
Process Started on 2014-04-06 23:59:24.875943
It is currently    2014-04-07 00:18:55.423738
sampler.chain
90000
Mean acceptance fraction: 0.455
Errors based on 16th, 50th, and 84th percentile
Param     	MC_rec	err_up	err_low
delay     	1.35e+00	+2.79e-01	-8.08e-01
delta_mag 	2.89e-01	+1.04e-02	-1.59e-02
sigma     	2.45e-02	+7.20e-03	-5.79e-03
tau       	1.20e+01	+1.18e+01	-7.67e+00
avg_mag   	2.00e+01	+3.60e-02	-3.39e-02
Process Started on 2014-04-06 23:59:24.875943
It is currently    2014-04-07 00:19:06.338840
