
SIMULATION PARAMETERS
Namespace(avg_mag=19.0, delay=1.5, delta_mag=0.3, numorbits=40, outputtag='hubble_sim_r1090', photometricerror=0.02, redshift=0.658, sigma=0.07, tau=121.0)

Process Started on 2014-04-07 02:38:00.661313
The output_tag for this run is: hubble_sim_r1090_2014_04_07_02:38

CRUDE LIGHT CURVE PARAMETERS
----------------------------
parameter lc1   	lc2
----------------------------
sigma     +0.14 	+0.37
tau       +0.49 	+0.02
avg_mag   +19.25 	+19.52


BEGINNING LIGHT CURVE PARAMETER OPTIMIZATION

Optimization terminated successfully.
         Current function value: -630.395596
         Iterations: 108
         Function evaluations: 194
Optimization terminated successfully.
         Current function value: -620.068155
         Iterations: 123
         Function evaluations: 218

OPTIMIZED LIGHT CURVE PARAMETERS
--------------------------------
parameter lc1   	lc2
--------------------------------
sigma     +0.04 	+0.04
tau       +0.47 	+1.65
avg_mag   +19.24 	+19.54


Process Started on 2014-04-07 02:38:00.661313
It is now          2014-04-07 02:38:01.493347

time series is 2.51 days long
with  116 data points
The most common sample time distance is 0.01 days within the range of [0.01,0.02] days

1% done
10% done
25% done
50% done
75% done
DONE

Process Started on 2014-04-07 02:38:00.661313
It is now          2014-04-07 02:38:01.830776

BEST DELAY=1.24326e+00

INITIAL PARAMETERS (average of lc1 and lc2)
-------------------------------------------
delay      = 1.24
delta_mag  = 0.30
avg_mag    = 19.24
tau        = 1.06
sigma      = 0.04

Optimization terminated successfully.
         Current function value: -1223.052045
         Iterations: 130
         Function evaluations: 236

INITIAL PARAMETERS (optimization of merged light curve)
-------------------------------------------------------
delay      = 1.24
delta_mag  = 0.30
avg_mag    = 19.23
tau        = 1.16
sigma      = 0.03


-------------
RUNNING EMCEE
-------------

pos
sampler
Process Started on 2014-04-07 02:38:00.661313
It is currently    2014-04-07 02:38:03.848777
burn-in sampler.run_mcmc
	Mean acceptance fraction: 0.541
	Errors based on 16th, 50th, and 84th percentile
	Param     	MC_rec	err_up	err_low
	delay     	1.46e+00	+3.41e-02	-1.11e-01
	delta_mag 	3.00e-01	+4.05e-03	-4.06e-03
	sigma     	4.13e-02	+6.26e-03	-6.05e-03
	tau       	1.03e+00	+1.36e-01	-1.31e-01
	avg_mag   	1.92e+01	+1.78e-02	-1.75e-02
Process Started on 2014-04-07 02:38:00.661313
It is currently    2014-04-07 02:38:52.520013
sampler.run_mcmc
Process Started on 2014-04-07 02:38:00.661313
It is currently    2014-04-07 02:45:15.825588
sampler.chain
90000
Mean acceptance fraction: 0.500
Errors based on 16th, 50th, and 84th percentile
Param     	MC_rec	err_up	err_low
delay     	1.50e+00	+1.52e-02	-1.47e-02
delta_mag 	3.01e-01	+3.04e-03	-3.05e-03
sigma     	3.82e-02	+4.39e-03	-3.90e-03
tau       	2.77e+00	+4.59e+00	-1.55e+00
avg_mag   	1.92e+01	+2.36e-02	-2.54e-02
Process Started on 2014-04-07 02:38:00.661313
It is currently    2014-04-07 02:45:22.208727
