
SIMULATION PARAMETERS
Namespace(avg_mag=19.0, delay=1.5, delta_mag=0.3, numorbits=80, outputtag='hubble_sim_r146', photometricerror=0.05, redshift=0.658, sigma=0.07, tau=121.0)

Process Started on 2014-04-06 22:22:54.221810
The output_tag for this run is: hubble_sim_r146_2014_04_06_22:22

CRUDE LIGHT CURVE PARAMETERS
----------------------------
parameter lc1   	lc2
----------------------------
sigma     +0.38 	+1.32
tau       +0.42 	+0.01
avg_mag   +19.22 	+19.55


BEGINNING LIGHT CURVE PARAMETER OPTIMIZATION

Optimization terminated successfully.
         Current function value: -841.375981
         Iterations: 129
         Function evaluations: 225
Optimization terminated successfully.
         Current function value: -847.550019
         Iterations: 164
         Function evaluations: 294

OPTIMIZED LIGHT CURVE PARAMETERS
--------------------------------
parameter lc1   	lc2
--------------------------------
sigma     +0.06 	+0.05
tau       +3.75 	+6.71
avg_mag   +19.29 	+19.56


Process Started on 2014-04-06 22:22:54.221810
It is now          2014-04-06 22:22:57.546351

time series is 5.02 days long
with  220 data points
The most common sample time distance is 0.01 days within the range of [0.01,0.02] days

1% done
10% done
25% done
50% done
75% done
DONE

Process Started on 2014-04-06 22:22:54.221810
It is now          2014-04-06 22:22:58.631710

BEST DELAY=1.59097e+00

INITIAL PARAMETERS (average of lc1 and lc2)
-------------------------------------------
delay      = 1.59
delta_mag  = 0.27
avg_mag    = 19.29
tau        = 5.23
sigma      = 0.05

Optimization terminated successfully.
         Current function value: -1695.657746
         Iterations: 129
         Function evaluations: 234

INITIAL PARAMETERS (optimization of merged light curve)
-------------------------------------------------------
delay      = 1.59
delta_mag  = 0.27
avg_mag    = 19.33
tau        = 5.03
sigma      = 0.05


-------------
RUNNING EMCEE
-------------

pos
sampler
Process Started on 2014-04-06 22:22:54.221810
It is currently    2014-04-06 22:23:03.414406
burn-in sampler.run_mcmc
	Mean acceptance fraction: 0.572
	Errors based on 16th, 50th, and 84th percentile
	Param     	MC_rec	err_up	err_low
	delay     	1.51e+00	+3.82e-02	-3.08e-02
	delta_mag 	2.99e-01	+4.94e-03	-5.19e-03
	sigma     	5.37e-02	+6.46e-03	-5.25e-03
	tau       	5.02e+00	+2.45e-01	-2.46e-01
	avg_mag   	1.93e+01	+5.18e-02	-4.44e-02
Process Started on 2014-04-06 22:22:54.221810
It is currently    2014-04-06 22:25:36.990375
sampler.run_mcmc
Process Started on 2014-04-06 22:22:54.221810
It is currently    2014-04-06 22:45:43.288997
sampler.chain
90000
Mean acceptance fraction: 0.511
Errors based on 16th, 50th, and 84th percentile
Param     	MC_rec	err_up	err_low
delay     	1.50e+00	+2.75e-02	-2.60e-02
delta_mag 	3.01e-01	+4.28e-03	-4.27e-03
sigma     	5.33e-02	+5.43e-03	-5.04e-03
tau       	1.67e+01	+2.01e+01	-1.03e+01
avg_mag   	1.93e+01	+1.08e-01	-8.79e-02
Process Started on 2014-04-06 22:22:54.221810
It is currently    2014-04-06 22:45:53.858285
