
SIMULATION PARAMETERS
Namespace(avg_mag=19.0, delay=1.5, delta_mag=0.3, numorbits=80, outputtag='hubble_sim_r288', photometricerror=0.1, redshift=0.658, sigma=0.07, tau=121.0)

Process Started on 2014-04-07 00:54:40.986066
The output_tag for this run is: hubble_sim_r288_2014_04_07_00:54

CRUDE LIGHT CURVE PARAMETERS
----------------------------
parameter lc1   	lc2
----------------------------
sigma     +3.37 	+2.09
tau       +0.00 	+0.01
avg_mag   +19.07 	+19.27


BEGINNING LIGHT CURVE PARAMETER OPTIMIZATION

Optimization terminated successfully.
         Current function value: -549.940577
         Iterations: 176
         Function evaluations: 314
Optimization terminated successfully.
         Current function value: -548.851755
         Iterations: 165
         Function evaluations: 290

OPTIMIZED LIGHT CURVE PARAMETERS
--------------------------------
parameter lc1   	lc2
--------------------------------
sigma     +0.06 	+0.07
tau       +8.61 	+10.83
avg_mag   +19.06 	+19.32


Process Started on 2014-04-07 00:54:40.986066
It is now          2014-04-07 00:54:44.737397

time series is 5.01 days long
with  213 data points
The most common sample time distance is 0.01 days within the range of [0.01,0.01] days

1% done
10% done
25% done
50% done
75% done
DONE

Process Started on 2014-04-07 00:54:40.986066
It is now          2014-04-07 00:54:45.787789

BEST DELAY=1.29293e+00

INITIAL PARAMETERS (average of lc1 and lc2)
-------------------------------------------
delay      = 1.29
delta_mag  = 0.27
avg_mag    = 19.06
tau        = 9.72
sigma      = 0.06

Optimization terminated successfully.
         Current function value: -1118.099990
         Iterations: 174
         Function evaluations: 307

INITIAL PARAMETERS (optimization of merged light curve)
-------------------------------------------------------
delay      = 1.29
delta_mag  = 0.27
avg_mag    = 19.05
tau        = 12.05
sigma      = 0.06


-------------
RUNNING EMCEE
-------------

pos
sampler
Process Started on 2014-04-07 00:54:40.986066
It is currently    2014-04-07 00:54:51.815538
burn-in sampler.run_mcmc
	Mean acceptance fraction: 0.577
	Errors based on 16th, 50th, and 84th percentile
	Param     	MC_rec	err_up	err_low
	delay     	1.36e+00	+1.40e-01	-1.00e-01
	delta_mag 	2.86e-01	+1.32e-02	-1.24e-02
	sigma     	5.92e-02	+9.46e-03	-6.71e-03
	tau       	1.20e+01	+4.09e-01	-5.49e-01
	avg_mag   	1.91e+01	+9.11e-02	-9.87e-02
Process Started on 2014-04-07 00:54:40.986066
It is currently    2014-04-07 00:57:21.166163
sampler.run_mcmc
Process Started on 2014-04-07 00:54:40.986066
It is currently    2014-04-07 01:17:37.016782
sampler.chain
90000
Mean acceptance fraction: 0.519
Errors based on 16th, 50th, and 84th percentile
Param     	MC_rec	err_up	err_low
delay     	1.45e+00	+1.09e-01	-1.14e-01
delta_mag 	2.94e-01	+1.30e-02	-1.30e-02
sigma     	5.85e-02	+7.59e-03	-6.48e-03
tau       	4.74e+01	+4.52e+01	-3.03e+01
avg_mag   	1.90e+01	+1.95e-01	-1.80e-01
Process Started on 2014-04-07 00:54:40.986066
It is currently    2014-04-07 01:17:47.568269
