
SIMULATION PARAMETERS
Namespace(avg_mag=19.0, delay=1.5, delta_mag=0.3, numorbits=40, outputtag='hubble_sim_r1153', photometricerror=0.05, redshift=0.658, sigma=0.07, tau=121.0)

Process Started on 2014-04-07 03:41:13.853294
The output_tag for this run is: hubble_sim_r1153_2014_04_07_03:41

CRUDE LIGHT CURVE PARAMETERS
----------------------------
parameter lc1   	lc2
----------------------------
sigma     +0.25 	+0.26
tau       +0.24 	+0.10
avg_mag   +19.12 	+19.43


BEGINNING LIGHT CURVE PARAMETER OPTIMIZATION

Optimization terminated successfully.
         Current function value: -395.592802
         Iterations: 97
         Function evaluations: 171
Optimization terminated successfully.
         Current function value: -399.051146
         Iterations: 117
         Function evaluations: 207

OPTIMIZED LIGHT CURVE PARAMETERS
--------------------------------
parameter lc1   	lc2
--------------------------------
sigma     +0.05 	+0.04
tau       +0.77 	+1.40
avg_mag   +19.12 	+19.42


Process Started on 2014-04-07 03:41:13.853294
It is now          2014-04-07 03:41:14.541133

time series is 2.50 days long
with  102 data points
The most common sample time distance is 0.01 days within the range of [0.02,0.01] days

1% done
10% done
25% done
50% done
75% done
DONE

Process Started on 2014-04-07 03:41:13.853294
It is now          2014-04-07 03:41:14.857601

BEST DELAY=1.24897e+00

INITIAL PARAMETERS (average of lc1 and lc2)
-------------------------------------------
delay      = 1.25
delta_mag  = 0.30
avg_mag    = 19.12
tau        = 1.08
sigma      = 0.04

Optimization terminated successfully.
         Current function value: -796.265481
         Iterations: 156
         Function evaluations: 275

INITIAL PARAMETERS (optimization of merged light curve)
-------------------------------------------------------
delay      = 1.25
delta_mag  = 0.30
avg_mag    = 19.14
tau        = 0.88
sigma      = 0.04


-------------
RUNNING EMCEE
-------------

pos
sampler
Process Started on 2014-04-07 03:41:13.853294
It is currently    2014-04-07 03:41:16.830168
burn-in sampler.run_mcmc
	Mean acceptance fraction: 0.577
	Errors based on 16th, 50th, and 84th percentile
	Param     	MC_rec	err_up	err_low
	delay     	1.41e+00	+1.25e-01	-1.18e-01
	delta_mag 	3.09e-01	+8.53e-03	-1.06e-02
	sigma     	4.46e-02	+8.51e-03	-5.83e-03
	tau       	9.25e-01	+2.56e-01	-1.66e-01
	avg_mag   	1.91e+01	+1.38e-02	-1.61e-02
Process Started on 2014-04-07 03:41:13.853294
It is currently    2014-04-07 03:42:00.734555
sampler.run_mcmc
Process Started on 2014-04-07 03:41:13.853294
It is currently    2014-04-07 03:47:42.421690
sampler.chain
90000
Mean acceptance fraction: 0.502
Errors based on 16th, 50th, and 84th percentile
Param     	MC_rec	err_up	err_low
delay     	1.48e+00	+1.12e-01	-1.07e-01
delta_mag 	3.06e-01	+9.07e-03	-1.04e-02
sigma     	4.20e-02	+7.25e-03	-6.09e-03
tau       	2.67e+00	+3.54e+00	-1.50e+00
avg_mag   	1.91e+01	+2.71e-02	-2.50e-02
Process Started on 2014-04-07 03:41:13.853294
It is currently    2014-04-07 03:47:48.603467
