
SIMULATION PARAMETERS
Namespace(avg_mag=19.0, delay=1.5, delta_mag=0.3, numorbits=80, outputtag='hubble_sim_r93', photometricerror=0.02, redshift=0.658, sigma=0.07, tau=121.0)

Process Started on 2014-04-06 21:22:32.630881
The output_tag for this run is: hubble_sim_r93_2014_04_06_21:22

CRUDE LIGHT CURVE PARAMETERS
----------------------------
parameter lc1   	lc2
----------------------------
sigma     +1.06 	+8.25
tau       +0.05 	+0.00
avg_mag   +18.69 	+18.94


BEGINNING LIGHT CURVE PARAMETER OPTIMIZATION

Optimization terminated successfully.
         Current function value: -1171.717909
         Iterations: 150
         Function evaluations: 261
Optimization terminated successfully.
         Current function value: -384.273987
         Iterations: 53
         Function evaluations: 102

OPTIMIZED LIGHT CURVE PARAMETERS
--------------------------------
parameter lc1   	lc2
--------------------------------
sigma     +0.07 	+8.00
tau       +5.03 	+0.00
avg_mag   +18.66 	+18.94


Process Started on 2014-04-06 21:22:32.630881
It is now          2014-04-06 21:22:35.009796

time series is 5.01 days long
with  228 data points
The most common sample time distance is 0.01 days within the range of [0.01,0.01] days

1% done
10% done
25% done
50% done
75% done
DONE

Process Started on 2014-04-06 21:22:32.630881
It is now          2014-04-06 21:22:36.085011

BEST DELAY=-3.08612e-03

INITIAL PARAMETERS (average of lc1 and lc2)
-------------------------------------------
delay      = -0.00
delta_mag  = 0.28
avg_mag    = 18.66
tau        = 2.52
sigma      = 4.03

Optimization terminated successfully.
         Current function value: -700.767291
         Iterations: 126
         Function evaluations: 219

INITIAL PARAMETERS (optimization of merged light curve)
-------------------------------------------------------
delay      = -0.00
delta_mag  = 0.28
avg_mag    = 18.68
tau        = 0.00
sigma      = 3.27


-------------
RUNNING EMCEE
-------------

pos
sampler
Process Started on 2014-04-06 21:22:32.630881
It is currently    2014-04-06 21:22:40.542791
burn-in sampler.run_mcmc
	Mean acceptance fraction: 0.564
	Errors based on 16th, 50th, and 84th percentile
	Param     	MC_rec	err_up	err_low
	delay     	-3.31e-03	+4.30e-04	-5.58e-04
	delta_mag 	2.59e-01	+8.01e-03	-9.27e-03
	sigma     	3.26e+00	+4.01e-02	-1.16e-01
	tau       	2.40e-03	+1.84e-04	-1.77e-04
	avg_mag   	1.87e+01	+6.96e-03	-6.83e-03
Process Started on 2014-04-06 21:22:32.630881
It is currently    2014-04-06 21:25:13.655210
sampler.run_mcmc
Process Started on 2014-04-06 21:22:32.630881
It is currently    2014-04-06 21:48:24.585342
sampler.chain
90000
Mean acceptance fraction: 0.522
Errors based on 16th, 50th, and 84th percentile
Param     	MC_rec	err_up	err_low
delay     	-3.88e-03	+5.88e-04	-4.15e-04
delta_mag 	2.51e-01	+6.47e-03	-6.11e-03
sigma     	2.87e+00	+2.89e-01	-1.96e-01
tau       	3.05e-03	+4.84e-04	-5.36e-04
avg_mag   	1.87e+01	+5.46e-03	-5.37e-03
Process Started on 2014-04-06 21:22:32.630881
It is currently    2014-04-06 21:48:30.930621
