
SIMULATION PARAMETERS
Namespace(avg_mag=19.0, delay=1.5, delta_mag=0.3, numorbits=40, outputtag='hubble_sim_r1244', photometricerror=0.1, redshift=0.658, sigma=0.07, tau=121.0)

Process Started on 2014-04-07 05:12:32.988948
The output_tag for this run is: hubble_sim_r1244_2014_04_07_05:12

CRUDE LIGHT CURVE PARAMETERS
----------------------------
parameter lc1   	lc2
----------------------------
sigma     +0.22 	+0.46
tau       +0.10 	+0.04
avg_mag   +19.01 	+19.25


BEGINNING LIGHT CURVE PARAMETER OPTIMIZATION

Optimization terminated successfully.
         Current function value: -306.278506
         Iterations: 54
         Function evaluations: 96
Optimization terminated successfully.
         Current function value: -297.130783
         Iterations: 137
         Function evaluations: 242

OPTIMIZED LIGHT CURVE PARAMETERS
--------------------------------
parameter lc1   	lc2
--------------------------------
sigma     +0.00 	+0.06
tau       +0.14 	+1.23
avg_mag   +19.01 	+19.25


Process Started on 2014-04-07 05:12:32.988948
It is now          2014-04-07 05:12:33.630905

time series is 2.51 days long
with  114 data points
The most common sample time distance is 0.01 days within the range of [0.01,0.03] days

1% done
10% done
25% done
50% done
75% done
DONE

Process Started on 2014-04-07 05:12:32.988948
It is now          2014-04-07 05:12:33.958119

BEST DELAY=1.44520e-01

INITIAL PARAMETERS (average of lc1 and lc2)
-------------------------------------------
delay      = 0.14
delta_mag  = 0.24
avg_mag    = 19.01
tau        = 0.69
sigma      = 0.03

Optimization terminated successfully.
         Current function value: -605.021179
         Iterations: 125
         Function evaluations: 229

INITIAL PARAMETERS (optimization of merged light curve)
-------------------------------------------------------
delay      = 0.14
delta_mag  = 0.24
avg_mag    = 19.00
tau        = 1.06
sigma      = 0.04


-------------
RUNNING EMCEE
-------------

pos
sampler
Process Started on 2014-04-07 05:12:32.988948
It is currently    2014-04-07 05:12:35.805895
burn-in sampler.run_mcmc
	Mean acceptance fraction: 0.583
	Errors based on 16th, 50th, and 84th percentile
	Param     	MC_rec	err_up	err_low
	delay     	1.68e-01	+1.46e-01	-1.36e-01
	delta_mag 	2.44e-01	+1.21e-02	-1.18e-02
	sigma     	4.53e-02	+1.41e-02	-1.04e-02
	tau       	1.06e+00	+2.39e-01	-2.33e-01
	avg_mag   	1.90e+01	+1.91e-02	-2.10e-02
Process Started on 2014-04-07 05:12:32.988948
It is currently    2014-04-07 05:13:22.550367
sampler.run_mcmc
Process Started on 2014-04-07 05:12:32.988948
It is currently    2014-04-07 05:19:21.888308
sampler.chain
90000
Mean acceptance fraction: 0.488
Errors based on 16th, 50th, and 84th percentile
Param     	MC_rec	err_up	err_low
delay     	2.38e-01	+2.87e-01	-2.15e-01
delta_mag 	2.47e-01	+1.52e-02	-1.16e-02
sigma     	3.98e-02	+1.15e-02	-9.49e-03
tau       	4.55e+00	+3.83e+00	-2.75e+00
avg_mag   	1.90e+01	+3.46e-02	-3.77e-02
Process Started on 2014-04-07 05:12:32.988948
It is currently    2014-04-07 05:19:28.126098
