
SIMULATION PARAMETERS
Namespace(avg_mag=19.0, delay=1.5, delta_mag=0.3, numorbits=40, outputtag='hubble_sim_r1144', photometricerror=0.05, redshift=0.658, sigma=0.07, tau=121.0)

Process Started on 2014-04-07 03:32:11.986980
The output_tag for this run is: hubble_sim_r1144_2014_04_07_03:32

CRUDE LIGHT CURVE PARAMETERS
----------------------------
parameter lc1   	lc2
----------------------------
sigma     +0.15 	+0.48
tau       +0.05 	+0.02
avg_mag   +18.74 	+19.05


BEGINNING LIGHT CURVE PARAMETER OPTIMIZATION

Optimization terminated successfully.
         Current function value: -430.619704
         Iterations: 49
         Function evaluations: 92
Optimization terminated successfully.
         Current function value: -407.347943
         Iterations: 99
         Function evaluations: 179

OPTIMIZED LIGHT CURVE PARAMETERS
--------------------------------
parameter lc1   	lc2
--------------------------------
sigma     +0.00 	+0.06
tau       +0.07 	+0.75
avg_mag   +18.74 	+19.04


Process Started on 2014-04-07 03:32:11.986980
It is now          2014-04-07 03:32:12.493127

time series is 2.51 days long
with  107 data points
The most common sample time distance is 0.01 days within the range of [0.02,0.01] days

1% done
10% done
25% done
50% done
75% done
DONE

Process Started on 2014-04-07 03:32:11.986980
It is now          2014-04-07 03:32:12.808115

BEST DELAY=1.24709e+00

INITIAL PARAMETERS (average of lc1 and lc2)
-------------------------------------------
delay      = 1.25
delta_mag  = 0.30
avg_mag    = 18.74
tau        = 0.41
sigma      = 0.03

Optimization terminated successfully.
         Current function value: -828.467239
         Iterations: 102
         Function evaluations: 183

INITIAL PARAMETERS (optimization of merged light curve)
-------------------------------------------------------
delay      = 1.25
delta_mag  = 0.30
avg_mag    = 18.74
tau        = 0.75
sigma      = 0.05


-------------
RUNNING EMCEE
-------------

pos
sampler
Process Started on 2014-04-07 03:32:11.986980
It is currently    2014-04-07 03:32:14.484238
burn-in sampler.run_mcmc
	Mean acceptance fraction: 0.542
	Errors based on 16th, 50th, and 84th percentile
	Param     	MC_rec	err_up	err_low
	delay     	1.30e+00	+1.96e-01	-3.48e-01
	delta_mag 	3.06e-01	+1.02e-02	-9.84e-03
	sigma     	5.37e-02	+1.12e-02	-1.07e-02
	tau       	7.69e-01	+2.74e-01	-1.94e-01
	avg_mag   	1.87e+01	+1.47e-02	-2.04e-02
Process Started on 2014-04-07 03:32:11.986980
It is currently    2014-04-07 03:33:01.144607
sampler.run_mcmc
Process Started on 2014-04-07 03:32:11.986980
It is currently    2014-04-07 03:38:58.953037
sampler.chain
90000
Mean acceptance fraction: 0.416
Errors based on 16th, 50th, and 84th percentile
Param     	MC_rec	err_up	err_low
delay     	1.38e+00	+2.06e-01	-4.74e-01
delta_mag 	3.08e-01	+1.09e-02	-1.21e-02
sigma     	4.94e-02	+8.66e-03	-7.57e-03
tau       	2.35e+00	+3.03e+00	-1.42e+00
avg_mag   	1.87e+01	+2.57e-02	-3.44e-02
Process Started on 2014-04-07 03:32:11.986980
It is currently    2014-04-07 03:39:05.323282
