
SIMULATION PARAMETERS
Namespace(avg_mag=19.0, delay=1.5, delta_mag=0.3, numorbits=40, outputtag='hubble_sim_r1029', photometricerror=0.02, redshift=0.658, sigma=0.07, tau=121.0)

Process Started on 2014-04-07 01:36:47.478535
The output_tag for this run is: hubble_sim_r1029_2014_04_07_01:36

CRUDE LIGHT CURVE PARAMETERS
----------------------------
parameter lc1   	lc2
----------------------------
sigma     +0.31 	+0.13
tau       +0.02 	+0.11
avg_mag   +18.65 	+18.97


BEGINNING LIGHT CURVE PARAMETER OPTIMIZATION

Optimization terminated successfully.
         Current function value: -585.155725
         Iterations: 121
         Function evaluations: 214
Optimization terminated successfully.
         Current function value: -602.064778
         Iterations: 99
         Function evaluations: 179

OPTIMIZED LIGHT CURVE PARAMETERS
--------------------------------
parameter lc1   	lc2
--------------------------------
sigma     +0.05 	+0.04
tau       +0.50 	+0.31
avg_mag   +18.65 	+18.97


Process Started on 2014-04-07 01:36:47.478535
It is now          2014-04-07 01:36:48.203171

time series is 2.51 days long
with  111 data points
The most common sample time distance is 0.01 days within the range of [0.01,0.03] days

1% done
10% done
25% done
50% done
75% done
DONE

Process Started on 2014-04-07 01:36:47.478535
It is now          2014-04-07 01:36:48.524541

BEST DELAY=4.43871e-01

INITIAL PARAMETERS (average of lc1 and lc2)
-------------------------------------------
delay      = 0.44
delta_mag  = 0.32
avg_mag    = 18.65
tau        = 0.41
sigma      = 0.04

Optimization terminated successfully.
         Current function value: -1179.594760
         Iterations: 106
         Function evaluations: 190

INITIAL PARAMETERS (optimization of merged light curve)
-------------------------------------------------------
delay      = 0.44
delta_mag  = 0.32
avg_mag    = 18.64
tau        = 0.68
sigma      = 0.04


-------------
RUNNING EMCEE
-------------

pos
sampler
Process Started on 2014-04-07 01:36:47.478535
It is currently    2014-04-07 01:36:50.218100
burn-in sampler.run_mcmc
	Mean acceptance fraction: 0.574
	Errors based on 16th, 50th, and 84th percentile
	Param     	MC_rec	err_up	err_low
	delay     	4.46e-01	+2.68e-02	-3.18e-02
	delta_mag 	3.17e-01	+2.08e-03	-2.36e-03
	sigma     	3.74e-02	+5.69e-03	-4.58e-03
	tau       	7.32e-01	+2.95e-01	-1.72e-01
	avg_mag   	1.86e+01	+1.06e-02	-1.11e-02
Process Started on 2014-04-07 01:36:47.478535
It is currently    2014-04-07 01:37:36.256945
sampler.run_mcmc
Process Started on 2014-04-07 01:36:47.478535
It is currently    2014-04-07 01:43:47.466800
sampler.chain
90000
Mean acceptance fraction: 0.510
Errors based on 16th, 50th, and 84th percentile
Param     	MC_rec	err_up	err_low
delay     	4.45e-01	+2.80e-02	-2.92e-02
delta_mag 	3.16e-01	+2.19e-03	-2.20e-03
sigma     	3.52e-02	+4.99e-03	-4.31e-03
tau       	2.40e+00	+2.49e+00	-1.42e+00
avg_mag   	1.86e+01	+1.85e-02	-2.57e-02
Process Started on 2014-04-07 01:36:47.478535
It is currently    2014-04-07 01:43:53.763144
