
SIMULATION PARAMETERS
Namespace(avg_mag=19.0, delay=1.5, delta_mag=0.3, numorbits=40, outputtag='hubble_sim_r1115', photometricerror=0.05, redshift=0.658, sigma=0.07, tau=121.0)

Process Started on 2014-04-07 03:03:05.806742
The output_tag for this run is: hubble_sim_r1115_2014_04_07_03:03

CRUDE LIGHT CURVE PARAMETERS
----------------------------
parameter lc1   	lc2
----------------------------
sigma     +0.56 	+0.26
tau       +0.01 	+0.03
avg_mag   +18.48 	+18.76


BEGINNING LIGHT CURVE PARAMETER OPTIMIZATION

Optimization terminated successfully.
         Current function value: -392.354403
         Iterations: 60
         Function evaluations: 112
Optimization terminated successfully.
         Current function value: -417.844208
         Iterations: 148
         Function evaluations: 264

OPTIMIZED LIGHT CURVE PARAMETERS
--------------------------------
parameter lc1   	lc2
--------------------------------
sigma     +0.00 	+0.04
tau       +0.01 	+0.31
avg_mag   +18.48 	+18.76


Process Started on 2014-04-07 03:03:05.806742
It is now          2014-04-07 03:03:06.528419

time series is 2.51 days long
with  107 data points
The most common sample time distance is 0.00 days within the range of [0.00,0.01] days

1% done
10% done
25% done
50% done
75% done
DONE

Process Started on 2014-04-07 03:03:05.806742
It is now          2014-04-07 03:03:06.855211

BEST DELAY=1.04578e+00

INITIAL PARAMETERS (average of lc1 and lc2)
-------------------------------------------
delay      = 1.05
delta_mag  = 0.28
avg_mag    = 18.48
tau        = 0.16
sigma      = 0.02

Optimization terminated successfully.
         Current function value: -835.679900
         Iterations: 99
         Function evaluations: 176

INITIAL PARAMETERS (optimization of merged light curve)
-------------------------------------------------------
delay      = 1.05
delta_mag  = 0.28
avg_mag    = 18.49
tau        = 0.87
sigma      = 0.04


-------------
RUNNING EMCEE
-------------

pos
sampler
Process Started on 2014-04-07 03:03:05.806742
It is currently    2014-04-07 03:03:08.558334
burn-in sampler.run_mcmc
	Mean acceptance fraction: 0.576
	Errors based on 16th, 50th, and 84th percentile
	Param     	MC_rec	err_up	err_low
	delay     	1.07e+00	+1.63e-01	-1.08e-01
	delta_mag 	2.94e-01	+7.53e-03	-7.85e-03
	sigma     	4.33e-02	+9.19e-03	-7.82e-03
	tau       	9.24e-01	+2.76e-01	-1.99e-01
	avg_mag   	1.85e+01	+1.53e-02	-1.62e-02
Process Started on 2014-04-07 03:03:05.806742
It is currently    2014-04-07 03:03:56.079641
sampler.run_mcmc
Process Started on 2014-04-07 03:03:05.806742
It is currently    2014-04-07 03:09:52.792410
sampler.chain
90000
Mean acceptance fraction: 0.495
Errors based on 16th, 50th, and 84th percentile
Param     	MC_rec	err_up	err_low
delay     	1.46e+00	+2.53e-01	-3.02e-01
delta_mag 	3.00e-01	+8.96e-03	-7.72e-03
sigma     	3.75e-02	+7.84e-03	-6.47e-03
tau       	3.88e+00	+3.06e+00	-2.24e+00
avg_mag   	1.85e+01	+2.92e-02	-2.61e-02
Process Started on 2014-04-07 03:03:05.806742
It is currently    2014-04-07 03:09:59.140176
