
SIMULATION PARAMETERS
Namespace(avg_mag=19.0, delay=1.5, delta_mag=0.3, numorbits=80, outputtag='hubble_sim_r219', photometricerror=0.1, redshift=0.658, sigma=0.07, tau=121.0)

Process Started on 2014-04-06 23:41:19.283759
The output_tag for this run is: hubble_sim_r219_2014_04_06_23:41

CRUDE LIGHT CURVE PARAMETERS
----------------------------
parameter lc1   	lc2
----------------------------
sigma     +0.76 	+0.56
tau       +0.01 	+0.05
avg_mag   +18.51 	+18.79


BEGINNING LIGHT CURVE PARAMETER OPTIMIZATION

Optimization terminated successfully.
         Current function value: -580.857112
         Iterations: 51
         Function evaluations: 98
Optimization terminated successfully.
         Current function value: -597.702652
         Iterations: 120
         Function evaluations: 216

OPTIMIZED LIGHT CURVE PARAMETERS
--------------------------------
parameter lc1   	lc2
--------------------------------
sigma     +0.00 	+0.04
tau       +0.01 	+3.71
avg_mag   +18.51 	+18.78


Process Started on 2014-04-06 23:41:19.283759
It is now          2014-04-06 23:41:21.327338

time series is 5.01 days long
with  227 data points
The most common sample time distance is 0.03 days within the range of [0.02,0.04] days

1% done
10% done
25% done
50% done
75% done
DONE

Process Started on 2014-04-06 23:41:19.283759
It is now          2014-04-06 23:41:22.436624

BEST DELAY=1.39428e+00

INITIAL PARAMETERS (average of lc1 and lc2)
-------------------------------------------
delay      = 1.39
delta_mag  = 0.27
avg_mag    = 18.51
tau        = 1.86
sigma      = 0.02

Optimization terminated successfully.
         Current function value: -1203.518173
         Iterations: 139
         Function evaluations: 252

INITIAL PARAMETERS (optimization of merged light curve)
-------------------------------------------------------
delay      = 1.39
delta_mag  = 0.27
avg_mag    = 18.50
tau        = 2.33
sigma      = 0.04


-------------
RUNNING EMCEE
-------------

pos
sampler
Process Started on 2014-04-06 23:41:19.283759
It is currently    2014-04-06 23:41:28.446886
burn-in sampler.run_mcmc
	Mean acceptance fraction: 0.592
	Errors based on 16th, 50th, and 84th percentile
	Param     	MC_rec	err_up	err_low
	delay     	1.45e+00	+1.01e-01	-8.27e-02
	delta_mag 	2.93e-01	+9.64e-03	-8.70e-03
	sigma     	4.65e-02	+7.38e-03	-8.06e-03
	tau       	2.38e+00	+4.57e-01	-2.95e-01
	avg_mag   	1.85e+01	+2.56e-02	-3.01e-02
Process Started on 2014-04-06 23:41:19.283759
It is currently    2014-04-06 23:44:03.221447
sampler.run_mcmc
Process Started on 2014-04-06 23:41:19.283759
It is currently    2014-04-07 00:04:01.551280
sampler.chain
90000
Mean acceptance fraction: 0.512
Errors based on 16th, 50th, and 84th percentile
Param     	MC_rec	err_up	err_low
delay     	1.51e+00	+9.65e-02	-9.28e-02
delta_mag 	2.99e-01	+8.09e-03	-7.96e-03
sigma     	4.21e-02	+7.25e-03	-6.08e-03
tau       	9.08e+00	+8.86e+00	-5.44e+00
avg_mag   	1.85e+01	+4.79e-02	-5.57e-02
Process Started on 2014-04-06 23:41:19.283759
It is currently    2014-04-07 00:04:08.441265
