
SIMULATION PARAMETERS
Namespace(avg_mag=19.0, delay=1.5, delta_mag=0.3, numorbits=40, outputtag='hubble_sim_r1186', photometricerror=0.05, redshift=0.658, sigma=0.07, tau=121.0)

Process Started on 2014-04-07 04:14:20.995151
The output_tag for this run is: hubble_sim_r1186_2014_04_07_04:14

CRUDE LIGHT CURVE PARAMETERS
----------------------------
parameter lc1   	lc2
----------------------------
sigma     +0.44 	+0.75
tau       +0.03 	+0.04
avg_mag   +18.71 	+18.91


BEGINNING LIGHT CURVE PARAMETER OPTIMIZATION

Optimization terminated successfully.
         Current function value: -406.159313
         Iterations: 123
         Function evaluations: 216
Optimization terminated successfully.
         Current function value: -404.107172
         Iterations: 139
         Function evaluations: 252

OPTIMIZED LIGHT CURVE PARAMETERS
--------------------------------
parameter lc1   	lc2
--------------------------------
sigma     +0.07 	+0.06
tau       +0.99 	+5.47
avg_mag   +18.69 	+18.94


Process Started on 2014-04-07 04:14:20.995151
It is now          2014-04-07 04:14:21.872459

time series is 2.50 days long
with  107 data points
The most common sample time distance is 0.02 days within the range of [0.01,0.03] days

1% done
10% done
25% done
50% done
75% done
DONE

Process Started on 2014-04-07 04:14:20.995151
It is now          2014-04-07 04:14:22.198158

BEST DELAY=1.24807e+00

INITIAL PARAMETERS (average of lc1 and lc2)
-------------------------------------------
delay      = 1.25
delta_mag  = 0.25
avg_mag    = 18.69
tau        = 3.23
sigma      = 0.07

Optimization terminated successfully.
         Current function value: -817.719694
         Iterations: 128
         Function evaluations: 226

INITIAL PARAMETERS (optimization of merged light curve)
-------------------------------------------------------
delay      = 1.25
delta_mag  = 0.25
avg_mag    = 18.65
tau        = 2.53
sigma      = 0.06


-------------
RUNNING EMCEE
-------------

pos
sampler
Process Started on 2014-04-07 04:14:20.995151
It is currently    2014-04-07 04:14:24.208850
burn-in sampler.run_mcmc
	Mean acceptance fraction: 0.582
	Errors based on 16th, 50th, and 84th percentile
	Param     	MC_rec	err_up	err_low
	delay     	1.36e+00	+9.42e-02	-7.41e-02
	delta_mag 	2.80e-01	+1.30e-02	-1.17e-02
	sigma     	6.42e-02	+8.27e-03	-7.57e-03
	tau       	2.48e+00	+5.81e-01	-3.34e-01
	avg_mag   	1.86e+01	+4.16e-02	-4.86e-02
Process Started on 2014-04-07 04:14:20.995151
It is currently    2014-04-07 04:15:09.160097
sampler.run_mcmc
Process Started on 2014-04-07 04:14:20.995151
It is currently    2014-04-07 04:21:07.768230
sampler.chain
90000
Mean acceptance fraction: 0.516
Errors based on 16th, 50th, and 84th percentile
Param     	MC_rec	err_up	err_low
delay     	1.44e+00	+8.01e-02	-7.53e-02
delta_mag 	2.89e-01	+1.37e-02	-1.19e-02
sigma     	6.06e-02	+7.93e-03	-6.76e-03
tau       	1.06e+01	+9.15e+00	-6.34e+00
avg_mag   	1.86e+01	+8.33e-02	-8.79e-02
Process Started on 2014-04-07 04:14:20.995151
It is currently    2014-04-07 04:21:13.864194
