
SIMULATION PARAMETERS
Namespace(avg_mag=19.0, delay=1.5, delta_mag=0.3, numorbits=40, outputtag='hubble_sim_r1178', photometricerror=0.05, redshift=0.658, sigma=0.07, tau=121.0)

Process Started on 2014-04-07 04:06:19.284465
The output_tag for this run is: hubble_sim_r1178_2014_04_07_04:06

CRUDE LIGHT CURVE PARAMETERS
----------------------------
parameter lc1   	lc2
----------------------------
sigma     +0.49 	+0.87
tau       +0.01 	+0.00
avg_mag   +18.77 	+19.12


BEGINNING LIGHT CURVE PARAMETER OPTIMIZATION

Optimization terminated successfully.
         Current function value: -413.069264
         Iterations: 192
         Function evaluations: 343
Optimization terminated successfully.
         Current function value: -402.926624
         Iterations: 60
         Function evaluations: 115

OPTIMIZED LIGHT CURVE PARAMETERS
--------------------------------
parameter lc1   	lc2
--------------------------------
sigma     +0.04 	+0.00
tau       +2.56 	+0.00
avg_mag   +18.77 	+19.12


Process Started on 2014-04-07 04:06:19.284465
It is now          2014-04-07 04:06:20.150673

time series is 2.51 days long
with  106 data points
The most common sample time distance is 0.01 days within the range of [0.02,0.01] days

1% done
10% done
25% done
50% done
75% done
DONE

Process Started on 2014-04-07 04:06:19.284465
It is now          2014-04-07 04:06:20.489129

BEST DELAY=4.46558e-01

INITIAL PARAMETERS (average of lc1 and lc2)
-------------------------------------------
delay      = 0.45
delta_mag  = 0.35
avg_mag    = 18.77
tau        = 1.28
sigma      = 0.02

Optimization terminated successfully.
         Current function value: -831.538624
         Iterations: 133
         Function evaluations: 234

INITIAL PARAMETERS (optimization of merged light curve)
-------------------------------------------------------
delay      = 0.45
delta_mag  = 0.35
avg_mag    = 18.76
tau        = 2.26
sigma      = 0.03


-------------
RUNNING EMCEE
-------------

pos
sampler
Process Started on 2014-04-07 04:06:19.284465
It is currently    2014-04-07 04:06:22.405135
burn-in sampler.run_mcmc
	Mean acceptance fraction: 0.579
	Errors based on 16th, 50th, and 84th percentile
	Param     	MC_rec	err_up	err_low
	delay     	5.06e-01	+1.18e-01	-1.01e-01
	delta_mag 	3.39e-01	+6.69e-03	-7.82e-03
	sigma     	3.34e-02	+9.10e-03	-5.95e-03
	tau       	2.32e+00	+4.33e-01	-3.68e-01
	avg_mag   	1.88e+01	+2.43e-02	-2.30e-02
Process Started on 2014-04-07 04:06:19.284465
It is currently    2014-04-07 04:07:07.825876
sampler.run_mcmc
Process Started on 2014-04-07 04:06:19.284465
It is currently    2014-04-07 04:12:45.528952
sampler.chain
90000
Mean acceptance fraction: 0.457
Errors based on 16th, 50th, and 84th percentile
Param     	MC_rec	err_up	err_low
delay     	1.45e+00	+1.00e-01	-6.74e-01
delta_mag 	3.05e-01	+2.18e-02	-9.71e-03
sigma     	3.27e-02	+6.63e-03	-5.57e-03
tau       	1.08e+01	+7.72e+00	-6.33e+00
avg_mag   	1.88e+01	+4.70e-02	-4.73e-02
Process Started on 2014-04-07 04:06:19.284465
It is currently    2014-04-07 04:12:51.686483
