
SIMULATION PARAMETERS
Namespace(avg_mag=19.0, delay=1.5, delta_mag=0.3, numorbits=40, outputtag='hubble_sim_r1299', photometricerror=0.1, redshift=0.658, sigma=0.07, tau=121.0)

Process Started on 2014-04-07 06:07:44.485814
The output_tag for this run is: hubble_sim_r1299_2014_04_07_06:07

CRUDE LIGHT CURVE PARAMETERS
----------------------------
parameter lc1   	lc2
----------------------------
sigma     +0.28 	+0.66
tau       +0.03 	+0.01
avg_mag   +18.44 	+18.69


BEGINNING LIGHT CURVE PARAMETER OPTIMIZATION

Optimization terminated successfully.
         Current function value: -306.238958
         Iterations: 51
         Function evaluations: 97
Optimization terminated successfully.
         Current function value: -292.548569
         Iterations: 53
         Function evaluations: 102

OPTIMIZED LIGHT CURVE PARAMETERS
--------------------------------
parameter lc1   	lc2
--------------------------------
sigma     +0.00 	+0.00
tau       +0.04 	+0.01
avg_mag   +18.44 	+18.69


Process Started on 2014-04-07 06:07:44.485814
It is now          2014-04-07 06:07:44.862503

time series is 2.51 days long
with  114 data points
The most common sample time distance is 0.02 days within the range of [0.01,0.03] days

1% done
10% done
25% done
50% done
75% done
DONE

Process Started on 2014-04-07 06:07:44.485814
It is now          2014-04-07 06:07:45.182849

BEST DELAY=4.43564e-01

INITIAL PARAMETERS (average of lc1 and lc2)
-------------------------------------------
delay      = 0.44
delta_mag  = 0.25
avg_mag    = 18.44
tau        = 0.03
sigma      = 0.00

Optimization terminated successfully.
         Current function value: -606.095053
         Iterations: 97
         Function evaluations: 176

INITIAL PARAMETERS (optimization of merged light curve)
-------------------------------------------------------
delay      = 0.44
delta_mag  = 0.25
avg_mag    = 18.43
tau        = 0.70
sigma      = 0.04


-------------
RUNNING EMCEE
-------------

pos
sampler
Process Started on 2014-04-07 06:07:44.485814
It is currently    2014-04-07 06:07:46.927873
burn-in sampler.run_mcmc
	Mean acceptance fraction: 0.574
	Errors based on 16th, 50th, and 84th percentile
	Param     	MC_rec	err_up	err_low
	delay     	5.37e-01	+2.68e-01	-1.62e-01
	delta_mag 	2.55e-01	+1.34e-02	-1.10e-02
	sigma     	4.61e-02	+1.45e-02	-1.28e-02
	tau       	7.48e-01	+2.21e-01	-1.39e-01
	avg_mag   	1.84e+01	+1.57e-02	-2.04e-02
Process Started on 2014-04-07 06:07:44.485814
It is currently    2014-04-07 06:08:33.492430
sampler.run_mcmc
Process Started on 2014-04-07 06:07:44.485814
It is currently    2014-04-07 06:14:22.835597
sampler.chain
90000
Mean acceptance fraction: 0.497
Errors based on 16th, 50th, and 84th percentile
Param     	MC_rec	err_up	err_low
delay     	9.64e-01	+3.98e-01	-3.24e-01
delta_mag 	2.69e-01	+1.68e-02	-1.46e-02
sigma     	4.11e-02	+1.15e-02	-1.01e-02
tau       	2.73e+00	+2.67e+00	-1.64e+00
avg_mag   	1.84e+01	+2.54e-02	-3.18e-02
Process Started on 2014-04-07 06:07:44.485814
It is currently    2014-04-07 06:14:28.780495
