
SIMULATION PARAMETERS
Namespace(avg_mag=19.0, delay=1.5, delta_mag=0.3, numorbits=40, outputtag='hubble_sim_r1230', photometricerror=0.1, redshift=0.658, sigma=0.07, tau=121.0)

Process Started on 2014-04-07 04:58:30.033667
The output_tag for this run is: hubble_sim_r1230_2014_04_07_04:58

CRUDE LIGHT CURVE PARAMETERS
----------------------------
parameter lc1   	lc2
----------------------------
sigma     +0.23 	+0.22
tau       +0.02 	+0.04
avg_mag   +17.99 	+18.29


BEGINNING LIGHT CURVE PARAMETER OPTIMIZATION

Optimization terminated successfully.
         Current function value: -298.935468
         Iterations: 56
         Function evaluations: 101
Optimization terminated successfully.
         Current function value: -297.278526
         Iterations: 48
         Function evaluations: 91

OPTIMIZED LIGHT CURVE PARAMETERS
--------------------------------
parameter lc1   	lc2
--------------------------------
sigma     +0.00 	+0.00
tau       +0.03 	+0.06
avg_mag   +17.99 	+18.29


Process Started on 2014-04-07 04:58:30.033667
It is now          2014-04-07 04:58:30.391290

time series is 2.51 days long
with  110 data points
The most common sample time distance is 0.01 days within the range of [0.01,0.03] days

1% done
10% done
25% done
50% done
75% done
DONE

Process Started on 2014-04-07 04:58:30.033667
It is now          2014-04-07 04:58:30.705250

BEST DELAY=-2.53490e-01

INITIAL PARAMETERS (average of lc1 and lc2)
-------------------------------------------
delay      = -0.25
delta_mag  = 0.31
avg_mag    = 17.99
tau        = 0.05
sigma      = 0.00

Optimization terminated successfully.
         Current function value: -596.213993
         Iterations: 50
         Function evaluations: 98

INITIAL PARAMETERS (optimization of merged light curve)
-------------------------------------------------------
delay      = -0.25
delta_mag  = 0.31
avg_mag    = 17.99
tau        = 0.05
sigma      = 0.00


-------------
RUNNING EMCEE
-------------

pos
sampler
Process Started on 2014-04-07 04:58:30.033667
It is currently    2014-04-07 04:58:32.047616
burn-in sampler.run_mcmc
	Mean acceptance fraction: 0.469
	Errors based on 16th, 50th, and 84th percentile
	Param     	MC_rec	err_up	err_low
	delay     	-2.41e-01	+2.62e-01	-1.72e-01
	delta_mag 	3.06e-01	+1.09e-02	-1.16e-02
	sigma     	1.50e-04	+8.90e-05	-1.08e-04
	tau       	6.42e-02	+8.19e-02	-3.90e-02
	avg_mag   	1.80e+01	+8.01e-03	-7.20e-03
Process Started on 2014-04-07 04:58:30.033667
It is currently    2014-04-07 04:59:07.019460
sampler.run_mcmc
Process Started on 2014-04-07 04:58:30.033667
It is currently    2014-04-07 05:03:40.122226
sampler.chain
90000
Mean acceptance fraction: 0.409
Errors based on 16th, 50th, and 84th percentile
Param     	MC_rec	err_up	err_low
delay     	-2.57e-01	+8.37e-01	-8.25e-01
delta_mag 	3.06e-01	+9.15e-03	-9.52e-03
sigma     	1.38e-04	+9.21e-05	-9.29e-05
tau       	2.35e-01	+1.73e-01	-1.64e-01
avg_mag   	1.80e+01	+6.92e-03	-6.44e-03
Process Started on 2014-04-07 04:58:30.033667
It is currently    2014-04-07 05:03:46.515398
