
SIMULATION PARAMETERS
Namespace(avg_mag=19.0, delay=1.5, delta_mag=0.3, numorbits=40, outputtag='hubble_sim_r1215', photometricerror=0.1, redshift=0.658, sigma=0.07, tau=121.0)

Process Started on 2014-04-07 04:43:26.901618
The output_tag for this run is: hubble_sim_r1215_2014_04_07_04:43

CRUDE LIGHT CURVE PARAMETERS
----------------------------
parameter lc1   	lc2
----------------------------
sigma     +1.65 	+0.80
tau       +0.00 	+0.01
avg_mag   +20.29 	+20.53


BEGINNING LIGHT CURVE PARAMETER OPTIMIZATION

Optimization terminated successfully.
         Current function value: -276.593977
         Iterations: 57
         Function evaluations: 111
Optimization terminated successfully.
         Current function value: -270.890241
         Iterations: 56
         Function evaluations: 107

OPTIMIZED LIGHT CURVE PARAMETERS
--------------------------------
parameter lc1   	lc2
--------------------------------
sigma     +0.00 	+0.00
tau       +0.00 	+0.01
avg_mag   +20.29 	+20.53


Process Started on 2014-04-07 04:43:26.901618
It is now          2014-04-07 04:43:27.291552

time series is 2.52 days long
with  107 data points
The most common sample time distance is 0.02 days within the range of [0.01,0.03] days

1% done
10% done
25% done
50% done
75% done
DONE

Process Started on 2014-04-07 04:43:26.901618
It is now          2014-04-07 04:43:27.602164

BEST DELAY=-5.92908e-02

INITIAL PARAMETERS (average of lc1 and lc2)
-------------------------------------------
delay      = -0.06
delta_mag  = 0.24
avg_mag    = 20.29
tau        = 0.01
sigma      = 0.00

Optimization terminated successfully.
         Current function value: -547.484217
         Iterations: 53
         Function evaluations: 101

INITIAL PARAMETERS (optimization of merged light curve)
-------------------------------------------------------
delay      = -0.06
delta_mag  = 0.24
avg_mag    = 20.29
tau        = 0.01
sigma      = 0.00


-------------
RUNNING EMCEE
-------------

pos
sampler
Process Started on 2014-04-07 04:43:26.901618
It is currently    2014-04-07 04:43:28.976744
burn-in sampler.run_mcmc
	Mean acceptance fraction: 0.442
	Errors based on 16th, 50th, and 84th percentile
	Param     	MC_rec	err_up	err_low
	delay     	-5.36e-02	+4.89e-02	-4.27e-02
	delta_mag 	2.39e-01	+1.05e-02	-9.94e-03
	sigma     	2.23e-04	+1.71e-04	-1.54e-04
	tau       	1.91e-02	+2.76e-02	-1.44e-02
	avg_mag   	2.03e+01	+6.79e-03	-6.58e-03
Process Started on 2014-04-07 04:43:26.901618
It is currently    2014-04-07 04:44:02.218753
sampler.run_mcmc
Process Started on 2014-04-07 04:43:26.901618
It is currently    2014-04-07 04:48:25.550892
sampler.chain
90000
Mean acceptance fraction: 0.407
Errors based on 16th, 50th, and 84th percentile
Param     	MC_rec	err_up	err_low
delay     	-1.04e-01	+8.69e-01	-8.17e-01
delta_mag 	2.39e-01	+9.31e-03	-9.57e-03
sigma     	2.19e-04	+1.53e-04	-1.49e-04
tau       	5.49e-02	+3.82e-02	-3.74e-02
avg_mag   	2.03e+01	+6.81e-03	-6.82e-03
Process Started on 2014-04-07 04:43:26.901618
It is currently    2014-04-07 04:48:32.104868
