
SIMULATION PARAMETERS
Namespace(avg_mag=19.0, delay=1.5, delta_mag=0.3, numorbits=80, outputtag='hubble_sim_r196', photometricerror=0.05, redshift=0.658, sigma=0.07, tau=121.0)

Process Started on 2014-04-06 23:16:11.196872
The output_tag for this run is: hubble_sim_r196_2014_04_06_23:16

CRUDE LIGHT CURVE PARAMETERS
----------------------------
parameter lc1   	lc2
----------------------------
sigma     +0.31 	+0.40
tau       +0.55 	+0.05
avg_mag   +18.82 	+19.12


BEGINNING LIGHT CURVE PARAMETER OPTIMIZATION

Optimization terminated successfully.
         Current function value: -835.534887
         Iterations: 105
         Function evaluations: 194
Optimization terminated successfully.
         Current function value: -831.557849
         Iterations: 118
         Function evaluations: 216

OPTIMIZED LIGHT CURVE PARAMETERS
--------------------------------
parameter lc1   	lc2
--------------------------------
sigma     +0.05 	+0.05
tau       +1.82 	+1.51
avg_mag   +18.80 	+19.12


Process Started on 2014-04-06 23:16:11.196872
It is now          2014-04-06 23:16:13.777157

time series is 5.00 days long
with  215 data points
The most common sample time distance is 0.01 days within the range of [0.01,0.01] days

1% done
10% done
25% done
50% done
75% done
DONE

Process Started on 2014-04-06 23:16:11.196872
It is now          2014-04-06 23:16:14.812809

BEST DELAY=1.49827e+00

INITIAL PARAMETERS (average of lc1 and lc2)
-------------------------------------------
delay      = 1.50
delta_mag  = 0.32
avg_mag    = 18.80
tau        = 1.66
sigma      = 0.05

Optimization terminated successfully.
         Current function value: -1682.331033
         Iterations: 137
         Function evaluations: 246

INITIAL PARAMETERS (optimization of merged light curve)
-------------------------------------------------------
delay      = 1.50
delta_mag  = 0.32
avg_mag    = 18.79
tau        = 1.67
sigma      = 0.05


-------------
RUNNING EMCEE
-------------

pos
sampler
Process Started on 2014-04-06 23:16:11.196872
It is currently    2014-04-06 23:16:19.636697
burn-in sampler.run_mcmc
	Mean acceptance fraction: 0.582
	Errors based on 16th, 50th, and 84th percentile
	Param     	MC_rec	err_up	err_low
	delay     	1.50e+00	+3.41e-02	-3.19e-02
	delta_mag 	3.03e-01	+4.86e-03	-4.73e-03
	sigma     	4.81e-02	+5.57e-03	-5.57e-03
	tau       	1.67e+00	+1.87e-01	-1.72e-01
	avg_mag   	1.88e+01	+1.81e-02	-2.08e-02
Process Started on 2014-04-06 23:16:11.196872
It is currently    2014-04-06 23:18:40.545143
sampler.run_mcmc
Process Started on 2014-04-06 23:16:11.196872
It is currently    2014-04-06 23:35:30.279700
sampler.chain
90000
Mean acceptance fraction: 0.507
Errors based on 16th, 50th, and 84th percentile
Param     	MC_rec	err_up	err_low
delay     	1.50e+00	+3.39e-02	-3.21e-02
delta_mag 	3.03e-01	+4.09e-03	-4.22e-03
sigma     	4.62e-02	+5.03e-03	-4.64e-03
tau       	4.63e+00	+6.65e+00	-2.67e+00
avg_mag   	1.88e+01	+3.22e-02	-4.49e-02
Process Started on 2014-04-06 23:16:11.196872
It is currently    2014-04-06 23:35:39.055998
