
SIMULATION PARAMETERS
Namespace(avg_mag=19.0, delay=1.5, delta_mag=0.3, numorbits=40, outputtag='hubble_sim_r1015', photometricerror=0.02, redshift=0.658, sigma=0.07, tau=121.0)

Process Started on 2014-04-07 01:22:44.971737
The output_tag for this run is: hubble_sim_r1015_2014_04_07_01:22

CRUDE LIGHT CURVE PARAMETERS
----------------------------
parameter lc1   	lc2
----------------------------
sigma     +0.52 	+0.63
tau       +0.01 	+0.03
avg_mag   +17.79 	+18.04


BEGINNING LIGHT CURVE PARAMETER OPTIMIZATION

Optimization terminated successfully.
         Current function value: -606.364193
         Iterations: 134
         Function evaluations: 236
Optimization terminated successfully.
         Current function value: -594.803933
         Iterations: 122
         Function evaluations: 219

OPTIMIZED LIGHT CURVE PARAMETERS
--------------------------------
parameter lc1   	lc2
--------------------------------
sigma     +0.05 	+0.06
tau       +0.53 	+2.20
avg_mag   +17.79 	+18.06


Process Started on 2014-04-07 01:22:44.971737
It is now          2014-04-07 01:22:45.964224

time series is 2.50 days long
with  114 data points
The most common sample time distance is 0.01 days within the range of [0.02,0.01] days

1% done
10% done
25% done
50% done
75% done
DONE

Process Started on 2014-04-07 01:22:44.971737
It is now          2014-04-07 01:22:46.298078

BEST DELAY=1.24947e+00

INITIAL PARAMETERS (average of lc1 and lc2)
-------------------------------------------
delay      = 1.25
delta_mag  = 0.26
avg_mag    = 17.79
tau        = 1.36
sigma      = 0.05

Optimization terminated successfully.
         Current function value: -1136.290892
         Iterations: 131
         Function evaluations: 240

INITIAL PARAMETERS (optimization of merged light curve)
-------------------------------------------------------
delay      = 1.25
delta_mag  = 0.26
avg_mag    = 17.78
tau        = 1.28
sigma      = 0.06


-------------
RUNNING EMCEE
-------------

pos
sampler
Process Started on 2014-04-07 01:22:44.971737
It is currently    2014-04-07 01:22:48.364532
burn-in sampler.run_mcmc
	Mean acceptance fraction: 0.550
	Errors based on 16th, 50th, and 84th percentile
	Param     	MC_rec	err_up	err_low
	delay     	1.44e+00	+6.29e-02	-1.10e-01
	delta_mag 	2.96e-01	+5.38e-03	-5.21e-03
	sigma     	5.94e-02	+6.54e-03	-6.87e-03
	tau       	1.33e+00	+9.88e-02	-5.46e-02
	avg_mag   	1.78e+01	+2.24e-02	-2.41e-02
Process Started on 2014-04-07 01:22:44.971737
It is currently    2014-04-07 01:23:38.800055
sampler.run_mcmc
Process Started on 2014-04-07 01:22:44.971737
It is currently    2014-04-07 01:30:15.469569
sampler.chain
90000
Mean acceptance fraction: 0.516
Errors based on 16th, 50th, and 84th percentile
Param     	MC_rec	err_up	err_low
delay     	1.50e+00	+1.45e-02	-1.46e-02
delta_mag 	2.99e-01	+3.05e-03	-2.99e-03
sigma     	5.41e-02	+4.52e-03	-4.28e-03
tau       	5.05e+00	+4.67e+00	-2.84e+00
avg_mag   	1.78e+01	+4.98e-02	-4.79e-02
Process Started on 2014-04-07 01:22:44.971737
It is currently    2014-04-07 01:30:21.673145
