
SIMULATION PARAMETERS
Namespace(avg_mag=19.0, delay=1.5, delta_mag=0.3, numorbits=80, outputtag='hubble_sim_r232', photometricerror=0.1, redshift=0.658, sigma=0.07, tau=121.0)

Process Started on 2014-04-06 23:55:23.723954
The output_tag for this run is: hubble_sim_r232_2014_04_06_23:55

CRUDE LIGHT CURVE PARAMETERS
----------------------------
parameter lc1   	lc2
----------------------------
sigma     +0.67 	+0.98
tau       +0.02 	+0.03
avg_mag   +19.10 	+19.34


BEGINNING LIGHT CURVE PARAMETER OPTIMIZATION

Optimization terminated successfully.
         Current function value: -546.362019
         Iterations: 58
         Function evaluations: 110
Optimization terminated successfully.
         Current function value: -575.110591
         Iterations: 146
         Function evaluations: 259

OPTIMIZED LIGHT CURVE PARAMETERS
--------------------------------
parameter lc1   	lc2
--------------------------------
sigma     +0.00 	+0.06
tau       +0.02 	+5.39
avg_mag   +19.10 	+19.30


Process Started on 2014-04-06 23:55:23.723954
It is now          2014-04-06 23:55:26.184789

time series is 5.00 days long
with  222 data points
The most common sample time distance is 0.01 days within the range of [0.01,0.01] days

1% done
10% done
25% done
50% done
75% done
DONE

Process Started on 2014-04-06 23:55:23.723954
It is now          2014-04-06 23:55:27.316921

BEST DELAY=-2.50243e+00

INITIAL PARAMETERS (average of lc1 and lc2)
-------------------------------------------
delay      = -2.50
delta_mag  = 0.20
avg_mag    = 19.10
tau        = 2.70
sigma      = 0.03

Optimization terminated successfully.
         Current function value: -1134.286865
         Iterations: 124
         Function evaluations: 219

INITIAL PARAMETERS (optimization of merged light curve)
-------------------------------------------------------
delay      = -2.50
delta_mag  = 0.20
avg_mag    = 19.11
tau        = 4.06
sigma      = 0.06


-------------
RUNNING EMCEE
-------------

pos
sampler
Process Started on 2014-04-06 23:55:23.723954
It is currently    2014-04-06 23:55:32.305287
burn-in sampler.run_mcmc
	Mean acceptance fraction: 0.577
	Errors based on 16th, 50th, and 84th percentile
	Param     	MC_rec	err_up	err_low
	delay     	-2.81e+00	+1.86e-01	-2.13e-01
	delta_mag 	1.42e-01	+1.47e-02	-1.71e-02
	sigma     	6.90e-02	+9.16e-03	-7.54e-03
	tau       	4.02e+00	+3.57e-01	-3.48e-01
	avg_mag   	1.92e+01	+5.99e-02	-6.57e-02
Process Started on 2014-04-06 23:55:23.723954
It is currently    2014-04-06 23:58:02.855026
sampler.run_mcmc
Process Started on 2014-04-06 23:55:23.723954
It is currently    2014-04-07 00:14:24.964934
sampler.chain
90000
Mean acceptance fraction: 0.503
Errors based on 16th, 50th, and 84th percentile
Param     	MC_rec	err_up	err_low
delay     	-3.58e+00	+4.49e-01	-3.99e-01
delta_mag 	9.95e-02	+2.47e-02	-2.69e-02
sigma     	6.20e-02	+7.07e-03	-6.35e-03
tau       	1.91e+01	+1.38e+01	-1.10e+01
avg_mag   	1.91e+01	+1.16e-01	-1.13e-01
Process Started on 2014-04-06 23:55:23.723954
It is currently    2014-04-07 00:14:31.563518
