
SIMULATION PARAMETERS
Namespace(avg_mag=19.0, delay=1.5, delta_mag=0.3, numorbits=80, outputtag='hubble_sim_r74', photometricerror=0.02, redshift=0.658, sigma=0.07, tau=121.0)

Process Started on 2014-04-06 21:02:00.729572
The output_tag for this run is: hubble_sim_r74_2014_04_06_21:02

CRUDE LIGHT CURVE PARAMETERS
----------------------------
parameter lc1   	lc2
----------------------------
sigma     +0.27 	+0.26
tau       +0.21 	+3.61
avg_mag   +18.51 	+18.81


BEGINNING LIGHT CURVE PARAMETER OPTIMIZATION

Optimization terminated successfully.
         Current function value: -1096.440590
         Iterations: 113
         Function evaluations: 208
Optimization terminated successfully.
         Current function value: -1101.182592
         Iterations: 123
         Function evaluations: 223

OPTIMIZED LIGHT CURVE PARAMETERS
--------------------------------
parameter lc1   	lc2
--------------------------------
sigma     +0.04 	+0.04
tau       +1.90 	+1.18
avg_mag   +18.49 	+18.81


Process Started on 2014-04-06 21:02:00.729572
It is now          2014-04-06 21:02:02.248471

time series is 5.00 days long
with  207 data points
The most common sample time distance is 0.01 days within the range of [0.01,0.01] days

1% done
10% done
25% done
50% done
75% done
DONE

Process Started on 2014-04-06 21:02:00.729572
It is now          2014-04-06 21:02:02.877993

BEST DELAY=1.49895e+00

INITIAL PARAMETERS (average of lc1 and lc2)
-------------------------------------------
delay      = 1.50
delta_mag  = 0.33
avg_mag    = 18.49
tau        = 1.54
sigma      = 0.04

Optimization terminated successfully.
         Current function value: -2110.188565
         Iterations: 109
         Function evaluations: 194

INITIAL PARAMETERS (optimization of merged light curve)
-------------------------------------------------------
delay      = 1.50
delta_mag  = 0.33
avg_mag    = 18.49
tau        = 1.23
sigma      = 0.05


-------------
RUNNING EMCEE
-------------

pos
sampler
Process Started on 2014-04-06 21:02:00.729572
It is currently    2014-04-06 21:02:05.644821
burn-in sampler.run_mcmc
	Mean acceptance fraction: 0.537
	Errors based on 16th, 50th, and 84th percentile
	Param     	MC_rec	err_up	err_low
	delay     	1.50e+00	+9.48e-03	-1.02e-02
	delta_mag 	3.02e-01	+2.69e-03	-2.21e-03
	sigma     	4.90e-02	+4.42e-03	-3.62e-03
	tau       	1.23e+00	+1.08e-01	-7.08e-02
	avg_mag   	1.85e+01	+1.51e-02	-1.40e-02
Process Started on 2014-04-06 21:02:00.729572
It is currently    2014-04-06 21:04:31.812285
sampler.run_mcmc
Process Started on 2014-04-06 21:02:00.729572
It is currently    2014-04-06 21:20:45.110630
sampler.chain
90000
Mean acceptance fraction: 0.505
Errors based on 16th, 50th, and 84th percentile
Param     	MC_rec	err_up	err_low
delay     	1.50e+00	+7.62e-03	-7.85e-03
delta_mag 	3.00e-01	+1.71e-03	-1.77e-03
sigma     	4.70e-02	+3.63e-03	-3.22e-03
tau       	3.46e+00	+5.01e+00	-1.95e+00
avg_mag   	1.85e+01	+2.90e-02	-3.41e-02
Process Started on 2014-04-06 21:02:00.729572
It is currently    2014-04-06 21:20:51.819841
