
SIMULATION PARAMETERS
Namespace(avg_mag=19.0, delay=1.5, delta_mag=0.3, numorbits=40, outputtag='hubble_sim_r1096', photometricerror=0.02, redshift=0.658, sigma=0.07, tau=121.0)

Process Started on 2014-04-07 02:44:01.828479
The output_tag for this run is: hubble_sim_r1096_2014_04_07_02:44

CRUDE LIGHT CURVE PARAMETERS
----------------------------
parameter lc1   	lc2
----------------------------
sigma     +0.66 	+1.03
tau       +0.02 	+0.00
avg_mag   +18.81 	+19.07


BEGINNING LIGHT CURVE PARAMETER OPTIMIZATION

Optimization terminated successfully.
         Current function value: -567.273767
         Iterations: 107
         Function evaluations: 193
Optimization terminated successfully.
         Current function value: -562.845204
         Iterations: 159
         Function evaluations: 282

OPTIMIZED LIGHT CURVE PARAMETERS
--------------------------------
parameter lc1   	lc2
--------------------------------
sigma     +0.07 	+0.07
tau       +0.99 	+0.98
avg_mag   +18.80 	+19.10


Process Started on 2014-04-07 02:44:01.828479
It is now          2014-04-07 02:44:02.742927

time series is 2.50 days long
with  111 data points
The most common sample time distance is 0.01 days within the range of [0.02,0.01] days

1% done
10% done
25% done
50% done
75% done
DONE

Process Started on 2014-04-07 02:44:01.828479
It is now          2014-04-07 02:44:03.073850

BEST DELAY=1.24861e+00

INITIAL PARAMETERS (average of lc1 and lc2)
-------------------------------------------
delay      = 1.25
delta_mag  = 0.30
avg_mag    = 18.80
tau        = 0.98
sigma      = 0.07

Optimization terminated successfully.
         Current function value: -991.423572
         Iterations: 109
         Function evaluations: 199

INITIAL PARAMETERS (optimization of merged light curve)
-------------------------------------------------------
delay      = 1.25
delta_mag  = 0.30
avg_mag    = 18.80
tau        = 0.89
sigma      = 0.07


-------------
RUNNING EMCEE
-------------

pos
sampler
Process Started on 2014-04-07 02:44:01.828479
It is currently    2014-04-07 02:44:04.841155
burn-in sampler.run_mcmc
	Mean acceptance fraction: 0.510
	Errors based on 16th, 50th, and 84th percentile
	Param     	MC_rec	err_up	err_low
	delay     	1.48e+00	+2.03e-02	-7.26e-02
	delta_mag 	2.94e-01	+5.11e-03	-9.15e-03
	sigma     	7.45e-02	+8.56e-03	-6.42e-03
	tau       	9.53e-01	+1.61e-01	-9.75e-02
	avg_mag   	1.88e+01	+3.20e-02	-3.33e-02
Process Started on 2014-04-07 02:44:01.828479
It is currently    2014-04-07 02:44:51.094304
sampler.run_mcmc
Process Started on 2014-04-07 02:44:01.828479
It is currently    2014-04-07 02:51:07.322285
sampler.chain
90000
Mean acceptance fraction: 0.506
Errors based on 16th, 50th, and 84th percentile
Param     	MC_rec	err_up	err_low
delay     	1.50e+00	+9.60e-03	-9.08e-03
delta_mag 	2.98e-01	+3.15e-03	-3.23e-03
sigma     	7.05e-02	+5.01e-03	-4.65e-03
tau       	2.37e+00	+3.36e+00	-1.25e+00
avg_mag   	1.88e+01	+4.19e-02	-3.91e-02
Process Started on 2014-04-07 02:44:01.828479
It is currently    2014-04-07 02:51:13.705860
