
SIMULATION PARAMETERS
Namespace(avg_mag=19.0, delay=1.5, delta_mag=0.3, numorbits=40, outputtag='hubble_sim_r1013', photometricerror=0.02, redshift=0.658, sigma=0.07, tau=121.0)

Process Started on 2014-04-07 01:20:45.926614
The output_tag for this run is: hubble_sim_r1013_2014_04_07_01:20

CRUDE LIGHT CURVE PARAMETERS
----------------------------
parameter lc1   	lc2
----------------------------
sigma     +0.41 	+0.76
tau       +0.02 	+0.02
avg_mag   +18.67 	+18.87


BEGINNING LIGHT CURVE PARAMETER OPTIMIZATION

Optimization terminated successfully.
         Current function value: -569.352103
         Iterations: 122
         Function evaluations: 219
Optimization terminated successfully.
         Current function value: -569.793386
         Iterations: 142
         Function evaluations: 254

OPTIMIZED LIGHT CURVE PARAMETERS
--------------------------------
parameter lc1   	lc2
--------------------------------
sigma     +0.05 	+0.05
tau       +1.39 	+3.78
avg_mag   +18.66 	+18.91


Process Started on 2014-04-07 01:20:45.926614
It is now          2014-04-07 01:20:47.467506

time series is 2.51 days long
with  109 data points
The most common sample time distance is 0.01 days within the range of [0.02,0.01] days

1% done
10% done
25% done
50% done
75% done
DONE

Process Started on 2014-04-07 01:20:45.926614
It is now          2014-04-07 01:20:47.986407

BEST DELAY=1.24581e+00

INITIAL PARAMETERS (average of lc1 and lc2)
-------------------------------------------
delay      = 1.25
delta_mag  = 0.25
avg_mag    = 18.66
tau        = 2.59
sigma      = 0.05

Optimization terminated successfully.
         Current function value: -1047.288094
         Iterations: 127
         Function evaluations: 224

INITIAL PARAMETERS (optimization of merged light curve)
-------------------------------------------------------
delay      = 1.25
delta_mag  = 0.25
avg_mag    = 18.65
tau        = 2.69
sigma      = 0.05


-------------
RUNNING EMCEE
-------------

pos
sampler
Process Started on 2014-04-07 01:20:45.926614
It is currently    2014-04-07 01:20:51.198114
burn-in sampler.run_mcmc
	Mean acceptance fraction: 0.530
	Errors based on 16th, 50th, and 84th percentile
	Param     	MC_rec	err_up	err_low
	delay     	1.45e+00	+3.85e-02	-9.05e-02
	delta_mag 	2.92e-01	+6.28e-03	-1.11e-02
	sigma     	6.14e-02	+6.66e-03	-7.58e-03
	tau       	2.54e+00	+1.51e-01	-1.84e-01
	avg_mag   	1.87e+01	+4.48e-02	-4.22e-02
Process Started on 2014-04-07 01:20:45.926614
It is currently    2014-04-07 01:21:50.712248
sampler.run_mcmc
Process Started on 2014-04-07 01:20:45.926614
It is currently    2014-04-07 01:28:14.382405
sampler.chain
90000
Mean acceptance fraction: 0.517
Errors based on 16th, 50th, and 84th percentile
Param     	MC_rec	err_up	err_low
delay     	1.50e+00	+1.34e-02	-1.44e-02
delta_mag 	2.99e-01	+3.29e-03	-3.33e-03
sigma     	5.28e-02	+4.47e-03	-4.18e-03
tau       	1.23e+01	+9.54e+00	-7.13e+00
avg_mag   	1.86e+01	+7.98e-02	-8.48e-02
Process Started on 2014-04-07 01:20:45.926614
It is currently    2014-04-07 01:28:20.547686
