
SIMULATION PARAMETERS
Namespace(avg_mag=19.0, delay=1.5, delta_mag=0.3, numorbits=40, outputtag='hubble_sim_r1053', photometricerror=0.02, redshift=0.658, sigma=0.07, tau=121.0)

Process Started on 2014-04-07 02:00:52.861618
The output_tag for this run is: hubble_sim_r1053_2014_04_07_02:00

CRUDE LIGHT CURVE PARAMETERS
----------------------------
parameter lc1   	lc2
----------------------------
sigma     +0.35 	+0.87
tau       +0.05 	+0.02
avg_mag   +19.27 	+19.68


BEGINNING LIGHT CURVE PARAMETER OPTIMIZATION

Optimization terminated successfully.
         Current function value: -605.971199
         Iterations: 120
         Function evaluations: 215
Optimization terminated successfully.
         Current function value: -601.593899
         Iterations: 140
         Function evaluations: 253

OPTIMIZED LIGHT CURVE PARAMETERS
--------------------------------
parameter lc1   	lc2
--------------------------------
sigma     +0.06 	+0.06
tau       +1.36 	+4.68
avg_mag   +19.30 	+19.68


Process Started on 2014-04-07 02:00:52.861618
It is now          2014-04-07 02:00:53.812827

time series is 2.50 days long
with  117 data points
The most common sample time distance is 0.01 days within the range of [0.02,0.01] days

1% done
10% done
25% done
50% done
75% done
DONE

Process Started on 2014-04-07 02:00:52.861618
It is now          2014-04-07 02:00:54.149668

BEST DELAY=8.49800e-01

INITIAL PARAMETERS (average of lc1 and lc2)
-------------------------------------------
delay      = 0.85
delta_mag  = 0.37
avg_mag    = 19.30
tau        = 3.02
sigma      = 0.06

Optimization terminated successfully.
         Current function value: -994.411644
         Iterations: 110
         Function evaluations: 201

INITIAL PARAMETERS (optimization of merged light curve)
-------------------------------------------------------
delay      = 0.85
delta_mag  = 0.37
avg_mag    = 19.33
tau        = 2.25
sigma      = 0.07


-------------
RUNNING EMCEE
-------------

pos
sampler
Process Started on 2014-04-07 02:00:52.861618
It is currently    2014-04-07 02:00:55.972223
burn-in sampler.run_mcmc
	Mean acceptance fraction: 0.482
	Errors based on 16th, 50th, and 84th percentile
	Param     	MC_rec	err_up	err_low
	delay     	1.28e+00	+1.86e-01	-3.60e-01
	delta_mag 	3.06e-01	+4.28e-02	-2.09e-02
	sigma     	7.70e-02	+1.77e-02	-1.58e-02
	tau       	1.86e+00	+3.76e-01	-4.66e-01
	avg_mag   	1.93e+01	+6.46e-02	-8.60e-02
Process Started on 2014-04-07 02:00:52.861618
It is currently    2014-04-07 02:01:44.622479
sampler.run_mcmc
Process Started on 2014-04-07 02:00:52.861618
It is currently    2014-04-07 02:08:25.404718
sampler.chain
90000
Mean acceptance fraction: 0.510
Errors based on 16th, 50th, and 84th percentile
Param     	MC_rec	err_up	err_low
delay     	1.50e+00	+9.57e-03	-9.09e-03
delta_mag 	2.99e-01	+3.15e-03	-3.17e-03
sigma     	6.06e-02	+4.92e-03	-4.29e-03
tau       	1.05e+01	+7.57e+00	-6.29e+00
avg_mag   	1.94e+01	+8.54e-02	-8.18e-02
Process Started on 2014-04-07 02:00:52.861618
It is currently    2014-04-07 02:08:31.748402
