
SIMULATION PARAMETERS
Namespace(avg_mag=19.0, delay=1.5, delta_mag=0.3, numorbits=80, outputtag='hubble_sim_r270', photometricerror=0.1, redshift=0.658, sigma=0.07, tau=121.0)

Process Started on 2014-04-07 00:36:35.732784
The output_tag for this run is: hubble_sim_r270_2014_04_07_00:36

CRUDE LIGHT CURVE PARAMETERS
----------------------------
parameter lc1   	lc2
----------------------------
sigma     +0.78 	+2.22
tau       +0.02 	+0.01
avg_mag   +20.28 	+20.66


BEGINNING LIGHT CURVE PARAMETER OPTIMIZATION

Optimization terminated successfully.
         Current function value: -544.151462
         Iterations: 132
         Function evaluations: 236
Optimization terminated successfully.
         Current function value: -542.370361
         Iterations: 150
         Function evaluations: 268

OPTIMIZED LIGHT CURVE PARAMETERS
--------------------------------
parameter lc1   	lc2
--------------------------------
sigma     +0.07 	+0.07
tau       +3.43 	+6.96
avg_mag   +20.30 	+20.70


Process Started on 2014-04-07 00:36:35.732784
It is now          2014-04-07 00:36:38.849444

time series is 5.00 days long
with  212 data points
The most common sample time distance is 0.01 days within the range of [0.01,0.01] days

1% done
10% done
25% done
50% done
75% done
DONE

Process Started on 2014-04-07 00:36:35.732784
It is now          2014-04-07 00:36:39.868386

BEST DELAY=1.19844e+00

INITIAL PARAMETERS (average of lc1 and lc2)
-------------------------------------------
delay      = 1.20
delta_mag  = 0.40
avg_mag    = 20.30
tau        = 5.19
sigma      = 0.07

Optimization terminated successfully.
         Current function value: -1033.850991
         Iterations: 128
         Function evaluations: 229

INITIAL PARAMETERS (optimization of merged light curve)
-------------------------------------------------------
delay      = 1.20
delta_mag  = 0.40
avg_mag    = 20.31
tau        = 7.15
sigma      = 0.06


-------------
RUNNING EMCEE
-------------

pos
sampler
Process Started on 2014-04-07 00:36:35.732784
It is currently    2014-04-07 00:36:44.610525
burn-in sampler.run_mcmc
	Mean acceptance fraction: 0.555
	Errors based on 16th, 50th, and 84th percentile
	Param     	MC_rec	err_up	err_low
	delay     	1.43e+00	+8.26e-02	-9.32e-02
	delta_mag 	3.09e-01	+1.25e-02	-1.20e-02
	sigma     	7.50e-02	+1.10e-02	-9.99e-03
	tau       	7.30e+00	+5.10e-01	-2.62e-01
	avg_mag   	2.03e+01	+1.06e-01	-7.89e-02
Process Started on 2014-04-07 00:36:35.732784
It is currently    2014-04-07 00:38:35.781392
sampler.run_mcmc
Process Started on 2014-04-07 00:36:35.732784
It is currently    2014-04-07 00:52:54.066063
sampler.chain
90000
Mean acceptance fraction: 0.516
Errors based on 16th, 50th, and 84th percentile
Param     	MC_rec	err_up	err_low
delay     	1.49e+00	+5.49e-02	-5.71e-02
delta_mag 	3.02e-01	+8.54e-03	-8.77e-03
sigma     	6.73e-02	+8.40e-03	-7.37e-03
tau       	3.40e+01	+2.41e+01	-1.99e+01
avg_mag   	2.04e+01	+1.78e-01	-1.79e-01
Process Started on 2014-04-07 00:36:35.732784
It is currently    2014-04-07 00:53:04.915347
