
SIMULATION PARAMETERS
Namespace(avg_mag=19.0, delay=1.5, delta_mag=0.3, numorbits=80, outputtag='hubble_sim_r107', photometricerror=0.05, redshift=0.658, sigma=0.07, tau=121.0)

Process Started on 2014-04-06 21:42:40.380060
The output_tag for this run is: hubble_sim_r107_2014_04_06_21:42

CRUDE LIGHT CURVE PARAMETERS
----------------------------
parameter lc1   	lc2
----------------------------
sigma     +1.57 	+0.46
tau       +0.00 	+0.02
avg_mag   +19.26 	+19.60


BEGINNING LIGHT CURVE PARAMETER OPTIMIZATION

Optimization terminated successfully.
         Current function value: -865.649748
         Iterations: 185
         Function evaluations: 326
Optimization terminated successfully.
         Current function value: -860.734932
         Iterations: 130
         Function evaluations: 225

OPTIMIZED LIGHT CURVE PARAMETERS
--------------------------------
parameter lc1   	lc2
--------------------------------
sigma     +0.05 	+0.06
tau       +4.81 	+0.77
avg_mag   +19.23 	+19.59


Process Started on 2014-04-06 21:42:40.380060
It is now          2014-04-06 21:42:43.743042

time series is 5.01 days long
with  225 data points
The most common sample time distance is 0.01 days within the range of [0.01,0.01] days

1% done
10% done
25% done
50% done
75% done
DONE

Process Started on 2014-04-06 21:42:40.380060
It is now          2014-04-06 21:42:44.756811

BEST DELAY=1.39690e+00

INITIAL PARAMETERS (average of lc1 and lc2)
-------------------------------------------
delay      = 1.40
delta_mag  = 0.35
avg_mag    = 19.23
tau        = 2.79
sigma      = 0.06

Optimization terminated successfully.
         Current function value: -1671.629390
         Iterations: 137
         Function evaluations: 240

INITIAL PARAMETERS (optimization of merged light curve)
-------------------------------------------------------
delay      = 1.40
delta_mag  = 0.35
avg_mag    = 19.20
tau        = 3.08
sigma      = 0.05


-------------
RUNNING EMCEE
-------------

pos
sampler
Process Started on 2014-04-06 21:42:40.380060
It is currently    2014-04-06 21:42:49.448633
burn-in sampler.run_mcmc
	Mean acceptance fraction: 0.550
	Errors based on 16th, 50th, and 84th percentile
	Param     	MC_rec	err_up	err_low
	delay     	1.48e+00	+3.37e-02	-3.41e-02
	delta_mag 	3.04e-01	+6.83e-03	-4.99e-03
	sigma     	5.66e-02	+5.90e-03	-5.39e-03
	tau       	3.11e+00	+2.45e-01	-1.59e-01
	avg_mag   	1.92e+01	+3.51e-02	-3.94e-02
Process Started on 2014-04-06 21:42:40.380060
It is currently    2014-04-06 21:44:38.389779
sampler.run_mcmc
Process Started on 2014-04-06 21:42:40.380060
It is currently    2014-04-06 21:59:14.670606
sampler.chain
90000
Mean acceptance fraction: 0.512
Errors based on 16th, 50th, and 84th percentile
Param     	MC_rec	err_up	err_low
delay     	1.50e+00	+2.56e-02	-2.53e-02
delta_mag 	3.02e-01	+3.99e-03	-4.02e-03
sigma     	5.65e-02	+5.66e-03	-5.14e-03
tau       	1.11e+01	+1.19e+01	-6.73e+00
avg_mag   	1.92e+01	+7.28e-02	-8.98e-02
Process Started on 2014-04-06 21:42:40.380060
It is currently    2014-04-06 21:59:25.612883
