
SIMULATION PARAMETERS
Namespace(avg_mag=19.0, delay=1.5, delta_mag=0.3, numorbits=40, outputtag='hubble_sim_r1213', photometricerror=0.1, redshift=0.658, sigma=0.07, tau=121.0)

Process Started on 2014-04-07 04:41:26.558180
The output_tag for this run is: hubble_sim_r1213_2014_04_07_04:41

CRUDE LIGHT CURVE PARAMETERS
----------------------------
parameter lc1   	lc2
----------------------------
sigma     +0.48 	+0.29
tau       +0.05 	+0.09
avg_mag   +17.52 	+17.83


BEGINNING LIGHT CURVE PARAMETER OPTIMIZATION

Optimization terminated successfully.
         Current function value: -280.208256
         Iterations: 135
         Function evaluations: 246
Optimization terminated successfully.
         Current function value: -287.165509
         Iterations: 121
         Function evaluations: 217

OPTIMIZED LIGHT CURVE PARAMETERS
--------------------------------
parameter lc1   	lc2
--------------------------------
sigma     +0.06 	+0.04
tau       +1.32 	+1.09
avg_mag   +17.53 	+17.82


Process Started on 2014-04-07 04:41:26.558180
It is now          2014-04-07 04:41:27.405701

time series is 2.51 days long
with  108 data points
The most common sample time distance is 0.01 days within the range of [0.01,0.03] days

1% done
10% done
25% done
50% done
75% done
DONE

Process Started on 2014-04-07 04:41:26.558180
It is now          2014-04-07 04:41:27.722585

BEST DELAY=1.24561e+00

INITIAL PARAMETERS (average of lc1 and lc2)
-------------------------------------------
delay      = 1.25
delta_mag  = 0.29
avg_mag    = 17.53
tau        = 1.21
sigma      = 0.05

Optimization terminated successfully.
         Current function value: -568.243530
         Iterations: 99
         Function evaluations: 182

INITIAL PARAMETERS (optimization of merged light curve)
-------------------------------------------------------
delay      = 1.25
delta_mag  = 0.29
avg_mag    = 17.55
tau        = 1.12
sigma      = 0.05


-------------
RUNNING EMCEE
-------------

pos
sampler
Process Started on 2014-04-07 04:41:26.558180
It is currently    2014-04-07 04:41:29.390044
burn-in sampler.run_mcmc
	Mean acceptance fraction: 0.580
	Errors based on 16th, 50th, and 84th percentile
	Param     	MC_rec	err_up	err_low
	delay     	1.23e+00	+2.19e-01	-1.34e-01
	delta_mag 	3.09e-01	+1.51e-02	-1.58e-02
	sigma     	5.75e-02	+1.28e-02	-1.21e-02
	tau       	1.12e+00	+1.74e-01	-1.60e-01
	avg_mag   	1.75e+01	+2.46e-02	-2.58e-02
Process Started on 2014-04-07 04:41:26.558180
It is currently    2014-04-07 04:42:14.432382
sampler.run_mcmc
Process Started on 2014-04-07 04:41:26.558180
It is currently    2014-04-07 04:48:01.376969
sampler.chain
90000
Mean acceptance fraction: 0.497
Errors based on 16th, 50th, and 84th percentile
Param     	MC_rec	err_up	err_low
delay     	1.47e+00	+4.87e-01	-3.05e-01
delta_mag 	3.05e-01	+1.65e-02	-1.98e-02
sigma     	5.29e-02	+1.15e-02	-9.56e-03
tau       	4.25e+00	+4.25e+00	-2.57e+00
avg_mag   	1.76e+01	+4.89e-02	-4.08e-02
Process Started on 2014-04-07 04:41:26.558180
It is currently    2014-04-07 04:48:07.621259
