
SIMULATION PARAMETERS
Namespace(avg_mag=19.0, delay=1.5, delta_mag=0.3, numorbits=40, outputtag='hubble_sim_r1041', photometricerror=0.02, redshift=0.658, sigma=0.07, tau=121.0)

Process Started on 2014-04-07 01:48:50.185620
The output_tag for this run is: hubble_sim_r1041_2014_04_07_01:48

CRUDE LIGHT CURVE PARAMETERS
----------------------------
parameter lc1   	lc2
----------------------------
sigma     +0.29 	+0.29
tau       +0.03 	+0.04
avg_mag   +19.50 	+19.79


BEGINNING LIGHT CURVE PARAMETER OPTIMIZATION

Optimization terminated successfully.
         Current function value: -575.754088
         Iterations: 115
         Function evaluations: 213
Optimization terminated successfully.
         Current function value: -584.068747
         Iterations: 117
         Function evaluations: 211

OPTIMIZED LIGHT CURVE PARAMETERS
--------------------------------
parameter lc1   	lc2
--------------------------------
sigma     +0.05 	+0.05
tau       +1.00 	+1.02
avg_mag   +19.51 	+19.78


Process Started on 2014-04-07 01:48:50.185620
It is now          2014-04-07 01:48:50.972928

time series is 2.51 days long
with  109 data points
The most common sample time distance is 0.02 days within the range of [0.01,0.03] days

1% done
10% done
25% done
50% done
75% done
DONE

Process Started on 2014-04-07 01:48:50.185620
It is now          2014-04-07 01:48:51.296054

BEST DELAY=-1.25712e+00

INITIAL PARAMETERS (average of lc1 and lc2)
-------------------------------------------
delay      = -1.26
delta_mag  = 0.27
avg_mag    = 19.51
tau        = 1.01
sigma      = 0.05

Optimization terminated successfully.
         Current function value: -1121.918403
         Iterations: 133
         Function evaluations: 230

INITIAL PARAMETERS (optimization of merged light curve)
-------------------------------------------------------
delay      = -1.26
delta_mag  = 0.27
avg_mag    = 19.51
tau        = 0.86
sigma      = 0.04


-------------
RUNNING EMCEE
-------------

pos
sampler
Process Started on 2014-04-07 01:48:50.185620
It is currently    2014-04-07 01:48:53.108684
burn-in sampler.run_mcmc
	Mean acceptance fraction: 0.549
	Errors based on 16th, 50th, and 84th percentile
	Param     	MC_rec	err_up	err_low
	delay     	-1.52e+00	+1.09e-01	-6.14e-02
	delta_mag 	2.65e-01	+7.67e-03	-7.68e-03
	sigma     	5.36e-02	+6.32e-03	-6.57e-03
	tau       	8.35e-01	+1.58e-01	-1.01e-01
	avg_mag   	1.95e+01	+1.91e-02	-1.81e-02
Process Started on 2014-04-07 01:48:50.185620
It is currently    2014-04-07 01:49:39.302352
sampler.run_mcmc
Process Started on 2014-04-07 01:48:50.185620
It is currently    2014-04-07 01:55:51.854125
sampler.chain
90000
Mean acceptance fraction: 0.505
Errors based on 16th, 50th, and 84th percentile
Param     	MC_rec	err_up	err_low
delay     	-1.65e+00	+4.75e-02	-3.96e-02
delta_mag 	2.54e-01	+4.75e-03	-4.42e-03
sigma     	4.29e-02	+4.37e-03	-4.00e-03
tau       	2.93e+00	+3.17e+00	-1.56e+00
avg_mag   	1.95e+01	+2.58e-02	-2.99e-02
Process Started on 2014-04-07 01:48:50.185620
It is currently    2014-04-07 01:55:58.072489
