
SIMULATION PARAMETERS
Namespace(avg_mag=19.0, delay=1.5, delta_mag=0.3, numorbits=40, outputtag='hubble_sim_r1112', photometricerror=0.05, redshift=0.658, sigma=0.07, tau=121.0)

Process Started on 2014-04-07 03:00:05.058316
The output_tag for this run is: hubble_sim_r1112_2014_04_07_03:00

CRUDE LIGHT CURVE PARAMETERS
----------------------------
parameter lc1   	lc2
----------------------------
sigma     +0.17 	+0.15
tau       +0.16 	+12.21
avg_mag   +19.65 	+19.98


BEGINNING LIGHT CURVE PARAMETER OPTIMIZATION

Optimization terminated successfully.
         Current function value: -421.341468
         Iterations: 99
         Function evaluations: 178
Optimization terminated successfully.
         Current function value: -420.807591
         Iterations: 144
         Function evaluations: 263

OPTIMIZED LIGHT CURVE PARAMETERS
--------------------------------
parameter lc1   	lc2
--------------------------------
sigma     +0.03 	+0.02
tau       +0.54 	+0.89
avg_mag   +19.65 	+19.98


Process Started on 2014-04-07 03:00:05.058316
It is now          2014-04-07 03:00:05.836957

time series is 2.50 days long
with  106 data points
The most common sample time distance is 0.01 days within the range of [0.02,0.01] days

1% done
10% done
25% done
50% done
75% done
DONE

Process Started on 2014-04-07 03:00:05.058316
It is now          2014-04-07 03:00:06.146821

BEST DELAY=-2.52407e-01

INITIAL PARAMETERS (average of lc1 and lc2)
-------------------------------------------
delay      = -0.25
delta_mag  = 0.33
avg_mag    = 19.65
tau        = 0.72
sigma      = 0.03

Optimization terminated successfully.
         Current function value: -846.656577
         Iterations: 129
         Function evaluations: 231

INITIAL PARAMETERS (optimization of merged light curve)
-------------------------------------------------------
delay      = -0.25
delta_mag  = 0.33
avg_mag    = 19.65
tau        = 0.73
sigma      = 0.02


-------------
RUNNING EMCEE
-------------

pos
sampler
Process Started on 2014-04-07 03:00:05.058316
It is currently    2014-04-07 03:00:07.942250
burn-in sampler.run_mcmc
	Mean acceptance fraction: 0.584
	Errors based on 16th, 50th, and 84th percentile
	Param     	MC_rec	err_up	err_low
	delay     	-2.42e-01	+1.34e-01	-9.81e-02
	delta_mag 	3.31e-01	+6.10e-03	-5.72e-03
	sigma     	2.85e-02	+7.34e-03	-7.74e-03
	tau       	7.57e-01	+2.47e-01	-2.00e-01
	avg_mag   	1.97e+01	+1.02e-02	-9.51e-03
Process Started on 2014-04-07 03:00:05.058316
It is currently    2014-04-07 03:00:51.798630
sampler.run_mcmc
Process Started on 2014-04-07 03:00:05.058316
It is currently    2014-04-07 03:06:40.156360
sampler.chain
90000
Mean acceptance fraction: 0.500
Errors based on 16th, 50th, and 84th percentile
Param     	MC_rec	err_up	err_low
delay     	-2.11e-01	+2.09e-01	-1.55e-01
delta_mag 	3.31e-01	+5.08e-03	-5.25e-03
sigma     	2.27e-02	+6.85e-03	-5.56e-03
tau       	2.79e+00	+2.80e+00	-1.74e+00
avg_mag   	1.97e+01	+1.55e-02	-1.47e-02
Process Started on 2014-04-07 03:00:05.058316
It is currently    2014-04-07 03:06:46.358066
