
SIMULATION PARAMETERS
Namespace(avg_mag=19.0, delay=1.5, delta_mag=0.3, numorbits=80, outputtag='hubble_sim_r160', photometricerror=0.05, redshift=0.658, sigma=0.07, tau=121.0)

Process Started on 2014-04-06 22:37:58.796529
The output_tag for this run is: hubble_sim_r160_2014_04_06_22:37

CRUDE LIGHT CURVE PARAMETERS
----------------------------
parameter lc1   	lc2
----------------------------
sigma     +0.64 	+0.32
tau       +0.12 	+0.39
avg_mag   +18.88 	+19.21


BEGINNING LIGHT CURVE PARAMETER OPTIMIZATION

Optimization terminated successfully.
         Current function value: -825.117025
         Iterations: 135
         Function evaluations: 238
Optimization terminated successfully.
         Current function value: -828.875266
         Iterations: 122
         Function evaluations: 217

OPTIMIZED LIGHT CURVE PARAMETERS
--------------------------------
parameter lc1   	lc2
--------------------------------
sigma     +0.05 	+0.04
tau       +6.63 	+2.47
avg_mag   +18.83 	+19.18


Process Started on 2014-04-06 22:37:58.796529
It is now          2014-04-06 22:38:01.586920

time series is 5.01 days long
with  213 data points
The most common sample time distance is 0.01 days within the range of [0.01,0.01] days

1% done
10% done
25% done
50% done
75% done
DONE

Process Started on 2014-04-06 22:37:58.796529
It is now          2014-04-06 22:38:02.614260

BEST DELAY=1.49700e+00

INITIAL PARAMETERS (average of lc1 and lc2)
-------------------------------------------
delay      = 1.50
delta_mag  = 0.35
avg_mag    = 18.83
tau        = 4.55
sigma      = 0.05

Optimization terminated successfully.
         Current function value: -1605.230020
         Iterations: 142
         Function evaluations: 255

INITIAL PARAMETERS (optimization of merged light curve)
-------------------------------------------------------
delay      = 1.50
delta_mag  = 0.35
avg_mag    = 18.79
tau        = 5.26
sigma      = 0.05


-------------
RUNNING EMCEE
-------------

pos
sampler
Process Started on 2014-04-06 22:37:58.796529
It is currently    2014-04-06 22:38:07.674651
burn-in sampler.run_mcmc
	Mean acceptance fraction: 0.558
	Errors based on 16th, 50th, and 84th percentile
	Param     	MC_rec	err_up	err_low
	delay     	1.50e+00	+4.07e-02	-3.92e-02
	delta_mag 	3.03e-01	+5.04e-03	-5.11e-03
	sigma     	4.72e-02	+6.17e-03	-5.11e-03
	tau       	5.23e+00	+2.81e-01	-2.75e-01
	avg_mag   	1.88e+01	+4.62e-02	-4.12e-02
Process Started on 2014-04-06 22:37:58.796529
It is currently    2014-04-06 22:40:35.446725
sampler.run_mcmc
Process Started on 2014-04-06 22:37:58.796529
It is currently    2014-04-06 22:58:22.084685
sampler.chain
90000
Mean acceptance fraction: 0.512
Errors based on 16th, 50th, and 84th percentile
Param     	MC_rec	err_up	err_low
delay     	1.50e+00	+3.74e-02	-3.59e-02
delta_mag 	3.01e-01	+4.34e-03	-4.12e-03
sigma     	4.51e-02	+4.70e-03	-4.16e-03
tau       	2.04e+01	+1.99e+01	-1.27e+01
avg_mag   	1.88e+01	+8.76e-02	-9.74e-02
Process Started on 2014-04-06 22:37:58.796529
It is currently    2014-04-06 22:58:32.313760
