
SIMULATION PARAMETERS
Namespace(avg_mag=19.0, delay=1.5, delta_mag=0.3, numorbits=80, outputtag='hubble_sim_r76', photometricerror=0.02, redshift=0.658, sigma=0.07, tau=121.0)

Process Started on 2014-04-06 21:02:23.097724
The output_tag for this run is: hubble_sim_r76_2014_04_06_21:02

CRUDE LIGHT CURVE PARAMETERS
----------------------------
parameter lc1   	lc2
----------------------------
sigma     +0.46 	+0.44
tau       +0.34 	+0.11
avg_mag   +18.43 	+18.71


BEGINNING LIGHT CURVE PARAMETER OPTIMIZATION

Optimization terminated successfully.
         Current function value: -1165.907223
         Iterations: 119
         Function evaluations: 220
Optimization terminated successfully.
         Current function value: -1161.493732
         Iterations: 123
         Function evaluations: 220

OPTIMIZED LIGHT CURVE PARAMETERS
--------------------------------
parameter lc1   	lc2
--------------------------------
sigma     +0.06 	+0.06
tau       +2.43 	+1.61
avg_mag   +18.46 	+18.71


Process Started on 2014-04-06 21:02:23.097724
It is now          2014-04-06 21:02:25.778680

time series is 5.01 days long
with  223 data points
The most common sample time distance is 0.01 days within the range of [0.01,0.01] days

1% done
10% done
25% done
50% done
75% done
DONE

Process Started on 2014-04-06 21:02:23.097724
It is now          2014-04-06 21:02:26.610834

BEST DELAY=1.49662e+00

INITIAL PARAMETERS (average of lc1 and lc2)
-------------------------------------------
delay      = 1.50
delta_mag  = 0.26
avg_mag    = 18.46
tau        = 2.02
sigma      = 0.06

Optimization terminated successfully.
         Current function value: -2070.118250
         Iterations: 128
         Function evaluations: 230

INITIAL PARAMETERS (optimization of merged light curve)
-------------------------------------------------------
delay      = 1.50
delta_mag  = 0.26
avg_mag    = 18.45
tau        = 1.64
sigma      = 0.06


-------------
RUNNING EMCEE
-------------

pos
sampler
Process Started on 2014-04-06 21:02:23.097724
It is currently    2014-04-06 21:02:29.796904
burn-in sampler.run_mcmc
	Mean acceptance fraction: 0.511
	Errors based on 16th, 50th, and 84th percentile
	Param     	MC_rec	err_up	err_low
	delay     	1.50e+00	+8.88e-03	-6.90e-03
	delta_mag 	2.97e-01	+2.75e-03	-4.43e-03
	sigma     	5.78e-02	+5.73e-03	-4.93e-03
	tau       	1.61e+00	+7.11e-02	-6.38e-02
	avg_mag   	1.84e+01	+2.19e-02	-2.54e-02
Process Started on 2014-04-06 21:02:23.097724
It is currently    2014-04-06 21:04:57.819484
sampler.run_mcmc
Process Started on 2014-04-06 21:02:23.097724
It is currently    2014-04-06 21:25:33.307236
sampler.chain
90000
Mean acceptance fraction: 0.508
Errors based on 16th, 50th, and 84th percentile
Param     	MC_rec	err_up	err_low
delay     	1.50e+00	+5.29e-03	-5.77e-03
delta_mag 	2.99e-01	+1.64e-03	-1.65e-03
sigma     	5.46e-02	+3.43e-03	-3.13e-03
tau       	5.57e+00	+6.35e+00	-3.24e+00
avg_mag   	1.84e+01	+5.17e-02	-4.88e-02
Process Started on 2014-04-06 21:02:23.097724
It is currently    2014-04-06 21:25:44.208746
