
SIMULATION PARAMETERS
Namespace(avg_mag=19.0, delay=1.5, delta_mag=0.3, numorbits=80, outputtag='hubble_sim_r101', photometricerror=0.05, redshift=0.658, sigma=0.07, tau=121.0)

Process Started on 2014-04-06 21:27:36.730293
The output_tag for this run is: hubble_sim_r101_2014_04_06_21:27

CRUDE LIGHT CURVE PARAMETERS
----------------------------
parameter lc1   	lc2
----------------------------
sigma     +0.54 	+0.54
tau       +0.06 	+0.03
avg_mag   +18.29 	+18.55


BEGINNING LIGHT CURVE PARAMETER OPTIMIZATION

Optimization terminated successfully.
         Current function value: -800.965850
         Iterations: 123
         Function evaluations: 217
Optimization terminated successfully.
         Current function value: -800.979446
         Iterations: 138
         Function evaluations: 246

OPTIMIZED LIGHT CURVE PARAMETERS
--------------------------------
parameter lc1   	lc2
--------------------------------
sigma     +0.06 	+0.06
tau       +1.88 	+2.56
avg_mag   +18.28 	+18.58


Process Started on 2014-04-06 21:27:36.730293
It is now          2014-04-06 21:27:39.525084

time series is 5.00 days long
with  211 data points
The most common sample time distance is 0.01 days within the range of [0.01,0.01] days

1% done
10% done
25% done
50% done
75% done
DONE

Process Started on 2014-04-06 21:27:36.730293
It is now          2014-04-06 21:27:40.534425

BEST DELAY=1.49963e+00

INITIAL PARAMETERS (average of lc1 and lc2)
-------------------------------------------
delay      = 1.50
delta_mag  = 0.30
avg_mag    = 18.28
tau        = 2.22
sigma      = 0.06

Optimization terminated successfully.
         Current function value: -1639.993281
         Iterations: 117
         Function evaluations: 209

INITIAL PARAMETERS (optimization of merged light curve)
-------------------------------------------------------
delay      = 1.50
delta_mag  = 0.30
avg_mag    = 18.28
tau        = 2.01
sigma      = 0.06


-------------
RUNNING EMCEE
-------------

pos
sampler
Process Started on 2014-04-06 21:27:36.730293
It is currently    2014-04-06 21:27:44.825812
burn-in sampler.run_mcmc
	Mean acceptance fraction: 0.598
	Errors based on 16th, 50th, and 84th percentile
	Param     	MC_rec	err_up	err_low
	delay     	1.50e+00	+2.15e-02	-2.16e-02
	delta_mag 	2.99e-01	+5.09e-03	-4.67e-03
	sigma     	5.91e-02	+6.54e-03	-4.69e-03
	tau       	2.01e+00	+1.38e-01	-1.11e-01
	avg_mag   	1.83e+01	+2.54e-02	-2.53e-02
Process Started on 2014-04-06 21:27:36.730293
It is currently    2014-04-06 21:30:10.960388
sampler.run_mcmc
Process Started on 2014-04-06 21:27:36.730293
It is currently    2014-04-06 21:47:13.665407
sampler.chain
90000
Mean acceptance fraction: 0.511
Errors based on 16th, 50th, and 84th percentile
Param     	MC_rec	err_up	err_low
delay     	1.50e+00	+2.10e-02	-2.08e-02
delta_mag 	3.00e-01	+4.27e-03	-4.07e-03
sigma     	5.80e-02	+5.61e-03	-5.25e-03
tau       	6.59e+00	+8.01e+00	-4.00e+00
avg_mag   	1.83e+01	+5.64e-02	-6.09e-02
Process Started on 2014-04-06 21:27:36.730293
It is currently    2014-04-06 21:47:21.142425
