
SIMULATION PARAMETERS
Namespace(avg_mag=19.0, delay=1.5, delta_mag=0.3, numorbits=40, outputtag='hubble_sim_r1027', photometricerror=0.02, redshift=0.658, sigma=0.07, tau=121.0)

Process Started on 2014-04-07 01:34:47.146285
The output_tag for this run is: hubble_sim_r1027_2014_04_07_01:34

CRUDE LIGHT CURVE PARAMETERS
----------------------------
parameter lc1   	lc2
----------------------------
sigma     +2.18 	+0.68
tau       +0.00 	+0.01
avg_mag   +18.68 	+18.88


BEGINNING LIGHT CURVE PARAMETER OPTIMIZATION

Optimization terminated successfully.
         Current function value: -578.757604
         Iterations: 201
         Function evaluations: 353
Optimization terminated successfully.
         Current function value: -578.096077
         Iterations: 139
         Function evaluations: 245

OPTIMIZED LIGHT CURVE PARAMETERS
--------------------------------
parameter lc1   	lc2
--------------------------------
sigma     +0.05 	+0.05
tau       +3.58 	+3.92
avg_mag   +18.67 	+18.89


Process Started on 2014-04-07 01:34:47.146285
It is now          2014-04-07 01:34:48.259031

time series is 2.51 days long
with  111 data points
The most common sample time distance is 0.01 days within the range of [0.02,0.01] days

1% done
10% done
25% done
50% done
75% done
DONE

Process Started on 2014-04-07 01:34:47.146285
It is now          2014-04-07 01:34:48.577411

BEST DELAY=3.43863e-01

INITIAL PARAMETERS (average of lc1 and lc2)
-------------------------------------------
delay      = 0.34
delta_mag  = 0.22
avg_mag    = 18.67
tau        = 3.75
sigma      = 0.05

Optimization terminated successfully.
         Current function value: -1152.209809
         Iterations: 141
         Function evaluations: 253

INITIAL PARAMETERS (optimization of merged light curve)
-------------------------------------------------------
delay      = 0.34
delta_mag  = 0.22
avg_mag    = 18.67
tau        = 4.89
sigma      = 0.05


-------------
RUNNING EMCEE
-------------

pos
sampler
Process Started on 2014-04-07 01:34:47.146285
It is currently    2014-04-07 01:34:50.491472
burn-in sampler.run_mcmc
	Mean acceptance fraction: 0.579
	Errors based on 16th, 50th, and 84th percentile
	Param     	MC_rec	err_up	err_low
	delay     	3.13e-01	+1.97e-02	-2.37e-02
	delta_mag 	2.22e-01	+2.63e-03	-3.08e-03
	sigma     	4.97e-02	+5.95e-03	-5.55e-03
	tau       	4.91e+00	+5.32e-01	-4.05e-01
	avg_mag   	1.87e+01	+5.62e-02	-4.85e-02
Process Started on 2014-04-07 01:34:47.146285
It is currently    2014-04-07 01:35:37.181748
sampler.run_mcmc
Process Started on 2014-04-07 01:34:47.146285
It is currently    2014-04-07 01:41:45.525977
sampler.chain
90000
Mean acceptance fraction: 0.512
Errors based on 16th, 50th, and 84th percentile
Param     	MC_rec	err_up	err_low
delay     	2.98e-01	+2.17e-02	-1.57e-02
delta_mag 	2.21e-01	+2.56e-03	-2.44e-03
sigma     	4.80e-02	+5.06e-03	-4.50e-03
tau       	2.00e+01	+1.85e+01	-1.31e+01
avg_mag   	1.87e+01	+9.53e-02	-9.49e-02
Process Started on 2014-04-07 01:34:47.146285
It is currently    2014-04-07 01:41:51.877720
