
SIMULATION PARAMETERS
Namespace(avg_mag=19.0, delay=1.5, delta_mag=0.3, numorbits=40, outputtag='hubble_sim_r1135', photometricerror=0.05, redshift=0.658, sigma=0.07, tau=121.0)

Process Started on 2014-04-07 03:23:10.006621
The output_tag for this run is: hubble_sim_r1135_2014_04_07_03:23

CRUDE LIGHT CURVE PARAMETERS
----------------------------
parameter lc1   	lc2
----------------------------
sigma     +0.23 	+0.28
tau       +0.07 	+0.07
avg_mag   +19.43 	+19.69


BEGINNING LIGHT CURVE PARAMETER OPTIMIZATION

Optimization terminated successfully.
         Current function value: -428.151386
         Iterations: 115
         Function evaluations: 214
Optimization terminated successfully.
         Current function value: -420.456382
         Iterations: 101
         Function evaluations: 188

OPTIMIZED LIGHT CURVE PARAMETERS
--------------------------------
parameter lc1   	lc2
--------------------------------
sigma     +0.04 	+0.05
tau       +0.91 	+0.84
avg_mag   +19.42 	+19.70


Process Started on 2014-04-07 03:23:10.006621
It is now          2014-04-07 03:23:10.744395

time series is 2.51 days long
with  109 data points
The most common sample time distance is 0.01 days within the range of [0.02,0.01] days

1% done
10% done
25% done
50% done
75% done
DONE

Process Started on 2014-04-07 03:23:10.006621
It is now          2014-04-07 03:23:11.060079

BEST DELAY=1.24605e+00

INITIAL PARAMETERS (average of lc1 and lc2)
-------------------------------------------
delay      = 1.25
delta_mag  = 0.28
avg_mag    = 19.42
tau        = 0.88
sigma      = 0.04

Optimization terminated successfully.
         Current function value: -855.570911
         Iterations: 111
         Function evaluations: 196

INITIAL PARAMETERS (optimization of merged light curve)
-------------------------------------------------------
delay      = 1.25
delta_mag  = 0.28
avg_mag    = 19.42
tau        = 1.01
sigma      = 0.04


-------------
RUNNING EMCEE
-------------

pos
sampler
Process Started on 2014-04-07 03:23:10.006621
It is currently    2014-04-07 03:23:12.735174
burn-in sampler.run_mcmc
	Mean acceptance fraction: 0.578
	Errors based on 16th, 50th, and 84th percentile
	Param     	MC_rec	err_up	err_low
	delay     	1.26e+00	+1.85e-01	-1.91e-01
	delta_mag 	2.80e-01	+1.16e-02	-9.34e-03
	sigma     	4.14e-02	+6.94e-03	-7.32e-03
	tau       	1.03e+00	+2.55e-01	-1.84e-01
	avg_mag   	1.94e+01	+1.45e-02	-1.53e-02
Process Started on 2014-04-07 03:23:10.006621
It is currently    2014-04-07 03:23:58.595224
sampler.run_mcmc
Process Started on 2014-04-07 03:23:10.006621
It is currently    2014-04-07 03:30:01.692909
sampler.chain
90000
Mean acceptance fraction: 0.496
Errors based on 16th, 50th, and 84th percentile
Param     	MC_rec	err_up	err_low
delay     	1.32e+00	+1.66e-01	-2.11e-01
delta_mag 	2.85e-01	+1.18e-02	-1.15e-02
sigma     	3.77e-02	+6.79e-03	-6.17e-03
tau       	3.19e+00	+3.96e+00	-1.86e+00
avg_mag   	1.94e+01	+2.75e-02	-2.71e-02
Process Started on 2014-04-07 03:23:10.006621
It is currently    2014-04-07 03:30:07.897017
