
SIMULATION PARAMETERS
Namespace(avg_mag=19.0, delay=1.5, delta_mag=0.3, numorbits=40, outputtag='hubble_sim_r1180', photometricerror=0.05, redshift=0.658, sigma=0.07, tau=121.0)

Process Started on 2014-04-07 04:08:19.904569
The output_tag for this run is: hubble_sim_r1180_2014_04_07_04:08

CRUDE LIGHT CURVE PARAMETERS
----------------------------
parameter lc1   	lc2
----------------------------
sigma     +0.71 	+0.23
tau       +0.01 	+0.38
avg_mag   +18.61 	+18.91


BEGINNING LIGHT CURVE PARAMETER OPTIMIZATION

Optimization terminated successfully.
         Current function value: -389.630951
         Iterations: 60
         Function evaluations: 114
Optimization terminated successfully.
         Current function value: -432.093800
         Iterations: 105
         Function evaluations: 188

OPTIMIZED LIGHT CURVE PARAMETERS
--------------------------------
parameter lc1   	lc2
--------------------------------
sigma     +0.00 	+0.04
tau       +0.01 	+0.61
avg_mag   +18.61 	+18.91


Process Started on 2014-04-07 04:08:19.904569
It is now          2014-04-07 04:08:20.497562

time series is 2.51 days long
with  112 data points
The most common sample time distance is 0.01 days within the range of [0.02,0.01] days

1% done
10% done
25% done
50% done
75% done
DONE

Process Started on 2014-04-07 04:08:19.904569
It is now          2014-04-07 04:08:20.837052

BEST DELAY=-1.25384e+00

INITIAL PARAMETERS (average of lc1 and lc2)
-------------------------------------------
delay      = -1.25
delta_mag  = 0.30
avg_mag    = 18.61
tau        = 0.31
sigma      = 0.02

Optimization terminated successfully.
         Current function value: -859.041168
         Iterations: 94
         Function evaluations: 169

INITIAL PARAMETERS (optimization of merged light curve)
-------------------------------------------------------
delay      = -1.25
delta_mag  = 0.30
avg_mag    = 18.60
tau        = 0.90
sigma      = 0.04


-------------
RUNNING EMCEE
-------------

pos
sampler
Process Started on 2014-04-07 04:08:19.904569
It is currently    2014-04-07 04:08:22.459963
burn-in sampler.run_mcmc
	Mean acceptance fraction: 0.578
	Errors based on 16th, 50th, and 84th percentile
	Param     	MC_rec	err_up	err_low
	delay     	-1.52e+00	+2.22e-01	-2.01e-01
	delta_mag 	2.83e-01	+1.24e-02	-1.63e-02
	sigma     	4.30e-02	+8.65e-03	-7.53e-03
	tau       	1.03e+00	+3.00e-01	-1.49e-01
	avg_mag   	1.86e+01	+1.99e-02	-1.39e-02
Process Started on 2014-04-07 04:08:19.904569
It is currently    2014-04-07 04:09:08.836726
sampler.run_mcmc
Process Started on 2014-04-07 04:08:19.904569
It is currently    2014-04-07 04:15:11.674918
sampler.chain
90000
Mean acceptance fraction: 0.495
Errors based on 16th, 50th, and 84th percentile
Param     	MC_rec	err_up	err_low
delay     	-1.88e+00	+2.09e-01	-2.90e-01
delta_mag 	2.65e-01	+1.07e-02	-1.20e-02
sigma     	4.16e-02	+7.61e-03	-6.39e-03
tau       	3.22e+00	+3.30e+00	-1.82e+00
avg_mag   	1.86e+01	+2.81e-02	-2.96e-02
Process Started on 2014-04-07 04:08:19.904569
It is currently    2014-04-07 04:15:17.937887
