
SIMULATION PARAMETERS
Namespace(avg_mag=19.0, delay=1.5, delta_mag=0.3, numorbits=40, outputtag='hubble_sim_r1240', photometricerror=0.1, redshift=0.658, sigma=0.07, tau=121.0)

Process Started on 2014-04-07 05:08:32.110997
The output_tag for this run is: hubble_sim_r1240_2014_04_07_05:08

CRUDE LIGHT CURVE PARAMETERS
----------------------------
parameter lc1   	lc2
----------------------------
sigma     +0.27 	+0.22
tau       +0.03 	+2.72
avg_mag   +19.67 	+19.97


BEGINNING LIGHT CURVE PARAMETER OPTIMIZATION

Optimization terminated successfully.
         Current function value: -301.454326
         Iterations: 52
         Function evaluations: 97
Optimization terminated successfully.
         Current function value: -297.852486
         Iterations: 64
         Function evaluations: 119

OPTIMIZED LIGHT CURVE PARAMETERS
--------------------------------
parameter lc1   	lc2
--------------------------------
sigma     +0.00 	+0.00
tau       +0.04 	+3.61
avg_mag   +19.67 	+19.97


Process Started on 2014-04-07 05:08:32.110997
It is now          2014-04-07 05:08:32.522506

time series is 2.50 days long
with  112 data points
The most common sample time distance is 0.02 days within the range of [0.01,0.03] days

1% done
10% done
25% done
50% done
75% done
DONE

Process Started on 2014-04-07 05:08:32.110997
It is now          2014-04-07 05:08:32.841376

BEST DELAY=1.24927e+00

INITIAL PARAMETERS (average of lc1 and lc2)
-------------------------------------------
delay      = 1.25
delta_mag  = 0.29
avg_mag    = 19.67
tau        = 1.83
sigma      = 0.00

Optimization terminated successfully.
         Current function value: -600.173228
         Iterations: 98
         Function evaluations: 177

INITIAL PARAMETERS (optimization of merged light curve)
-------------------------------------------------------
delay      = 1.25
delta_mag  = 0.29
avg_mag    = 19.67
tau        = 0.49
sigma      = 0.03


-------------
RUNNING EMCEE
-------------

pos
sampler
Process Started on 2014-04-07 05:08:32.110997
It is currently    2014-04-07 05:08:34.494473
burn-in sampler.run_mcmc
	Mean acceptance fraction: 0.573
	Errors based on 16th, 50th, and 84th percentile
	Param     	MC_rec	err_up	err_low
	delay     	1.26e+00	+1.40e-01	-1.01e-01
	delta_mag 	2.95e-01	+1.29e-02	-1.30e-02
	sigma     	3.53e-02	+1.68e-02	-1.77e-02
	tau       	4.97e-01	+2.12e-01	-1.73e-01
	avg_mag   	1.97e+01	+1.06e-02	-1.17e-02
Process Started on 2014-04-07 05:08:32.110997
It is currently    2014-04-07 05:09:18.116546
sampler.run_mcmc
Process Started on 2014-04-07 05:08:32.110997
It is currently    2014-04-07 05:14:41.559060
sampler.chain
90000
Mean acceptance fraction: 0.467
Errors based on 16th, 50th, and 84th percentile
Param     	MC_rec	err_up	err_low
delay     	1.56e+00	+5.32e-01	-4.67e-01
delta_mag 	2.93e-01	+1.13e-02	-1.24e-02
sigma     	2.33e-02	+1.43e-02	-1.23e-02
tau       	1.48e+00	+1.95e+00	-9.56e-01
avg_mag   	1.97e+01	+1.11e-02	-1.32e-02
Process Started on 2014-04-07 05:08:32.110997
It is currently    2014-04-07 05:14:47.824297
