
SIMULATION PARAMETERS
Namespace(avg_mag=19.0, delay=1.5, delta_mag=0.3, numorbits=40, outputtag='hubble_sim_r1054', photometricerror=0.02, redshift=0.658, sigma=0.07, tau=121.0)

Process Started on 2014-04-07 02:01:52.977200
The output_tag for this run is: hubble_sim_r1054_2014_04_07_02:01

CRUDE LIGHT CURVE PARAMETERS
----------------------------
parameter lc1   	lc2
----------------------------
sigma     +0.23 	+0.73
tau       +0.14 	+0.01
avg_mag   +18.87 	+19.11


BEGINNING LIGHT CURVE PARAMETER OPTIMIZATION

Optimization terminated successfully.
         Current function value: -584.231137
         Iterations: 109
         Function evaluations: 201
Optimization terminated successfully.
         Current function value: -568.787442
         Iterations: 143
         Function evaluations: 258

OPTIMIZED LIGHT CURVE PARAMETERS
--------------------------------
parameter lc1   	lc2
--------------------------------
sigma     +0.04 	+0.05
tau       +0.79 	+2.74
avg_mag   +18.86 	+19.11


Process Started on 2014-04-07 02:01:52.977200
It is now          2014-04-07 02:01:53.849976

time series is 2.50 days long
with  110 data points
The most common sample time distance is 0.01 days within the range of [0.01,0.03] days

1% done
10% done
25% done
50% done
75% done
DONE

Process Started on 2014-04-07 02:01:52.977200
It is now          2014-04-07 02:01:54.169060

BEST DELAY=7.48754e-01

INITIAL PARAMETERS (average of lc1 and lc2)
-------------------------------------------
delay      = 0.75
delta_mag  = 0.25
avg_mag    = 18.86
tau        = 1.76
sigma      = 0.05

Optimization terminated successfully.
         Current function value: -1106.950850
         Iterations: 122
         Function evaluations: 222

INITIAL PARAMETERS (optimization of merged light curve)
-------------------------------------------------------
delay      = 0.75
delta_mag  = 0.25
avg_mag    = 18.84
tau        = 1.79
sigma      = 0.05


-------------
RUNNING EMCEE
-------------

pos
sampler
Process Started on 2014-04-07 02:01:52.977200
It is currently    2014-04-07 02:01:56.074638
burn-in sampler.run_mcmc
	Mean acceptance fraction: 0.566
	Errors based on 16th, 50th, and 84th percentile
	Param     	MC_rec	err_up	err_low
	delay     	8.39e-01	+1.91e-02	-3.62e-02
	delta_mag 	2.64e-01	+3.17e-03	-2.91e-03
	sigma     	4.76e-02	+6.01e-03	-5.04e-03
	tau       	1.77e+00	+2.46e-01	-1.32e-01
	avg_mag   	1.88e+01	+2.43e-02	-2.66e-02
Process Started on 2014-04-07 02:01:52.977200
It is currently    2014-04-07 02:02:43.111690
sampler.run_mcmc
Process Started on 2014-04-07 02:01:52.977200
It is currently    2014-04-07 02:09:00.777537
sampler.chain
90000
Mean acceptance fraction: 0.515
Errors based on 16th, 50th, and 84th percentile
Param     	MC_rec	err_up	err_low
delay     	8.51e-01	+1.37e-02	-1.21e-02
delta_mag 	2.65e-01	+2.48e-03	-2.52e-03
sigma     	4.71e-02	+4.90e-03	-4.64e-03
tau       	6.50e+00	+6.75e+00	-3.96e+00
avg_mag   	1.88e+01	+4.72e-02	-5.27e-02
Process Started on 2014-04-07 02:01:52.977200
It is currently    2014-04-07 02:09:07.268249
