
SIMULATION PARAMETERS
Namespace(avg_mag=19.0, delay=1.5, delta_mag=0.3, numorbits=80, outputtag='hubble_sim_r71', photometricerror=0.02, redshift=0.658, sigma=0.07, tau=121.0)

Process Started on 2014-04-06 21:00:20.725067
The output_tag for this run is: hubble_sim_r71_2014_04_06_21:00

CRUDE LIGHT CURVE PARAMETERS
----------------------------
parameter lc1   	lc2
----------------------------
sigma     +0.28 	+0.70
tau       +0.57 	+0.04
avg_mag   +18.64 	+18.98


BEGINNING LIGHT CURVE PARAMETER OPTIMIZATION

Optimization terminated successfully.
         Current function value: -1188.687314
         Iterations: 130
         Function evaluations: 231
Optimization terminated successfully.
         Current function value: -1175.915836
         Iterations: 165
         Function evaluations: 292

OPTIMIZED LIGHT CURVE PARAMETERS
--------------------------------
parameter lc1   	lc2
--------------------------------
sigma     +0.05 	+0.05
tau       +1.51 	+7.29
avg_mag   +18.66 	+18.99


Process Started on 2014-04-06 21:00:20.725067
It is now          2014-04-06 21:00:24.259816

time series is 5.01 days long
with  225 data points
The most common sample time distance is 0.01 days within the range of [0.01,0.01] days

1% done
10% done
25% done
50% done
75% done
DONE

Process Started on 2014-04-06 21:00:20.725067
It is now          2014-04-06 21:00:25.344222

BEST DELAY=1.49750e+00

INITIAL PARAMETERS (average of lc1 and lc2)
-------------------------------------------
delay      = 1.50
delta_mag  = 0.33
avg_mag    = 18.66
tau        = 4.40
sigma      = 0.05

Optimization terminated successfully.
         Current function value: -2221.320776
         Iterations: 124
         Function evaluations: 227

INITIAL PARAMETERS (optimization of merged light curve)
-------------------------------------------------------
delay      = 1.50
delta_mag  = 0.33
avg_mag    = 18.69
tau        = 3.33
sigma      = 0.05


-------------
RUNNING EMCEE
-------------

pos
sampler
Process Started on 2014-04-06 21:00:20.725067
It is currently    2014-04-06 21:00:30.199935
burn-in sampler.run_mcmc
	Mean acceptance fraction: 0.520
	Errors based on 16th, 50th, and 84th percentile
	Param     	MC_rec	err_up	err_low
	delay     	1.50e+00	+9.41e-03	-7.65e-03
	delta_mag 	3.01e-01	+2.80e-03	-2.31e-03
	sigma     	5.19e-02	+4.70e-03	-3.82e-03
	tau       	3.37e+00	+1.91e-01	-1.50e-01
	avg_mag   	1.87e+01	+2.70e-02	-2.53e-02
Process Started on 2014-04-06 21:00:20.725067
It is currently    2014-04-06 21:03:02.049726
sampler.run_mcmc
Process Started on 2014-04-06 21:00:20.725067
It is currently    2014-04-06 21:20:57.152915
sampler.chain
90000
Mean acceptance fraction: 0.516
Errors based on 16th, 50th, and 84th percentile
Param     	MC_rec	err_up	err_low
delay     	1.50e+00	+6.19e-03	-5.64e-03
delta_mag 	3.00e-01	+1.70e-03	-1.65e-03
sigma     	5.23e-02	+3.41e-03	-3.11e-03
tau       	1.31e+01	+1.27e+01	-8.03e+00
avg_mag   	1.87e+01	+8.87e-02	-7.21e-02
Process Started on 2014-04-06 21:00:20.725067
It is currently    2014-04-06 21:21:07.013071
