
SIMULATION PARAMETERS
Namespace(avg_mag=19.0, delay=1.5, delta_mag=0.3, numorbits=80, outputtag='hubble_sim_r241', photometricerror=0.1, redshift=0.658, sigma=0.07, tau=121.0)

Process Started on 2014-04-07 00:05:26.777820
The output_tag for this run is: hubble_sim_r241_2014_04_07_00:05

CRUDE LIGHT CURVE PARAMETERS
----------------------------
parameter lc1   	lc2
----------------------------
sigma     +0.95 	+0.37
tau       +0.01 	+0.08
avg_mag   +19.11 	+19.37


BEGINNING LIGHT CURVE PARAMETER OPTIMIZATION

Optimization terminated successfully.
         Current function value: -573.736564
         Iterations: 171
         Function evaluations: 313
Optimization terminated successfully.
         Current function value: -573.094083
         Iterations: 112
         Function evaluations: 204

OPTIMIZED LIGHT CURVE PARAMETERS
--------------------------------
parameter lc1   	lc2
--------------------------------
sigma     +0.05 	+0.05
tau       +6.31 	+1.83
avg_mag   +19.13 	+19.40


Process Started on 2014-04-07 00:05:26.777820
It is now          2014-04-07 00:05:30.108485

time series is 5.01 days long
with  219 data points
The most common sample time distance is 0.01 days within the range of [0.01,0.01] days

1% done
10% done
25% done
50% done
75% done
DONE

Process Started on 2014-04-07 00:05:26.777820
It is now          2014-04-07 00:05:31.192968

BEST DELAY=1.39343e+00

INITIAL PARAMETERS (average of lc1 and lc2)
-------------------------------------------
delay      = 1.39
delta_mag  = 0.26
avg_mag    = 19.13
tau        = 4.07
sigma      = 0.05

Optimization terminated successfully.
         Current function value: -1148.840738
         Iterations: 112
         Function evaluations: 207

INITIAL PARAMETERS (optimization of merged light curve)
-------------------------------------------------------
delay      = 1.39
delta_mag  = 0.26
avg_mag    = 19.18
tau        = 4.06
sigma      = 0.05


-------------
RUNNING EMCEE
-------------

pos
sampler
Process Started on 2014-04-07 00:05:26.777820
It is currently    2014-04-07 00:05:35.688355
burn-in sampler.run_mcmc
	Mean acceptance fraction: 0.589
	Errors based on 16th, 50th, and 84th percentile
	Param     	MC_rec	err_up	err_low
	delay     	1.43e+00	+1.06e-01	-9.38e-02
	delta_mag 	2.92e-01	+1.01e-02	-9.59e-03
	sigma     	5.59e-02	+1.00e-02	-8.22e-03
	tau       	4.06e+00	+3.85e-01	-2.96e-01
	avg_mag   	1.92e+01	+4.30e-02	-4.65e-02
Process Started on 2014-04-07 00:05:26.777820
It is currently    2014-04-07 00:08:04.034727
sampler.run_mcmc
Process Started on 2014-04-07 00:05:26.777820
It is currently    2014-04-07 00:23:15.110862
sampler.chain
90000
Mean acceptance fraction: 0.508
Errors based on 16th, 50th, and 84th percentile
Param     	MC_rec	err_up	err_low
delay     	1.50e+00	+1.17e-01	-1.11e-01
delta_mag 	2.97e-01	+8.64e-03	-8.55e-03
sigma     	5.43e-02	+7.51e-03	-6.79e-03
tau       	1.51e+01	+1.59e+01	-9.18e+00
avg_mag   	1.92e+01	+1.04e-01	-8.31e-02
Process Started on 2014-04-07 00:05:26.777820
It is currently    2014-04-07 00:23:21.542570
