
SIMULATION PARAMETERS
Namespace(avg_mag=19.0, delay=1.5, delta_mag=0.3, numorbits=80, outputtag='hubble_sim_r216', photometricerror=0.1, redshift=0.658, sigma=0.07, tau=121.0)

Process Started on 2014-04-06 23:38:18.222176
The output_tag for this run is: hubble_sim_r216_2014_04_06_23:38

CRUDE LIGHT CURVE PARAMETERS
----------------------------
parameter lc1   	lc2
----------------------------
sigma     +0.92 	+1.27
tau       +0.02 	+0.03
avg_mag   +18.15 	+18.37


BEGINNING LIGHT CURVE PARAMETER OPTIMIZATION

Optimization terminated successfully.
         Current function value: -565.208961
         Iterations: 193
         Function evaluations: 344
Optimization terminated successfully.
         Current function value: -562.074554
         Iterations: 162
         Function evaluations: 289

OPTIMIZED LIGHT CURVE PARAMETERS
--------------------------------
parameter lc1   	lc2
--------------------------------
sigma     +0.06 	+0.06
tau       +5.59 	+11.41
avg_mag   +18.11 	+18.35


Process Started on 2014-04-06 23:38:18.222176
It is now          2014-04-06 23:38:22.179392

time series is 5.01 days long
with  217 data points
The most common sample time distance is 0.01 days within the range of [0.01,0.01] days

1% done
10% done
25% done
50% done
75% done
DONE

Process Started on 2014-04-06 23:38:18.222176
It is now          2014-04-06 23:38:23.226388

BEST DELAY=1.09737e+00

INITIAL PARAMETERS (average of lc1 and lc2)
-------------------------------------------
delay      = 1.10
delta_mag  = 0.24
avg_mag    = 18.11
tau        = 8.50
sigma      = 0.06

Optimization terminated successfully.
         Current function value: -1125.758020
         Iterations: 147
         Function evaluations: 268

INITIAL PARAMETERS (optimization of merged light curve)
-------------------------------------------------------
delay      = 1.10
delta_mag  = 0.24
avg_mag    = 18.09
tau        = 10.80
sigma      = 0.05


-------------
RUNNING EMCEE
-------------

pos
sampler
Process Started on 2014-04-06 23:38:18.222176
It is currently    2014-04-06 23:38:28.581971
burn-in sampler.run_mcmc
	Mean acceptance fraction: 0.580
	Errors based on 16th, 50th, and 84th percentile
	Param     	MC_rec	err_up	err_low
	delay     	1.34e+00	+1.56e-01	-1.58e-01
	delta_mag 	2.89e-01	+1.33e-02	-1.34e-02
	sigma     	5.50e-02	+7.84e-03	-6.81e-03
	tau       	1.09e+01	+8.01e-01	-3.41e-01
	avg_mag   	1.81e+01	+8.61e-02	-9.17e-02
Process Started on 2014-04-06 23:38:18.222176
It is currently    2014-04-06 23:40:15.328284
sampler.run_mcmc
Process Started on 2014-04-06 23:38:18.222176
It is currently    2014-04-06 23:55:26.810213
sampler.chain
90000
Mean acceptance fraction: 0.519
Errors based on 16th, 50th, and 84th percentile
Param     	MC_rec	err_up	err_low
delay     	1.48e+00	+8.36e-02	-8.37e-02
delta_mag 	2.98e-01	+9.69e-03	-9.74e-03
sigma     	5.52e-02	+7.22e-03	-6.29e-03
tau       	4.94e+01	+3.77e+01	-3.06e+01
avg_mag   	1.81e+01	+1.78e-01	-1.74e-01
Process Started on 2014-04-06 23:38:18.222176
It is currently    2014-04-06 23:55:35.293236
