
SIMULATION PARAMETERS
Namespace(avg_mag=19.0, delay=1.5, delta_mag=0.3, numorbits=80, outputtag='hubble_sim_r202', photometricerror=0.1, redshift=0.658, sigma=0.07, tau=121.0)

Process Started on 2014-04-06 23:23:13.531833
The output_tag for this run is: hubble_sim_r202_2014_04_06_23:23

CRUDE LIGHT CURVE PARAMETERS
----------------------------
parameter lc1   	lc2
----------------------------
sigma     +0.45 	+0.63
tau       +0.08 	+0.03
avg_mag   +19.37 	+19.65


BEGINNING LIGHT CURVE PARAMETER OPTIMIZATION

Optimization terminated successfully.
         Current function value: -558.650913
         Iterations: 141
         Function evaluations: 250
Optimization terminated successfully.
         Current function value: -551.873507
         Iterations: 137
         Function evaluations: 239

OPTIMIZED LIGHT CURVE PARAMETERS
--------------------------------
parameter lc1   	lc2
--------------------------------
sigma     +0.04 	+0.06
tau       +4.79 	+1.97
avg_mag   +19.35 	+19.68


Process Started on 2014-04-06 23:23:13.531833
It is now          2014-04-06 23:23:16.596605

time series is 5.01 days long
with  213 data points
The most common sample time distance is 0.01 days within the range of [0.01,0.01] days

1% done
10% done
25% done
50% done
75% done
DONE

Process Started on 2014-04-06 23:23:13.531833
It is now          2014-04-06 23:23:17.623698

BEST DELAY=1.69484e+00

INITIAL PARAMETERS (average of lc1 and lc2)
-------------------------------------------
delay      = 1.69
delta_mag  = 0.33
avg_mag    = 19.35
tau        = 3.38
sigma      = 0.05

Optimization terminated successfully.
         Current function value: -1118.590500
         Iterations: 130
         Function evaluations: 227

INITIAL PARAMETERS (optimization of merged light curve)
-------------------------------------------------------
delay      = 1.69
delta_mag  = 0.33
avg_mag    = 19.37
tau        = 2.72
sigma      = 0.05


-------------
RUNNING EMCEE
-------------

pos
sampler
Process Started on 2014-04-06 23:23:13.531833
It is currently    2014-04-06 23:23:22.373410
burn-in sampler.run_mcmc
	Mean acceptance fraction: 0.592
	Errors based on 16th, 50th, and 84th percentile
	Param     	MC_rec	err_up	err_low
	delay     	1.55e+00	+1.21e-01	-1.07e-01
	delta_mag 	3.06e-01	+1.19e-02	-1.04e-02
	sigma     	5.61e-02	+8.70e-03	-7.96e-03
	tau       	2.74e+00	+3.71e-01	-3.33e-01
	avg_mag   	1.94e+01	+3.61e-02	-3.55e-02
Process Started on 2014-04-06 23:23:13.531833
It is currently    2014-04-06 23:25:45.179778
sampler.run_mcmc
Process Started on 2014-04-06 23:23:13.531833
It is currently    2014-04-06 23:45:36.898653
sampler.chain
90000
Mean acceptance fraction: 0.509
Errors based on 16th, 50th, and 84th percentile
Param     	MC_rec	err_up	err_low
delay     	1.50e+00	+9.61e-02	-9.21e-02
delta_mag 	3.03e-01	+9.10e-03	-8.80e-03
sigma     	5.37e-02	+8.29e-03	-7.21e-03
tau       	7.93e+00	+1.13e+01	-4.95e+00
avg_mag   	1.94e+01	+6.54e-02	-5.47e-02
Process Started on 2014-04-06 23:23:13.531833
It is currently    2014-04-06 23:45:47.341899
