
SIMULATION PARAMETERS
Namespace(avg_mag=19.0, delay=1.5, delta_mag=0.3, numorbits=80, outputtag='hubble_sim_r50', photometricerror=0.02, redshift=0.658, sigma=0.07, tau=121.0)

Process Started on 2014-04-06 20:38:39.045308
The output_tag for this run is: hubble_sim_r50_2014_04_06_20:38

CRUDE LIGHT CURVE PARAMETERS
----------------------------
parameter lc1   	lc2
----------------------------
sigma     +0.32 	+0.58
tau       +0.05 	+0.03
avg_mag   +18.27 	+18.54


BEGINNING LIGHT CURVE PARAMETER OPTIMIZATION

Optimization terminated successfully.
         Current function value: -1163.848822
         Iterations: 112
         Function evaluations: 200
Optimization terminated successfully.
         Current function value: -1157.288078
         Iterations: 154
         Function evaluations: 277

OPTIMIZED LIGHT CURVE PARAMETERS
--------------------------------
parameter lc1   	lc2
--------------------------------
sigma     +0.04 	+0.04
tau       +1.59 	+10.92
avg_mag   +18.26 	+18.52


Process Started on 2014-04-06 20:38:39.045308
It is now          2014-04-06 20:38:42.107763

time series is 5.01 days long
with  217 data points
The most common sample time distance is 0.01 days within the range of [0.01,0.01] days

1% done
10% done
25% done
50% done
75% done
DONE

Process Started on 2014-04-06 20:38:39.045308
It is now          2014-04-06 20:38:43.192658

BEST DELAY=9.93644e-01

INITIAL PARAMETERS (average of lc1 and lc2)
-------------------------------------------
delay      = 0.99
delta_mag  = 0.26
avg_mag    = 18.26
tau        = 6.26
sigma      = 0.04

Optimization terminated successfully.
         Current function value: -2125.823398
         Iterations: 138
         Function evaluations: 254

INITIAL PARAMETERS (optimization of merged light curve)
-------------------------------------------------------
delay      = 0.99
delta_mag  = 0.26
avg_mag    = 18.22
tau        = 4.94
sigma      = 0.04


-------------
RUNNING EMCEE
-------------

pos
sampler
Process Started on 2014-04-06 20:38:39.045308
It is currently    2014-04-06 20:38:48.542718
burn-in sampler.run_mcmc
	Mean acceptance fraction: 0.480
	Errors based on 16th, 50th, and 84th percentile
	Param     	MC_rec	err_up	err_low
	delay     	1.31e+00	+1.70e-01	-2.67e-01
	delta_mag 	2.93e-01	+7.79e-03	-5.23e-03
	sigma     	3.92e-02	+4.68e-03	-4.33e-03
	tau       	5.05e+00	+2.47e-01	-1.12e-01
	avg_mag   	1.81e+01	+5.44e-02	-8.94e-02
Process Started on 2014-04-06 20:38:39.045308
It is currently    2014-04-06 20:41:08.479270
sampler.run_mcmc
Process Started on 2014-04-06 20:38:39.045308
It is currently    2014-04-06 21:00:01.352286
sampler.chain
90000
Mean acceptance fraction: 0.514
Errors based on 16th, 50th, and 84th percentile
Param     	MC_rec	err_up	err_low
delay     	1.50e+00	+8.63e-03	-8.51e-03
delta_mag 	3.00e-01	+1.67e-03	-1.65e-03
sigma     	4.25e-02	+3.15e-03	-2.86e-03
tau       	1.91e+01	+1.91e+01	-1.24e+01
avg_mag   	1.82e+01	+7.61e-02	-8.92e-02
Process Started on 2014-04-06 20:38:39.045308
It is currently    2014-04-06 21:00:12.452768
