
SIMULATION PARAMETERS
Namespace(avg_mag=19.0, delay=1.5, delta_mag=0.3, numorbits=40, outputtag='hubble_sim_r1065', photometricerror=0.02, redshift=0.658, sigma=0.07, tau=121.0)

Process Started on 2014-04-07 02:12:55.219490
The output_tag for this run is: hubble_sim_r1065_2014_04_07_02:12

CRUDE LIGHT CURVE PARAMETERS
----------------------------
parameter lc1   	lc2
----------------------------
sigma     +0.29 	+0.96
tau       +0.05 	+0.01
avg_mag   +19.01 	+19.29


BEGINNING LIGHT CURVE PARAMETER OPTIMIZATION

Optimization terminated successfully.
         Current function value: -576.125700
         Iterations: 114
         Function evaluations: 210
Optimization terminated successfully.
         Current function value: -572.695603
         Iterations: 149
         Function evaluations: 261

OPTIMIZED LIGHT CURVE PARAMETERS
--------------------------------
parameter lc1   	lc2
--------------------------------
sigma     +0.05 	+0.05
tau       +0.83 	+4.89
avg_mag   +19.01 	+19.28


Process Started on 2014-04-07 02:12:55.219490
It is now          2014-04-07 02:12:56.077212

time series is 2.50 days long
with  108 data points
The most common sample time distance is 0.01 days within the range of [0.02,0.01] days

1% done
10% done
25% done
50% done
75% done
DONE

Process Started on 2014-04-07 02:12:55.219490
It is now          2014-04-07 02:12:56.389352

BEST DELAY=1.24912e+00

INITIAL PARAMETERS (average of lc1 and lc2)
-------------------------------------------
delay      = 1.25
delta_mag  = 0.27
avg_mag    = 19.01
tau        = 2.86
sigma      = 0.05

Optimization terminated successfully.
         Current function value: -1091.594743
         Iterations: 109
         Function evaluations: 191

INITIAL PARAMETERS (optimization of merged light curve)
-------------------------------------------------------
delay      = 1.25
delta_mag  = 0.27
avg_mag    = 18.99
tau        = 1.53
sigma      = 0.05


-------------
RUNNING EMCEE
-------------

pos
sampler
Process Started on 2014-04-07 02:12:55.219490
It is currently    2014-04-07 02:12:58.078999
burn-in sampler.run_mcmc
	Mean acceptance fraction: 0.533
	Errors based on 16th, 50th, and 84th percentile
	Param     	MC_rec	err_up	err_low
	delay     	1.40e+00	+7.33e-02	-1.02e-01
	delta_mag 	2.95e-01	+5.85e-03	-5.46e-03
	sigma     	5.60e-02	+8.97e-03	-7.34e-03
	tau       	1.40e+00	+1.31e-01	-1.86e-01
	avg_mag   	1.90e+01	+2.96e-02	-2.51e-02
Process Started on 2014-04-07 02:12:55.219490
It is currently    2014-04-07 02:13:43.930422
sampler.run_mcmc
Process Started on 2014-04-07 02:12:55.219490
It is currently    2014-04-07 02:19:49.743065
sampler.chain
90000
Mean acceptance fraction: 0.513
Errors based on 16th, 50th, and 84th percentile
Param     	MC_rec	err_up	err_low
delay     	1.51e+00	+2.26e-02	-1.99e-02
delta_mag 	3.02e-01	+3.17e-03	-3.14e-03
sigma     	4.64e-02	+4.35e-03	-4.07e-03
tau       	6.87e+00	+5.46e+00	-4.17e+00
avg_mag   	1.90e+01	+4.44e-02	-5.34e-02
Process Started on 2014-04-07 02:12:55.219490
It is currently    2014-04-07 02:19:55.978527
