
SIMULATION PARAMETERS
Namespace(avg_mag=19.0, delay=1.5, delta_mag=0.3, numorbits=80, outputtag='hubble_sim_r78', photometricerror=0.02, redshift=0.658, sigma=0.07, tau=121.0)

Process Started on 2014-04-06 21:02:43.588634
The output_tag for this run is: hubble_sim_r78_2014_04_06_21:02

CRUDE LIGHT CURVE PARAMETERS
----------------------------
parameter lc1   	lc2
----------------------------
sigma     +0.54 	+0.53
tau       +0.05 	+0.01
avg_mag   +18.65 	+18.89


BEGINNING LIGHT CURVE PARAMETER OPTIMIZATION

Optimization terminated successfully.
         Current function value: -1157.642291
         Iterations: 140
         Function evaluations: 252
Optimization terminated successfully.
         Current function value: -1142.770288
         Iterations: 162
         Function evaluations: 275

OPTIMIZED LIGHT CURVE PARAMETERS
--------------------------------
parameter lc1   	lc2
--------------------------------
sigma     +0.05 	+0.05
tau       +5.01 	+2.78
avg_mag   +18.66 	+18.89


Process Started on 2014-04-06 21:02:43.588634
It is now          2014-04-06 21:02:47.072914

time series is 5.01 days long
with  221 data points
The most common sample time distance is 0.01 days within the range of [0.01,0.02] days

1% done
10% done
25% done
50% done
75% done
DONE

Process Started on 2014-04-06 21:02:43.588634
It is now          2014-04-06 21:02:48.166603

BEST DELAY=-1.90574e+00

INITIAL PARAMETERS (average of lc1 and lc2)
-------------------------------------------
delay      = -1.91
delta_mag  = 0.22
avg_mag    = 18.66
tau        = 3.89
sigma      = 0.05

Optimization terminated successfully.
         Current function value: -2096.068580
         Iterations: 149
         Function evaluations: 264

INITIAL PARAMETERS (optimization of merged light curve)
-------------------------------------------------------
delay      = -1.91
delta_mag  = 0.22
avg_mag    = 18.66
tau        = 2.90
sigma      = 0.05


-------------
RUNNING EMCEE
-------------

pos
sampler
Process Started on 2014-04-06 21:02:43.588634
It is currently    2014-04-06 21:02:53.413455
burn-in sampler.run_mcmc
	Mean acceptance fraction: 0.486
	Errors based on 16th, 50th, and 84th percentile
	Param     	MC_rec	err_up	err_low
	delay     	-1.97e+00	+5.76e-02	-1.57e-02
	delta_mag 	2.11e-01	+2.77e-03	-2.41e-03
	sigma     	5.06e-02	+5.15e-03	-4.43e-03
	tau       	2.87e+00	+9.26e-02	-9.98e-02
	avg_mag   	1.87e+01	+3.40e-02	-3.11e-02
Process Started on 2014-04-06 21:02:43.588634
It is currently    2014-04-06 21:05:18.376703
sampler.run_mcmc
Process Started on 2014-04-06 21:02:43.588634
It is currently    2014-04-06 21:25:49.268697
sampler.chain
90000
Mean acceptance fraction: 0.416
Errors based on 16th, 50th, and 84th percentile
Param     	MC_rec	err_up	err_low
delay     	-1.98e+00	+1.17e-02	-4.55e-02
delta_mag 	2.09e-01	+2.09e-03	-2.08e-03
sigma     	5.00e-02	+4.30e-03	-3.94e-03
tau       	1.10e+01	+1.08e+01	-6.84e+00
avg_mag   	1.87e+01	+6.87e-02	-6.90e-02
Process Started on 2014-04-06 21:02:43.588634
It is currently    2014-04-06 21:26:00.334874
