
SIMULATION PARAMETERS
Namespace(avg_mag=19.0, delay=1.5, delta_mag=0.3, numorbits=80, outputtag='hubble_sim_r83', photometricerror=0.02, redshift=0.658, sigma=0.07, tau=121.0)

Process Started on 2014-04-06 21:06:47.365297
The output_tag for this run is: hubble_sim_r83_2014_04_06_21:06

CRUDE LIGHT CURVE PARAMETERS
----------------------------
parameter lc1   	lc2
----------------------------
sigma     +0.55 	+0.32
tau       +0.02 	+0.01
avg_mag   +18.56 	+18.88


BEGINNING LIGHT CURVE PARAMETER OPTIMIZATION

Optimization terminated successfully.
         Current function value: -1133.270727
         Iterations: 128
         Function evaluations: 231
Optimization terminated successfully.
         Current function value: -1146.559289
         Iterations: 106
         Function evaluations: 191

OPTIMIZED LIGHT CURVE PARAMETERS
--------------------------------
parameter lc1   	lc2
--------------------------------
sigma     +0.05 	+0.04
tau       +1.99 	+0.50
avg_mag   +18.55 	+18.88


Process Started on 2014-04-06 21:06:47.365297
It is now          2014-04-06 21:06:50.078700

time series is 5.00 days long
with  215 data points
The most common sample time distance is 0.01 days within the range of [0.01,0.01] days

1% done
10% done
25% done
50% done
75% done
DONE

Process Started on 2014-04-06 21:06:47.365297
It is now          2014-04-06 21:06:51.149395

BEST DELAY=1.49817e+00

INITIAL PARAMETERS (average of lc1 and lc2)
-------------------------------------------
delay      = 1.50
delta_mag  = 0.33
avg_mag    = 18.55
tau        = 1.24
sigma      = 0.05

Optimization terminated successfully.
         Current function value: -2182.534977
         Iterations: 122
         Function evaluations: 222

INITIAL PARAMETERS (optimization of merged light curve)
-------------------------------------------------------
delay      = 1.50
delta_mag  = 0.33
avg_mag    = 18.53
tau        = 1.36
sigma      = 0.05


-------------
RUNNING EMCEE
-------------

pos
sampler
Process Started on 2014-04-06 21:06:47.365297
It is currently    2014-04-06 21:06:56.033140
burn-in sampler.run_mcmc
	Mean acceptance fraction: 0.530
	Errors based on 16th, 50th, and 84th percentile
	Param     	MC_rec	err_up	err_low
	delay     	1.50e+00	+8.56e-03	-7.90e-03
	delta_mag 	3.02e-01	+3.03e-03	-1.98e-03
	sigma     	5.13e-02	+4.19e-03	-4.21e-03
	tau       	1.33e+00	+1.45e-01	-1.21e-01
	avg_mag   	1.85e+01	+2.07e-02	-1.90e-02
Process Started on 2014-04-06 21:06:47.365297
It is currently    2014-04-06 21:09:25.191517
sampler.run_mcmc
Process Started on 2014-04-06 21:06:47.365297
It is currently    2014-04-06 21:30:05.495723
sampler.chain
90000
Mean acceptance fraction: 0.508
Errors based on 16th, 50th, and 84th percentile
Param     	MC_rec	err_up	err_low
delay     	1.50e+00	+6.28e-03	-6.68e-03
delta_mag 	3.00e-01	+1.63e-03	-1.63e-03
sigma     	4.67e-02	+3.51e-03	-3.25e-03
tau       	4.25e+00	+5.24e+00	-2.32e+00
avg_mag   	1.85e+01	+3.20e-02	-3.97e-02
Process Started on 2014-04-06 21:06:47.365297
It is currently    2014-04-06 21:30:15.931141
