
SIMULATION PARAMETERS
Namespace(avg_mag=19.0, delay=1.5, delta_mag=0.3, numorbits=80, outputtag='hubble_sim_r40', photometricerror=0.02, redshift=0.658, sigma=0.07, tau=121.0)

Process Started on 2014-04-06 20:19:32.239649
The output_tag for this run is: hubble_sim_r40_2014_04_06_20:19

CRUDE LIGHT CURVE PARAMETERS
----------------------------
parameter lc1   	lc2
----------------------------
sigma     +0.80 	+1.83
tau       +0.02 	+0.01
avg_mag   +19.57 	+19.80


BEGINNING LIGHT CURVE PARAMETER OPTIMIZATION

Optimization terminated successfully.
         Current function value: -1159.217487
         Iterations: 147
         Function evaluations: 267
Optimization terminated successfully.
         Current function value: -1149.070527
         Iterations: 191
         Function evaluations: 335

OPTIMIZED LIGHT CURVE PARAMETERS
--------------------------------
parameter lc1   	lc2
--------------------------------
sigma     +0.05 	+0.06
tau       +3.31 	+13.15
avg_mag   +19.57 	+19.79


Process Started on 2014-04-06 20:19:32.239649
It is now          2014-04-06 20:19:36.149242

time series is 5.02 days long
with  222 data points
The most common sample time distance is 0.01 days within the range of [0.01,0.01] days

1% done
10% done
25% done
50% done
75% done
DONE

Process Started on 2014-04-06 20:19:32.239649
It is now          2014-04-06 20:19:37.204590

BEST DELAY=-9.09440e-01

INITIAL PARAMETERS (average of lc1 and lc2)
-------------------------------------------
delay      = -0.91
delta_mag  = 0.22
avg_mag    = 19.57
tau        = 8.23
sigma      = 0.05

Optimization terminated successfully.
         Current function value: -1452.849484
         Iterations: 86
         Function evaluations: 150

INITIAL PARAMETERS (optimization of merged light curve)
-------------------------------------------------------
delay      = -0.91
delta_mag  = 0.22
avg_mag    = 19.58
tau        = 0.22
sigma      = 0.28


-------------
RUNNING EMCEE
-------------

pos
sampler
Process Started on 2014-04-06 20:19:32.239649
It is currently    2014-04-06 20:19:41.139902
burn-in sampler.run_mcmc
	Mean acceptance fraction: 0.518
	Errors based on 16th, 50th, and 84th percentile
	Param     	MC_rec	err_up	err_low
	delay     	-9.08e-01	+1.22e-03	-1.35e-03
	delta_mag 	1.78e-01	+3.87e-03	-2.93e-03
	sigma     	2.16e-01	+3.83e-02	-3.09e-02
	tau       	2.67e-01	+3.83e-02	-2.92e-02
	avg_mag   	1.96e+01	+1.33e-02	-1.36e-02
Process Started on 2014-04-06 20:19:32.239649
It is currently    2014-04-06 20:22:13.086445
sampler.run_mcmc
Process Started on 2014-04-06 20:19:32.239649
It is currently    2014-04-06 20:43:56.921859
sampler.chain
90000
Mean acceptance fraction: 0.520
Errors based on 16th, 50th, and 84th percentile
Param     	MC_rec	err_up	err_low
delay     	-9.07e-01	+1.42e-03	-1.54e-03
delta_mag 	1.77e-01	+1.68e-03	-1.70e-03
sigma     	1.18e-01	+1.85e-02	-1.60e-02
tau       	1.62e+00	+4.27e-01	-5.83e-01
avg_mag   	1.96e+01	+4.15e-02	-3.98e-02
Process Started on 2014-04-06 20:19:32.239649
It is currently    2014-04-06 20:44:07.663871
