
SIMULATION PARAMETERS
Namespace(avg_mag=19.0, delay=1.5, delta_mag=0.3, numorbits=80, outputtag='hubble_sim_r191', photometricerror=0.05, redshift=0.658, sigma=0.07, tau=121.0)

Process Started on 2014-04-06 23:11:09.542987
The output_tag for this run is: hubble_sim_r191_2014_04_06_23:11

CRUDE LIGHT CURVE PARAMETERS
----------------------------
parameter lc1   	lc2
----------------------------
sigma     +0.40 	+0.42
tau       +0.05 	+0.06
avg_mag   +19.36 	+19.64


BEGINNING LIGHT CURVE PARAMETER OPTIMIZATION

Optimization terminated successfully.
         Current function value: -820.366676
         Iterations: 122
         Function evaluations: 218
Optimization terminated successfully.
         Current function value: -826.849387
         Iterations: 126
         Function evaluations: 224

OPTIMIZED LIGHT CURVE PARAMETERS
--------------------------------
parameter lc1   	lc2
--------------------------------
sigma     +0.06 	+0.05
tau       +1.63 	+1.75
avg_mag   +19.32 	+19.63


Process Started on 2014-04-06 23:11:09.542987
It is now          2014-04-06 23:11:12.392326

time series is 5.00 days long
with  214 data points
The most common sample time distance is 0.01 days within the range of [0.01,0.02] days

1% done
10% done
25% done
50% done
75% done
DONE

Process Started on 2014-04-06 23:11:09.542987
It is now          2014-04-06 23:11:13.464497

BEST DELAY=1.49952e+00

INITIAL PARAMETERS (average of lc1 and lc2)
-------------------------------------------
delay      = 1.50
delta_mag  = 0.31
avg_mag    = 19.32
tau        = 1.69
sigma      = 0.05

Optimization terminated successfully.
         Current function value: -1674.843978
         Iterations: 97
         Function evaluations: 176

INITIAL PARAMETERS (optimization of merged light curve)
-------------------------------------------------------
delay      = 1.50
delta_mag  = 0.31
avg_mag    = 19.32
tau        = 1.71
sigma      = 0.05


-------------
RUNNING EMCEE
-------------

pos
sampler
Process Started on 2014-04-06 23:11:09.542987
It is currently    2014-04-06 23:11:17.606721
burn-in sampler.run_mcmc
	Mean acceptance fraction: 0.581
	Errors based on 16th, 50th, and 84th percentile
	Param     	MC_rec	err_up	err_low
	delay     	1.49e+00	+3.10e-02	-3.19e-02
	delta_mag 	3.00e-01	+4.68e-03	-4.38e-03
	sigma     	5.40e-02	+6.05e-03	-4.78e-03
	tau       	1.72e+00	+1.71e-01	-1.46e-01
	avg_mag   	1.93e+01	+2.33e-02	-2.32e-02
Process Started on 2014-04-06 23:11:09.542987
It is currently    2014-04-06 23:13:46.964593
sampler.run_mcmc
Process Started on 2014-04-06 23:11:09.542987
It is currently    2014-04-06 23:33:45.128358
sampler.chain
90000
Mean acceptance fraction: 0.510
Errors based on 16th, 50th, and 84th percentile
Param     	MC_rec	err_up	err_low
delay     	1.49e+00	+2.78e-02	-3.05e-02
delta_mag 	3.00e-01	+4.09e-03	-4.20e-03
sigma     	5.28e-02	+5.33e-03	-4.96e-03
tau       	4.98e+00	+6.65e+00	-2.88e+00
avg_mag   	1.93e+01	+3.97e-02	-4.99e-02
Process Started on 2014-04-06 23:11:09.542987
It is currently    2014-04-06 23:33:55.924350
