
SIMULATION PARAMETERS
Namespace(avg_mag=19.0, delay=1.5, delta_mag=0.3, numorbits=40, outputtag='hubble_sim_r1263', photometricerror=0.1, redshift=0.658, sigma=0.07, tau=121.0)

Process Started on 2014-04-07 05:31:37.072910
The output_tag for this run is: hubble_sim_r1263_2014_04_07_05:31

CRUDE LIGHT CURVE PARAMETERS
----------------------------
parameter lc1   	lc2
----------------------------
sigma     +0.58 	+0.22
tau       +0.04 	+0.05
avg_mag   +18.88 	+19.25


BEGINNING LIGHT CURVE PARAMETER OPTIMIZATION

Optimization terminated successfully.
         Current function value: -293.149646
         Iterations: 138
         Function evaluations: 238
Optimization terminated successfully.
         Current function value: -305.761100
         Iterations: 50
         Function evaluations: 95

OPTIMIZED LIGHT CURVE PARAMETERS
--------------------------------
parameter lc1   	lc2
--------------------------------
sigma     +0.06 	+0.00
tau       +2.17 	+0.07
avg_mag   +18.89 	+19.25


Process Started on 2014-04-07 05:31:37.072910
It is now          2014-04-07 05:31:37.727902

time series is 2.51 days long
with  113 data points
The most common sample time distance is 0.01 days within the range of [0.02,0.01] days

1% done
10% done
25% done
50% done
75% done
DONE

Process Started on 2014-04-07 05:31:37.072910
It is now          2014-04-07 05:31:38.060906

BEST DELAY=9.46785e-01

INITIAL PARAMETERS (average of lc1 and lc2)
-------------------------------------------
delay      = 0.95
delta_mag  = 0.36
avg_mag    = 18.89
tau        = 1.12
sigma      = 0.03

Optimization terminated successfully.
         Current function value: -589.599778
         Iterations: 124
         Function evaluations: 226

INITIAL PARAMETERS (optimization of merged light curve)
-------------------------------------------------------
delay      = 0.95
delta_mag  = 0.36
avg_mag    = 18.87
tau        = 1.67
sigma      = 0.05


-------------
RUNNING EMCEE
-------------

pos
sampler
Process Started on 2014-04-07 05:31:37.072910
It is currently    2014-04-07 05:31:39.935789
burn-in sampler.run_mcmc
	Mean acceptance fraction: 0.584
	Errors based on 16th, 50th, and 84th percentile
	Param     	MC_rec	err_up	err_low
	delay     	1.23e+00	+2.75e-01	-2.25e-01
	delta_mag 	3.25e-01	+1.84e-02	-2.09e-02
	sigma     	5.70e-02	+1.28e-02	-1.19e-02
	tau       	1.78e+00	+8.01e-01	-4.94e-01
	avg_mag   	1.89e+01	+3.10e-02	-3.61e-02
Process Started on 2014-04-07 05:31:37.072910
It is currently    2014-04-07 05:32:25.749459
sampler.run_mcmc
Process Started on 2014-04-07 05:31:37.072910
It is currently    2014-04-07 05:38:29.894863
sampler.chain
90000
Mean acceptance fraction: 0.510
Errors based on 16th, 50th, and 84th percentile
Param     	MC_rec	err_up	err_low
delay     	1.51e+00	+3.20e-01	-2.30e-01
delta_mag 	3.07e-01	+1.76e-02	-2.03e-02
sigma     	5.00e-02	+1.10e-02	-8.53e-03
tau       	8.17e+00	+5.67e+00	-4.47e+00
avg_mag   	1.89e+01	+6.23e-02	-5.88e-02
Process Started on 2014-04-07 05:31:37.072910
It is currently    2014-04-07 05:38:36.012514
