
SIMULATION PARAMETERS
Namespace(avg_mag=19.0, delay=1.5, delta_mag=0.3, numorbits=40, outputtag='hubble_sim_r1082', photometricerror=0.02, redshift=0.658, sigma=0.07, tau=121.0)

Process Started on 2014-04-07 02:29:58.905727
The output_tag for this run is: hubble_sim_r1082_2014_04_07_02:29

CRUDE LIGHT CURVE PARAMETERS
----------------------------
parameter lc1   	lc2
----------------------------
sigma     +0.20 	+0.26
tau       +0.03 	+0.03
avg_mag   +17.86 	+18.19


BEGINNING LIGHT CURVE PARAMETER OPTIMIZATION

Optimization terminated successfully.
         Current function value: -599.214226
         Iterations: 98
         Function evaluations: 178
Optimization terminated successfully.
         Current function value: -594.211287
         Iterations: 142
         Function evaluations: 252

OPTIMIZED LIGHT CURVE PARAMETERS
--------------------------------
parameter lc1   	lc2
--------------------------------
sigma     +0.03 	+0.03
tau       +0.81 	+1.54
avg_mag   +17.85 	+18.19


Process Started on 2014-04-07 02:29:58.905727
It is now          2014-04-07 02:29:59.714103

time series is 2.50 days long
with  111 data points
The most common sample time distance is 0.01 days within the range of [0.02,0.01] days

1% done
10% done
25% done
50% done
75% done
DONE

Process Started on 2014-04-07 02:29:58.905727
It is now          2014-04-07 02:30:00.035728

BEST DELAY=-5.16603e-02

INITIAL PARAMETERS (average of lc1 and lc2)
-------------------------------------------
delay      = -0.05
delta_mag  = 0.34
avg_mag    = 17.85
tau        = 1.17
sigma      = 0.03

Optimization terminated successfully.
         Current function value: -1183.475601
         Iterations: 120
         Function evaluations: 216

INITIAL PARAMETERS (optimization of merged light curve)
-------------------------------------------------------
delay      = -0.05
delta_mag  = 0.34
avg_mag    = 17.85
tau        = 1.22
sigma      = 0.03


-------------
RUNNING EMCEE
-------------

pos
sampler
Process Started on 2014-04-07 02:29:58.905727
It is currently    2014-04-07 02:30:01.793965
burn-in sampler.run_mcmc
	Mean acceptance fraction: 0.570
	Errors based on 16th, 50th, and 84th percentile
	Param     	MC_rec	err_up	err_low
	delay     	-1.60e-02	+2.53e-02	-2.34e-02
	delta_mag 	3.32e-01	+2.03e-03	-2.29e-03
	sigma     	3.34e-02	+6.25e-03	-4.48e-03
	tau       	1.35e+00	+5.26e-01	-2.93e-01
	avg_mag   	1.79e+01	+1.58e-02	-1.47e-02
Process Started on 2014-04-07 02:29:58.905727
It is currently    2014-04-07 02:30:48.463207
sampler.run_mcmc
Process Started on 2014-04-07 02:29:58.905727
It is currently    2014-04-07 02:36:59.183863
sampler.chain
90000
Mean acceptance fraction: 0.509
Errors based on 16th, 50th, and 84th percentile
Param     	MC_rec	err_up	err_low
delay     	-9.03e-03	+2.27e-02	-2.02e-02
delta_mag 	3.31e-01	+1.98e-03	-1.91e-03
sigma     	3.26e-02	+5.06e-03	-4.34e-03
tau       	4.77e+00	+4.57e+00	-3.02e+00
avg_mag   	1.79e+01	+2.80e-02	-3.05e-02
Process Started on 2014-04-07 02:29:58.905727
It is currently    2014-04-07 02:37:05.665807
