
SIMULATION PARAMETERS
Namespace(avg_mag=19.0, delay=1.5, delta_mag=0.3, numorbits=80, outputtag='hubble_sim_r190', photometricerror=0.05, redshift=0.658, sigma=0.07, tau=121.0)

Process Started on 2014-04-06 23:10:09.072298
The output_tag for this run is: hubble_sim_r190_2014_04_06_23:10

CRUDE LIGHT CURVE PARAMETERS
----------------------------
parameter lc1   	lc2
----------------------------
sigma     +0.57 	+0.60
tau       +0.08 	+0.05
avg_mag   +18.97 	+19.30


BEGINNING LIGHT CURVE PARAMETER OPTIMIZATION

Optimization terminated successfully.
         Current function value: -828.352796
         Iterations: 129
         Function evaluations: 232
Optimization terminated successfully.
         Current function value: -833.947285
         Iterations: 126
         Function evaluations: 228

OPTIMIZED LIGHT CURVE PARAMETERS
--------------------------------
parameter lc1   	lc2
--------------------------------
sigma     +0.05 	+0.05
tau       +4.16 	+3.36
avg_mag   +18.97 	+19.30


Process Started on 2014-04-06 23:10:09.072298
It is now          2014-04-06 23:10:11.945975

time series is 5.00 days long
with  216 data points
The most common sample time distance is 0.01 days within the range of [0.01,0.01] days

1% done
10% done
25% done
50% done
75% done
DONE

Process Started on 2014-04-06 23:10:09.072298
It is now          2014-04-06 23:10:12.977899

BEST DELAY=1.49893e+00

INITIAL PARAMETERS (average of lc1 and lc2)
-------------------------------------------
delay      = 1.50
delta_mag  = 0.32
avg_mag    = 18.97
tau        = 3.76
sigma      = 0.05

Optimization terminated successfully.
         Current function value: -1673.716336
         Iterations: 147
         Function evaluations: 255

INITIAL PARAMETERS (optimization of merged light curve)
-------------------------------------------------------
delay      = 1.50
delta_mag  = 0.32
avg_mag    = 18.97
tau        = 3.67
sigma      = 0.05


-------------
RUNNING EMCEE
-------------

pos
sampler
Process Started on 2014-04-06 23:10:09.072298
It is currently    2014-04-06 23:10:17.918584
burn-in sampler.run_mcmc
	Mean acceptance fraction: 0.591
	Errors based on 16th, 50th, and 84th percentile
	Param     	MC_rec	err_up	err_low
	delay     	1.50e+00	+2.92e-02	-2.85e-02
	delta_mag 	3.01e-01	+5.17e-03	-5.61e-03
	sigma     	4.89e-02	+5.65e-03	-5.05e-03
	tau       	3.67e+00	+3.35e-01	-2.64e-01
	avg_mag   	1.90e+01	+3.50e-02	-3.46e-02
Process Started on 2014-04-06 23:10:09.072298
It is currently    2014-04-06 23:12:38.978950
sampler.run_mcmc
Process Started on 2014-04-06 23:10:09.072298
It is currently    2014-04-06 23:29:16.585744
sampler.chain
90000
Mean acceptance fraction: 0.515
Errors based on 16th, 50th, and 84th percentile
Param     	MC_rec	err_up	err_low
delay     	1.50e+00	+2.83e-02	-2.82e-02
delta_mag 	2.99e-01	+4.03e-03	-4.29e-03
sigma     	4.72e-02	+4.78e-03	-4.24e-03
tau       	1.50e+01	+1.43e+01	-9.53e+00
avg_mag   	1.90e+01	+7.75e-02	-7.83e-02
Process Started on 2014-04-06 23:10:09.072298
It is currently    2014-04-06 23:29:24.699029
