
SIMULATION PARAMETERS
Namespace(avg_mag=19.0, delay=1.5, delta_mag=0.3, numorbits=40, outputtag='hubble_sim_r1150', photometricerror=0.05, redshift=0.658, sigma=0.07, tau=121.0)

Process Started on 2014-04-07 03:38:13.115705
The output_tag for this run is: hubble_sim_r1150_2014_04_07_03:38

CRUDE LIGHT CURVE PARAMETERS
----------------------------
parameter lc1   	lc2
----------------------------
sigma     +0.27 	+0.50
tau       +0.05 	+0.05
avg_mag   +18.58 	+18.80


BEGINNING LIGHT CURVE PARAMETER OPTIMIZATION

Optimization terminated successfully.
         Current function value: -404.106005
         Iterations: 119
         Function evaluations: 214
Optimization terminated successfully.
         Current function value: -400.801562
         Iterations: 155
         Function evaluations: 280

OPTIMIZED LIGHT CURVE PARAMETERS
--------------------------------
parameter lc1   	lc2
--------------------------------
sigma     +0.04 	+0.05
tau       +1.08 	+4.42
avg_mag   +18.57 	+18.80


Process Started on 2014-04-07 03:38:13.115705
It is now          2014-04-07 03:38:13.984573

time series is 2.50 days long
with  105 data points
The most common sample time distance is 0.01 days within the range of [0.02,0.01] days

1% done
10% done
25% done
50% done
75% done
DONE

Process Started on 2014-04-07 03:38:13.115705
It is now          2014-04-07 03:38:14.296437

BEST DELAY=6.49447e-01

INITIAL PARAMETERS (average of lc1 and lc2)
-------------------------------------------
delay      = 0.65
delta_mag  = 0.23
avg_mag    = 18.57
tau        = 2.75
sigma      = 0.04

Optimization terminated successfully.
         Current function value: -799.806901
         Iterations: 127
         Function evaluations: 229

INITIAL PARAMETERS (optimization of merged light curve)
-------------------------------------------------------
delay      = 0.65
delta_mag  = 0.23
avg_mag    = 18.55
tau        = 2.99
sigma      = 0.04


-------------
RUNNING EMCEE
-------------

pos
sampler
Process Started on 2014-04-07 03:38:13.115705
It is currently    2014-04-07 03:38:16.088335
burn-in sampler.run_mcmc
	Mean acceptance fraction: 0.539
	Errors based on 16th, 50th, and 84th percentile
	Param     	MC_rec	err_up	err_low
	delay     	8.20e-01	+5.54e-01	-1.10e-01
	delta_mag 	2.56e-01	+2.31e-02	-1.04e-02
	sigma     	4.58e-02	+9.71e-03	-7.30e-03
	tau       	2.93e+00	+1.71e-01	-2.78e-01
	avg_mag   	1.85e+01	+3.35e-02	-3.65e-02
Process Started on 2014-04-07 03:38:13.115705
It is currently    2014-04-07 03:38:59.849343
sampler.run_mcmc
Process Started on 2014-04-07 03:38:13.115705
It is currently    2014-04-07 03:44:54.125830
sampler.chain
90000
Mean acceptance fraction: 0.512
Errors based on 16th, 50th, and 84th percentile
Param     	MC_rec	err_up	err_low
delay     	1.47e+00	+5.97e-02	-8.10e-02
delta_mag 	2.94e-01	+9.16e-03	-1.08e-02
sigma     	4.51e-02	+7.96e-03	-6.21e-03
tau       	1.42e+01	+1.01e+01	-7.71e+00
avg_mag   	1.85e+01	+7.50e-02	-8.03e-02
Process Started on 2014-04-07 03:38:13.115705
It is currently    2014-04-07 03:45:00.512304
