
SIMULATION PARAMETERS
Namespace(avg_mag=19.0, delay=1.5, delta_mag=0.3, numorbits=40, outputtag='hubble_sim_r1002', photometricerror=0.02, redshift=0.658, sigma=0.07, tau=121.0)

Process Started on 2014-04-07 01:08:42.510423
The output_tag for this run is: hubble_sim_r1002_2014_04_07_01:08

CRUDE LIGHT CURVE PARAMETERS
----------------------------
parameter lc1   	lc2
----------------------------
sigma     +0.34 	+0.47
tau       +0.03 	+0.02
avg_mag   +19.91 	+20.19


BEGINNING LIGHT CURVE PARAMETER OPTIMIZATION

Optimization terminated successfully.
         Current function value: -569.657631
         Iterations: 116
         Function evaluations: 206
Optimization terminated successfully.
         Current function value: -561.059332
         Iterations: 130
         Function evaluations: 230

OPTIMIZED LIGHT CURVE PARAMETERS
--------------------------------
parameter lc1   	lc2
--------------------------------
sigma     +0.03 	+0.04
tau       +1.79 	+3.07
avg_mag   +19.90 	+20.17


Process Started on 2014-04-07 01:08:42.510423
It is now          2014-04-07 01:08:43.906755

time series is 2.50 days long
with  105 data points
The most common sample time distance is 0.01 days within the range of [0.02,0.01] days

1% done
10% done
25% done
50% done
75% done
DONE

Process Started on 2014-04-07 01:08:42.510423
It is now          2014-04-07 01:08:44.426786

BEST DELAY=1.24984e+00

INITIAL PARAMETERS (average of lc1 and lc2)
-------------------------------------------
delay      = 1.25
delta_mag  = 0.27
avg_mag    = 19.90
tau        = 2.43
sigma      = 0.04

Optimization terminated successfully.
         Current function value: -1093.502355
         Iterations: 159
         Function evaluations: 286

INITIAL PARAMETERS (optimization of merged light curve)
-------------------------------------------------------
delay      = 1.25
delta_mag  = 0.27
avg_mag    = 19.87
tau        = 2.69
sigma      = 0.03


-------------
RUNNING EMCEE
-------------

pos
sampler
Process Started on 2014-04-07 01:08:42.510423
It is currently    2014-04-07 01:08:48.140203
burn-in sampler.run_mcmc
	Mean acceptance fraction: 0.547
	Errors based on 16th, 50th, and 84th percentile
	Param     	MC_rec	err_up	err_low
	delay     	1.43e+00	+5.70e-02	-8.83e-02
	delta_mag 	2.94e-01	+5.05e-03	-5.48e-03
	sigma     	4.03e-02	+6.67e-03	-5.56e-03
	tau       	2.75e+00	+1.81e-01	-1.08e-01
	avg_mag   	1.98e+01	+3.28e-02	-3.38e-02
Process Started on 2014-04-07 01:08:42.510423
It is currently    2014-04-07 01:10:06.555193
sampler.run_mcmc
Process Started on 2014-04-07 01:08:42.510423
It is currently    2014-04-07 01:19:35.263549
sampler.chain
90000
Mean acceptance fraction: 0.513
Errors based on 16th, 50th, and 84th percentile
Param     	MC_rec	err_up	err_low
delay     	1.49e+00	+2.13e-02	-2.26e-02
delta_mag 	2.97e-01	+3.01e-03	-2.94e-03
sigma     	3.67e-02	+4.11e-03	-3.60e-03
tau       	9.59e+00	+1.06e+01	-6.19e+00
avg_mag   	1.99e+01	+4.62e-02	-5.47e-02
Process Started on 2014-04-07 01:08:42.510423
It is currently    2014-04-07 01:19:44.216045
