
SIMULATION PARAMETERS
Namespace(avg_mag=19.0, delay=1.5, delta_mag=0.3, numorbits=80, outputtag='hubble_sim_r57', photometricerror=0.02, redshift=0.658, sigma=0.07, tau=121.0)

Process Started on 2014-04-06 20:40:21.516032
The output_tag for this run is: hubble_sim_r57_2014_04_06_20:40

CRUDE LIGHT CURVE PARAMETERS
----------------------------
parameter lc1   	lc2
----------------------------
sigma     +0.35 	+0.70
tau       +0.06 	+0.02
avg_mag   +19.91 	+20.24


BEGINNING LIGHT CURVE PARAMETER OPTIMIZATION

Optimization terminated successfully.
         Current function value: -1134.488930
         Iterations: 129
         Function evaluations: 225
Optimization terminated successfully.
         Current function value: -1121.938703
         Iterations: 145
         Function evaluations: 255

OPTIMIZED LIGHT CURVE PARAMETERS
--------------------------------
parameter lc1   	lc2
--------------------------------
sigma     +0.04 	+0.05
tau       +2.02 	+6.76
avg_mag   +19.92 	+20.27


Process Started on 2014-04-06 20:40:21.516032
It is now          2014-04-06 20:40:24.581559

time series is 5.01 days long
with  214 data points
The most common sample time distance is 0.01 days within the range of [0.01,0.01] days

1% done
10% done
25% done
50% done
75% done
DONE

Process Started on 2014-04-06 20:40:21.516032
It is now          2014-04-06 20:40:25.634472

BEST DELAY=1.49620e+00

INITIAL PARAMETERS (average of lc1 and lc2)
-------------------------------------------
delay      = 1.50
delta_mag  = 0.35
avg_mag    = 19.92
tau        = 4.39
sigma      = 0.05

Optimization terminated successfully.
         Current function value: -1888.495566
         Iterations: 142
         Function evaluations: 255

INITIAL PARAMETERS (optimization of merged light curve)
-------------------------------------------------------
delay      = 1.50
delta_mag  = 0.35
avg_mag    = 19.94
tau        = 2.99
sigma      = 0.05


-------------
RUNNING EMCEE
-------------

pos
sampler
Process Started on 2014-04-06 20:40:21.516032
It is currently    2014-04-06 20:40:30.566731
burn-in sampler.run_mcmc
	Mean acceptance fraction: 0.519
	Errors based on 16th, 50th, and 84th percentile
	Param     	MC_rec	err_up	err_low
	delay     	1.49e+00	+1.23e-02	-1.30e-02
	delta_mag 	3.01e-01	+4.42e-03	-2.66e-03
	sigma     	5.30e-02	+4.55e-03	-4.92e-03
	tau       	3.01e+00	+4.44e-02	-5.18e-02
	avg_mag   	1.99e+01	+3.29e-02	-3.11e-02
Process Started on 2014-04-06 20:40:21.516032
It is currently    2014-04-06 20:42:47.077660
sampler.run_mcmc
Process Started on 2014-04-06 20:40:21.516032
It is currently    2014-04-06 21:02:15.076347
sampler.chain
90000
Mean acceptance fraction: 0.517
Errors based on 16th, 50th, and 84th percentile
Param     	MC_rec	err_up	err_low
delay     	1.50e+00	+7.16e-03	-6.69e-03
delta_mag 	2.99e-01	+1.65e-03	-1.65e-03
sigma     	4.77e-02	+3.41e-03	-3.13e-03
tau       	1.37e+01	+1.05e+01	-8.21e+00
avg_mag   	2.00e+01	+8.27e-02	-6.94e-02
Process Started on 2014-04-06 20:40:21.516032
It is currently    2014-04-06 21:02:23.883721
