
SIMULATION PARAMETERS
Namespace(avg_mag=19.0, delay=1.5, delta_mag=0.3, numorbits=80, outputtag='hubble_sim_r88', photometricerror=0.02, redshift=0.658, sigma=0.07, tau=121.0)

Process Started on 2014-04-06 21:21:09.575721
The output_tag for this run is: hubble_sim_r88_2014_04_06_21:21

CRUDE LIGHT CURVE PARAMETERS
----------------------------
parameter lc1   	lc2
----------------------------
sigma     +0.36 	+0.81
tau       +0.02 	+0.02
avg_mag   +19.17 	+19.50


BEGINNING LIGHT CURVE PARAMETER OPTIMIZATION

Optimization terminated successfully.
         Current function value: -1109.409165
         Iterations: 119
         Function evaluations: 211
Optimization terminated successfully.
         Current function value: -1087.791997
         Iterations: 128
         Function evaluations: 227

OPTIMIZED LIGHT CURVE PARAMETERS
--------------------------------
parameter lc1   	lc2
--------------------------------
sigma     +0.04 	+0.05
tau       +0.95 	+2.90
avg_mag   +19.18 	+19.52


Process Started on 2014-04-06 21:21:09.575721
It is now          2014-04-06 21:21:11.434029

time series is 5.01 days long
with  209 data points
The most common sample time distance is 0.01 days within the range of [0.01,0.01] days

1% done
10% done
25% done
50% done
75% done
DONE

Process Started on 2014-04-06 21:21:09.575721
It is now          2014-04-06 21:21:12.144767

BEST DELAY=1.49716e+00

INITIAL PARAMETERS (average of lc1 and lc2)
-------------------------------------------
delay      = 1.50
delta_mag  = 0.34
avg_mag    = 19.18
tau        = 1.92
sigma      = 0.05

Optimization terminated successfully.
         Current function value: -1961.039335
         Iterations: 124
         Function evaluations: 220

INITIAL PARAMETERS (optimization of merged light curve)
-------------------------------------------------------
delay      = 1.50
delta_mag  = 0.34
avg_mag    = 19.19
tau        = 1.84
sigma      = 0.06


-------------
RUNNING EMCEE
-------------

pos
sampler
Process Started on 2014-04-06 21:21:09.575721
It is currently    2014-04-06 21:21:15.993547
burn-in sampler.run_mcmc
	Mean acceptance fraction: 0.523
	Errors based on 16th, 50th, and 84th percentile
	Param     	MC_rec	err_up	err_low
	delay     	1.50e+00	+8.66e-03	-7.92e-03
	delta_mag 	3.02e-01	+3.47e-03	-2.48e-03
	sigma     	5.41e-02	+6.23e-03	-3.73e-03
	tau       	1.84e+00	+2.48e-02	-3.60e-02
	avg_mag   	1.92e+01	+2.89e-02	-2.14e-02
Process Started on 2014-04-06 21:21:09.575721
It is currently    2014-04-06 21:23:36.047224
sampler.run_mcmc
Process Started on 2014-04-06 21:21:09.575721
It is currently    2014-04-06 21:44:16.465903
sampler.chain
90000
Mean acceptance fraction: 0.513
Errors based on 16th, 50th, and 84th percentile
Param     	MC_rec	err_up	err_low
delay     	1.50e+00	+6.19e-03	-6.24e-03
delta_mag 	3.00e-01	+1.72e-03	-1.70e-03
sigma     	5.25e-02	+3.43e-03	-3.27e-03
tau       	7.09e+00	+6.91e+00	-4.11e+00
avg_mag   	1.92e+01	+5.78e-02	-5.29e-02
Process Started on 2014-04-06 21:21:09.575721
It is currently    2014-04-06 21:44:27.127545
