
SIMULATION PARAMETERS
Namespace(avg_mag=19.0, delay=1.5, delta_mag=0.3, numorbits=40, outputtag='hubble_sim_r1067', photometricerror=0.02, redshift=0.658, sigma=0.07, tau=121.0)

Process Started on 2014-04-07 02:14:55.686520
The output_tag for this run is: hubble_sim_r1067_2014_04_07_02:14

CRUDE LIGHT CURVE PARAMETERS
----------------------------
parameter lc1   	lc2
----------------------------
sigma     +0.38 	+1.12
tau       +0.03 	+0.00
avg_mag   +19.89 	+20.15


BEGINNING LIGHT CURVE PARAMETER OPTIMIZATION

Optimization terminated successfully.
         Current function value: -574.069331
         Iterations: 133
         Function evaluations: 232
Optimization terminated successfully.
         Current function value: -586.146111
         Iterations: 194
         Function evaluations: 344

OPTIMIZED LIGHT CURVE PARAMETERS
--------------------------------
parameter lc1   	lc2
--------------------------------
sigma     +0.05 	+0.04
tau       +1.75 	+1.19
avg_mag   +19.90 	+20.13


Process Started on 2014-04-07 02:14:55.686520
It is now          2014-04-07 02:14:56.772960

time series is 2.51 days long
with  110 data points
The most common sample time distance is 0.01 days within the range of [0.02,0.01] days

1% done
10% done
25% done
50% done
75% done
DONE

Process Started on 2014-04-07 02:14:55.686520
It is now          2014-04-07 02:14:57.091573

BEST DELAY=-1.15475e+00

INITIAL PARAMETERS (average of lc1 and lc2)
-------------------------------------------
delay      = -1.15
delta_mag  = 0.23
avg_mag    = 19.90
tau        = 1.47
sigma      = 0.04

Optimization terminated successfully.
         Current function value: -1129.906291
         Iterations: 254
         Function evaluations: 443

INITIAL PARAMETERS (optimization of merged light curve)
-------------------------------------------------------
delay      = -1.15
delta_mag  = 0.23
avg_mag    = 19.90
tau        = 1.27
sigma      = 0.04


-------------
RUNNING EMCEE
-------------

pos
sampler
Process Started on 2014-04-07 02:14:55.686520
It is currently    2014-04-07 02:14:59.963024
burn-in sampler.run_mcmc
	Mean acceptance fraction: 0.552
	Errors based on 16th, 50th, and 84th percentile
	Param     	MC_rec	err_up	err_low
	delay     	-1.51e+00	+2.22e-01	-4.19e-01
	delta_mag 	2.03e-01	+1.59e-02	-2.57e-02
	sigma     	5.11e-02	+6.78e-03	-6.22e-03
	tau       	1.32e+00	+2.25e-01	-1.16e-01
	avg_mag   	1.99e+01	+3.43e-02	-2.45e-02
Process Started on 2014-04-07 02:14:55.686520
It is currently    2014-04-07 02:15:47.253328
sampler.run_mcmc
Process Started on 2014-04-07 02:14:55.686520
It is currently    2014-04-07 02:22:02.986201
sampler.chain
90000
Mean acceptance fraction: 0.503
Errors based on 16th, 50th, and 84th percentile
Param     	MC_rec	err_up	err_low
delay     	-2.06e+00	+1.04e-01	-7.53e-02
delta_mag 	1.65e-01	+8.21e-03	-9.44e-03
sigma     	4.42e-02	+4.77e-03	-4.33e-03
tau       	7.11e+00	+3.68e+00	-3.52e+00
avg_mag   	1.99e+01	+4.85e-02	-4.72e-02
Process Started on 2014-04-07 02:14:55.686520
It is currently    2014-04-07 02:22:09.090581
