
SIMULATION PARAMETERS
Namespace(avg_mag=19.0, delay=1.5, delta_mag=0.3, numorbits=80, outputtag='hubble_sim_r291', photometricerror=0.1, redshift=0.658, sigma=0.07, tau=121.0)

Process Started on 2014-04-07 00:57:42.023169
The output_tag for this run is: hubble_sim_r291_2014_04_07_00:57

CRUDE LIGHT CURVE PARAMETERS
----------------------------
parameter lc1   	lc2
----------------------------
sigma     +0.31 	+0.35
tau       +0.05 	+0.14
avg_mag   +18.60 	+18.93


BEGINNING LIGHT CURVE PARAMETER OPTIMIZATION

Optimization terminated successfully.
         Current function value: -576.478084
         Iterations: 56
         Function evaluations: 104
Optimization terminated successfully.
         Current function value: -578.555280
         Iterations: 138
         Function evaluations: 253

OPTIMIZED LIGHT CURVE PARAMETERS
--------------------------------
parameter lc1   	lc2
--------------------------------
sigma     +0.00 	+0.04
tau       +0.07 	+2.25
avg_mag   +18.60 	+18.95


Process Started on 2014-04-07 00:57:42.023169
It is now          2014-04-07 00:57:44.335964

time series is 5.01 days long
with  219 data points
The most common sample time distance is 0.01 days within the range of [0.01,0.01] days

1% done
10% done
25% done
50% done
75% done
DONE

Process Started on 2014-04-07 00:57:42.023169
It is now          2014-04-07 00:57:45.411915

BEST DELAY=-2.50525e+00

INITIAL PARAMETERS (average of lc1 and lc2)
-------------------------------------------
delay      = -2.51
delta_mag  = 0.35
avg_mag    = 18.60
tau        = 1.16
sigma      = 0.02

Optimization terminated successfully.
         Current function value: -1158.168628
         Iterations: 123
         Function evaluations: 229

INITIAL PARAMETERS (optimization of merged light curve)
-------------------------------------------------------
delay      = -2.51
delta_mag  = 0.35
avg_mag    = 18.59
tau        = 1.57
sigma      = 0.03


-------------
RUNNING EMCEE
-------------

pos
sampler
Process Started on 2014-04-07 00:57:42.023169
It is currently    2014-04-07 00:57:50.081332
burn-in sampler.run_mcmc
	Mean acceptance fraction: 0.576
	Errors based on 16th, 50th, and 84th percentile
	Param     	MC_rec	err_up	err_low
	delay     	-2.77e+00	+2.24e-01	-2.23e-01
	delta_mag 	3.53e-01	+1.14e-02	-1.03e-02
	sigma     	3.95e-02	+7.77e-03	-7.49e-03
	tau       	1.52e+00	+4.78e-01	-4.03e-01
	avg_mag   	1.86e+01	+1.57e-02	-1.90e-02
Process Started on 2014-04-07 00:57:42.023169
It is currently    2014-04-07 01:00:16.693116
sampler.run_mcmc
Process Started on 2014-04-07 00:57:42.023169
It is currently    2014-04-07 01:16:11.227796
sampler.chain
90000
Mean acceptance fraction: 0.505
Errors based on 16th, 50th, and 84th percentile
Param     	MC_rec	err_up	err_low
delay     	-3.13e+00	+1.60e-01	-1.85e-01
delta_mag 	3.68e-01	+1.29e-02	-1.22e-02
sigma     	3.58e-02	+6.83e-03	-5.98e-03
tau       	4.96e+00	+6.18e+00	-2.86e+00
avg_mag   	1.86e+01	+2.93e-02	-3.03e-02
Process Started on 2014-04-07 00:57:42.023169
It is currently    2014-04-07 01:16:21.485459
