
SIMULATION PARAMETERS
Namespace(avg_mag=19.0, delay=1.5, delta_mag=0.3, numorbits=80, outputtag='hubble_sim_r67', photometricerror=0.02, redshift=0.658, sigma=0.07, tau=121.0)

Process Started on 2014-04-06 20:58:08.086934
The output_tag for this run is: hubble_sim_r67_2014_04_06_20:58

CRUDE LIGHT CURVE PARAMETERS
----------------------------
parameter lc1   	lc2
----------------------------
sigma     +0.57 	+0.55
tau       +0.31 	+0.07
avg_mag   +19.77 	+20.09


BEGINNING LIGHT CURVE PARAMETER OPTIMIZATION

Optimization terminated successfully.
         Current function value: -1119.452977
         Iterations: 127
         Function evaluations: 223
Optimization terminated successfully.
         Current function value: -1131.331938
         Iterations: 119
         Function evaluations: 219

OPTIMIZED LIGHT CURVE PARAMETERS
--------------------------------
parameter lc1   	lc2
--------------------------------
sigma     +0.05 	+0.05
tau       +3.58 	+3.21
avg_mag   +19.76 	+20.06


Process Started on 2014-04-06 20:58:08.086934
It is now          2014-04-06 20:58:11.050225

time series is 5.01 days long
with  213 data points
The most common sample time distance is 0.01 days within the range of [0.01,0.01] days

1% done
10% done
25% done
50% done
75% done
DONE

Process Started on 2014-04-06 20:58:08.086934
It is now          2014-04-06 20:58:12.124485

BEST DELAY=1.49456e+00

INITIAL PARAMETERS (average of lc1 and lc2)
-------------------------------------------
delay      = 1.49
delta_mag  = 0.30
avg_mag    = 19.76
tau        = 3.40
sigma      = 0.05

Optimization terminated successfully.
         Current function value: -2314.298651
         Iterations: 150
         Function evaluations: 266

INITIAL PARAMETERS (optimization of merged light curve)
-------------------------------------------------------
delay      = 1.49
delta_mag  = 0.30
avg_mag    = 19.75
tau        = 3.56
sigma      = 0.05


-------------
RUNNING EMCEE
-------------

pos
sampler
Process Started on 2014-04-06 20:58:08.086934
It is currently    2014-04-06 20:58:17.168371
burn-in sampler.run_mcmc
	Mean acceptance fraction: 0.590
	Errors based on 16th, 50th, and 84th percentile
	Param     	MC_rec	err_up	err_low
	delay     	1.50e+00	+7.97e-03	-7.90e-03
	delta_mag 	3.01e-01	+1.90e-03	-1.82e-03
	sigma     	4.83e-02	+3.41e-03	-3.50e-03
	tau       	3.56e+00	+4.31e-01	-3.85e-01
	avg_mag   	1.97e+01	+3.14e-02	-3.58e-02
Process Started on 2014-04-06 20:58:08.086934
It is currently    2014-04-06 21:00:41.817570
sampler.run_mcmc
Process Started on 2014-04-06 20:58:08.086934
It is currently    2014-04-06 21:19:01.421025
sampler.chain
90000
Mean acceptance fraction: 0.514
Errors based on 16th, 50th, and 84th percentile
Param     	MC_rec	err_up	err_low
delay     	1.50e+00	+7.12e-03	-7.05e-03
delta_mag 	3.00e-01	+1.65e-03	-1.67e-03
sigma     	4.78e-02	+3.21e-03	-3.03e-03
tau       	1.19e+01	+1.39e+01	-7.25e+00
avg_mag   	1.97e+01	+6.79e-02	-7.08e-02
Process Started on 2014-04-06 20:58:08.086934
It is currently    2014-04-06 21:19:12.334695
