
SIMULATION PARAMETERS
Namespace(avg_mag=19.0, delay=1.5, delta_mag=0.3, numorbits=80, outputtag='hubble_sim_r15', photometricerror=0.02, redshift=0.658, sigma=0.07, tau=121.0)

Process Started on 2014-04-06 19:55:16.201621
The output_tag for this run is: hubble_sim_r15_2014_04_06_19:55

CRUDE LIGHT CURVE PARAMETERS
----------------------------
parameter lc1   	lc2
----------------------------
sigma     +1.01 	+0.45
tau       +0.00 	+0.04
avg_mag   +18.96 	+19.27


BEGINNING LIGHT CURVE PARAMETER OPTIMIZATION

Optimization terminated successfully.
         Current function value: -1176.862131
         Iterations: 166
         Function evaluations: 290
Optimization terminated successfully.
         Current function value: -1172.662651
         Iterations: 109
         Function evaluations: 200

OPTIMIZED LIGHT CURVE PARAMETERS
--------------------------------
parameter lc1   	lc2
--------------------------------
sigma     +0.04 	+0.05
tau       +2.68 	+1.72
avg_mag   +18.98 	+19.25


Process Started on 2014-04-06 19:55:16.201621
It is now          2014-04-06 19:55:18.097442

time series is 5.01 days long
with  222 data points
The most common sample time distance is 0.01 days within the range of [0.01,0.01] days

1% done
10% done
25% done
50% done
75% done
DONE

Process Started on 2014-04-06 19:55:16.201621
It is now          2014-04-06 19:55:18.749541

BEST DELAY=1.49393e+00

INITIAL PARAMETERS (average of lc1 and lc2)
-------------------------------------------
delay      = 1.49
delta_mag  = 0.27
avg_mag    = 18.98
tau        = 2.20
sigma      = 0.05

Optimization terminated successfully.
         Current function value: -2282.400518
         Iterations: 128
         Function evaluations: 228

INITIAL PARAMETERS (optimization of merged light curve)
-------------------------------------------------------
delay      = 1.49
delta_mag  = 0.27
avg_mag    = 18.97
tau        = 1.60
sigma      = 0.05


-------------
RUNNING EMCEE
-------------

pos
sampler
Process Started on 2014-04-06 19:55:16.201621
It is currently    2014-04-06 19:55:21.895057
burn-in sampler.run_mcmc
	Mean acceptance fraction: 0.539
	Errors based on 16th, 50th, and 84th percentile
	Param     	MC_rec	err_up	err_low
	delay     	1.50e+00	+8.20e-03	-7.16e-03
	delta_mag 	2.97e-01	+2.36e-03	-2.51e-03
	sigma     	4.78e-02	+4.36e-03	-3.99e-03
	tau       	1.60e+00	+1.51e-01	-9.57e-02
	avg_mag   	1.90e+01	+1.48e-02	-1.88e-02
Process Started on 2014-04-06 19:55:16.201621
It is currently    2014-04-06 19:57:56.111615
sampler.run_mcmc
Process Started on 2014-04-06 19:55:16.201621
It is currently    2014-04-06 20:17:22.652203
sampler.chain
90000
Mean acceptance fraction: 0.505
Errors based on 16th, 50th, and 84th percentile
Param     	MC_rec	err_up	err_low
delay     	1.50e+00	+6.50e-03	-6.53e-03
delta_mag 	2.99e-01	+1.69e-03	-1.59e-03
sigma     	4.66e-02	+3.40e-03	-3.26e-03
tau       	4.05e+00	+6.17e+00	-2.27e+00
avg_mag   	1.90e+01	+3.25e-02	-3.54e-02
Process Started on 2014-04-06 19:55:16.201621
It is currently    2014-04-06 20:17:33.777257
