
SIMULATION PARAMETERS
Namespace(avg_mag=19.0, delay=1.5, delta_mag=0.3, numorbits=40, outputtag='hubble_sim_r1056', photometricerror=0.02, redshift=0.658, sigma=0.07, tau=121.0)

Process Started on 2014-04-07 02:03:53.382534
The output_tag for this run is: hubble_sim_r1056_2014_04_07_02:03

CRUDE LIGHT CURVE PARAMETERS
----------------------------
parameter lc1   	lc2
----------------------------
sigma     +0.33 	+0.61
tau       +0.03 	+0.03
avg_mag   +20.24 	+20.49


BEGINNING LIGHT CURVE PARAMETER OPTIMIZATION

Optimization terminated successfully.
         Current function value: -571.140979
         Iterations: 104
         Function evaluations: 184
Optimization terminated successfully.
         Current function value: -563.263216
         Iterations: 145
         Function evaluations: 261

OPTIMIZED LIGHT CURVE PARAMETERS
--------------------------------
parameter lc1   	lc2
--------------------------------
sigma     +0.06 	+0.06
tau       +0.66 	+8.11
avg_mag   +20.24 	+20.49


Process Started on 2014-04-07 02:03:53.382534
It is now          2014-04-07 02:03:54.205144

time series is 2.50 days long
with  109 data points
The most common sample time distance is 0.01 days within the range of [0.01,0.03] days

1% done
10% done
25% done
50% done
75% done
DONE

Process Started on 2014-04-07 02:03:53.382534
It is now          2014-04-07 02:03:54.520718

BEST DELAY=1.24915e+00

INITIAL PARAMETERS (average of lc1 and lc2)
-------------------------------------------
delay      = 1.25
delta_mag  = 0.26
avg_mag    = 20.24
tau        = 4.38
sigma      = 0.06

Optimization terminated successfully.
         Current function value: -1045.253968
         Iterations: 118
         Function evaluations: 214

INITIAL PARAMETERS (optimization of merged light curve)
-------------------------------------------------------
delay      = 1.25
delta_mag  = 0.26
avg_mag    = 20.20
tau        = 3.03
sigma      = 0.05


-------------
RUNNING EMCEE
-------------

pos
sampler
Process Started on 2014-04-07 02:03:53.382534
It is currently    2014-04-07 02:03:56.333707
burn-in sampler.run_mcmc
	Mean acceptance fraction: 0.527
	Errors based on 16th, 50th, and 84th percentile
	Param     	MC_rec	err_up	err_low
	delay     	1.47e+00	+2.57e-02	-7.02e-02
	delta_mag 	2.93e-01	+5.68e-03	-8.32e-03
	sigma     	5.55e-02	+7.30e-03	-6.44e-03
	tau       	3.04e+00	+1.22e-01	-1.36e-01
	avg_mag   	2.02e+01	+4.55e-02	-4.41e-02
Process Started on 2014-04-07 02:03:53.382534
It is currently    2014-04-07 02:04:42.268621
sampler.run_mcmc
Process Started on 2014-04-07 02:03:53.382534
It is currently    2014-04-07 02:10:51.537427
sampler.chain
90000
Mean acceptance fraction: 0.515
Errors based on 16th, 50th, and 84th percentile
Param     	MC_rec	err_up	err_low
delay     	1.50e+00	+1.22e-02	-1.11e-02
delta_mag 	3.00e-01	+3.31e-03	-3.31e-03
sigma     	5.31e-02	+4.93e-03	-4.43e-03
tau       	1.33e+01	+1.11e+01	-8.60e+00
avg_mag   	2.02e+01	+8.00e-02	-8.76e-02
Process Started on 2014-04-07 02:03:53.382534
It is currently    2014-04-07 02:10:57.667589
