
SIMULATION PARAMETERS
Namespace(avg_mag=19.0, delay=1.5, delta_mag=0.3, numorbits=40, outputtag='hubble_sim_r1028', photometricerror=0.02, redshift=0.658, sigma=0.07, tau=121.0)

Process Started on 2014-04-07 01:35:47.317328
The output_tag for this run is: hubble_sim_r1028_2014_04_07_01:35

CRUDE LIGHT CURVE PARAMETERS
----------------------------
parameter lc1   	lc2
----------------------------
sigma     +1.45 	+0.48
tau       +0.01 	+0.02
avg_mag   +19.08 	+19.50


BEGINNING LIGHT CURVE PARAMETER OPTIMIZATION

Optimization terminated successfully.
         Current function value: -562.950356
         Iterations: 168
         Function evaluations: 290
Optimization terminated successfully.
         Current function value: -565.139067
         Iterations: 130
         Function evaluations: 225

OPTIMIZED LIGHT CURVE PARAMETERS
--------------------------------
parameter lc1   	lc2
--------------------------------
sigma     +0.06 	+0.06
tau       +9.18 	+0.70
avg_mag   +19.07 	+19.49


Process Started on 2014-04-07 01:35:47.317328
It is now          2014-04-07 01:35:48.283947

time series is 2.50 days long
with  110 data points
The most common sample time distance is 0.02 days within the range of [0.01,0.03] days

1% done
10% done
25% done
50% done
75% done
DONE

Process Started on 2014-04-07 01:35:47.317328
It is now          2014-04-07 01:35:48.600459

BEST DELAY=3.49727e-01

INITIAL PARAMETERS (average of lc1 and lc2)
-------------------------------------------
delay      = 0.35
delta_mag  = 0.41
avg_mag    = 19.07
tau        = 4.94
sigma      = 0.06

Optimization terminated successfully.
         Current function value: -833.912390
         Iterations: 118
         Function evaluations: 218

INITIAL PARAMETERS (optimization of merged light curve)
-------------------------------------------------------
delay      = 0.35
delta_mag  = 0.41
avg_mag    = 19.04
tau        = 1.04
sigma      = 0.11


-------------
RUNNING EMCEE
-------------

pos
sampler
Process Started on 2014-04-07 01:35:47.317328
It is currently    2014-04-07 01:35:50.419085
burn-in sampler.run_mcmc
	Mean acceptance fraction: 0.438
	Errors based on 16th, 50th, and 84th percentile
	Param     	MC_rec	err_up	err_low
	delay     	3.97e-01	+1.25e-01	-4.84e-02
	delta_mag 	3.92e-01	+4.19e-03	-9.31e-03
	sigma     	1.01e-01	+2.01e-02	-1.82e-02
	tau       	1.06e+00	+1.45e-01	-4.23e-02
	avg_mag   	1.90e+01	+4.14e-02	-5.71e-02
Process Started on 2014-04-07 01:35:47.317328
It is currently    2014-04-07 01:36:36.687361
sampler.run_mcmc
Process Started on 2014-04-07 01:35:47.317328
It is currently    2014-04-07 01:42:58.482865
sampler.chain
90000
Mean acceptance fraction: 0.515
Errors based on 16th, 50th, and 84th percentile
Param     	MC_rec	err_up	err_low
delay     	1.50e+00	+1.24e-02	-1.16e-02
delta_mag 	2.99e-01	+3.33e-03	-3.37e-03
sigma     	6.40e-02	+5.11e-03	-4.67e-03
tau       	7.19e+00	+2.18e+00	-2.76e+00
avg_mag   	1.91e+01	+7.32e-02	-7.88e-02
Process Started on 2014-04-07 01:35:47.317328
It is currently    2014-04-07 01:43:04.597441
