
SIMULATION PARAMETERS
Namespace(avg_mag=19.0, delay=1.5, delta_mag=0.3, numorbits=40, outputtag='hubble_sim_r1044', photometricerror=0.02, redshift=0.658, sigma=0.07, tau=121.0)

Process Started on 2014-04-07 01:51:50.825775
The output_tag for this run is: hubble_sim_r1044_2014_04_07_01:51

CRUDE LIGHT CURVE PARAMETERS
----------------------------
parameter lc1   	lc2
----------------------------
sigma     +1.18 	+1.28
tau       +0.00 	+0.00
avg_mag   +18.10 	+18.38


BEGINNING LIGHT CURVE PARAMETER OPTIMIZATION

Optimization terminated successfully.
         Current function value: -580.571671
         Iterations: 156
         Function evaluations: 283
Optimization terminated successfully.
         Current function value: -589.176678
         Iterations: 191
         Function evaluations: 335

OPTIMIZED LIGHT CURVE PARAMETERS
--------------------------------
parameter lc1   	lc2
--------------------------------
sigma     +0.05 	+0.04
tau       +0.47 	+2.13
avg_mag   +18.09 	+18.35


Process Started on 2014-04-07 01:51:50.825775
It is now          2014-04-07 01:51:51.996357

time series is 2.50 days long
with  110 data points
The most common sample time distance is 0.01 days within the range of [0.01,0.03] days

1% done
10% done
25% done
50% done
75% done
DONE

Process Started on 2014-04-07 01:51:50.825775
It is now          2014-04-07 01:51:52.324996

BEST DELAY=-9.50855e-01

INITIAL PARAMETERS (average of lc1 and lc2)
-------------------------------------------
delay      = -0.95
delta_mag  = 0.26
avg_mag    = 18.09
tau        = 1.30
sigma      = 0.05

Optimization terminated successfully.
         Current function value: -984.216693
         Iterations: 138
         Function evaluations: 252

INITIAL PARAMETERS (optimization of merged light curve)
-------------------------------------------------------
delay      = -0.95
delta_mag  = 0.26
avg_mag    = 18.11
tau        = 0.50
sigma      = 0.05


-------------
RUNNING EMCEE
-------------

pos
sampler
Process Started on 2014-04-07 01:51:50.825775
It is currently    2014-04-07 01:51:54.255188
burn-in sampler.run_mcmc
	Mean acceptance fraction: 0.519
	Errors based on 16th, 50th, and 84th percentile
	Param     	MC_rec	err_up	err_low
	delay     	-8.39e-01	+4.71e-02	-5.55e-02
	delta_mag 	2.80e-01	+3.28e-03	-4.21e-03
	sigma     	5.62e-02	+7.25e-03	-6.83e-03
	tau       	4.87e-01	+8.33e-02	-7.68e-02
	avg_mag   	1.81e+01	+9.98e-03	-1.05e-02
Process Started on 2014-04-07 01:51:50.825775
It is currently    2014-04-07 01:52:41.434699
sampler.run_mcmc
Process Started on 2014-04-07 01:51:50.825775
It is currently    2014-04-07 01:59:04.861808
sampler.chain
90000
Mean acceptance fraction: 0.372
Errors based on 16th, 50th, and 84th percentile
Param     	MC_rec	err_up	err_low
delay     	-7.73e-01	+2.73e-01	-2.85e-02
delta_mag 	2.87e-01	+5.39e-03	-4.65e-03
sigma     	5.19e-02	+6.34e-03	-5.76e-03
tau       	8.34e-01	+1.51e+00	-3.85e-01
avg_mag   	1.81e+01	+1.51e-02	-1.64e-02
Process Started on 2014-04-07 01:51:50.825775
It is currently    2014-04-07 01:59:11.081059
