
SIMULATION PARAMETERS
Namespace(avg_mag=19.0, delay=1.5, delta_mag=0.3, numorbits=80, outputtag='hubble_sim_r119', photometricerror=0.05, redshift=0.658, sigma=0.07, tau=121.0)

Process Started on 2014-04-06 21:54:44.908088
The output_tag for this run is: hubble_sim_r119_2014_04_06_21:54

CRUDE LIGHT CURVE PARAMETERS
----------------------------
parameter lc1   	lc2
----------------------------
sigma     +0.33 	+0.23
tau       +0.04 	+0.82
avg_mag   +19.96 	+20.26


BEGINNING LIGHT CURVE PARAMETER OPTIMIZATION

Optimization terminated successfully.
         Current function value: -853.816485
         Iterations: 100
         Function evaluations: 185
Optimization terminated successfully.
         Current function value: -859.419086
         Iterations: 90
         Function evaluations: 167

OPTIMIZED LIGHT CURVE PARAMETERS
--------------------------------
parameter lc1   	lc2
--------------------------------
sigma     +0.05 	+0.04
tau       +0.90 	+0.75
avg_mag   +19.96 	+20.26


Process Started on 2014-04-06 21:54:44.908088
It is now          2014-04-06 21:54:47.164112

time series is 5.00 days long
with  221 data points
The most common sample time distance is 0.01 days within the range of [0.01,0.01] days

1% done
10% done
25% done
50% done
75% done
DONE

Process Started on 2014-04-06 21:54:44.908088
It is now          2014-04-06 21:54:48.214350

BEST DELAY=1.49777e+00

INITIAL PARAMETERS (average of lc1 and lc2)
-------------------------------------------
delay      = 1.50
delta_mag  = 0.30
avg_mag    = 19.96
tau        = 0.82
sigma      = 0.05

Optimization terminated successfully.
         Current function value: -1736.245609
         Iterations: 120
         Function evaluations: 211

INITIAL PARAMETERS (optimization of merged light curve)
-------------------------------------------------------
delay      = 1.50
delta_mag  = 0.30
avg_mag    = 19.95
tau        = 0.72
sigma      = 0.05


-------------
RUNNING EMCEE
-------------

pos
sampler
Process Started on 2014-04-06 21:54:44.908088
It is currently    2014-04-06 21:54:52.600243
burn-in sampler.run_mcmc
	Mean acceptance fraction: 0.586
	Errors based on 16th, 50th, and 84th percentile
	Param     	MC_rec	err_up	err_low
	delay     	1.50e+00	+3.22e-02	-3.33e-02
	delta_mag 	3.00e-01	+3.75e-03	-4.13e-03
	sigma     	4.84e-02	+5.78e-03	-6.26e-03
	tau       	7.48e-01	+1.72e-01	-1.26e-01
	avg_mag   	2.00e+01	+9.67e-03	-9.43e-03
Process Started on 2014-04-06 21:54:44.908088
It is currently    2014-04-06 21:56:56.975273
sampler.run_mcmc
Process Started on 2014-04-06 21:54:44.908088
It is currently    2014-04-06 22:13:46.375339
sampler.chain
90000
Mean acceptance fraction: 0.508
Errors based on 16th, 50th, and 84th percentile
Param     	MC_rec	err_up	err_low
delay     	1.50e+00	+2.93e-02	-2.99e-02
delta_mag 	2.99e-01	+3.96e-03	-3.87e-03
sigma     	4.59e-02	+6.00e-03	-5.39e-03
tau       	1.42e+00	+2.32e+00	-6.50e-01
avg_mag   	2.00e+01	+1.64e-02	-1.72e-02
Process Started on 2014-04-06 21:54:44.908088
It is currently    2014-04-06 22:13:57.205733
