
SIMULATION PARAMETERS
Namespace(avg_mag=19.0, delay=1.5, delta_mag=0.3, numorbits=80, outputtag='hubble_sim_r266', photometricerror=0.1, redshift=0.658, sigma=0.07, tau=121.0)

Process Started on 2014-04-07 00:32:34.789377
The output_tag for this run is: hubble_sim_r266_2014_04_07_00:32

CRUDE LIGHT CURVE PARAMETERS
----------------------------
parameter lc1   	lc2
----------------------------
sigma     +0.48 	+0.62
tau       +0.72 	+0.23
avg_mag   +19.01 	+19.32


BEGINNING LIGHT CURVE PARAMETER OPTIMIZATION

Optimization terminated successfully.
         Current function value: -570.573321
         Iterations: 129
         Function evaluations: 229
Optimization terminated successfully.
         Current function value: -569.346276
         Iterations: 122
         Function evaluations: 212

OPTIMIZED LIGHT CURVE PARAMETERS
--------------------------------
parameter lc1   	lc2
--------------------------------
sigma     +0.06 	+0.07
tau       +2.07 	+2.60
avg_mag   +19.04 	+19.34


Process Started on 2014-04-07 00:32:34.789377
It is now          2014-04-07 00:32:37.586909

time series is 5.01 days long
with  220 data points
The most common sample time distance is 0.01 days within the range of [0.01,0.01] days

1% done
10% done
25% done
50% done
75% done
DONE

Process Started on 2014-04-07 00:32:34.789377
It is now          2014-04-07 00:32:38.654636

BEST DELAY=1.49749e+00

INITIAL PARAMETERS (average of lc1 and lc2)
-------------------------------------------
delay      = 1.50
delta_mag  = 0.30
avg_mag    = 19.04
tau        = 2.34
sigma      = 0.06

Optimization terminated successfully.
         Current function value: -1156.889563
         Iterations: 137
         Function evaluations: 251

INITIAL PARAMETERS (optimization of merged light curve)
-------------------------------------------------------
delay      = 1.50
delta_mag  = 0.30
avg_mag    = 19.06
tau        = 2.72
sigma      = 0.06


-------------
RUNNING EMCEE
-------------

pos
sampler
Process Started on 2014-04-07 00:32:34.789377
It is currently    2014-04-07 00:32:43.687184
burn-in sampler.run_mcmc
	Mean acceptance fraction: 0.592
	Errors based on 16th, 50th, and 84th percentile
	Param     	MC_rec	err_up	err_low
	delay     	1.50e+00	+5.91e-02	-5.79e-02
	delta_mag 	3.01e-01	+9.35e-03	-9.34e-03
	sigma     	6.25e-02	+9.06e-03	-7.11e-03
	tau       	2.73e+00	+2.52e-01	-2.34e-01
	avg_mag   	1.91e+01	+4.01e-02	-3.67e-02
Process Started on 2014-04-07 00:32:34.789377
It is currently    2014-04-07 00:35:17.612919
sampler.run_mcmc
Process Started on 2014-04-07 00:32:34.789377
It is currently    2014-04-07 00:56:01.482233
sampler.chain
90000
Mean acceptance fraction: 0.507
Errors based on 16th, 50th, and 84th percentile
Param     	MC_rec	err_up	err_low
delay     	1.50e+00	+6.62e-02	-6.48e-02
delta_mag 	3.00e-01	+8.18e-03	-8.19e-03
sigma     	6.13e-02	+7.77e-03	-7.05e-03
tau       	8.73e+00	+1.07e+01	-5.27e+00
avg_mag   	1.91e+01	+7.76e-02	-6.88e-02
Process Started on 2014-04-07 00:32:34.789377
It is currently    2014-04-07 00:56:12.102942
