
SIMULATION PARAMETERS
Namespace(avg_mag=19.0, delay=1.5, delta_mag=0.3, numorbits=80, outputtag='hubble_sim_r82', photometricerror=0.02, redshift=0.658, sigma=0.07, tau=121.0)

Process Started on 2014-04-06 21:05:56.632424
The output_tag for this run is: hubble_sim_r82_2014_04_06_21:05

CRUDE LIGHT CURVE PARAMETERS
----------------------------
parameter lc1   	lc2
----------------------------
sigma     +0.57 	+1.01
tau       +0.06 	+0.13
avg_mag   +19.15 	+19.35


BEGINNING LIGHT CURVE PARAMETER OPTIMIZATION

Optimization terminated successfully.
         Current function value: -1140.285706
         Iterations: 136
         Function evaluations: 240
Optimization terminated successfully.
         Current function value: -1137.076991
         Iterations: 177
         Function evaluations: 315

OPTIMIZED LIGHT CURVE PARAMETERS
--------------------------------
parameter lc1   	lc2
--------------------------------
sigma     +0.06 	+0.06
tau       +7.75 	+17.23
avg_mag   +19.09 	+19.30


Process Started on 2014-04-06 21:05:56.632424
It is now          2014-04-06 21:06:00.238498

time series is 5.00 days long
with  219 data points
The most common sample time distance is 0.01 days within the range of [0.01,0.01] days

1% done
10% done
25% done
50% done
75% done
DONE

Process Started on 2014-04-06 21:05:56.632424
It is now          2014-04-06 21:06:01.325708

BEST DELAY=1.19852e+00

INITIAL PARAMETERS (average of lc1 and lc2)
-------------------------------------------
delay      = 1.20
delta_mag  = 0.21
avg_mag    = 19.09
tau        = 12.49
sigma      = 0.06

Optimization terminated successfully.
         Current function value: -1088.120210
         Iterations: 179
         Function evaluations: 320

INITIAL PARAMETERS (optimization of merged light curve)
-------------------------------------------------------
delay      = 1.20
delta_mag  = 0.21
avg_mag    = 19.07
tau        = 6.42
sigma      = 0.08


-------------
RUNNING EMCEE
-------------

pos
sampler
Process Started on 2014-04-06 21:05:56.632424
It is currently    2014-04-06 21:06:07.146432
burn-in sampler.run_mcmc
	Mean acceptance fraction: 0.454
	Errors based on 16th, 50th, and 84th percentile
	Param     	MC_rec	err_up	err_low
	delay     	1.37e+00	+9.16e-02	-1.21e-01
	delta_mag 	2.83e-01	+1.32e-02	-1.34e-02
	sigma     	7.91e-02	+1.87e-02	-1.66e-02
	tau       	6.17e+00	+1.47e-01	-1.38e-01
	avg_mag   	1.88e+01	+2.00e-01	-2.10e-01
Process Started on 2014-04-06 21:05:56.632424
It is currently    2014-04-06 21:08:33.091895
sampler.run_mcmc
Process Started on 2014-04-06 21:05:56.632424
It is currently    2014-04-06 21:29:09.072863
sampler.chain
90000
Mean acceptance fraction: 0.512
Errors based on 16th, 50th, and 84th percentile
Param     	MC_rec	err_up	err_low
delay     	1.50e+00	+5.95e-03	-6.02e-03
delta_mag 	2.99e-01	+1.74e-03	-1.71e-03
sigma     	5.50e-02	+3.43e-03	-3.20e-03
tau       	3.38e+01	+2.01e+01	-1.96e+01
avg_mag   	1.90e+01	+1.47e-01	-1.46e-01
Process Started on 2014-04-06 21:05:56.632424
It is currently    2014-04-06 21:29:19.858906
