
SIMULATION PARAMETERS
Namespace(avg_mag=19.0, delay=1.5, delta_mag=0.3, numorbits=80, outputtag='hubble_sim_r261', photometricerror=0.1, redshift=0.658, sigma=0.07, tau=121.0)

Process Started on 2014-04-07 00:25:33.234540
The output_tag for this run is: hubble_sim_r261_2014_04_07_00:25

CRUDE LIGHT CURVE PARAMETERS
----------------------------
parameter lc1   	lc2
----------------------------
sigma     +0.27 	+0.75
tau       +0.11 	+0.01
avg_mag   +19.12 	+19.43


BEGINNING LIGHT CURVE PARAMETER OPTIMIZATION

Optimization terminated successfully.
         Current function value: -581.342125
         Iterations: 139
         Function evaluations: 238
Optimization terminated successfully.
         Current function value: -547.358714
         Iterations: 56
         Function evaluations: 108

OPTIMIZED LIGHT CURVE PARAMETERS
--------------------------------
parameter lc1   	lc2
--------------------------------
sigma     +0.03 	+0.00
tau       +0.96 	+0.01
avg_mag   +19.12 	+19.43


Process Started on 2014-04-07 00:25:33.234540
It is now          2014-04-07 00:25:35.473841

time series is 5.01 days long
with  219 data points
The most common sample time distance is 0.01 days within the range of [0.01,0.01] days

1% done
10% done
25% done
50% done
75% done
DONE

Process Started on 2014-04-07 00:25:33.234540
It is now          2014-04-07 00:25:36.565031

BEST DELAY=1.49729e+00

INITIAL PARAMETERS (average of lc1 and lc2)
-------------------------------------------
delay      = 1.50
delta_mag  = 0.31
avg_mag    = 19.12
tau        = 0.49
sigma      = 0.02

Optimization terminated successfully.
         Current function value: -1166.138439
         Iterations: 109
         Function evaluations: 194

INITIAL PARAMETERS (optimization of merged light curve)
-------------------------------------------------------
delay      = 1.50
delta_mag  = 0.31
avg_mag    = 19.15
tau        = 2.23
sigma      = 0.04


-------------
RUNNING EMCEE
-------------

pos
sampler
Process Started on 2014-04-07 00:25:33.234540
It is currently    2014-04-07 00:25:40.834877
burn-in sampler.run_mcmc
	Mean acceptance fraction: 0.588
	Errors based on 16th, 50th, and 84th percentile
	Param     	MC_rec	err_up	err_low
	delay     	1.49e+00	+1.06e-01	-1.06e-01
	delta_mag 	3.03e-01	+7.99e-03	-8.21e-03
	sigma     	4.31e-02	+8.57e-03	-7.44e-03
	tau       	2.29e+00	+5.17e-01	-2.91e-01
	avg_mag   	1.91e+01	+2.77e-02	-2.47e-02
Process Started on 2014-04-07 00:25:33.234540
It is currently    2014-04-07 00:28:18.860767
sampler.run_mcmc
Process Started on 2014-04-07 00:25:33.234540
It is currently    2014-04-07 00:49:49.107482
sampler.chain
90000
Mean acceptance fraction: 0.510
Errors based on 16th, 50th, and 84th percentile
Param     	MC_rec	err_up	err_low
delay     	1.51e+00	+1.14e-01	-1.13e-01
delta_mag 	3.01e-01	+7.95e-03	-7.93e-03
sigma     	3.96e-02	+7.26e-03	-6.02e-03
tau       	7.91e+00	+8.57e+00	-4.75e+00
avg_mag   	1.92e+01	+4.94e-02	-4.07e-02
Process Started on 2014-04-07 00:25:33.234540
It is currently    2014-04-07 00:49:59.751944
