
SIMULATION PARAMETERS
Namespace(avg_mag=19.0, delay=1.5, delta_mag=0.3, numorbits=80, outputtag='hubble_sim_r53', photometricerror=0.02, redshift=0.658, sigma=0.07, tau=121.0)

Process Started on 2014-04-06 20:39:40.237060
The output_tag for this run is: hubble_sim_r53_2014_04_06_20:39

CRUDE LIGHT CURVE PARAMETERS
----------------------------
parameter lc1   	lc2
----------------------------
sigma     +0.51 	+1.40
tau       +0.05 	+0.01
avg_mag   +19.87 	+20.14


BEGINNING LIGHT CURVE PARAMETER OPTIMIZATION

Optimization terminated successfully.
         Current function value: -1100.259211
         Iterations: 127
         Function evaluations: 230
Optimization terminated successfully.
         Current function value: -1102.856760
         Iterations: 143
         Function evaluations: 252

OPTIMIZED LIGHT CURVE PARAMETERS
--------------------------------
parameter lc1   	lc2
--------------------------------
sigma     +0.06 	+0.06
tau       +2.86 	+2.69
avg_mag   +19.81 	+20.12


Process Started on 2014-04-06 20:39:40.237060
It is now          2014-04-06 20:39:43.196129

time series is 5.01 days long
with  214 data points
The most common sample time distance is 0.01 days within the range of [0.01,0.01] days

1% done
10% done
25% done
50% done
75% done
DONE

Process Started on 2014-04-06 20:39:40.237060
It is now          2014-04-06 20:39:44.230512

BEST DELAY=1.49274e+00

INITIAL PARAMETERS (average of lc1 and lc2)
-------------------------------------------
delay      = 1.49
delta_mag  = 0.31
avg_mag    = 19.81
tau        = 2.77
sigma      = 0.06

Optimization terminated successfully.
         Current function value: -2269.327857
         Iterations: 134
         Function evaluations: 240

INITIAL PARAMETERS (optimization of merged light curve)
-------------------------------------------------------
delay      = 1.49
delta_mag  = 0.31
avg_mag    = 19.81
tau        = 2.63
sigma      = 0.06


-------------
RUNNING EMCEE
-------------

pos
sampler
Process Started on 2014-04-06 20:39:40.237060
It is currently    2014-04-06 20:39:49.209051
burn-in sampler.run_mcmc
	Mean acceptance fraction: 0.574
	Errors based on 16th, 50th, and 84th percentile
	Param     	MC_rec	err_up	err_low
	delay     	1.50e+00	+6.62e-03	-5.95e-03
	delta_mag 	2.99e-01	+1.80e-03	-1.83e-03
	sigma     	6.03e-02	+3.68e-03	-3.58e-03
	tau       	2.64e+00	+2.81e-01	-2.35e-01
	avg_mag   	1.98e+01	+3.31e-02	-3.52e-02
Process Started on 2014-04-06 20:39:40.237060
It is currently    2014-04-06 20:42:06.401033
sampler.run_mcmc
Process Started on 2014-04-06 20:39:40.237060
It is currently    2014-04-06 21:01:35.663150
sampler.chain
90000
Mean acceptance fraction: 0.516
Errors based on 16th, 50th, and 84th percentile
Param     	MC_rec	err_up	err_low
delay     	1.50e+00	+5.08e-03	-5.32e-03
delta_mag 	2.99e-01	+1.67e-03	-1.63e-03
sigma     	5.96e-02	+3.72e-03	-3.47e-03
tau       	8.02e+00	+1.02e+01	-4.73e+00
avg_mag   	1.98e+01	+6.29e-02	-7.80e-02
Process Started on 2014-04-06 20:39:40.237060
It is currently    2014-04-06 21:01:46.353646
