
SIMULATION PARAMETERS
Namespace(avg_mag=19.0, delay=1.5, delta_mag=0.3, numorbits=40, outputtag='hubble_sim_r1192', photometricerror=0.05, redshift=0.658, sigma=0.07, tau=121.0)

Process Started on 2014-04-07 04:20:22.233674
The output_tag for this run is: hubble_sim_r1192_2014_04_07_04:20

CRUDE LIGHT CURVE PARAMETERS
----------------------------
parameter lc1   	lc2
----------------------------
sigma     +0.85 	+0.29
tau       +0.00 	+0.04
avg_mag   +19.07 	+19.41


BEGINNING LIGHT CURVE PARAMETER OPTIMIZATION

Optimization terminated successfully.
         Current function value: -404.818687
         Iterations: 57
         Function evaluations: 110
Optimization terminated successfully.
         Current function value: -414.478646
         Iterations: 128
         Function evaluations: 229

OPTIMIZED LIGHT CURVE PARAMETERS
--------------------------------
parameter lc1   	lc2
--------------------------------
sigma     +0.00 	+0.03
tau       +0.00 	+1.69
avg_mag   +19.07 	+19.40


Process Started on 2014-04-07 04:20:22.233674
It is now          2014-04-07 04:20:22.864569

time series is 2.50 days long
with  106 data points
The most common sample time distance is 0.02 days within the range of [0.01,0.03] days

1% done
10% done
25% done
50% done
75% done
DONE

Process Started on 2014-04-07 04:20:22.233674
It is now          2014-04-07 04:20:23.187878

BEST DELAY=8.48475e-01

INITIAL PARAMETERS (average of lc1 and lc2)
-------------------------------------------
delay      = 0.85
delta_mag  = 0.33
avg_mag    = 19.07
tau        = 0.85
sigma      = 0.02

Optimization terminated successfully.
         Current function value: -832.259978
         Iterations: 102
         Function evaluations: 185

INITIAL PARAMETERS (optimization of merged light curve)
-------------------------------------------------------
delay      = 0.85
delta_mag  = 0.33
avg_mag    = 19.08
tau        = 1.03
sigma      = 0.03


-------------
RUNNING EMCEE
-------------

pos
sampler
Process Started on 2014-04-07 04:20:22.233674
It is currently    2014-04-07 04:20:24.896267
burn-in sampler.run_mcmc
	Mean acceptance fraction: 0.580
	Errors based on 16th, 50th, and 84th percentile
	Param     	MC_rec	err_up	err_low
	delay     	8.96e-01	+1.45e-01	-9.29e-02
	delta_mag 	3.27e-01	+6.98e-03	-7.84e-03
	sigma     	3.53e-02	+8.90e-03	-6.15e-03
	tau       	1.02e+00	+1.81e-01	-1.28e-01
	avg_mag   	1.91e+01	+1.38e-02	-1.39e-02
Process Started on 2014-04-07 04:20:22.233674
It is currently    2014-04-07 04:21:09.773258
sampler.run_mcmc
Process Started on 2014-04-07 04:20:22.233674
It is currently    2014-04-07 04:27:03.191274
sampler.chain
90000
Mean acceptance fraction: 0.485
Errors based on 16th, 50th, and 84th percentile
Param     	MC_rec	err_up	err_low
delay     	1.29e+00	+2.53e-01	-3.53e-01
delta_mag 	3.15e-01	+1.20e-02	-1.44e-02
sigma     	3.36e-02	+6.89e-03	-5.69e-03
tau       	3.84e+00	+3.83e+00	-2.24e+00
avg_mag   	1.91e+01	+3.09e-02	-2.51e-02
Process Started on 2014-04-07 04:20:22.233674
It is currently    2014-04-07 04:27:09.461295
