
SIMULATION PARAMETERS
Namespace(avg_mag=19.0, delay=1.5, delta_mag=0.3, numorbits=80, outputtag='hubble_sim_r27', photometricerror=0.02, redshift=0.658, sigma=0.07, tau=121.0)

Process Started on 2014-04-06 20:15:27.112265
The output_tag for this run is: hubble_sim_r27_2014_04_06_20:15

CRUDE LIGHT CURVE PARAMETERS
----------------------------
parameter lc1   	lc2
----------------------------
sigma     +0.80 	+0.79
tau       +0.02 	+0.01
avg_mag   +18.50 	+18.86


BEGINNING LIGHT CURVE PARAMETER OPTIMIZATION

Optimization terminated successfully.
         Current function value: -1170.963627
         Iterations: 142
         Function evaluations: 254
Optimization terminated successfully.
         Current function value: -1178.466803
         Iterations: 169
         Function evaluations: 300

OPTIMIZED LIGHT CURVE PARAMETERS
--------------------------------
parameter lc1   	lc2
--------------------------------
sigma     +0.05 	+0.04
tau       +6.44 	+3.70
avg_mag   +18.51 	+18.85


Process Started on 2014-04-06 20:15:27.112265
It is now          2014-04-06 20:15:30.762167

time series is 5.00 days long
with  222 data points
The most common sample time distance is 0.01 days within the range of [0.01,0.01] days

1% done
10% done
25% done
50% done
75% done
DONE

Process Started on 2014-04-06 20:15:27.112265
It is now          2014-04-06 20:15:31.853193

BEST DELAY=3.98983e-01

INITIAL PARAMETERS (average of lc1 and lc2)
-------------------------------------------
delay      = 0.40
delta_mag  = 0.34
avg_mag    = 18.51
tau        = 5.07
sigma      = 0.05

Optimization terminated successfully.
         Current function value: -2196.212169
         Iterations: 155
         Function evaluations: 281

INITIAL PARAMETERS (optimization of merged light curve)
-------------------------------------------------------
delay      = 0.40
delta_mag  = 0.34
avg_mag    = 18.50
tau        = 6.03
sigma      = 0.04


-------------
RUNNING EMCEE
-------------

pos
sampler
Process Started on 2014-04-06 20:15:27.112265
It is currently    2014-04-06 20:15:37.245868
burn-in sampler.run_mcmc
	Mean acceptance fraction: 0.573
	Errors based on 16th, 50th, and 84th percentile
	Param     	MC_rec	err_up	err_low
	delay     	4.05e-01	+8.03e-03	-9.54e-03
	delta_mag 	3.47e-01	+1.72e-03	-1.77e-03
	sigma     	4.21e-02	+4.27e-03	-3.57e-03
	tau       	6.03e+00	+2.91e-01	-2.64e-01
	avg_mag   	1.85e+01	+4.80e-02	-4.10e-02
Process Started on 2014-04-06 20:15:27.112265
It is currently    2014-04-06 20:17:59.240348
sampler.run_mcmc
Process Started on 2014-04-06 20:15:27.112265
It is currently    2014-04-06 20:38:33.987698
sampler.chain
90000
Mean acceptance fraction: 0.498
Errors based on 16th, 50th, and 84th percentile
Param     	MC_rec	err_up	err_low
delay     	4.05e-01	+7.31e-03	-7.97e-03
delta_mag 	3.47e-01	+1.48e-03	-1.46e-03
sigma     	4.13e-02	+3.59e-03	-3.32e-03
tau       	2.23e+01	+2.39e+01	-1.46e+01
avg_mag   	1.85e+01	+8.73e-02	-8.93e-02
Process Started on 2014-04-06 20:15:27.112265
It is currently    2014-04-06 20:38:44.787923
