
SIMULATION PARAMETERS
Namespace(avg_mag=19.0, delay=1.5, delta_mag=0.3, numorbits=40, outputtag='hubble_sim_r1143', photometricerror=0.05, redshift=0.658, sigma=0.07, tau=121.0)

Process Started on 2014-04-07 03:31:11.840042
The output_tag for this run is: hubble_sim_r1143_2014_04_07_03:31

CRUDE LIGHT CURVE PARAMETERS
----------------------------
parameter lc1   	lc2
----------------------------
sigma     +0.21 	+0.24
tau       +0.17 	+0.04
avg_mag   +18.34 	+18.65


BEGINNING LIGHT CURVE PARAMETER OPTIMIZATION

Optimization terminated successfully.
         Current function value: -421.908967
         Iterations: 105
         Function evaluations: 191
Optimization terminated successfully.
         Current function value: -425.232587
         Iterations: 104
         Function evaluations: 190

OPTIMIZED LIGHT CURVE PARAMETERS
--------------------------------
parameter lc1   	lc2
--------------------------------
sigma     +0.04 	+0.03
tau       +0.57 	+0.53
avg_mag   +18.35 	+18.65


Process Started on 2014-04-07 03:31:11.840042
It is now          2014-04-07 03:31:12.533176

time series is 2.50 days long
with  108 data points
The most common sample time distance is 0.01 days within the range of [0.02,0.01] days

1% done
10% done
25% done
50% done
75% done
DONE

Process Started on 2014-04-07 03:31:11.840042
It is now          2014-04-07 03:31:12.846355

BEST DELAY=-1.05120e+00

INITIAL PARAMETERS (average of lc1 and lc2)
-------------------------------------------
delay      = -1.05
delta_mag  = 0.30
avg_mag    = 18.35
tau        = 0.55
sigma      = 0.04

Optimization terminated successfully.
         Current function value: -853.917643
         Iterations: 90
         Function evaluations: 163

INITIAL PARAMETERS (optimization of merged light curve)
-------------------------------------------------------
delay      = -1.05
delta_mag  = 0.30
avg_mag    = 18.35
tau        = 0.59
sigma      = 0.04


-------------
RUNNING EMCEE
-------------

pos
sampler
Process Started on 2014-04-07 03:31:11.840042
It is currently    2014-04-07 03:31:14.410014
burn-in sampler.run_mcmc
	Mean acceptance fraction: 0.572
	Errors based on 16th, 50th, and 84th percentile
	Param     	MC_rec	err_up	err_low
	delay     	-1.04e+00	+7.08e-02	-6.45e-02
	delta_mag 	3.11e-01	+7.53e-03	-5.83e-03
	sigma     	3.93e-02	+8.43e-03	-7.38e-03
	tau       	6.03e-01	+1.81e-01	-1.21e-01
	avg_mag   	1.83e+01	+1.06e-02	-9.32e-03
Process Started on 2014-04-07 03:31:11.840042
It is currently    2014-04-07 03:31:59.166054
sampler.run_mcmc
Process Started on 2014-04-07 03:31:11.840042
It is currently    2014-04-07 03:37:58.104982
sampler.chain
90000
Mean acceptance fraction: 0.500
Errors based on 16th, 50th, and 84th percentile
Param     	MC_rec	err_up	err_low
delay     	-1.05e+00	+7.57e-02	-8.17e-02
delta_mag 	3.12e-01	+6.18e-03	-5.99e-03
sigma     	3.64e-02	+7.36e-03	-6.38e-03
tau       	1.49e+00	+2.29e+00	-8.27e-01
avg_mag   	1.83e+01	+1.69e-02	-1.52e-02
Process Started on 2014-04-07 03:31:11.840042
It is currently    2014-04-07 03:38:04.267084
