
SIMULATION PARAMETERS
Namespace(avg_mag=19.0, delay=1.5, delta_mag=0.3, numorbits=80, outputtag='hubble_sim_r284', photometricerror=0.1, redshift=0.658, sigma=0.07, tau=121.0)

Process Started on 2014-04-07 00:50:39.809055
The output_tag for this run is: hubble_sim_r284_2014_04_07_00:50

CRUDE LIGHT CURVE PARAMETERS
----------------------------
parameter lc1   	lc2
----------------------------
sigma     +0.25 	+0.55
tau       +0.42 	+0.03
avg_mag   +19.23 	+19.52


BEGINNING LIGHT CURVE PARAMETER OPTIMIZATION

Optimization terminated successfully.
         Current function value: -565.705588
         Iterations: 98
         Function evaluations: 179
Optimization terminated successfully.
         Current function value: -528.523357
         Iterations: 58
         Function evaluations: 109

OPTIMIZED LIGHT CURVE PARAMETERS
--------------------------------
parameter lc1   	lc2
--------------------------------
sigma     +0.04 	+0.00
tau       +0.92 	+0.03
avg_mag   +19.23 	+19.52


Process Started on 2014-04-07 00:50:39.809055
It is now          2014-04-07 00:50:41.580686

time series is 5.01 days long
with  213 data points
The most common sample time distance is 0.01 days within the range of [0.01,0.01] days

1% done
10% done
25% done
50% done
75% done
DONE

Process Started on 2014-04-07 00:50:39.809055
It is now          2014-04-07 00:50:42.600825

BEST DELAY=1.49728e+00

INITIAL PARAMETERS (average of lc1 and lc2)
-------------------------------------------
delay      = 1.50
delta_mag  = 0.29
avg_mag    = 19.23
tau        = 0.48
sigma      = 0.02

Optimization terminated successfully.
         Current function value: -1132.145576
         Iterations: 148
         Function evaluations: 264

INITIAL PARAMETERS (optimization of merged light curve)
-------------------------------------------------------
delay      = 1.50
delta_mag  = 0.29
avg_mag    = 19.21
tau        = 1.58
sigma      = 0.04


-------------
RUNNING EMCEE
-------------

pos
sampler
Process Started on 2014-04-07 00:50:39.809055
It is currently    2014-04-07 00:50:47.558296
burn-in sampler.run_mcmc
	Mean acceptance fraction: 0.578
	Errors based on 16th, 50th, and 84th percentile
	Param     	MC_rec	err_up	err_low
	delay     	1.52e+00	+1.04e-01	-8.80e-02
	delta_mag 	3.00e-01	+9.85e-03	-9.77e-03
	sigma     	4.69e-02	+1.03e-02	-8.39e-03
	tau       	1.58e+00	+3.86e-01	-2.43e-01
	avg_mag   	1.92e+01	+2.01e-02	-1.77e-02
Process Started on 2014-04-07 00:50:39.809055
It is currently    2014-04-07 00:53:04.180153
sampler.run_mcmc
Process Started on 2014-04-07 00:50:39.809055
It is currently    2014-04-07 01:07:14.153241
sampler.chain
90000
Mean acceptance fraction: 0.500
Errors based on 16th, 50th, and 84th percentile
Param     	MC_rec	err_up	err_low
delay     	1.59e+00	+1.76e-01	-1.21e-01
delta_mag 	3.02e-01	+8.76e-03	-8.23e-03
sigma     	4.18e-02	+7.59e-03	-6.69e-03
tau       	5.28e+00	+6.08e+00	-3.09e+00
avg_mag   	1.92e+01	+3.30e-02	-4.38e-02
Process Started on 2014-04-07 00:50:39.809055
It is currently    2014-04-07 01:07:24.819520
