
SIMULATION PARAMETERS
Namespace(avg_mag=19.0, delay=1.5, delta_mag=0.3, numorbits=80, outputtag='hubble_sim_r193', photometricerror=0.05, redshift=0.658, sigma=0.07, tau=121.0)

Process Started on 2014-04-06 23:13:09.362783
The output_tag for this run is: hubble_sim_r193_2014_04_06_23:13

CRUDE LIGHT CURVE PARAMETERS
----------------------------
parameter lc1   	lc2
----------------------------
sigma     +0.23 	+0.32
tau       +0.28 	+0.03
avg_mag   +18.61 	+18.91


BEGINNING LIGHT CURVE PARAMETER OPTIMIZATION

Optimization terminated successfully.
         Current function value: -816.365727
         Iterations: 107
         Function evaluations: 197
Optimization terminated successfully.
         Current function value: -816.177537
         Iterations: 133
         Function evaluations: 239

OPTIMIZED LIGHT CURVE PARAMETERS
--------------------------------
parameter lc1   	lc2
--------------------------------
sigma     +0.05 	+0.05
tau       +0.75 	+0.75
avg_mag   +18.60 	+18.91


Process Started on 2014-04-06 23:13:09.362783
It is now          2014-04-06 23:13:11.911518

time series is 5.00 days long
with  210 data points
The most common sample time distance is 0.01 days within the range of [0.01,0.01] days

1% done
10% done
25% done
50% done
75% done
DONE

Process Started on 2014-04-06 23:13:09.362783
It is now          2014-04-06 23:13:12.892814

BEST DELAY=1.49811e+00

INITIAL PARAMETERS (average of lc1 and lc2)
-------------------------------------------
delay      = 1.50
delta_mag  = 0.30
avg_mag    = 18.60
tau        = 0.75
sigma      = 0.05

Optimization terminated successfully.
         Current function value: -1656.668439
         Iterations: 140
         Function evaluations: 250

INITIAL PARAMETERS (optimization of merged light curve)
-------------------------------------------------------
delay      = 1.50
delta_mag  = 0.30
avg_mag    = 18.60
tau        = 0.86
sigma      = 0.05


-------------
RUNNING EMCEE
-------------

pos
sampler
Process Started on 2014-04-06 23:13:09.362783
It is currently    2014-04-06 23:13:17.442665
burn-in sampler.run_mcmc
	Mean acceptance fraction: 0.587
	Errors based on 16th, 50th, and 84th percentile
	Param     	MC_rec	err_up	err_low
	delay     	1.49e+00	+3.56e-02	-3.68e-02
	delta_mag 	3.00e-01	+4.67e-03	-4.49e-03
	sigma     	4.62e-02	+5.54e-03	-5.19e-03
	tau       	8.68e-01	+1.11e-01	-9.96e-02
	avg_mag   	1.86e+01	+9.83e-03	-1.13e-02
Process Started on 2014-04-06 23:13:09.362783
It is currently    2014-04-06 23:15:39.508978
sampler.run_mcmc
Process Started on 2014-04-06 23:13:09.362783
It is currently    2014-04-06 23:33:59.909025
sampler.chain
90000
Mean acceptance fraction: 0.505
Errors based on 16th, 50th, and 84th percentile
Param     	MC_rec	err_up	err_low
delay     	1.49e+00	+3.10e-02	-3.26e-02
delta_mag 	3.00e-01	+3.98e-03	-4.04e-03
sigma     	4.33e-02	+5.22e-03	-4.65e-03
tau       	2.13e+00	+3.19e+00	-1.12e+00
avg_mag   	1.86e+01	+1.83e-02	-2.75e-02
Process Started on 2014-04-06 23:13:09.362783
It is currently    2014-04-06 23:34:06.893619
