
SIMULATION PARAMETERS
Namespace(avg_mag=19.0, delay=1.5, delta_mag=0.3, numorbits=80, outputtag='hubble_sim_r283', photometricerror=0.1, redshift=0.658, sigma=0.07, tau=121.0)

Process Started on 2014-04-07 00:49:39.679290
The output_tag for this run is: hubble_sim_r283_2014_04_07_00:49

CRUDE LIGHT CURVE PARAMETERS
----------------------------
parameter lc1   	lc2
----------------------------
sigma     +0.50 	+0.36
tau       +0.05 	+0.02
avg_mag   +18.22 	+18.49


BEGINNING LIGHT CURVE PARAMETER OPTIMIZATION

Optimization terminated successfully.
         Current function value: -561.508436
         Iterations: 145
         Function evaluations: 263
Optimization terminated successfully.
         Current function value: -569.244564
         Iterations: 54
         Function evaluations: 101

OPTIMIZED LIGHT CURVE PARAMETERS
--------------------------------
parameter lc1   	lc2
--------------------------------
sigma     +0.05 	+0.00
tau       +4.52 	+0.03
avg_mag   +18.24 	+18.49


Process Started on 2014-04-07 00:49:39.679290
It is now          2014-04-07 00:49:41.998345

time series is 5.01 days long
with  215 data points
The most common sample time distance is 0.03 days within the range of [0.02,0.04] days

1% done
10% done
25% done
50% done
75% done
DONE

Process Started on 2014-04-07 00:49:39.679290
It is now          2014-04-07 00:49:43.072543

BEST DELAY=-1.05912e-01

INITIAL PARAMETERS (average of lc1 and lc2)
-------------------------------------------
delay      = -0.11
delta_mag  = 0.25
avg_mag    = 18.24
tau        = 2.27
sigma      = 0.02

Optimization terminated successfully.
         Current function value: -1117.465220
         Iterations: 140
         Function evaluations: 249

INITIAL PARAMETERS (optimization of merged light curve)
-------------------------------------------------------
delay      = -0.11
delta_mag  = 0.25
avg_mag    = 18.24
tau        = 2.31
sigma      = 0.04


-------------
RUNNING EMCEE
-------------

pos
sampler
Process Started on 2014-04-07 00:49:39.679290
It is currently    2014-04-07 00:49:47.904619
burn-in sampler.run_mcmc
	Mean acceptance fraction: 0.576
	Errors based on 16th, 50th, and 84th percentile
	Param     	MC_rec	err_up	err_low
	delay     	3.11e-01	+1.03e+00	-4.14e-01
	delta_mag 	2.85e-01	+1.69e-02	-1.32e-02
	sigma     	4.45e-02	+1.07e-02	-1.00e-02
	tau       	2.50e+00	+9.51e-01	-3.80e-01
	avg_mag   	1.82e+01	+3.41e-02	-2.88e-02
Process Started on 2014-04-07 00:49:39.679290
It is currently    2014-04-07 00:51:44.668302
sampler.run_mcmc
Process Started on 2014-04-07 00:49:39.679290
It is currently    2014-04-07 01:09:48.080698
sampler.chain
90000
Mean acceptance fraction: 0.517
Errors based on 16th, 50th, and 84th percentile
Param     	MC_rec	err_up	err_low
delay     	1.50e+00	+1.37e-01	-1.20e-01
delta_mag 	3.03e-01	+8.12e-03	-8.00e-03
sigma     	4.51e-02	+8.80e-03	-7.44e-03
tau       	1.17e+01	+7.44e+00	-6.40e+00
avg_mag   	1.82e+01	+6.53e-02	-6.15e-02
Process Started on 2014-04-07 00:49:39.679290
It is currently    2014-04-07 01:09:58.663715
