
SIMULATION PARAMETERS
Namespace(avg_mag=19.0, delay=1.5, delta_mag=0.3, numorbits=40, outputtag='hubble_sim_r1018', photometricerror=0.02, redshift=0.658, sigma=0.07, tau=121.0)

Process Started on 2014-04-07 01:25:45.472314
The output_tag for this run is: hubble_sim_r1018_2014_04_07_01:25

CRUDE LIGHT CURVE PARAMETERS
----------------------------
parameter lc1   	lc2
----------------------------
sigma     +0.47 	+0.36
tau       +0.01 	+0.02
avg_mag   +18.67 	+19.00


BEGINNING LIGHT CURVE PARAMETER OPTIMIZATION

Optimization terminated successfully.
         Current function value: -570.630224
         Iterations: 127
         Function evaluations: 228
Optimization terminated successfully.
         Current function value: -579.801446
         Iterations: 90
         Function evaluations: 163

OPTIMIZED LIGHT CURVE PARAMETERS
--------------------------------
parameter lc1   	lc2
--------------------------------
sigma     +0.06 	+0.06
tau       +1.00 	+0.54
avg_mag   +18.70 	+18.99


Process Started on 2014-04-07 01:25:45.472314
It is now          2014-04-07 01:25:46.226304

time series is 2.51 days long
with  110 data points
The most common sample time distance is 0.01 days within the range of [0.02,0.01] days

1% done
10% done
25% done
50% done
75% done
DONE

Process Started on 2014-04-07 01:25:45.472314
It is now          2014-04-07 01:25:46.555146

BEST DELAY=-1.25378e+00

INITIAL PARAMETERS (average of lc1 and lc2)
-------------------------------------------
delay      = -1.25
delta_mag  = 0.29
avg_mag    = 18.70
tau        = 0.77
sigma      = 0.06

Optimization terminated successfully.
         Current function value: -1044.356949
         Iterations: 94
         Function evaluations: 173

INITIAL PARAMETERS (optimization of merged light curve)
-------------------------------------------------------
delay      = -1.25
delta_mag  = 0.29
avg_mag    = 18.70
tau        = 0.68
sigma      = 0.06


-------------
RUNNING EMCEE
-------------

pos
sampler
Process Started on 2014-04-07 01:25:45.472314
It is currently    2014-04-07 01:25:48.271119
burn-in sampler.run_mcmc
	Mean acceptance fraction: 0.524
	Errors based on 16th, 50th, and 84th percentile
	Param     	MC_rec	err_up	err_low
	delay     	-1.35e+00	+7.46e-02	-5.06e-02
	delta_mag 	3.29e-01	+3.63e-03	-4.25e-03
	sigma     	6.20e-02	+6.20e-03	-6.72e-03
	tau       	6.89e-01	+5.44e-02	-4.36e-02
	avg_mag   	1.87e+01	+2.09e-02	-1.80e-02
Process Started on 2014-04-07 01:25:45.472314
It is currently    2014-04-07 01:26:35.075786
sampler.run_mcmc
Process Started on 2014-04-07 01:25:45.472314
It is currently    2014-04-07 01:32:27.703313
sampler.chain
90000
Mean acceptance fraction: 0.403
Errors based on 16th, 50th, and 84th percentile
Param     	MC_rec	err_up	err_low
delay     	-1.59e+00	+2.30e-01	-5.59e-01
delta_mag 	3.24e-01	+7.71e-03	-1.71e-02
sigma     	5.61e-02	+5.30e-03	-4.76e-03
tau       	2.52e+00	+2.57e+00	-1.45e+00
avg_mag   	1.87e+01	+3.59e-02	-2.66e-02
Process Started on 2014-04-07 01:25:45.472314
It is currently    2014-04-07 01:32:34.005699
