
SIMULATION PARAMETERS
Namespace(avg_mag=19.0, delay=1.5, delta_mag=0.3, numorbits=80, outputtag='hubble_sim_r84', photometricerror=0.02, redshift=0.658, sigma=0.07, tau=121.0)

Process Started on 2014-04-06 21:15:24.732307
The output_tag for this run is: hubble_sim_r84_2014_04_06_21:15

CRUDE LIGHT CURVE PARAMETERS
----------------------------
parameter lc1   	lc2
----------------------------
sigma     +0.38 	+0.42
tau       +0.03 	+0.07
avg_mag   +19.40 	+19.67


BEGINNING LIGHT CURVE PARAMETER OPTIMIZATION

Optimization terminated successfully.
         Current function value: -1151.686795
         Iterations: 130
         Function evaluations: 228
Optimization terminated successfully.
         Current function value: -1151.457233
         Iterations: 119
         Function evaluations: 213

OPTIMIZED LIGHT CURVE PARAMETERS
--------------------------------
parameter lc1   	lc2
--------------------------------
sigma     +0.05 	+0.05
tau       +0.94 	+2.32
avg_mag   +19.39 	+19.65


Process Started on 2014-04-06 21:15:24.732307
It is now          2014-04-06 21:15:27.631169

time series is 5.01 days long
with  220 data points
The most common sample time distance is 0.01 days within the range of [0.01,0.01] days

1% done
10% done
25% done
50% done
75% done
DONE

Process Started on 2014-04-06 21:15:24.732307
It is now          2014-04-06 21:15:28.703837

BEST DELAY=-2.50330e+00

INITIAL PARAMETERS (average of lc1 and lc2)
-------------------------------------------
delay      = -2.50
delta_mag  = 0.26
avg_mag    = 19.39
tau        = 1.63
sigma      = 0.05

Optimization terminated successfully.
         Current function value: -2255.203498
         Iterations: 116
         Function evaluations: 208

INITIAL PARAMETERS (optimization of merged light curve)
-------------------------------------------------------
delay      = -2.50
delta_mag  = 0.26
avg_mag    = 19.41
tau        = 1.49
sigma      = 0.05


-------------
RUNNING EMCEE
-------------

pos
sampler
Process Started on 2014-04-06 21:15:24.732307
It is currently    2014-04-06 21:15:33.162854
burn-in sampler.run_mcmc
	Mean acceptance fraction: 0.511
	Errors based on 16th, 50th, and 84th percentile
	Param     	MC_rec	err_up	err_low
	delay     	-2.79e+00	+1.14e-01	-2.11e-01
	delta_mag 	2.46e-01	+6.91e-03	-8.24e-03
	sigma     	5.08e-02	+5.91e-03	-4.38e-03
	tau       	2.01e+00	+6.42e-01	-4.07e-01
	avg_mag   	1.94e+01	+3.52e-02	-3.20e-02
Process Started on 2014-04-06 21:15:24.732307
It is currently    2014-04-06 21:18:06.489676
sampler.run_mcmc
Process Started on 2014-04-06 21:15:24.732307
It is currently    2014-04-06 21:35:54.583050
sampler.chain
90000
Mean acceptance fraction: 0.462
Errors based on 16th, 50th, and 84th percentile
Param     	MC_rec	err_up	err_low
delay     	-3.04e+00	+2.60e-02	-1.13e-01
delta_mag 	2.32e-01	+3.02e-03	-5.36e-03
sigma     	5.17e-02	+3.28e-03	-3.19e-03
tau       	4.87e+00	+5.36e+00	-2.68e+00
avg_mag   	1.94e+01	+3.96e-02	-4.36e-02
Process Started on 2014-04-06 21:15:24.732307
It is currently    2014-04-06 21:36:05.148499
