
SIMULATION PARAMETERS
Namespace(avg_mag=19.0, delay=1.5, delta_mag=0.3, numorbits=40, outputtag='hubble_sim_r1109', photometricerror=0.05, redshift=0.658, sigma=0.07, tau=121.0)

Process Started on 2014-04-07 02:57:04.671098
The output_tag for this run is: hubble_sim_r1109_2014_04_07_02:57

CRUDE LIGHT CURVE PARAMETERS
----------------------------
parameter lc1   	lc2
----------------------------
sigma     +0.23 	+0.21
tau       +0.03 	+0.07
avg_mag   +19.02 	+19.32


BEGINNING LIGHT CURVE PARAMETER OPTIMIZATION

Optimization terminated successfully.
         Current function value: -454.836597
         Iterations: 55
         Function evaluations: 97
Optimization terminated successfully.
         Current function value: -453.660945
         Iterations: 84
         Function evaluations: 152

OPTIMIZED LIGHT CURVE PARAMETERS
--------------------------------
parameter lc1   	lc2
--------------------------------
sigma     +0.00 	+0.05
tau       +0.04 	+0.27
avg_mag   +19.02 	+19.32


Process Started on 2014-04-07 02:57:04.671098
It is now          2014-04-07 02:57:05.180353

time series is 2.50 days long
with  116 data points
The most common sample time distance is 0.01 days within the range of [0.02,0.01] days

1% done
10% done
25% done
50% done
75% done
DONE

Process Started on 2014-04-07 02:57:04.671098
It is now          2014-04-07 02:57:05.517467

BEST DELAY=-1.50722e-01

INITIAL PARAMETERS (average of lc1 and lc2)
-------------------------------------------
delay      = -0.15
delta_mag  = 0.30
avg_mag    = 19.02
tau        = 0.16
sigma      = 0.02

Optimization terminated successfully.
         Current function value: -913.453516
         Iterations: 102
         Function evaluations: 188

INITIAL PARAMETERS (optimization of merged light curve)
-------------------------------------------------------
delay      = -0.15
delta_mag  = 0.30
avg_mag    = 19.02
tau        = 0.36
sigma      = 0.03


-------------
RUNNING EMCEE
-------------

pos
sampler
Process Started on 2014-04-07 02:57:04.671098
It is currently    2014-04-07 02:57:07.207338
burn-in sampler.run_mcmc
	Mean acceptance fraction: 0.583
	Errors based on 16th, 50th, and 84th percentile
	Param     	MC_rec	err_up	err_low
	delay     	-1.48e-01	+1.38e-01	-8.94e-02
	delta_mag 	2.99e-01	+5.87e-03	-4.80e-03
	sigma     	3.64e-02	+9.02e-03	-7.97e-03
	tau       	3.90e-01	+1.61e-01	-1.03e-01
	avg_mag   	1.90e+01	+7.73e-03	-8.00e-03
Process Started on 2014-04-07 02:57:04.671098
It is currently    2014-04-07 02:57:55.547050
sampler.run_mcmc
Process Started on 2014-04-07 02:57:04.671098
It is currently    2014-04-07 03:04:25.155928
sampler.chain
90000
Mean acceptance fraction: 0.501
Errors based on 16th, 50th, and 84th percentile
Param     	MC_rec	err_up	err_low
delay     	-6.08e-02	+1.38e-01	-1.41e-01
delta_mag 	3.00e-01	+4.76e-03	-4.74e-03
sigma     	3.29e-02	+8.32e-03	-7.40e-03
tau       	9.13e-01	+1.34e+00	-5.16e-01
avg_mag   	1.90e+01	+1.11e-02	-1.11e-02
Process Started on 2014-04-07 02:57:04.671098
It is currently    2014-04-07 03:04:31.357960
