
SIMULATION PARAMETERS
Namespace(avg_mag=19.0, delay=1.5, delta_mag=0.3, numorbits=80, outputtag='hubble_sim_r3', photometricerror=0.02, redshift=0.658, sigma=0.07, tau=121.0)

Process Started on 2014-04-06 19:53:12.059300
The output_tag for this run is: hubble_sim_r3_2014_04_06_19:53

CRUDE LIGHT CURVE PARAMETERS
----------------------------
parameter lc1   	lc2
----------------------------
sigma     +0.62 	+0.59
tau       +0.08 	+0.03
avg_mag   +19.11 	+19.46


BEGINNING LIGHT CURVE PARAMETER OPTIMIZATION

Optimization terminated successfully.
         Current function value: -1158.925746
         Iterations: 150
         Function evaluations: 268
Optimization terminated successfully.
         Current function value: -1160.900286
         Iterations: 162
         Function evaluations: 281

OPTIMIZED LIGHT CURVE PARAMETERS
--------------------------------
parameter lc1   	lc2
--------------------------------
sigma     +0.05 	+0.05
tau       +6.31 	+4.85
avg_mag   +19.13 	+19.43


Process Started on 2014-04-06 19:53:12.059300
It is now          2014-04-06 19:53:14.028080

time series is 5.02 days long
with  220 data points
The most common sample time distance is 0.01 days within the range of [0.01,0.01] days

1% done
10% done
25% done
50% done
75% done
DONE

Process Started on 2014-04-06 19:53:12.059300
It is now          2014-04-06 19:53:14.636154

BEST DELAY=1.49236e+00

INITIAL PARAMETERS (average of lc1 and lc2)
-------------------------------------------
delay      = 1.49
delta_mag  = 0.30
avg_mag    = 19.13
tau        = 5.58
sigma      = 0.05

Optimization terminated successfully.
         Current function value: -2387.461722
         Iterations: 145
         Function evaluations: 261

INITIAL PARAMETERS (optimization of merged light curve)
-------------------------------------------------------
delay      = 1.49
delta_mag  = 0.30
avg_mag    = 19.12
tau        = 5.05
sigma      = 0.05


-------------
RUNNING EMCEE
-------------

pos
sampler
Process Started on 2014-04-06 19:53:12.059300
It is currently    2014-04-06 19:53:17.531467
burn-in sampler.run_mcmc
	Mean acceptance fraction: 0.585
	Errors based on 16th, 50th, and 84th percentile
	Param     	MC_rec	err_up	err_low
	delay     	1.50e+00	+6.87e-03	-7.53e-03
	delta_mag 	2.99e-01	+1.88e-03	-1.79e-03
	sigma     	4.95e-02	+4.22e-03	-3.76e-03
	tau       	5.05e+00	+5.58e-01	-4.22e-01
	avg_mag   	1.91e+01	+3.95e-02	-4.56e-02
Process Started on 2014-04-06 19:53:12.059300
It is currently    2014-04-06 19:54:46.683671
sampler.run_mcmc
Process Started on 2014-04-06 19:53:12.059300
It is currently    2014-04-06 20:10:38.465647
sampler.chain
90000
Mean acceptance fraction: 0.516
Errors based on 16th, 50th, and 84th percentile
Param     	MC_rec	err_up	err_low
delay     	1.50e+00	+6.31e-03	-6.95e-03
delta_mag 	2.99e-01	+1.65e-03	-1.73e-03
sigma     	4.90e-02	+3.42e-03	-3.15e-03
tau       	1.82e+01	+1.96e+01	-1.13e+01
avg_mag   	1.91e+01	+8.81e-02	-9.19e-02
Process Started on 2014-04-06 19:53:12.059300
It is currently    2014-04-06 20:10:46.909132
