
SIMULATION PARAMETERS
Namespace(avg_mag=19.0, delay=1.5, delta_mag=0.3, numorbits=80, outputtag='hubble_sim_r110', photometricerror=0.05, redshift=0.658, sigma=0.07, tau=121.0)

Process Started on 2014-04-06 21:45:41.870380
The output_tag for this run is: hubble_sim_r110_2014_04_06_21:45

CRUDE LIGHT CURVE PARAMETERS
----------------------------
parameter lc1   	lc2
----------------------------
sigma     +0.40 	+0.61
tau       +0.05 	+0.03
avg_mag   +19.46 	+19.75


BEGINNING LIGHT CURVE PARAMETER OPTIMIZATION

Optimization terminated successfully.
         Current function value: -874.105651
         Iterations: 130
         Function evaluations: 232
Optimization terminated successfully.
         Current function value: -863.305690
         Iterations: 130
         Function evaluations: 225

OPTIMIZED LIGHT CURVE PARAMETERS
--------------------------------
parameter lc1   	lc2
--------------------------------
sigma     +0.04 	+0.05
tau       +2.06 	+4.13
avg_mag   +19.46 	+19.68


Process Started on 2014-04-06 21:45:41.870380
It is now          2014-04-06 21:45:44.663027

time series is 5.00 days long
with  224 data points
The most common sample time distance is 0.01 days within the range of [0.01,0.01] days

1% done
10% done
25% done
50% done
75% done
DONE

Process Started on 2014-04-06 21:45:41.870380
It is now          2014-04-06 21:45:45.687271

BEST DELAY=2.49850e+00

INITIAL PARAMETERS (average of lc1 and lc2)
-------------------------------------------
delay      = 2.50
delta_mag  = 0.22
avg_mag    = 19.46
tau        = 3.10
sigma      = 0.05

Optimization terminated successfully.
         Current function value: -1681.806439
         Iterations: 157
         Function evaluations: 282

INITIAL PARAMETERS (optimization of merged light curve)
-------------------------------------------------------
delay      = 2.50
delta_mag  = 0.22
avg_mag    = 19.45
tau        = 3.82
sigma      = 0.05


-------------
RUNNING EMCEE
-------------

pos
sampler
Process Started on 2014-04-06 21:45:41.870380
It is currently    2014-04-06 21:45:50.465336
burn-in sampler.run_mcmc
	Mean acceptance fraction: 0.553
	Errors based on 16th, 50th, and 84th percentile
	Param     	MC_rec	err_up	err_low
	delay     	2.17e+00	+2.64e-01	-4.73e-01
	delta_mag 	2.75e-01	+1.81e-02	-1.41e-02
	sigma     	4.80e-02	+9.28e-03	-7.03e-03
	tau       	3.85e+00	+4.84e-01	-3.84e-01
	avg_mag   	1.95e+01	+4.24e-02	-4.24e-02
Process Started on 2014-04-06 21:45:41.870380
It is currently    2014-04-06 21:47:53.308164
sampler.run_mcmc
Process Started on 2014-04-06 21:45:41.870380
It is currently    2014-04-06 22:02:43.322699
sampler.chain
90000
Mean acceptance fraction: 0.508
Errors based on 16th, 50th, and 84th percentile
Param     	MC_rec	err_up	err_low
delay     	1.50e+00	+3.35e-02	-3.13e-02
delta_mag 	2.99e-01	+4.00e-03	-4.21e-03
sigma     	4.91e-02	+5.18e-03	-4.51e-03
tau       	1.40e+01	+1.51e+01	-8.86e+00
avg_mag   	1.94e+01	+7.21e-02	-8.80e-02
Process Started on 2014-04-06 21:45:41.870380
It is currently    2014-04-06 22:02:54.109187
