
SIMULATION PARAMETERS
Namespace(avg_mag=19.0, delay=1.5, delta_mag=0.3, numorbits=80, outputtag='hubble_sim_r55', photometricerror=0.02, redshift=0.658, sigma=0.07, tau=121.0)

Process Started on 2014-04-06 20:39:59.549696
The output_tag for this run is: hubble_sim_r55_2014_04_06_20:39

CRUDE LIGHT CURVE PARAMETERS
----------------------------
parameter lc1   	lc2
----------------------------
sigma     +0.49 	+0.36
tau       +0.05 	+0.18
avg_mag   +18.77 	+19.07


BEGINNING LIGHT CURVE PARAMETER OPTIMIZATION

Optimization terminated successfully.
         Current function value: -1142.754227
         Iterations: 141
         Function evaluations: 242
Optimization terminated successfully.
         Current function value: -1142.185753
         Iterations: 130
         Function evaluations: 231

OPTIMIZED LIGHT CURVE PARAMETERS
--------------------------------
parameter lc1   	lc2
--------------------------------
sigma     +0.04 	+0.04
tau       +3.40 	+3.30
avg_mag   +18.74 	+19.10


Process Started on 2014-04-06 20:39:59.549696
It is now          2014-04-06 20:40:01.340991

time series is 5.02 days long
with  215 data points
The most common sample time distance is 0.01 days within the range of [0.01,0.01] days

1% done
10% done
25% done
50% done
75% done
DONE

Process Started on 2014-04-06 20:39:59.549696
It is now          2014-04-06 20:40:01.999383

BEST DELAY=2.49137e+00

INITIAL PARAMETERS (average of lc1 and lc2)
-------------------------------------------
delay      = 2.49
delta_mag  = 0.35
avg_mag    = 18.74
tau        = 3.35
sigma      = 0.04

Optimization terminated successfully.
         Current function value: -1998.340381
         Iterations: 170
         Function evaluations: 307

INITIAL PARAMETERS (optimization of merged light curve)
-------------------------------------------------------
delay      = 2.49
delta_mag  = 0.35
avg_mag    = 18.75
tau        = 3.95
sigma      = 0.04


-------------
RUNNING EMCEE
-------------

pos
sampler
Process Started on 2014-04-06 20:39:59.549696
It is currently    2014-04-06 20:40:06.148512
burn-in sampler.run_mcmc
	Mean acceptance fraction: 0.390
	Errors based on 16th, 50th, and 84th percentile
	Param     	MC_rec	err_up	err_low
	delay     	1.78e+00	+2.44e+00	-2.52e-01
	delta_mag 	3.10e-01	+1.22e-01	-1.72e-02
	sigma     	4.47e-02	+1.27e-02	-8.51e-03
	tau       	4.14e+00	+1.97e-01	-9.20e-01
	avg_mag   	1.87e+01	+1.55e-01	-1.18e-01
Process Started on 2014-04-06 20:39:59.549696
It is currently    2014-04-06 20:42:24.384964
sampler.run_mcmc
Process Started on 2014-04-06 20:39:59.549696
It is currently    2014-04-06 20:59:34.001643
sampler.chain
90000
Mean acceptance fraction: 0.282
Errors based on 16th, 50th, and 84th percentile
Param     	MC_rec	err_up	err_low
delay     	1.51e+00	+2.87e+00	-1.23e-02
delta_mag 	3.02e-01	+1.28e-01	-2.81e-03
sigma     	4.40e-02	+3.21e-03	-3.03e-03
tau       	8.76e+00	+1.68e+01	-5.06e+00
avg_mag   	1.88e+01	+5.86e-02	-7.83e-02
Process Started on 2014-04-06 20:39:59.549696
It is currently    2014-04-06 20:59:44.783879
