
SIMULATION PARAMETERS
Namespace(avg_mag=19.0, delay=1.5, delta_mag=0.3, numorbits=40, outputtag='hubble_sim_r1140', photometricerror=0.05, redshift=0.658, sigma=0.07, tau=121.0)

Process Started on 2014-04-07 03:28:10.975873
The output_tag for this run is: hubble_sim_r1140_2014_04_07_03:28

CRUDE LIGHT CURVE PARAMETERS
----------------------------
parameter lc1   	lc2
----------------------------
sigma     +0.14 	+0.34
tau       +0.06 	+0.05
avg_mag   +19.22 	+19.56


BEGINNING LIGHT CURVE PARAMETER OPTIMIZATION

Optimization terminated successfully.
         Current function value: -427.050448
         Iterations: 51
         Function evaluations: 94
Optimization terminated successfully.
         Current function value: -411.064400
         Iterations: 110
         Function evaluations: 204

OPTIMIZED LIGHT CURVE PARAMETERS
--------------------------------
parameter lc1   	lc2
--------------------------------
sigma     +0.00 	+0.05
tau       +0.08 	+1.04
avg_mag   +19.22 	+19.55


Process Started on 2014-04-07 03:28:10.975873
It is now          2014-04-07 03:28:11.505206

time series is 2.51 days long
with  106 data points
The most common sample time distance is 0.01 days within the range of [0.01,0.03] days

1% done
10% done
25% done
50% done
75% done
DONE

Process Started on 2014-04-07 03:28:10.975873
It is now          2014-04-07 03:28:11.824124

BEST DELAY=-8.54629e-01

INITIAL PARAMETERS (average of lc1 and lc2)
-------------------------------------------
delay      = -0.85
delta_mag  = 0.33
avg_mag    = 19.22
tau        = 0.56
sigma      = 0.02

Optimization terminated successfully.
         Current function value: -824.181399
         Iterations: 53
         Function evaluations: 101

INITIAL PARAMETERS (optimization of merged light curve)
-------------------------------------------------------
delay      = -0.85
delta_mag  = 0.33
avg_mag    = 19.21
tau        = 2.06
sigma      = 0.03


-------------
RUNNING EMCEE
-------------

pos
sampler
Process Started on 2014-04-07 03:28:10.975873
It is currently    2014-04-07 03:28:13.228773
burn-in sampler.run_mcmc
	Mean acceptance fraction: 0.581
	Errors based on 16th, 50th, and 84th percentile
	Param     	MC_rec	err_up	err_low
	delay     	-1.13e+00	+2.25e-01	-2.00e-01
	delta_mag 	3.60e-01	+1.27e-02	-1.01e-02
	sigma     	3.32e-02	+8.47e-03	-7.71e-03
	tau       	2.07e+00	+2.15e-01	-1.95e-01
	avg_mag   	1.92e+01	+1.85e-02	-2.56e-02
Process Started on 2014-04-07 03:28:10.975873
It is currently    2014-04-07 03:28:57.585326
sampler.run_mcmc
Process Started on 2014-04-07 03:28:10.975873
It is currently    2014-04-07 03:34:41.837076
sampler.chain
90000
Mean acceptance fraction: 0.504
Errors based on 16th, 50th, and 84th percentile
Param     	MC_rec	err_up	err_low
delay     	-1.37e+00	+1.16e-01	-1.10e-01
delta_mag 	3.73e-01	+8.65e-03	-8.26e-03
sigma     	3.30e-02	+7.11e-03	-5.85e-03
tau       	8.29e+00	+7.76e+00	-5.17e+00
avg_mag   	1.92e+01	+3.77e-02	-4.34e-02
Process Started on 2014-04-07 03:28:10.975873
It is currently    2014-04-07 03:34:48.041050
