
SIMULATION PARAMETERS
Namespace(avg_mag=19.0, delay=1.5, delta_mag=0.3, numorbits=80, outputtag='hubble_sim_r44', photometricerror=0.02, redshift=0.658, sigma=0.07, tau=121.0)

Process Started on 2014-04-06 20:35:25.570498
The output_tag for this run is: hubble_sim_r44_2014_04_06_20:35

CRUDE LIGHT CURVE PARAMETERS
----------------------------
parameter lc1   	lc2
----------------------------
sigma     +0.74 	+0.71
tau       +0.06 	+0.19
avg_mag   +19.16 	+19.38


BEGINNING LIGHT CURVE PARAMETER OPTIMIZATION

Optimization terminated successfully.
         Current function value: -1107.641841
         Iterations: 143
         Function evaluations: 257
Optimization terminated successfully.
         Current function value: -1111.384514
         Iterations: 142
         Function evaluations: 247

OPTIMIZED LIGHT CURVE PARAMETERS
--------------------------------
parameter lc1   	lc2
--------------------------------
sigma     +0.06 	+0.05
tau       +18.04 	+5.09
avg_mag   +19.13 	+19.39


Process Started on 2014-04-06 20:35:25.570498
It is now          2014-04-06 20:35:28.753696

time series is 5.01 days long
with  213 data points
The most common sample time distance is 0.01 days within the range of [0.01,0.01] days

1% done
10% done
25% done
50% done
75% done
DONE

Process Started on 2014-04-06 20:35:25.570498
It is now          2014-04-06 20:35:29.812064

BEST DELAY=1.39514e+00

INITIAL PARAMETERS (average of lc1 and lc2)
-------------------------------------------
delay      = 1.40
delta_mag  = 0.26
avg_mag    = 19.13
tau        = 11.57
sigma      = 0.06

Optimization terminated successfully.
         Current function value: -2010.110467
         Iterations: 174
         Function evaluations: 314

INITIAL PARAMETERS (optimization of merged light curve)
-------------------------------------------------------
delay      = 1.40
delta_mag  = 0.26
avg_mag    = 19.18
tau        = 9.96
sigma      = 0.05


-------------
RUNNING EMCEE
-------------

pos
sampler
Process Started on 2014-04-06 20:35:25.570498
It is currently    2014-04-06 20:35:35.839826
burn-in sampler.run_mcmc
	Mean acceptance fraction: 0.507
	Errors based on 16th, 50th, and 84th percentile
	Param     	MC_rec	err_up	err_low
	delay     	1.49e+00	+1.43e-02	-3.87e-02
	delta_mag 	2.98e-01	+2.92e-03	-4.40e-03
	sigma     	5.62e-02	+6.66e-03	-5.27e-03
	tau       	1.01e+01	+1.34e-01	-1.04e-01
	avg_mag   	1.91e+01	+6.06e-02	-5.77e-02
Process Started on 2014-04-06 20:35:25.570498
It is currently    2014-04-06 20:38:01.894358
sampler.run_mcmc
Process Started on 2014-04-06 20:35:25.570498
It is currently    2014-04-06 20:57:11.959785
sampler.chain
90000
Mean acceptance fraction: 0.515
Errors based on 16th, 50th, and 84th percentile
Param     	MC_rec	err_up	err_low
delay     	1.50e+00	+5.82e-03	-6.22e-03
delta_mag 	3.00e-01	+1.74e-03	-1.76e-03
sigma     	5.32e-02	+3.37e-03	-3.11e-03
tau       	4.04e+01	+3.75e+01	-2.72e+01
avg_mag   	1.92e+01	+1.56e-01	-1.54e-01
Process Started on 2014-04-06 20:35:25.570498
It is currently    2014-04-06 20:57:20.291411
