
SIMULATION PARAMETERS
Namespace(avg_mag=19.0, delay=1.5, delta_mag=0.3, numorbits=40, outputtag='hubble_sim_r1241', photometricerror=0.1, redshift=0.658, sigma=0.07, tau=121.0)

Process Started on 2014-04-07 05:09:32.392284
The output_tag for this run is: hubble_sim_r1241_2014_04_07_05:09

CRUDE LIGHT CURVE PARAMETERS
----------------------------
parameter lc1   	lc2
----------------------------
sigma     +1.21 	+1.08
tau       +0.01 	+0.01
avg_mag   +17.56 	+17.99


BEGINNING LIGHT CURVE PARAMETER OPTIMIZATION

Optimization terminated successfully.
         Current function value: -270.391689
         Iterations: 59
         Function evaluations: 111
Optimization terminated successfully.
         Current function value: -267.479962
         Iterations: 64
         Function evaluations: 119

OPTIMIZED LIGHT CURVE PARAMETERS
--------------------------------
parameter lc1   	lc2
--------------------------------
sigma     +0.00 	+0.00
tau       +0.01 	+0.01
avg_mag   +17.56 	+17.99


Process Started on 2014-04-07 05:09:32.392284
It is now          2014-04-07 05:09:32.839626

time series is 2.51 days long
with  115 data points
The most common sample time distance is 0.01 days within the range of [0.02,0.01] days

1% done
10% done
25% done
50% done
75% done
DONE

Process Started on 2014-04-07 05:09:32.392284
It is now          2014-04-07 05:09:33.158767

BEST DELAY=-5.35089e-02

INITIAL PARAMETERS (average of lc1 and lc2)
-------------------------------------------
delay      = -0.05
delta_mag  = 0.43
avg_mag    = 17.56
tau        = 0.01
sigma      = 0.00

Optimization terminated successfully.
         Current function value: -609.940115
         Iterations: 152
         Function evaluations: 264

INITIAL PARAMETERS (optimization of merged light curve)
-------------------------------------------------------
delay      = -0.05
delta_mag  = 0.43
avg_mag    = 17.55
tau        = 4.38
sigma      = 0.05


-------------
RUNNING EMCEE
-------------

pos
sampler
Process Started on 2014-04-07 05:09:32.392284
It is currently    2014-04-07 05:09:35.170772
burn-in sampler.run_mcmc
	Mean acceptance fraction: 0.590
	Errors based on 16th, 50th, and 84th percentile
	Param     	MC_rec	err_up	err_low
	delay     	-3.25e-02	+1.20e-01	-1.64e-01
	delta_mag 	4.32e-01	+1.60e-02	-1.55e-02
	sigma     	5.66e-02	+1.34e-02	-9.56e-03
	tau       	4.39e+00	+6.17e-01	-5.62e-01
	avg_mag   	1.75e+01	+4.92e-02	-5.65e-02
Process Started on 2014-04-07 05:09:32.392284
It is currently    2014-04-07 05:10:23.264599
sampler.run_mcmc
Process Started on 2014-04-07 05:09:32.392284
It is currently    2014-04-07 05:16:37.458455
sampler.chain
90000
Mean acceptance fraction: 0.513
Errors based on 16th, 50th, and 84th percentile
Param     	MC_rec	err_up	err_low
delay     	-1.13e-02	+1.93e-01	-3.02e-01
delta_mag 	4.32e-01	+2.24e-02	-1.83e-02
sigma     	5.39e-02	+1.09e-02	-8.86e-03
tau       	1.92e+01	+1.61e+01	-1.24e+01
avg_mag   	1.75e+01	+1.01e-01	-1.12e-01
Process Started on 2014-04-07 05:09:32.392284
It is currently    2014-04-07 05:16:43.739967
