
SIMULATION PARAMETERS
Namespace(avg_mag=19.0, delay=1.5, delta_mag=0.3, numorbits=40, outputtag='hubble_sim_r1003', photometricerror=0.02, redshift=0.658, sigma=0.07, tau=121.0)

Process Started on 2014-04-07 01:10:43.016302
The output_tag for this run is: hubble_sim_r1003_2014_04_07_01:10

CRUDE LIGHT CURVE PARAMETERS
----------------------------
parameter lc1   	lc2
----------------------------
sigma     +0.18 	+0.24
tau       +0.36 	+0.06
avg_mag   +19.28 	+19.58


BEGINNING LIGHT CURVE PARAMETER OPTIMIZATION

Optimization terminated successfully.
         Current function value: -579.393511
         Iterations: 92
         Function evaluations: 168
Optimization terminated successfully.
         Current function value: -579.713293
         Iterations: 111
         Function evaluations: 198

OPTIMIZED LIGHT CURVE PARAMETERS
--------------------------------
parameter lc1   	lc2
--------------------------------
sigma     +0.05 	+0.05
tau       +0.51 	+0.62
avg_mag   +19.27 	+19.58


Process Started on 2014-04-07 01:10:43.016302
It is now          2014-04-07 01:10:44.210777

time series is 2.50 days long
with  109 data points
The most common sample time distance is 0.01 days within the range of [0.02,0.01] days

1% done
10% done
25% done
50% done
75% done
DONE

Process Started on 2014-04-07 01:10:43.016302
It is now          2014-04-07 01:10:44.729031

BEST DELAY=-9.52473e-01

INITIAL PARAMETERS (average of lc1 and lc2)
-------------------------------------------
delay      = -0.95
delta_mag  = 0.31
avg_mag    = 19.27
tau        = 0.57
sigma      = 0.05

Optimization terminated successfully.
         Current function value: -1154.147553
         Iterations: 98
         Function evaluations: 180

INITIAL PARAMETERS (optimization of merged light curve)
-------------------------------------------------------
delay      = -0.95
delta_mag  = 0.31
avg_mag    = 19.26
tau        = 0.63
sigma      = 0.05


-------------
RUNNING EMCEE
-------------

pos
sampler
Process Started on 2014-04-07 01:10:43.016302
It is currently    2014-04-07 01:10:47.977521
burn-in sampler.run_mcmc
	Mean acceptance fraction: 0.577
	Errors based on 16th, 50th, and 84th percentile
	Param     	MC_rec	err_up	err_low
	delay     	-9.53e-01	+4.03e-02	-6.98e-02
	delta_mag 	3.13e-01	+3.15e-03	-3.26e-03
	sigma     	4.61e-02	+5.21e-03	-4.70e-03
	tau       	6.34e-01	+1.22e-01	-1.01e-01
	avg_mag   	1.93e+01	+1.05e-02	-1.14e-02
Process Started on 2014-04-07 01:10:43.016302
It is currently    2014-04-07 01:12:08.732626
sampler.run_mcmc
Process Started on 2014-04-07 01:10:43.016302
It is currently    2014-04-07 01:20:30.477626
sampler.chain
90000
Mean acceptance fraction: 0.489
Errors based on 16th, 50th, and 84th percentile
Param     	MC_rec	err_up	err_low
delay     	-9.66e-01	+5.54e-02	-9.12e-02
delta_mag 	3.13e-01	+3.09e-03	-2.90e-03
sigma     	4.41e-02	+4.93e-03	-4.51e-03
tau       	1.68e+00	+2.48e+00	-9.11e-01
avg_mag   	1.93e+01	+1.78e-02	-2.43e-02
Process Started on 2014-04-07 01:10:43.016302
It is currently    2014-04-07 01:20:41.081992
