
SIMULATION PARAMETERS
Namespace(avg_mag=19.0, delay=1.5, delta_mag=0.3, numorbits=40, outputtag='hubble_sim_r1199', photometricerror=0.05, redshift=0.658, sigma=0.07, tau=121.0)

Process Started on 2014-04-07 04:27:23.663002
The output_tag for this run is: hubble_sim_r1199_2014_04_07_04:27

CRUDE LIGHT CURVE PARAMETERS
----------------------------
parameter lc1   	lc2
----------------------------
sigma     +0.26 	+0.53
tau       +0.08 	+0.01
avg_mag   +18.96 	+19.23


BEGINNING LIGHT CURVE PARAMETER OPTIMIZATION

Optimization terminated successfully.
         Current function value: -423.193255
         Iterations: 93
         Function evaluations: 167
Optimization terminated successfully.
         Current function value: -415.866438
         Iterations: 57
         Function evaluations: 110

OPTIMIZED LIGHT CURVE PARAMETERS
--------------------------------
parameter lc1   	lc2
--------------------------------
sigma     +0.05 	+0.00
tau       +0.63 	+0.01
avg_mag   +18.95 	+19.23


Process Started on 2014-04-07 04:27:23.663002
It is now          2014-04-07 04:27:24.172669

time series is 2.51 days long
with  109 data points
The most common sample time distance is 0.01 days within the range of [0.01,0.03] days

1% done
10% done
25% done
50% done
75% done
DONE

Process Started on 2014-04-07 04:27:23.663002
It is now          2014-04-07 04:27:24.498871

BEST DELAY=-2.53099e-01

INITIAL PARAMETERS (average of lc1 and lc2)
-------------------------------------------
delay      = -0.25
delta_mag  = 0.28
avg_mag    = 18.95
tau        = 0.32
sigma      = 0.02

Optimization terminated successfully.
         Current function value: -850.285531
         Iterations: 139
         Function evaluations: 255

INITIAL PARAMETERS (optimization of merged light curve)
-------------------------------------------------------
delay      = -0.25
delta_mag  = 0.28
avg_mag    = 18.95
tau        = 0.81
sigma      = 0.04


-------------
RUNNING EMCEE
-------------

pos
sampler
Process Started on 2014-04-07 04:27:23.663002
It is currently    2014-04-07 04:27:26.395121
burn-in sampler.run_mcmc
	Mean acceptance fraction: 0.585
	Errors based on 16th, 50th, and 84th percentile
	Param     	MC_rec	err_up	err_low
	delay     	-3.15e-01	+9.77e-02	-1.05e-01
	delta_mag 	2.71e-01	+4.95e-03	-5.62e-03
	sigma     	4.60e-02	+9.08e-03	-7.72e-03
	tau       	8.60e-01	+2.85e-01	-2.04e-01
	avg_mag   	1.90e+01	+1.71e-02	-1.51e-02
Process Started on 2014-04-07 04:27:23.663002
It is currently    2014-04-07 04:28:12.141087
sampler.run_mcmc
Process Started on 2014-04-07 04:27:23.663002
It is currently    2014-04-07 04:34:13.900197
sampler.chain
90000
Mean acceptance fraction: 0.507
Errors based on 16th, 50th, and 84th percentile
Param     	MC_rec	err_up	err_low
delay     	-3.69e-01	+9.35e-02	-7.74e-02
delta_mag 	2.69e-01	+5.41e-03	-5.40e-03
sigma     	4.29e-02	+7.85e-03	-6.96e-03
tau       	3.11e+00	+3.10e+00	-1.93e+00
avg_mag   	1.90e+01	+3.04e-02	-2.82e-02
Process Started on 2014-04-07 04:27:23.663002
It is currently    2014-04-07 04:34:20.138298
