
SIMULATION PARAMETERS
Namespace(avg_mag=19.0, delay=1.5, delta_mag=0.3, numorbits=40, outputtag='hubble_sim_r1105', photometricerror=0.05, redshift=0.658, sigma=0.07, tau=121.0)

Process Started on 2014-04-07 02:53:03.655882
The output_tag for this run is: hubble_sim_r1105_2014_04_07_02:53

CRUDE LIGHT CURVE PARAMETERS
----------------------------
parameter lc1   	lc2
----------------------------
sigma     +0.31 	+0.45
tau       +0.02 	+0.04
avg_mag   +19.51 	+19.85


BEGINNING LIGHT CURVE PARAMETER OPTIMIZATION

Optimization terminated successfully.
         Current function value: -406.524772
         Iterations: 57
         Function evaluations: 106
Optimization terminated successfully.
         Current function value: -407.852757
         Iterations: 118
         Function evaluations: 215

OPTIMIZED LIGHT CURVE PARAMETERS
--------------------------------
parameter lc1   	lc2
--------------------------------
sigma     +0.00 	+0.05
tau       +0.03 	+2.44
avg_mag   +19.51 	+19.87


Process Started on 2014-04-07 02:53:03.655882
It is now          2014-04-07 02:53:04.242033

time series is 2.51 days long
with  106 data points
The most common sample time distance is 0.01 days within the range of [0.02,0.01] days

1% done
10% done
25% done
50% done
75% done
DONE

Process Started on 2014-04-07 02:53:03.655882
It is now          2014-04-07 02:53:04.552479

BEST DELAY=-7.57339e-01

INITIAL PARAMETERS (average of lc1 and lc2)
-------------------------------------------
delay      = -0.76
delta_mag  = 0.36
avg_mag    = 19.51
tau        = 1.24
sigma      = 0.02

Optimization terminated successfully.
         Current function value: -801.700596
         Iterations: 111
         Function evaluations: 198

INITIAL PARAMETERS (optimization of merged light curve)
-------------------------------------------------------
delay      = -0.76
delta_mag  = 0.36
avg_mag    = 19.49
tau        = 1.00
sigma      = 0.05


-------------
RUNNING EMCEE
-------------

pos
sampler
Process Started on 2014-04-07 02:53:03.655882
It is currently    2014-04-07 02:53:06.216558
burn-in sampler.run_mcmc
	Mean acceptance fraction: 0.586
	Errors based on 16th, 50th, and 84th percentile
	Param     	MC_rec	err_up	err_low
	delay     	-7.74e-01	+5.19e-02	-6.96e-02
	delta_mag 	3.63e-01	+6.40e-03	-6.97e-03
	sigma     	4.97e-02	+1.07e-02	-8.09e-03
	tau       	1.03e+00	+2.20e-01	-1.31e-01
	avg_mag   	1.95e+01	+1.86e-02	-2.13e-02
Process Started on 2014-04-07 02:53:03.655882
It is currently    2014-04-07 02:53:51.786828
sampler.run_mcmc
Process Started on 2014-04-07 02:53:03.655882
It is currently    2014-04-07 02:58:47.280916
sampler.chain
90000
Mean acceptance fraction: 0.284
Errors based on 16th, 50th, and 84th percentile
Param     	MC_rec	err_up	err_low
delay     	-8.61e-01	+1.37e-01	-1.12e+00
delta_mag 	3.68e-01	+4.16e-02	-1.19e-02
sigma     	4.59e-02	+8.92e-03	-6.93e-03
tau       	3.89e+00	+4.27e+00	-2.32e+00
avg_mag   	1.95e+01	+4.45e-02	-4.74e-02
Process Started on 2014-04-07 02:53:03.655882
It is currently    2014-04-07 02:58:53.474317
