
SIMULATION PARAMETERS
Namespace(avg_mag=19.0, delay=1.5, delta_mag=0.3, numorbits=40, outputtag='hubble_sim_r1102', photometricerror=0.05, redshift=0.658, sigma=0.07, tau=121.0)

Process Started on 2014-04-07 02:50:03.038386
The output_tag for this run is: hubble_sim_r1102_2014_04_07_02:50

CRUDE LIGHT CURVE PARAMETERS
----------------------------
parameter lc1   	lc2
----------------------------
sigma     +0.52 	+1.44
tau       +0.00 	+0.00
avg_mag   +19.76 	+20.07


BEGINNING LIGHT CURVE PARAMETER OPTIMIZATION

Optimization terminated successfully.
         Current function value: -443.487515
         Iterations: 53
         Function evaluations: 102
Optimization terminated successfully.
         Current function value: -370.975377
         Iterations: 61
         Function evaluations: 114

OPTIMIZED LIGHT CURVE PARAMETERS
--------------------------------
parameter lc1   	lc2
--------------------------------
sigma     +0.00 	+0.00
tau       +0.01 	+0.00
avg_mag   +19.76 	+20.07


Process Started on 2014-04-07 02:50:03.038386
It is now          2014-04-07 02:50:03.443164

time series is 2.51 days long
with  112 data points
The most common sample time distance is 0.01 days within the range of [0.02,0.01] days

1% done
10% done
25% done
50% done
75% done
DONE

Process Started on 2014-04-07 02:50:03.038386
It is now          2014-04-07 02:50:03.758764

BEST DELAY=7.44683e-01

INITIAL PARAMETERS (average of lc1 and lc2)
-------------------------------------------
delay      = 0.74
delta_mag  = 0.31
avg_mag    = 19.76
tau        = 0.00
sigma      = 0.00

Optimization terminated successfully.
         Current function value: -872.508067
         Iterations: 103
         Function evaluations: 185

INITIAL PARAMETERS (optimization of merged light curve)
-------------------------------------------------------
delay      = 0.74
delta_mag  = 0.31
avg_mag    = 19.78
tau        = 1.43
sigma      = 0.04


-------------
RUNNING EMCEE
-------------

pos
sampler
Process Started on 2014-04-07 02:50:03.038386
It is currently    2014-04-07 02:50:05.444305
burn-in sampler.run_mcmc
	Mean acceptance fraction: 0.582
	Errors based on 16th, 50th, and 84th percentile
	Param     	MC_rec	err_up	err_low
	delay     	7.96e-01	+1.02e-01	-6.91e-02
	delta_mag 	2.97e-01	+6.23e-03	-6.74e-03
	sigma     	4.39e-02	+8.83e-03	-7.25e-03
	tau       	1.44e+00	+1.18e-01	-9.36e-02
	avg_mag   	1.98e+01	+1.95e-02	-2.16e-02
Process Started on 2014-04-07 02:50:03.038386
It is currently    2014-04-07 02:50:51.918445
sampler.run_mcmc
Process Started on 2014-04-07 02:50:03.038386
It is currently    2014-04-07 02:56:47.286587
sampler.chain
90000
Mean acceptance fraction: 0.487
Errors based on 16th, 50th, and 84th percentile
Param     	MC_rec	err_up	err_low
delay     	1.51e+00	+1.63e-01	-1.57e-01
delta_mag 	2.95e-01	+7.00e-03	-7.35e-03
sigma     	3.88e-02	+6.93e-03	-5.94e-03
tau       	6.22e+00	+5.19e+00	-3.68e+00
avg_mag   	1.98e+01	+4.46e-02	-3.73e-02
Process Started on 2014-04-07 02:50:03.038386
It is currently    2014-04-07 02:56:53.433979
