
SIMULATION PARAMETERS
Namespace(avg_mag=19.0, delay=1.5, delta_mag=0.3, numorbits=80, outputtag='hubble_sim_r140', photometricerror=0.05, redshift=0.658, sigma=0.07, tau=121.0)

Process Started on 2014-04-06 22:15:51.907675
The output_tag for this run is: hubble_sim_r140_2014_04_06_22:15

CRUDE LIGHT CURVE PARAMETERS
----------------------------
parameter lc1   	lc2
----------------------------
sigma     +0.49 	+0.75
tau       +0.05 	+0.04
avg_mag   +18.20 	+18.52


BEGINNING LIGHT CURVE PARAMETER OPTIMIZATION

Optimization terminated successfully.
         Current function value: -810.439732
         Iterations: 129
         Function evaluations: 225
Optimization terminated successfully.
         Current function value: -813.461013
         Iterations: 151
         Function evaluations: 260

OPTIMIZED LIGHT CURVE PARAMETERS
--------------------------------
parameter lc1   	lc2
--------------------------------
sigma     +0.05 	+0.05
tau       +2.58 	+10.50
avg_mag   +18.23 	+18.56


Process Started on 2014-04-06 22:15:51.907675
It is now          2014-04-06 22:15:54.953116

time series is 5.00 days long
with  211 data points
The most common sample time distance is 0.01 days within the range of [0.01,0.02] days

1% done
10% done
25% done
50% done
75% done
DONE

Process Started on 2014-04-06 22:15:51.907675
It is now          2014-04-06 22:15:56.007835

BEST DELAY=1.49903e+00

INITIAL PARAMETERS (average of lc1 and lc2)
-------------------------------------------
delay      = 1.50
delta_mag  = 0.33
avg_mag    = 18.23
tau        = 6.54
sigma      = 0.05

Optimization terminated successfully.
         Current function value: -1614.675125
         Iterations: 113
         Function evaluations: 208

INITIAL PARAMETERS (optimization of merged light curve)
-------------------------------------------------------
delay      = 1.50
delta_mag  = 0.33
avg_mag    = 18.28
tau        = 4.57
sigma      = 0.06


-------------
RUNNING EMCEE
-------------

pos
sampler
Process Started on 2014-04-06 22:15:51.907675
It is currently    2014-04-06 22:16:00.870611
burn-in sampler.run_mcmc
	Mean acceptance fraction: 0.574
	Errors based on 16th, 50th, and 84th percentile
	Param     	MC_rec	err_up	err_low
	delay     	1.51e+00	+4.20e-02	-3.51e-02
	delta_mag 	3.02e-01	+4.01e-03	-4.97e-03
	sigma     	5.55e-02	+6.06e-03	-5.46e-03
	tau       	4.61e+00	+3.60e-01	-2.81e-01
	avg_mag   	1.83e+01	+5.06e-02	-4.19e-02
Process Started on 2014-04-06 22:15:51.907675
It is currently    2014-04-06 22:18:29.559260
sampler.run_mcmc
Process Started on 2014-04-06 22:15:51.907675
It is currently    2014-04-06 22:32:25.247556
sampler.chain
90000
Mean acceptance fraction: 0.515
Errors based on 16th, 50th, and 84th percentile
Param     	MC_rec	err_up	err_low
delay     	1.51e+00	+3.72e-02	-3.16e-02
delta_mag 	3.00e-01	+4.12e-03	-4.07e-03
sigma     	5.40e-02	+5.25e-03	-4.94e-03
tau       	1.81e+01	+1.73e+01	-1.10e+01
avg_mag   	1.83e+01	+1.09e-01	-9.08e-02
Process Started on 2014-04-06 22:15:51.907675
It is currently    2014-04-06 22:32:35.789474
