
SIMULATION PARAMETERS
Namespace(avg_mag=19.0, delay=1.5, delta_mag=0.3, numorbits=80, outputtag='hubble_sim_r48', photometricerror=0.02, redshift=0.658, sigma=0.07, tau=121.0)

Process Started on 2014-04-06 20:37:38.150133
The output_tag for this run is: hubble_sim_r48_2014_04_06_20:37

CRUDE LIGHT CURVE PARAMETERS
----------------------------
parameter lc1   	lc2
----------------------------
sigma     +0.59 	+0.25
tau       +0.04 	+0.43
avg_mag   +19.54 	+19.81


BEGINNING LIGHT CURVE PARAMETER OPTIMIZATION

Optimization terminated successfully.
         Current function value: -1176.369450
         Iterations: 147
         Function evaluations: 260
Optimization terminated successfully.
         Current function value: -1186.901795
         Iterations: 112
         Function evaluations: 198

OPTIMIZED LIGHT CURVE PARAMETERS
--------------------------------
parameter lc1   	lc2
--------------------------------
sigma     +0.05 	+0.05
tau       +8.51 	+1.61
avg_mag   +19.57 	+19.83


Process Started on 2014-04-06 20:37:38.150133
It is now          2014-04-06 20:37:41.180222

time series is 5.00 days long
with  223 data points
The most common sample time distance is 0.01 days within the range of [0.01,0.01] days

1% done
10% done
25% done
50% done
75% done
DONE

Process Started on 2014-04-06 20:37:38.150133
It is now          2014-04-06 20:37:42.286091

BEST DELAY=1.49921e+00

INITIAL PARAMETERS (average of lc1 and lc2)
-------------------------------------------
delay      = 1.50
delta_mag  = 0.26
avg_mag    = 19.57
tau        = 5.06
sigma      = 0.05

Optimization terminated successfully.
         Current function value: -2102.086938
         Iterations: 121
         Function evaluations: 226

INITIAL PARAMETERS (optimization of merged light curve)
-------------------------------------------------------
delay      = 1.50
delta_mag  = 0.26
avg_mag    = 19.61
tau        = 4.22
sigma      = 0.05


-------------
RUNNING EMCEE
-------------

pos
sampler
Process Started on 2014-04-06 20:37:38.150133
It is currently    2014-04-06 20:37:47.247745
burn-in sampler.run_mcmc
	Mean acceptance fraction: 0.534
	Errors based on 16th, 50th, and 84th percentile
	Param     	MC_rec	err_up	err_low
	delay     	1.51e+00	+8.98e-03	-8.19e-03
	delta_mag 	2.99e-01	+2.30e-03	-2.77e-03
	sigma     	4.73e-02	+3.78e-03	-3.01e-03
	tau       	4.23e+00	+5.51e-02	-5.37e-02
	avg_mag   	1.96e+01	+3.66e-02	-3.32e-02
Process Started on 2014-04-06 20:37:38.150133
It is currently    2014-04-06 20:40:02.907939
sampler.run_mcmc
Process Started on 2014-04-06 20:37:38.150133
It is currently    2014-04-06 20:57:33.698947
sampler.chain
90000
Mean acceptance fraction: 0.513
Errors based on 16th, 50th, and 84th percentile
Param     	MC_rec	err_up	err_low
delay     	1.50e+00	+7.23e-03	-6.64e-03
delta_mag 	3.00e-01	+1.65e-03	-1.63e-03
sigma     	4.66e-02	+3.04e-03	-2.89e-03
tau       	1.74e+01	+1.57e+01	-1.08e+01
avg_mag   	1.96e+01	+9.53e-02	-7.85e-02
Process Started on 2014-04-06 20:37:38.150133
It is currently    2014-04-06 20:57:44.581496
