
SIMULATION PARAMETERS
Namespace(avg_mag=19.0, delay=1.5, delta_mag=0.3, numorbits=80, outputtag='hubble_sim_r233', photometricerror=0.1, redshift=0.658, sigma=0.07, tau=121.0)

Process Started on 2014-04-06 23:56:23.612823
The output_tag for this run is: hubble_sim_r233_2014_04_06_23:56

CRUDE LIGHT CURVE PARAMETERS
----------------------------
parameter lc1   	lc2
----------------------------
sigma     +0.40 	+0.84
tau       +0.02 	+0.03
avg_mag   +20.04 	+20.28


BEGINNING LIGHT CURVE PARAMETER OPTIMIZATION

Optimization terminated successfully.
         Current function value: -556.383393
         Iterations: 58
         Function evaluations: 106
Optimization terminated successfully.
         Current function value: -540.166225
         Iterations: 148
         Function evaluations: 257

OPTIMIZED LIGHT CURVE PARAMETERS
--------------------------------
parameter lc1   	lc2
--------------------------------
sigma     +0.00 	+0.06
tau       +0.02 	+6.28
avg_mag   +20.04 	+20.25


Process Started on 2014-04-06 23:56:23.612823
It is now          2014-04-06 23:56:25.857275

time series is 5.00 days long
with  209 data points
The most common sample time distance is 0.03 days within the range of [0.02,0.04] days

1% done
10% done
25% done
50% done
75% done
DONE

Process Started on 2014-04-06 23:56:23.612823
It is now          2014-04-06 23:56:26.904323

BEST DELAY=-2.50048e+00

INITIAL PARAMETERS (average of lc1 and lc2)
-------------------------------------------
delay      = -2.50
delta_mag  = 0.21
avg_mag    = 20.04
tau        = 3.15
sigma      = 0.03

Optimization terminated successfully.
         Current function value: -1066.055278
         Iterations: 122
         Function evaluations: 227

INITIAL PARAMETERS (optimization of merged light curve)
-------------------------------------------------------
delay      = -2.50
delta_mag  = 0.21
avg_mag    = 20.06
tau        = 3.97
sigma      = 0.04


-------------
RUNNING EMCEE
-------------

pos
sampler
Process Started on 2014-04-06 23:56:23.612823
It is currently    2014-04-06 23:56:31.401060
burn-in sampler.run_mcmc
	Mean acceptance fraction: 0.576
	Errors based on 16th, 50th, and 84th percentile
	Param     	MC_rec	err_up	err_low
	delay     	-3.63e+00	+7.24e-01	-4.17e-01
	delta_mag 	1.22e-01	+3.80e-02	-3.29e-02
	sigma     	5.58e-02	+1.01e-02	-9.25e-03
	tau       	5.09e+00	+9.77e-01	-8.21e-01
	avg_mag   	2.01e+01	+5.31e-02	-6.12e-02
Process Started on 2014-04-06 23:56:23.612823
It is currently    2014-04-06 23:58:45.341613
sampler.run_mcmc
Process Started on 2014-04-06 23:56:23.612823
It is currently    2014-04-07 00:13:30.175275
sampler.chain
90000
Mean acceptance fraction: 0.511
Errors based on 16th, 50th, and 84th percentile
Param     	MC_rec	err_up	err_low
delay     	-4.12e+00	+2.51e-01	-3.90e-01
delta_mag 	7.63e-02	+1.94e-02	-2.32e-02
sigma     	5.13e-02	+7.23e-03	-6.20e-03
tau       	2.16e+01	+1.21e+01	-1.16e+01
avg_mag   	2.01e+01	+1.07e-01	-9.79e-02
Process Started on 2014-04-06 23:56:23.612823
It is currently    2014-04-07 00:13:40.128035
