
SIMULATION PARAMETERS
Namespace(avg_mag=19.0, delay=1.5, delta_mag=0.3, numorbits=40, outputtag='hubble_sim_r1255', photometricerror=0.1, redshift=0.658, sigma=0.07, tau=121.0)

Process Started on 2014-04-07 05:23:35.240726
The output_tag for this run is: hubble_sim_r1255_2014_04_07_05:23

CRUDE LIGHT CURVE PARAMETERS
----------------------------
parameter lc1   	lc2
----------------------------
sigma     +0.37 	+0.25
tau       +0.08 	+0.07
avg_mag   +19.01 	+19.30


BEGINNING LIGHT CURVE PARAMETER OPTIMIZATION

Optimization terminated successfully.
         Current function value: -282.812376
         Iterations: 108
         Function evaluations: 187
Optimization terminated successfully.
         Current function value: -288.455185
         Iterations: 48
         Function evaluations: 94

OPTIMIZED LIGHT CURVE PARAMETERS
--------------------------------
parameter lc1   	lc2
--------------------------------
sigma     +0.06 	+0.00
tau       +0.97 	+0.09
avg_mag   +19.02 	+19.30


Process Started on 2014-04-07 05:23:35.240726
It is now          2014-04-07 05:23:35.747451

time series is 2.50 days long
with  108 data points
The most common sample time distance is 0.01 days within the range of [0.02,0.01] days

1% done
10% done
25% done
50% done
75% done
DONE

Process Started on 2014-04-07 05:23:35.240726
It is now          2014-04-07 05:23:36.060886

BEST DELAY=-1.15076e+00

INITIAL PARAMETERS (average of lc1 and lc2)
-------------------------------------------
delay      = -1.15
delta_mag  = 0.28
avg_mag    = 19.02
tau        = 0.53
sigma      = 0.03

Optimization terminated successfully.
         Current function value: -572.648653
         Iterations: 85
         Function evaluations: 151

INITIAL PARAMETERS (optimization of merged light curve)
-------------------------------------------------------
delay      = -1.15
delta_mag  = 0.28
avg_mag    = 19.01
tau        = 0.77
sigma      = 0.04


-------------
RUNNING EMCEE
-------------

pos
sampler
Process Started on 2014-04-07 05:23:35.240726
It is currently    2014-04-07 05:23:37.596977
burn-in sampler.run_mcmc
	Mean acceptance fraction: 0.584
	Errors based on 16th, 50th, and 84th percentile
	Param     	MC_rec	err_up	err_low
	delay     	-1.17e+00	+1.49e-01	-1.73e-01
	delta_mag 	2.75e-01	+1.35e-02	-1.35e-02
	sigma     	4.78e-02	+1.41e-02	-1.20e-02
	tau       	8.50e-01	+4.05e-01	-2.62e-01
	avg_mag   	1.90e+01	+1.66e-02	-1.57e-02
Process Started on 2014-04-07 05:23:35.240726
It is currently    2014-04-07 05:24:21.557727
sampler.run_mcmc
Process Started on 2014-04-07 05:23:35.240726
It is currently    2014-04-07 05:30:06.834658
sampler.chain
90000
Mean acceptance fraction: 0.506
Errors based on 16th, 50th, and 84th percentile
Param     	MC_rec	err_up	err_low
delay     	-1.41e+00	+2.94e-01	-3.33e-01
delta_mag 	2.62e-01	+1.85e-02	-2.28e-02
sigma     	4.39e-02	+1.11e-02	-9.66e-03
tau       	2.61e+00	+2.90e+00	-1.50e+00
avg_mag   	1.90e+01	+2.99e-02	-2.82e-02
Process Started on 2014-04-07 05:23:35.240726
It is currently    2014-04-07 05:30:13.011687
