
SIMULATION PARAMETERS
Namespace(avg_mag=19.0, delay=1.5, delta_mag=0.3, numorbits=80, outputtag='hubble_sim_r2', photometricerror=0.02, redshift=0.658, sigma=0.07, tau=121.0)

Process Started on 2014-04-06 19:53:01.907342
The output_tag for this run is: hubble_sim_r2_2014_04_06_19:53

CRUDE LIGHT CURVE PARAMETERS
----------------------------
parameter lc1   	lc2
----------------------------
sigma     +0.67 	+0.75
tau       +0.02 	+0.02
avg_mag   +19.22 	+19.58


BEGINNING LIGHT CURVE PARAMETER OPTIMIZATION

Optimization terminated successfully.
         Current function value: -1140.993887
         Iterations: 155
         Function evaluations: 278
Optimization terminated successfully.
         Current function value: -1138.912596
         Iterations: 142
         Function evaluations: 256

OPTIMIZED LIGHT CURVE PARAMETERS
--------------------------------
parameter lc1   	lc2
--------------------------------
sigma     +0.05 	+0.05
tau       +5.38 	+6.55
avg_mag   +19.22 	+19.59


Process Started on 2014-04-06 19:53:01.907342
It is now          2014-04-06 19:53:03.812751

time series is 5.01 days long
with  217 data points
The most common sample time distance is 0.03 days within the range of [0.02,0.04] days

1% done
10% done
25% done
50% done
75% done
DONE

Process Started on 2014-04-06 19:53:01.907342
It is now          2014-04-06 19:53:04.437023

BEST DELAY=-4.02905e-01

INITIAL PARAMETERS (average of lc1 and lc2)
-------------------------------------------
delay      = -0.40
delta_mag  = 0.37
avg_mag    = 19.22
tau        = 5.97
sigma      = 0.05

Optimization terminated successfully.
         Current function value: -1942.241966
         Iterations: 176
         Function evaluations: 309

INITIAL PARAMETERS (optimization of merged light curve)
-------------------------------------------------------
delay      = -0.40
delta_mag  = 0.37
avg_mag    = 19.21
tau        = 5.11
sigma      = 0.05


-------------
RUNNING EMCEE
-------------

pos
sampler
Process Started on 2014-04-06 19:53:01.907342
It is currently    2014-04-06 19:53:07.611847
burn-in sampler.run_mcmc
	Mean acceptance fraction: 0.510
	Errors based on 16th, 50th, and 84th percentile
	Param     	MC_rec	err_up	err_low
	delay     	-3.95e-01	+5.59e-02	-7.78e-03
	delta_mag 	3.69e-01	+2.09e-03	-2.06e-03
	sigma     	4.97e-02	+6.45e-03	-6.24e-03
	tau       	5.12e+00	+2.15e-01	-1.83e-01
	avg_mag   	1.92e+01	+4.42e-02	-3.67e-02
Process Started on 2014-04-06 19:53:01.907342
It is currently    2014-04-06 19:54:35.074945
sampler.run_mcmc
Process Started on 2014-04-06 19:53:01.907342
It is currently    2014-04-06 20:14:13.292134
sampler.chain
90000
Mean acceptance fraction: 0.389
Errors based on 16th, 50th, and 84th percentile
Param     	MC_rec	err_up	err_low
delay     	-3.40e-01	+5.64e-02	-4.99e-03
delta_mag 	3.67e-01	+1.68e-03	-1.88e-03
sigma     	5.05e-02	+5.31e-03	-4.29e-03
tau       	1.64e+01	+2.03e+01	-1.06e+01
avg_mag   	1.92e+01	+9.28e-02	-8.80e-02
Process Started on 2014-04-06 19:53:01.907342
It is currently    2014-04-06 20:14:23.974525
