
SIMULATION PARAMETERS
Namespace(avg_mag=19.0, delay=1.5, delta_mag=0.3, numorbits=80, outputtag='hubble_sim_r175', photometricerror=0.05, redshift=0.658, sigma=0.07, tau=121.0)

Process Started on 2014-04-06 22:53:04.038031
The output_tag for this run is: hubble_sim_r175_2014_04_06_22:53

CRUDE LIGHT CURVE PARAMETERS
----------------------------
parameter lc1   	lc2
----------------------------
sigma     +0.50 	+0.51
tau       +0.13 	+0.02
avg_mag   +19.96 	+20.31


BEGINNING LIGHT CURVE PARAMETER OPTIMIZATION

Optimization terminated successfully.
         Current function value: -850.993712
         Iterations: 155
         Function evaluations: 273
Optimization terminated successfully.
         Current function value: -844.981332
         Iterations: 143
         Function evaluations: 256

OPTIMIZED LIGHT CURVE PARAMETERS
--------------------------------
parameter lc1   	lc2
--------------------------------
sigma     +0.04 	+0.05
tau       +6.51 	+3.05
avg_mag   +19.97 	+20.29


Process Started on 2014-04-06 22:53:04.038031
It is now          2014-04-06 22:53:07.473239

time series is 5.00 days long
with  220 data points
The most common sample time distance is 0.02 days within the range of [0.01,0.03] days

1% done
10% done
25% done
50% done
75% done
DONE

Process Started on 2014-04-06 22:53:04.038031
It is now          2014-04-06 22:53:08.530283

BEST DELAY=1.39785e+00

INITIAL PARAMETERS (average of lc1 and lc2)
-------------------------------------------
delay      = 1.40
delta_mag  = 0.32
avg_mag    = 19.97
tau        = 4.78
sigma      = 0.04

Optimization terminated successfully.
         Current function value: -1713.154776
         Iterations: 128
         Function evaluations: 231

INITIAL PARAMETERS (optimization of merged light curve)
-------------------------------------------------------
delay      = 1.40
delta_mag  = 0.32
avg_mag    = 19.96
tau        = 4.91
sigma      = 0.04


-------------
RUNNING EMCEE
-------------

pos
sampler
Process Started on 2014-04-06 22:53:04.038031
It is currently    2014-04-06 22:53:13.439330
burn-in sampler.run_mcmc
	Mean acceptance fraction: 0.582
	Errors based on 16th, 50th, and 84th percentile
	Param     	MC_rec	err_up	err_low
	delay     	1.47e+00	+3.55e-02	-4.37e-02
	delta_mag 	3.02e-01	+5.09e-03	-5.18e-03
	sigma     	4.53e-02	+7.06e-03	-5.30e-03
	tau       	4.92e+00	+2.94e-01	-3.02e-01
	avg_mag   	2.00e+01	+4.04e-02	-4.15e-02
Process Started on 2014-04-06 22:53:04.038031
It is currently    2014-04-06 22:55:45.813431
sampler.run_mcmc
Process Started on 2014-04-06 22:53:04.038031
It is currently    2014-04-06 23:12:53.929509
sampler.chain
90000
Mean acceptance fraction: 0.516
Errors based on 16th, 50th, and 84th percentile
Param     	MC_rec	err_up	err_low
delay     	1.49e+00	+2.99e-02	-3.22e-02
delta_mag 	3.01e-01	+4.25e-03	-4.22e-03
sigma     	4.34e-02	+5.54e-03	-4.88e-03
tau       	1.73e+01	+1.97e+01	-1.10e+01
avg_mag   	2.00e+01	+7.68e-02	-8.03e-02
Process Started on 2014-04-06 22:53:04.038031
It is currently    2014-04-06 23:13:01.868179
