
SIMULATION PARAMETERS
Namespace(avg_mag=19.0, delay=1.5, delta_mag=0.3, numorbits=80, outputtag='hubble_sim_r157', photometricerror=0.05, redshift=0.658, sigma=0.07, tau=121.0)

Process Started on 2014-04-06 22:34:57.896593
The output_tag for this run is: hubble_sim_r157_2014_04_06_22:34

CRUDE LIGHT CURVE PARAMETERS
----------------------------
parameter lc1   	lc2
----------------------------
sigma     +0.51 	+0.74
tau       +0.05 	+0.06
avg_mag   +18.96 	+19.29


BEGINNING LIGHT CURVE PARAMETER OPTIMIZATION

Optimization terminated successfully.
         Current function value: -822.578122
         Iterations: 121
         Function evaluations: 217
Optimization terminated successfully.
         Current function value: -826.694521
         Iterations: 132
         Function evaluations: 234

OPTIMIZED LIGHT CURVE PARAMETERS
--------------------------------
parameter lc1   	lc2
--------------------------------
sigma     +0.06 	+0.06
tau       +1.71 	+4.80
avg_mag   +18.98 	+19.33


Process Started on 2014-04-06 22:34:57.896593
It is now          2014-04-06 22:35:00.697536

time series is 5.00 days long
with  216 data points
The most common sample time distance is 0.01 days within the range of [0.01,0.01] days

1% done
10% done
25% done
50% done
75% done
DONE

Process Started on 2014-04-06 22:34:57.896593
It is now          2014-04-06 22:35:01.751345

BEST DELAY=1.49884e+00

INITIAL PARAMETERS (average of lc1 and lc2)
-------------------------------------------
delay      = 1.50
delta_mag  = 0.35
avg_mag    = 18.98
tau        = 3.25
sigma      = 0.06

Optimization terminated successfully.
         Current function value: -1607.091243
         Iterations: 114
         Function evaluations: 205

INITIAL PARAMETERS (optimization of merged light curve)
-------------------------------------------------------
delay      = 1.50
delta_mag  = 0.35
avg_mag    = 18.99
tau        = 3.32
sigma      = 0.06


-------------
RUNNING EMCEE
-------------

pos
sampler
Process Started on 2014-04-06 22:34:57.896593
It is currently    2014-04-06 22:35:06.390792
burn-in sampler.run_mcmc
	Mean acceptance fraction: 0.566
	Errors based on 16th, 50th, and 84th percentile
	Param     	MC_rec	err_up	err_low
	delay     	1.50e+00	+2.73e-02	-2.97e-02
	delta_mag 	3.03e-01	+5.34e-03	-4.78e-03
	sigma     	5.88e-02	+6.26e-03	-6.11e-03
	tau       	3.29e+00	+1.92e-01	-1.70e-01
	avg_mag   	1.90e+01	+3.37e-02	-3.79e-02
Process Started on 2014-04-06 22:34:57.896593
It is currently    2014-04-06 22:37:19.334620
sampler.run_mcmc
Process Started on 2014-04-06 22:34:57.896593
It is currently    2014-04-06 22:53:55.525747
sampler.chain
90000
Mean acceptance fraction: 0.516
Errors based on 16th, 50th, and 84th percentile
Param     	MC_rec	err_up	err_low
delay     	1.50e+00	+2.20e-02	-2.27e-02
delta_mag 	3.00e-01	+4.13e-03	-4.09e-03
sigma     	5.52e-02	+5.56e-03	-4.86e-03
tau       	1.33e+01	+1.27e+01	-8.30e+00
avg_mag   	1.90e+01	+8.95e-02	-7.71e-02
Process Started on 2014-04-06 22:34:57.896593
It is currently    2014-04-06 22:54:04.145894
