
SIMULATION PARAMETERS
Namespace(avg_mag=19.0, delay=1.5, delta_mag=0.3, numorbits=80, outputtag='hubble_sim_r132', photometricerror=0.05, redshift=0.658, sigma=0.07, tau=121.0)

Process Started on 2014-04-06 22:07:49.398198
The output_tag for this run is: hubble_sim_r132_2014_04_06_22:07

CRUDE LIGHT CURVE PARAMETERS
----------------------------
parameter lc1   	lc2
----------------------------
sigma     +0.28 	+0.58
tau       +0.03 	+0.03
avg_mag   +18.91 	+19.25


BEGINNING LIGHT CURVE PARAMETER OPTIMIZATION

Optimization terminated successfully.
         Current function value: -834.202923
         Iterations: 127
         Function evaluations: 233
Optimization terminated successfully.
         Current function value: -822.301457
         Iterations: 162
         Function evaluations: 295

OPTIMIZED LIGHT CURVE PARAMETERS
--------------------------------
parameter lc1   	lc2
--------------------------------
sigma     +0.04 	+0.05
tau       +0.89 	+5.60
avg_mag   +18.91 	+19.29


Process Started on 2014-04-06 22:07:49.398198
It is now          2014-04-06 22:07:52.767576

time series is 5.00 days long
with  214 data points
The most common sample time distance is 0.01 days within the range of [0.01,0.01] days

1% done
10% done
25% done
50% done
75% done
DONE

Process Started on 2014-04-06 22:07:49.398198
It is now          2014-04-06 22:07:53.807923

BEST DELAY=-2.50030e+00

INITIAL PARAMETERS (average of lc1 and lc2)
-------------------------------------------
delay      = -2.50
delta_mag  = 0.38
avg_mag    = 18.91
tau        = 3.25
sigma      = 0.04

Optimization terminated successfully.
         Current function value: -1618.959953
         Iterations: 125
         Function evaluations: 222

INITIAL PARAMETERS (optimization of merged light curve)
-------------------------------------------------------
delay      = -2.50
delta_mag  = 0.38
avg_mag    = 18.89
tau        = 2.59
sigma      = 0.05


-------------
RUNNING EMCEE
-------------

pos
sampler
Process Started on 2014-04-06 22:07:49.398198
It is currently    2014-04-06 22:07:58.335440
burn-in sampler.run_mcmc
	Mean acceptance fraction: 0.571
	Errors based on 16th, 50th, and 84th percentile
	Param     	MC_rec	err_up	err_low
	delay     	-2.92e+00	+2.15e-01	-1.50e-01
	delta_mag 	3.89e-01	+1.14e-02	-1.19e-02
	sigma     	4.81e-02	+6.76e-03	-6.74e-03
	tau       	2.50e+00	+1.33e-01	-1.56e-01
	avg_mag   	1.89e+01	+3.03e-02	-3.03e-02
Process Started on 2014-04-06 22:07:49.398198
It is currently    2014-04-06 22:10:23.845584
sampler.run_mcmc
Process Started on 2014-04-06 22:07:49.398198
It is currently    2014-04-06 22:30:15.504664
sampler.chain
90000
Mean acceptance fraction: 0.499
Errors based on 16th, 50th, and 84th percentile
Param     	MC_rec	err_up	err_low
delay     	-4.60e+00	+4.63e-01	-1.82e-01
delta_mag 	4.94e-01	+2.05e-02	-3.70e-02
sigma     	4.31e-02	+4.98e-03	-4.65e-03
tau       	1.57e+01	+6.92e+00	-8.12e+00
avg_mag   	1.89e+01	+6.30e-02	-7.26e-02
Process Started on 2014-04-06 22:07:49.398198
It is currently    2014-04-06 22:30:26.150963
