
SIMULATION PARAMETERS
Namespace(avg_mag=19.0, delay=1.5, delta_mag=0.3, numorbits=40, outputtag='hubble_sim_r1228', photometricerror=0.1, redshift=0.658, sigma=0.07, tau=121.0)

Process Started on 2014-04-07 04:56:29.601009
The output_tag for this run is: hubble_sim_r1228_2014_04_07_04:56

CRUDE LIGHT CURVE PARAMETERS
----------------------------
parameter lc1   	lc2
----------------------------
sigma     +0.21 	+0.24
tau       +0.28 	+0.13
avg_mag   +18.38 	+18.68


BEGINNING LIGHT CURVE PARAMETER OPTIMIZATION

Optimization terminated successfully.
         Current function value: -294.216807
         Iterations: 55
         Function evaluations: 107
Optimization terminated successfully.
         Current function value: -292.946008
         Iterations: 111
         Function evaluations: 196

OPTIMIZED LIGHT CURVE PARAMETERS
--------------------------------
parameter lc1   	lc2
--------------------------------
sigma     +0.00 	+0.03
tau       +0.33 	+0.50
avg_mag   +18.38 	+18.68


Process Started on 2014-04-07 04:56:29.601009
It is now          2014-04-07 04:56:30.167314

time series is 2.51 days long
with  110 data points
The most common sample time distance is 0.01 days within the range of [0.02,0.01] days

1% done
10% done
25% done
50% done
75% done
DONE

Process Started on 2014-04-07 04:56:29.601009
It is now          2014-04-07 04:56:30.485879

BEST DELAY=-1.25624e+00

INITIAL PARAMETERS (average of lc1 and lc2)
-------------------------------------------
delay      = -1.26
delta_mag  = 0.31
avg_mag    = 18.38
tau        = 0.41
sigma      = 0.01

Optimization terminated successfully.
         Current function value: -588.107684
         Iterations: 52
         Function evaluations: 100

INITIAL PARAMETERS (optimization of merged light curve)
-------------------------------------------------------
delay      = -1.26
delta_mag  = 0.31
avg_mag    = 18.38
tau        = 0.45
sigma      = 0.03


-------------
RUNNING EMCEE
-------------

pos
sampler
Process Started on 2014-04-07 04:56:29.601009
It is currently    2014-04-07 04:56:31.884192
burn-in sampler.run_mcmc
	Mean acceptance fraction: 0.568
	Errors based on 16th, 50th, and 84th percentile
	Param     	MC_rec	err_up	err_low
	delay     	-1.25e+00	+2.55e-01	-3.42e-01
	delta_mag 	3.05e-01	+1.43e-02	-1.11e-02
	sigma     	3.67e-02	+1.62e-02	-1.79e-02
	tau       	5.02e-01	+2.88e-01	-2.08e-01
	avg_mag   	1.84e+01	+1.16e-02	-1.19e-02
Process Started on 2014-04-07 04:56:29.601009
It is currently    2014-04-07 04:57:14.360800
sampler.run_mcmc
Process Started on 2014-04-07 04:56:29.601009
It is currently    2014-04-07 05:02:32.423881
sampler.chain
90000
Mean acceptance fraction: 0.476
Errors based on 16th, 50th, and 84th percentile
Param     	MC_rec	err_up	err_low
delay     	-1.44e+00	+4.47e-01	-5.98e-01
delta_mag 	3.09e-01	+1.28e-02	-1.13e-02
sigma     	2.55e-02	+1.50e-02	-1.36e-02
tau       	1.36e+00	+1.78e+00	-8.71e-01
avg_mag   	1.84e+01	+1.11e-02	-1.60e-02
Process Started on 2014-04-07 04:56:29.601009
It is currently    2014-04-07 05:02:38.737913
