
SIMULATION PARAMETERS
Namespace(avg_mag=19.0, delay=1.5, delta_mag=0.3, numorbits=80, outputtag='hubble_sim_r8', photometricerror=0.02, redshift=0.658, sigma=0.07, tau=121.0)

Process Started on 2014-04-06 19:54:03.044148
The output_tag for this run is: hubble_sim_r8_2014_04_06_19:54

CRUDE LIGHT CURVE PARAMETERS
----------------------------
parameter lc1   	lc2
----------------------------
sigma     +0.49 	+0.51
tau       +0.11 	+0.06
avg_mag   +18.77 	+19.11


BEGINNING LIGHT CURVE PARAMETER OPTIMIZATION

Optimization terminated successfully.
         Current function value: -1144.325896
         Iterations: 132
         Function evaluations: 239
Optimization terminated successfully.
         Current function value: -1145.807028
         Iterations: 125
         Function evaluations: 222

OPTIMIZED LIGHT CURVE PARAMETERS
--------------------------------
parameter lc1   	lc2
--------------------------------
sigma     +0.05 	+0.04
tau       +5.23 	+2.73
avg_mag   +18.81 	+19.11


Process Started on 2014-04-06 19:54:03.044148
It is now          2014-04-06 19:54:04.735906

time series is 5.01 days long
with  216 data points
The most common sample time distance is 0.01 days within the range of [0.01,0.01] days

1% done
10% done
25% done
50% done
75% done
DONE

Process Started on 2014-04-06 19:54:03.044148
It is now          2014-04-06 19:54:05.365155

BEST DELAY=1.49439e+00

INITIAL PARAMETERS (average of lc1 and lc2)
-------------------------------------------
delay      = 1.49
delta_mag  = 0.29
avg_mag    = 18.81
tau        = 3.98
sigma      = 0.05

Optimization terminated successfully.
         Current function value: -2344.913558
         Iterations: 149
         Function evaluations: 266

INITIAL PARAMETERS (optimization of merged light curve)
-------------------------------------------------------
delay      = 1.49
delta_mag  = 0.29
avg_mag    = 18.79
tau        = 3.34
sigma      = 0.05


-------------
RUNNING EMCEE
-------------

pos
sampler
Process Started on 2014-04-06 19:54:03.044148
It is currently    2014-04-06 19:54:08.410023
burn-in sampler.run_mcmc
	Mean acceptance fraction: 0.588
	Errors based on 16th, 50th, and 84th percentile
	Param     	MC_rec	err_up	err_low
	delay     	1.50e+00	+8.39e-03	-7.97e-03
	delta_mag 	2.99e-01	+1.90e-03	-1.93e-03
	sigma     	4.73e-02	+3.55e-03	-3.56e-03
	tau       	3.35e+00	+1.62e-01	-1.74e-01
	avg_mag   	1.88e+01	+2.99e-02	-3.66e-02
Process Started on 2014-04-06 19:54:03.044148
It is currently    2014-04-06 19:56:02.892363
sampler.run_mcmc
Process Started on 2014-04-06 19:54:03.044148
It is currently    2014-04-06 20:15:55.110970
sampler.chain
90000
Mean acceptance fraction: 0.510
Errors based on 16th, 50th, and 84th percentile
Param     	MC_rec	err_up	err_low
delay     	1.50e+00	+6.92e-03	-7.08e-03
delta_mag 	2.99e-01	+1.62e-03	-1.65e-03
sigma     	4.65e-02	+3.41e-03	-3.05e-03
tau       	1.04e+01	+1.36e+01	-6.38e+00
avg_mag   	1.88e+01	+6.16e-02	-6.11e-02
Process Started on 2014-04-06 19:54:03.044148
It is currently    2014-04-06 20:16:05.612086
