
SIMULATION PARAMETERS
Namespace(avg_mag=19.0, delay=1.5, delta_mag=0.3, numorbits=40, outputtag='hubble_sim_r1142', photometricerror=0.05, redshift=0.658, sigma=0.07, tau=121.0)

Process Started on 2014-04-07 03:30:11.571866
The output_tag for this run is: hubble_sim_r1142_2014_04_07_03:30

CRUDE LIGHT CURVE PARAMETERS
----------------------------
parameter lc1   	lc2
----------------------------
sigma     +0.51 	+0.30
tau       +0.01 	+0.04
avg_mag   +19.14 	+19.39


BEGINNING LIGHT CURVE PARAMETER OPTIMIZATION

Optimization terminated successfully.
         Current function value: -389.582563
         Iterations: 58
         Function evaluations: 109
Optimization terminated successfully.
         Current function value: -422.065276
         Iterations: 139
         Function evaluations: 248

OPTIMIZED LIGHT CURVE PARAMETERS
--------------------------------
parameter lc1   	lc2
--------------------------------
sigma     +0.00 	+0.04
tau       +0.02 	+1.01
avg_mag   +19.14 	+19.39


Process Started on 2014-04-07 03:30:11.571866
It is now          2014-04-07 03:30:12.247074

time series is 2.51 days long
with  108 data points
The most common sample time distance is 0.01 days within the range of [0.02,0.01] days

1% done
10% done
25% done
50% done
75% done
DONE

Process Started on 2014-04-07 03:30:11.571866
It is now          2014-04-07 03:30:12.567201

BEST DELAY=-3.52670e-01

INITIAL PARAMETERS (average of lc1 and lc2)
-------------------------------------------
delay      = -0.35
delta_mag  = 0.25
avg_mag    = 19.14
tau        = 0.51
sigma      = 0.02

Optimization terminated successfully.
         Current function value: -847.114526
         Iterations: 108
         Function evaluations: 197

INITIAL PARAMETERS (optimization of merged light curve)
-------------------------------------------------------
delay      = -0.35
delta_mag  = 0.25
avg_mag    = 19.14
tau        = 1.31
sigma      = 0.04


-------------
RUNNING EMCEE
-------------

pos
sampler
Process Started on 2014-04-07 03:30:11.571866
It is currently    2014-04-07 03:30:14.313267
burn-in sampler.run_mcmc
	Mean acceptance fraction: 0.582
	Errors based on 16th, 50th, and 84th percentile
	Param     	MC_rec	err_up	err_low
	delay     	-3.92e-01	+6.47e-02	-8.88e-02
	delta_mag 	2.41e-01	+5.99e-03	-6.24e-03
	sigma     	3.83e-02	+7.34e-03	-6.71e-03
	tau       	1.33e+00	+2.02e-01	-1.32e-01
	avg_mag   	1.92e+01	+1.83e-02	-1.95e-02
Process Started on 2014-04-07 03:30:11.571866
It is currently    2014-04-07 03:31:01.416229
sampler.run_mcmc
Process Started on 2014-04-07 03:30:11.571866
It is currently    2014-04-07 03:37:11.724268
sampler.chain
90000
Mean acceptance fraction: 0.508
Errors based on 16th, 50th, and 84th percentile
Param     	MC_rec	err_up	err_low
delay     	-4.63e-01	+9.30e-02	-9.16e-02
delta_mag 	2.39e-01	+5.38e-03	-5.95e-03
sigma     	3.56e-02	+6.75e-03	-5.84e-03
tau       	5.33e+00	+4.98e+00	-3.39e+00
avg_mag   	1.92e+01	+3.50e-02	-3.28e-02
Process Started on 2014-04-07 03:30:11.571866
It is currently    2014-04-07 03:37:18.162900
