
SIMULATION PARAMETERS
Namespace(avg_mag=19.0, delay=1.5, delta_mag=0.3, numorbits=80, outputtag='hubble_sim_r254', photometricerror=0.1, redshift=0.658, sigma=0.07, tau=121.0)

Process Started on 2014-04-07 00:18:30.993131
The output_tag for this run is: hubble_sim_r254_2014_04_07_00:18

CRUDE LIGHT CURVE PARAMETERS
----------------------------
parameter lc1   	lc2
----------------------------
sigma     +0.31 	+0.44
tau       +0.07 	+0.01
avg_mag   +20.44 	+20.74


BEGINNING LIGHT CURVE PARAMETER OPTIMIZATION

Optimization terminated successfully.
         Current function value: -571.479517
         Iterations: 57
         Function evaluations: 104
Optimization terminated successfully.
         Current function value: -582.149617
         Iterations: 63
         Function evaluations: 113

OPTIMIZED LIGHT CURVE PARAMETERS
--------------------------------
parameter lc1   	lc2
--------------------------------
sigma     +0.00 	+0.00
tau       +0.08 	+0.01
avg_mag   +20.44 	+20.74


Process Started on 2014-04-07 00:18:30.993131
It is now          2014-04-07 00:18:32.353373

time series is 5.01 days long
with  218 data points
The most common sample time distance is 0.01 days within the range of [0.01,0.01] days

1% done
10% done
25% done
50% done
75% done
DONE

Process Started on 2014-04-07 00:18:30.993131
It is now          2014-04-07 00:18:33.387912

BEST DELAY=1.49512e+00

INITIAL PARAMETERS (average of lc1 and lc2)
-------------------------------------------
delay      = 1.50
delta_mag  = 0.30
avg_mag    = 20.44
tau        = 0.05
sigma      = 0.00

Optimization terminated successfully.
         Current function value: -1166.167722
         Iterations: 169
         Function evaluations: 300

INITIAL PARAMETERS (optimization of merged light curve)
-------------------------------------------------------
delay      = 1.50
delta_mag  = 0.30
avg_mag    = 20.45
tau        = 1.06
sigma      = 0.04


-------------
RUNNING EMCEE
-------------

pos
sampler
Process Started on 2014-04-07 00:18:30.993131
It is currently    2014-04-07 00:18:38.896078
burn-in sampler.run_mcmc
	Mean acceptance fraction: 0.586
	Errors based on 16th, 50th, and 84th percentile
	Param     	MC_rec	err_up	err_low
	delay     	1.50e+00	+1.49e-01	-1.36e-01
	delta_mag 	2.98e-01	+9.86e-03	-9.14e-03
	sigma     	4.01e-02	+9.61e-03	-7.59e-03
	tau       	1.07e+00	+1.09e-01	-9.04e-02
	avg_mag   	2.04e+01	+1.27e-02	-1.35e-02
Process Started on 2014-04-07 00:18:30.993131
It is currently    2014-04-07 00:21:08.077450
sampler.run_mcmc
Process Started on 2014-04-07 00:18:30.993131
It is currently    2014-04-07 00:37:10.334144
sampler.chain
90000
Mean acceptance fraction: 0.506
Errors based on 16th, 50th, and 84th percentile
Param     	MC_rec	err_up	err_low
delay     	1.52e+00	+2.45e-01	-1.88e-01
delta_mag 	2.97e-01	+8.11e-03	-8.78e-03
sigma     	3.66e-02	+8.21e-03	-7.57e-03
tau       	3.19e+00	+4.18e+00	-1.88e+00
avg_mag   	2.05e+01	+3.01e-02	-2.08e-02
Process Started on 2014-04-07 00:18:30.993131
It is currently    2014-04-07 00:37:17.062898
