
SIMULATION PARAMETERS
Namespace(avg_mag=19.0, delay=1.5, delta_mag=0.3, numorbits=80, outputtag='hubble_sim_r151', photometricerror=0.05, redshift=0.658, sigma=0.07, tau=121.0)

Process Started on 2014-04-06 22:28:54.238159
The output_tag for this run is: hubble_sim_r151_2014_04_06_22:28

CRUDE LIGHT CURVE PARAMETERS
----------------------------
parameter lc1   	lc2
----------------------------
sigma     +0.30 	+0.37
tau       +0.06 	+0.02
avg_mag   +19.38 	+19.64


BEGINNING LIGHT CURVE PARAMETER OPTIMIZATION

Optimization terminated successfully.
         Current function value: -824.467808
         Iterations: 119
         Function evaluations: 210
Optimization terminated successfully.
         Current function value: -803.379505
         Iterations: 55
         Function evaluations: 104

OPTIMIZED LIGHT CURVE PARAMETERS
--------------------------------
parameter lc1   	lc2
--------------------------------
sigma     +0.04 	+0.00
tau       +2.01 	+0.02
avg_mag   +19.39 	+19.64


Process Started on 2014-04-06 22:28:54.238159
It is now          2014-04-06 22:28:55.388215

time series is 5.01 days long
with  213 data points
The most common sample time distance is 0.01 days within the range of [0.01,0.01] days

1% done
10% done
25% done
50% done
75% done
DONE

Process Started on 2014-04-06 22:28:54.238159
It is now          2014-04-06 22:28:56.033197

BEST DELAY=-2.10555e+00

INITIAL PARAMETERS (average of lc1 and lc2)
-------------------------------------------
delay      = -2.11
delta_mag  = 0.26
avg_mag    = 19.39
tau        = 1.02
sigma      = 0.02

Optimization terminated successfully.
         Current function value: -1667.991976
         Iterations: 126
         Function evaluations: 222

INITIAL PARAMETERS (optimization of merged light curve)
-------------------------------------------------------
delay      = -2.11
delta_mag  = 0.26
avg_mag    = 19.38
tau        = 1.55
sigma      = 0.03


-------------
RUNNING EMCEE
-------------

pos
sampler
Process Started on 2014-04-06 22:28:54.238159
It is currently    2014-04-06 22:29:00.853885
burn-in sampler.run_mcmc
	Mean acceptance fraction: 0.582
	Errors based on 16th, 50th, and 84th percentile
	Param     	MC_rec	err_up	err_low
	delay     	-2.12e+00	+6.98e-02	-6.28e-02
	delta_mag 	2.46e-01	+5.04e-03	-5.23e-03
	sigma     	3.39e-02	+6.14e-03	-5.45e-03
	tau       	1.59e+00	+5.02e-01	-2.62e-01
	avg_mag   	1.94e+01	+1.36e-02	-1.36e-02
Process Started on 2014-04-06 22:28:54.238159
It is currently    2014-04-06 22:31:28.184568
sampler.run_mcmc
Process Started on 2014-04-06 22:28:54.238159
It is currently    2014-04-06 22:51:03.286808
sampler.chain
90000
Mean acceptance fraction: 0.493
Errors based on 16th, 50th, and 84th percentile
Param     	MC_rec	err_up	err_low
delay     	-2.12e+00	+8.03e-02	-8.04e-02
delta_mag 	2.44e-01	+4.62e-03	-4.98e-03
sigma     	2.89e-02	+5.22e-03	-4.65e-03
tau       	6.92e+00	+5.59e+00	-4.03e+00
avg_mag   	1.94e+01	+2.98e-02	-2.98e-02
Process Started on 2014-04-06 22:28:54.238159
It is currently    2014-04-06 22:51:13.974022
