
SIMULATION PARAMETERS
Namespace(avg_mag=19.0, delay=1.5, delta_mag=0.3, numorbits=80, outputtag='hubble_sim_r282', photometricerror=0.1, redshift=0.658, sigma=0.07, tau=121.0)

Process Started on 2014-04-07 00:48:39.508320
The output_tag for this run is: hubble_sim_r282_2014_04_07_00:48

CRUDE LIGHT CURVE PARAMETERS
----------------------------
parameter lc1   	lc2
----------------------------
sigma     +0.39 	+0.35
tau       +0.02 	+0.08
avg_mag   +18.56 	+18.86


BEGINNING LIGHT CURVE PARAMETER OPTIMIZATION

Optimization terminated successfully.
         Current function value: -574.224493
         Iterations: 50
         Function evaluations: 98
Optimization terminated successfully.
         Current function value: -569.394114
         Iterations: 138
         Function evaluations: 249

OPTIMIZED LIGHT CURVE PARAMETERS
--------------------------------
parameter lc1   	lc2
--------------------------------
sigma     +0.00 	+0.05
tau       +0.03 	+1.14
avg_mag   +18.56 	+18.87


Process Started on 2014-04-07 00:48:39.508320
It is now          2014-04-07 00:48:41.742361

time series is 5.00 days long
with  217 data points
The most common sample time distance is 0.03 days within the range of [0.02,0.04] days

1% done
10% done
25% done
50% done
75% done
DONE

Process Started on 2014-04-07 00:48:39.508320
It is now          2014-04-07 00:48:42.824008

BEST DELAY=1.49855e+00

INITIAL PARAMETERS (average of lc1 and lc2)
-------------------------------------------
delay      = 1.50
delta_mag  = 0.31
avg_mag    = 18.56
tau        = 0.58
sigma      = 0.02

Optimization terminated successfully.
         Current function value: -1145.441523
         Iterations: 94
         Function evaluations: 171

INITIAL PARAMETERS (optimization of merged light curve)
-------------------------------------------------------
delay      = 1.50
delta_mag  = 0.31
avg_mag    = 18.57
tau        = 1.02
sigma      = 0.05


-------------
RUNNING EMCEE
-------------

pos
sampler
Process Started on 2014-04-07 00:48:39.508320
It is currently    2014-04-07 00:48:47.037060
burn-in sampler.run_mcmc
	Mean acceptance fraction: 0.584
	Errors based on 16th, 50th, and 84th percentile
	Param     	MC_rec	err_up	err_low
	delay     	1.46e+00	+1.16e-01	-1.47e-01
	delta_mag 	3.02e-01	+8.07e-03	-8.71e-03
	sigma     	4.95e-02	+1.06e-02	-9.91e-03
	tau       	1.15e+00	+3.53e-01	-2.76e-01
	avg_mag   	1.86e+01	+1.91e-02	-1.72e-02
Process Started on 2014-04-07 00:48:39.508320
It is currently    2014-04-07 00:51:15.672766
sampler.run_mcmc
Process Started on 2014-04-07 00:48:39.508320
It is currently    2014-04-07 01:10:16.164042
sampler.chain
90000
Mean acceptance fraction: 0.510
Errors based on 16th, 50th, and 84th percentile
Param     	MC_rec	err_up	err_low
delay     	1.48e+00	+1.80e-01	-1.72e-01
delta_mag 	3.00e-01	+7.84e-03	-7.73e-03
sigma     	4.43e-02	+9.18e-03	-7.99e-03
tau       	3.65e+00	+3.74e+00	-2.12e+00
avg_mag   	1.86e+01	+3.66e-02	-2.69e-02
Process Started on 2014-04-07 00:48:39.508320
It is currently    2014-04-07 01:10:26.686532
