
SIMULATION PARAMETERS
Namespace(avg_mag=19.0, delay=1.5, delta_mag=0.3, numorbits=40, outputtag='hubble_sim_r1159', photometricerror=0.05, redshift=0.658, sigma=0.07, tau=121.0)

Process Started on 2014-04-07 03:47:15.214641
The output_tag for this run is: hubble_sim_r1159_2014_04_07_03:47

CRUDE LIGHT CURVE PARAMETERS
----------------------------
parameter lc1   	lc2
----------------------------
sigma     +0.45 	+0.68
tau       +0.01 	+0.01
avg_mag   +19.51 	+19.74


BEGINNING LIGHT CURVE PARAMETER OPTIMIZATION

Optimization terminated successfully.
         Current function value: -409.957815
         Iterations: 53
         Function evaluations: 101
Optimization terminated successfully.
         Current function value: -425.266804
         Iterations: 148
         Function evaluations: 258

OPTIMIZED LIGHT CURVE PARAMETERS
--------------------------------
parameter lc1   	lc2
--------------------------------
sigma     +0.00 	+0.05
tau       +0.01 	+4.35
avg_mag   +19.51 	+19.73


Process Started on 2014-04-07 03:47:15.214641
It is now          2014-04-07 03:47:15.913098

time series is 2.50 days long
with  110 data points
The most common sample time distance is 0.01 days within the range of [0.02,0.01] days

1% done
10% done
25% done
50% done
75% done
DONE

Process Started on 2014-04-07 03:47:15.214641
It is now          2014-04-07 03:47:16.254027

BEST DELAY=4.87547e-02

INITIAL PARAMETERS (average of lc1 and lc2)
-------------------------------------------
delay      = 0.05
delta_mag  = 0.22
avg_mag    = 19.51
tau        = 2.18
sigma      = 0.02

Optimization terminated successfully.
         Current function value: -851.563115
         Iterations: 134
         Function evaluations: 236

INITIAL PARAMETERS (optimization of merged light curve)
-------------------------------------------------------
delay      = 0.05
delta_mag  = 0.22
avg_mag    = 19.50
tau        = 3.60
sigma      = 0.04


-------------
RUNNING EMCEE
-------------

pos
sampler
Process Started on 2014-04-07 03:47:15.214641
It is currently    2014-04-07 03:47:18.170050
burn-in sampler.run_mcmc
	Mean acceptance fraction: 0.580
	Errors based on 16th, 50th, and 84th percentile
	Param     	MC_rec	err_up	err_low
	delay     	2.50e-01	+1.31e-01	-1.07e-01
	delta_mag 	2.47e-01	+8.13e-03	-7.41e-03
	sigma     	4.75e-02	+9.14e-03	-8.17e-03
	tau       	3.73e+00	+4.39e-01	-3.09e-01
	avg_mag   	1.95e+01	+4.49e-02	-4.67e-02
Process Started on 2014-04-07 03:47:15.214641
It is currently    2014-04-07 03:48:05.324089
sampler.run_mcmc
Process Started on 2014-04-07 03:47:15.214641
It is currently    2014-04-07 03:54:14.174550
sampler.chain
90000
Mean acceptance fraction: 0.516
Errors based on 16th, 50th, and 84th percentile
Param     	MC_rec	err_up	err_low
delay     	3.92e-01	+9.02e-02	-8.43e-02
delta_mag 	2.54e-01	+6.97e-03	-6.85e-03
sigma     	4.36e-02	+7.20e-03	-6.30e-03
tau       	1.59e+01	+1.27e+01	-9.89e+00
avg_mag   	1.95e+01	+7.33e-02	-7.89e-02
Process Started on 2014-04-07 03:47:15.214641
It is currently    2014-04-07 03:54:20.606543
