
SIMULATION PARAMETERS
Namespace(avg_mag=19.0, delay=1.5, delta_mag=0.3, numorbits=40, outputtag='hubble_sim_r1259', photometricerror=0.1, redshift=0.658, sigma=0.07, tau=121.0)

Process Started on 2014-04-07 05:27:36.002964
The output_tag for this run is: hubble_sim_r1259_2014_04_07_05:27

CRUDE LIGHT CURVE PARAMETERS
----------------------------
parameter lc1   	lc2
----------------------------
sigma     +0.55 	+0.48
tau       +0.02 	+0.01
avg_mag   +19.42 	+19.63


BEGINNING LIGHT CURVE PARAMETER OPTIMIZATION

Optimization terminated successfully.
         Current function value: -251.791304
         Iterations: 57
         Function evaluations: 107
Optimization terminated successfully.
         Current function value: -268.771426
         Iterations: 58
         Function evaluations: 105

OPTIMIZED LIGHT CURVE PARAMETERS
--------------------------------
parameter lc1   	lc2
--------------------------------
sigma     +0.00 	+0.00
tau       +0.03 	+0.02
avg_mag   +19.42 	+19.63


Process Started on 2014-04-07 05:27:36.002964
It is now          2014-04-07 05:27:36.367274

time series is 2.51 days long
with  102 data points
The most common sample time distance is 0.01 days within the range of [0.02,0.01] days

1% done
10% done
25% done
50% done
75% done
DONE

Process Started on 2014-04-07 05:27:36.002964
It is now          2014-04-07 05:27:36.688510

BEST DELAY=2.44309e-01

INITIAL PARAMETERS (average of lc1 and lc2)
-------------------------------------------
delay      = 0.24
delta_mag  = 0.21
avg_mag    = 19.42
tau        = 0.02
sigma      = 0.00

Optimization terminated successfully.
         Current function value: -541.374418
         Iterations: 133
         Function evaluations: 232

INITIAL PARAMETERS (optimization of merged light curve)
-------------------------------------------------------
delay      = 0.24
delta_mag  = 0.21
avg_mag    = 19.43
tau        = 1.82
sigma      = 0.04


-------------
RUNNING EMCEE
-------------

pos
sampler
Process Started on 2014-04-07 05:27:36.002964
It is currently    2014-04-07 05:27:38.448147
burn-in sampler.run_mcmc
	Mean acceptance fraction: 0.579
	Errors based on 16th, 50th, and 84th percentile
	Param     	MC_rec	err_up	err_low
	delay     	2.83e-01	+2.63e-01	-1.62e-01
	delta_mag 	2.18e-01	+1.38e-02	-1.34e-02
	sigma     	4.77e-02	+1.36e-02	-1.08e-02
	tau       	1.84e+00	+2.18e-01	-1.97e-01
	avg_mag   	1.94e+01	+3.18e-02	-2.90e-02
Process Started on 2014-04-07 05:27:36.002964
It is currently    2014-04-07 05:28:21.462064
sampler.run_mcmc
Process Started on 2014-04-07 05:27:36.002964
It is currently    2014-04-07 05:33:49.880337
sampler.chain
90000
Mean acceptance fraction: 0.506
Errors based on 16th, 50th, and 84th percentile
Param     	MC_rec	err_up	err_low
delay     	4.02e-01	+3.86e-01	-3.09e-01
delta_mag 	2.23e-01	+2.00e-02	-1.56e-02
sigma     	4.25e-02	+1.14e-02	-8.66e-03
tau       	7.49e+00	+6.77e+00	-4.61e+00
avg_mag   	1.94e+01	+5.26e-02	-5.11e-02
Process Started on 2014-04-07 05:27:36.002964
It is currently    2014-04-07 05:33:56.188483
