
SIMULATION PARAMETERS
Namespace(avg_mag=19.0, delay=1.5, delta_mag=0.3, numorbits=40, outputtag='hubble_sim_r1151', photometricerror=0.05, redshift=0.658, sigma=0.07, tau=121.0)

Process Started on 2014-04-07 03:39:13.466143
The output_tag for this run is: hubble_sim_r1151_2014_04_07_03:39

CRUDE LIGHT CURVE PARAMETERS
----------------------------
parameter lc1   	lc2
----------------------------
sigma     +2.90 	+0.46
tau       +0.00 	+0.09
avg_mag   +18.98 	+19.16


BEGINNING LIGHT CURVE PARAMETER OPTIMIZATION

Optimization terminated successfully.
         Current function value: -419.015419
         Iterations: 183
         Function evaluations: 327
Optimization terminated successfully.
         Current function value: -419.969310
         Iterations: 108
         Function evaluations: 189

OPTIMIZED LIGHT CURVE PARAMETERS
--------------------------------
parameter lc1   	lc2
--------------------------------
sigma     +0.07 	+0.07
tau       +6.68 	+1.23
avg_mag   +18.96 	+19.19


Process Started on 2014-04-07 03:39:13.466143
It is now          2014-04-07 03:39:14.423457

time series is 2.50 days long
with  111 data points
The most common sample time distance is 0.00 days within the range of [0.02,0.01] days

1% done
10% done
25% done
50% done
75% done
DONE

Process Started on 2014-04-07 03:39:13.466143
It is now          2014-04-07 03:39:14.737928

BEST DELAY=1.14987e+00

INITIAL PARAMETERS (average of lc1 and lc2)
-------------------------------------------
delay      = 1.15
delta_mag  = 0.23
avg_mag    = 18.96
tau        = 3.96
sigma      = 0.07

Optimization terminated successfully.
         Current function value: -827.934960
         Iterations: 130
         Function evaluations: 231

INITIAL PARAMETERS (optimization of merged light curve)
-------------------------------------------------------
delay      = 1.15
delta_mag  = 0.23
avg_mag    = 19.00
tau        = 3.28
sigma      = 0.06


-------------
RUNNING EMCEE
-------------

pos
sampler
Process Started on 2014-04-07 03:39:13.466143
It is currently    2014-04-07 03:39:16.553973
burn-in sampler.run_mcmc
	Mean acceptance fraction: 0.576
	Errors based on 16th, 50th, and 84th percentile
	Param     	MC_rec	err_up	err_low
	delay     	1.44e+00	+6.33e-02	-1.03e-01
	delta_mag 	2.83e-01	+1.22e-02	-1.37e-02
	sigma     	6.79e-02	+1.00e-02	-7.61e-03
	tau       	3.10e+00	+4.10e-01	-4.08e-01
	avg_mag   	1.90e+01	+5.20e-02	-5.03e-02
Process Started on 2014-04-07 03:39:13.466143
It is currently    2014-04-07 03:40:02.499613
sampler.run_mcmc
Process Started on 2014-04-07 03:39:13.466143
It is currently    2014-04-07 03:46:10.602825
sampler.chain
90000
Mean acceptance fraction: 0.518
Errors based on 16th, 50th, and 84th percentile
Param     	MC_rec	err_up	err_low
delay     	1.49e+00	+4.00e-02	-4.38e-02
delta_mag 	2.96e-01	+9.39e-03	-9.22e-03
sigma     	6.50e-02	+7.76e-03	-6.62e-03
tau       	1.46e+01	+1.18e+01	-8.68e+00
avg_mag   	1.90e+01	+1.17e-01	-1.05e-01
Process Started on 2014-04-07 03:39:13.466143
It is currently    2014-04-07 03:46:17.059584
