
SIMULATION PARAMETERS
Namespace(avg_mag=19.0, delay=1.5, delta_mag=0.3, numorbits=40, outputtag='hubble_sim_r1086', photometricerror=0.02, redshift=0.658, sigma=0.07, tau=121.0)

Process Started on 2014-04-07 02:33:59.736274
The output_tag for this run is: hubble_sim_r1086_2014_04_07_02:33

CRUDE LIGHT CURVE PARAMETERS
----------------------------
parameter lc1   	lc2
----------------------------
sigma     +0.50 	+0.99
tau       +0.08 	+0.02
avg_mag   +19.70 	+19.98


BEGINNING LIGHT CURVE PARAMETER OPTIMIZATION

Optimization terminated successfully.
         Current function value: -542.129143
         Iterations: 122
         Function evaluations: 223
Optimization terminated successfully.
         Current function value: -548.667476
         Iterations: 165
         Function evaluations: 290

OPTIMIZED LIGHT CURVE PARAMETERS
--------------------------------
parameter lc1   	lc2
--------------------------------
sigma     +0.07 	+0.06
tau       +1.62 	+6.63
avg_mag   +19.68 	+19.93


Process Started on 2014-04-07 02:33:59.736274
It is now          2014-04-07 02:34:00.698636

time series is 2.50 days long
with  107 data points
The most common sample time distance is 0.01 days within the range of [0.02,0.01] days

1% done
10% done
25% done
50% done
75% done
DONE

Process Started on 2014-04-07 02:33:59.736274
It is now          2014-04-07 02:34:01.020861

BEST DELAY=1.24840e+00

INITIAL PARAMETERS (average of lc1 and lc2)
-------------------------------------------
delay      = 1.25
delta_mag  = 0.25
avg_mag    = 19.68
tau        = 4.12
sigma      = 0.07

Optimization terminated successfully.
         Current function value: -930.560578
         Iterations: 107
         Function evaluations: 197

INITIAL PARAMETERS (optimization of merged light curve)
-------------------------------------------------------
delay      = 1.25
delta_mag  = 0.25
avg_mag    = 19.62
tau        = 3.15
sigma      = 0.07


-------------
RUNNING EMCEE
-------------

pos
sampler
Process Started on 2014-04-07 02:33:59.736274
It is currently    2014-04-07 02:34:03.008131
burn-in sampler.run_mcmc
	Mean acceptance fraction: 0.525
	Errors based on 16th, 50th, and 84th percentile
	Param     	MC_rec	err_up	err_low
	delay     	1.48e+00	+1.97e-02	-6.51e-02
	delta_mag 	2.99e-01	+4.86e-03	-5.76e-03
	sigma     	7.30e-02	+9.09e-03	-8.03e-03
	tau       	3.09e+00	+7.86e-02	-1.41e-01
	avg_mag   	1.96e+01	+5.27e-02	-5.16e-02
Process Started on 2014-04-07 02:33:59.736274
It is currently    2014-04-07 02:34:48.578912
sampler.run_mcmc
Process Started on 2014-04-07 02:33:59.736274
It is currently    2014-04-07 02:40:47.586515
sampler.chain
90000
Mean acceptance fraction: 0.508
Errors based on 16th, 50th, and 84th percentile
Param     	MC_rec	err_up	err_low
delay     	1.50e+00	+9.77e-03	-9.46e-03
delta_mag 	3.00e-01	+3.02e-03	-3.07e-03
sigma     	6.66e-02	+5.27e-03	-4.60e-03
tau       	1.21e+01	+1.19e+01	-7.58e+00
avg_mag   	1.96e+01	+9.54e-02	-1.16e-01
Process Started on 2014-04-07 02:33:59.736274
It is currently    2014-04-07 02:40:53.793584
