
SIMULATION PARAMETERS
Namespace(avg_mag=19.0, delay=1.5, delta_mag=0.3, numorbits=40, outputtag='hubble_sim_r1284', photometricerror=0.1, redshift=0.658, sigma=0.07, tau=121.0)

Process Started on 2014-04-07 05:52:41.392123
The output_tag for this run is: hubble_sim_r1284_2014_04_07_05:52

CRUDE LIGHT CURVE PARAMETERS
----------------------------
parameter lc1   	lc2
----------------------------
sigma     +0.75 	+0.91
tau       +0.02 	+0.00
avg_mag   +18.61 	+19.02


BEGINNING LIGHT CURVE PARAMETER OPTIMIZATION

Optimization terminated successfully.
         Current function value: -277.955229
         Iterations: 150
         Function evaluations: 264
Optimization terminated successfully.
         Current function value: -274.084267
         Iterations: 56
         Function evaluations: 108

OPTIMIZED LIGHT CURVE PARAMETERS
--------------------------------
parameter lc1   	lc2
--------------------------------
sigma     +0.06 	+0.00
tau       +2.98 	+0.01
avg_mag   +18.61 	+19.02


Process Started on 2014-04-07 05:52:41.392123
It is now          2014-04-07 05:52:42.092570

time series is 2.51 days long
with  107 data points
The most common sample time distance is 0.01 days within the range of [0.02,0.01] days

1% done
10% done
25% done
50% done
75% done
DONE

Process Started on 2014-04-07 05:52:41.392123
It is now          2014-04-07 05:52:42.416809

BEST DELAY=4.31666e-02

INITIAL PARAMETERS (average of lc1 and lc2)
-------------------------------------------
delay      = 0.04
delta_mag  = 0.41
avg_mag    = 18.61
tau        = 1.49
sigma      = 0.03

Optimization terminated successfully.
         Current function value: -522.705138
         Iterations: 60
         Function evaluations: 112

INITIAL PARAMETERS (optimization of merged light curve)
-------------------------------------------------------
delay      = 0.04
delta_mag  = 0.41
avg_mag    = 18.61
tau        = 0.01
sigma      = 0.00


-------------
RUNNING EMCEE
-------------

pos
sampler
Process Started on 2014-04-07 05:52:41.392123
It is currently    2014-04-07 05:52:43.796407
burn-in sampler.run_mcmc
	Mean acceptance fraction: 0.243
	Errors based on 16th, 50th, and 84th percentile
	Param     	MC_rec	err_up	err_low
	delay     	4.32e-02	+9.20e-03	-7.47e-03
	delta_mag 	4.12e-01	+7.81e-03	-7.25e-03
	sigma     	1.23e-05	+1.32e-05	-1.08e-04
	tau       	8.50e-03	+4.41e-03	-3.55e-03
	avg_mag   	1.86e+01	+4.13e-03	-4.68e-03
Process Started on 2014-04-07 05:52:41.392123
It is currently    2014-04-07 05:53:03.248094
sampler.run_mcmc
Process Started on 2014-04-07 05:52:41.392123
It is currently    2014-04-07 05:56:11.678226
sampler.chain
90000
Mean acceptance fraction: 0.301
Errors based on 16th, 50th, and 84th percentile
Param     	MC_rec	err_up	err_low
delay     	4.32e-02	+7.13e-01	-6.88e-01
delta_mag 	4.12e-01	+9.20e-03	-8.17e-03
sigma     	1.21e-05	+1.20e-05	-1.17e-05
tau       	3.18e-02	+3.54e-02	-2.32e-02
avg_mag   	1.86e+01	+5.87e-03	-6.29e-03
Process Started on 2014-04-07 05:52:41.392123
It is currently    2014-04-07 05:56:17.778878
