
SIMULATION PARAMETERS
Namespace(avg_mag=19.0, delay=1.5, delta_mag=0.3, numorbits=40, outputtag='hubble_sim_r1024', photometricerror=0.02, redshift=0.658, sigma=0.07, tau=121.0)

Process Started on 2014-04-07 01:31:46.440757
The output_tag for this run is: hubble_sim_r1024_2014_04_07_01:31

CRUDE LIGHT CURVE PARAMETERS
----------------------------
parameter lc1   	lc2
----------------------------
sigma     +0.21 	+0.45
tau       +0.19 	+0.01
avg_mag   +19.37 	+19.65


BEGINNING LIGHT CURVE PARAMETER OPTIMIZATION

Optimization terminated successfully.
         Current function value: -551.739753
         Iterations: 107
         Function evaluations: 191
Optimization terminated successfully.
         Current function value: -549.659854
         Iterations: 125
         Function evaluations: 223

OPTIMIZED LIGHT CURVE PARAMETERS
--------------------------------
parameter lc1   	lc2
--------------------------------
sigma     +0.05 	+0.05
tau       +0.74 	+0.64
avg_mag   +19.38 	+19.65


Process Started on 2014-04-07 01:31:46.440757
It is now          2014-04-07 01:31:47.184417

time series is 2.50 days long
with  104 data points
The most common sample time distance is 0.01 days within the range of [0.02,0.01] days

1% done
10% done
25% done
50% done
75% done
DONE

Process Started on 2014-04-07 01:31:46.440757
It is now          2014-04-07 01:31:47.494172

BEST DELAY=-1.05171e+00

INITIAL PARAMETERS (average of lc1 and lc2)
-------------------------------------------
delay      = -1.05
delta_mag  = 0.27
avg_mag    = 19.38
tau        = 0.69
sigma      = 0.05

Optimization terminated successfully.
         Current function value: -1102.671333
         Iterations: 54
         Function evaluations: 102

INITIAL PARAMETERS (optimization of merged light curve)
-------------------------------------------------------
delay      = -1.05
delta_mag  = 0.27
avg_mag    = 19.38
tau        = 0.70
sigma      = 0.05


-------------
RUNNING EMCEE
-------------

pos
sampler
Process Started on 2014-04-07 01:31:46.440757
It is currently    2014-04-07 01:31:48.803482
burn-in sampler.run_mcmc
	Mean acceptance fraction: 0.585
	Errors based on 16th, 50th, and 84th percentile
	Param     	MC_rec	err_up	err_low
	delay     	-9.90e-01	+2.66e-02	-2.71e-02
	delta_mag 	2.79e-01	+3.28e-03	-3.62e-03
	sigma     	4.92e-02	+4.38e-03	-4.36e-03
	tau       	6.91e-01	+1.16e-01	-1.00e-01
	avg_mag   	1.94e+01	+1.26e-02	-1.30e-02
Process Started on 2014-04-07 01:31:46.440757
It is currently    2014-04-07 01:32:33.266227
sampler.run_mcmc
Process Started on 2014-04-07 01:31:46.440757
It is currently    2014-04-07 01:38:28.411715
sampler.chain
90000
Mean acceptance fraction: 0.510
Errors based on 16th, 50th, and 84th percentile
Param     	MC_rec	err_up	err_low
delay     	-9.76e-01	+2.20e-02	-2.11e-02
delta_mag 	2.80e-01	+2.81e-03	-2.78e-03
sigma     	4.75e-02	+4.66e-03	-4.37e-03
tau       	1.94e+00	+2.70e+00	-1.08e+00
avg_mag   	1.94e+01	+2.64e-02	-2.34e-02
Process Started on 2014-04-07 01:31:46.440757
It is currently    2014-04-07 01:38:34.628752
