
SIMULATION PARAMETERS
Namespace(avg_mag=19.0, delay=1.5, delta_mag=0.3, numorbits=40, outputtag='hubble_sim_r1243', photometricerror=0.1, redshift=0.658, sigma=0.07, tau=121.0)

Process Started on 2014-04-07 05:11:32.704841
The output_tag for this run is: hubble_sim_r1243_2014_04_07_05:11

CRUDE LIGHT CURVE PARAMETERS
----------------------------
parameter lc1   	lc2
----------------------------
sigma     +1.27 	+0.32
tau       +0.00 	+0.01
avg_mag   +19.36 	+19.65


BEGINNING LIGHT CURVE PARAMETER OPTIMIZATION

Optimization terminated successfully.
         Current function value: -282.461729
         Iterations: 66
         Function evaluations: 118
Optimization terminated successfully.
         Current function value: -287.581684
         Iterations: 53
         Function evaluations: 98

OPTIMIZED LIGHT CURVE PARAMETERS
--------------------------------
parameter lc1   	lc2
--------------------------------
sigma     +0.00 	+0.00
tau       +0.00 	+0.02
avg_mag   +19.36 	+19.65


Process Started on 2014-04-07 05:11:32.704841
It is now          2014-04-07 05:11:33.089723

time series is 2.51 days long
with  106 data points
The most common sample time distance is 0.01 days within the range of [0.02,0.01] days

1% done
10% done
25% done
50% done
75% done
DONE

Process Started on 2014-04-07 05:11:32.704841
It is now          2014-04-07 05:11:33.399708

BEST DELAY=2.45872e-01

INITIAL PARAMETERS (average of lc1 and lc2)
-------------------------------------------
delay      = 0.25
delta_mag  = 0.28
avg_mag    = 19.36
tau        = 0.01
sigma      = 0.00

Optimization terminated successfully.
         Current function value: -570.043412
         Iterations: 80
         Function evaluations: 147

INITIAL PARAMETERS (optimization of merged light curve)
-------------------------------------------------------
delay      = 0.25
delta_mag  = 0.28
avg_mag    = 19.36
tau        = 16.19
sigma      = 0.00


-------------
RUNNING EMCEE
-------------

pos
sampler
Process Started on 2014-04-07 05:11:32.704841
It is currently    2014-04-07 05:11:34.976524
burn-in sampler.run_mcmc
	Mean acceptance fraction: 0.000
	Errors based on 16th, 50th, and 84th percentile
	Param     	MC_rec	err_up	err_low
	delay     	2.46e-01	+9.73e-05	-8.74e-05
	delta_mag 	2.84e-01	+7.57e-05	-8.55e-05
	sigma     	-1.48e-06	+1.00e-04	-9.47e-05
	tau       	1.62e+01	+8.53e-05	-8.76e-05
	avg_mag   	1.94e+01	+1.12e-04	-1.07e-04
Process Started on 2014-04-07 05:11:32.704841
It is currently    2014-04-07 05:11:39.896658
sampler.run_mcmc
Process Started on 2014-04-07 05:11:32.704841
It is currently    2014-04-07 05:11:41.460275
sampler.chain
90000
Mean acceptance fraction: 0.000
Errors based on 16th, 50th, and 84th percentile
Param     	MC_rec	err_up	err_low
delay     	2.46e-01	+9.60e-05	-8.74e-05
delta_mag 	2.84e-01	+7.57e-05	-8.39e-05
sigma     	-5.92e-07	+9.95e-05	-9.56e-05
tau       	1.62e+01	+7.97e-05	-8.76e-05
avg_mag   	1.94e+01	+1.12e-04	-1.08e-04
Process Started on 2014-04-07 05:11:32.704841
It is currently    2014-04-07 05:11:47.506538
