
SIMULATION PARAMETERS
Namespace(avg_mag=19.0, delay=1.5, delta_mag=0.3, numorbits=40, outputtag='hubble_sim_r1037', photometricerror=0.02, redshift=0.658, sigma=0.07, tau=121.0)

Process Started on 2014-04-07 01:44:49.418393
The output_tag for this run is: hubble_sim_r1037_2014_04_07_01:44

CRUDE LIGHT CURVE PARAMETERS
----------------------------
parameter lc1   	lc2
----------------------------
sigma     +0.18 	+0.19
tau       +0.06 	+0.27
avg_mag   +19.68 	+19.96


BEGINNING LIGHT CURVE PARAMETER OPTIMIZATION

Optimization terminated successfully.
         Current function value: -584.619214
         Iterations: 101
         Function evaluations: 179
Optimization terminated successfully.
         Current function value: -578.911688
         Iterations: 106
         Function evaluations: 193

OPTIMIZED LIGHT CURVE PARAMETERS
--------------------------------
parameter lc1   	lc2
--------------------------------
sigma     +0.04 	+0.04
tau       +0.60 	+0.58
avg_mag   +19.68 	+19.97


Process Started on 2014-04-07 01:44:49.418393
It is now          2014-04-07 01:44:50.108229

time series is 2.50 days long
with  108 data points
The most common sample time distance is 0.01 days within the range of [0.02,0.01] days

1% done
10% done
25% done
50% done
75% done
DONE

Process Started on 2014-04-07 01:44:49.418393
It is now          2014-04-07 01:44:50.427799

BEST DELAY=1.24905e+00

INITIAL PARAMETERS (average of lc1 and lc2)
-------------------------------------------
delay      = 1.25
delta_mag  = 0.29
avg_mag    = 19.68
tau        = 0.59
sigma      = 0.04

Optimization terminated successfully.
         Current function value: -1146.869176
         Iterations: 128
         Function evaluations: 229

INITIAL PARAMETERS (optimization of merged light curve)
-------------------------------------------------------
delay      = 1.25
delta_mag  = 0.29
avg_mag    = 19.68
tau        = 0.61
sigma      = 0.04


-------------
RUNNING EMCEE
-------------

pos
sampler
Process Started on 2014-04-07 01:44:49.418393
It is currently    2014-04-07 01:44:52.345556
burn-in sampler.run_mcmc
	Mean acceptance fraction: 0.568
	Errors based on 16th, 50th, and 84th percentile
	Param     	MC_rec	err_up	err_low
	delay     	1.42e+00	+7.44e-02	-8.81e-02
	delta_mag 	2.97e-01	+4.77e-03	-5.07e-03
	sigma     	4.23e-02	+5.18e-03	-4.74e-03
	tau       	7.16e-01	+1.23e-01	-7.06e-02
	avg_mag   	1.97e+01	+1.10e-02	-1.21e-02
Process Started on 2014-04-07 01:44:49.418393
It is currently    2014-04-07 01:45:38.735391
sampler.run_mcmc
Process Started on 2014-04-07 01:44:49.418393
It is currently    2014-04-07 01:51:52.558858
sampler.chain
90000
Mean acceptance fraction: 0.508
Errors based on 16th, 50th, and 84th percentile
Param     	MC_rec	err_up	err_low
delay     	1.51e+00	+2.71e-02	-2.30e-02
delta_mag 	3.00e-01	+3.24e-03	-3.15e-03
sigma     	3.95e-02	+4.57e-03	-3.89e-03
tau       	1.51e+00	+2.18e+00	-7.40e-01
avg_mag   	1.97e+01	+1.78e-02	-1.55e-02
Process Started on 2014-04-07 01:44:49.418393
It is currently    2014-04-07 01:51:58.821934
