Process Started on 2014-04-06 15:07:32.924516
The output_tag for this run is: J1206AB_2014_04_06_15:07

CRUDE LIGHT CURVE PARAMETERS
----------------------------
parameter lc1   	lc2
----------------------------
sigma     +0.05 	+0.07
tau       +652.87 	+1340.61
avg_mag   -11.67 	-11.37


BEGINNING LIGHT CURVE PARAMETER OPTIMIZATION

Optimization terminated successfully.
         Current function value: -1797.471724
         Iterations: 141
         Function evaluations: 252
Optimization terminated successfully.
         Current function value: -1433.878472
         Iterations: 155
         Function evaluations: 287

OPTIMIZED LIGHT CURVE PARAMETERS
--------------------------------
parameter lc1   	lc2
--------------------------------
sigma     +0.01 	+0.01
tau       +624.48 	+457.71
avg_mag   -11.73 	-11.46


Process Started on 2014-04-06 15:07:32.924516
It is now          2014-04-06 15:07:44.386683

time series is 2375.61 days long
with  382 data points
The most common sample time distance is 1.06 days within the range of [0.57,1.97] days

1% done
10% done
25% done
50% done
75% done
DONE

Process Started on 2014-04-06 15:07:32.924516
It is now          2014-04-06 15:07:53.513308

BEST DELAY=1.32193e+02

INITIAL PARAMETERS (average of lc1 and lc2)
-------------------------------------------
delay      = 132.19
delta_mag  = 0.27
avg_mag    = -11.73
tau        = 541.09
sigma      = 0.01

Optimization terminated successfully.
         Current function value: -2096.693559
         Iterations: 153
         Function evaluations: 277

INITIAL PARAMETERS (optimization of merged light curve)
-------------------------------------------------------
delay      = 132.19
delta_mag  = 0.27
avg_mag    = -11.71
tau        = 51.45
sigma      = 0.03


-------------
RUNNING EMCEE
-------------

pos
sampler
Process Started on 2014-04-06 15:07:32.924516
It is currently    2014-04-06 15:08:02.339263
burn-in sampler.run_mcmc
	Mean acceptance fraction: 0.507
	Errors based on 16th, 50th, and 84th percentile
	Param     	MC_rec	err_up	err_low
	delay     	1.32e+02	+7.56e-02	-6.56e-02
	delta_mag 	3.11e-01	+3.64e-03	-7.65e-03
	sigma     	2.74e-02	+1.74e-03	-1.40e-03
	tau       	5.14e+01	+1.14e-01	-1.16e-01
	avg_mag   	-1.17e+01	+2.83e-02	-2.67e-02
Process Started on 2014-04-06 15:07:32.924516
It is currently    2014-04-06 15:13:19.865569
sampler.run_mcmc
Process Started on 2014-04-06 15:07:32.924516
It is currently    2014-04-06 16:03:43.918520
sampler.chain
90000
Mean acceptance fraction: 0.510
Errors based on 16th, 50th, and 84th percentile
Param     	MC_rec	err_up	err_low
delay     	1.35e+02	+8.17e-02	-1.38e+00
delta_mag 	3.11e-01	+2.43e-03	-2.27e-03
sigma     	2.36e-02	+1.39e-03	-8.38e-04
tau       	9.96e+01	+3.57e+01	-3.86e+01
avg_mag   	-1.17e+01	+3.14e-02	-3.23e-02
Process Started on 2014-04-06 15:07:32.924516
It is currently    2014-04-06 16:03:54.516082
