Process Started on 2014-04-06 15:07:32.163081
The output_tag for this run is: RXJ1131AB_0p1_2014_04_06_15:07

CRUDE LIGHT CURVE PARAMETERS
----------------------------
parameter lc1   	lc2
----------------------------
sigma     +0.28 	+0.18
tau       +1960.36 	+345.26
avg_mag   -13.05 	-12.54


BEGINNING LIGHT CURVE PARAMETER OPTIMIZATION

Optimization terminated successfully.
         Current function value: -1496.744153
         Iterations: 152
         Function evaluations: 293
Optimization terminated successfully.
         Current function value: -1462.411546
         Iterations: 129
         Function evaluations: 241

OPTIMIZED LIGHT CURVE PARAMETERS
--------------------------------
parameter lc1   	lc2
--------------------------------
sigma     +0.02 	+0.02
tau       +1273.72 	+437.20
avg_mag   -12.94 	-12.58


Process Started on 2014-04-06 15:07:32.163081
It is now          2014-04-06 15:07:50.017253

time series is 3086.68 days long
with  707 data points
The most common sample time distance is 2.67 days within the range of [1.61,4.42] days

1% done
10% done
25% done
50% done
75% done
DONE

Process Started on 2014-04-06 15:07:32.163081
It is now          2014-04-06 15:08:10.407864

BEST DELAY=1.66661e+02

INITIAL PARAMETERS (average of lc1 and lc2)
-------------------------------------------
delay      = 166.66
delta_mag  = 0.36
avg_mag    = -12.94
tau        = 855.46
sigma      = 0.02

Optimization terminated successfully.
         Current function value: -981.882523
         Iterations: 150
         Function evaluations: 275

INITIAL PARAMETERS (optimization of merged light curve)
-------------------------------------------------------
delay      = 166.66
delta_mag  = 0.36
avg_mag    = -13.00
tau        = 349.14
sigma      = 0.03


-------------
RUNNING EMCEE
-------------

pos
sampler
Process Started on 2014-04-06 15:07:32.163081
It is currently    2014-04-06 15:08:29.221967
burn-in sampler.run_mcmc
	Mean acceptance fraction: 0.516
	Errors based on 16th, 50th, and 84th percentile
	Param     	MC_rec	err_up	err_low
	delay     	1.67e+02	+5.58e-01	-1.45e-01
	delta_mag 	4.96e-01	+1.35e-02	-3.24e-02
	sigma     	3.14e-02	+3.19e-03	-2.33e-03
	tau       	3.49e+02	+2.05e-01	-2.19e-01
	avg_mag   	-1.31e+01	+1.04e-01	-1.36e-01
Process Started on 2014-04-06 15:07:32.163081
It is currently    2014-04-06 15:20:18.950099
sampler.run_mcmc
Process Started on 2014-04-06 15:07:32.163081
It is currently    2014-04-06 16:45:24.287594
sampler.chain
90000
Mean acceptance fraction: 0.515
Errors based on 16th, 50th, and 84th percentile
Param     	MC_rec	err_up	err_low
delay     	1.68e+02	+2.38e-01	-1.89e-01
delta_mag 	5.02e-01	+7.57e-03	-7.70e-03
sigma     	3.08e-02	+1.38e-03	-1.23e-03
tau       	5.29e+02	+7.06e+02	-1.82e+02
avg_mag   	-1.31e+01	+2.02e-01	-1.90e-01
Process Started on 2014-04-06 15:07:32.163081
It is currently    2014-04-06 16:45:31.103821
