Process Started on 2014-04-06 15:07:32.170239
The output_tag for this run is: HE0435AC_2014_04_06_15:07

CRUDE LIGHT CURVE PARAMETERS
----------------------------
parameter lc1   	lc2
----------------------------
sigma     +0.14 	+0.09
tau       +72.38 	+19.55
avg_mag   -10.93 	-10.36


BEGINNING LIGHT CURVE PARAMETER OPTIMIZATION

Optimization terminated successfully.
         Current function value: -2947.668643
         Iterations: 174
         Function evaluations: 317
Optimization terminated successfully.
         Current function value: -2659.731616
         Iterations: 172
         Function evaluations: 318

OPTIMIZED LIGHT CURVE PARAMETERS
--------------------------------
parameter lc1   	lc2
--------------------------------
sigma     +0.01 	+0.01
tau       +2534.65 	+836.78
avg_mag   -10.75 	-10.31


Process Started on 2014-04-06 15:07:32.170239
It is now          2014-04-06 15:07:44.971030

time series is 2431.10 days long
with  582 data points
The most common sample time distance is 3.51 days within the range of [2.23,5.52] days

1% done
10% done
25% done
50% done
75% done
DONE

Process Started on 2014-04-06 15:07:32.170239
It is now          2014-04-06 15:07:54.785103

BEST DELAY=2.24449e+02

INITIAL PARAMETERS (average of lc1 and lc2)
-------------------------------------------
delay      = 224.45
delta_mag  = 0.45
avg_mag    = -10.75
tau        = 1685.72
sigma      = 0.01

Optimization terminated successfully.
         Current function value: -1428.929054
         Iterations: 141
         Function evaluations: 250

INITIAL PARAMETERS (optimization of merged light curve)
-------------------------------------------------------
delay      = 224.45
delta_mag  = 0.45
avg_mag    = -10.83
tau        = 7.86
sigma      = 0.11


-------------
RUNNING EMCEE
-------------

pos
sampler
Process Started on 2014-04-06 15:07:32.170239
It is currently    2014-04-06 15:08:06.071293
burn-in sampler.run_mcmc
	Mean acceptance fraction: 0.462
	Errors based on 16th, 50th, and 84th percentile
	Param     	MC_rec	err_up	err_low
	delay     	2.24e+02	+2.94e-02	-6.99e-03
	delta_mag 	5.39e-01	+5.92e-03	-9.92e-03
	sigma     	9.66e-02	+3.13e-03	-2.68e-03
	tau       	7.86e+00	+9.06e-02	-5.02e-02
	avg_mag   	-1.09e+01	+1.53e-02	-1.64e-02
Process Started on 2014-04-06 15:07:32.170239
It is currently    2014-04-06 15:16:40.323028
sampler.run_mcmc
Process Started on 2014-04-06 15:07:32.170239
It is currently    2014-04-06 16:31:55.748267
sampler.chain
90000
Mean acceptance fraction: 0.533
Errors based on 16th, 50th, and 84th percentile
Param     	MC_rec	err_up	err_low
delay     	2.24e+02	+3.61e-03	-3.56e-03
delta_mag 	5.43e-01	+3.00e-03	-3.22e-03
sigma     	8.84e-02	+2.43e-03	-1.83e-03
tau       	1.25e+01	+1.32e+00	-1.52e+00
avg_mag   	-1.09e+01	+1.59e-02	-1.48e-02
Process Started on 2014-04-06 15:07:32.170239
It is currently    2014-04-06 16:32:05.626909
