Process Started on 2014-04-06 15:07:32.435664
The output_tag for this run is: HE0435CD_0p1_2014_04_06_15:07

CRUDE LIGHT CURVE PARAMETERS
----------------------------
parameter lc1   	lc2
----------------------------
sigma     +0.09 	+0.10
tau       +19.55 	+82.65
avg_mag   -10.36 	-10.15


BEGINNING LIGHT CURVE PARAMETER OPTIMIZATION

Optimization terminated successfully.
         Current function value: -1341.884177
         Iterations: 154
         Function evaluations: 292
Optimization terminated successfully.
         Current function value: -1313.752164
         Iterations: 165
         Function evaluations: 309

OPTIMIZED LIGHT CURVE PARAMETERS
--------------------------------
parameter lc1   	lc2
--------------------------------
sigma     +0.01 	+0.01
tau       +1290.42 	+1485.38
avg_mag   -10.28 	-10.04


Process Started on 2014-04-06 15:07:32.435664
It is now          2014-04-06 15:07:46.125383

time series is 2431.10 days long
with  582 data points
The most common sample time distance is 3.51 days within the range of [2.23,5.52] days

1% done
10% done
25% done
50% done
75% done
DONE

Process Started on 2014-04-06 15:07:32.435664
It is now          2014-04-06 15:08:00.302099

BEST DELAY=4.44927e+00

INITIAL PARAMETERS (average of lc1 and lc2)
-------------------------------------------
delay      = 4.45
delta_mag  = 0.24
avg_mag    = -10.28
tau        = 1387.90
sigma      = 0.01

Optimization terminated successfully.
         Current function value: -2639.446904
         Iterations: 170
         Function evaluations: 304

INITIAL PARAMETERS (optimization of merged light curve)
-------------------------------------------------------
delay      = 4.45
delta_mag  = 0.24
avg_mag    = -10.28
tau        = 1458.65
sigma      = 0.01


-------------
RUNNING EMCEE
-------------

pos
sampler
Process Started on 2014-04-06 15:07:32.435664
It is currently    2014-04-06 15:08:16.929124
burn-in sampler.run_mcmc
	Mean acceptance fraction: 0.583
	Errors based on 16th, 50th, and 84th percentile
	Param     	MC_rec	err_up	err_low
	delay     	4.55e+00	+1.32e+00	-6.46e-01
	delta_mag 	2.16e-01	+5.93e-03	-6.71e-03
	sigma     	6.90e-03	+8.01e-04	-6.01e-04
	tau       	1.46e+03	+2.72e+00	-1.56e+00
	avg_mag   	-1.03e+01	+1.16e-01	-1.24e-01
Process Started on 2014-04-06 15:07:32.435664
It is currently    2014-04-06 15:15:09.101599
sampler.run_mcmc
Process Started on 2014-04-06 15:07:32.435664
It is currently    2014-04-06 16:23:04.498593
sampler.chain
90000
Mean acceptance fraction: 0.518
Errors based on 16th, 50th, and 84th percentile
Param     	MC_rec	err_up	err_low
delay     	7.36e+00	+3.92e+00	-4.13e+00
delta_mag 	2.15e-01	+4.82e-03	-4.85e-03
sigma     	6.79e-03	+5.33e-04	-4.99e-04
tau       	4.38e+03	+6.07e+03	-2.88e+03
avg_mag   	-1.03e+01	+2.06e-01	-1.75e-01
Process Started on 2014-04-06 15:07:32.435664
It is currently    2014-04-06 16:23:15.759866
