Process Started on 2014-04-06 15:07:32.843299
The output_tag for this run is: HE0435AB_2014_04_06_15:07

CRUDE LIGHT CURVE PARAMETERS
----------------------------
parameter lc1   	lc2
----------------------------
sigma     +0.14 	+0.08
tau       +72.38 	+84.75
avg_mag   -10.93 	-10.30


BEGINNING LIGHT CURVE PARAMETER OPTIMIZATION

Optimization terminated successfully.
         Current function value: -2947.668643
         Iterations: 174
         Function evaluations: 317
Optimization terminated successfully.
         Current function value: -2422.563624
         Iterations: 151
         Function evaluations: 272

OPTIMIZED LIGHT CURVE PARAMETERS
--------------------------------
parameter lc1   	lc2
--------------------------------
sigma     +0.01 	+0.01
tau       +2534.65 	+408.73
avg_mag   -10.75 	-10.26


Process Started on 2014-04-06 15:07:32.843299
It is now          2014-04-06 15:07:51.027530

time series is 2431.10 days long
with  582 data points
The most common sample time distance is 3.51 days within the range of [2.23,5.52] days

1% done
10% done
25% done
50% done
75% done
DONE

Process Started on 2014-04-06 15:07:32.843299
It is now          2014-04-06 15:08:04.390934

BEST DELAY=-1.35551e+02

INITIAL PARAMETERS (average of lc1 and lc2)
-------------------------------------------
delay      = -135.55
delta_mag  = 0.49
avg_mag    = -10.75
tau        = 1471.69
sigma      = 0.01

Optimization terminated successfully.
         Current function value: -1398.745338
         Iterations: 131
         Function evaluations: 239

INITIAL PARAMETERS (optimization of merged light curve)
-------------------------------------------------------
delay      = -135.55
delta_mag  = 0.49
avg_mag    = -10.84
tau        = 6.93
sigma      = 0.12


-------------
RUNNING EMCEE
-------------

pos
sampler
Process Started on 2014-04-06 15:07:32.843299
It is currently    2014-04-06 15:08:17.424183
burn-in sampler.run_mcmc
	Mean acceptance fraction: 0.472
	Errors based on 16th, 50th, and 84th percentile
	Param     	MC_rec	err_up	err_low
	delay     	-1.36e+02	+1.64e-02	-8.11e-03
	delta_mag 	5.89e-01	+9.30e-03	-1.79e-02
	sigma     	1.04e-01	+6.21e-03	-4.02e-03
	tau       	6.84e+00	+2.59e-02	-3.21e-02
	avg_mag   	-1.09e+01	+2.37e-02	-2.09e-02
Process Started on 2014-04-06 15:07:32.843299
It is currently    2014-04-06 15:16:46.998897
sampler.run_mcmc
Process Started on 2014-04-06 15:07:32.843299
It is currently    2014-04-06 16:33:01.613316
sampler.chain
90000
Mean acceptance fraction: 0.503
Errors based on 16th, 50th, and 84th percentile
Param     	MC_rec	err_up	err_low
delay     	-1.36e+02	+5.35e-03	-1.59e-02
delta_mag 	5.99e-01	+3.15e-03	-3.24e-03
sigma     	9.25e-02	+2.60e-03	-2.02e-03
tau       	1.12e+01	+1.01e+00	-1.26e+00
avg_mag   	-1.09e+01	+1.42e-02	-1.48e-02
Process Started on 2014-04-06 15:07:32.843299
It is currently    2014-04-06 16:33:08.346570
