Process Started on 2014-04-06 15:07:32.491407
The output_tag for this run is: HE0435AD_0p1_2014_04_06_15:07

CRUDE LIGHT CURVE PARAMETERS
----------------------------
parameter lc1   	lc2
----------------------------
sigma     +0.14 	+0.10
tau       +72.38 	+82.65
avg_mag   -10.93 	-10.15


BEGINNING LIGHT CURVE PARAMETER OPTIMIZATION

Optimization terminated successfully.
         Current function value: -1336.872110
         Iterations: 178
         Function evaluations: 325
Optimization terminated successfully.
         Current function value: -1313.752164
         Iterations: 165
         Function evaluations: 309

OPTIMIZED LIGHT CURVE PARAMETERS
--------------------------------
parameter lc1   	lc2
--------------------------------
sigma     +0.01 	+0.01
tau       +2171.94 	+1485.38
avg_mag   -10.74 	-10.04


Process Started on 2014-04-06 15:07:32.491407
It is now          2014-04-06 15:07:54.401521

time series is 2431.10 days long
with  582 data points
The most common sample time distance is 3.51 days within the range of [2.23,5.52] days

1% done
10% done
25% done
50% done
75% done
DONE

Process Started on 2014-04-06 15:07:32.491407
It is now          2014-04-06 15:08:10.671791

BEST DELAY=-1.25551e+02

INITIAL PARAMETERS (average of lc1 and lc2)
-------------------------------------------
delay      = -125.55
delta_mag  = 0.69
avg_mag    = -10.74
tau        = 1828.66
sigma      = 0.01

Optimization terminated successfully.
         Current function value: -2440.486332
         Iterations: 146
         Function evaluations: 276

INITIAL PARAMETERS (optimization of merged light curve)
-------------------------------------------------------
delay      = -125.55
delta_mag  = 0.69
avg_mag    = -10.76
tau        = 1065.49
sigma      = 0.01


-------------
RUNNING EMCEE
-------------

pos
sampler
Process Started on 2014-04-06 15:07:32.491407
It is currently    2014-04-06 15:08:22.488893
burn-in sampler.run_mcmc
	Mean acceptance fraction: 0.571
	Errors based on 16th, 50th, and 84th percentile
	Param     	MC_rec	err_up	err_low
	delay     	-1.25e+02	+6.04e-01	-4.20e-01
	delta_mag 	7.49e-01	+9.09e-03	-9.34e-03
	sigma     	9.49e-03	+8.14e-04	-7.54e-04
	tau       	1.07e+03	+3.97e-01	-2.05e-01
	avg_mag   	-1.08e+01	+1.12e-01	-1.34e-01
Process Started on 2014-04-06 15:07:32.491407
It is currently    2014-04-06 15:18:08.763339
sampler.run_mcmc
Process Started on 2014-04-06 15:07:32.491407
It is currently    2014-04-06 16:35:39.781815
sampler.chain
90000
Mean acceptance fraction: 0.517
Errors based on 16th, 50th, and 84th percentile
Param     	MC_rec	err_up	err_low
delay     	1.61e+01	+3.16e+00	-3.81e+00
delta_mag 	7.84e-01	+5.49e-03	-5.87e-03
sigma     	7.96e-03	+6.85e-04	-5.93e-04
tau       	4.25e+03	+4.03e+03	-2.81e+03
avg_mag   	-1.08e+01	+2.21e-01	-2.04e-01
Process Started on 2014-04-06 15:07:32.491407
It is currently    2014-04-06 16:35:48.300971
