Process Started on 2014-04-06 15:07:32.274207
The output_tag for this run is: HE0435BD_0p1_2014_04_06_15:07

CRUDE LIGHT CURVE PARAMETERS
----------------------------
parameter lc1   	lc2
----------------------------
sigma     +0.08 	+0.10
tau       +84.75 	+82.65
avg_mag   -10.30 	-10.15


BEGINNING LIGHT CURVE PARAMETER OPTIMIZATION

Optimization terminated successfully.
         Current function value: -1336.249373
         Iterations: 166
         Function evaluations: 311
Optimization terminated successfully.
         Current function value: -1313.752164
         Iterations: 165
         Function evaluations: 309

OPTIMIZED LIGHT CURVE PARAMETERS
--------------------------------
parameter lc1   	lc2
--------------------------------
sigma     +0.01 	+0.01
tau       +1563.67 	+1485.38
avg_mag   -10.21 	-10.04


Process Started on 2014-04-06 15:07:32.274207
It is now          2014-04-06 15:07:45.348989

time series is 2431.10 days long
with  582 data points
The most common sample time distance is 3.51 days within the range of [2.23,5.52] days

1% done
10% done
25% done
50% done
75% done
DONE

Process Started on 2014-04-06 15:07:32.274207
It is now          2014-04-06 15:07:58.011089

BEST DELAY=4.44927e+00

INITIAL PARAMETERS (average of lc1 and lc2)
-------------------------------------------
delay      = 4.45
delta_mag  = 0.17
avg_mag    = -10.21
tau        = 1524.53
sigma      = 0.01

Optimization terminated successfully.
         Current function value: -2690.473310
         Iterations: 154
         Function evaluations: 285

INITIAL PARAMETERS (optimization of merged light curve)
-------------------------------------------------------
delay      = 4.45
delta_mag  = 0.17
avg_mag    = -10.22
tau        = 1583.14
sigma      = 0.01


-------------
RUNNING EMCEE
-------------

pos
sampler
Process Started on 2014-04-06 15:07:32.274207
It is currently    2014-04-06 15:08:14.461020
burn-in sampler.run_mcmc
	Mean acceptance fraction: 0.588
	Errors based on 16th, 50th, and 84th percentile
	Param     	MC_rec	err_up	err_low
	delay     	4.45e+00	+7.54e-01	-1.17e+00
	delta_mag 	1.61e-01	+5.74e-03	-6.01e-03
	sigma     	6.93e-03	+7.90e-04	-6.16e-04
	tau       	1.58e+03	+3.09e+00	-3.50e+00
	avg_mag   	-1.02e+01	+1.14e-01	-1.09e-01
Process Started on 2014-04-06 15:07:32.274207
It is currently    2014-04-06 15:15:49.008163
sampler.run_mcmc
Process Started on 2014-04-06 15:07:32.274207
It is currently    2014-04-06 16:20:24.369308
sampler.chain
90000
Mean acceptance fraction: 0.519
Errors based on 16th, 50th, and 84th percentile
Param     	MC_rec	err_up	err_low
delay     	2.70e+00	+3.42e+00	-3.22e+00
delta_mag 	1.60e-01	+4.72e-03	-4.81e-03
sigma     	6.81e-03	+5.50e-04	-5.06e-04
tau       	5.15e+03	+6.34e+03	-3.53e+03
avg_mag   	-1.02e+01	+2.28e-01	-1.99e-01
Process Started on 2014-04-06 15:07:32.274207
It is currently    2014-04-06 16:20:35.589048
