Process Started on 2014-04-06 15:07:32.625221
The output_tag for this run is: HE0435BC_2014_04_06_15:07

CRUDE LIGHT CURVE PARAMETERS
----------------------------
parameter lc1   	lc2
----------------------------
sigma     +0.08 	+0.09
tau       +84.75 	+19.55
avg_mag   -10.30 	-10.36


BEGINNING LIGHT CURVE PARAMETER OPTIMIZATION

Optimization terminated successfully.
         Current function value: -2422.563624
         Iterations: 151
         Function evaluations: 272
Optimization terminated successfully.
         Current function value: -2659.731616
         Iterations: 172
         Function evaluations: 318

OPTIMIZED LIGHT CURVE PARAMETERS
--------------------------------
parameter lc1   	lc2
--------------------------------
sigma     +0.01 	+0.01
tau       +408.73 	+836.78
avg_mag   -10.26 	-10.31


Process Started on 2014-04-06 15:07:32.625221
It is now          2014-04-06 15:07:46.936750

time series is 2431.10 days long
with  582 data points
The most common sample time distance is 3.51 days within the range of [2.23,5.52] days

1% done
10% done
25% done
50% done
75% done
DONE

Process Started on 2014-04-06 15:07:32.625221
It is now          2014-04-06 15:07:59.083019

BEST DELAY=-5.55073e+00

INITIAL PARAMETERS (average of lc1 and lc2)
-------------------------------------------
delay      = -5.55
delta_mag  = -0.05
avg_mag    = -10.26
tau        = 622.75
sigma      = 0.01

Optimization terminated successfully.
         Current function value: -4014.057503
         Iterations: 117
         Function evaluations: 213

INITIAL PARAMETERS (optimization of merged light curve)
-------------------------------------------------------
delay      = -5.55
delta_mag  = -0.05
avg_mag    = -10.30
tau        = 48.32
sigma      = 0.03


-------------
RUNNING EMCEE
-------------

pos
sampler
Process Started on 2014-04-06 15:07:32.625221
It is currently    2014-04-06 15:08:13.520470
burn-in sampler.run_mcmc
	Mean acceptance fraction: 0.531
	Errors based on 16th, 50th, and 84th percentile
	Param     	MC_rec	err_up	err_low
	delay     	-5.61e+00	+4.85e-02	-2.21e-02
	delta_mag 	-5.72e-02	+1.37e-03	-1.18e-03
	sigma     	2.81e-02	+8.53e-04	-9.45e-04
	tau       	4.83e+01	+1.90e-01	-1.27e-01
	avg_mag   	-1.03e+01	+1.94e-02	-2.05e-02
Process Started on 2014-04-06 15:07:32.625221
It is currently    2014-04-06 15:17:56.384288
sampler.run_mcmc
Process Started on 2014-04-06 15:07:32.625221
It is currently    2014-04-06 16:39:27.219383
sampler.chain
90000
Mean acceptance fraction: 0.546
Errors based on 16th, 50th, and 84th percentile
Param     	MC_rec	err_up	err_low
delay     	-5.63e+00	+1.60e-02	-1.56e-02
delta_mag 	-5.79e-02	+9.17e-04	-9.24e-04
sigma     	2.73e-02	+8.20e-04	-8.26e-04
tau       	6.95e+01	+1.92e+01	-1.46e+01
avg_mag   	-1.03e+01	+2.90e-02	-2.80e-02
Process Started on 2014-04-06 15:07:32.625221
It is currently    2014-04-06 16:39:33.895350
