
SIMULATION PARAMETERS
Namespace(avg_mag=19.0, delay=1.5, delta_mag=0.3, numorbits=40, outputtag='hubble_sim_r1184', photometricerror=0.05, redshift=0.658, sigma=0.07, tau=121.0)

Process Started on 2014-04-07 04:12:20.467189
The output_tag for this run is: hubble_sim_r1184_2014_04_07_04:12

CRUDE LIGHT CURVE PARAMETERS
----------------------------
parameter lc1   	lc2
----------------------------
sigma     +0.34 	+0.22
tau       +0.07 	+0.04
avg_mag   +19.26 	+19.55


BEGINNING LIGHT CURVE PARAMETER OPTIMIZATION

Optimization terminated successfully.
         Current function value: -404.451006
         Iterations: 103
         Function evaluations: 184
Optimization terminated successfully.
         Current function value: -415.194131
         Iterations: 54
         Function evaluations: 103

OPTIMIZED LIGHT CURVE PARAMETERS
--------------------------------
parameter lc1   	lc2
--------------------------------
sigma     +0.06 	+0.00
tau       +0.80 	+0.05
avg_mag   +19.25 	+19.55


Process Started on 2014-04-07 04:12:20.467189
It is now          2014-04-07 04:12:20.986299

time series is 2.50 days long
with  106 data points
The most common sample time distance is 0.01 days within the range of [0.02,0.01] days

1% done
10% done
25% done
50% done
75% done
DONE

Process Started on 2014-04-07 04:12:20.467189
It is now          2014-04-07 04:12:21.299366

BEST DELAY=-6.51613e-01

INITIAL PARAMETERS (average of lc1 and lc2)
-------------------------------------------
delay      = -0.65
delta_mag  = 0.30
avg_mag    = 19.25
tau        = 0.43
sigma      = 0.03

Optimization terminated successfully.
         Current function value: -812.791273
         Iterations: 107
         Function evaluations: 192

INITIAL PARAMETERS (optimization of merged light curve)
-------------------------------------------------------
delay      = -0.65
delta_mag  = 0.30
avg_mag    = 19.25
tau        = 0.67
sigma      = 0.04


-------------
RUNNING EMCEE
-------------

pos
sampler
Process Started on 2014-04-07 04:12:20.467189
It is currently    2014-04-07 04:12:22.987395
burn-in sampler.run_mcmc
	Mean acceptance fraction: 0.575
	Errors based on 16th, 50th, and 84th percentile
	Param     	MC_rec	err_up	err_low
	delay     	-6.69e-01	+1.07e-01	-7.93e-02
	delta_mag 	2.85e-01	+6.38e-03	-6.86e-03
	sigma     	5.01e-02	+8.82e-03	-8.11e-03
	tau       	6.83e-01	+1.84e-01	-1.23e-01
	avg_mag   	1.93e+01	+1.28e-02	-1.46e-02
Process Started on 2014-04-07 04:12:20.467189
It is currently    2014-04-07 04:13:08.300227
sampler.run_mcmc
Process Started on 2014-04-07 04:12:20.467189
It is currently    2014-04-07 04:19:05.761490
sampler.chain
90000
Mean acceptance fraction: 0.502
Errors based on 16th, 50th, and 84th percentile
Param     	MC_rec	err_up	err_low
delay     	-6.78e-01	+9.34e-02	-7.06e-02
delta_mag 	2.83e-01	+5.51e-03	-5.77e-03
sigma     	4.57e-02	+7.95e-03	-6.85e-03
tau       	2.27e+00	+2.57e+00	-1.34e+00
avg_mag   	1.93e+01	+2.51e-02	-2.70e-02
Process Started on 2014-04-07 04:12:20.467189
It is currently    2014-04-07 04:19:12.124735
