
SIMULATION PARAMETERS
Namespace(avg_mag=19.0, delay=1.5, delta_mag=0.3, numorbits=80, outputtag='hubble_sim_r24', photometricerror=0.02, redshift=0.658, sigma=0.07, tau=121.0)

Process Started on 2014-04-06 20:14:15.542573
The output_tag for this run is: hubble_sim_r24_2014_04_06_20:14

CRUDE LIGHT CURVE PARAMETERS
----------------------------
parameter lc1   	lc2
----------------------------
sigma     +0.40 	+0.37
tau       +0.10 	+0.02
avg_mag   +18.87 	+19.14


BEGINNING LIGHT CURVE PARAMETER OPTIMIZATION

Optimization terminated successfully.
         Current function value: -1144.802769
         Iterations: 126
         Function evaluations: 228
Optimization terminated successfully.
         Current function value: -1162.540293
         Iterations: 133
         Function evaluations: 242

OPTIMIZED LIGHT CURVE PARAMETERS
--------------------------------
parameter lc1   	lc2
--------------------------------
sigma     +0.05 	+0.04
tau       +1.54 	+2.95
avg_mag   +18.85 	+19.14


Process Started on 2014-04-06 20:14:15.542573
It is now          2014-04-06 20:14:18.585302

time series is 5.01 days long
with  219 data points
The most common sample time distance is 0.01 days within the range of [0.01,0.01] days

1% done
10% done
25% done
50% done
75% done
DONE

Process Started on 2014-04-06 20:14:15.542573
It is now          2014-04-06 20:14:19.648253

BEST DELAY=1.49325e+00

INITIAL PARAMETERS (average of lc1 and lc2)
-------------------------------------------
delay      = 1.49
delta_mag  = 0.28
avg_mag    = 18.85
tau        = 2.25
sigma      = 0.05

Optimization terminated successfully.
         Current function value: -2325.896354
         Iterations: 148
         Function evaluations: 275

INITIAL PARAMETERS (optimization of merged light curve)
-------------------------------------------------------
delay      = 1.49
delta_mag  = 0.28
avg_mag    = 18.84
tau        = 1.84
sigma      = 0.05


-------------
RUNNING EMCEE
-------------

pos
sampler
Process Started on 2014-04-06 20:14:15.542573
It is currently    2014-04-06 20:14:24.874932
burn-in sampler.run_mcmc
	Mean acceptance fraction: 0.559
	Errors based on 16th, 50th, and 84th percentile
	Param     	MC_rec	err_up	err_low
	delay     	1.50e+00	+6.27e-03	-6.14e-03
	delta_mag 	2.99e-01	+2.06e-03	-2.15e-03
	sigma     	5.35e-02	+3.91e-03	-3.90e-03
	tau       	1.84e+00	+8.70e-02	-8.63e-02
	avg_mag   	1.88e+01	+1.98e-02	-2.09e-02
Process Started on 2014-04-06 20:14:15.542573
It is currently    2014-04-06 20:16:43.502628
sampler.run_mcmc
Process Started on 2014-04-06 20:14:15.542573
It is currently    2014-04-06 20:35:54.131203
sampler.chain
90000
Mean acceptance fraction: 0.515
Errors based on 16th, 50th, and 84th percentile
Param     	MC_rec	err_up	err_low
delay     	1.50e+00	+5.99e-03	-6.03e-03
delta_mag 	3.00e-01	+1.65e-03	-1.74e-03
sigma     	5.16e-02	+3.38e-03	-3.22e-03
tau       	6.42e+00	+6.98e+00	-3.73e+00
avg_mag   	1.88e+01	+4.76e-02	-5.80e-02
Process Started on 2014-04-06 20:14:15.542573
It is currently    2014-04-06 20:36:04.122700
