
SIMULATION PARAMETERS
Namespace(avg_mag=19.0, delay=1.5, delta_mag=0.3, numorbits=80, outputtag='hubble_sim_r263', photometricerror=0.1, redshift=0.658, sigma=0.07, tau=121.0)

Process Started on 2014-04-07 00:29:34.102785
The output_tag for this run is: hubble_sim_r263_2014_04_07_00:29

CRUDE LIGHT CURVE PARAMETERS
----------------------------
parameter lc1   	lc2
----------------------------
sigma     +0.42 	+0.36
tau       +0.04 	+0.03
avg_mag   +19.07 	+19.40


BEGINNING LIGHT CURVE PARAMETER OPTIMIZATION

Optimization terminated successfully.
         Current function value: -569.132794
         Iterations: 117
         Function evaluations: 215
Optimization terminated successfully.
         Current function value: -571.281249
         Iterations: 52
         Function evaluations: 100

OPTIMIZED LIGHT CURVE PARAMETERS
--------------------------------
parameter lc1   	lc2
--------------------------------
sigma     +0.06 	+0.00
tau       +0.81 	+0.05
avg_mag   +19.07 	+19.40


Process Started on 2014-04-07 00:29:34.102785
It is now          2014-04-07 00:29:36.170106

time series is 5.01 days long
with  218 data points
The most common sample time distance is 0.01 days within the range of [0.01,0.02] days

1% done
10% done
25% done
50% done
75% done
DONE

Process Started on 2014-04-07 00:29:34.102785
It is now          2014-04-07 00:29:37.252082

BEST DELAY=1.49613e+00

INITIAL PARAMETERS (average of lc1 and lc2)
-------------------------------------------
delay      = 1.50
delta_mag  = 0.33
avg_mag    = 19.07
tau        = 0.43
sigma      = 0.03

Optimization terminated successfully.
         Current function value: -1152.535380
         Iterations: 109
         Function evaluations: 192

INITIAL PARAMETERS (optimization of merged light curve)
-------------------------------------------------------
delay      = 1.50
delta_mag  = 0.33
avg_mag    = 19.07
tau        = 0.78
sigma      = 0.05


-------------
RUNNING EMCEE
-------------

pos
sampler
Process Started on 2014-04-07 00:29:34.102785
It is currently    2014-04-07 00:29:42.027624
burn-in sampler.run_mcmc
	Mean acceptance fraction: 0.584
	Errors based on 16th, 50th, and 84th percentile
	Param     	MC_rec	err_up	err_low
	delay     	1.49e+00	+7.03e-02	-7.10e-02
	delta_mag 	3.08e-01	+8.77e-03	-8.40e-03
	sigma     	5.79e-02	+9.74e-03	-8.83e-03
	tau       	8.62e-01	+3.95e-01	-2.00e-01
	avg_mag   	1.91e+01	+1.51e-02	-1.65e-02
Process Started on 2014-04-07 00:29:34.102785
It is currently    2014-04-07 00:32:02.904725
sampler.run_mcmc
Process Started on 2014-04-07 00:29:34.102785
It is currently    2014-04-07 00:51:40.845985
sampler.chain
90000
Mean acceptance fraction: 0.513
Errors based on 16th, 50th, and 84th percentile
Param     	MC_rec	err_up	err_low
delay     	1.50e+00	+7.02e-02	-6.97e-02
delta_mag 	3.05e-01	+7.93e-03	-8.12e-03
sigma     	5.18e-02	+8.49e-03	-7.79e-03
tau       	2.41e+00	+2.81e+00	-1.31e+00
avg_mag   	1.91e+01	+2.58e-02	-2.81e-02
Process Started on 2014-04-07 00:29:34.102785
It is currently    2014-04-07 00:51:51.532768
