
SIMULATION PARAMETERS
Namespace(avg_mag=19.0, delay=1.5, delta_mag=0.3, numorbits=40, outputtag='hubble_sim_r1207', photometricerror=0.1, redshift=0.658, sigma=0.07, tau=121.0)

Process Started on 2014-04-07 04:35:25.447058
The output_tag for this run is: hubble_sim_r1207_2014_04_07_04:35

CRUDE LIGHT CURVE PARAMETERS
----------------------------
parameter lc1   	lc2
----------------------------
sigma     +0.14 	+0.32
tau       +0.20 	+0.02
avg_mag   +18.70 	+19.02


BEGINNING LIGHT CURVE PARAMETER OPTIMIZATION

Optimization terminated successfully.
         Current function value: -322.195624
         Iterations: 48
         Function evaluations: 92
Optimization terminated successfully.
         Current function value: -318.052593
         Iterations: 63
         Function evaluations: 113

OPTIMIZED LIGHT CURVE PARAMETERS
--------------------------------
parameter lc1   	lc2
--------------------------------
sigma     +0.00 	+0.00
tau       +0.27 	+0.02
avg_mag   +18.70 	+19.02


Process Started on 2014-04-07 04:35:25.447058
It is now          2014-04-07 04:35:25.852768

time series is 2.51 days long
with  118 data points
The most common sample time distance is 0.00 days within the range of [0.02,0.01] days

1% done
10% done
25% done
50% done
75% done
DONE

Process Started on 2014-04-07 04:35:25.447058
It is now          2014-04-07 04:35:26.178664

BEST DELAY=1.24549e+00

INITIAL PARAMETERS (average of lc1 and lc2)
-------------------------------------------
delay      = 1.25
delta_mag  = 0.32
avg_mag    = 18.70
tau        = 0.15
sigma      = 0.00

Optimization terminated successfully.
         Current function value: -640.248217
         Iterations: 68
         Function evaluations: 128

INITIAL PARAMETERS (optimization of merged light curve)
-------------------------------------------------------
delay      = 1.25
delta_mag  = 0.32
avg_mag    = 18.70
tau        = 2.34
sigma      = 0.00


-------------
RUNNING EMCEE
-------------

pos
sampler
Process Started on 2014-04-07 04:35:25.447058
It is currently    2014-04-07 04:35:27.690720
burn-in sampler.run_mcmc
	Mean acceptance fraction: 0.270
	Errors based on 16th, 50th, and 84th percentile
	Param     	MC_rec	err_up	err_low
	delay     	1.25e+00	+9.62e-03	-1.03e-02
	delta_mag 	3.19e-01	+5.10e-03	-6.60e-03
	sigma     	1.70e-05	+1.85e-05	-7.33e-05
	tau       	2.34e+00	+3.15e-02	-2.60e-02
	avg_mag   	1.87e+01	+3.10e-03	-5.03e-03
Process Started on 2014-04-07 04:35:25.447058
It is currently    2014-04-07 04:35:50.539870
sampler.run_mcmc
Process Started on 2014-04-07 04:35:25.447058
It is currently    2014-04-07 04:39:41.461454
sampler.chain
90000
Mean acceptance fraction: 0.334
Errors based on 16th, 50th, and 84th percentile
Param     	MC_rec	err_up	err_low
delay     	1.25e+00	+7.42e-01	-7.69e-01
delta_mag 	3.19e-01	+8.74e-03	-8.45e-03
sigma     	1.89e-05	+1.50e-05	-1.48e-05
tau       	7.50e+00	+1.05e+01	-5.16e+00
avg_mag   	1.87e+01	+5.66e-03	-6.56e-03
Process Started on 2014-04-07 04:35:25.447058
It is currently    2014-04-07 04:39:47.774286
