
SIMULATION PARAMETERS
Namespace(avg_mag=19.0, delay=1.5, delta_mag=0.3, numorbits=40, outputtag='hubble_sim_r1262', photometricerror=0.1, redshift=0.658, sigma=0.07, tau=121.0)

Process Started on 2014-04-07 05:30:36.756129
The output_tag for this run is: hubble_sim_r1262_2014_04_07_05:30

CRUDE LIGHT CURVE PARAMETERS
----------------------------
parameter lc1   	lc2
----------------------------
sigma     +0.78 	+0.49
tau       +0.03 	+0.03
avg_mag   +18.32 	+18.73


BEGINNING LIGHT CURVE PARAMETER OPTIMIZATION

Optimization terminated successfully.
         Current function value: -283.518482
         Iterations: 121
         Function evaluations: 219
Optimization terminated successfully.
         Current function value: -281.549653
         Iterations: 56
         Function evaluations: 102

OPTIMIZED LIGHT CURVE PARAMETERS
--------------------------------
parameter lc1   	lc2
--------------------------------
sigma     +0.08 	+0.00
tau       +1.86 	+0.03
avg_mag   +18.34 	+18.73


Process Started on 2014-04-07 05:30:36.756129
It is now          2014-04-07 05:30:37.378684

time series is 2.51 days long
with  111 data points
The most common sample time distance is 0.01 days within the range of [0.02,0.01] days

1% done
10% done
25% done
50% done
75% done
DONE

Process Started on 2014-04-07 05:30:36.756129
It is now          2014-04-07 05:30:37.698967

BEST DELAY=8.45158e-01

INITIAL PARAMETERS (average of lc1 and lc2)
-------------------------------------------
delay      = 0.85
delta_mag  = 0.39
avg_mag    = 18.34
tau        = 0.95
sigma      = 0.04

Optimization terminated successfully.
         Current function value: -576.178546
         Iterations: 117
         Function evaluations: 210

INITIAL PARAMETERS (optimization of merged light curve)
-------------------------------------------------------
delay      = 0.85
delta_mag  = 0.39
avg_mag    = 18.32
tau        = 1.35
sigma      = 0.07


-------------
RUNNING EMCEE
-------------

pos
sampler
Process Started on 2014-04-07 05:30:36.756129
It is currently    2014-04-07 05:30:39.484330
burn-in sampler.run_mcmc
	Mean acceptance fraction: 0.581
	Errors based on 16th, 50th, and 84th percentile
	Param     	MC_rec	err_up	err_low
	delay     	9.41e-01	+2.60e-01	-1.13e-01
	delta_mag 	3.68e-01	+1.88e-02	-2.48e-02
	sigma     	7.16e-02	+1.24e-02	-1.24e-02
	tau       	1.42e+00	+4.34e-01	-2.73e-01
	avg_mag   	1.83e+01	+3.04e-02	-3.17e-02
Process Started on 2014-04-07 05:30:36.756129
It is currently    2014-04-07 05:31:27.144842
sampler.run_mcmc
Process Started on 2014-04-07 05:30:36.756129
It is currently    2014-04-07 05:37:52.033143
sampler.chain
90000
Mean acceptance fraction: 0.510
Errors based on 16th, 50th, and 84th percentile
Param     	MC_rec	err_up	err_low
delay     	1.38e+00	+1.64e-01	-2.49e-01
delta_mag 	3.25e-01	+2.84e-02	-2.49e-02
sigma     	6.68e-02	+1.13e-02	-9.99e-03
tau       	6.05e+00	+4.70e+00	-3.35e+00
avg_mag   	1.83e+01	+7.09e-02	-6.93e-02
Process Started on 2014-04-07 05:30:36.756129
It is currently    2014-04-07 05:37:58.632863
