
SIMULATION PARAMETERS
Namespace(avg_mag=19.0, delay=1.5, delta_mag=0.3, numorbits=80, outputtag='hubble_sim_r10', photometricerror=0.02, redshift=0.658, sigma=0.07, tau=121.0)

Process Started on 2014-04-06 19:54:23.524935
The output_tag for this run is: hubble_sim_r10_2014_04_06_19:54

CRUDE LIGHT CURVE PARAMETERS
----------------------------
parameter lc1   	lc2
----------------------------
sigma     +0.49 	+1.45
tau       +0.03 	+0.00
avg_mag   +18.84 	+19.10


BEGINNING LIGHT CURVE PARAMETER OPTIMIZATION

Optimization terminated successfully.
         Current function value: -1095.253513
         Iterations: 132
         Function evaluations: 243
Optimization terminated successfully.
         Current function value: -1100.685466
         Iterations: 196
         Function evaluations: 341

OPTIMIZED LIGHT CURVE PARAMETERS
--------------------------------
parameter lc1   	lc2
--------------------------------
sigma     +0.05 	+0.05
tau       +3.21 	+4.32
avg_mag   +18.83 	+19.09


Process Started on 2014-04-06 19:54:23.524935
It is now          2014-04-06 19:54:25.601517

time series is 5.01 days long
with  210 data points
The most common sample time distance is 0.01 days within the range of [0.01,0.01] days

1% done
10% done
25% done
50% done
75% done
DONE

Process Started on 2014-04-06 19:54:23.524935
It is now          2014-04-06 19:54:26.222997

BEST DELAY=1.39669e+00

INITIAL PARAMETERS (average of lc1 and lc2)
-------------------------------------------
delay      = 1.40
delta_mag  = 0.26
avg_mag    = 18.83
tau        = 3.76
sigma      = 0.05

Optimization terminated successfully.
         Current function value: -2040.571996
         Iterations: 141
         Function evaluations: 247

INITIAL PARAMETERS (optimization of merged light curve)
-------------------------------------------------------
delay      = 1.40
delta_mag  = 0.26
avg_mag    = 18.83
tau        = 3.09
sigma      = 0.05


-------------
RUNNING EMCEE
-------------

pos
sampler
Process Started on 2014-04-06 19:54:23.524935
It is currently    2014-04-06 19:54:29.393788
burn-in sampler.run_mcmc
	Mean acceptance fraction: 0.525
	Errors based on 16th, 50th, and 84th percentile
	Param     	MC_rec	err_up	err_low
	delay     	1.49e+00	+1.22e-02	-2.71e-02
	delta_mag 	2.99e-01	+2.42e-03	-2.88e-03
	sigma     	5.54e-02	+4.85e-03	-4.61e-03
	tau       	3.15e+00	+4.15e-02	-2.91e-02
	avg_mag   	1.88e+01	+4.46e-02	-4.20e-02
Process Started on 2014-04-06 19:54:23.524935
It is currently    2014-04-06 19:56:06.915284
sampler.run_mcmc
Process Started on 2014-04-06 19:54:23.524935
It is currently    2014-04-06 20:15:08.700218
sampler.chain
90000
Mean acceptance fraction: 0.511
Errors based on 16th, 50th, and 84th percentile
Param     	MC_rec	err_up	err_low
delay     	1.50e+00	+6.94e-03	-7.18e-03
delta_mag 	3.00e-01	+1.70e-03	-1.66e-03
sigma     	5.20e-02	+3.75e-03	-3.41e-03
tau       	1.43e+01	+1.06e+01	-8.56e+00
avg_mag   	1.88e+01	+8.11e-02	-8.34e-02
Process Started on 2014-04-06 19:54:23.524935
It is currently    2014-04-06 20:15:17.864532
