
SIMULATION PARAMETERS
Namespace(avg_mag=19.0, delay=1.5, delta_mag=0.3, numorbits=40, outputtag='hubble_sim_r1202', photometricerror=0.1, redshift=0.658, sigma=0.07, tau=121.0)

Process Started on 2014-04-07 04:30:24.370123
The output_tag for this run is: hubble_sim_r1202_2014_04_07_04:30

CRUDE LIGHT CURVE PARAMETERS
----------------------------
parameter lc1   	lc2
----------------------------
sigma     +0.50 	+0.24
tau       +0.07 	+0.06
avg_mag   +18.62 	+18.86


BEGINNING LIGHT CURVE PARAMETER OPTIMIZATION

Optimization terminated successfully.
         Current function value: -278.725118
         Iterations: 112
         Function evaluations: 200
Optimization terminated successfully.
         Current function value: -289.880243
         Iterations: 50
         Function evaluations: 95

OPTIMIZED LIGHT CURVE PARAMETERS
--------------------------------
parameter lc1   	lc2
--------------------------------
sigma     +0.07 	+0.00
tau       +1.48 	+0.08
avg_mag   +18.63 	+18.86


Process Started on 2014-04-07 04:30:24.370123
It is now          2014-04-07 04:30:24.932616

time series is 2.51 days long
with  108 data points
The most common sample time distance is 0.01 days within the range of [0.02,0.01] days

1% done
10% done
25% done
50% done
75% done
DONE

Process Started on 2014-04-07 04:30:24.370123
It is now          2014-04-07 04:30:25.259548

BEST DELAY=-7.52734e-01

INITIAL PARAMETERS (average of lc1 and lc2)
-------------------------------------------
delay      = -0.75
delta_mag  = 0.23
avg_mag    = 18.63
tau        = 0.78
sigma      = 0.03

Optimization terminated successfully.
         Current function value: -564.775171
         Iterations: 102
         Function evaluations: 181

INITIAL PARAMETERS (optimization of merged light curve)
-------------------------------------------------------
delay      = -0.75
delta_mag  = 0.23
avg_mag    = 18.62
tau        = 1.09
sigma      = 0.05


-------------
RUNNING EMCEE
-------------

pos
sampler
Process Started on 2014-04-07 04:30:24.370123
It is currently    2014-04-07 04:30:26.953230
burn-in sampler.run_mcmc
	Mean acceptance fraction: 0.582
	Errors based on 16th, 50th, and 84th percentile
	Param     	MC_rec	err_up	err_low
	delay     	-7.65e-01	+1.09e-01	-1.57e-01
	delta_mag 	2.24e-01	+1.32e-02	-1.51e-02
	sigma     	5.30e-02	+1.46e-02	-1.14e-02
	tau       	1.11e+00	+3.20e-01	-2.26e-01
	avg_mag   	1.86e+01	+2.13e-02	-2.21e-02
Process Started on 2014-04-07 04:30:24.370123
It is currently    2014-04-07 04:31:12.312554
sampler.run_mcmc
Process Started on 2014-04-07 04:30:24.370123
It is currently    2014-04-07 04:36:44.544021
sampler.chain
90000
Mean acceptance fraction: 0.450
Errors based on 16th, 50th, and 84th percentile
Param     	MC_rec	err_up	err_low
delay     	-1.15e+00	+3.19e-01	-7.07e-01
delta_mag 	1.98e-01	+2.46e-02	-4.31e-02
sigma     	4.93e-02	+1.13e-02	-1.01e-02
tau       	4.58e+00	+4.00e+00	-2.72e+00
avg_mag   	1.86e+01	+4.61e-02	-4.24e-02
Process Started on 2014-04-07 04:30:24.370123
It is currently    2014-04-07 04:36:50.737706
