
SIMULATION PARAMETERS
Namespace(avg_mag=19.0, delay=1.5, delta_mag=0.3, numorbits=40, outputtag='hubble_sim_r1157', photometricerror=0.05, redshift=0.658, sigma=0.07, tau=121.0)

Process Started on 2014-04-07 03:45:14.699056
The output_tag for this run is: hubble_sim_r1157_2014_04_07_03:45

CRUDE LIGHT CURVE PARAMETERS
----------------------------
parameter lc1   	lc2
----------------------------
sigma     +0.28 	+0.39
tau       +0.05 	+0.01
avg_mag   +18.67 	+18.98


BEGINNING LIGHT CURVE PARAMETER OPTIMIZATION

Optimization terminated successfully.
         Current function value: -429.067923
         Iterations: 101
         Function evaluations: 178
Optimization terminated successfully.
         Current function value: -426.854133
         Iterations: 50
         Function evaluations: 97

OPTIMIZED LIGHT CURVE PARAMETERS
--------------------------------
parameter lc1   	lc2
--------------------------------
sigma     +0.05 	+0.00
tau       +0.36 	+0.02
avg_mag   +18.67 	+18.98


Process Started on 2014-04-07 03:45:14.699056
It is now          2014-04-07 03:45:15.209617

time series is 2.51 days long
with  111 data points
The most common sample time distance is 0.01 days within the range of [0.02,0.01] days

1% done
10% done
25% done
50% done
75% done
DONE

Process Started on 2014-04-07 03:45:14.699056
It is now          2014-04-07 03:45:15.525349

BEST DELAY=-2.55146e-01

INITIAL PARAMETERS (average of lc1 and lc2)
-------------------------------------------
delay      = -0.26
delta_mag  = 0.31
avg_mag    = 18.67
tau        = 0.19
sigma      = 0.03

Optimization terminated successfully.
         Current function value: -867.983398
         Iterations: 118
         Function evaluations: 213

INITIAL PARAMETERS (optimization of merged light curve)
-------------------------------------------------------
delay      = -0.26
delta_mag  = 0.31
avg_mag    = 18.67
tau        = 0.48
sigma      = 0.04


-------------
RUNNING EMCEE
-------------

pos
sampler
Process Started on 2014-04-07 03:45:14.699056
It is currently    2014-04-07 03:45:17.300612
burn-in sampler.run_mcmc
	Mean acceptance fraction: 0.583
	Errors based on 16th, 50th, and 84th percentile
	Param     	MC_rec	err_up	err_low
	delay     	-2.35e-01	+7.45e-02	-9.15e-02
	delta_mag 	3.09e-01	+5.73e-03	-5.30e-03
	sigma     	4.40e-02	+9.47e-03	-7.67e-03
	tau       	4.68e-01	+7.57e-02	-6.46e-02
	avg_mag   	1.87e+01	+1.00e-02	-9.30e-03
Process Started on 2014-04-07 03:45:14.699056
It is currently    2014-04-07 03:46:03.897271
sampler.run_mcmc
Process Started on 2014-04-07 03:45:14.699056
It is currently    2014-04-07 03:52:16.491922
sampler.chain
90000
Mean acceptance fraction: 0.499
Errors based on 16th, 50th, and 84th percentile
Param     	MC_rec	err_up	err_low
delay     	-2.41e-01	+8.95e-02	-1.38e-01
delta_mag 	3.09e-01	+4.76e-03	-5.10e-03
sigma     	4.22e-02	+8.07e-03	-7.11e-03
tau       	1.19e+00	+1.86e+00	-6.49e-01
avg_mag   	1.87e+01	+1.72e-02	-1.70e-02
Process Started on 2014-04-07 03:45:14.699056
It is currently    2014-04-07 03:52:22.712485
