
SIMULATION PARAMETERS
Namespace(avg_mag=19.0, delay=1.5, delta_mag=0.3, numorbits=80, outputtag='hubble_sim_r279', photometricerror=0.1, redshift=0.658, sigma=0.07, tau=121.0)

Process Started on 2014-04-07 00:45:38.383982
The output_tag for this run is: hubble_sim_r279_2014_04_07_00:45

CRUDE LIGHT CURVE PARAMETERS
----------------------------
parameter lc1   	lc2
----------------------------
sigma     +0.53 	+0.71
tau       +0.10 	+0.00
avg_mag   +18.90 	+19.15


BEGINNING LIGHT CURVE PARAMETER OPTIMIZATION

Optimization terminated successfully.
         Current function value: -567.958187
         Iterations: 114
         Function evaluations: 204
Optimization terminated successfully.
         Current function value: -579.372380
         Iterations: 61
         Function evaluations: 110

OPTIMIZED LIGHT CURVE PARAMETERS
--------------------------------
parameter lc1   	lc2
--------------------------------
sigma     +0.05 	+0.00
tau       +2.74 	+0.01
avg_mag   +18.90 	+19.15


Process Started on 2014-04-07 00:45:38.383982
It is now          2014-04-07 00:45:40.348805

time series is 5.00 days long
with  218 data points
The most common sample time distance is 0.01 days within the range of [0.01,0.01] days

1% done
10% done
25% done
50% done
75% done
DONE

Process Started on 2014-04-07 00:45:38.383982
It is now          2014-04-07 00:45:41.383640

BEST DELAY=1.29799e+00

INITIAL PARAMETERS (average of lc1 and lc2)
-------------------------------------------
delay      = 1.30
delta_mag  = 0.26
avg_mag    = 18.90
tau        = 1.37
sigma      = 0.03

Optimization terminated successfully.
         Current function value: -1141.215024
         Iterations: 108
         Function evaluations: 197

INITIAL PARAMETERS (optimization of merged light curve)
-------------------------------------------------------
delay      = 1.30
delta_mag  = 0.26
avg_mag    = 18.92
tau        = 2.21
sigma      = 0.05


-------------
RUNNING EMCEE
-------------

pos
sampler
Process Started on 2014-04-07 00:45:38.383982
It is currently    2014-04-07 00:45:46.074467
burn-in sampler.run_mcmc
	Mean acceptance fraction: 0.583
	Errors based on 16th, 50th, and 84th percentile
	Param     	MC_rec	err_up	err_low
	delay     	1.45e+00	+1.04e-01	-1.18e-01
	delta_mag 	2.92e-01	+1.04e-02	-9.97e-03
	sigma     	5.20e-02	+1.03e-02	-8.62e-03
	tau       	2.24e+00	+1.96e-01	-1.73e-01
	avg_mag   	1.89e+01	+3.31e-02	-2.98e-02
Process Started on 2014-04-07 00:45:38.383982
It is currently    2014-04-07 00:48:14.610154
sampler.run_mcmc
Process Started on 2014-04-07 00:45:38.383982
It is currently    2014-04-07 01:03:23.146906
sampler.chain
90000
Mean acceptance fraction: 0.506
Errors based on 16th, 50th, and 84th percentile
Param     	MC_rec	err_up	err_low
delay     	1.53e+00	+1.25e-01	-9.81e-02
delta_mag 	2.97e-01	+9.05e-03	-8.55e-03
sigma     	4.88e-02	+8.55e-03	-7.50e-03
tau       	8.40e+00	+8.39e+00	-5.21e+00
avg_mag   	1.89e+01	+6.32e-02	-5.20e-02
Process Started on 2014-04-07 00:45:38.383982
It is currently    2014-04-07 01:03:29.675995
