
SIMULATION PARAMETERS
Namespace(avg_mag=19.0, delay=1.5, delta_mag=0.3, numorbits=80, outputtag='hubble_sim_r239', photometricerror=0.1, redshift=0.658, sigma=0.07, tau=121.0)

Process Started on 2014-04-07 00:03:26.089525
The output_tag for this run is: hubble_sim_r239_2014_04_07_00:03

CRUDE LIGHT CURVE PARAMETERS
----------------------------
parameter lc1   	lc2
----------------------------
sigma     +0.37 	+0.39
tau       +0.03 	+0.14
avg_mag   +19.03 	+19.32


BEGINNING LIGHT CURVE PARAMETER OPTIMIZATION

Optimization terminated successfully.
         Current function value: -569.072565
         Iterations: 48
         Function evaluations: 94
Optimization terminated successfully.
         Current function value: -571.259343
         Iterations: 128
         Function evaluations: 229

OPTIMIZED LIGHT CURVE PARAMETERS
--------------------------------
parameter lc1   	lc2
--------------------------------
sigma     +0.00 	+0.05
tau       +0.05 	+2.39
avg_mag   +19.03 	+19.30


Process Started on 2014-04-07 00:03:26.089525
It is now          2014-04-07 00:03:28.119917

time series is 5.01 days long
with  218 data points
The most common sample time distance is 0.01 days within the range of [0.01,0.01] days

1% done
10% done
25% done
50% done
75% done
DONE

Process Started on 2014-04-07 00:03:26.089525
It is now          2014-04-07 00:03:29.161919

BEST DELAY=1.49659e+00

INITIAL PARAMETERS (average of lc1 and lc2)
-------------------------------------------
delay      = 1.50
delta_mag  = 0.27
avg_mag    = 19.03
tau        = 1.22
sigma      = 0.02

Optimization terminated successfully.
         Current function value: -1150.182260
         Iterations: 114
         Function evaluations: 203

INITIAL PARAMETERS (optimization of merged light curve)
-------------------------------------------------------
delay      = 1.50
delta_mag  = 0.27
avg_mag    = 19.02
tau        = 1.56
sigma      = 0.05


-------------
RUNNING EMCEE
-------------

pos
sampler
Process Started on 2014-04-07 00:03:26.089525
It is currently    2014-04-07 00:03:33.478475
burn-in sampler.run_mcmc
	Mean acceptance fraction: 0.591
	Errors based on 16th, 50th, and 84th percentile
	Param     	MC_rec	err_up	err_low
	delay     	1.51e+00	+8.05e-02	-8.10e-02
	delta_mag 	2.96e-01	+8.56e-03	-8.82e-03
	sigma     	4.98e-02	+9.20e-03	-8.09e-03
	tau       	1.63e+00	+3.39e-01	-2.16e-01
	avg_mag   	1.90e+01	+2.21e-02	-2.18e-02
Process Started on 2014-04-07 00:03:26.089525
It is currently    2014-04-07 00:05:56.247241
sampler.run_mcmc
Process Started on 2014-04-07 00:03:26.089525
It is currently    2014-04-07 00:21:44.585663
sampler.chain
90000
Mean acceptance fraction: 0.508
Errors based on 16th, 50th, and 84th percentile
Param     	MC_rec	err_up	err_low
delay     	1.50e+00	+8.79e-02	-8.59e-02
delta_mag 	3.00e-01	+7.96e-03	-7.94e-03
sigma     	4.52e-02	+7.91e-03	-6.96e-03
tau       	6.20e+00	+5.74e+00	-3.67e+00
avg_mag   	1.90e+01	+3.96e-02	-4.94e-02
Process Started on 2014-04-07 00:03:26.089525
It is currently    2014-04-07 00:21:51.126494
