
SIMULATION PARAMETERS
Namespace(avg_mag=19.0, delay=1.5, delta_mag=0.3, numorbits=80, outputtag='hubble_sim_r203', photometricerror=0.1, redshift=0.658, sigma=0.07, tau=121.0)

Process Started on 2014-04-06 23:24:13.457635
The output_tag for this run is: hubble_sim_r203_2014_04_06_23:24

CRUDE LIGHT CURVE PARAMETERS
----------------------------
parameter lc1   	lc2
----------------------------
sigma     +0.40 	+0.25
tau       +0.04 	+0.17
avg_mag   +20.59 	+20.88


BEGINNING LIGHT CURVE PARAMETER OPTIMIZATION

Optimization terminated successfully.
         Current function value: -538.772212
         Iterations: 60
         Function evaluations: 112
Optimization terminated successfully.
         Current function value: -560.730888
         Iterations: 137
         Function evaluations: 243

OPTIMIZED LIGHT CURVE PARAMETERS
--------------------------------
parameter lc1   	lc2
--------------------------------
sigma     +0.00 	+0.04
tau       +0.05 	+0.69
avg_mag   +20.59 	+20.88


Process Started on 2014-04-06 23:24:13.457635
It is now          2014-04-06 23:24:14.895074

time series is 5.00 days long
with  211 data points
The most common sample time distance is 0.01 days within the range of [0.01,0.01] days

1% done
10% done
25% done
50% done
75% done
DONE

Process Started on 2014-04-06 23:24:13.457635
It is now          2014-04-06 23:24:15.521986

BEST DELAY=1.49904e+00

INITIAL PARAMETERS (average of lc1 and lc2)
-------------------------------------------
delay      = 1.50
delta_mag  = 0.29
avg_mag    = 20.59
tau        = 0.37
sigma      = 0.02

Optimization terminated successfully.
         Current function value: -1123.997974
         Iterations: 99
         Function evaluations: 180

INITIAL PARAMETERS (optimization of merged light curve)
-------------------------------------------------------
delay      = 1.50
delta_mag  = 0.29
avg_mag    = 20.61
tau        = 1.57
sigma      = 0.04


-------------
RUNNING EMCEE
-------------

pos
sampler
Process Started on 2014-04-06 23:24:13.457635
It is currently    2014-04-06 23:24:18.977309
burn-in sampler.run_mcmc
	Mean acceptance fraction: 0.579
	Errors based on 16th, 50th, and 84th percentile
	Param     	MC_rec	err_up	err_low
	delay     	1.49e+00	+8.39e-02	-9.00e-02
	delta_mag 	2.99e-01	+9.00e-03	-8.76e-03
	sigma     	4.43e-02	+9.72e-03	-9.48e-03
	tau       	1.57e+00	+1.31e-01	-1.13e-01
	avg_mag   	2.06e+01	+1.88e-02	-2.24e-02
Process Started on 2014-04-06 23:24:13.457635
It is currently    2014-04-06 23:26:44.628979
sampler.run_mcmc
Process Started on 2014-04-06 23:24:13.457635
It is currently    2014-04-06 23:45:28.250248
sampler.chain
90000
Mean acceptance fraction: 0.509
Errors based on 16th, 50th, and 84th percentile
Param     	MC_rec	err_up	err_low
delay     	1.49e+00	+1.26e-01	-1.27e-01
delta_mag 	2.99e-01	+8.09e-03	-7.72e-03
sigma     	3.88e-02	+8.27e-03	-6.59e-03
tau       	6.07e+00	+5.96e+00	-3.74e+00
avg_mag   	2.06e+01	+4.07e-02	-3.42e-02
Process Started on 2014-04-06 23:24:13.457635
It is currently    2014-04-06 23:45:39.112450
