
SIMULATION PARAMETERS
Namespace(avg_mag=19.0, delay=1.5, delta_mag=0.3, numorbits=80, outputtag='hubble_sim_r265', photometricerror=0.1, redshift=0.658, sigma=0.07, tau=121.0)

Process Started on 2014-04-07 00:31:34.542798
The output_tag for this run is: hubble_sim_r265_2014_04_07_00:31

CRUDE LIGHT CURVE PARAMETERS
----------------------------
parameter lc1   	lc2
----------------------------
sigma     +0.65 	+0.81
tau       +0.04 	+0.02
avg_mag   +18.42 	+18.66


BEGINNING LIGHT CURVE PARAMETER OPTIMIZATION

Optimization terminated successfully.
         Current function value: -571.071246
         Iterations: 120
         Function evaluations: 215
Optimization terminated successfully.
         Current function value: -568.104579
         Iterations: 189
         Function evaluations: 324

OPTIMIZED LIGHT CURVE PARAMETERS
--------------------------------
parameter lc1   	lc2
--------------------------------
sigma     +0.05 	+0.06
tau       +3.89 	+4.36
avg_mag   +18.43 	+18.67


Process Started on 2014-04-07 00:31:34.542798
It is now          2014-04-07 00:31:37.986122

time series is 5.00 days long
with  219 data points
The most common sample time distance is 0.01 days within the range of [0.01,0.01] days

1% done
10% done
25% done
50% done
75% done
DONE

Process Started on 2014-04-07 00:31:34.542798
It is now          2014-04-07 00:31:39.032776

BEST DELAY=-9.00592e-01

INITIAL PARAMETERS (average of lc1 and lc2)
-------------------------------------------
delay      = -0.90
delta_mag  = 0.23
avg_mag    = 18.43
tau        = 4.12
sigma      = 0.05

Optimization terminated successfully.
         Current function value: -1126.827590
         Iterations: 136
         Function evaluations: 245

INITIAL PARAMETERS (optimization of merged light curve)
-------------------------------------------------------
delay      = -0.90
delta_mag  = 0.23
avg_mag    = 18.45
tau        = 6.15
sigma      = 0.04


-------------
RUNNING EMCEE
-------------

pos
sampler
Process Started on 2014-04-07 00:31:34.542798
It is currently    2014-04-07 00:31:44.130464
burn-in sampler.run_mcmc
	Mean acceptance fraction: 0.574
	Errors based on 16th, 50th, and 84th percentile
	Param     	MC_rec	err_up	err_low
	delay     	-1.51e+00	+4.80e-01	-6.34e-01
	delta_mag 	1.80e-01	+2.05e-02	-2.30e-02
	sigma     	5.15e-02	+1.11e-02	-8.33e-03
	tau       	6.32e+00	+1.09e+00	-5.45e-01
	avg_mag   	1.85e+01	+6.39e-02	-6.09e-02
Process Started on 2014-04-07 00:31:34.542798
It is currently    2014-04-07 00:34:12.779799
sampler.run_mcmc
Process Started on 2014-04-07 00:31:34.542798
It is currently    2014-04-07 00:46:26.908337
sampler.chain
90000
Mean acceptance fraction: 0.486
Errors based on 16th, 50th, and 84th percentile
Param     	MC_rec	err_up	err_low
delay     	-2.48e+00	+1.77e-01	-3.95e-01
delta_mag 	1.38e-01	+1.39e-02	-1.87e-02
sigma     	5.25e-02	+7.45e-03	-6.83e-03
tau       	2.97e+01	+2.07e+01	-1.70e+01
avg_mag   	1.85e+01	+1.25e-01	-1.27e-01
Process Started on 2014-04-07 00:31:34.542798
It is currently    2014-04-07 00:46:34.420472
