
SIMULATION PARAMETERS
Namespace(avg_mag=19.0, delay=1.5, delta_mag=0.3, numorbits=80, outputtag='hubble_sim_r198', photometricerror=0.05, redshift=0.658, sigma=0.07, tau=121.0)

Process Started on 2014-04-06 23:18:11.886253
The output_tag for this run is: hubble_sim_r198_2014_04_06_23:18

CRUDE LIGHT CURVE PARAMETERS
----------------------------
parameter lc1   	lc2
----------------------------
sigma     +0.45 	+0.29
tau       +0.04 	+0.07
avg_mag   +19.49 	+19.76


BEGINNING LIGHT CURVE PARAMETER OPTIMIZATION

Optimization terminated successfully.
         Current function value: -848.325389
         Iterations: 128
         Function evaluations: 226
Optimization terminated successfully.
         Current function value: -849.455708
         Iterations: 108
         Function evaluations: 195

OPTIMIZED LIGHT CURVE PARAMETERS
--------------------------------
parameter lc1   	lc2
--------------------------------
sigma     +0.05 	+0.05
tau       +2.54 	+0.75
avg_mag   +19.50 	+19.77


Process Started on 2014-04-06 23:18:11.886253
It is now          2014-04-06 23:18:14.612195

time series is 5.00 days long
with  219 data points
The most common sample time distance is 0.01 days within the range of [0.01,0.02] days

1% done
10% done
25% done
50% done
75% done
DONE

Process Started on 2014-04-06 23:18:11.886253
It is now          2014-04-06 23:18:15.687897

BEST DELAY=1.49770e+00

INITIAL PARAMETERS (average of lc1 and lc2)
-------------------------------------------
delay      = 1.50
delta_mag  = 0.26
avg_mag    = 19.50
tau        = 1.65
sigma      = 0.05

Optimization terminated successfully.
         Current function value: -1683.782223
         Iterations: 144
         Function evaluations: 259

INITIAL PARAMETERS (optimization of merged light curve)
-------------------------------------------------------
delay      = 1.50
delta_mag  = 0.26
avg_mag    = 19.52
tau        = 1.84
sigma      = 0.05


-------------
RUNNING EMCEE
-------------

pos
sampler
Process Started on 2014-04-06 23:18:11.886253
It is currently    2014-04-06 23:18:21.080844
burn-in sampler.run_mcmc
	Mean acceptance fraction: 0.568
	Errors based on 16th, 50th, and 84th percentile
	Param     	MC_rec	err_up	err_low
	delay     	1.51e+00	+2.93e-02	-2.85e-02
	delta_mag 	2.96e-01	+4.74e-03	-4.74e-03
	sigma     	4.93e-02	+5.97e-03	-5.01e-03
	tau       	1.84e+00	+2.64e-01	-1.63e-01
	avg_mag   	1.95e+01	+2.29e-02	-2.26e-02
Process Started on 2014-04-06 23:18:11.886253
It is currently    2014-04-06 23:20:51.711168
sampler.run_mcmc
Process Started on 2014-04-06 23:18:11.886253
It is currently    2014-04-06 23:40:59.044650
sampler.chain
90000
Mean acceptance fraction: 0.510
Errors based on 16th, 50th, and 84th percentile
Param     	MC_rec	err_up	err_low
delay     	1.50e+00	+3.06e-02	-2.84e-02
delta_mag 	2.98e-01	+3.92e-03	-4.14e-03
sigma     	4.70e-02	+5.21e-03	-4.76e-03
tau       	7.00e+00	+7.08e+00	-4.17e+00
avg_mag   	1.95e+01	+5.52e-02	-4.45e-02
Process Started on 2014-04-06 23:18:11.886253
It is currently    2014-04-06 23:41:09.533746
