
SIMULATION PARAMETERS
Namespace(avg_mag=19.0, delay=1.5, delta_mag=0.3, numorbits=40, outputtag='hubble_sim_r1298', photometricerror=0.1, redshift=0.658, sigma=0.07, tau=121.0)

Process Started on 2014-04-07 06:06:44.220739
The output_tag for this run is: hubble_sim_r1298_2014_04_07_06:06

CRUDE LIGHT CURVE PARAMETERS
----------------------------
parameter lc1   	lc2
----------------------------
sigma     +0.59 	+0.35
tau       +0.04 	+0.06
avg_mag   +18.29 	+18.49


BEGINNING LIGHT CURVE PARAMETER OPTIMIZATION

Optimization terminated successfully.
         Current function value: -286.729209
         Iterations: 128
         Function evaluations: 230
Optimization terminated successfully.
         Current function value: -289.220339
         Iterations: 113
         Function evaluations: 204

OPTIMIZED LIGHT CURVE PARAMETERS
--------------------------------
parameter lc1   	lc2
--------------------------------
sigma     +0.06 	+0.05
tau       +3.13 	+1.10
avg_mag   +18.29 	+18.49


Process Started on 2014-04-07 06:06:44.220739
It is now          2014-04-07 06:06:45.017482

time series is 2.51 days long
with  110 data points
The most common sample time distance is 0.01 days within the range of [0.02,0.01] days

1% done
10% done
25% done
50% done
75% done
DONE

Process Started on 2014-04-07 06:06:44.220739
It is now          2014-04-07 06:06:45.341291

BEST DELAY=2.45722e-01

INITIAL PARAMETERS (average of lc1 and lc2)
-------------------------------------------
delay      = 0.25
delta_mag  = 0.21
avg_mag    = 18.29
tau        = 2.11
sigma      = 0.05

Optimization terminated successfully.
         Current function value: -580.944345
         Iterations: 133
         Function evaluations: 240

INITIAL PARAMETERS (optimization of merged light curve)
-------------------------------------------------------
delay      = 0.25
delta_mag  = 0.21
avg_mag    = 18.30
tau        = 2.46
sigma      = 0.05


-------------
RUNNING EMCEE
-------------

pos
sampler
Process Started on 2014-04-07 06:06:44.220739
It is currently    2014-04-07 06:06:47.212986
burn-in sampler.run_mcmc
	Mean acceptance fraction: 0.589
	Errors based on 16th, 50th, and 84th percentile
	Param     	MC_rec	err_up	err_low
	delay     	2.93e-01	+1.76e-01	-1.22e-01
	delta_mag 	2.13e-01	+1.45e-02	-1.30e-02
	sigma     	5.42e-02	+1.24e-02	-1.08e-02
	tau       	2.49e+00	+4.25e-01	-2.81e-01
	avg_mag   	1.83e+01	+3.94e-02	-4.00e-02
Process Started on 2014-04-07 06:06:44.220739
It is currently    2014-04-07 06:07:32.796208
sampler.run_mcmc
Process Started on 2014-04-07 06:06:44.220739
It is currently    2014-04-07 06:13:17.277067
sampler.chain
90000
Mean acceptance fraction: 0.491
Errors based on 16th, 50th, and 84th percentile
Param     	MC_rec	err_up	err_low
delay     	5.14e-01	+5.22e-01	-2.49e-01
delta_mag 	2.26e-01	+3.26e-02	-1.81e-02
sigma     	5.03e-02	+1.08e-02	-8.82e-03
tau       	1.07e+01	+8.98e+00	-6.65e+00
avg_mag   	1.83e+01	+7.63e-02	-7.34e-02
Process Started on 2014-04-07 06:06:44.220739
It is currently    2014-04-07 06:13:23.324535
