
SIMULATION PARAMETERS
Namespace(avg_mag=19.0, delay=1.5, delta_mag=0.3, numorbits=80, outputtag='hubble_sim_r149', photometricerror=0.05, redshift=0.658, sigma=0.07, tau=121.0)

Process Started on 2014-04-06 22:26:54.357849
The output_tag for this run is: hubble_sim_r149_2014_04_06_22:26

CRUDE LIGHT CURVE PARAMETERS
----------------------------
parameter lc1   	lc2
----------------------------
sigma     +2.97 	+0.69
tau       +0.00 	+0.02
avg_mag   +18.64 	+18.90


BEGINNING LIGHT CURVE PARAMETER OPTIMIZATION

Optimization terminated successfully.
         Current function value: -737.853345
         Iterations: 68
         Function evaluations: 125
Optimization terminated successfully.
         Current function value: -800.632398
         Iterations: 148
         Function evaluations: 260

OPTIMIZED LIGHT CURVE PARAMETERS
--------------------------------
parameter lc1   	lc2
--------------------------------
sigma     +0.00 	+0.05
tau       +0.00 	+3.12
avg_mag   +18.64 	+18.87


Process Started on 2014-04-06 22:26:54.357849
It is now          2014-04-06 22:26:55.846298

time series is 5.01 days long
with  209 data points
The most common sample time distance is 0.01 days within the range of [0.01,0.01] days

1% done
10% done
25% done
50% done
75% done
DONE

Process Started on 2014-04-06 22:26:54.357849
It is now          2014-04-06 22:26:56.715168

BEST DELAY=-2.50374e+00

INITIAL PARAMETERS (average of lc1 and lc2)
-------------------------------------------
delay      = -2.50
delta_mag  = 0.24
avg_mag    = 18.64
tau        = 1.56
sigma      = 0.03

Optimization terminated successfully.
         Current function value: -1546.115091
         Iterations: 141
         Function evaluations: 252

INITIAL PARAMETERS (optimization of merged light curve)
-------------------------------------------------------
delay      = -2.50
delta_mag  = 0.24
avg_mag    = 18.64
tau        = 2.47
sigma      = 0.05


-------------
RUNNING EMCEE
-------------

pos
sampler
Process Started on 2014-04-06 22:26:54.357849
It is currently    2014-04-06 22:27:00.993283
burn-in sampler.run_mcmc
	Mean acceptance fraction: 0.552
	Errors based on 16th, 50th, and 84th percentile
	Param     	MC_rec	err_up	err_low
	delay     	-3.05e+00	+2.75e-01	-2.58e-01
	delta_mag 	1.95e-01	+9.26e-03	-9.41e-03
	sigma     	5.33e-02	+7.25e-03	-6.82e-03
	tau       	2.56e+00	+3.96e-01	-1.73e-01
	avg_mag   	1.87e+01	+3.85e-02	-3.47e-02
Process Started on 2014-04-06 22:26:54.357849
It is currently    2014-04-06 22:29:28.062709
sampler.run_mcmc
Process Started on 2014-04-06 22:26:54.357849
It is currently    2014-04-06 22:45:04.643320
sampler.chain
90000
Mean acceptance fraction: 0.477
Errors based on 16th, 50th, and 84th percentile
Param     	MC_rec	err_up	err_low
delay     	-3.41e+00	+1.08e-01	-3.84e-01
delta_mag 	1.80e-01	+8.16e-03	-1.34e-02
sigma     	5.24e-02	+5.22e-03	-4.92e-03
tau       	1.15e+01	+8.45e+00	-6.23e+00
avg_mag   	1.87e+01	+7.00e-02	-7.39e-02
Process Started on 2014-04-06 22:26:54.357849
It is currently    2014-04-06 22:45:15.405419
