
SIMULATION PARAMETERS
Namespace(avg_mag=19.0, delay=1.5, delta_mag=0.3, numorbits=80, outputtag='hubble_sim_r17', photometricerror=0.02, redshift=0.658, sigma=0.07, tau=121.0)

Process Started on 2014-04-06 19:55:37.370515
The output_tag for this run is: hubble_sim_r17_2014_04_06_19:55

CRUDE LIGHT CURVE PARAMETERS
----------------------------
parameter lc1   	lc2
----------------------------
sigma     +0.28 	+0.70
tau       +0.09 	+0.01
avg_mag   +18.96 	+19.28


BEGINNING LIGHT CURVE PARAMETER OPTIMIZATION

Optimization terminated successfully.
         Current function value: -1109.855672
         Iterations: 116
         Function evaluations: 208
Optimization terminated successfully.
         Current function value: -1093.605205
         Iterations: 130
         Function evaluations: 231

OPTIMIZED LIGHT CURVE PARAMETERS
--------------------------------
parameter lc1   	lc2
--------------------------------
sigma     +0.05 	+0.05
tau       +1.12 	+1.79
avg_mag   +18.95 	+19.28


Process Started on 2014-04-06 19:55:37.370515
It is now          2014-04-06 19:55:39.184560

time series is 5.01 days long
with  209 data points
The most common sample time distance is 0.01 days within the range of [0.00,0.02] days

1% done
10% done
25% done
50% done
75% done
DONE

Process Started on 2014-04-06 19:55:37.370515
It is now          2014-04-06 19:55:39.826376

BEST DELAY=1.49528e+00

INITIAL PARAMETERS (average of lc1 and lc2)
-------------------------------------------
delay      = 1.50
delta_mag  = 0.33
avg_mag    = 18.95
tau        = 1.46
sigma      = 0.05

Optimization terminated successfully.
         Current function value: -2081.282654
         Iterations: 135
         Function evaluations: 248

INITIAL PARAMETERS (optimization of merged light curve)
-------------------------------------------------------
delay      = 1.50
delta_mag  = 0.33
avg_mag    = 18.96
tau        = 1.38
sigma      = 0.05


-------------
RUNNING EMCEE
-------------

pos
sampler
Process Started on 2014-04-06 19:55:37.370515
It is currently    2014-04-06 19:55:43.041867
burn-in sampler.run_mcmc
	Mean acceptance fraction: 0.533
	Errors based on 16th, 50th, and 84th percentile
	Param     	MC_rec	err_up	err_low
	delay     	1.50e+00	+9.58e-03	-1.08e-02
	delta_mag 	3.02e-01	+2.93e-03	-2.57e-03
	sigma     	5.49e-02	+4.06e-03	-4.04e-03
	tau       	1.43e+00	+8.56e-02	-5.06e-02
	avg_mag   	1.90e+01	+2.24e-02	-2.09e-02
Process Started on 2014-04-06 19:55:37.370515
It is currently    2014-04-06 19:58:09.613241
sampler.run_mcmc
Process Started on 2014-04-06 19:55:37.370515
It is currently    2014-04-06 20:18:16.890785
sampler.chain
90000
Mean acceptance fraction: 0.513
Errors based on 16th, 50th, and 84th percentile
Param     	MC_rec	err_up	err_low
delay     	1.50e+00	+7.36e-03	-6.80e-03
delta_mag 	3.00e-01	+1.67e-03	-1.70e-03
sigma     	5.13e-02	+3.54e-03	-3.28e-03
tau       	5.72e+00	+5.01e+00	-3.33e+00
avg_mag   	1.90e+01	+4.64e-02	-4.45e-02
Process Started on 2014-04-06 19:55:37.370515
It is currently    2014-04-06 20:18:27.555974
