
SIMULATION PARAMETERS
Namespace(avg_mag=19.0, delay=1.5, delta_mag=0.3, numorbits=80, outputtag='hubble_sim_r177', photometricerror=0.05, redshift=0.658, sigma=0.07, tau=121.0)

Process Started on 2014-04-06 22:55:04.350634
The output_tag for this run is: hubble_sim_r177_2014_04_06_22:55

CRUDE LIGHT CURVE PARAMETERS
----------------------------
parameter lc1   	lc2
----------------------------
sigma     +1.06 	+0.75
tau       +0.01 	+0.04
avg_mag   +19.36 	+19.71


BEGINNING LIGHT CURVE PARAMETER OPTIMIZATION

Optimization terminated successfully.
         Current function value: -798.093553
         Iterations: 150
         Function evaluations: 268
Optimization terminated successfully.
         Current function value: -799.362872
         Iterations: 121
         Function evaluations: 220

OPTIMIZED LIGHT CURVE PARAMETERS
--------------------------------
parameter lc1   	lc2
--------------------------------
sigma     +0.05 	+0.05
tau       +5.10 	+4.42
avg_mag   +19.41 	+19.73


Process Started on 2014-04-06 22:55:04.350634
It is now          2014-04-06 22:55:07.325452

time series is 5.00 days long
with  209 data points
The most common sample time distance is 0.01 days within the range of [0.01,0.01] days

1% done
10% done
25% done
50% done
75% done
DONE

Process Started on 2014-04-06 22:55:04.350634
It is now          2014-04-06 22:55:08.345267

BEST DELAY=1.49984e+00

INITIAL PARAMETERS (average of lc1 and lc2)
-------------------------------------------
delay      = 1.50
delta_mag  = 0.32
avg_mag    = 19.41
tau        = 4.76
sigma      = 0.05

Optimization terminated successfully.
         Current function value: -1621.741732
         Iterations: 140
         Function evaluations: 242

INITIAL PARAMETERS (optimization of merged light curve)
-------------------------------------------------------
delay      = 1.50
delta_mag  = 0.32
avg_mag    = 19.40
tau        = 4.59
sigma      = 0.05


-------------
RUNNING EMCEE
-------------

pos
sampler
Process Started on 2014-04-06 22:55:04.350634
It is currently    2014-04-06 22:55:13.140042
burn-in sampler.run_mcmc
	Mean acceptance fraction: 0.579
	Errors based on 16th, 50th, and 84th percentile
	Param     	MC_rec	err_up	err_low
	delay     	1.51e+00	+2.97e-02	-2.70e-02
	delta_mag 	3.02e-01	+5.56e-03	-5.60e-03
	sigma     	5.23e-02	+6.30e-03	-4.88e-03
	tau       	4.60e+00	+5.42e-01	-3.19e-01
	avg_mag   	1.94e+01	+5.12e-02	-4.84e-02
Process Started on 2014-04-06 22:55:04.350634
It is currently    2014-04-06 22:57:38.675604
sampler.run_mcmc
Process Started on 2014-04-06 22:55:04.350634
It is currently    2014-04-06 23:12:46.313488
sampler.chain
90000
Mean acceptance fraction: 0.516
Errors based on 16th, 50th, and 84th percentile
Param     	MC_rec	err_up	err_low
delay     	1.50e+00	+2.76e-02	-2.75e-02
delta_mag 	3.01e-01	+4.24e-03	-4.33e-03
sigma     	5.17e-02	+5.34e-03	-4.93e-03
tau       	1.95e+01	+1.72e+01	-1.25e+01
avg_mag   	1.94e+01	+9.77e-02	-9.67e-02
Process Started on 2014-04-06 22:55:04.350634
It is currently    2014-04-06 23:12:56.088062
