
SIMULATION PARAMETERS
Namespace(avg_mag=19.0, delay=1.5, delta_mag=0.3, numorbits=40, outputtag='hubble_sim_r1165', photometricerror=0.05, redshift=0.658, sigma=0.07, tau=121.0)

Process Started on 2014-04-07 03:53:16.479421
The output_tag for this run is: hubble_sim_r1165_2014_04_07_03:53

CRUDE LIGHT CURVE PARAMETERS
----------------------------
parameter lc1   	lc2
----------------------------
sigma     +0.61 	+0.30
tau       +0.01 	+0.05
avg_mag   +19.27 	+19.51


BEGINNING LIGHT CURVE PARAMETER OPTIMIZATION

Optimization terminated successfully.
         Current function value: -426.129316
         Iterations: 174
         Function evaluations: 321
Optimization terminated successfully.
         Current function value: -424.946885
         Iterations: 114
         Function evaluations: 199

OPTIMIZED LIGHT CURVE PARAMETERS
--------------------------------
parameter lc1   	lc2
--------------------------------
sigma     +0.04 	+0.05
tau       +2.99 	+0.80
avg_mag   +19.26 	+19.52


Process Started on 2014-04-07 03:53:16.479421
It is now          2014-04-07 03:53:17.452616

time series is 2.51 days long
with  110 data points
The most common sample time distance is 0.01 days within the range of [0.01,0.03] days

1% done
10% done
25% done
50% done
75% done
DONE

Process Started on 2014-04-07 03:53:16.479421
It is now          2014-04-07 03:53:17.780982

BEST DELAY=6.43505e-01

INITIAL PARAMETERS (average of lc1 and lc2)
-------------------------------------------
delay      = 0.64
delta_mag  = 0.26
avg_mag    = 19.26
tau        = 1.90
sigma      = 0.05

Optimization terminated successfully.
         Current function value: -850.121694
         Iterations: 136
         Function evaluations: 248

INITIAL PARAMETERS (optimization of merged light curve)
-------------------------------------------------------
delay      = 0.64
delta_mag  = 0.26
avg_mag    = 19.27
tau        = 1.73
sigma      = 0.04


-------------
RUNNING EMCEE
-------------

pos
sampler
Process Started on 2014-04-07 03:53:16.479421
It is currently    2014-04-07 03:53:20.013357
burn-in sampler.run_mcmc
	Mean acceptance fraction: 0.572
	Errors based on 16th, 50th, and 84th percentile
	Param     	MC_rec	err_up	err_low
	delay     	5.92e-01	+9.26e-02	-8.14e-02
	delta_mag 	2.55e-01	+7.92e-03	-6.84e-03
	sigma     	4.21e-02	+7.67e-03	-6.80e-03
	tau       	1.74e+00	+3.06e-01	-1.96e-01
	avg_mag   	1.93e+01	+2.59e-02	-2.21e-02
Process Started on 2014-04-07 03:53:16.479421
It is currently    2014-04-07 03:54:06.149998
sampler.run_mcmc
Process Started on 2014-04-07 03:53:16.479421
It is currently    2014-04-07 04:00:06.000997
sampler.chain
90000
Mean acceptance fraction: 0.432
Errors based on 16th, 50th, and 84th percentile
Param     	MC_rec	err_up	err_low
delay     	1.46e+00	+9.89e-02	-8.96e-01
delta_mag 	2.94e-01	+1.32e-02	-3.78e-02
sigma     	4.15e-02	+7.15e-03	-6.57e-03
tau       	7.01e+00	+6.14e+00	-4.41e+00
avg_mag   	1.93e+01	+4.34e-02	-4.88e-02
Process Started on 2014-04-07 03:53:16.479421
It is currently    2014-04-07 04:00:12.183205
