
SIMULATION PARAMETERS
Namespace(avg_mag=19.0, delay=1.5, delta_mag=0.3, numorbits=40, outputtag='hubble_sim_r1253', photometricerror=0.1, redshift=0.658, sigma=0.07, tau=121.0)

Process Started on 2014-04-07 05:21:34.884758
The output_tag for this run is: hubble_sim_r1253_2014_04_07_05:21

CRUDE LIGHT CURVE PARAMETERS
----------------------------
parameter lc1   	lc2
----------------------------
sigma     +0.61 	+0.26
tau       +0.01 	+0.04
avg_mag   +18.69 	+18.93


BEGINNING LIGHT CURVE PARAMETER OPTIMIZATION

Optimization terminated successfully.
         Current function value: -295.703805
         Iterations: 53
         Function evaluations: 103
Optimization terminated successfully.
         Current function value: -299.774920
         Iterations: 51
         Function evaluations: 97

OPTIMIZED LIGHT CURVE PARAMETERS
--------------------------------
parameter lc1   	lc2
--------------------------------
sigma     +0.00 	+0.00
tau       +0.01 	+0.06
avg_mag   +18.69 	+18.93


Process Started on 2014-04-07 05:21:34.884758
It is now          2014-04-07 05:21:35.273220

time series is 2.51 days long
with  112 data points
The most common sample time distance is 0.01 days within the range of [0.02,0.01] days

1% done
10% done
25% done
50% done
75% done
DONE

Process Started on 2014-04-07 05:21:34.884758
It is now          2014-04-07 05:21:35.595548

BEST DELAY=4.63707e-02

INITIAL PARAMETERS (average of lc1 and lc2)
-------------------------------------------
delay      = 0.05
delta_mag  = 0.25
avg_mag    = 18.69
tau        = 0.04
sigma      = 0.00

Optimization terminated successfully.
         Current function value: -595.478724
         Iterations: 51
         Function evaluations: 98

INITIAL PARAMETERS (optimization of merged light curve)
-------------------------------------------------------
delay      = 0.05
delta_mag  = 0.25
avg_mag    = 18.69
tau        = 0.03
sigma      = 0.00


-------------
RUNNING EMCEE
-------------

pos
sampler
Process Started on 2014-04-07 05:21:34.884758
It is currently    2014-04-07 05:21:36.980011
burn-in sampler.run_mcmc
	Mean acceptance fraction: 0.453
	Errors based on 16th, 50th, and 84th percentile
	Param     	MC_rec	err_up	err_low
	delay     	4.78e-02	+7.10e-02	-7.30e-02
	delta_mag 	2.46e-01	+9.77e-03	-1.05e-02
	sigma     	1.40e-04	+1.06e-04	-1.06e-04
	tau       	3.42e-02	+5.57e-02	-1.97e-02
	avg_mag   	1.87e+01	+6.48e-03	-7.33e-03
Process Started on 2014-04-07 05:21:34.884758
It is currently    2014-04-07 05:22:12.668190
sampler.run_mcmc
Process Started on 2014-04-07 05:21:34.884758
It is currently    2014-04-07 05:26:55.914006
sampler.chain
90000
Mean acceptance fraction: 0.413
Errors based on 16th, 50th, and 84th percentile
Param     	MC_rec	err_up	err_low
delay     	4.49e-02	+8.12e-01	-8.24e-01
delta_mag 	2.45e-01	+9.34e-03	-9.47e-03
sigma     	1.52e-04	+9.43e-05	-1.03e-04
tau       	1.45e-01	+1.07e-01	-9.80e-02
avg_mag   	1.87e+01	+6.58e-03	-7.07e-03
Process Started on 2014-04-07 05:21:34.884758
It is currently    2014-04-07 05:27:02.438640
