
SIMULATION PARAMETERS
Namespace(avg_mag=19.0, delay=1.5, delta_mag=0.3, numorbits=40, outputtag='hubble_sim_r1069', photometricerror=0.02, redshift=0.658, sigma=0.07, tau=121.0)

Process Started on 2014-04-07 02:16:56.096184
The output_tag for this run is: hubble_sim_r1069_2014_04_07_02:16

CRUDE LIGHT CURVE PARAMETERS
----------------------------
parameter lc1   	lc2
----------------------------
sigma     +0.30 	+0.80
tau       +0.08 	+0.00
avg_mag   +19.07 	+19.41


BEGINNING LIGHT CURVE PARAMETER OPTIMIZATION

Optimization terminated successfully.
         Current function value: -590.229859
         Iterations: 107
         Function evaluations: 190
Optimization terminated successfully.
         Current function value: -597.825117
         Iterations: 152
         Function evaluations: 269

OPTIMIZED LIGHT CURVE PARAMETERS
--------------------------------
parameter lc1   	lc2
--------------------------------
sigma     +0.05 	+0.05
tau       +1.16 	+0.74
avg_mag   +19.08 	+19.41


Process Started on 2014-04-07 02:16:56.096184
It is now          2014-04-07 02:16:56.976689

time series is 2.51 days long
with  112 data points
The most common sample time distance is 0.01 days within the range of [0.02,0.01] days

1% done
10% done
25% done
50% done
75% done
DONE

Process Started on 2014-04-07 02:16:56.096184
It is now          2014-04-07 02:16:57.311173

BEST DELAY=1.24673e+00

INITIAL PARAMETERS (average of lc1 and lc2)
-------------------------------------------
delay      = 1.25
delta_mag  = 0.33
avg_mag    = 19.08
tau        = 0.95
sigma      = 0.05

Optimization terminated successfully.
         Current function value: -1109.098124
         Iterations: 108
         Function evaluations: 197

INITIAL PARAMETERS (optimization of merged light curve)
-------------------------------------------------------
delay      = 1.25
delta_mag  = 0.33
avg_mag    = 19.08
tau        = 0.92
sigma      = 0.05


-------------
RUNNING EMCEE
-------------

pos
sampler
Process Started on 2014-04-07 02:16:56.096184
It is currently    2014-04-07 02:16:59.022886
burn-in sampler.run_mcmc
	Mean acceptance fraction: 0.529
	Errors based on 16th, 50th, and 84th percentile
	Param     	MC_rec	err_up	err_low
	delay     	1.45e+00	+4.18e-02	-7.15e-02
	delta_mag 	3.04e-01	+6.50e-03	-4.83e-03
	sigma     	5.31e-02	+7.76e-03	-6.51e-03
	tau       	9.80e-01	+1.55e-01	-1.04e-01
	avg_mag   	1.91e+01	+1.77e-02	-1.86e-02
Process Started on 2014-04-07 02:16:56.096184
It is currently    2014-04-07 02:17:46.563630
sampler.run_mcmc
Process Started on 2014-04-07 02:16:56.096184
It is currently    2014-04-07 02:24:10.185281
sampler.chain
90000
Mean acceptance fraction: 0.515
Errors based on 16th, 50th, and 84th percentile
Param     	MC_rec	err_up	err_low
delay     	1.50e+00	+1.51e-02	-1.60e-02
delta_mag 	3.00e-01	+3.05e-03	-3.10e-03
sigma     	4.67e-02	+4.66e-03	-4.25e-03
tau       	3.84e+00	+3.31e+00	-2.17e+00
avg_mag   	1.91e+01	+3.86e-02	-3.28e-02
Process Started on 2014-04-07 02:16:56.096184
It is currently    2014-04-07 02:24:16.623273
