
SIMULATION PARAMETERS
Namespace(avg_mag=19.0, delay=1.5, delta_mag=0.3, numorbits=40, outputtag='hubble_sim_r1108', photometricerror=0.05, redshift=0.658, sigma=0.07, tau=121.0)

Process Started on 2014-04-07 02:56:04.478655
The output_tag for this run is: hubble_sim_r1108_2014_04_07_02:56

CRUDE LIGHT CURVE PARAMETERS
----------------------------
parameter lc1   	lc2
----------------------------
sigma     +0.26 	+0.50
tau       +0.05 	+0.02
avg_mag   +18.30 	+18.67


BEGINNING LIGHT CURVE PARAMETER OPTIMIZATION

Optimization terminated successfully.
         Current function value: -458.704710
         Iterations: 112
         Function evaluations: 205
Optimization terminated successfully.
         Current function value: -456.516248
         Iterations: 129
         Function evaluations: 233

OPTIMIZED LIGHT CURVE PARAMETERS
--------------------------------
parameter lc1   	lc2
--------------------------------
sigma     +0.04 	+0.04
tau       +0.81 	+2.67
avg_mag   +18.30 	+18.67


Process Started on 2014-04-07 02:56:04.478655
It is now          2014-04-07 02:56:05.380224

time series is 2.51 days long
with  117 data points
The most common sample time distance is 0.01 days within the range of [0.02,0.01] days

1% done
10% done
25% done
50% done
75% done
DONE

Process Started on 2014-04-07 02:56:04.478655
It is now          2014-04-07 02:56:05.720184

BEST DELAY=2.45987e-01

INITIAL PARAMETERS (average of lc1 and lc2)
-------------------------------------------
delay      = 0.25
delta_mag  = 0.37
avg_mag    = 18.30
tau        = 1.74
sigma      = 0.04

Optimization terminated successfully.
         Current function value: -922.244532
         Iterations: 124
         Function evaluations: 221

INITIAL PARAMETERS (optimization of merged light curve)
-------------------------------------------------------
delay      = 0.25
delta_mag  = 0.37
avg_mag    = 18.31
tau        = 1.56
sigma      = 0.04


-------------
RUNNING EMCEE
-------------

pos
sampler
Process Started on 2014-04-07 02:56:04.478655
It is currently    2014-04-07 02:56:07.626895
burn-in sampler.run_mcmc
	Mean acceptance fraction: 0.591
	Errors based on 16th, 50th, and 84th percentile
	Param     	MC_rec	err_up	err_low
	delay     	2.42e-01	+7.13e-02	-5.84e-02
	delta_mag 	3.63e-01	+5.61e-03	-5.20e-03
	sigma     	4.19e-02	+8.09e-03	-7.90e-03
	tau       	1.61e+00	+6.88e-01	-3.17e-01
	avg_mag   	1.83e+01	+2.37e-02	-2.19e-02
Process Started on 2014-04-07 02:56:04.478655
It is currently    2014-04-07 02:56:56.782398
sampler.run_mcmc
Process Started on 2014-04-07 02:56:04.478655
It is currently    2014-04-07 03:03:29.085742
sampler.chain
90000
Mean acceptance fraction: 0.499
Errors based on 16th, 50th, and 84th percentile
Param     	MC_rec	err_up	err_low
delay     	2.63e-01	+7.43e-02	-6.33e-02
delta_mag 	3.61e-01	+5.11e-03	-5.42e-03
sigma     	3.84e-02	+7.22e-03	-6.36e-03
tau       	6.48e+00	+5.67e+00	-3.95e+00
avg_mag   	1.83e+01	+4.37e-02	-4.09e-02
Process Started on 2014-04-07 02:56:04.478655
It is currently    2014-04-07 03:03:35.464066
