
SIMULATION PARAMETERS
Namespace(avg_mag=19.0, delay=1.5, delta_mag=0.3, numorbits=80, outputtag='hubble_sim_r152', photometricerror=0.05, redshift=0.658, sigma=0.07, tau=121.0)

Process Started on 2014-04-06 22:29:55.666132
The output_tag for this run is: hubble_sim_r152_2014_04_06_22:29

CRUDE LIGHT CURVE PARAMETERS
----------------------------
parameter lc1   	lc2
----------------------------
sigma     +0.50 	+1.20
tau       +0.03 	+0.00
avg_mag   +19.07 	+19.38


BEGINNING LIGHT CURVE PARAMETER OPTIMIZATION

Optimization terminated successfully.
         Current function value: -818.433147
         Iterations: 121
         Function evaluations: 220
Optimization terminated successfully.
         Current function value: -804.281037
         Iterations: 148
         Function evaluations: 266

OPTIMIZED LIGHT CURVE PARAMETERS
--------------------------------
parameter lc1   	lc2
--------------------------------
sigma     +0.05 	+0.07
tau       +2.30 	+1.07
avg_mag   +19.06 	+19.38


Process Started on 2014-04-06 22:29:55.666132
It is now          2014-04-06 22:29:58.322765

time series is 5.01 days long
with  213 data points
The most common sample time distance is 0.01 days within the range of [0.01,0.01] days

1% done
10% done
25% done
50% done
75% done
DONE

Process Started on 2014-04-06 22:29:55.666132
It is now          2014-04-06 22:29:59.342892

BEST DELAY=1.49637e+00

INITIAL PARAMETERS (average of lc1 and lc2)
-------------------------------------------
delay      = 1.50
delta_mag  = 0.31
avg_mag    = 19.06
tau        = 1.68
sigma      = 0.06

Optimization terminated successfully.
         Current function value: -1644.742204
         Iterations: 114
         Function evaluations: 205

INITIAL PARAMETERS (optimization of merged light curve)
-------------------------------------------------------
delay      = 1.50
delta_mag  = 0.31
avg_mag    = 19.06
tau        = 1.25
sigma      = 0.07


-------------
RUNNING EMCEE
-------------

pos
sampler
Process Started on 2014-04-06 22:29:55.666132
It is currently    2014-04-06 22:30:03.616331
burn-in sampler.run_mcmc
	Mean acceptance fraction: 0.589
	Errors based on 16th, 50th, and 84th percentile
	Param     	MC_rec	err_up	err_low
	delay     	1.50e+00	+2.24e-02	-2.24e-02
	delta_mag 	3.00e-01	+4.28e-03	-4.71e-03
	sigma     	6.78e-02	+6.29e-03	-5.81e-03
	tau       	1.26e+00	+2.03e-01	-1.44e-01
	avg_mag   	1.91e+01	+2.33e-02	-2.09e-02
Process Started on 2014-04-06 22:29:55.666132
It is currently    2014-04-06 22:32:20.156488
sampler.run_mcmc
Process Started on 2014-04-06 22:29:55.666132
It is currently    2014-04-06 22:48:35.041549
sampler.chain
90000
Mean acceptance fraction: 0.512
Errors based on 16th, 50th, and 84th percentile
Param     	MC_rec	err_up	err_low
delay     	1.50e+00	+2.35e-02	-2.21e-02
delta_mag 	2.99e-01	+4.20e-03	-4.23e-03
sigma     	6.50e-02	+5.86e-03	-5.44e-03
tau       	4.39e+00	+4.76e+00	-2.52e+00
avg_mag   	1.91e+01	+4.94e-02	-5.12e-02
Process Started on 2014-04-06 22:29:55.666132
It is currently    2014-04-06 22:48:45.860637
