
SIMULATION PARAMETERS
Namespace(avg_mag=19.0, delay=1.5, delta_mag=0.3, numorbits=40, outputtag='hubble_sim_r1000', photometricerror=0.02, redshift=0.658, sigma=0.07, tau=121.0)

Process Started on 2014-04-07 01:06:41.930754
The output_tag for this run is: hubble_sim_r1000_2014_04_07_01:06

CRUDE LIGHT CURVE PARAMETERS
----------------------------
parameter lc1   	lc2
----------------------------
sigma     +0.65 	+0.27
tau       +0.02 	+0.08
avg_mag   +19.79 	+20.15


BEGINNING LIGHT CURVE PARAMETER OPTIMIZATION

Optimization terminated successfully.
         Current function value: -563.445964
         Iterations: 154
         Function evaluations: 277
Optimization terminated successfully.
         Current function value: -560.229606
         Iterations: 112
         Function evaluations: 201

OPTIMIZED LIGHT CURVE PARAMETERS
--------------------------------
parameter lc1   	lc2
--------------------------------
sigma     +0.05 	+0.05
tau       +3.26 	+0.86
avg_mag   +19.81 	+20.14


Process Started on 2014-04-07 01:06:41.930754
It is now          2014-04-07 01:06:43.485884

time series is 2.50 days long
with  107 data points
The most common sample time distance is 0.01 days within the range of [0.02,0.01] days

1% done
10% done
25% done
50% done
75% done
DONE

Process Started on 2014-04-07 01:06:41.930754
It is now          2014-04-07 01:06:44.003875

BEST DELAY=9.49602e-01

INITIAL PARAMETERS (average of lc1 and lc2)
-------------------------------------------
delay      = 0.95
delta_mag  = 0.33
avg_mag    = 19.81
tau        = 2.06
sigma      = 0.05

Optimization terminated successfully.
         Current function value: -1104.855677
         Iterations: 124
         Function evaluations: 224

INITIAL PARAMETERS (optimization of merged light curve)
-------------------------------------------------------
delay      = 0.95
delta_mag  = 0.33
avg_mag    = 19.78
tau        = 1.74
sigma      = 0.05


-------------
RUNNING EMCEE
-------------

pos
sampler
Process Started on 2014-04-07 01:06:41.930754
It is currently    2014-04-07 01:06:47.002612
burn-in sampler.run_mcmc
	Mean acceptance fraction: 0.576
	Errors based on 16th, 50th, and 84th percentile
	Param     	MC_rec	err_up	err_low
	delay     	9.72e-01	+1.93e-02	-1.48e-02
	delta_mag 	3.36e-01	+2.89e-03	-3.15e-03
	sigma     	5.04e-02	+5.53e-03	-5.16e-03
	tau       	1.75e+00	+3.40e-01	-2.65e-01
	avg_mag   	1.98e+01	+1.99e-02	-2.94e-02
Process Started on 2014-04-07 01:06:41.930754
It is currently    2014-04-07 01:08:06.954405
sampler.run_mcmc
Process Started on 2014-04-07 01:06:41.930754
It is currently    2014-04-07 01:16:37.103130
sampler.chain
90000
Mean acceptance fraction: 0.506
Errors based on 16th, 50th, and 84th percentile
Param     	MC_rec	err_up	err_low
delay     	9.76e-01	+2.06e-02	-1.48e-02
delta_mag 	3.35e-01	+2.79e-03	-2.90e-03
sigma     	4.82e-02	+4.98e-03	-4.53e-03
tau       	5.75e+00	+6.85e+00	-3.41e+00
avg_mag   	1.98e+01	+4.77e-02	-5.45e-02
Process Started on 2014-04-07 01:06:41.930754
It is currently    2014-04-07 01:16:47.515700
