
SIMULATION PARAMETERS
Namespace(avg_mag=19.0, delay=1.5, delta_mag=0.3, numorbits=40, outputtag='hubble_sim_r1057', photometricerror=0.02, redshift=0.658, sigma=0.07, tau=121.0)

Process Started on 2014-04-07 02:04:53.682828
The output_tag for this run is: hubble_sim_r1057_2014_04_07_02:04

CRUDE LIGHT CURVE PARAMETERS
----------------------------
parameter lc1   	lc2
----------------------------
sigma     +0.96 	+0.23
tau       +0.02 	+0.02
avg_mag   +18.59 	+18.96


BEGINNING LIGHT CURVE PARAMETER OPTIMIZATION

Optimization terminated successfully.
         Current function value: -607.977889
         Iterations: 157
         Function evaluations: 279
Optimization terminated successfully.
         Current function value: -629.621362
         Iterations: 97
         Function evaluations: 181

OPTIMIZED LIGHT CURVE PARAMETERS
--------------------------------
parameter lc1   	lc2
--------------------------------
sigma     +0.05 	+0.04
tau       +7.26 	+0.34
avg_mag   +18.56 	+18.97


Process Started on 2014-04-07 02:04:53.682828
It is now          2014-04-07 02:04:54.569725

time series is 2.50 days long
with  116 data points
The most common sample time distance is 0.00 days within the range of [0.02,0.01] days

1% done
10% done
25% done
50% done
75% done
DONE

Process Started on 2014-04-07 02:04:53.682828
It is now          2014-04-07 02:04:54.891155

BEST DELAY=-1.25008e+00

INITIAL PARAMETERS (average of lc1 and lc2)
-------------------------------------------
delay      = -1.25
delta_mag  = 0.41
avg_mag    = 18.56
tau        = 3.80
sigma      = 0.05

Optimization terminated successfully.
         Current function value: -857.619894
         Iterations: 132
         Function evaluations: 239

INITIAL PARAMETERS (optimization of merged light curve)
-------------------------------------------------------
delay      = -1.25
delta_mag  = 0.41
avg_mag    = 18.59
tau        = 3.01
sigma      = 0.05


-------------
RUNNING EMCEE
-------------

pos
sampler
Process Started on 2014-04-07 02:04:53.682828
It is currently    2014-04-07 02:04:56.802882
burn-in sampler.run_mcmc
	Mean acceptance fraction: 0.493
	Errors based on 16th, 50th, and 84th percentile
	Param     	MC_rec	err_up	err_low
	delay     	-1.60e+00	+1.41e-01	-1.00e-01
	delta_mag 	4.86e-01	+1.43e-02	-2.21e-02
	sigma     	6.05e-02	+1.76e-02	-1.22e-02
	tau       	3.04e+00	+2.01e-01	-1.75e-01
	avg_mag   	1.85e+01	+5.70e-02	-7.73e-02
Process Started on 2014-04-07 02:04:53.682828
It is currently    2014-04-07 02:05:44.211828
sampler.run_mcmc
Process Started on 2014-04-07 02:04:53.682828
It is currently    2014-04-07 02:11:53.706649
sampler.chain
90000
Mean acceptance fraction: 0.499
Errors based on 16th, 50th, and 84th percentile
Param     	MC_rec	err_up	err_low
delay     	-2.28e+00	+7.94e-02	-1.14e-01
delta_mag 	5.41e-01	+6.49e-03	-7.55e-03
sigma     	4.67e-02	+3.88e-03	-3.53e-03
tau       	1.77e+01	+8.53e+00	-9.12e+00
avg_mag   	1.85e+01	+9.02e-02	-8.72e-02
Process Started on 2014-04-07 02:04:53.682828
It is currently    2014-04-07 02:11:59.968860
