
SIMULATION PARAMETERS
Namespace(avg_mag=19.0, delay=1.5, delta_mag=0.3, numorbits=80, outputtag='hubble_sim_r30', photometricerror=0.02, redshift=0.658, sigma=0.07, tau=121.0)

Process Started on 2014-04-06 20:15:57.690714
The output_tag for this run is: hubble_sim_r30_2014_04_06_20:15

CRUDE LIGHT CURVE PARAMETERS
----------------------------
parameter lc1   	lc2
----------------------------
sigma     +0.44 	+0.39
tau       +0.07 	+0.04
avg_mag   +19.45 	+19.80


BEGINNING LIGHT CURVE PARAMETER OPTIMIZATION

Optimization terminated successfully.
         Current function value: -1112.052893
         Iterations: 141
         Function evaluations: 255
Optimization terminated successfully.
         Current function value: -1112.277180
         Iterations: 134
         Function evaluations: 236

OPTIMIZED LIGHT CURVE PARAMETERS
--------------------------------
parameter lc1   	lc2
--------------------------------
sigma     +0.05 	+0.05
tau       +4.52 	+5.62
avg_mag   +19.42 	+19.82


Process Started on 2014-04-06 20:15:57.690714
It is now          2014-04-06 20:16:00.797502

time series is 5.01 days long
with  210 data points
The most common sample time distance is 0.01 days within the range of [0.01,0.02] days

1% done
10% done
25% done
50% done
75% done
DONE

Process Started on 2014-04-06 20:15:57.690714
It is now          2014-04-06 20:16:01.857249

BEST DELAY=-2.00416e+00

INITIAL PARAMETERS (average of lc1 and lc2)
-------------------------------------------
delay      = -2.00
delta_mag  = 0.40
avg_mag    = 19.42
tau        = 5.07
sigma      = 0.05

Optimization terminated successfully.
         Current function value: -1967.379883
         Iterations: 149
         Function evaluations: 261

INITIAL PARAMETERS (optimization of merged light curve)
-------------------------------------------------------
delay      = -2.00
delta_mag  = 0.40
avg_mag    = 19.42
tau        = 4.75
sigma      = 0.04


-------------
RUNNING EMCEE
-------------

pos
sampler
Process Started on 2014-04-06 20:15:57.690714
It is currently    2014-04-06 20:16:06.794902
burn-in sampler.run_mcmc
	Mean acceptance fraction: 0.478
	Errors based on 16th, 50th, and 84th percentile
	Param     	MC_rec	err_up	err_low
	delay     	-1.97e+00	+9.52e-03	-5.36e-02
	delta_mag 	3.94e-01	+2.27e-03	-2.60e-03
	sigma     	4.27e-02	+4.20e-03	-3.36e-03
	tau       	4.76e+00	+1.77e-01	-2.04e-01
	avg_mag   	1.94e+01	+3.87e-02	-3.24e-02
Process Started on 2014-04-06 20:15:57.690714
It is currently    2014-04-06 20:18:27.421124
sampler.run_mcmc
Process Started on 2014-04-06 20:15:57.690714
It is currently    2014-04-06 20:37:08.472826
sampler.chain
90000
Mean acceptance fraction: 0.457
Errors based on 16th, 50th, and 84th percentile
Param     	MC_rec	err_up	err_low
delay     	-1.97e+00	+7.41e-03	-6.44e-03
delta_mag 	3.93e-01	+1.91e-03	-1.97e-03
sigma     	4.36e-02	+3.63e-03	-3.42e-03
tau       	1.64e+01	+1.99e+01	-1.07e+01
avg_mag   	1.94e+01	+7.67e-02	-7.55e-02
Process Started on 2014-04-06 20:15:57.690714
It is currently    2014-04-06 20:37:19.389149
