
SIMULATION PARAMETERS
Namespace(avg_mag=19.0, delay=1.5, delta_mag=0.3, numorbits=40, outputtag='hubble_sim_r1138', photometricerror=0.05, redshift=0.658, sigma=0.07, tau=121.0)

Process Started on 2014-04-07 03:26:10.576755
The output_tag for this run is: hubble_sim_r1138_2014_04_07_03:26

CRUDE LIGHT CURVE PARAMETERS
----------------------------
parameter lc1   	lc2
----------------------------
sigma     +0.35 	+0.36
tau       +0.23 	+0.16
avg_mag   +19.19 	+19.49


BEGINNING LIGHT CURVE PARAMETER OPTIMIZATION

Optimization terminated successfully.
         Current function value: -410.380284
         Iterations: 100
         Function evaluations: 185
Optimization terminated successfully.
         Current function value: -408.238079
         Iterations: 103
         Function evaluations: 193

OPTIMIZED LIGHT CURVE PARAMETERS
--------------------------------
parameter lc1   	lc2
--------------------------------
sigma     +0.07 	+0.07
tau       +0.83 	+0.95
avg_mag   +19.18 	+19.51


Process Started on 2014-04-07 03:26:10.576755
It is now          2014-04-07 03:26:11.274276

time series is 2.51 days long
with  108 data points
The most common sample time distance is 0.01 days within the range of [0.02,0.01] days

1% done
10% done
25% done
50% done
75% done
DONE

Process Started on 2014-04-07 03:26:10.576755
It is now          2014-04-07 03:26:11.587428

BEST DELAY=-1.25736e+00

INITIAL PARAMETERS (average of lc1 and lc2)
-------------------------------------------
delay      = -1.26
delta_mag  = 0.33
avg_mag    = 19.18
tau        = 0.89
sigma      = 0.07

Optimization terminated successfully.
         Current function value: -813.760139
         Iterations: 108
         Function evaluations: 193

INITIAL PARAMETERS (optimization of merged light curve)
-------------------------------------------------------
delay      = -1.26
delta_mag  = 0.33
avg_mag    = 19.17
tau        = 1.02
sigma      = 0.07


-------------
RUNNING EMCEE
-------------

pos
sampler
Process Started on 2014-04-07 03:26:10.576755
It is currently    2014-04-07 03:26:13.368140
burn-in sampler.run_mcmc
	Mean acceptance fraction: 0.561
	Errors based on 16th, 50th, and 84th percentile
	Param     	MC_rec	err_up	err_low
	delay     	-9.84e-01	+1.20e-01	-1.16e-01
	delta_mag 	2.95e-01	+1.11e-02	-9.96e-03
	sigma     	7.25e-02	+1.02e-02	-8.78e-03
	tau       	1.11e+00	+3.79e-01	-2.68e-01
	avg_mag   	1.92e+01	+3.01e-02	-2.62e-02
Process Started on 2014-04-07 03:26:10.576755
It is currently    2014-04-07 03:26:58.739326
sampler.run_mcmc
Process Started on 2014-04-07 03:26:10.576755
It is currently    2014-04-07 03:33:00.445849
sampler.chain
90000
Mean acceptance fraction: 0.482
Errors based on 16th, 50th, and 84th percentile
Param     	MC_rec	err_up	err_low
delay     	-8.93e-01	+8.10e-02	-1.03e-01
delta_mag 	2.87e-01	+9.13e-03	-7.68e-03
sigma     	6.87e-02	+8.80e-03	-7.55e-03
tau       	3.95e+00	+3.88e+00	-2.42e+00
avg_mag   	1.92e+01	+5.92e-02	-5.38e-02
Process Started on 2014-04-07 03:26:10.576755
It is currently    2014-04-07 03:33:06.633343
