
SIMULATION PARAMETERS
Namespace(avg_mag=19.0, delay=1.5, delta_mag=0.3, numorbits=80, outputtag='hubble_sim_r6', photometricerror=0.02, redshift=0.658, sigma=0.07, tau=121.0)

Process Started on 2014-04-06 19:53:42.767238
The output_tag for this run is: hubble_sim_r6_2014_04_06_19:53

CRUDE LIGHT CURVE PARAMETERS
----------------------------
parameter lc1   	lc2
----------------------------
sigma     +0.42 	+0.32
tau       +1.24 	+0.17
avg_mag   +18.26 	+18.58


BEGINNING LIGHT CURVE PARAMETER OPTIMIZATION

Optimization terminated successfully.
         Current function value: -1143.473360
         Iterations: 103
         Function evaluations: 186
Optimization terminated successfully.
         Current function value: -1145.287557
         Iterations: 111
         Function evaluations: 197

OPTIMIZED LIGHT CURVE PARAMETERS
--------------------------------
parameter lc1   	lc2
--------------------------------
sigma     +0.06 	+0.06
tau       +1.79 	+1.38
avg_mag   +18.27 	+18.56


Process Started on 2014-04-06 19:53:42.767238
It is now          2014-04-06 19:53:44.233271

time series is 5.01 days long
with  219 data points
The most common sample time distance is 0.01 days within the range of [0.01,0.01] days

1% done
10% done
25% done
50% done
75% done
DONE

Process Started on 2014-04-06 19:53:42.767238
It is now          2014-04-06 19:53:44.894555

BEST DELAY=1.49637e+00

INITIAL PARAMETERS (average of lc1 and lc2)
-------------------------------------------
delay      = 1.50
delta_mag  = 0.29
avg_mag    = 18.27
tau        = 1.59
sigma      = 0.06

Optimization terminated successfully.
         Current function value: -2327.053001
         Iterations: 124
         Function evaluations: 220

INITIAL PARAMETERS (optimization of merged light curve)
-------------------------------------------------------
delay      = 1.50
delta_mag  = 0.29
avg_mag    = 18.27
tau        = 1.77
sigma      = 0.06


-------------
RUNNING EMCEE
-------------

pos
sampler
Process Started on 2014-04-06 19:53:42.767238
It is currently    2014-04-06 19:53:47.632972
burn-in sampler.run_mcmc
	Mean acceptance fraction: 0.572
	Errors based on 16th, 50th, and 84th percentile
	Param     	MC_rec	err_up	err_low
	delay     	1.50e+00	+7.26e-03	-6.53e-03
	delta_mag 	3.00e-01	+1.81e-03	-1.86e-03
	sigma     	5.50e-02	+3.25e-03	-3.32e-03
	tau       	1.78e+00	+1.84e-01	-1.21e-01
	avg_mag   	1.83e+01	+2.26e-02	-2.39e-02
Process Started on 2014-04-06 19:53:42.767238
It is currently    2014-04-06 19:55:26.810369
sampler.run_mcmc
Process Started on 2014-04-06 19:53:42.767238
It is currently    2014-04-06 20:15:32.158091
sampler.chain
90000
Mean acceptance fraction: 0.507
Errors based on 16th, 50th, and 84th percentile
Param     	MC_rec	err_up	err_low
delay     	1.50e+00	+6.05e-03	-6.04e-03
delta_mag 	3.01e-01	+1.66e-03	-1.66e-03
sigma     	5.53e-02	+3.45e-03	-3.17e-03
tau       	4.45e+00	+6.58e+00	-2.38e+00
avg_mag   	1.83e+01	+4.39e-02	-4.69e-02
Process Started on 2014-04-06 19:53:42.767238
It is currently    2014-04-06 20:15:42.794045
