
SIMULATION PARAMETERS
Namespace(avg_mag=19.0, delay=1.5, delta_mag=0.3, numorbits=80, outputtag='hubble_sim_r264', photometricerror=0.1, redshift=0.658, sigma=0.07, tau=121.0)

Process Started on 2014-04-07 00:30:34.142977
The output_tag for this run is: hubble_sim_r264_2014_04_07_00:30

CRUDE LIGHT CURVE PARAMETERS
----------------------------
parameter lc1   	lc2
----------------------------
sigma     +0.46 	+0.42
tau       +0.06 	+7.19
avg_mag   +18.54 	+18.86


BEGINNING LIGHT CURVE PARAMETER OPTIMIZATION

Optimization terminated successfully.
         Current function value: -575.333567
         Iterations: 118
         Function evaluations: 207
Optimization terminated successfully.
         Current function value: -573.455730
         Iterations: 145
         Function evaluations: 260

OPTIMIZED LIGHT CURVE PARAMETERS
--------------------------------
parameter lc1   	lc2
--------------------------------
sigma     +0.05 	+0.06
tau       +1.89 	+1.74
avg_mag   +18.55 	+18.85


Process Started on 2014-04-07 00:30:34.142977
It is now          2014-04-07 00:30:37.098006

time series is 5.01 days long
with  220 data points
The most common sample time distance is 0.01 days within the range of [0.01,0.01] days

1% done
10% done
25% done
50% done
75% done
DONE

Process Started on 2014-04-07 00:30:34.142977
It is now          2014-04-07 00:30:38.148800

BEST DELAY=1.49451e+00

INITIAL PARAMETERS (average of lc1 and lc2)
-------------------------------------------
delay      = 1.49
delta_mag  = 0.30
avg_mag    = 18.55
tau        = 1.82
sigma      = 0.05

Optimization terminated successfully.
         Current function value: -1164.918151
         Iterations: 149
         Function evaluations: 268

INITIAL PARAMETERS (optimization of merged light curve)
-------------------------------------------------------
delay      = 1.49
delta_mag  = 0.30
avg_mag    = 18.55
tau        = 1.84
sigma      = 0.05


-------------
RUNNING EMCEE
-------------

pos
sampler
Process Started on 2014-04-07 00:30:34.142977
It is currently    2014-04-07 00:30:43.490789
burn-in sampler.run_mcmc
	Mean acceptance fraction: 0.587
	Errors based on 16th, 50th, and 84th percentile
	Param     	MC_rec	err_up	err_low
	delay     	1.49e+00	+6.84e-02	-7.24e-02
	delta_mag 	3.00e-01	+8.50e-03	-8.60e-03
	sigma     	5.36e-02	+8.37e-03	-7.24e-03
	tau       	1.87e+00	+2.64e-01	-1.81e-01
	avg_mag   	1.85e+01	+2.80e-02	-2.65e-02
Process Started on 2014-04-07 00:30:34.142977
It is currently    2014-04-07 00:32:42.467228
sampler.run_mcmc
Process Started on 2014-04-07 00:30:34.142977
It is currently    2014-04-07 00:47:01.621333
sampler.chain
90000
Mean acceptance fraction: 0.502
Errors based on 16th, 50th, and 84th percentile
Param     	MC_rec	err_up	err_low
delay     	1.47e+00	+7.62e-02	-8.21e-02
delta_mag 	3.01e-01	+8.14e-03	-8.41e-03
sigma     	5.10e-02	+8.24e-03	-7.19e-03
tau       	5.91e+00	+7.60e+00	-3.59e+00
avg_mag   	1.85e+01	+4.73e-02	-5.22e-02
Process Started on 2014-04-07 00:30:34.142977
It is currently    2014-04-07 00:47:09.510723
