
SIMULATION PARAMETERS
Namespace(avg_mag=19.0, delay=1.5, delta_mag=0.3, numorbits=40, outputtag='hubble_sim_r1008', photometricerror=0.02, redshift=0.658, sigma=0.07, tau=121.0)

Process Started on 2014-04-07 01:15:44.417454
The output_tag for this run is: hubble_sim_r1008_2014_04_07_01:15

CRUDE LIGHT CURVE PARAMETERS
----------------------------
parameter lc1   	lc2
----------------------------
sigma     +0.78 	+1.22
tau       +0.00 	+0.00
avg_mag   +19.18 	+19.44


BEGINNING LIGHT CURVE PARAMETER OPTIMIZATION

Optimization terminated successfully.
         Current function value: -570.855606
         Iterations: 139
         Function evaluations: 252
Optimization terminated successfully.
         Current function value: -567.745222
         Iterations: 155
         Function evaluations: 281

OPTIMIZED LIGHT CURVE PARAMETERS
--------------------------------
parameter lc1   	lc2
--------------------------------
sigma     +0.05 	+0.06
tau       +0.87 	+1.46
avg_mag   +19.16 	+19.45


Process Started on 2014-04-07 01:15:44.417454
It is now          2014-04-07 01:15:46.138582

time series is 2.50 days long
with  109 data points
The most common sample time distance is 0.01 days within the range of [0.02,0.01] days

1% done
10% done
25% done
50% done
75% done
DONE

Process Started on 2014-04-07 01:15:44.417454
It is now          2014-04-07 01:15:46.660688

BEST DELAY=1.24907e+00

INITIAL PARAMETERS (average of lc1 and lc2)
-------------------------------------------
delay      = 1.25
delta_mag  = 0.29
avg_mag    = 19.16
tau        = 1.17
sigma      = 0.06

Optimization terminated successfully.
         Current function value: -1104.531898
         Iterations: 94
         Function evaluations: 169

INITIAL PARAMETERS (optimization of merged light curve)
-------------------------------------------------------
delay      = 1.25
delta_mag  = 0.29
avg_mag    = 19.15
tau        = 1.04
sigma      = 0.05


-------------
RUNNING EMCEE
-------------

pos
sampler
Process Started on 2014-04-07 01:15:44.417454
It is currently    2014-04-07 01:15:49.445581
burn-in sampler.run_mcmc
	Mean acceptance fraction: 0.551
	Errors based on 16th, 50th, and 84th percentile
	Param     	MC_rec	err_up	err_low
	delay     	1.46e+00	+3.27e-02	-7.49e-02
	delta_mag 	2.97e-01	+6.02e-03	-7.16e-03
	sigma     	5.90e-02	+6.62e-03	-6.36e-03
	tau       	1.02e+00	+1.13e-01	-1.15e-01
	avg_mag   	1.91e+01	+2.07e-02	-2.16e-02
Process Started on 2014-04-07 01:15:44.417454
It is currently    2014-04-07 01:17:06.302688
sampler.run_mcmc
Process Started on 2014-04-07 01:15:44.417454
It is currently    2014-04-07 01:23:38.600608
sampler.chain
90000
Mean acceptance fraction: 0.511
Errors based on 16th, 50th, and 84th percentile
Param     	MC_rec	err_up	err_low
delay     	1.50e+00	+1.44e-02	-1.41e-02
delta_mag 	3.00e-01	+3.14e-03	-3.27e-03
sigma     	5.26e-02	+4.79e-03	-4.41e-03
tau       	3.35e+00	+4.14e+00	-1.95e+00
avg_mag   	1.91e+01	+3.35e-02	-4.20e-02
Process Started on 2014-04-07 01:15:44.417454
It is currently    2014-04-07 01:23:44.909946
