
SIMULATION PARAMETERS
Namespace(avg_mag=19.0, delay=1.5, delta_mag=0.3, numorbits=40, outputtag='hubble_sim_r1006', photometricerror=0.02, redshift=0.658, sigma=0.07, tau=121.0)

Process Started on 2014-04-07 01:13:44.109021
The output_tag for this run is: hubble_sim_r1006_2014_04_07_01:13

CRUDE LIGHT CURVE PARAMETERS
----------------------------
parameter lc1   	lc2
----------------------------
sigma     +0.92 	+0.50
tau       +0.00 	+0.02
avg_mag   +18.82 	+19.16


BEGINNING LIGHT CURVE PARAMETER OPTIMIZATION

Optimization terminated successfully.
         Current function value: -606.644702
         Iterations: 143
         Function evaluations: 253
Optimization terminated successfully.
         Current function value: -593.533503
         Iterations: 142
         Function evaluations: 251

OPTIMIZED LIGHT CURVE PARAMETERS
--------------------------------
parameter lc1   	lc2
--------------------------------
sigma     +0.05 	+0.06
tau       +1.86 	+2.02
avg_mag   +18.82 	+19.16


Process Started on 2014-04-07 01:13:44.109021
It is now          2014-04-07 01:13:45.865188

time series is 2.52 days long
with  114 data points
The most common sample time distance is 0.01 days within the range of [0.01,0.03] days

1% done
10% done
25% done
50% done
75% done
DONE

Process Started on 2014-04-07 01:13:44.109021
It is now          2014-04-07 01:13:46.397036

BEST DELAY=1.14161e+00

INITIAL PARAMETERS (average of lc1 and lc2)
-------------------------------------------
delay      = 1.14
delta_mag  = 0.34
avg_mag    = 18.82
tau        = 1.94
sigma      = 0.05

Optimization terminated successfully.
         Current function value: -1188.522916
         Iterations: 133
         Function evaluations: 227

INITIAL PARAMETERS (optimization of merged light curve)
-------------------------------------------------------
delay      = 1.14
delta_mag  = 0.34
avg_mag    = 18.83
tau        = 1.41
sigma      = 0.05


-------------
RUNNING EMCEE
-------------

pos
sampler
Process Started on 2014-04-07 01:13:44.109021
It is currently    2014-04-07 01:13:49.576375
burn-in sampler.run_mcmc
	Mean acceptance fraction: 0.558
	Errors based on 16th, 50th, and 84th percentile
	Param     	MC_rec	err_up	err_low
	delay     	1.44e+00	+6.13e-02	-2.21e-01
	delta_mag 	3.08e-01	+1.98e-02	-8.56e-03
	sigma     	5.61e-02	+5.67e-03	-5.33e-03
	tau       	1.55e+00	+4.68e-01	-1.78e-01
	avg_mag   	1.88e+01	+2.99e-02	-3.06e-02
Process Started on 2014-04-07 01:13:44.109021
It is currently    2014-04-07 01:15:13.710538
sampler.run_mcmc
Process Started on 2014-04-07 01:13:44.109021
It is currently    2014-04-07 01:22:40.503499
sampler.chain
90000
Mean acceptance fraction: 0.524
Errors based on 16th, 50th, and 84th percentile
Param     	MC_rec	err_up	err_low
delay     	1.50e+00	+1.31e-02	-1.47e-02
delta_mag 	3.01e-01	+3.31e-03	-3.15e-03
sigma     	5.30e-02	+4.40e-03	-4.23e-03
tau       	6.81e+00	+4.82e+00	-3.96e+00
avg_mag   	1.89e+01	+5.57e-02	-5.65e-02
Process Started on 2014-04-07 01:13:44.109021
It is currently    2014-04-07 01:22:46.910146
