
SIMULATION PARAMETERS
Namespace(avg_mag=19.0, delay=1.5, delta_mag=0.3, numorbits=80, outputtag='hubble_sim_r197', photometricerror=0.05, redshift=0.658, sigma=0.07, tau=121.0)

Process Started on 2014-04-06 23:17:11.461567
The output_tag for this run is: hubble_sim_r197_2014_04_06_23:17

CRUDE LIGHT CURVE PARAMETERS
----------------------------
parameter lc1   	lc2
----------------------------
sigma     +0.33 	+0.28
tau       +0.07 	+0.14
avg_mag   +19.20 	+19.52


BEGINNING LIGHT CURVE PARAMETER OPTIMIZATION

Optimization terminated successfully.
         Current function value: -823.512473
         Iterations: 109
         Function evaluations: 197
Optimization terminated successfully.
         Current function value: -831.496690
         Iterations: 123
         Function evaluations: 222

OPTIMIZED LIGHT CURVE PARAMETERS
--------------------------------
parameter lc1   	lc2
--------------------------------
sigma     +0.05 	+0.04
tau       +0.99 	+2.40
avg_mag   +19.20 	+19.55


Process Started on 2014-04-06 23:17:11.461567
It is now          2014-04-06 23:17:14.073915

time series is 5.00 days long
with  213 data points
The most common sample time distance is 0.03 days within the range of [0.02,0.04] days

1% done
10% done
25% done
50% done
75% done
DONE

Process Started on 2014-04-06 23:17:11.461567
It is now          2014-04-06 23:17:15.112046

BEST DELAY=-2.50103e+00

INITIAL PARAMETERS (average of lc1 and lc2)
-------------------------------------------
delay      = -2.50
delta_mag  = 0.35
avg_mag    = 19.20
tau        = 1.70
sigma      = 0.04

Optimization terminated successfully.
         Current function value: -1620.952129
         Iterations: 128
         Function evaluations: 230

INITIAL PARAMETERS (optimization of merged light curve)
-------------------------------------------------------
delay      = -2.50
delta_mag  = 0.35
avg_mag    = 19.19
tau        = 1.60
sigma      = 0.04


-------------
RUNNING EMCEE
-------------

pos
sampler
Process Started on 2014-04-06 23:17:11.461567
It is currently    2014-04-06 23:17:19.681955
burn-in sampler.run_mcmc
	Mean acceptance fraction: 0.556
	Errors based on 16th, 50th, and 84th percentile
	Param     	MC_rec	err_up	err_low
	delay     	-2.87e+00	+2.46e-01	-6.88e-01
	delta_mag 	3.32e-01	+1.76e-02	-8.03e-03
	sigma     	4.15e-02	+6.20e-03	-5.12e-03
	tau       	1.70e+00	+5.11e-01	-1.90e-01
	avg_mag   	1.92e+01	+2.06e-02	-1.80e-02
Process Started on 2014-04-06 23:17:11.461567
It is currently    2014-04-06 23:19:44.552319
sampler.run_mcmc
Process Started on 2014-04-06 23:17:11.461567
It is currently    2014-04-06 23:38:41.756969
sampler.chain
90000
Mean acceptance fraction: 0.499
Errors based on 16th, 50th, and 84th percentile
Param     	MC_rec	err_up	err_low
delay     	-3.92e+00	+1.20e-01	-1.75e-01
delta_mag 	3.85e-01	+1.37e-02	-1.15e-02
sigma     	4.27e-02	+4.77e-03	-4.42e-03
tau       	5.50e+00	+5.81e+00	-2.86e+00
avg_mag   	1.92e+01	+3.88e-02	-3.65e-02
Process Started on 2014-04-06 23:17:11.461567
It is currently    2014-04-06 23:38:48.429321
