
SIMULATION PARAMETERS
Namespace(avg_mag=19.0, delay=1.5, delta_mag=0.3, numorbits=80, outputtag='hubble_sim_r199', photometricerror=0.05, redshift=0.658, sigma=0.07, tau=121.0)

Process Started on 2014-04-06 23:20:12.532933
The output_tag for this run is: hubble_sim_r199_2014_04_06_23:20

CRUDE LIGHT CURVE PARAMETERS
----------------------------
parameter lc1   	lc2
----------------------------
sigma     +0.32 	+0.60
tau       +0.07 	+0.01
avg_mag   +18.75 	+19.06


BEGINNING LIGHT CURVE PARAMETER OPTIMIZATION

Optimization terminated successfully.
         Current function value: -849.273439
         Iterations: 110
         Function evaluations: 198
Optimization terminated successfully.
         Current function value: -848.949985
         Iterations: 126
         Function evaluations: 227

OPTIMIZED LIGHT CURVE PARAMETERS
--------------------------------
parameter lc1   	lc2
--------------------------------
sigma     +0.04 	+0.04
tau       +1.44 	+1.99
avg_mag   +18.75 	+19.06


Process Started on 2014-04-06 23:20:12.532933
It is now          2014-04-06 23:20:15.250684

time series is 5.01 days long
with  218 data points
The most common sample time distance is 0.01 days within the range of [0.01,0.02] days

1% done
10% done
25% done
50% done
75% done
DONE

Process Started on 2014-04-06 23:20:12.532933
It is now          2014-04-06 23:20:16.327198

BEST DELAY=1.49444e+00

INITIAL PARAMETERS (average of lc1 and lc2)
-------------------------------------------
delay      = 1.49
delta_mag  = 0.31
avg_mag    = 18.75
tau        = 1.71
sigma      = 0.04

Optimization terminated successfully.
         Current function value: -1717.140178
         Iterations: 109
         Function evaluations: 195

INITIAL PARAMETERS (optimization of merged light curve)
-------------------------------------------------------
delay      = 1.49
delta_mag  = 0.31
avg_mag    = 18.76
tau        = 1.60
sigma      = 0.04


-------------
RUNNING EMCEE
-------------

pos
sampler
Process Started on 2014-04-06 23:20:12.532933
It is currently    2014-04-06 23:20:21.070580
burn-in sampler.run_mcmc
	Mean acceptance fraction: 0.583
	Errors based on 16th, 50th, and 84th percentile
	Param     	MC_rec	err_up	err_low
	delay     	1.50e+00	+3.31e-02	-3.27e-02
	delta_mag 	2.99e-01	+4.78e-03	-4.88e-03
	sigma     	4.20e-02	+5.48e-03	-4.56e-03
	tau       	1.60e+00	+9.58e-02	-8.71e-02
	avg_mag   	1.88e+01	+1.91e-02	-1.73e-02
Process Started on 2014-04-06 23:20:12.532933
It is currently    2014-04-06 23:22:32.761609
sampler.run_mcmc
Process Started on 2014-04-06 23:20:12.532933
It is currently    2014-04-06 23:40:24.059151
sampler.chain
90000
Mean acceptance fraction: 0.509
Errors based on 16th, 50th, and 84th percentile
Param     	MC_rec	err_up	err_low
delay     	1.50e+00	+3.64e-02	-3.48e-02
delta_mag 	2.98e-01	+4.03e-03	-4.09e-03
sigma     	4.00e-02	+5.10e-03	-4.73e-03
tau       	5.08e+00	+6.07e+00	-2.93e+00
avg_mag   	1.88e+01	+3.59e-02	-3.49e-02
Process Started on 2014-04-06 23:20:12.532933
It is currently    2014-04-06 23:40:33.704569
