
SIMULATION PARAMETERS
Namespace(avg_mag=19.0, delay=1.5, delta_mag=0.3, numorbits=40, outputtag='hubble_sim_r1212', photometricerror=0.1, redshift=0.658, sigma=0.07, tau=121.0)

Process Started on 2014-04-07 04:40:26.395195
The output_tag for this run is: hubble_sim_r1212_2014_04_07_04:40

CRUDE LIGHT CURVE PARAMETERS
----------------------------
parameter lc1   	lc2
----------------------------
sigma     +0.25 	+0.32
tau       +0.38 	+0.02
avg_mag   +19.53 	+19.84


BEGINNING LIGHT CURVE PARAMETER OPTIMIZATION

Optimization terminated successfully.
         Current function value: -290.663169
         Iterations: 102
         Function evaluations: 184
Optimization terminated successfully.
         Current function value: -294.732802
         Iterations: 63
         Function evaluations: 113

OPTIMIZED LIGHT CURVE PARAMETERS
--------------------------------
parameter lc1   	lc2
--------------------------------
sigma     +0.04 	+0.00
tau       +0.55 	+0.03
avg_mag   +19.53 	+19.84


Process Started on 2014-04-07 04:40:26.395195
It is now          2014-04-07 04:40:26.954056

time series is 2.51 days long
with  110 data points
The most common sample time distance is 0.01 days within the range of [0.02,0.01] days

1% done
10% done
25% done
50% done
75% done
DONE

Process Started on 2014-04-07 04:40:26.395195
It is now          2014-04-07 04:40:27.293191

BEST DELAY=1.24510e+00

INITIAL PARAMETERS (average of lc1 and lc2)
-------------------------------------------
delay      = 1.25
delta_mag  = 0.31
avg_mag    = 19.53
tau        = 0.29
sigma      = 0.02

Optimization terminated successfully.
         Current function value: -586.827088
         Iterations: 117
         Function evaluations: 215

INITIAL PARAMETERS (optimization of merged light curve)
-------------------------------------------------------
delay      = 1.25
delta_mag  = 0.31
avg_mag    = 19.54
tau        = 0.56
sigma      = 0.04


-------------
RUNNING EMCEE
-------------

pos
sampler
Process Started on 2014-04-07 04:40:26.395195
It is currently    2014-04-07 04:40:29.178606
burn-in sampler.run_mcmc
	Mean acceptance fraction: 0.575
	Errors based on 16th, 50th, and 84th percentile
	Param     	MC_rec	err_up	err_low
	delay     	1.26e+00	+1.61e-01	-9.01e-02
	delta_mag 	3.08e-01	+1.23e-02	-1.31e-02
	sigma     	4.31e-02	+1.28e-02	-1.40e-02
	tau       	5.74e-01	+1.55e-01	-9.89e-02
	avg_mag   	1.95e+01	+1.34e-02	-1.19e-02
Process Started on 2014-04-07 04:40:26.395195
It is currently    2014-04-07 04:41:14.949534
sampler.run_mcmc
Process Started on 2014-04-07 04:40:26.395195
It is currently    2014-04-07 04:46:55.750736
sampler.chain
90000
Mean acceptance fraction: 0.501
Errors based on 16th, 50th, and 84th percentile
Param     	MC_rec	err_up	err_low
delay     	1.50e+00	+3.54e-01	-2.85e-01
delta_mag 	3.02e-01	+1.33e-02	-1.64e-02
sigma     	3.49e-02	+1.26e-02	-1.18e-02
tau       	1.65e+00	+2.17e+00	-9.80e-01
avg_mag   	1.95e+01	+2.06e-02	-1.63e-02
Process Started on 2014-04-07 04:40:26.395195
It is currently    2014-04-07 04:47:02.054259
