
SIMULATION PARAMETERS
Namespace(avg_mag=19.0, delay=1.5, delta_mag=0.3, numorbits=80, outputtag='hubble_sim_r127', photometricerror=0.05, redshift=0.658, sigma=0.07, tau=121.0)

Process Started on 2014-04-06 22:02:47.623063
The output_tag for this run is: hubble_sim_r127_2014_04_06_22:02

CRUDE LIGHT CURVE PARAMETERS
----------------------------
parameter lc1   	lc2
----------------------------
sigma     +0.26 	+0.36
tau       +0.07 	+0.02
avg_mag   +19.82 	+20.10


BEGINNING LIGHT CURVE PARAMETER OPTIMIZATION

Optimization terminated successfully.
         Current function value: -815.794096
         Iterations: 129
         Function evaluations: 233
Optimization terminated successfully.
         Current function value: -795.173978
         Iterations: 59
         Function evaluations: 107

OPTIMIZED LIGHT CURVE PARAMETERS
--------------------------------
parameter lc1   	lc2
--------------------------------
sigma     +0.03 	+0.00
tau       +1.73 	+0.02
avg_mag   +19.83 	+20.10


Process Started on 2014-04-06 22:02:47.623063
It is now          2014-04-06 22:02:49.772685

time series is 5.01 days long
with  210 data points
The most common sample time distance is 0.03 days within the range of [0.02,0.04] days

1% done
10% done
25% done
50% done
75% done
DONE

Process Started on 2014-04-06 22:02:47.623063
It is now          2014-04-06 22:02:50.831652

BEST DELAY=2.94703e-01

INITIAL PARAMETERS (average of lc1 and lc2)
-------------------------------------------
delay      = 0.29
delta_mag  = 0.27
avg_mag    = 19.83
tau        = 0.88
sigma      = 0.02

Optimization terminated successfully.
         Current function value: -1635.407449
         Iterations: 111
         Function evaluations: 198

INITIAL PARAMETERS (optimization of merged light curve)
-------------------------------------------------------
delay      = 0.29
delta_mag  = 0.27
avg_mag    = 19.84
tau        = 1.46
sigma      = 0.03


-------------
RUNNING EMCEE
-------------

pos
sampler
Process Started on 2014-04-06 22:02:47.623063
It is currently    2014-04-06 22:02:54.536460
burn-in sampler.run_mcmc
	Mean acceptance fraction: 0.588
	Errors based on 16th, 50th, and 84th percentile
	Param     	MC_rec	err_up	err_low
	delay     	3.68e-01	+7.45e-02	-7.76e-02
	delta_mag 	2.82e-01	+4.13e-03	-4.06e-03
	sigma     	3.26e-02	+6.06e-03	-5.41e-03
	tau       	1.49e+00	+3.46e-01	-1.71e-01
	avg_mag   	1.98e+01	+1.38e-02	-1.44e-02
Process Started on 2014-04-06 22:02:47.623063
It is currently    2014-04-06 22:05:15.856990
sampler.run_mcmc
Process Started on 2014-04-06 22:02:47.623063
It is currently    2014-04-06 22:19:26.629288
sampler.chain
90000
Mean acceptance fraction: 0.339
Errors based on 16th, 50th, and 84th percentile
Param     	MC_rec	err_up	err_low
delay     	4.40e-01	+1.06e+00	-8.18e-02
delta_mag 	2.85e-01	+1.35e-02	-4.77e-03
sigma     	3.26e-02	+8.02e-03	-6.54e-03
tau       	4.94e+00	+5.38e+00	-3.16e+00
avg_mag   	1.98e+01	+2.91e-02	-2.37e-02
Process Started on 2014-04-06 22:02:47.623063
It is currently    2014-04-06 22:19:35.593692
