
SIMULATION PARAMETERS
Namespace(avg_mag=19.0, delay=1.5, delta_mag=0.3, numorbits=80, outputtag='hubble_sim_r97', photometricerror=0.02, redshift=0.658, sigma=0.07, tau=121.0)

Process Started on 2014-04-06 21:26:06.290975
The output_tag for this run is: hubble_sim_r97_2014_04_06_21:26

CRUDE LIGHT CURVE PARAMETERS
----------------------------
parameter lc1   	lc2
----------------------------
sigma     +0.86 	+0.72
tau       +0.13 	+0.05
avg_mag   +19.63 	+20.01


BEGINNING LIGHT CURVE PARAMETER OPTIMIZATION

Optimization terminated successfully.
         Current function value: -1166.732670
         Iterations: 151
         Function evaluations: 267
Optimization terminated successfully.
         Current function value: -1168.089393
         Iterations: 166
         Function evaluations: 286

OPTIMIZED LIGHT CURVE PARAMETERS
--------------------------------
parameter lc1   	lc2
--------------------------------
sigma     +0.05 	+0.05
tau       +6.47 	+8.62
avg_mag   +19.66 	+19.97


Process Started on 2014-04-06 21:26:06.290975
It is now          2014-04-06 21:26:09.673510

time series is 5.01 days long
with  222 data points
The most common sample time distance is 0.01 days within the range of [0.01,0.01] days

1% done
10% done
25% done
50% done
75% done
DONE

Process Started on 2014-04-06 21:26:06.290975
It is now          2014-04-06 21:26:10.674065

BEST DELAY=1.49468e+00

INITIAL PARAMETERS (average of lc1 and lc2)
-------------------------------------------
delay      = 1.49
delta_mag  = 0.31
avg_mag    = 19.66
tau        = 7.54
sigma      = 0.05

Optimization terminated successfully.
         Current function value: -2389.621834
         Iterations: 152
         Function evaluations: 270

INITIAL PARAMETERS (optimization of merged light curve)
-------------------------------------------------------
delay      = 1.49
delta_mag  = 0.31
avg_mag    = 19.67
tau        = 7.10
sigma      = 0.05


-------------
RUNNING EMCEE
-------------

pos
sampler
Process Started on 2014-04-06 21:26:06.290975
It is currently    2014-04-06 21:26:15.791725
burn-in sampler.run_mcmc
	Mean acceptance fraction: 0.581
	Errors based on 16th, 50th, and 84th percentile
	Param     	MC_rec	err_up	err_low
	delay     	1.50e+00	+7.23e-03	-6.66e-03
	delta_mag 	3.01e-01	+1.77e-03	-1.81e-03
	sigma     	5.28e-02	+4.30e-03	-3.18e-03
	tau       	7.11e+00	+2.34e-01	-2.03e-01
	avg_mag   	1.97e+01	+4.96e-02	-5.84e-02
Process Started on 2014-04-06 21:26:06.290975
It is currently    2014-04-06 21:28:37.074584
sampler.run_mcmc
Process Started on 2014-04-06 21:26:06.290975
It is currently    2014-04-06 21:46:49.373050
sampler.chain
90000
Mean acceptance fraction: 0.517
Errors based on 16th, 50th, and 84th percentile
Param     	MC_rec	err_up	err_low
delay     	1.50e+00	+6.13e-03	-6.18e-03
delta_mag 	3.00e-01	+1.68e-03	-1.72e-03
sigma     	5.31e-02	+3.35e-03	-3.08e-03
tau       	2.63e+01	+2.66e+01	-1.65e+01
avg_mag   	1.97e+01	+1.26e-01	-1.20e-01
Process Started on 2014-04-06 21:26:06.290975
It is currently    2014-04-06 21:46:56.926761
