
SIMULATION PARAMETERS
Namespace(avg_mag=19.0, delay=1.5, delta_mag=0.3, numorbits=80, outputtag='hubble_sim_r244', photometricerror=0.1, redshift=0.658, sigma=0.07, tau=121.0)

Process Started on 2014-04-07 00:08:28.016773
The output_tag for this run is: hubble_sim_r244_2014_04_07_00:08

CRUDE LIGHT CURVE PARAMETERS
----------------------------
parameter lc1   	lc2
----------------------------
sigma     +0.37 	+0.29
tau       +0.08 	+0.10
avg_mag   +18.80 	+19.11


BEGINNING LIGHT CURVE PARAMETER OPTIMIZATION

Optimization terminated successfully.
         Current function value: -579.388992
         Iterations: 133
         Function evaluations: 235
Optimization terminated successfully.
         Current function value: -582.662048
         Iterations: 111
         Function evaluations: 198

OPTIMIZED LIGHT CURVE PARAMETERS
--------------------------------
parameter lc1   	lc2
--------------------------------
sigma     +0.04 	+0.04
tau       +2.20 	+0.74
avg_mag   +18.78 	+19.11


Process Started on 2014-04-07 00:08:28.016773
It is now          2014-04-07 00:08:30.844748

time series is 5.02 days long
with  220 data points
The most common sample time distance is 0.01 days within the range of [0.01,0.01] days

1% done
10% done
25% done
50% done
75% done
DONE

Process Started on 2014-04-07 00:08:28.016773
It is now          2014-04-07 00:08:31.908443

BEST DELAY=1.59229e+00

INITIAL PARAMETERS (average of lc1 and lc2)
-------------------------------------------
delay      = 1.59
delta_mag  = 0.33
avg_mag    = 18.78
tau        = 1.47
sigma      = 0.04

Optimization terminated successfully.
         Current function value: -1164.538650
         Iterations: 108
         Function evaluations: 200

INITIAL PARAMETERS (optimization of merged light curve)
-------------------------------------------------------
delay      = 1.59
delta_mag  = 0.33
avg_mag    = 18.77
tau        = 1.33
sigma      = 0.04


-------------
RUNNING EMCEE
-------------

pos
sampler
Process Started on 2014-04-07 00:08:28.016773
It is currently    2014-04-07 00:08:36.393659
burn-in sampler.run_mcmc
	Mean acceptance fraction: 0.586
	Errors based on 16th, 50th, and 84th percentile
	Param     	MC_rec	err_up	err_low
	delay     	1.53e+00	+1.14e-01	-1.04e-01
	delta_mag 	3.03e-01	+9.02e-03	-8.62e-03
	sigma     	4.73e-02	+8.61e-03	-7.73e-03
	tau       	1.35e+00	+3.23e-01	-2.21e-01
	avg_mag   	1.88e+01	+1.71e-02	-1.73e-02
Process Started on 2014-04-07 00:08:28.016773
It is currently    2014-04-07 00:11:09.549811
sampler.run_mcmc
Process Started on 2014-04-07 00:08:28.016773
It is currently    2014-04-07 00:31:56.243811
sampler.chain
90000
Mean acceptance fraction: 0.508
Errors based on 16th, 50th, and 84th percentile
Param     	MC_rec	err_up	err_low
delay     	1.49e+00	+1.10e-01	-1.07e-01
delta_mag 	3.00e-01	+7.90e-03	-7.85e-03
sigma     	4.23e-02	+8.30e-03	-7.31e-03
tau       	4.98e+00	+5.01e+00	-3.00e+00
avg_mag   	1.88e+01	+3.10e-02	-3.83e-02
Process Started on 2014-04-07 00:08:28.016773
It is currently    2014-04-07 00:32:06.933868
