
SIMULATION PARAMETERS
Namespace(avg_mag=19.0, delay=1.5, delta_mag=0.3, numorbits=80, outputtag='hubble_sim_r257', photometricerror=0.1, redshift=0.658, sigma=0.07, tau=121.0)

Process Started on 2014-04-07 00:21:32.204388
The output_tag for this run is: hubble_sim_r257_2014_04_07_00:21

CRUDE LIGHT CURVE PARAMETERS
----------------------------
parameter lc1   	lc2
----------------------------
sigma     +0.66 	+0.60
tau       +0.07 	+0.06
avg_mag   +18.10 	+18.45


BEGINNING LIGHT CURVE PARAMETER OPTIMIZATION

Optimization terminated successfully.
         Current function value: -574.976377
         Iterations: 145
         Function evaluations: 257
Optimization terminated successfully.
         Current function value: -575.164706
         Iterations: 123
         Function evaluations: 221

OPTIMIZED LIGHT CURVE PARAMETERS
--------------------------------
parameter lc1   	lc2
--------------------------------
sigma     +0.07 	+0.07
tau       +1.94 	+3.60
avg_mag   +18.11 	+18.42


Process Started on 2014-04-07 00:21:32.204388
It is now          2014-04-07 00:21:35.383035

time series is 5.00 days long
with  224 data points
The most common sample time distance is 0.03 days within the range of [0.02,0.04] days

1% done
10% done
25% done
50% done
75% done
DONE

Process Started on 2014-04-07 00:21:32.204388
It is now          2014-04-07 00:21:36.485749

BEST DELAY=1.49981e+00

INITIAL PARAMETERS (average of lc1 and lc2)
-------------------------------------------
delay      = 1.50
delta_mag  = 0.31
avg_mag    = 18.11
tau        = 2.77
sigma      = 0.07

Optimization terminated successfully.
         Current function value: -1172.120210
         Iterations: 149
         Function evaluations: 272

INITIAL PARAMETERS (optimization of merged light curve)
-------------------------------------------------------
delay      = 1.50
delta_mag  = 0.31
avg_mag    = 18.12
tau        = 2.42
sigma      = 0.07


-------------
RUNNING EMCEE
-------------

pos
sampler
Process Started on 2014-04-07 00:21:32.204388
It is currently    2014-04-07 00:21:41.767444
burn-in sampler.run_mcmc
	Mean acceptance fraction: 0.577
	Errors based on 16th, 50th, and 84th percentile
	Param     	MC_rec	err_up	err_low
	delay     	1.51e+00	+4.48e-02	-4.94e-02
	delta_mag 	2.98e-01	+1.04e-02	-8.78e-03
	sigma     	7.02e-02	+1.03e-02	-8.65e-03
	tau       	2.44e+00	+3.51e-01	-2.04e-01
	avg_mag   	1.81e+01	+4.05e-02	-4.20e-02
Process Started on 2014-04-07 00:21:32.204388
It is currently    2014-04-07 00:24:19.286641
sampler.run_mcmc
Process Started on 2014-04-07 00:21:32.204388
It is currently    2014-04-07 00:41:28.454644
sampler.chain
90000
Mean acceptance fraction: 0.511
Errors based on 16th, 50th, and 84th percentile
Param     	MC_rec	err_up	err_low
delay     	1.50e+00	+5.00e-02	-5.07e-02
delta_mag 	2.98e-01	+8.24e-03	-8.54e-03
sigma     	6.66e-02	+8.59e-03	-7.62e-03
tau       	9.68e+00	+9.16e+00	-6.04e+00
avg_mag   	1.81e+01	+8.58e-02	-7.92e-02
Process Started on 2014-04-07 00:21:32.204388
It is currently    2014-04-07 00:41:34.930235
