
SIMULATION PARAMETERS
Namespace(avg_mag=19.0, delay=1.5, delta_mag=0.3, numorbits=40, outputtag='hubble_sim_r1235', photometricerror=0.1, redshift=0.658, sigma=0.07, tau=121.0)

Process Started on 2014-04-07 05:03:31.031587
The output_tag for this run is: hubble_sim_r1235_2014_04_07_05:03

CRUDE LIGHT CURVE PARAMETERS
----------------------------
parameter lc1   	lc2
----------------------------
sigma     +0.62 	+0.38
tau       +0.05 	+0.03
avg_mag   +18.75 	+18.97


BEGINNING LIGHT CURVE PARAMETER OPTIMIZATION

Optimization terminated successfully.
         Current function value: -262.854798
         Iterations: 124
         Function evaluations: 220
Optimization terminated successfully.
         Current function value: -267.005417
         Iterations: 50
         Function evaluations: 98

OPTIMIZED LIGHT CURVE PARAMETERS
--------------------------------
parameter lc1   	lc2
--------------------------------
sigma     +0.07 	+0.00
tau       +2.93 	+0.04
avg_mag   +18.73 	+18.97


Process Started on 2014-04-07 05:03:31.031587
It is now          2014-04-07 05:03:31.573216

time series is 2.51 days long
with  102 data points
The most common sample time distance is 0.02 days within the range of [0.01,0.03] days

1% done
10% done
25% done
50% done
75% done
DONE

Process Started on 2014-04-07 05:03:31.031587
It is now          2014-04-07 05:03:31.878043

BEST DELAY=1.24642e+00

INITIAL PARAMETERS (average of lc1 and lc2)
-------------------------------------------
delay      = 1.25
delta_mag  = 0.24
avg_mag    = 18.73
tau        = 1.48
sigma      = 0.03

Optimization terminated successfully.
         Current function value: -531.943095
         Iterations: 110
         Function evaluations: 197

INITIAL PARAMETERS (optimization of merged light curve)
-------------------------------------------------------
delay      = 1.25
delta_mag  = 0.24
avg_mag    = 18.76
tau        = 1.32
sigma      = 0.06


-------------
RUNNING EMCEE
-------------

pos
sampler
Process Started on 2014-04-07 05:03:31.031587
It is currently    2014-04-07 05:03:33.566893
burn-in sampler.run_mcmc
	Mean acceptance fraction: 0.578
	Errors based on 16th, 50th, and 84th percentile
	Param     	MC_rec	err_up	err_low
	delay     	1.38e+00	+1.90e-01	-1.37e-01
	delta_mag 	2.78e-01	+2.60e-02	-2.02e-02
	sigma     	6.63e-02	+1.35e-02	-1.07e-02
	tau       	1.42e+00	+4.14e-01	-2.24e-01
	avg_mag   	1.87e+01	+2.95e-02	-3.12e-02
Process Started on 2014-04-07 05:03:31.031587
It is currently    2014-04-07 05:04:16.270380
sampler.run_mcmc
Process Started on 2014-04-07 05:03:31.031587
It is currently    2014-04-07 05:09:51.447903
sampler.chain
90000
Mean acceptance fraction: 0.511
Errors based on 16th, 50th, and 84th percentile
Param     	MC_rec	err_up	err_low
delay     	1.45e+00	+1.90e-01	-1.51e-01
delta_mag 	2.87e-01	+2.40e-02	-1.84e-02
sigma     	5.99e-02	+1.14e-02	-9.46e-03
tau       	6.12e+00	+4.66e+00	-3.66e+00
avg_mag   	1.88e+01	+6.35e-02	-5.78e-02
Process Started on 2014-04-07 05:03:31.031587
It is currently    2014-04-07 05:09:57.674779
