
SIMULATION PARAMETERS
Namespace(avg_mag=19.0, delay=1.5, delta_mag=0.3, numorbits=40, outputtag='hubble_sim_r1227', photometricerror=0.1, redshift=0.658, sigma=0.07, tau=121.0)

Process Started on 2014-04-07 04:55:29.416441
The output_tag for this run is: hubble_sim_r1227_2014_04_07_04:55

CRUDE LIGHT CURVE PARAMETERS
----------------------------
parameter lc1   	lc2
----------------------------
sigma     +0.18 	+0.50
tau       +0.05 	+0.01
avg_mag   +17.99 	+18.30


BEGINNING LIGHT CURVE PARAMETER OPTIMIZATION

Optimization terminated successfully.
         Current function value: -299.541690
         Iterations: 56
         Function evaluations: 100
Optimization terminated successfully.
         Current function value: -295.613743
         Iterations: 63
         Function evaluations: 113

OPTIMIZED LIGHT CURVE PARAMETERS
--------------------------------
parameter lc1   	lc2
--------------------------------
sigma     +0.00 	+0.00
tau       +0.07 	+0.01
avg_mag   +17.99 	+18.30


Process Started on 2014-04-07 04:55:29.416441
It is now          2014-04-07 04:55:29.813793

time series is 2.51 days long
with  110 data points
The most common sample time distance is 0.01 days within the range of [0.01,0.03] days

1% done
10% done
25% done
50% done
75% done
DONE

Process Started on 2014-04-07 04:55:29.416441
It is now          2014-04-07 04:55:30.125717

BEST DELAY=4.42603e-01

INITIAL PARAMETERS (average of lc1 and lc2)
-------------------------------------------
delay      = 0.44
delta_mag  = 0.31
avg_mag    = 17.99
tau        = 0.04
sigma      = 0.00

Optimization terminated successfully.
         Current function value: -595.155434
         Iterations: 57
         Function evaluations: 106

INITIAL PARAMETERS (optimization of merged light curve)
-------------------------------------------------------
delay      = 0.44
delta_mag  = 0.31
avg_mag    = 17.99
tau        = 0.51
sigma      = 0.00


-------------
RUNNING EMCEE
-------------

pos
sampler
Process Started on 2014-04-07 04:55:29.416441
It is currently    2014-04-07 04:55:31.533600
burn-in sampler.run_mcmc
	Mean acceptance fraction: 0.242
	Errors based on 16th, 50th, and 84th percentile
	Param     	MC_rec	err_up	err_low
	delay     	4.43e-01	+1.59e-02	-2.32e-02
	delta_mag 	3.13e-01	+7.61e-03	-7.14e-03
	sigma     	1.24e-05	+1.20e-05	-1.20e-05
	tau       	5.13e-01	+4.32e-03	-7.68e-03
	avg_mag   	1.80e+01	+5.40e-03	-6.64e-03
Process Started on 2014-04-07 04:55:29.416441
It is currently    2014-04-07 04:55:50.923256
sampler.run_mcmc
Process Started on 2014-04-07 04:55:29.416441
It is currently    2014-04-07 04:59:34.030186
sampler.chain
90000
Mean acceptance fraction: 0.347
Errors based on 16th, 50th, and 84th percentile
Param     	MC_rec	err_up	err_low
delay     	4.43e-01	+7.98e-01	-7.84e-01
delta_mag 	3.13e-01	+8.71e-03	-9.39e-03
sigma     	1.23e-05	+9.67e-06	-9.26e-06
tau       	1.69e+00	+2.25e+00	-1.18e+00
avg_mag   	1.80e+01	+6.65e-03	-6.23e-03
Process Started on 2014-04-07 04:55:29.416441
It is currently    2014-04-07 04:59:40.323573
