
SIMULATION PARAMETERS
Namespace(avg_mag=19.0, delay=1.5, delta_mag=0.3, numorbits=80, outputtag='hubble_sim_r249', photometricerror=0.1, redshift=0.658, sigma=0.07, tau=121.0)

Process Started on 2014-04-07 00:13:29.781137
The output_tag for this run is: hubble_sim_r249_2014_04_07_00:13

CRUDE LIGHT CURVE PARAMETERS
----------------------------
parameter lc1   	lc2
----------------------------
sigma     +1.03 	+0.85
tau       +0.01 	+0.03
avg_mag   +18.45 	+18.82


BEGINNING LIGHT CURVE PARAMETER OPTIMIZATION

Optimization terminated successfully.
         Current function value: -545.503195
         Iterations: 64
         Function evaluations: 119
Optimization terminated successfully.
         Current function value: -587.405331
         Iterations: 147
         Function evaluations: 263

OPTIMIZED LIGHT CURVE PARAMETERS
--------------------------------
parameter lc1   	lc2
--------------------------------
sigma     +0.00 	+0.05
tau       +0.01 	+7.49
avg_mag   +18.45 	+18.84


Process Started on 2014-04-07 00:13:29.781137
It is now          2014-04-07 00:13:32.644456

time series is 5.00 days long
with  226 data points
The most common sample time distance is 0.03 days within the range of [0.02,0.04] days

1% done
10% done
25% done
50% done
75% done
DONE

Process Started on 2014-04-07 00:13:29.781137
It is now          2014-04-07 00:13:33.843719

BEST DELAY=-2.02267e-01

INITIAL PARAMETERS (average of lc1 and lc2)
-------------------------------------------
delay      = -0.20
delta_mag  = 0.40
avg_mag    = 18.45
tau        = 3.75
sigma      = 0.03

Optimization terminated successfully.
         Current function value: -1169.631631
         Iterations: 142
         Function evaluations: 253

INITIAL PARAMETERS (optimization of merged light curve)
-------------------------------------------------------
delay      = -0.20
delta_mag  = 0.40
avg_mag    = 18.46
tau        = 11.51
sigma      = 0.04


-------------
RUNNING EMCEE
-------------

pos
sampler
Process Started on 2014-04-07 00:13:29.781137
It is currently    2014-04-07 00:13:39.298284
burn-in sampler.run_mcmc
	Mean acceptance fraction: 0.566
	Errors based on 16th, 50th, and 84th percentile
	Param     	MC_rec	err_up	err_low
	delay     	1.13e-01	+9.18e-01	-3.04e-01
	delta_mag 	3.67e-01	+1.73e-02	-3.49e-02
	sigma     	4.88e-02	+1.10e-02	-9.27e-03
	tau       	1.13e+01	+2.71e-01	-1.01e+00
	avg_mag   	1.85e+01	+9.85e-02	-9.11e-02
Process Started on 2014-04-07 00:13:29.781137
It is currently    2014-04-07 00:16:14.386498
sampler.run_mcmc
Process Started on 2014-04-07 00:13:29.781137
It is currently    2014-04-07 00:30:43.350565
sampler.chain
90000
Mean acceptance fraction: 0.513
Errors based on 16th, 50th, and 84th percentile
Param     	MC_rec	err_up	err_low
delay     	1.46e+00	+8.15e-02	-9.17e-02
delta_mag 	3.05e-01	+8.92e-03	-9.04e-03
sigma     	5.10e-02	+7.99e-03	-6.77e-03
tau       	4.81e+01	+4.31e+01	-3.18e+01
avg_mag   	1.85e+01	+1.57e-01	-1.60e-01
Process Started on 2014-04-07 00:13:29.781137
It is currently    2014-04-07 00:30:49.943030
