
SIMULATION PARAMETERS
Namespace(avg_mag=19.0, delay=1.5, delta_mag=0.3, numorbits=80, outputtag='hubble_sim_r130', photometricerror=0.05, redshift=0.658, sigma=0.07, tau=121.0)

Process Started on 2014-04-06 22:05:48.532032
The output_tag for this run is: hubble_sim_r130_2014_04_06_22:05

CRUDE LIGHT CURVE PARAMETERS
----------------------------
parameter lc1   	lc2
----------------------------
sigma     +0.40 	+0.36
tau       +0.04 	+0.09
avg_mag   +19.66 	+20.00


BEGINNING LIGHT CURVE PARAMETER OPTIMIZATION

Optimization terminated successfully.
         Current function value: -816.667888
         Iterations: 129
         Function evaluations: 223
Optimization terminated successfully.
         Current function value: -823.662401
         Iterations: 122
         Function evaluations: 219

OPTIMIZED LIGHT CURVE PARAMETERS
--------------------------------
parameter lc1   	lc2
--------------------------------
sigma     +0.04 	+0.04
tau       +3.55 	+2.48
avg_mag   +19.67 	+20.01


Process Started on 2014-04-06 22:05:48.532032
It is now          2014-04-06 22:05:51.268243

time series is 5.00 days long
with  210 data points
The most common sample time distance is 0.01 days within the range of [0.01,0.01] days

1% done
10% done
25% done
50% done
75% done
DONE

Process Started on 2014-04-06 22:05:48.532032
It is now          2014-04-06 22:05:52.299752

BEST DELAY=-1.70143e+00

INITIAL PARAMETERS (average of lc1 and lc2)
-------------------------------------------
delay      = -1.70
delta_mag  = 0.34
avg_mag    = 19.67
tau        = 3.02
sigma      = 0.04

Optimization terminated successfully.
         Current function value: -1623.669760
         Iterations: 136
         Function evaluations: 239

INITIAL PARAMETERS (optimization of merged light curve)
-------------------------------------------------------
delay      = -1.70
delta_mag  = 0.34
avg_mag    = 19.68
tau        = 2.78
sigma      = 0.04


-------------
RUNNING EMCEE
-------------

pos
sampler
Process Started on 2014-04-06 22:05:48.532032
It is currently    2014-04-06 22:05:56.956206
burn-in sampler.run_mcmc
	Mean acceptance fraction: 0.570
	Errors based on 16th, 50th, and 84th percentile
	Param     	MC_rec	err_up	err_low
	delay     	-1.76e+00	+6.72e-02	-8.95e-02
	delta_mag 	3.68e-01	+6.37e-03	-5.41e-03
	sigma     	3.91e-02	+5.19e-03	-4.32e-03
	tau       	2.76e+00	+3.94e-01	-3.17e-01
	avg_mag   	1.97e+01	+2.60e-02	-2.54e-02
Process Started on 2014-04-06 22:05:48.532032
It is currently    2014-04-06 22:08:22.091262
sampler.run_mcmc
Process Started on 2014-04-06 22:05:48.532032
It is currently    2014-04-06 22:26:15.437890
sampler.chain
90000
Mean acceptance fraction: 0.516
Errors based on 16th, 50th, and 84th percentile
Param     	MC_rec	err_up	err_low
delay     	-1.83e+00	+7.64e-02	-7.80e-02
delta_mag 	3.73e-01	+4.65e-03	-4.68e-03
sigma     	3.61e-02	+4.64e-03	-4.06e-03
tau       	1.26e+01	+9.74e+00	-7.76e+00
avg_mag   	1.97e+01	+5.54e-02	-4.76e-02
Process Started on 2014-04-06 22:05:48.532032
It is currently    2014-04-06 22:26:26.446970
