
SIMULATION PARAMETERS
Namespace(avg_mag=19.0, delay=1.5, delta_mag=0.3, numorbits=40, outputtag='hubble_sim_r1081', photometricerror=0.02, redshift=0.658, sigma=0.07, tau=121.0)

Process Started on 2014-04-07 02:28:58.658134
The output_tag for this run is: hubble_sim_r1081_2014_04_07_02:28

CRUDE LIGHT CURVE PARAMETERS
----------------------------
parameter lc1   	lc2
----------------------------
sigma     +0.43 	+0.30
tau       +0.25 	+0.19
avg_mag   +18.54 	+18.87


BEGINNING LIGHT CURVE PARAMETER OPTIMIZATION

Optimization terminated successfully.
         Current function value: -557.973202
         Iterations: 115
         Function evaluations: 207
Optimization terminated successfully.
         Current function value: -568.319183
         Iterations: 138
         Function evaluations: 245

OPTIMIZED LIGHT CURVE PARAMETERS
--------------------------------
parameter lc1   	lc2
--------------------------------
sigma     +0.07 	+0.06
tau       +1.52 	+1.38
avg_mag   +18.57 	+18.84


Process Started on 2014-04-07 02:28:58.658134
It is now          2014-04-07 02:28:59.482845

time series is 2.50 days long
with  109 data points
The most common sample time distance is 0.01 days within the range of [0.01,0.03] days

1% done
10% done
25% done
50% done
75% done
DONE

Process Started on 2014-04-07 02:28:58.658134
It is now          2014-04-07 02:28:59.804439

BEST DELAY=1.24918e+00

INITIAL PARAMETERS (average of lc1 and lc2)
-------------------------------------------
delay      = 1.25
delta_mag  = 0.27
avg_mag    = 18.57
tau        = 1.45
sigma      = 0.06

Optimization terminated successfully.
         Current function value: -855.540571
         Iterations: 115
         Function evaluations: 215

INITIAL PARAMETERS (optimization of merged light curve)
-------------------------------------------------------
delay      = 1.25
delta_mag  = 0.27
avg_mag    = 18.57
tau        = 1.60
sigma      = 0.06


-------------
RUNNING EMCEE
-------------

pos
sampler
Process Started on 2014-04-07 02:28:58.658134
It is currently    2014-04-07 02:29:01.592661
burn-in sampler.run_mcmc
	Mean acceptance fraction: 0.466
	Errors based on 16th, 50th, and 84th percentile
	Param     	MC_rec	err_up	err_low
	delay     	1.46e+00	+3.39e-02	-3.54e-01
	delta_mag 	2.99e-01	+3.18e-02	-6.59e-03
	sigma     	6.86e-02	+9.98e-03	-9.05e-03
	tau       	1.67e+00	+7.36e-02	-1.14e-01
	avg_mag   	1.86e+01	+4.52e-02	-4.37e-02
Process Started on 2014-04-07 02:28:58.658134
It is currently    2014-04-07 02:29:47.224470
sampler.run_mcmc
Process Started on 2014-04-07 02:28:58.658134
It is currently    2014-04-07 02:35:46.238363
sampler.chain
90000
Mean acceptance fraction: 0.504
Errors based on 16th, 50th, and 84th percentile
Param     	MC_rec	err_up	err_low
delay     	1.50e+00	+1.12e-02	-1.13e-02
delta_mag 	3.00e-01	+3.08e-03	-3.17e-03
sigma     	6.17e-02	+4.88e-03	-4.44e-03
tau       	5.56e+00	+6.55e+00	-3.53e+00
avg_mag   	1.86e+01	+6.21e-02	-6.04e-02
Process Started on 2014-04-07 02:28:58.658134
It is currently    2014-04-07 02:35:52.379062
