
SIMULATION PARAMETERS
Namespace(avg_mag=19.0, delay=1.5, delta_mag=0.3, numorbits=80, outputtag='hubble_sim_r255', photometricerror=0.1, redshift=0.658, sigma=0.07, tau=121.0)

Process Started on 2014-04-07 00:19:31.275690
The output_tag for this run is: hubble_sim_r255_2014_04_07_00:19

CRUDE LIGHT CURVE PARAMETERS
----------------------------
parameter lc1   	lc2
----------------------------
sigma     +0.31 	+0.34
tau       +0.05 	+0.05
avg_mag   +18.88 	+19.18


BEGINNING LIGHT CURVE PARAMETER OPTIMIZATION

Optimization terminated successfully.
         Current function value: -562.282128
         Iterations: 55
         Function evaluations: 101
Optimization terminated successfully.
         Current function value: -557.050409
         Iterations: 56
         Function evaluations: 103

OPTIMIZED LIGHT CURVE PARAMETERS
--------------------------------
parameter lc1   	lc2
--------------------------------
sigma     +0.00 	+0.00
tau       +0.07 	+0.07
avg_mag   +18.88 	+19.18


Process Started on 2014-04-07 00:19:31.275690
It is now          2014-04-07 00:19:32.538419

time series is 5.01 days long
with  214 data points
The most common sample time distance is 0.01 days within the range of [0.01,0.01] days

1% done
10% done
25% done
50% done
75% done
DONE

Process Started on 2014-04-07 00:19:31.275690
It is now          2014-04-07 00:19:33.562951

BEST DELAY=1.49615e+00

INITIAL PARAMETERS (average of lc1 and lc2)
-------------------------------------------
delay      = 1.50
delta_mag  = 0.31
avg_mag    = 18.88
tau        = 0.07
sigma      = 0.00

Optimization terminated successfully.
         Current function value: -1136.860523
         Iterations: 107
         Function evaluations: 185

INITIAL PARAMETERS (optimization of merged light curve)
-------------------------------------------------------
delay      = 1.50
delta_mag  = 0.31
avg_mag    = 18.88
tau        = 0.78
sigma      = 0.05


-------------
RUNNING EMCEE
-------------

pos
sampler
Process Started on 2014-04-07 00:19:31.275690
It is currently    2014-04-07 00:19:37.605480
burn-in sampler.run_mcmc
	Mean acceptance fraction: 0.583
	Errors based on 16th, 50th, and 84th percentile
	Param     	MC_rec	err_up	err_low
	delay     	1.49e+00	+9.56e-02	-9.18e-02
	delta_mag 	3.04e-01	+8.45e-03	-8.37e-03
	sigma     	4.66e-02	+9.53e-03	-9.19e-03
	tau       	8.01e-01	+1.72e-01	-1.19e-01
	avg_mag   	1.89e+01	+1.18e-02	-1.14e-02
Process Started on 2014-04-07 00:19:31.275690
It is currently    2014-04-07 00:22:05.074418
sampler.run_mcmc
Process Started on 2014-04-07 00:19:31.275690
It is currently    2014-04-07 00:34:57.091473
sampler.chain
90000
Mean acceptance fraction: 0.503
Errors based on 16th, 50th, and 84th percentile
Param     	MC_rec	err_up	err_low
delay     	1.50e+00	+9.53e-02	-9.11e-02
delta_mag 	3.02e-01	+7.94e-03	-8.02e-03
sigma     	4.16e-02	+9.92e-03	-8.63e-03
tau       	2.16e+00	+2.94e+00	-1.20e+00
avg_mag   	1.89e+01	+2.24e-02	-1.85e-02
Process Started on 2014-04-07 00:19:31.275690
It is currently    2014-04-07 00:35:03.663578
