
SIMULATION PARAMETERS
Namespace(avg_mag=19.0, delay=1.5, delta_mag=0.3, numorbits=40, outputtag='hubble_sim_r1287', photometricerror=0.1, redshift=0.658, sigma=0.07, tau=121.0)

Process Started on 2014-04-07 05:55:41.921597
The output_tag for this run is: hubble_sim_r1287_2014_04_07_05:55

CRUDE LIGHT CURVE PARAMETERS
----------------------------
parameter lc1   	lc2
----------------------------
sigma     +0.54 	+0.17
tau       +0.00 	+0.05
avg_mag   +18.37 	+18.65


BEGINNING LIGHT CURVE PARAMETER OPTIMIZATION

Optimization terminated successfully.
         Current function value: -286.535287
         Iterations: 52
         Function evaluations: 99
Optimization terminated successfully.
         Current function value: -286.159945
         Iterations: 56
         Function evaluations: 101

OPTIMIZED LIGHT CURVE PARAMETERS
--------------------------------
parameter lc1   	lc2
--------------------------------
sigma     +0.00 	+0.00
tau       +0.00 	+0.07
avg_mag   +18.37 	+18.65


Process Started on 2014-04-07 05:55:41.921597
It is now          2014-04-07 05:55:42.287858

time series is 2.51 days long
with  105 data points
The most common sample time distance is 0.01 days within the range of [0.02,0.01] days

1% done
10% done
25% done
50% done
75% done
DONE

Process Started on 2014-04-07 05:55:41.921597
It is now          2014-04-07 05:55:42.603930

BEST DELAY=4.54152e-02

INITIAL PARAMETERS (average of lc1 and lc2)
-------------------------------------------
delay      = 0.05
delta_mag  = 0.28
avg_mag    = 18.37
tau        = 0.04
sigma      = 0.00

Optimization terminated successfully.
         Current function value: -572.695232
         Iterations: 62
         Function evaluations: 117

INITIAL PARAMETERS (optimization of merged light curve)
-------------------------------------------------------
delay      = 0.05
delta_mag  = 0.28
avg_mag    = 18.37
tau        = 0.69
sigma      = 0.00


-------------
RUNNING EMCEE
-------------

pos
sampler
Process Started on 2014-04-07 05:55:41.921597
It is currently    2014-04-07 05:55:44.053808
burn-in sampler.run_mcmc
	Mean acceptance fraction: 0.001
	Errors based on 16th, 50th, and 84th percentile
	Param     	MC_rec	err_up	err_low
	delay     	4.54e-02	+6.83e-05	-1.20e-04
	delta_mag 	2.82e-01	+1.06e-04	-1.05e-04
	sigma     	1.80e-05	+8.79e-05	-9.65e-05
	tau       	6.91e-01	+8.90e-05	-1.14e-04
	avg_mag   	1.84e+01	+1.02e-04	-9.18e-05
Process Started on 2014-04-07 05:55:41.921597
It is currently    2014-04-07 05:55:48.955382
sampler.run_mcmc
Process Started on 2014-04-07 05:55:41.921597
It is currently    2014-04-07 05:55:58.457918
sampler.chain
90000
Mean acceptance fraction: 0.012
Errors based on 16th, 50th, and 84th percentile
Param     	MC_rec	err_up	err_low
delay     	4.54e-02	+9.08e-05	-1.58e-04
delta_mag 	2.82e-01	+1.20e-04	-1.14e-04
sigma     	1.06e-07	+1.06e-04	-7.86e-05
tau       	6.91e-01	+1.07e-04	-1.35e-04
avg_mag   	1.84e+01	+1.27e-04	-1.19e-04
Process Started on 2014-04-07 05:55:41.921597
It is currently    2014-04-07 05:56:04.546392
