
SIMULATION PARAMETERS
Namespace(avg_mag=19.0, delay=1.5, delta_mag=0.3, numorbits=40, outputtag='hubble_sim_r1110', photometricerror=0.05, redshift=0.658, sigma=0.07, tau=121.0)

Process Started on 2014-04-07 02:58:04.735351
The output_tag for this run is: hubble_sim_r1110_2014_04_07_02:58

CRUDE LIGHT CURVE PARAMETERS
----------------------------
parameter lc1   	lc2
----------------------------
sigma     +0.58 	+0.34
tau       +0.02 	+0.01
avg_mag   +19.20 	+19.43


BEGINNING LIGHT CURVE PARAMETER OPTIMIZATION

Optimization terminated successfully.
         Current function value: -442.813665
         Iterations: 132
         Function evaluations: 230
Optimization terminated successfully.
         Current function value: -447.453440
         Iterations: 50
         Function evaluations: 96

OPTIMIZED LIGHT CURVE PARAMETERS
--------------------------------
parameter lc1   	lc2
--------------------------------
sigma     +0.04 	+0.00
tau       +2.79 	+0.02
avg_mag   +19.19 	+19.43


Process Started on 2014-04-07 02:58:04.735351
It is now          2014-04-07 02:58:05.370403

time series is 2.51 days long
with  114 data points
The most common sample time distance is 0.01 days within the range of [0.01,0.02] days

1% done
10% done
25% done
50% done
75% done
DONE

Process Started on 2014-04-07 02:58:04.735351
It is now          2014-04-07 02:58:05.707568

BEST DELAY=2.46538e-01

INITIAL PARAMETERS (average of lc1 and lc2)
-------------------------------------------
delay      = 0.25
delta_mag  = 0.24
avg_mag    = 19.19
tau        = 1.40
sigma      = 0.02

Optimization terminated successfully.
         Current function value: -882.380459
         Iterations: 137
         Function evaluations: 248

INITIAL PARAMETERS (optimization of merged light curve)
-------------------------------------------------------
delay      = 0.25
delta_mag  = 0.24
avg_mag    = 19.20
tau        = 3.61
sigma      = 0.03


-------------
RUNNING EMCEE
-------------

pos
sampler
Process Started on 2014-04-07 02:58:04.735351
It is currently    2014-04-07 02:58:07.913158
burn-in sampler.run_mcmc
	Mean acceptance fraction: 0.565
	Errors based on 16th, 50th, and 84th percentile
	Param     	MC_rec	err_up	err_low
	delay     	7.83e-01	+5.16e-01	-5.28e-01
	delta_mag 	2.63e-01	+2.23e-02	-2.24e-02
	sigma     	3.58e-02	+9.66e-03	-7.60e-03
	tau       	3.63e+00	+3.52e-01	-2.96e-01
	avg_mag   	1.92e+01	+4.31e-02	-4.76e-02
Process Started on 2014-04-07 02:58:04.735351
It is currently    2014-04-07 02:58:54.590344
sampler.run_mcmc
Process Started on 2014-04-07 02:58:04.735351
It is currently    2014-04-07 03:04:18.799883
sampler.chain
90000
Mean acceptance fraction: 0.415
Errors based on 16th, 50th, and 84th percentile
Param     	MC_rec	err_up	err_low
delay     	1.40e+00	+7.15e-02	-1.69e-01
delta_mag 	2.90e-01	+7.85e-03	-1.08e-02
sigma     	3.54e-02	+6.39e-03	-5.13e-03
tau       	1.45e+01	+1.39e+01	-9.33e+00
avg_mag   	1.92e+01	+5.91e-02	-6.43e-02
Process Started on 2014-04-07 02:58:04.735351
It is currently    2014-04-07 03:04:25.269635
