
SIMULATION PARAMETERS
Namespace(avg_mag=19.0, delay=1.5, delta_mag=0.3, numorbits=40, outputtag='hubble_sim_r1004', photometricerror=0.02, redshift=0.658, sigma=0.07, tau=121.0)

Process Started on 2014-04-07 01:11:43.234531
The output_tag for this run is: hubble_sim_r1004_2014_04_07_01:11

CRUDE LIGHT CURVE PARAMETERS
----------------------------
parameter lc1   	lc2
----------------------------
sigma     +0.81 	+0.38
tau       +0.02 	+0.10
avg_mag   +19.07 	+19.41


BEGINNING LIGHT CURVE PARAMETER OPTIMIZATION

Optimization terminated successfully.
         Current function value: -560.025417
         Iterations: 175
         Function evaluations: 306
Optimization terminated successfully.
         Current function value: -566.537316
         Iterations: 109
         Function evaluations: 196

OPTIMIZED LIGHT CURVE PARAMETERS
--------------------------------
parameter lc1   	lc2
--------------------------------
sigma     +0.06 	+0.05
tau       +5.21 	+1.46
avg_mag   +19.06 	+19.39


Process Started on 2014-04-07 01:11:43.234531
It is now          2014-04-07 01:11:44.846375

time series is 2.51 days long
with  108 data points
The most common sample time distance is 0.00 days within the range of [0.02,0.01] days

1% done
10% done
25% done
50% done
75% done
DONE

Process Started on 2014-04-07 01:11:43.234531
It is now          2014-04-07 01:11:45.363163

BEST DELAY=1.24406e+00

INITIAL PARAMETERS (average of lc1 and lc2)
-------------------------------------------
delay      = 1.24
delta_mag  = 0.33
avg_mag    = 19.06
tau        = 3.34
sigma      = 0.05

Optimization terminated successfully.
         Current function value: -1065.288431
         Iterations: 114
         Function evaluations: 213

INITIAL PARAMETERS (optimization of merged light curve)
-------------------------------------------------------
delay      = 1.24
delta_mag  = 0.33
avg_mag    = 19.02
tau        = 2.68
sigma      = 0.05


-------------
RUNNING EMCEE
-------------

pos
sampler
Process Started on 2014-04-07 01:11:43.234531
It is currently    2014-04-07 01:11:48.518200
burn-in sampler.run_mcmc
	Mean acceptance fraction: 0.541
	Errors based on 16th, 50th, and 84th percentile
	Param     	MC_rec	err_up	err_low
	delay     	1.41e+00	+7.05e-02	-8.58e-02
	delta_mag 	3.05e-01	+7.17e-03	-5.96e-03
	sigma     	5.58e-02	+7.75e-03	-6.89e-03
	tau       	2.86e+00	+2.66e-01	-1.56e-01
	avg_mag   	1.90e+01	+5.19e-02	-6.24e-02
Process Started on 2014-04-07 01:11:43.234531
It is currently    2014-04-07 01:13:10.861899
sampler.run_mcmc
Process Started on 2014-04-07 01:11:43.234531
It is currently    2014-04-07 01:22:28.169283
sampler.chain
90000
Mean acceptance fraction: 0.515
Errors based on 16th, 50th, and 84th percentile
Param     	MC_rec	err_up	err_low
delay     	1.50e+00	+1.54e-02	-1.50e-02
delta_mag 	3.00e-01	+3.26e-03	-3.22e-03
sigma     	5.27e-02	+4.50e-03	-4.04e-03
tau       	9.34e+00	+1.03e+01	-5.39e+00
avg_mag   	1.90e+01	+6.59e-02	-7.52e-02
Process Started on 2014-04-07 01:11:43.234531
It is currently    2014-04-07 01:22:34.603521
