
SIMULATION PARAMETERS
Namespace(avg_mag=19.0, delay=1.5, delta_mag=0.3, numorbits=80, outputtag='hubble_sim_r247', photometricerror=0.1, redshift=0.658, sigma=0.07, tau=121.0)

Process Started on 2014-04-07 00:11:28.496909
The output_tag for this run is: hubble_sim_r247_2014_04_07_00:11

CRUDE LIGHT CURVE PARAMETERS
----------------------------
parameter lc1   	lc2
----------------------------
sigma     +0.33 	+0.33
tau       +0.11 	+0.04
avg_mag   +19.78 	+20.10


BEGINNING LIGHT CURVE PARAMETER OPTIMIZATION

Optimization terminated successfully.
         Current function value: -551.407184
         Iterations: 111
         Function evaluations: 202
Optimization terminated successfully.
         Current function value: -552.993517
         Iterations: 51
         Function evaluations: 97

OPTIMIZED LIGHT CURVE PARAMETERS
--------------------------------
parameter lc1   	lc2
--------------------------------
sigma     +0.05 	+0.00
tau       +1.04 	+0.05
avg_mag   +19.78 	+20.10


Process Started on 2014-04-07 00:11:28.496909
It is now          2014-04-07 00:11:30.158640

time series is 5.01 days long
with  210 data points
The most common sample time distance is 0.01 days within the range of [0.01,0.01] days

1% done
10% done
25% done
50% done
75% done
DONE

Process Started on 2014-04-07 00:11:28.496909
It is now          2014-04-07 00:11:30.799819

BEST DELAY=1.49456e+00

INITIAL PARAMETERS (average of lc1 and lc2)
-------------------------------------------
delay      = 1.49
delta_mag  = 0.32
avg_mag    = 19.78
tau        = 0.55
sigma      = 0.03

Optimization terminated successfully.
         Current function value: -1115.517649
         Iterations: 113
         Function evaluations: 200

INITIAL PARAMETERS (optimization of merged light curve)
-------------------------------------------------------
delay      = 1.49
delta_mag  = 0.32
avg_mag    = 19.78
tau        = 1.20
sigma      = 0.04


-------------
RUNNING EMCEE
-------------

pos
sampler
Process Started on 2014-04-07 00:11:28.496909
It is currently    2014-04-07 00:11:33.720312
burn-in sampler.run_mcmc
	Mean acceptance fraction: 0.588
	Errors based on 16th, 50th, and 84th percentile
	Param     	MC_rec	err_up	err_low
	delay     	1.51e+00	+1.38e-01	-1.24e-01
	delta_mag 	3.06e-01	+9.10e-03	-9.04e-03
	sigma     	4.69e-02	+9.06e-03	-8.90e-03
	tau       	1.19e+00	+2.41e-01	-1.72e-01
	avg_mag   	1.98e+01	+1.53e-02	-1.53e-02
Process Started on 2014-04-07 00:11:28.496909
It is currently    2014-04-07 00:13:59.075461
sampler.run_mcmc
Process Started on 2014-04-07 00:11:28.496909
It is currently    2014-04-07 00:30:51.606531
sampler.chain
90000
Mean acceptance fraction: 0.509
Errors based on 16th, 50th, and 84th percentile
Param     	MC_rec	err_up	err_low
delay     	1.50e+00	+1.51e-01	-1.47e-01
delta_mag 	3.04e-01	+8.26e-03	-7.98e-03
sigma     	4.37e-02	+7.90e-03	-6.71e-03
tau       	4.49e+00	+4.56e+00	-2.68e+00
avg_mag   	1.98e+01	+3.42e-02	-3.54e-02
Process Started on 2014-04-07 00:11:28.496909
It is currently    2014-04-07 00:31:02.227334
