
SIMULATION PARAMETERS
Namespace(avg_mag=19.0, delay=1.5, delta_mag=0.3, numorbits=80, outputtag='hubble_sim_r68', photometricerror=0.02, redshift=0.658, sigma=0.07, tau=121.0)

Process Started on 2014-04-06 20:58:27.515696
The output_tag for this run is: hubble_sim_r68_2014_04_06_20:58

CRUDE LIGHT CURVE PARAMETERS
----------------------------
parameter lc1   	lc2
----------------------------
sigma     +1.77 	+0.59
tau       +0.00 	+0.03
avg_mag   +18.67 	+19.00


BEGINNING LIGHT CURVE PARAMETER OPTIMIZATION

Optimization terminated successfully.
         Current function value: -1125.799379
         Iterations: 158
         Function evaluations: 274
Optimization terminated successfully.
         Current function value: -1129.174025
         Iterations: 132
         Function evaluations: 240

OPTIMIZED LIGHT CURVE PARAMETERS
--------------------------------
parameter lc1   	lc2
--------------------------------
sigma     +0.05 	+0.05
tau       +4.65 	+4.32
avg_mag   +18.66 	+18.96


Process Started on 2014-04-06 20:58:27.515696
It is now          2014-04-06 20:58:30.448060

time series is 5.01 days long
with  213 data points
The most common sample time distance is 0.01 days within the range of [0.01,0.01] days

1% done
10% done
25% done
50% done
75% done
DONE

Process Started on 2014-04-06 20:58:27.515696
It is now          2014-04-06 20:58:31.093161

BEST DELAY=1.49606e+00

INITIAL PARAMETERS (average of lc1 and lc2)
-------------------------------------------
delay      = 1.50
delta_mag  = 0.30
avg_mag    = 18.66
tau        = 4.49
sigma      = 0.05

Optimization terminated successfully.
         Current function value: -2319.381767
         Iterations: 135
         Function evaluations: 242

INITIAL PARAMETERS (optimization of merged light curve)
-------------------------------------------------------
delay      = 1.50
delta_mag  = 0.30
avg_mag    = 18.66
tau        = 4.24
sigma      = 0.05


-------------
RUNNING EMCEE
-------------

pos
sampler
Process Started on 2014-04-06 20:58:27.515696
It is currently    2014-04-06 20:58:35.838689
burn-in sampler.run_mcmc
	Mean acceptance fraction: 0.589
	Errors based on 16th, 50th, and 84th percentile
	Param     	MC_rec	err_up	err_low
	delay     	1.50e+00	+7.92e-03	-8.67e-03
	delta_mag 	3.00e-01	+2.00e-03	-1.84e-03
	sigma     	4.69e-02	+3.67e-03	-3.21e-03
	tau       	4.25e+00	+1.08e-01	-1.07e-01
	avg_mag   	1.87e+01	+3.89e-02	-3.69e-02
Process Started on 2014-04-06 20:58:27.515696
It is currently    2014-04-06 21:01:02.899039
sampler.run_mcmc
Process Started on 2014-04-06 20:58:27.515696
It is currently    2014-04-06 21:19:48.194933
sampler.chain
90000
Mean acceptance fraction: 0.512
Errors based on 16th, 50th, and 84th percentile
Param     	MC_rec	err_up	err_low
delay     	1.50e+00	+7.02e-03	-7.40e-03
delta_mag 	3.00e-01	+1.67e-03	-1.70e-03
sigma     	4.67e-02	+3.16e-03	-2.99e-03
tau       	1.48e+01	+1.66e+01	-9.25e+00
avg_mag   	1.87e+01	+7.59e-02	-7.91e-02
Process Started on 2014-04-06 20:58:27.515696
It is currently    2014-04-06 21:19:57.744824
