
SIMULATION PARAMETERS
Namespace(avg_mag=19.0, delay=1.5, delta_mag=0.3, numorbits=40, outputtag='hubble_sim_r1250', photometricerror=0.1, redshift=0.658, sigma=0.07, tau=121.0)

Process Started on 2014-04-07 05:18:34.113244
The output_tag for this run is: hubble_sim_r1250_2014_04_07_05:18

CRUDE LIGHT CURVE PARAMETERS
----------------------------
parameter lc1   	lc2
----------------------------
sigma     +0.45 	+1.57
tau       +0.02 	+0.00
avg_mag   +18.46 	+18.86


BEGINNING LIGHT CURVE PARAMETER OPTIMIZATION

Optimization terminated successfully.
         Current function value: -262.853854
         Iterations: 52
         Function evaluations: 102
Optimization terminated successfully.
         Current function value: -222.154296
         Iterations: 61
         Function evaluations: 118

OPTIMIZED LIGHT CURVE PARAMETERS
--------------------------------
parameter lc1   	lc2
--------------------------------
sigma     +0.00 	+0.00
tau       +0.03 	+0.01
avg_mag   +18.46 	+18.86


Process Started on 2014-04-07 05:18:34.113244
It is now          2014-04-07 05:18:34.501004

time series is 2.51 days long
with  102 data points
The most common sample time distance is 0.01 days within the range of [0.02,0.01] days

1% done
10% done
25% done
50% done
75% done
DONE

Process Started on 2014-04-07 05:18:34.113244
It is now          2014-04-07 05:18:34.808783

BEST DELAY=-5.43646e-02

INITIAL PARAMETERS (average of lc1 and lc2)
-------------------------------------------
delay      = -0.05
delta_mag  = 0.40
avg_mag    = 18.46
tau        = 0.02
sigma      = 0.00

Optimization terminated successfully.
         Current function value: -523.082560
         Iterations: 147
         Function evaluations: 264

INITIAL PARAMETERS (optimization of merged light curve)
-------------------------------------------------------
delay      = -0.05
delta_mag  = 0.40
avg_mag    = 18.46
tau        = 3.36
sigma      = 0.05


-------------
RUNNING EMCEE
-------------

pos
sampler
Process Started on 2014-04-07 05:18:34.113244
It is currently    2014-04-07 05:18:36.712587
burn-in sampler.run_mcmc
	Mean acceptance fraction: 0.549
	Errors based on 16th, 50th, and 84th percentile
	Param     	MC_rec	err_up	err_low
	delay     	4.23e-01	+5.25e-01	-6.15e-01
	delta_mag 	3.80e-01	+3.50e-02	-3.47e-02
	sigma     	6.07e-02	+1.66e-02	-1.34e-02
	tau       	3.29e+00	+3.33e-01	-3.41e-01
	avg_mag   	1.85e+01	+7.19e-02	-7.56e-02
Process Started on 2014-04-07 05:18:34.113244
It is currently    2014-04-07 05:19:19.292973
sampler.run_mcmc
Process Started on 2014-04-07 05:18:34.113244
It is currently    2014-04-07 05:24:31.251428
sampler.chain
90000
Mean acceptance fraction: 0.473
Errors based on 16th, 50th, and 84th percentile
Param     	MC_rec	err_up	err_low
delay     	1.07e+00	+9.84e-02	-2.13e-01
delta_mag 	3.42e-01	+1.60e-02	-1.52e-02
sigma     	5.65e-02	+1.07e-02	-9.41e-03
tau       	1.53e+01	+1.19e+01	-9.37e+00
avg_mag   	1.85e+01	+1.07e-01	-9.76e-02
Process Started on 2014-04-07 05:18:34.113244
It is currently    2014-04-07 05:24:37.488925
