
SIMULATION PARAMETERS
Namespace(avg_mag=19.0, delay=1.5, delta_mag=0.3, numorbits=40, outputtag='hubble_sim_r1128', photometricerror=0.05, redshift=0.658, sigma=0.07, tau=121.0)

Process Started on 2014-04-07 03:16:08.496533
The output_tag for this run is: hubble_sim_r1128_2014_04_07_03:16

CRUDE LIGHT CURVE PARAMETERS
----------------------------
parameter lc1   	lc2
----------------------------
sigma     +0.43 	+0.38
tau       +0.08 	+0.14
avg_mag   +19.05 	+19.39


BEGINNING LIGHT CURVE PARAMETER OPTIMIZATION

Optimization terminated successfully.
         Current function value: -400.332012
         Iterations: 136
         Function evaluations: 234
Optimization terminated successfully.
         Current function value: -399.169186
         Iterations: 99
         Function evaluations: 181

OPTIMIZED LIGHT CURVE PARAMETERS
--------------------------------
parameter lc1   	lc2
--------------------------------
sigma     +0.06 	+0.06
tau       +2.29 	+1.37
avg_mag   +19.07 	+19.35


Process Started on 2014-04-07 03:16:08.496533
It is now          2014-04-07 03:16:09.243412

time series is 2.51 days long
with  105 data points
The most common sample time distance is 0.02 days within the range of [0.01,0.03] days

1% done
10% done
25% done
50% done
75% done
DONE

Process Started on 2014-04-07 03:16:08.496533
It is now          2014-04-07 03:16:09.555644

BEST DELAY=1.24533e+00

INITIAL PARAMETERS (average of lc1 and lc2)
-------------------------------------------
delay      = 1.25
delta_mag  = 0.28
avg_mag    = 19.07
tau        = 1.83
sigma      = 0.06

Optimization terminated successfully.
         Current function value: -785.861171
         Iterations: 150
         Function evaluations: 261

INITIAL PARAMETERS (optimization of merged light curve)
-------------------------------------------------------
delay      = 1.25
delta_mag  = 0.28
avg_mag    = 19.05
tau        = 1.80
sigma      = 0.06


-------------
RUNNING EMCEE
-------------

pos
sampler
Process Started on 2014-04-07 03:16:08.496533
It is currently    2014-04-07 03:16:11.439081
burn-in sampler.run_mcmc
	Mean acceptance fraction: 0.575
	Errors based on 16th, 50th, and 84th percentile
	Param     	MC_rec	err_up	err_low
	delay     	1.44e+00	+6.64e-02	-8.74e-02
	delta_mag 	3.04e-01	+8.68e-03	-7.96e-03
	sigma     	6.11e-02	+9.67e-03	-8.28e-03
	tau       	1.85e+00	+3.77e-01	-2.53e-01
	avg_mag   	1.90e+01	+3.27e-02	-2.87e-02
Process Started on 2014-04-07 03:16:08.496533
It is currently    2014-04-07 03:16:56.227278
sampler.run_mcmc
Process Started on 2014-04-07 03:16:08.496533
It is currently    2014-04-07 03:22:46.004877
sampler.chain
90000
Mean acceptance fraction: 0.503
Errors based on 16th, 50th, and 84th percentile
Param     	MC_rec	err_up	err_low
delay     	1.50e+00	+5.55e-02	-5.28e-02
delta_mag 	3.00e-01	+8.88e-03	-9.53e-03
sigma     	5.83e-02	+7.39e-03	-6.85e-03
tau       	5.32e+00	+7.23e+00	-3.22e+00
avg_mag   	1.90e+01	+4.97e-02	-6.07e-02
Process Started on 2014-04-07 03:16:08.496533
It is currently    2014-04-07 03:22:52.085742
