
SIMULATION PARAMETERS
Namespace(avg_mag=19.0, delay=1.5, delta_mag=0.3, numorbits=80, outputtag='hubble_sim_r9', photometricerror=0.02, redshift=0.658, sigma=0.07, tau=121.0)

Process Started on 2014-04-06 19:54:13.425480
The output_tag for this run is: hubble_sim_r9_2014_04_06_19:54

CRUDE LIGHT CURVE PARAMETERS
----------------------------
parameter lc1   	lc2
----------------------------
sigma     +0.31 	+0.38
tau       +0.06 	+0.04
avg_mag   +18.73 	+19.03


BEGINNING LIGHT CURVE PARAMETER OPTIMIZATION

Optimization terminated successfully.
         Current function value: -1150.072205
         Iterations: 130
         Function evaluations: 231
Optimization terminated successfully.
         Current function value: -1146.045224
         Iterations: 105
         Function evaluations: 198

OPTIMIZED LIGHT CURVE PARAMETERS
--------------------------------
parameter lc1   	lc2
--------------------------------
sigma     +0.05 	+0.05
tau       +0.97 	+1.15
avg_mag   +18.73 	+19.04


Process Started on 2014-04-06 19:54:13.425480
It is now          2014-04-06 19:54:15.056577

time series is 5.00 days long
with  218 data points
The most common sample time distance is 0.01 days within the range of [0.01,0.02] days

1% done
10% done
25% done
50% done
75% done
DONE

Process Started on 2014-04-06 19:54:13.425480
It is now          2014-04-06 19:54:15.711359

BEST DELAY=1.49755e+00

INITIAL PARAMETERS (average of lc1 and lc2)
-------------------------------------------
delay      = 1.50
delta_mag  = 0.31
avg_mag    = 18.73
tau        = 1.06
sigma      = 0.05

Optimization terminated successfully.
         Current function value: -2342.793446
         Iterations: 115
         Function evaluations: 205

INITIAL PARAMETERS (optimization of merged light curve)
-------------------------------------------------------
delay      = 1.50
delta_mag  = 0.31
avg_mag    = 18.73
tau        = 1.01
sigma      = 0.05


-------------
RUNNING EMCEE
-------------

pos
sampler
Process Started on 2014-04-06 19:54:13.425480
It is currently    2014-04-06 19:54:18.349304
burn-in sampler.run_mcmc
	Mean acceptance fraction: 0.567
	Errors based on 16th, 50th, and 84th percentile
	Param     	MC_rec	err_up	err_low
	delay     	1.50e+00	+7.25e-03	-6.51e-03
	delta_mag 	3.00e-01	+1.80e-03	-1.94e-03
	sigma     	5.01e-02	+4.21e-03	-3.84e-03
	tau       	1.02e+00	+5.83e-02	-5.46e-02
	avg_mag   	1.87e+01	+1.26e-02	-1.56e-02
Process Started on 2014-04-06 19:54:13.425480
It is currently    2014-04-06 19:56:33.366596
sampler.run_mcmc
Process Started on 2014-04-06 19:54:13.425480
It is currently    2014-04-06 20:15:22.334379
sampler.chain
90000
Mean acceptance fraction: 0.508
Errors based on 16th, 50th, and 84th percentile
Param     	MC_rec	err_up	err_low
delay     	1.50e+00	+6.33e-03	-6.72e-03
delta_mag 	2.99e-01	+1.69e-03	-1.66e-03
sigma     	4.92e-02	+3.41e-03	-3.33e-03
tau       	2.25e+00	+3.42e+00	-1.12e+00
avg_mag   	1.87e+01	+2.69e-02	-2.18e-02
Process Started on 2014-04-06 19:54:13.425480
It is currently    2014-04-06 20:15:29.834076
