
SIMULATION PARAMETERS
Namespace(avg_mag=19.0, delay=1.5, delta_mag=0.3, numorbits=80, outputtag='hubble_sim_r192', photometricerror=0.05, redshift=0.658, sigma=0.07, tau=121.0)

Process Started on 2014-04-06 23:12:10.014208
The output_tag for this run is: hubble_sim_r192_2014_04_06_23:12

CRUDE LIGHT CURVE PARAMETERS
----------------------------
parameter lc1   	lc2
----------------------------
sigma     +0.84 	+0.83
tau       +0.03 	+0.05
avg_mag   +18.76 	+18.99


BEGINNING LIGHT CURVE PARAMETER OPTIMIZATION

Optimization terminated successfully.
         Current function value: -846.932218
         Iterations: 155
         Function evaluations: 271
Optimization terminated successfully.
         Current function value: -842.331650
         Iterations: 156
         Function evaluations: 273

OPTIMIZED LIGHT CURVE PARAMETERS
--------------------------------
parameter lc1   	lc2
--------------------------------
sigma     +0.05 	+0.06
tau       +8.84 	+6.03
avg_mag   +18.72 	+19.03


Process Started on 2014-04-06 23:12:10.014208
It is now          2014-04-06 23:12:13.598982

time series is 5.00 days long
with  221 data points
The most common sample time distance is 0.01 days within the range of [0.01,0.01] days

1% done
10% done
25% done
50% done
75% done
DONE

Process Started on 2014-04-06 23:12:10.014208
It is now          2014-04-06 23:12:14.666159

BEST DELAY=1.49859e+00

INITIAL PARAMETERS (average of lc1 and lc2)
-------------------------------------------
delay      = 1.50
delta_mag  = 0.31
avg_mag    = 18.72
tau        = 7.43
sigma      = 0.06

Optimization terminated successfully.
         Current function value: -1723.736934
         Iterations: 149
         Function evaluations: 264

INITIAL PARAMETERS (optimization of merged light curve)
-------------------------------------------------------
delay      = 1.50
delta_mag  = 0.31
avg_mag    = 18.73
tau        = 7.42
sigma      = 0.05


-------------
RUNNING EMCEE
-------------

pos
sampler
Process Started on 2014-04-06 23:12:10.014208
It is currently    2014-04-06 23:12:20.352959
burn-in sampler.run_mcmc
	Mean acceptance fraction: 0.582
	Errors based on 16th, 50th, and 84th percentile
	Param     	MC_rec	err_up	err_low
	delay     	1.50e+00	+2.86e-02	-2.99e-02
	delta_mag 	3.01e-01	+5.14e-03	-4.99e-03
	sigma     	5.48e-02	+5.65e-03	-5.73e-03
	tau       	7.42e+00	+2.09e-01	-2.17e-01
	avg_mag   	1.87e+01	+6.81e-02	-7.08e-02
Process Started on 2014-04-06 23:12:10.014208
It is currently    2014-04-06 23:14:17.071665
sampler.run_mcmc
Process Started on 2014-04-06 23:12:10.014208
It is currently    2014-04-06 23:32:44.169196
sampler.chain
90000
Mean acceptance fraction: 0.518
Errors based on 16th, 50th, and 84th percentile
Param     	MC_rec	err_up	err_low
delay     	1.50e+00	+2.85e-02	-2.93e-02
delta_mag 	3.01e-01	+4.25e-03	-4.43e-03
sigma     	5.30e-02	+5.08e-03	-4.66e-03
tau       	2.87e+01	+2.77e+01	-1.88e+01
avg_mag   	1.87e+01	+1.27e-01	-1.23e-01
Process Started on 2014-04-06 23:12:10.014208
It is currently    2014-04-06 23:32:54.912184
