
SIMULATION PARAMETERS
Namespace(avg_mag=19.0, delay=1.5, delta_mag=0.3, numorbits=40, outputtag='hubble_sim_r1265', photometricerror=0.1, redshift=0.658, sigma=0.07, tau=121.0)

Process Started on 2014-04-07 05:33:37.350034
The output_tag for this run is: hubble_sim_r1265_2014_04_07_05:33

CRUDE LIGHT CURVE PARAMETERS
----------------------------
parameter lc1   	lc2
----------------------------
sigma     +0.37 	+0.26
tau       +0.07 	+0.05
avg_mag   +20.14 	+20.47


BEGINNING LIGHT CURVE PARAMETER OPTIMIZATION

Optimization terminated successfully.
         Current function value: -273.430040
         Iterations: 122
         Function evaluations: 222
Optimization terminated successfully.
         Current function value: -281.053376
         Iterations: 51
         Function evaluations: 97

OPTIMIZED LIGHT CURVE PARAMETERS
--------------------------------
parameter lc1   	lc2
--------------------------------
sigma     +0.05 	+0.00
tau       +1.16 	+0.07
avg_mag   +20.13 	+20.47


Process Started on 2014-04-07 05:33:37.350034
It is now          2014-04-07 05:33:37.914183

time series is 2.50 days long
with  105 data points
The most common sample time distance is 0.01 days within the range of [0.02,0.01] days

1% done
10% done
25% done
50% done
75% done
DONE

Process Started on 2014-04-07 05:33:37.350034
It is now          2014-04-07 05:33:38.246673

BEST DELAY=-9.50694e-01

INITIAL PARAMETERS (average of lc1 and lc2)
-------------------------------------------
delay      = -0.95
delta_mag  = 0.34
avg_mag    = 20.13
tau        = 0.61
sigma      = 0.03

Optimization terminated successfully.
         Current function value: -554.056633
         Iterations: 121
         Function evaluations: 211

INITIAL PARAMETERS (optimization of merged light curve)
-------------------------------------------------------
delay      = -0.95
delta_mag  = 0.34
avg_mag    = 20.14
tau        = 0.71
sigma      = 0.04


-------------
RUNNING EMCEE
-------------

pos
sampler
Process Started on 2014-04-07 05:33:37.350034
It is currently    2014-04-07 05:33:40.063655
burn-in sampler.run_mcmc
	Mean acceptance fraction: 0.564
	Errors based on 16th, 50th, and 84th percentile
	Param     	MC_rec	err_up	err_low
	delay     	-9.63e-01	+1.48e-01	-2.07e-01
	delta_mag 	3.42e-01	+1.32e-02	-1.18e-02
	sigma     	4.70e-02	+1.17e-02	-1.37e-02
	tau       	7.49e-01	+4.08e-01	-2.31e-01
	avg_mag   	2.01e+01	+1.43e-02	-1.63e-02
Process Started on 2014-04-07 05:33:37.350034
It is currently    2014-04-07 05:34:23.329294
sampler.run_mcmc
Process Started on 2014-04-07 05:33:37.350034
It is currently    2014-04-07 05:39:51.757774
sampler.chain
90000
Mean acceptance fraction: 0.484
Errors based on 16th, 50th, and 84th percentile
Param     	MC_rec	err_up	err_low
delay     	-1.24e+00	+3.35e-01	-5.22e-01
delta_mag 	3.53e-01	+2.34e-02	-1.74e-02
sigma     	3.87e-02	+1.29e-02	-1.09e-02
tau       	2.97e+00	+2.60e+00	-1.82e+00
avg_mag   	2.01e+01	+2.42e-02	-2.77e-02
Process Started on 2014-04-07 05:33:37.350034
It is currently    2014-04-07 05:39:58.054215
