
SIMULATION PARAMETERS
Namespace(avg_mag=19.0, delay=1.5, delta_mag=0.3, numorbits=80, outputtag='hubble_sim_r18', photometricerror=0.02, redshift=0.658, sigma=0.07, tau=121.0)

Process Started on 2014-04-06 19:55:48.536381
The output_tag for this run is: hubble_sim_r18_2014_04_06_19:55

CRUDE LIGHT CURVE PARAMETERS
----------------------------
parameter lc1   	lc2
----------------------------
sigma     +0.66 	+0.62
tau       +0.01 	+0.07
avg_mag   +20.05 	+20.39


BEGINNING LIGHT CURVE PARAMETER OPTIMIZATION

Optimization terminated successfully.
         Current function value: -1128.587535
         Iterations: 146
         Function evaluations: 262
Optimization terminated successfully.
         Current function value: -1138.204444
         Iterations: 153
         Function evaluations: 274

OPTIMIZED LIGHT CURVE PARAMETERS
--------------------------------
parameter lc1   	lc2
--------------------------------
sigma     +0.05 	+0.04
tau       +3.10 	+5.52
avg_mag   +20.08 	+20.40


Process Started on 2014-04-06 19:55:48.536381
It is now          2014-04-06 19:55:51.977608

time series is 5.00 days long
with  215 data points
The most common sample time distance is 0.01 days within the range of [0.01,0.02] days

1% done
10% done
25% done
50% done
75% done
DONE

Process Started on 2014-04-06 19:55:48.536381
It is now          2014-04-06 19:55:53.048679

BEST DELAY=1.49896e+00

INITIAL PARAMETERS (average of lc1 and lc2)
-------------------------------------------
delay      = 1.50
delta_mag  = 0.32
avg_mag    = 20.08
tau        = 4.31
sigma      = 0.05

Optimization terminated successfully.
         Current function value: -2248.835265
         Iterations: 156
         Function evaluations: 276

INITIAL PARAMETERS (optimization of merged light curve)
-------------------------------------------------------
delay      = 1.50
delta_mag  = 0.32
avg_mag    = 20.08
tau        = 3.49
sigma      = 0.05


-------------
RUNNING EMCEE
-------------

pos
sampler
Process Started on 2014-04-06 19:55:48.536381
It is currently    2014-04-06 19:55:57.507364
burn-in sampler.run_mcmc
	Mean acceptance fraction: 0.549
	Errors based on 16th, 50th, and 84th percentile
	Param     	MC_rec	err_up	err_low
	delay     	1.50e+00	+8.39e-03	-9.67e-03
	delta_mag 	3.01e-01	+2.38e-03	-2.28e-03
	sigma     	4.90e-02	+4.16e-03	-3.53e-03
	tau       	3.50e+00	+9.00e-02	-1.05e-01
	avg_mag   	2.01e+01	+2.64e-02	-2.47e-02
Process Started on 2014-04-06 19:55:48.536381
It is currently    2014-04-06 19:58:25.351651
sampler.run_mcmc
Process Started on 2014-04-06 19:55:48.536381
It is currently    2014-04-06 20:17:34.457920
sampler.chain
90000
Mean acceptance fraction: 0.516
Errors based on 16th, 50th, and 84th percentile
Param     	MC_rec	err_up	err_low
delay     	1.50e+00	+7.07e-03	-6.95e-03
delta_mag 	3.00e-01	+1.71e-03	-1.70e-03
sigma     	4.86e-02	+3.47e-03	-3.42e-03
tau       	1.23e+01	+1.38e+01	-7.61e+00
avg_mag   	2.01e+01	+7.29e-02	-7.19e-02
Process Started on 2014-04-06 19:55:48.536381
It is currently    2014-04-06 20:17:42.873451
