
SIMULATION PARAMETERS
Namespace(avg_mag=19.0, delay=1.5, delta_mag=0.3, numorbits=40, outputtag='hubble_sim_r1275', photometricerror=0.1, redshift=0.658, sigma=0.07, tau=121.0)

Process Started on 2014-04-07 05:43:39.629953
The output_tag for this run is: hubble_sim_r1275_2014_04_07_05:43

CRUDE LIGHT CURVE PARAMETERS
----------------------------
parameter lc1   	lc2
----------------------------
sigma     +0.72 	+0.33
tau       +0.02 	+0.06
avg_mag   +17.57 	+17.93


BEGINNING LIGHT CURVE PARAMETER OPTIMIZATION

Optimization terminated successfully.
         Current function value: -273.921443
         Iterations: 133
         Function evaluations: 246
Optimization terminated successfully.
         Current function value: -278.556394
         Iterations: 56
         Function evaluations: 100

OPTIMIZED LIGHT CURVE PARAMETERS
--------------------------------
parameter lc1   	lc2
--------------------------------
sigma     +0.07 	+0.00
tau       +1.66 	+0.08
avg_mag   +17.56 	+17.93


Process Started on 2014-04-07 05:43:39.629953
It is now          2014-04-07 05:43:40.263105

time series is 2.51 days long
with  107 data points
The most common sample time distance is 0.01 days within the range of [0.02,0.01] days

1% done
10% done
25% done
50% done
75% done
DONE

Process Started on 2014-04-07 05:43:39.629953
It is now          2014-04-07 05:43:40.576576

BEST DELAY=4.45866e-01

INITIAL PARAMETERS (average of lc1 and lc2)
-------------------------------------------
delay      = 0.45
delta_mag  = 0.37
avg_mag    = 17.56
tau        = 0.87
sigma      = 0.03

Optimization terminated successfully.
         Current function value: -550.303442
         Iterations: 111
         Function evaluations: 198

INITIAL PARAMETERS (optimization of merged light curve)
-------------------------------------------------------
delay      = 0.45
delta_mag  = 0.37
avg_mag    = 17.55
tau        = 1.11
sigma      = 0.06


-------------
RUNNING EMCEE
-------------

pos
sampler
Process Started on 2014-04-07 05:43:39.629953
It is currently    2014-04-07 05:43:42.302835
burn-in sampler.run_mcmc
	Mean acceptance fraction: 0.587
	Errors based on 16th, 50th, and 84th percentile
	Param     	MC_rec	err_up	err_low
	delay     	4.87e-01	+1.03e-01	-9.39e-02
	delta_mag 	3.49e-01	+1.09e-02	-1.20e-02
	sigma     	6.64e-02	+1.56e-02	-1.40e-02
	tau       	1.14e+00	+4.40e-01	-2.80e-01
	avg_mag   	1.76e+01	+2.49e-02	-2.75e-02
Process Started on 2014-04-07 05:43:39.629953
It is currently    2014-04-07 05:44:27.103521
sampler.run_mcmc
Process Started on 2014-04-07 05:43:39.629953
It is currently    2014-04-07 05:50:05.288590
sampler.chain
90000
Mean acceptance fraction: 0.424
Errors based on 16th, 50th, and 84th percentile
Param     	MC_rec	err_up	err_low
delay     	1.38e+00	+1.46e-01	-8.71e-01
delta_mag 	3.18e-01	+2.69e-02	-2.36e-02
sigma     	5.88e-02	+1.36e-02	-1.14e-02
tau       	5.44e+00	+3.70e+00	-3.22e+00
avg_mag   	1.76e+01	+5.73e-02	-5.50e-02
Process Started on 2014-04-07 05:43:39.629953
It is currently    2014-04-07 05:50:11.482448
