
SIMULATION PARAMETERS
Namespace(avg_mag=19.0, delay=1.5, delta_mag=0.3, numorbits=40, outputtag='hubble_sim_r1168', photometricerror=0.05, redshift=0.658, sigma=0.07, tau=121.0)

Process Started on 2014-04-07 03:56:17.047811
The output_tag for this run is: hubble_sim_r1168_2014_04_07_03:56

CRUDE LIGHT CURVE PARAMETERS
----------------------------
parameter lc1   	lc2
----------------------------
sigma     +0.27 	+0.24
tau       +0.11 	+1.02
avg_mag   +18.98 	+19.25


BEGINNING LIGHT CURVE PARAMETER OPTIMIZATION

Optimization terminated successfully.
         Current function value: -422.722688
         Iterations: 108
         Function evaluations: 197
Optimization terminated successfully.
         Current function value: -423.700208
         Iterations: 97
         Function evaluations: 175

OPTIMIZED LIGHT CURVE PARAMETERS
--------------------------------
parameter lc1   	lc2
--------------------------------
sigma     +0.05 	+0.05
tau       +0.89 	+0.77
avg_mag   +18.99 	+19.24


Process Started on 2014-04-07 03:56:17.047811
It is now          2014-04-07 03:56:17.735473

time series is 2.51 days long
with  109 data points
The most common sample time distance is 0.02 days within the range of [0.01,0.03] days

1% done
10% done
25% done
50% done
75% done
DONE

Process Started on 2014-04-07 03:56:17.047811
It is now          2014-04-07 03:56:18.052324

BEST DELAY=-6.56452e-01

INITIAL PARAMETERS (average of lc1 and lc2)
-------------------------------------------
delay      = -0.66
delta_mag  = 0.26
avg_mag    = 18.99
tau        = 0.83
sigma      = 0.05

Optimization terminated successfully.
         Current function value: -853.175357
         Iterations: 82
         Function evaluations: 148

INITIAL PARAMETERS (optimization of merged light curve)
-------------------------------------------------------
delay      = -0.66
delta_mag  = 0.26
avg_mag    = 18.99
tau        = 0.85
sigma      = 0.04


-------------
RUNNING EMCEE
-------------

pos
sampler
Process Started on 2014-04-07 03:56:17.047811
It is currently    2014-04-07 03:56:19.613861
burn-in sampler.run_mcmc
	Mean acceptance fraction: 0.583
	Errors based on 16th, 50th, and 84th percentile
	Param     	MC_rec	err_up	err_low
	delay     	-6.49e-01	+7.03e-02	-6.18e-02
	delta_mag 	2.68e-01	+5.68e-03	-6.20e-03
	sigma     	4.62e-02	+8.34e-03	-7.43e-03
	tau       	8.58e-01	+2.55e-01	-1.77e-01
	avg_mag   	1.90e+01	+1.52e-02	-1.47e-02
Process Started on 2014-04-07 03:56:17.047811
It is currently    2014-04-07 03:57:05.260115
sampler.run_mcmc
Process Started on 2014-04-07 03:56:17.047811
It is currently    2014-04-07 04:03:05.851536
sampler.chain
90000
Mean acceptance fraction: 0.507
Errors based on 16th, 50th, and 84th percentile
Param     	MC_rec	err_up	err_low
delay     	-6.53e-01	+7.59e-02	-7.74e-02
delta_mag 	2.68e-01	+5.41e-03	-5.64e-03
sigma     	4.31e-02	+7.63e-03	-6.49e-03
tau       	2.52e+00	+3.57e+00	-1.50e+00
avg_mag   	1.90e+01	+2.54e-02	-2.69e-02
Process Started on 2014-04-07 03:56:17.047811
It is currently    2014-04-07 04:03:12.215992
