
SIMULATION PARAMETERS
Namespace(avg_mag=19.0, delay=1.5, delta_mag=0.3, numorbits=40, outputtag='hubble_sim_r1137', photometricerror=0.05, redshift=0.658, sigma=0.07, tau=121.0)

Process Started on 2014-04-07 03:25:10.435191
The output_tag for this run is: hubble_sim_r1137_2014_04_07_03:25

CRUDE LIGHT CURVE PARAMETERS
----------------------------
parameter lc1   	lc2
----------------------------
sigma     +0.21 	+0.16
tau       +0.04 	+0.65
avg_mag   +18.83 	+19.10


BEGINNING LIGHT CURVE PARAMETER OPTIMIZATION

Optimization terminated successfully.
         Current function value: -413.212899
         Iterations: 55
         Function evaluations: 100
Optimization terminated successfully.
         Current function value: -417.251282
         Iterations: 114
         Function evaluations: 201

OPTIMIZED LIGHT CURVE PARAMETERS
--------------------------------
parameter lc1   	lc2
--------------------------------
sigma     +0.00 	+0.03
tau       +0.05 	+0.71
avg_mag   +18.83 	+19.10


Process Started on 2014-04-07 03:25:10.435191
It is now          2014-04-07 03:25:10.973979

time series is 2.50 days long
with  105 data points
The most common sample time distance is 0.01 days within the range of [0.02,0.01] days

1% done
10% done
25% done
50% done
75% done
DONE

Process Started on 2014-04-07 03:25:10.435191
It is now          2014-04-07 03:25:11.283611

BEST DELAY=-4.51160e-01

INITIAL PARAMETERS (average of lc1 and lc2)
-------------------------------------------
delay      = -0.45
delta_mag  = 0.27
avg_mag    = 18.83
tau        = 0.38
sigma      = 0.01

Optimization terminated successfully.
         Current function value: -823.275483
         Iterations: 52
         Function evaluations: 99

INITIAL PARAMETERS (optimization of merged light curve)
-------------------------------------------------------
delay      = -0.45
delta_mag  = 0.27
avg_mag    = 18.83
tau        = 0.02
sigma      = 0.00


-------------
RUNNING EMCEE
-------------

pos
sampler
Process Started on 2014-04-07 03:25:10.435191
It is currently    2014-04-07 03:25:12.788495
burn-in sampler.run_mcmc
	Mean acceptance fraction: 0.466
	Errors based on 16th, 50th, and 84th percentile
	Param     	MC_rec	err_up	err_low
	delay     	-4.54e-01	+3.34e-02	-4.17e-02
	delta_mag 	2.71e-01	+5.31e-03	-5.31e-03
	sigma     	2.80e-04	+2.48e-04	-2.06e-04
	tau       	2.59e-02	+4.14e-02	-1.62e-02
	avg_mag   	1.88e+01	+4.02e-03	-3.95e-03
Process Started on 2014-04-07 03:25:10.435191
It is currently    2014-04-07 03:25:46.527260
sampler.run_mcmc
Process Started on 2014-04-07 03:25:10.435191
It is currently    2014-04-07 03:30:08.331883
sampler.chain
90000
Mean acceptance fraction: 0.414
Errors based on 16th, 50th, and 84th percentile
Param     	MC_rec	err_up	err_low
delay     	-3.93e-01	+7.83e-01	-8.25e-01
delta_mag 	2.70e-01	+4.89e-03	-4.80e-03
sigma     	3.31e-04	+2.03e-04	-2.18e-04
tau       	9.56e-02	+7.61e-02	-6.60e-02
avg_mag   	1.88e+01	+3.61e-03	-3.32e-03
Process Started on 2014-04-07 03:25:10.435191
It is currently    2014-04-07 03:30:14.767733
