
SIMULATION PARAMETERS
Namespace(avg_mag=19.0, delay=1.5, delta_mag=0.3, numorbits=80, outputtag='hubble_sim_r138', photometricerror=0.05, redshift=0.658, sigma=0.07, tau=121.0)

Process Started on 2014-04-06 22:13:51.379235
The output_tag for this run is: hubble_sim_r138_2014_04_06_22:13

CRUDE LIGHT CURVE PARAMETERS
----------------------------
parameter lc1   	lc2
----------------------------
sigma     +0.41 	+0.37
tau       +0.69 	+0.12
avg_mag   +19.04 	+19.35


BEGINNING LIGHT CURVE PARAMETER OPTIMIZATION

Optimization terminated successfully.
         Current function value: -840.424798
         Iterations: 121
         Function evaluations: 221
Optimization terminated successfully.
         Current function value: -834.735768
         Iterations: 111
         Function evaluations: 202

OPTIMIZED LIGHT CURVE PARAMETERS
--------------------------------
parameter lc1   	lc2
--------------------------------
sigma     +0.05 	+0.05
tau       +3.42 	+1.46
avg_mag   +19.00 	+19.35


Process Started on 2014-04-06 22:13:51.379235
It is now          2014-04-06 22:13:54.110942

time series is 5.00 days long
with  217 data points
The most common sample time distance is 0.01 days within the range of [0.01,0.01] days

1% done
10% done
25% done
50% done
75% done
DONE

Process Started on 2014-04-06 22:13:51.379235
It is now          2014-04-06 22:13:55.160667

BEST DELAY=-2.50070e+00

INITIAL PARAMETERS (average of lc1 and lc2)
-------------------------------------------
delay      = -2.50
delta_mag  = 0.35
avg_mag    = 19.00
tau        = 2.44
sigma      = 0.05

Optimization terminated successfully.
         Current function value: -1637.501630
         Iterations: 104
         Function evaluations: 191

INITIAL PARAMETERS (optimization of merged light curve)
-------------------------------------------------------
delay      = -2.50
delta_mag  = 0.35
avg_mag    = 19.01
tau        = 2.46
sigma      = 0.05


-------------
RUNNING EMCEE
-------------

pos
sampler
Process Started on 2014-04-06 22:13:51.379235
It is currently    2014-04-06 22:13:59.462539
burn-in sampler.run_mcmc
	Mean acceptance fraction: 0.566
	Errors based on 16th, 50th, and 84th percentile
	Param     	MC_rec	err_up	err_low
	delay     	-2.83e+00	+2.21e-01	-3.21e-01
	delta_mag 	3.46e-01	+1.03e-02	-8.34e-03
	sigma     	5.15e-02	+7.30e-03	-6.58e-03
	tau       	2.57e+00	+2.10e-01	-1.50e-01
	avg_mag   	1.90e+01	+3.12e-02	-3.20e-02
Process Started on 2014-04-06 22:13:51.379235
It is currently    2014-04-06 22:16:08.825725
sampler.run_mcmc
Process Started on 2014-04-06 22:13:51.379235
It is currently    2014-04-06 22:33:35.414424
sampler.chain
90000
Mean acceptance fraction: 0.473
Errors based on 16th, 50th, and 84th percentile
Param     	MC_rec	err_up	err_low
delay     	-3.59e+00	+3.20e-01	-4.44e-01
delta_mag 	3.67e-01	+2.84e-02	-1.49e-02
sigma     	4.90e-02	+4.83e-03	-4.20e-03
tau       	8.03e+00	+9.57e+00	-4.69e+00
avg_mag   	1.90e+01	+4.96e-02	-6.49e-02
Process Started on 2014-04-06 22:13:51.379235
It is currently    2014-04-06 22:33:45.204193
