
SIMULATION PARAMETERS
Namespace(avg_mag=19.0, delay=1.5, delta_mag=0.3, numorbits=40, outputtag='hubble_sim_r1075', photometricerror=0.02, redshift=0.658, sigma=0.07, tau=121.0)

Process Started on 2014-04-07 02:22:57.477348
The output_tag for this run is: hubble_sim_r1075_2014_04_07_02:22

CRUDE LIGHT CURVE PARAMETERS
----------------------------
parameter lc1   	lc2
----------------------------
sigma     +1.06 	+0.53
tau       +0.00 	+0.02
avg_mag   +17.73 	+18.09


BEGINNING LIGHT CURVE PARAMETER OPTIMIZATION

Optimization terminated successfully.
         Current function value: -524.831673
         Iterations: 66
         Function evaluations: 126
Optimization terminated successfully.
         Current function value: -557.852957
         Iterations: 119
         Function evaluations: 219

OPTIMIZED LIGHT CURVE PARAMETERS
--------------------------------
parameter lc1   	lc2
--------------------------------
sigma     +0.18 	+0.05
tau       +0.00 	+1.65
avg_mag   +17.73 	+18.08


Process Started on 2014-04-07 02:22:57.477348
It is now          2014-04-07 02:22:58.128600

time series is 2.51 days long
with  106 data points
The most common sample time distance is 0.01 days within the range of [0.01,0.03] days

1% done
10% done
25% done
50% done
75% done
DONE

Process Started on 2014-04-07 02:22:57.477348
It is now          2014-04-07 02:22:58.456226

BEST DELAY=1.24405e+00

INITIAL PARAMETERS (average of lc1 and lc2)
-------------------------------------------
delay      = 1.24
delta_mag  = 0.35
avg_mag    = 17.73
tau        = 0.83
sigma      = 0.12

Optimization terminated successfully.
         Current function value: -1038.747400
         Iterations: 131
         Function evaluations: 240

INITIAL PARAMETERS (optimization of merged light curve)
-------------------------------------------------------
delay      = 1.24
delta_mag  = 0.35
avg_mag    = 17.74
tau        = 1.23
sigma      = 0.04


-------------
RUNNING EMCEE
-------------

pos
sampler
Process Started on 2014-04-07 02:22:57.477348
It is currently    2014-04-07 02:23:00.394545
burn-in sampler.run_mcmc
	Mean acceptance fraction: 0.530
	Errors based on 16th, 50th, and 84th percentile
	Param     	MC_rec	err_up	err_low
	delay     	1.38e+00	+7.33e-02	-7.92e-02
	delta_mag 	3.10e-01	+7.90e-03	-5.64e-03
	sigma     	5.02e-02	+6.32e-03	-6.65e-03
	tau       	1.28e+00	+1.55e-01	-1.07e-01
	avg_mag   	1.77e+01	+2.63e-02	-2.88e-02
Process Started on 2014-04-07 02:22:57.477348
It is currently    2014-04-07 02:23:45.737174
sampler.run_mcmc
Process Started on 2014-04-07 02:22:57.477348
It is currently    2014-04-07 02:29:46.443893
sampler.chain
90000
Mean acceptance fraction: 0.519
Errors based on 16th, 50th, and 84th percentile
Param     	MC_rec	err_up	err_low
delay     	1.50e+00	+1.54e-02	-1.61e-02
delta_mag 	3.01e-01	+3.09e-03	-3.18e-03
sigma     	4.66e-02	+4.34e-03	-3.88e-03
tau       	5.20e+00	+4.48e+00	-2.98e+00
avg_mag   	1.78e+01	+4.12e-02	-4.52e-02
Process Started on 2014-04-07 02:22:57.477348
It is currently    2014-04-07 02:29:52.808386
