
SIMULATION PARAMETERS
Namespace(avg_mag=19.0, delay=1.5, delta_mag=0.3, numorbits=40, outputtag='hubble_sim_r1189', photometricerror=0.05, redshift=0.658, sigma=0.07, tau=121.0)

Process Started on 2014-04-07 04:17:21.556171
The output_tag for this run is: hubble_sim_r1189_2014_04_07_04:17

CRUDE LIGHT CURVE PARAMETERS
----------------------------
parameter lc1   	lc2
----------------------------
sigma     +0.44 	+0.87
tau       +0.02 	+0.04
avg_mag   +18.76 	+18.98


BEGINNING LIGHT CURVE PARAMETER OPTIMIZATION

Optimization terminated successfully.
         Current function value: -402.071259
         Iterations: 134
         Function evaluations: 237
Optimization terminated successfully.
         Current function value: -389.096065
         Iterations: 137
         Function evaluations: 235

OPTIMIZED LIGHT CURVE PARAMETERS
--------------------------------
parameter lc1   	lc2
--------------------------------
sigma     +0.06 	+0.08
tau       +0.60 	+3.15
avg_mag   +18.77 	+18.94


Process Started on 2014-04-07 04:17:21.556171
It is now          2014-04-07 04:17:22.409599

time series is 2.51 days long
with  105 data points
The most common sample time distance is 0.01 days within the range of [0.02,0.01] days

1% done
10% done
25% done
50% done
75% done
DONE

Process Started on 2014-04-07 04:17:21.556171
It is now          2014-04-07 04:17:22.722270

BEST DELAY=-1.25563e+00

INITIAL PARAMETERS (average of lc1 and lc2)
-------------------------------------------
delay      = -1.26
delta_mag  = 0.17
avg_mag    = 18.77
tau        = 1.87
sigma      = 0.07

Optimization terminated successfully.
         Current function value: -733.772915
         Iterations: 106
         Function evaluations: 190

INITIAL PARAMETERS (optimization of merged light curve)
-------------------------------------------------------
delay      = -1.26
delta_mag  = 0.17
avg_mag    = 18.81
tau        = 1.78
sigma      = 0.07


-------------
RUNNING EMCEE
-------------

pos
sampler
Process Started on 2014-04-07 04:17:21.556171
It is currently    2014-04-07 04:17:24.377559
burn-in sampler.run_mcmc
	Mean acceptance fraction: 0.552
	Errors based on 16th, 50th, and 84th percentile
	Param     	MC_rec	err_up	err_low
	delay     	-2.00e+00	+4.17e-01	-2.23e-01
	delta_mag 	6.22e-02	+2.99e-02	-2.12e-02
	sigma     	8.47e-02	+1.17e-02	-1.06e-02
	tau       	1.81e+00	+2.85e-01	-2.58e-01
	avg_mag   	1.89e+01	+4.32e-02	-4.25e-02
Process Started on 2014-04-07 04:17:21.556171
It is currently    2014-04-07 04:18:10.234521
sampler.run_mcmc
Process Started on 2014-04-07 04:17:21.556171
It is currently    2014-04-07 04:23:51.045654
sampler.chain
90000
Mean acceptance fraction: 0.497
Errors based on 16th, 50th, and 84th percentile
Param     	MC_rec	err_up	err_low
delay     	-2.33e+00	+1.33e-01	-1.21e-01
delta_mag 	5.84e-02	+1.61e-02	-1.52e-02
sigma     	7.36e-02	+7.70e-03	-7.07e-03
tau       	7.98e+00	+6.30e+00	-4.56e+00
avg_mag   	1.89e+01	+9.23e-02	-8.77e-02
Process Started on 2014-04-07 04:17:21.556171
It is currently    2014-04-07 04:23:57.300983
