
SIMULATION PARAMETERS
Namespace(avg_mag=19.0, delay=1.5, delta_mag=0.3, numorbits=80, outputtag='hubble_sim_r94', photometricerror=0.02, redshift=0.658, sigma=0.07, tau=121.0)

Process Started on 2014-04-06 21:23:53.570591
The output_tag for this run is: hubble_sim_r94_2014_04_06_21:23

CRUDE LIGHT CURVE PARAMETERS
----------------------------
parameter lc1   	lc2
----------------------------
sigma     +0.53 	+0.41
tau       +0.04 	+0.02
avg_mag   +19.11 	+19.46


BEGINNING LIGHT CURVE PARAMETER OPTIMIZATION

Optimization terminated successfully.
         Current function value: -1160.724545
         Iterations: 113
         Function evaluations: 208
Optimization terminated successfully.
         Current function value: -1186.454872
         Iterations: 130
         Function evaluations: 232

OPTIMIZED LIGHT CURVE PARAMETERS
--------------------------------
parameter lc1   	lc2
--------------------------------
sigma     +0.04 	+0.04
tau       +3.77 	+2.05
avg_mag   +19.12 	+19.45


Process Started on 2014-04-06 21:23:53.570591
It is now          2014-04-06 21:23:56.356756

time series is 5.01 days long
with  219 data points
The most common sample time distance is 0.01 days within the range of [0.01,0.01] days

1% done
10% done
25% done
50% done
75% done
DONE

Process Started on 2014-04-06 21:23:53.570591
It is now          2014-04-06 21:23:57.397869

BEST DELAY=5.97363e-01

INITIAL PARAMETERS (average of lc1 and lc2)
-------------------------------------------
delay      = 0.60
delta_mag  = 0.33
avg_mag    = 19.12
tau        = 2.91
sigma      = 0.04

Optimization terminated successfully.
         Current function value: -2281.909093
         Iterations: 126
         Function evaluations: 222

INITIAL PARAMETERS (optimization of merged light curve)
-------------------------------------------------------
delay      = 0.60
delta_mag  = 0.33
avg_mag    = 19.10
tau        = 3.39
sigma      = 0.04


-------------
RUNNING EMCEE
-------------

pos
sampler
Process Started on 2014-04-06 21:23:53.570591
It is currently    2014-04-06 21:24:02.380491
burn-in sampler.run_mcmc
	Mean acceptance fraction: 0.572
	Errors based on 16th, 50th, and 84th percentile
	Param     	MC_rec	err_up	err_low
	delay     	6.02e-01	+3.35e-02	-1.95e-02
	delta_mag 	3.30e-01	+1.85e-03	-1.98e-03
	sigma     	3.68e-02	+4.02e-03	-3.31e-03
	tau       	3.39e+00	+2.50e-01	-1.91e-01
	avg_mag   	1.91e+01	+3.00e-02	-2.54e-02
Process Started on 2014-04-06 21:23:53.570591
It is currently    2014-04-06 21:26:31.843726
sampler.run_mcmc
Process Started on 2014-04-06 21:23:53.570591
It is currently    2014-04-06 21:45:51.041235
sampler.chain
90000
Mean acceptance fraction: 0.494
Errors based on 16th, 50th, and 84th percentile
Param     	MC_rec	err_up	err_low
delay     	6.02e-01	+3.54e-02	-1.78e-02
delta_mag 	3.30e-01	+1.52e-03	-1.61e-03
sigma     	3.62e-02	+3.30e-03	-3.10e-03
tau       	1.26e+01	+1.30e+01	-7.69e+00
avg_mag   	1.91e+01	+5.22e-02	-5.87e-02
Process Started on 2014-04-06 21:23:53.570591
It is currently    2014-04-06 21:46:00.825029
