
SIMULATION PARAMETERS
Namespace(avg_mag=19.0, delay=1.5, delta_mag=0.3, numorbits=80, outputtag='hubble_sim_r275', photometricerror=0.1, redshift=0.658, sigma=0.07, tau=121.0)

Process Started on 2014-04-07 00:41:37.427833
The output_tag for this run is: hubble_sim_r275_2014_04_07_00:41

CRUDE LIGHT CURVE PARAMETERS
----------------------------
parameter lc1   	lc2
----------------------------
sigma     +0.53 	+0.18
tau       +0.01 	+0.10
avg_mag   +19.44 	+19.74


BEGINNING LIGHT CURVE PARAMETER OPTIMIZATION

Optimization terminated successfully.
         Current function value: -598.374061
         Iterations: 59
         Function evaluations: 112
Optimization terminated successfully.
         Current function value: -601.834378
         Iterations: 52
         Function evaluations: 98

OPTIMIZED LIGHT CURVE PARAMETERS
--------------------------------
parameter lc1   	lc2
--------------------------------
sigma     +0.00 	+0.00
tau       +0.01 	+0.14
avg_mag   +19.44 	+19.74


Process Started on 2014-04-07 00:41:37.427833
It is now          2014-04-07 00:41:38.766561

time series is 5.01 days long
with  222 data points
The most common sample time distance is 0.01 days within the range of [0.01,0.01] days

1% done
10% done
25% done
50% done
75% done
DONE

Process Started on 2014-04-07 00:41:37.427833
It is now          2014-04-07 00:41:39.816888

BEST DELAY=1.49539e+00

INITIAL PARAMETERS (average of lc1 and lc2)
-------------------------------------------
delay      = 1.50
delta_mag  = 0.30
avg_mag    = 19.44
tau        = 0.07
sigma      = 0.00

Optimization terminated successfully.
         Current function value: -1200.594214
         Iterations: 53
         Function evaluations: 98

INITIAL PARAMETERS (optimization of merged light curve)
-------------------------------------------------------
delay      = 1.50
delta_mag  = 0.30
avg_mag    = 19.44
tau        = 0.52
sigma      = 0.02


-------------
RUNNING EMCEE
-------------

pos
sampler
Process Started on 2014-04-07 00:41:37.427833
It is currently    2014-04-07 00:41:42.486452
burn-in sampler.run_mcmc
	Mean acceptance fraction: 0.559
	Errors based on 16th, 50th, and 84th percentile
	Param     	MC_rec	err_up	err_low
	delay     	1.49e+00	+1.92e-01	-1.85e-01
	delta_mag 	3.00e-01	+7.70e-03	-9.71e-03
	sigma     	1.94e-02	+1.31e-02	-1.19e-02
	tau       	5.11e-01	+1.50e-01	-1.59e-01
	avg_mag   	1.94e+01	+6.27e-03	-7.07e-03
Process Started on 2014-04-07 00:41:37.427833
It is currently    2014-04-07 00:43:18.823402
sampler.run_mcmc
Process Started on 2014-04-07 00:41:37.427833
It is currently    2014-04-07 00:57:27.571907
sampler.chain
90000
Mean acceptance fraction: 0.433
Errors based on 16th, 50th, and 84th percentile
Param     	MC_rec	err_up	err_low
delay     	1.54e+00	+1.42e+00	-1.55e+00
delta_mag 	3.01e-01	+7.73e-03	-7.31e-03
sigma     	8.43e-03	+8.59e-03	-4.75e-03
tau       	1.88e+00	+2.07e+00	-1.39e+00
avg_mag   	1.94e+01	+5.98e-03	-6.54e-03
Process Started on 2014-04-07 00:41:37.427833
It is currently    2014-04-07 00:57:38.297192
