
SIMULATION PARAMETERS
Namespace(avg_mag=19.0, delay=1.5, delta_mag=0.3, numorbits=40, outputtag='hubble_sim_r1286', photometricerror=0.1, redshift=0.658, sigma=0.07, tau=121.0)

Process Started on 2014-04-07 05:54:41.726753
The output_tag for this run is: hubble_sim_r1286_2014_04_07_05:54

CRUDE LIGHT CURVE PARAMETERS
----------------------------
parameter lc1   	lc2
----------------------------
sigma     +0.21 	+0.57
tau       +0.28 	+0.05
avg_mag   +18.47 	+18.70


BEGINNING LIGHT CURVE PARAMETER OPTIMIZATION

Optimization terminated successfully.
         Current function value: -288.912820
         Iterations: 59
         Function evaluations: 113
Optimization terminated successfully.
         Current function value: -279.974955
         Iterations: 124
         Function evaluations: 221

OPTIMIZED LIGHT CURVE PARAMETERS
--------------------------------
parameter lc1   	lc2
--------------------------------
sigma     +0.00 	+0.06
tau       +0.34 	+2.37
avg_mag   +18.47 	+18.70


Process Started on 2014-04-07 05:54:41.726753
It is now          2014-04-07 05:54:42.338674

time series is 2.52 days long
with  108 data points
The most common sample time distance is 0.01 days within the range of [0.01,0.03] days

1% done
10% done
25% done
50% done
75% done
DONE

Process Started on 2014-04-07 05:54:41.726753
It is now          2014-04-07 05:54:42.666781

BEST DELAY=1.14238e+00

INITIAL PARAMETERS (average of lc1 and lc2)
-------------------------------------------
delay      = 1.14
delta_mag  = 0.23
avg_mag    = 18.47
tau        = 1.35
sigma      = 0.03

Optimization terminated successfully.
         Current function value: -561.628626
         Iterations: 108
         Function evaluations: 201

INITIAL PARAMETERS (optimization of merged light curve)
-------------------------------------------------------
delay      = 1.14
delta_mag  = 0.23
avg_mag    = 18.44
tau        = 1.47
sigma      = 0.05


-------------
RUNNING EMCEE
-------------

pos
sampler
Process Started on 2014-04-07 05:54:41.726753
It is currently    2014-04-07 05:54:44.367279
burn-in sampler.run_mcmc
	Mean acceptance fraction: 0.577
	Errors based on 16th, 50th, and 84th percentile
	Param     	MC_rec	err_up	err_low
	delay     	1.27e+00	+2.10e-01	-1.91e-01
	delta_mag 	2.69e-01	+2.05e-02	-1.49e-02
	sigma     	5.63e-02	+1.27e-02	-9.81e-03
	tau       	1.49e+00	+3.04e-01	-2.26e-01
	avg_mag   	1.84e+01	+2.84e-02	-2.80e-02
Process Started on 2014-04-07 05:54:41.726753
It is currently    2014-04-07 05:55:29.487300
sampler.run_mcmc
Process Started on 2014-04-07 05:54:41.726753
It is currently    2014-04-07 06:01:21.481753
sampler.chain
90000
Mean acceptance fraction: 0.507
Errors based on 16th, 50th, and 84th percentile
Param     	MC_rec	err_up	err_low
delay     	1.45e+00	+2.28e-01	-1.91e-01
delta_mag 	2.86e-01	+1.77e-02	-1.64e-02
sigma     	5.23e-02	+1.10e-02	-8.86e-03
tau       	6.53e+00	+5.28e+00	-3.80e+00
avg_mag   	1.84e+01	+5.24e-02	-6.05e-02
Process Started on 2014-04-07 05:54:41.726753
It is currently    2014-04-07 06:01:27.774608
