
SIMULATION PARAMETERS
Namespace(avg_mag=19.0, delay=1.5, delta_mag=0.3, numorbits=80, outputtag='hubble_sim_r156', photometricerror=0.05, redshift=0.658, sigma=0.07, tau=121.0)

Process Started on 2014-04-06 22:33:57.567446
The output_tag for this run is: hubble_sim_r156_2014_04_06_22:33

CRUDE LIGHT CURVE PARAMETERS
----------------------------
parameter lc1   	lc2
----------------------------
sigma     +0.47 	+0.57
tau       +0.18 	+0.07
avg_mag   +18.77 	+19.11


BEGINNING LIGHT CURVE PARAMETER OPTIMIZATION

Optimization terminated successfully.
         Current function value: -837.989825
         Iterations: 112
         Function evaluations: 197
Optimization terminated successfully.
         Current function value: -839.842880
         Iterations: 140
         Function evaluations: 245

OPTIMIZED LIGHT CURVE PARAMETERS
--------------------------------
parameter lc1   	lc2
--------------------------------
sigma     +0.05 	+0.05
tau       +2.68 	+7.82
avg_mag   +18.78 	+19.09


Process Started on 2014-04-06 22:33:57.567446
It is now          2014-04-06 22:34:00.339706

time series is 5.00 days long
with  217 data points
The most common sample time distance is 0.01 days within the range of [0.01,0.01] days

1% done
10% done
25% done
50% done
75% done
DONE

Process Started on 2014-04-06 22:33:57.567446
It is now          2014-04-06 22:34:01.398557

BEST DELAY=1.49899e+00

INITIAL PARAMETERS (average of lc1 and lc2)
-------------------------------------------
delay      = 1.50
delta_mag  = 0.31
avg_mag    = 18.78
tau        = 5.25
sigma      = 0.05

Optimization terminated successfully.
         Current function value: -1704.151758
         Iterations: 142
         Function evaluations: 251

INITIAL PARAMETERS (optimization of merged light curve)
-------------------------------------------------------
delay      = 1.50
delta_mag  = 0.31
avg_mag    = 18.81
tau        = 4.28
sigma      = 0.05


-------------
RUNNING EMCEE
-------------

pos
sampler
Process Started on 2014-04-06 22:33:57.567446
It is currently    2014-04-06 22:34:06.228942
burn-in sampler.run_mcmc
	Mean acceptance fraction: 0.595
	Errors based on 16th, 50th, and 84th percentile
	Param     	MC_rec	err_up	err_low
	delay     	1.50e+00	+4.06e-02	-3.85e-02
	delta_mag 	3.01e-01	+5.02e-03	-4.99e-03
	sigma     	4.89e-02	+5.64e-03	-5.06e-03
	tau       	4.28e+00	+2.40e-01	-1.87e-01
	avg_mag   	1.88e+01	+4.54e-02	-3.78e-02
Process Started on 2014-04-06 22:33:57.567446
It is currently    2014-04-06 22:36:28.649569
sampler.run_mcmc
Process Started on 2014-04-06 22:33:57.567446
It is currently    2014-04-06 22:57:12.597413
sampler.chain
90000
Mean acceptance fraction: 0.516
Errors based on 16th, 50th, and 84th percentile
Param     	MC_rec	err_up	err_low
delay     	1.50e+00	+3.84e-02	-3.93e-02
delta_mag 	3.01e-01	+4.60e-03	-4.50e-03
sigma     	4.72e-02	+4.93e-03	-4.47e-03
tau       	1.62e+01	+1.65e+01	-9.92e+00
avg_mag   	1.88e+01	+8.22e-02	-8.00e-02
Process Started on 2014-04-06 22:33:57.567446
It is currently    2014-04-06 22:57:23.308742
