
SIMULATION PARAMETERS
Namespace(avg_mag=19.0, delay=1.5, delta_mag=0.3, numorbits=40, outputtag='hubble_sim_r1117', photometricerror=0.05, redshift=0.658, sigma=0.07, tau=121.0)

Process Started on 2014-04-07 03:05:06.126256
The output_tag for this run is: hubble_sim_r1117_2014_04_07_03:05

CRUDE LIGHT CURVE PARAMETERS
----------------------------
parameter lc1   	lc2
----------------------------
sigma     +0.16 	+0.20
tau       +0.09 	+0.10
avg_mag   +18.97 	+19.27


BEGINNING LIGHT CURVE PARAMETER OPTIMIZATION

Optimization terminated successfully.
         Current function value: -412.073066
         Iterations: 120
         Function evaluations: 219
Optimization terminated successfully.
         Current function value: -404.575013
         Iterations: 110
         Function evaluations: 205

OPTIMIZED LIGHT CURVE PARAMETERS
--------------------------------
parameter lc1   	lc2
--------------------------------
sigma     +0.02 	+0.03
tau       +1.04 	+0.52
avg_mag   +18.97 	+19.27


Process Started on 2014-04-07 03:05:06.126256
It is now          2014-04-07 03:05:06.866362

time series is 2.50 days long
with  103 data points
The most common sample time distance is 0.01 days within the range of [0.01,0.02] days

1% done
10% done
25% done
50% done
75% done
DONE

Process Started on 2014-04-07 03:05:06.126256
It is now          2014-04-07 03:05:07.189099

BEST DELAY=7.49949e-01

INITIAL PARAMETERS (average of lc1 and lc2)
-------------------------------------------
delay      = 0.75
delta_mag  = 0.30
avg_mag    = 18.97
tau        = 0.78
sigma      = 0.03

Optimization terminated successfully.
         Current function value: -819.175049
         Iterations: 53
         Function evaluations: 102

INITIAL PARAMETERS (optimization of merged light curve)
-------------------------------------------------------
delay      = 0.75
delta_mag  = 0.30
avg_mag    = 18.96
tau        = 0.69
sigma      = 0.03


-------------
RUNNING EMCEE
-------------

pos
sampler
Process Started on 2014-04-07 03:05:06.126256
It is currently    2014-04-07 03:05:08.810090
burn-in sampler.run_mcmc
	Mean acceptance fraction: 0.578
	Errors based on 16th, 50th, and 84th percentile
	Param     	MC_rec	err_up	err_low
	delay     	7.33e-01	+1.68e-01	-1.13e-01
	delta_mag 	3.02e-01	+7.00e-03	-5.97e-03
	sigma     	3.31e-02	+8.95e-03	-8.59e-03
	tau       	6.88e-01	+1.23e-01	-9.55e-02
	avg_mag   	1.90e+01	+1.06e-02	-1.05e-02
Process Started on 2014-04-07 03:05:06.126256
It is currently    2014-04-07 03:05:52.049365
sampler.run_mcmc
Process Started on 2014-04-07 03:05:06.126256
It is currently    2014-04-07 03:11:21.601632
sampler.chain
90000
Mean acceptance fraction: 0.466
Errors based on 16th, 50th, and 84th percentile
Param     	MC_rec	err_up	err_low
delay     	9.91e-01	+5.64e-01	-3.38e-01
delta_mag 	3.01e-01	+6.07e-03	-6.41e-03
sigma     	2.64e-02	+7.94e-03	-6.29e-03
tau       	2.57e+00	+2.61e+00	-1.57e+00
avg_mag   	1.90e+01	+1.38e-02	-1.88e-02
Process Started on 2014-04-07 03:05:06.126256
It is currently    2014-04-07 03:11:27.849871
