
SIMULATION PARAMETERS
Namespace(avg_mag=19.0, delay=1.5, delta_mag=0.3, numorbits=80, outputtag='hubble_sim_r41', photometricerror=0.02, redshift=0.658, sigma=0.07, tau=121.0)

Process Started on 2014-04-06 20:19:42.348246
The output_tag for this run is: hubble_sim_r41_2014_04_06_20:19

CRUDE LIGHT CURVE PARAMETERS
----------------------------
parameter lc1   	lc2
----------------------------
sigma     +0.26 	+0.28
tau       +0.03 	+0.05
avg_mag   +19.07 	+19.37


BEGINNING LIGHT CURVE PARAMETER OPTIMIZATION

Optimization terminated successfully.
         Current function value: -1151.793698
         Iterations: 108
         Function evaluations: 199
Optimization terminated successfully.
         Current function value: -1143.708580
         Iterations: 116
         Function evaluations: 209

OPTIMIZED LIGHT CURVE PARAMETERS
--------------------------------
parameter lc1   	lc2
--------------------------------
sigma     +0.04 	+0.04
tau       +0.74 	+1.48
avg_mag   +19.07 	+19.35


Process Started on 2014-04-06 20:19:42.348246
It is now          2014-04-06 20:19:44.955689

time series is 5.00 days long
with  215 data points
The most common sample time distance is 0.01 days within the range of [0.01,0.01] days

1% done
10% done
25% done
50% done
75% done
DONE

Process Started on 2014-04-06 20:19:42.348246
It is now          2014-04-06 20:19:45.999913

BEST DELAY=2.49861e+00

INITIAL PARAMETERS (average of lc1 and lc2)
-------------------------------------------
delay      = 2.50
delta_mag  = 0.28
avg_mag    = 19.07
tau        = 1.11
sigma      = 0.04

Optimization terminated successfully.
         Current function value: -2264.766977
         Iterations: 114
         Function evaluations: 201

INITIAL PARAMETERS (optimization of merged light curve)
-------------------------------------------------------
delay      = 2.50
delta_mag  = 0.28
avg_mag    = 19.07
tau        = 1.46
sigma      = 0.04


-------------
RUNNING EMCEE
-------------

pos
sampler
Process Started on 2014-04-06 20:19:42.348246
It is currently    2014-04-06 20:19:50.280099
burn-in sampler.run_mcmc
	Mean acceptance fraction: 0.547
	Errors based on 16th, 50th, and 84th percentile
	Param     	MC_rec	err_up	err_low
	delay     	2.83e+00	+5.12e-02	-1.09e-01
	delta_mag 	2.78e-01	+3.10e-03	-3.31e-03
	sigma     	3.93e-02	+3.26e-03	-3.58e-03
	tau       	1.49e+00	+1.70e-01	-1.31e-01
	avg_mag   	1.91e+01	+1.59e-02	-1.80e-02
Process Started on 2014-04-06 20:19:42.348246
It is currently    2014-04-06 20:22:08.814287
sampler.run_mcmc
Process Started on 2014-04-06 20:19:42.348246
It is currently    2014-04-06 20:39:31.831435
sampler.chain
90000
Mean acceptance fraction: 0.497
Errors based on 16th, 50th, and 84th percentile
Param     	MC_rec	err_up	err_low
delay     	2.87e+00	+3.69e-02	-3.27e-02
delta_mag 	2.77e-01	+2.27e-03	-2.32e-03
sigma     	4.03e-02	+3.30e-03	-3.12e-03
tau       	3.31e+00	+5.18e+00	-1.77e+00
avg_mag   	1.91e+01	+2.37e-02	-3.08e-02
Process Started on 2014-04-06 20:19:42.348246
It is currently    2014-04-06 20:39:42.496745
