
SIMULATION PARAMETERS
Namespace(avg_mag=19.0, delay=1.5, delta_mag=0.3, numorbits=40, outputtag='hubble_sim_r1064', photometricerror=0.02, redshift=0.658, sigma=0.07, tau=121.0)

Process Started on 2014-04-07 02:11:55.037026
The output_tag for this run is: hubble_sim_r1064_2014_04_07_02:11

CRUDE LIGHT CURVE PARAMETERS
----------------------------
parameter lc1   	lc2
----------------------------
sigma     +0.22 	+0.38
tau       +0.02 	+0.56
avg_mag   +19.80 	+20.05


BEGINNING LIGHT CURVE PARAMETER OPTIMIZATION

Optimization terminated successfully.
         Current function value: -581.758314
         Iterations: 124
         Function evaluations: 224
Optimization terminated successfully.
         Current function value: -561.480299
         Iterations: 98
         Function evaluations: 177

OPTIMIZED LIGHT CURVE PARAMETERS
--------------------------------
parameter lc1   	lc2
--------------------------------
sigma     +0.03 	+0.06
tau       +0.51 	+1.27
avg_mag   +19.80 	+20.06


Process Started on 2014-04-07 02:11:55.037026
It is now          2014-04-07 02:11:55.764309

time series is 2.52 days long
with  108 data points
The most common sample time distance is 0.00 days within the range of [0.02,0.01] days

1% done
10% done
25% done
50% done
75% done
DONE

Process Started on 2014-04-07 02:11:55.037026
It is now          2014-04-07 02:11:56.076930

BEST DELAY=1.24173e+00

INITIAL PARAMETERS (average of lc1 and lc2)
-------------------------------------------
delay      = 1.24
delta_mag  = 0.26
avg_mag    = 19.80
tau        = 0.89
sigma      = 0.05

Optimization terminated successfully.
         Current function value: -1033.855994
         Iterations: 104
         Function evaluations: 185

INITIAL PARAMETERS (optimization of merged light curve)
-------------------------------------------------------
delay      = 1.24
delta_mag  = 0.26
avg_mag    = 19.78
tau        = 0.95
sigma      = 0.05


-------------
RUNNING EMCEE
-------------

pos
sampler
Process Started on 2014-04-07 02:11:55.037026
It is currently    2014-04-07 02:11:57.992718
burn-in sampler.run_mcmc
	Mean acceptance fraction: 0.523
	Errors based on 16th, 50th, and 84th percentile
	Param     	MC_rec	err_up	err_low
	delay     	1.42e+00	+7.71e-02	-1.11e-01
	delta_mag 	2.98e-01	+4.69e-03	-5.21e-03
	sigma     	5.96e-02	+6.95e-03	-5.90e-03
	tau       	9.58e-01	+8.93e-02	-8.93e-02
	avg_mag   	1.98e+01	+1.96e-02	-2.70e-02
Process Started on 2014-04-07 02:11:55.037026
It is currently    2014-04-07 02:12:43.141387
sampler.run_mcmc
Process Started on 2014-04-07 02:11:55.037026
It is currently    2014-04-07 02:18:44.092382
sampler.chain
90000
Mean acceptance fraction: 0.506
Errors based on 16th, 50th, and 84th percentile
Param     	MC_rec	err_up	err_low
delay     	1.50e+00	+2.21e-02	-1.59e-02
delta_mag 	2.98e-01	+3.04e-03	-3.22e-03
sigma     	5.26e-02	+4.98e-03	-4.35e-03
tau       	3.13e+00	+3.65e+00	-1.72e+00
avg_mag   	1.98e+01	+3.80e-02	-3.76e-02
Process Started on 2014-04-07 02:11:55.037026
It is currently    2014-04-07 02:18:50.223084
