
SIMULATION PARAMETERS
Namespace(avg_mag=19.0, delay=1.5, delta_mag=0.3, numorbits=80, outputtag='hubble_sim_r158', photometricerror=0.05, redshift=0.658, sigma=0.07, tau=121.0)

Process Started on 2014-04-06 22:35:57.253848
The output_tag for this run is: hubble_sim_r158_2014_04_06_22:35

CRUDE LIGHT CURVE PARAMETERS
----------------------------
parameter lc1   	lc2
----------------------------
sigma     +0.39 	+0.57
tau       +0.04 	+0.02
avg_mag   +19.18 	+19.50


BEGINNING LIGHT CURVE PARAMETER OPTIMIZATION

Optimization terminated successfully.
         Current function value: -844.767560
         Iterations: 104
         Function evaluations: 186
Optimization terminated successfully.
         Current function value: -835.231005
         Iterations: 114
         Function evaluations: 202

OPTIMIZED LIGHT CURVE PARAMETERS
--------------------------------
parameter lc1   	lc2
--------------------------------
sigma     +0.06 	+0.07
tau       +0.77 	+0.90
avg_mag   +19.19 	+19.49


Process Started on 2014-04-06 22:35:57.253848
It is now          2014-04-06 22:35:59.802836

time series is 5.01 days long
with  220 data points
The most common sample time distance is 0.01 days within the range of [0.01,0.02] days

1% done
10% done
25% done
50% done
75% done
DONE

Process Started on 2014-04-06 22:35:57.253848
It is now          2014-04-06 22:36:00.875372

BEST DELAY=1.49330e+00

INITIAL PARAMETERS (average of lc1 and lc2)
-------------------------------------------
delay      = 1.49
delta_mag  = 0.31
avg_mag    = 19.19
tau        = 0.84
sigma      = 0.06

Optimization terminated successfully.
         Current function value: -1710.347808
         Iterations: 97
         Function evaluations: 175

INITIAL PARAMETERS (optimization of merged light curve)
-------------------------------------------------------
delay      = 1.49
delta_mag  = 0.31
avg_mag    = 19.19
tau        = 0.85
sigma      = 0.06


-------------
RUNNING EMCEE
-------------

pos
sampler
Process Started on 2014-04-06 22:35:57.253848
It is currently    2014-04-06 22:36:04.859386
burn-in sampler.run_mcmc
	Mean acceptance fraction: 0.584
	Errors based on 16th, 50th, and 84th percentile
	Param     	MC_rec	err_up	err_low
	delay     	1.50e+00	+2.04e-02	-2.57e-02
	delta_mag 	3.01e-01	+4.15e-03	-4.84e-03
	sigma     	6.18e-02	+7.24e-03	-5.15e-03
	tau       	8.83e-01	+2.04e-01	-1.50e-01
	avg_mag   	1.92e+01	+1.64e-02	-1.31e-02
Process Started on 2014-04-06 22:35:57.253848
It is currently    2014-04-06 22:38:38.205468
sampler.run_mcmc
Process Started on 2014-04-06 22:35:57.253848
It is currently    2014-04-06 22:59:39.271858
sampler.chain
90000
Mean acceptance fraction: 0.509
Errors based on 16th, 50th, and 84th percentile
Param     	MC_rec	err_up	err_low
delay     	1.50e+00	+2.10e-02	-2.10e-02
delta_mag 	3.00e-01	+4.02e-03	-3.93e-03
sigma     	6.05e-02	+5.97e-03	-5.49e-03
tau       	1.81e+00	+2.72e+00	-8.22e-01
avg_mag   	1.92e+01	+2.72e-02	-2.60e-02
Process Started on 2014-04-06 22:35:57.253848
It is currently    2014-04-06 22:59:49.942679
