
SIMULATION PARAMETERS
Namespace(avg_mag=19.0, delay=1.5, delta_mag=0.3, numorbits=80, outputtag='hubble_sim_r215', photometricerror=0.1, redshift=0.658, sigma=0.07, tau=121.0)

Process Started on 2014-04-06 23:37:17.827183
The output_tag for this run is: hubble_sim_r215_2014_04_06_23:37

CRUDE LIGHT CURVE PARAMETERS
----------------------------
parameter lc1   	lc2
----------------------------
sigma     +0.39 	+0.37
tau       +0.04 	+0.04
avg_mag   +18.50 	+18.82


BEGINNING LIGHT CURVE PARAMETER OPTIMIZATION

Optimization terminated successfully.
         Current function value: -566.854364
         Iterations: 54
         Function evaluations: 103
Optimization terminated successfully.
         Current function value: -571.358009
         Iterations: 50
         Function evaluations: 94

OPTIMIZED LIGHT CURVE PARAMETERS
--------------------------------
parameter lc1   	lc2
--------------------------------
sigma     +0.00 	+0.00
tau       +0.05 	+0.05
avg_mag   +18.50 	+18.82


Process Started on 2014-04-06 23:37:17.827183
It is now          2014-04-06 23:37:19.079125

time series is 5.01 days long
with  220 data points
The most common sample time distance is 0.01 days within the range of [0.01,0.01] days

1% done
10% done
25% done
50% done
75% done
DONE

Process Started on 2014-04-06 23:37:17.827183
It is now          2014-04-06 23:37:20.133740

BEST DELAY=9.96663e-01

INITIAL PARAMETERS (average of lc1 and lc2)
-------------------------------------------
delay      = 1.00
delta_mag  = 0.33
avg_mag    = 18.50
tau        = 0.05
sigma      = 0.00

Optimization terminated successfully.
         Current function value: -1169.561169
         Iterations: 150
         Function evaluations: 261

INITIAL PARAMETERS (optimization of merged light curve)
-------------------------------------------------------
delay      = 1.00
delta_mag  = 0.33
avg_mag    = 18.50
tau        = 1.87
sigma      = 0.03


-------------
RUNNING EMCEE
-------------

pos
sampler
Process Started on 2014-04-06 23:37:17.827183
It is currently    2014-04-06 23:37:25.519467
burn-in sampler.run_mcmc
	Mean acceptance fraction: 0.570
	Errors based on 16th, 50th, and 84th percentile
	Param     	MC_rec	err_up	err_low
	delay     	1.19e+00	+2.22e-01	-2.02e-01
	delta_mag 	3.11e-01	+1.04e-02	-1.20e-02
	sigma     	3.76e-02	+9.65e-03	-8.21e-03
	tau       	2.05e+00	+6.35e-01	-3.81e-01
	avg_mag   	1.85e+01	+2.33e-02	-2.12e-02
Process Started on 2014-04-06 23:37:17.827183
It is currently    2014-04-06 23:39:55.006073
sampler.run_mcmc
Process Started on 2014-04-06 23:37:17.827183
It is currently    2014-04-06 23:57:07.801787
sampler.chain
90000
Mean acceptance fraction: 0.510
Errors based on 16th, 50th, and 84th percentile
Param     	MC_rec	err_up	err_low
delay     	1.46e+00	+1.39e-01	-1.50e-01
delta_mag 	3.02e-01	+9.13e-03	-8.96e-03
sigma     	3.55e-02	+7.86e-03	-6.73e-03
tau       	6.92e+00	+7.01e+00	-4.08e+00
avg_mag   	1.85e+01	+3.62e-02	-3.76e-02
Process Started on 2014-04-06 23:37:17.827183
It is currently    2014-04-06 23:57:14.353483
