
SIMULATION PARAMETERS
Namespace(avg_mag=19.0, delay=1.5, delta_mag=0.3, numorbits=40, outputtag='hubble_sim_r1283', photometricerror=0.1, redshift=0.658, sigma=0.07, tau=121.0)

Process Started on 2014-04-07 05:51:41.181019
The output_tag for this run is: hubble_sim_r1283_2014_04_07_05:51

CRUDE LIGHT CURVE PARAMETERS
----------------------------
parameter lc1   	lc2
----------------------------
sigma     +0.27 	+0.79
tau       +0.17 	+0.01
avg_mag   +18.70 	+19.05


BEGINNING LIGHT CURVE PARAMETER OPTIMIZATION

Optimization terminated successfully.
         Current function value: -300.712183
         Iterations: 114
         Function evaluations: 205
Optimization terminated successfully.
         Current function value: -291.224538
         Iterations: 56
         Function evaluations: 108

OPTIMIZED LIGHT CURVE PARAMETERS
--------------------------------
parameter lc1   	lc2
--------------------------------
sigma     +0.05 	+0.00
tau       +0.47 	+0.01
avg_mag   +18.71 	+19.05


Process Started on 2014-04-07 05:51:41.181019
It is now          2014-04-07 05:51:41.787578

time series is 2.51 days long
with  114 data points
The most common sample time distance is 0.01 days within the range of [0.01,0.03] days

1% done
10% done
25% done
50% done
75% done
DONE

Process Started on 2014-04-07 05:51:41.181019
It is now          2014-04-07 05:51:42.121985

BEST DELAY=-5.41804e-02

INITIAL PARAMETERS (average of lc1 and lc2)
-------------------------------------------
delay      = -0.05
delta_mag  = 0.35
avg_mag    = 18.71
tau        = 0.24
sigma      = 0.02

Optimization terminated successfully.
         Current function value: -590.427749
         Iterations: 56
         Function evaluations: 108

INITIAL PARAMETERS (optimization of merged light curve)
-------------------------------------------------------
delay      = -0.05
delta_mag  = 0.35
avg_mag    = 18.71
tau        = 0.01
sigma      = 0.00


-------------
RUNNING EMCEE
-------------

pos
sampler
Process Started on 2014-04-07 05:51:41.181019
It is currently    2014-04-07 05:51:43.574169
burn-in sampler.run_mcmc
	Mean acceptance fraction: 0.447
	Errors based on 16th, 50th, and 84th percentile
	Param     	MC_rec	err_up	err_low
	delay     	-5.21e-02	+3.41e-02	-2.24e-02
	delta_mag 	3.49e-01	+9.80e-03	-9.80e-03
	sigma     	1.97e-04	+1.39e-04	-1.45e-04
	tau       	1.44e-02	+2.38e-02	-1.07e-02
	avg_mag   	1.87e+01	+7.84e-03	-7.85e-03
Process Started on 2014-04-07 05:51:41.181019
It is currently    2014-04-07 05:52:18.513618
sampler.run_mcmc
Process Started on 2014-04-07 05:51:41.181019
It is currently    2014-04-07 05:57:01.918562
sampler.chain
90000
Mean acceptance fraction: 0.414
Errors based on 16th, 50th, and 84th percentile
Param     	MC_rec	err_up	err_low
delay     	-3.51e-02	+7.86e-01	-7.97e-01
delta_mag 	3.50e-01	+9.43e-03	-9.21e-03
sigma     	1.96e-04	+1.36e-04	-1.31e-04
tau       	3.06e-02	+1.98e-02	-2.05e-02
avg_mag   	1.87e+01	+6.61e-03	-7.00e-03
Process Started on 2014-04-07 05:51:41.181019
It is currently    2014-04-07 05:57:08.351281
