
SIMULATION PARAMETERS
Namespace(avg_mag=19.0, delay=1.5, delta_mag=0.3, numorbits=80, outputtag='hubble_sim_r251', photometricerror=0.1, redshift=0.658, sigma=0.07, tau=121.0)

Process Started on 2014-04-07 00:15:30.235948
The output_tag for this run is: hubble_sim_r251_2014_04_07_00:15

CRUDE LIGHT CURVE PARAMETERS
----------------------------
parameter lc1   	lc2
----------------------------
sigma     +1.00 	+0.78
tau       +0.06 	+0.09
avg_mag   +17.90 	+18.10


BEGINNING LIGHT CURVE PARAMETER OPTIMIZATION

Optimization terminated successfully.
         Current function value: -560.721491
         Iterations: 142
         Function evaluations: 246
Optimization terminated successfully.
         Current function value: -563.308380
         Iterations: 161
         Function evaluations: 287

OPTIMIZED LIGHT CURVE PARAMETERS
--------------------------------
parameter lc1   	lc2
--------------------------------
sigma     +0.07 	+0.07
tau       +5.31 	+8.42
avg_mag   +17.90 	+18.16


Process Started on 2014-04-07 00:15:30.235948
It is now          2014-04-07 00:15:33.689944

time series is 5.01 days long
with  219 data points
The most common sample time distance is 0.01 days within the range of [0.01,0.01] days

1% done
10% done
25% done
50% done
75% done
DONE

Process Started on 2014-04-07 00:15:30.235948
It is now          2014-04-07 00:15:34.759528

BEST DELAY=1.29514e+00

INITIAL PARAMETERS (average of lc1 and lc2)
-------------------------------------------
delay      = 1.30
delta_mag  = 0.26
avg_mag    = 17.90
tau        = 6.86
sigma      = 0.07

Optimization terminated successfully.
         Current function value: -1139.158143
         Iterations: 132
         Function evaluations: 236

INITIAL PARAMETERS (optimization of merged light curve)
-------------------------------------------------------
delay      = 1.30
delta_mag  = 0.26
avg_mag    = 17.88
tau        = 8.01
sigma      = 0.06


-------------
RUNNING EMCEE
-------------

pos
sampler
Process Started on 2014-04-07 00:15:30.235948
It is currently    2014-04-07 00:15:39.574102
burn-in sampler.run_mcmc
	Mean acceptance fraction: 0.588
	Errors based on 16th, 50th, and 84th percentile
	Param     	MC_rec	err_up	err_low
	delay     	1.42e+00	+8.51e-02	-9.60e-02
	delta_mag 	2.88e-01	+1.28e-02	-1.12e-02
	sigma     	6.65e-02	+1.01e-02	-8.19e-03
	tau       	8.04e+00	+6.21e-01	-3.90e-01
	avg_mag   	1.79e+01	+9.32e-02	-7.94e-02
Process Started on 2014-04-07 00:15:30.235948
It is currently    2014-04-07 00:18:08.574845
sampler.run_mcmc
Process Started on 2014-04-07 00:15:30.235948
It is currently    2014-04-07 00:31:16.475945
sampler.chain
90000
Mean acceptance fraction: 0.515
Errors based on 16th, 50th, and 84th percentile
Param     	MC_rec	err_up	err_low
delay     	1.48e+00	+6.44e-02	-6.51e-02
delta_mag 	2.96e-01	+9.74e-03	-9.34e-03
sigma     	6.45e-02	+8.13e-03	-7.09e-03
tau       	3.48e+01	+2.90e+01	-2.11e+01
avg_mag   	1.79e+01	+1.73e-01	-1.66e-01
Process Started on 2014-04-07 00:15:30.235948
It is currently    2014-04-07 00:31:23.083715
