
SIMULATION PARAMETERS
Namespace(avg_mag=19.0, delay=1.5, delta_mag=0.3, numorbits=80, outputtag='hubble_sim_r223', photometricerror=0.1, redshift=0.658, sigma=0.07, tau=121.0)

Process Started on 2014-04-06 23:45:20.751271
The output_tag for this run is: hubble_sim_r223_2014_04_06_23:45

CRUDE LIGHT CURVE PARAMETERS
----------------------------
parameter lc1   	lc2
----------------------------
sigma     +0.53 	+0.68
tau       +0.11 	+0.13
avg_mag   +18.40 	+18.62


BEGINNING LIGHT CURVE PARAMETER OPTIMIZATION

Optimization terminated successfully.
         Current function value: -586.289032
         Iterations: 144
         Function evaluations: 253
Optimization terminated successfully.
         Current function value: -582.579109
         Iterations: 130
         Function evaluations: 234

OPTIMIZED LIGHT CURVE PARAMETERS
--------------------------------
parameter lc1   	lc2
--------------------------------
sigma     +0.05 	+0.06
tau       +7.17 	+6.51
avg_mag   +18.39 	+18.64


Process Started on 2014-04-06 23:45:20.751271
It is now          2014-04-06 23:45:24.022291

time series is 5.01 days long
with  224 data points
The most common sample time distance is 0.01 days within the range of [0.01,0.01] days

1% done
10% done
25% done
50% done
75% done
DONE

Process Started on 2014-04-06 23:45:20.751271
It is now          2014-04-06 23:45:25.121898

BEST DELAY=1.19526e+00

INITIAL PARAMETERS (average of lc1 and lc2)
-------------------------------------------
delay      = 1.20
delta_mag  = 0.25
avg_mag    = 18.39
tau        = 6.84
sigma      = 0.05

Optimization terminated successfully.
         Current function value: -1173.481502
         Iterations: 159
         Function evaluations: 282

INITIAL PARAMETERS (optimization of merged light curve)
-------------------------------------------------------
delay      = 1.20
delta_mag  = 0.25
avg_mag    = 18.38
tau        = 8.44
sigma      = 0.05


-------------
RUNNING EMCEE
-------------

pos
sampler
Process Started on 2014-04-06 23:45:20.751271
It is currently    2014-04-06 23:45:30.716873
burn-in sampler.run_mcmc
	Mean acceptance fraction: 0.589
	Errors based on 16th, 50th, and 84th percentile
	Param     	MC_rec	err_up	err_low
	delay     	1.39e+00	+1.47e-01	-1.18e-01
	delta_mag 	2.91e-01	+1.25e-02	-1.21e-02
	sigma     	5.42e-02	+9.74e-03	-8.22e-03
	tau       	8.57e+00	+1.03e+00	-8.14e-01
	avg_mag   	1.84e+01	+6.71e-02	-6.85e-02
Process Started on 2014-04-06 23:45:20.751271
It is currently    2014-04-06 23:48:05.109679
sampler.run_mcmc
Process Started on 2014-04-06 23:45:20.751271
It is currently    2014-04-07 00:08:38.797952
sampler.chain
90000
Mean acceptance fraction: 0.516
Errors based on 16th, 50th, and 84th percentile
Param     	MC_rec	err_up	err_low
delay     	1.48e+00	+9.41e-02	-9.63e-02
delta_mag 	2.97e-01	+1.01e-02	-9.56e-03
sigma     	5.11e-02	+7.36e-03	-6.41e-03
tau       	3.70e+01	+3.13e+01	-2.36e+01
avg_mag   	1.84e+01	+1.35e-01	-1.42e-01
Process Started on 2014-04-06 23:45:20.751271
It is currently    2014-04-07 00:08:49.307885
