
SIMULATION PARAMETERS
Namespace(avg_mag=19.0, delay=1.5, delta_mag=0.3, numorbits=80, outputtag='hubble_sim_r252', photometricerror=0.1, redshift=0.658, sigma=0.07, tau=121.0)

Process Started on 2014-04-07 00:16:30.503672
The output_tag for this run is: hubble_sim_r252_2014_04_07_00:16

CRUDE LIGHT CURVE PARAMETERS
----------------------------
parameter lc1   	lc2
----------------------------
sigma     +0.32 	+0.31
tau       +0.03 	+0.43
avg_mag   +19.07 	+19.36


BEGINNING LIGHT CURVE PARAMETER OPTIMIZATION

Optimization terminated successfully.
         Current function value: -590.591211
         Iterations: 52
         Function evaluations: 98
Optimization terminated successfully.
         Current function value: -580.985445
         Iterations: 106
         Function evaluations: 193

OPTIMIZED LIGHT CURVE PARAMETERS
--------------------------------
parameter lc1   	lc2
--------------------------------
sigma     +0.00 	+0.06
tau       +0.04 	+0.64
avg_mag   +19.07 	+19.36


Process Started on 2014-04-07 00:16:30.503672
It is now          2014-04-07 00:16:32.418295

time series is 5.01 days long
with  222 data points
The most common sample time distance is 0.01 days within the range of [0.00,0.01] days

1% done
10% done
25% done
50% done
75% done
DONE

Process Started on 2014-04-07 00:16:30.503672
It is now          2014-04-07 00:16:33.498815

BEST DELAY=1.49558e+00

INITIAL PARAMETERS (average of lc1 and lc2)
-------------------------------------------
delay      = 1.50
delta_mag  = 0.29
avg_mag    = 19.07
tau        = 0.34
sigma      = 0.03

Optimization terminated successfully.
         Current function value: -1177.772134
         Iterations: 96
         Function evaluations: 172

INITIAL PARAMETERS (optimization of merged light curve)
-------------------------------------------------------
delay      = 1.50
delta_mag  = 0.29
avg_mag    = 19.07
tau        = 0.63
sigma      = 0.05


-------------
RUNNING EMCEE
-------------

pos
sampler
Process Started on 2014-04-07 00:16:30.503672
It is currently    2014-04-07 00:16:38.159944
burn-in sampler.run_mcmc
	Mean acceptance fraction: 0.596
	Errors based on 16th, 50th, and 84th percentile
	Param     	MC_rec	err_up	err_low
	delay     	1.49e+00	+7.42e-02	-7.80e-02
	delta_mag 	2.94e-01	+8.32e-03	-7.78e-03
	sigma     	5.60e-02	+9.65e-03	-8.82e-03
	tau       	6.47e-01	+1.56e-01	-1.03e-01
	avg_mag   	1.91e+01	+1.33e-02	-1.23e-02
Process Started on 2014-04-07 00:16:30.503672
It is currently    2014-04-07 00:19:07.927775
sampler.run_mcmc
Process Started on 2014-04-07 00:16:30.503672
It is currently    2014-04-07 00:40:08.255787
sampler.chain
90000
Mean acceptance fraction: 0.515
Errors based on 16th, 50th, and 84th percentile
Param     	MC_rec	err_up	err_low
delay     	1.50e+00	+9.11e-02	-9.13e-02
delta_mag 	2.98e-01	+7.69e-03	-7.94e-03
sigma     	4.93e-02	+9.56e-03	-8.74e-03
tau       	1.54e+00	+2.21e+00	-7.77e-01
avg_mag   	1.91e+01	+1.69e-02	-2.27e-02
Process Started on 2014-04-07 00:16:30.503672
It is currently    2014-04-07 00:40:18.970287
