
SIMULATION PARAMETERS
Namespace(avg_mag=19.0, delay=1.5, delta_mag=0.3, numorbits=40, outputtag='hubble_sim_r1009', photometricerror=0.02, redshift=0.658, sigma=0.07, tau=121.0)

Process Started on 2014-04-07 01:16:44.776174
The output_tag for this run is: hubble_sim_r1009_2014_04_07_01:16

CRUDE LIGHT CURVE PARAMETERS
----------------------------
parameter lc1   	lc2
----------------------------
sigma     +0.21 	+0.42
tau       +0.17 	+0.09
avg_mag   +19.41 	+19.76


BEGINNING LIGHT CURVE PARAMETER OPTIMIZATION

Optimization terminated successfully.
         Current function value: -571.194304
         Iterations: 101
         Function evaluations: 185
Optimization terminated successfully.
         Current function value: -564.726275
         Iterations: 123
         Function evaluations: 224

OPTIMIZED LIGHT CURVE PARAMETERS
--------------------------------
parameter lc1   	lc2
--------------------------------
sigma     +0.05 	+0.05
tau       +0.65 	+1.85
avg_mag   +19.41 	+19.77


Process Started on 2014-04-07 01:16:44.776174
It is now          2014-04-07 01:16:46.143293

time series is 2.51 days long
with  108 data points
The most common sample time distance is 0.01 days within the range of [0.02,0.01] days

1% done
10% done
25% done
50% done
75% done
DONE

Process Started on 2014-04-07 01:16:44.776174
It is now          2014-04-07 01:16:46.669923

BEST DELAY=-1.05653e+00

INITIAL PARAMETERS (average of lc1 and lc2)
-------------------------------------------
delay      = -1.06
delta_mag  = 0.35
avg_mag    = 19.41
tau        = 1.25
sigma      = 0.05

Optimization terminated successfully.
         Current function value: -1129.178268
         Iterations: 59
         Function evaluations: 110

INITIAL PARAMETERS (optimization of merged light curve)
-------------------------------------------------------
delay      = -1.06
delta_mag  = 0.35
avg_mag    = 19.40
tau        = 1.32
sigma      = 0.05


-------------
RUNNING EMCEE
-------------

pos
sampler
Process Started on 2014-04-07 01:16:44.776174
It is currently    2014-04-07 01:16:49.124016
burn-in sampler.run_mcmc
	Mean acceptance fraction: 0.570
	Errors based on 16th, 50th, and 84th percentile
	Param     	MC_rec	err_up	err_low
	delay     	-1.10e+00	+2.41e-02	-2.94e-02
	delta_mag 	3.68e-01	+3.97e-03	-3.52e-03
	sigma     	4.80e-02	+5.18e-03	-4.21e-03
	tau       	1.34e+00	+1.04e-01	-9.64e-02
	avg_mag   	1.94e+01	+1.99e-02	-1.85e-02
Process Started on 2014-04-07 01:16:44.776174
It is currently    2014-04-07 01:18:10.397527
sampler.run_mcmc
Process Started on 2014-04-07 01:16:44.776174
It is currently    2014-04-07 01:25:52.503153
sampler.chain
90000
Mean acceptance fraction: 0.512
Errors based on 16th, 50th, and 84th percentile
Param     	MC_rec	err_up	err_low
delay     	-1.12e+00	+2.40e-02	-2.26e-02
delta_mag 	3.70e-01	+3.04e-03	-2.94e-03
sigma     	4.67e-02	+4.49e-03	-4.26e-03
tau       	4.76e+00	+4.95e+00	-2.78e+00
avg_mag   	1.94e+01	+4.06e-02	-4.02e-02
Process Started on 2014-04-07 01:16:44.776174
It is currently    2014-04-07 01:25:58.877642
