
SIMULATION PARAMETERS
Namespace(avg_mag=19.0, delay=1.5, delta_mag=0.3, numorbits=80, outputtag='hubble_sim_r243', photometricerror=0.1, redshift=0.658, sigma=0.07, tau=121.0)

Process Started on 2014-04-07 00:07:27.710501
The output_tag for this run is: hubble_sim_r243_2014_04_07_00:07

CRUDE LIGHT CURVE PARAMETERS
----------------------------
parameter lc1   	lc2
----------------------------
sigma     +0.22 	+0.39
tau       +0.14 	+0.10
avg_mag   +18.98 	+19.29


BEGINNING LIGHT CURVE PARAMETER OPTIMIZATION

Optimization terminated successfully.
         Current function value: -598.333212
         Iterations: 124
         Function evaluations: 216
Optimization terminated successfully.
         Current function value: -584.356789
         Iterations: 135
         Function evaluations: 237

OPTIMIZED LIGHT CURVE PARAMETERS
--------------------------------
parameter lc1   	lc2
--------------------------------
sigma     +0.02 	+0.05
tau       +3.15 	+2.22
avg_mag   +18.98 	+19.32


Process Started on 2014-04-07 00:07:27.710501
It is now          2014-04-07 00:07:30.697949

time series is 5.01 days long
with  222 data points
The most common sample time distance is 0.01 days within the range of [0.01,0.01] days

1% done
10% done
25% done
50% done
75% done
DONE

Process Started on 2014-04-07 00:07:27.710501
It is now          2014-04-07 00:07:31.769688

BEST DELAY=2.49707e+00

INITIAL PARAMETERS (average of lc1 and lc2)
-------------------------------------------
delay      = 2.50
delta_mag  = 0.33
avg_mag    = 18.98
tau        = 2.69
sigma      = 0.03

Optimization terminated successfully.
         Current function value: -1182.318196
         Iterations: 100
         Function evaluations: 182

INITIAL PARAMETERS (optimization of merged light curve)
-------------------------------------------------------
delay      = 2.50
delta_mag  = 0.33
avg_mag    = 19.00
tau        = 2.58
sigma      = 0.04


-------------
RUNNING EMCEE
-------------

pos
sampler
Process Started on 2014-04-07 00:07:27.710501
It is currently    2014-04-07 00:07:36.433340
burn-in sampler.run_mcmc
	Mean acceptance fraction: 0.574
	Errors based on 16th, 50th, and 84th percentile
	Param     	MC_rec	err_up	err_low
	delay     	2.40e+00	+5.09e-01	-7.32e-01
	delta_mag 	3.16e-01	+1.56e-02	-1.47e-02
	sigma     	4.10e-02	+7.87e-03	-7.15e-03
	tau       	2.55e+00	+5.29e-01	-5.28e-01
	avg_mag   	1.90e+01	+2.84e-02	-2.56e-02
Process Started on 2014-04-07 00:07:27.710501
It is currently    2014-04-07 00:10:08.560947
sampler.run_mcmc
Process Started on 2014-04-07 00:07:27.710501
It is currently    2014-04-07 00:28:38.331585
sampler.chain
90000
Mean acceptance fraction: 0.496
Errors based on 16th, 50th, and 84th percentile
Param     	MC_rec	err_up	err_low
delay     	1.69e+00	+6.68e-01	-3.22e-01
delta_mag 	3.06e-01	+1.36e-02	-9.10e-03
sigma     	4.00e-02	+6.85e-03	-6.08e-03
tau       	9.11e+00	+1.00e+01	-5.50e+00
avg_mag   	1.90e+01	+5.93e-02	-4.35e-02
Process Started on 2014-04-07 00:07:27.710501
It is currently    2014-04-07 00:28:48.957764
