
SIMULATION PARAMETERS
Namespace(avg_mag=19.0, delay=1.5, delta_mag=0.3, numorbits=80, outputtag='hubble_sim_r125', photometricerror=0.05, redshift=0.658, sigma=0.07, tau=121.0)

Process Started on 2014-04-06 22:00:46.728544
The output_tag for this run is: hubble_sim_r125_2014_04_06_22:00

CRUDE LIGHT CURVE PARAMETERS
----------------------------
parameter lc1   	lc2
----------------------------
sigma     +0.24 	+1.14
tau       +0.09 	+0.00
avg_mag   +18.85 	+19.14


BEGINNING LIGHT CURVE PARAMETER OPTIMIZATION

Optimization terminated successfully.
         Current function value: -824.872599
         Iterations: 103
         Function evaluations: 190
Optimization terminated successfully.
         Current function value: -724.080585
         Iterations: 62
         Function evaluations: 109

OPTIMIZED LIGHT CURVE PARAMETERS
--------------------------------
parameter lc1   	lc2
--------------------------------
sigma     +0.05 	+0.00
tau       +0.60 	+0.00
avg_mag   +18.85 	+19.14


Process Started on 2014-04-06 22:00:46.728544
It is now          2014-04-06 22:00:48.569234

time series is 5.01 days long
with  212 data points
The most common sample time distance is 0.01 days within the range of [0.01,0.01] days

1% done
10% done
25% done
50% done
75% done
DONE

Process Started on 2014-04-06 22:00:46.728544
It is now          2014-04-06 22:00:49.584498

BEST DELAY=1.49723e+00

INITIAL PARAMETERS (average of lc1 and lc2)
-------------------------------------------
delay      = 1.50
delta_mag  = 0.29
avg_mag    = 18.85
tau        = 0.30
sigma      = 0.02

Optimization terminated successfully.
         Current function value: -1663.967745
         Iterations: 104
         Function evaluations: 193

INITIAL PARAMETERS (optimization of merged light curve)
-------------------------------------------------------
delay      = 1.50
delta_mag  = 0.29
avg_mag    = 18.83
tau        = 1.54
sigma      = 0.05


-------------
RUNNING EMCEE
-------------

pos
sampler
Process Started on 2014-04-06 22:00:46.728544
It is currently    2014-04-06 22:00:53.635258
burn-in sampler.run_mcmc
	Mean acceptance fraction: 0.594
	Errors based on 16th, 50th, and 84th percentile
	Param     	MC_rec	err_up	err_low
	delay     	1.50e+00	+3.35e-02	-3.29e-02
	delta_mag 	2.99e-01	+4.64e-03	-4.50e-03
	sigma     	4.78e-02	+6.16e-03	-4.73e-03
	tau       	1.54e+00	+2.28e-01	-1.58e-01
	avg_mag   	1.88e+01	+1.96e-02	-1.71e-02
Process Started on 2014-04-06 22:00:46.728544
It is currently    2014-04-06 22:03:17.961418
sampler.run_mcmc
Process Started on 2014-04-06 22:00:46.728544
It is currently    2014-04-06 22:23:28.275287
sampler.chain
90000
Mean acceptance fraction: 0.508
Errors based on 16th, 50th, and 84th percentile
Param     	MC_rec	err_up	err_low
delay     	1.50e+00	+3.53e-02	-3.47e-02
delta_mag 	3.00e-01	+3.95e-03	-4.05e-03
sigma     	4.60e-02	+5.28e-03	-4.85e-03
tau       	5.27e+00	+5.99e+00	-3.16e+00
avg_mag   	1.88e+01	+3.44e-02	-5.10e-02
Process Started on 2014-04-06 22:00:46.728544
It is currently    2014-04-06 22:23:38.874190
