
SIMULATION PARAMETERS
Namespace(avg_mag=19.0, delay=1.5, delta_mag=0.3, numorbits=80, outputtag='hubble_sim_r180', photometricerror=0.05, redshift=0.658, sigma=0.07, tau=121.0)

Process Started on 2014-04-06 22:59:06.008278
The output_tag for this run is: hubble_sim_r180_2014_04_06_22:59

CRUDE LIGHT CURVE PARAMETERS
----------------------------
parameter lc1   	lc2
----------------------------
sigma     +0.78 	+0.78
tau       +0.01 	+0.03
avg_mag   +18.70 	+19.07


BEGINNING LIGHT CURVE PARAMETER OPTIMIZATION

Optimization terminated successfully.
         Current function value: -881.082991
         Iterations: 157
         Function evaluations: 282
Optimization terminated successfully.
         Current function value: -870.290749
         Iterations: 144
         Function evaluations: 261

OPTIMIZED LIGHT CURVE PARAMETERS
--------------------------------
parameter lc1   	lc2
--------------------------------
sigma     +0.03 	+0.04
tau       +14.15 	+9.71
avg_mag   +18.71 	+19.08


Process Started on 2014-04-06 22:59:06.008278
It is now          2014-04-06 22:59:09.297115

time series is 5.00 days long
with  224 data points
The most common sample time distance is 0.03 days within the range of [0.02,0.04] days

1% done
10% done
25% done
50% done
75% done
DONE

Process Started on 2014-04-06 22:59:06.008278
It is now          2014-04-06 22:59:10.212561

BEST DELAY=3.99119e-01

INITIAL PARAMETERS (average of lc1 and lc2)
-------------------------------------------
delay      = 0.40
delta_mag  = 0.37
avg_mag    = 18.71
tau        = 11.93
sigma      = 0.04

Optimization terminated successfully.
         Current function value: -1716.247607
         Iterations: 167
         Function evaluations: 292

INITIAL PARAMETERS (optimization of merged light curve)
-------------------------------------------------------
delay      = 0.40
delta_mag  = 0.37
avg_mag    = 18.71
tau        = 17.52
sigma      = 0.03


-------------
RUNNING EMCEE
-------------

pos
sampler
Process Started on 2014-04-06 22:59:06.008278
It is currently    2014-04-06 22:59:14.837373
burn-in sampler.run_mcmc
	Mean acceptance fraction: 0.565
	Errors based on 16th, 50th, and 84th percentile
	Param     	MC_rec	err_up	err_low
	delay     	7.27e-01	+4.82e-01	-2.55e-01
	delta_mag 	3.35e-01	+1.50e-02	-2.44e-02
	sigma     	3.76e-02	+1.11e-02	-7.36e-03
	tau       	1.75e+01	+2.55e-01	-1.76e-01
	avg_mag   	1.88e+01	+1.21e-01	-9.31e-02
Process Started on 2014-04-06 22:59:06.008278
It is currently    2014-04-06 23:01:49.765505
sampler.run_mcmc
Process Started on 2014-04-06 22:59:06.008278
It is currently    2014-04-06 23:20:14.591252
sampler.chain
90000
Mean acceptance fraction: 0.515
Errors based on 16th, 50th, and 84th percentile
Param     	MC_rec	err_up	err_low
delay     	1.50e+00	+5.18e-02	-5.17e-02
delta_mag 	3.02e-01	+4.64e-03	-4.77e-03
sigma     	3.76e-02	+4.42e-03	-3.88e-03
tau       	7.65e+01	+6.47e+01	-4.96e+01
avg_mag   	1.87e+01	+1.53e-01	-1.48e-01
Process Started on 2014-04-06 22:59:06.008278
It is currently    2014-04-06 23:20:25.496143
