
SIMULATION PARAMETERS
Namespace(avg_mag=19.0, delay=1.5, delta_mag=0.3, numorbits=40, outputtag='hubble_sim_r1209', photometricerror=0.1, redshift=0.658, sigma=0.07, tau=121.0)

Process Started on 2014-04-07 04:37:25.731278
The output_tag for this run is: hubble_sim_r1209_2014_04_07_04:37

CRUDE LIGHT CURVE PARAMETERS
----------------------------
parameter lc1   	lc2
----------------------------
sigma     +0.93 	+0.33
tau       +0.02 	+0.04
avg_mag   +17.98 	+18.21


BEGINNING LIGHT CURVE PARAMETER OPTIMIZATION

Optimization terminated successfully.
         Current function value: -281.949375
         Iterations: 119
         Function evaluations: 214
Optimization terminated successfully.
         Current function value: -292.865442
         Iterations: 50
         Function evaluations: 98

OPTIMIZED LIGHT CURVE PARAMETERS
--------------------------------
parameter lc1   	lc2
--------------------------------
sigma     +0.09 	+0.00
tau       +1.37 	+0.05
avg_mag   +17.98 	+18.21


Process Started on 2014-04-07 04:37:25.731278
It is now          2014-04-07 04:37:26.316092

time series is 2.50 days long
with  111 data points
The most common sample time distance is 0.01 days within the range of [0.02,0.01] days

1% done
10% done
25% done
50% done
75% done
DONE

Process Started on 2014-04-07 04:37:25.731278
It is now          2014-04-07 04:37:26.635622

BEST DELAY=1.24931e+00

INITIAL PARAMETERS (average of lc1 and lc2)
-------------------------------------------
delay      = 1.25
delta_mag  = 0.23
avg_mag    = 17.98
tau        = 0.71
sigma      = 0.04

Optimization terminated successfully.
         Current function value: -560.929357
         Iterations: 93
         Function evaluations: 170

INITIAL PARAMETERS (optimization of merged light curve)
-------------------------------------------------------
delay      = 1.25
delta_mag  = 0.23
avg_mag    = 18.00
tau        = 0.83
sigma      = 0.07


-------------
RUNNING EMCEE
-------------

pos
sampler
Process Started on 2014-04-07 04:37:25.731278
It is currently    2014-04-07 04:37:28.368736
burn-in sampler.run_mcmc
	Mean acceptance fraction: 0.580
	Errors based on 16th, 50th, and 84th percentile
	Param     	MC_rec	err_up	err_low
	delay     	1.39e+00	+1.04e-01	-7.69e-02
	delta_mag 	2.80e-01	+1.93e-02	-1.57e-02
	sigma     	9.22e-02	+1.90e-02	-1.64e-02
	tau       	9.67e-01	+3.67e-01	-1.66e-01
	avg_mag   	1.80e+01	+3.03e-02	-3.25e-02
Process Started on 2014-04-07 04:37:25.731278
It is currently    2014-04-07 04:38:14.721904
sampler.run_mcmc
Process Started on 2014-04-07 04:37:25.731278
It is currently    2014-04-07 04:44:23.794915
sampler.chain
90000
Mean acceptance fraction: 0.506
Errors based on 16th, 50th, and 84th percentile
Param     	MC_rec	err_up	err_low
delay     	1.54e+00	+1.12e-01	-8.19e-02
delta_mag 	2.92e-01	+1.58e-02	-1.54e-02
sigma     	7.76e-02	+1.36e-02	-1.16e-02
tau       	3.44e+00	+3.05e+00	-1.90e+00
avg_mag   	1.80e+01	+5.75e-02	-5.39e-02
Process Started on 2014-04-07 04:37:25.731278
It is currently    2014-04-07 04:44:29.940223
