
SIMULATION PARAMETERS
Namespace(avg_mag=19.0, delay=1.5, delta_mag=0.3, numorbits=40, outputtag='hubble_sim_r1111', photometricerror=0.05, redshift=0.658, sigma=0.07, tau=121.0)

Process Started on 2014-04-07 02:59:04.945576
The output_tag for this run is: hubble_sim_r1111_2014_04_07_02:59

CRUDE LIGHT CURVE PARAMETERS
----------------------------
parameter lc1   	lc2
----------------------------
sigma     +0.29 	+0.19
tau       +0.04 	+0.04
avg_mag   +19.30 	+19.60


BEGINNING LIGHT CURVE PARAMETER OPTIMIZATION

Optimization terminated successfully.
         Current function value: -425.650164
         Iterations: 101
         Function evaluations: 188
Optimization terminated successfully.
         Current function value: -437.036607
         Iterations: 52
         Function evaluations: 97

OPTIMIZED LIGHT CURVE PARAMETERS
--------------------------------
parameter lc1   	lc2
--------------------------------
sigma     +0.05 	+0.00
tau       +0.46 	+0.06
avg_mag   +19.30 	+19.60


Process Started on 2014-04-07 02:59:04.945576
It is now          2014-04-07 02:59:05.473017

time series is 2.51 days long
with  110 data points
The most common sample time distance is 0.00 days within the range of [0.02,0.01] days

1% done
10% done
25% done
50% done
75% done
DONE

Process Started on 2014-04-07 02:59:04.945576
It is now          2014-04-07 02:59:05.789133

BEST DELAY=1.24697e+00

INITIAL PARAMETERS (average of lc1 and lc2)
-------------------------------------------
delay      = 1.25
delta_mag  = 0.30
avg_mag    = 19.30
tau        = 0.26
sigma      = 0.02

Optimization terminated successfully.
         Current function value: -862.652645
         Iterations: 95
         Function evaluations: 173

INITIAL PARAMETERS (optimization of merged light curve)
-------------------------------------------------------
delay      = 1.25
delta_mag  = 0.30
avg_mag    = 19.30
tau        = 0.48
sigma      = 0.04


-------------
RUNNING EMCEE
-------------

pos
sampler
Process Started on 2014-04-07 02:59:04.945576
It is currently    2014-04-07 02:59:07.416836
burn-in sampler.run_mcmc
	Mean acceptance fraction: 0.584
	Errors based on 16th, 50th, and 84th percentile
	Param     	MC_rec	err_up	err_low
	delay     	1.36e+00	+1.11e-01	-1.03e-01
	delta_mag 	2.96e-01	+6.91e-03	-7.07e-03
	sigma     	4.43e-02	+1.05e-02	-1.03e-02
	tau       	4.39e-01	+1.34e-01	-1.09e-01
	avg_mag   	1.93e+01	+7.39e-03	-8.23e-03
Process Started on 2014-04-07 02:59:04.945576
It is currently    2014-04-07 02:59:53.068753
sampler.run_mcmc
Process Started on 2014-04-07 02:59:04.945576
It is currently    2014-04-07 03:05:52.773308
sampler.chain
90000
Mean acceptance fraction: 0.489
Errors based on 16th, 50th, and 84th percentile
Param     	MC_rec	err_up	err_low
delay     	1.50e+00	+9.65e-02	-8.49e-02
delta_mag 	2.98e-01	+7.07e-03	-7.16e-03
sigma     	3.76e-02	+8.45e-03	-7.12e-03
tau       	1.40e+00	+1.73e+00	-7.93e-01
avg_mag   	1.93e+01	+1.33e-02	-1.72e-02
Process Started on 2014-04-07 02:59:04.945576
It is currently    2014-04-07 03:05:58.893089
