
SIMULATION PARAMETERS
Namespace(avg_mag=19.0, delay=1.5, delta_mag=0.3, numorbits=80, outputtag='hubble_sim_r169', photometricerror=0.05, redshift=0.658, sigma=0.07, tau=121.0)

Process Started on 2014-04-06 22:47:02.083428
The output_tag for this run is: hubble_sim_r169_2014_04_06_22:47

CRUDE LIGHT CURVE PARAMETERS
----------------------------
parameter lc1   	lc2
----------------------------
sigma     +0.36 	+0.48
tau       +0.06 	+0.03
avg_mag   +18.88 	+19.18


BEGINNING LIGHT CURVE PARAMETER OPTIMIZATION

Optimization terminated successfully.
         Current function value: -871.512826
         Iterations: 116
         Function evaluations: 209
Optimization terminated successfully.
         Current function value: -865.360168
         Iterations: 148
         Function evaluations: 267

OPTIMIZED LIGHT CURVE PARAMETERS
--------------------------------
parameter lc1   	lc2
--------------------------------
sigma     +0.04 	+0.05
tau       +1.82 	+1.63
avg_mag   +18.88 	+19.17


Process Started on 2014-04-06 22:47:02.083428
It is now          2014-04-06 22:47:05.198509

time series is 5.01 days long
with  224 data points
The most common sample time distance is 0.01 days within the range of [0.01,0.02] days

1% done
10% done
25% done
50% done
75% done
DONE

Process Started on 2014-04-06 22:47:02.083428
It is now          2014-04-06 22:47:06.297697

BEST DELAY=1.49355e+00

INITIAL PARAMETERS (average of lc1 and lc2)
-------------------------------------------
delay      = 1.49
delta_mag  = 0.29
avg_mag    = 18.88
tau        = 1.72
sigma      = 0.05

Optimization terminated successfully.
         Current function value: -1756.456649
         Iterations: 109
         Function evaluations: 194

INITIAL PARAMETERS (optimization of merged light curve)
-------------------------------------------------------
delay      = 1.49
delta_mag  = 0.29
avg_mag    = 18.87
tau        = 1.66
sigma      = 0.05


-------------
RUNNING EMCEE
-------------

pos
sampler
Process Started on 2014-04-06 22:47:02.083428
It is currently    2014-04-06 22:47:10.582643
burn-in sampler.run_mcmc
	Mean acceptance fraction: 0.586
	Errors based on 16th, 50th, and 84th percentile
	Param     	MC_rec	err_up	err_low
	delay     	1.50e+00	+3.48e-02	-3.56e-02
	delta_mag 	3.00e-01	+4.57e-03	-4.84e-03
	sigma     	4.88e-02	+5.07e-03	-4.77e-03
	tau       	1.68e+00	+3.18e-01	-2.45e-01
	avg_mag   	1.89e+01	+1.78e-02	-2.14e-02
Process Started on 2014-04-06 22:47:02.083428
It is currently    2014-04-06 22:49:45.712537
sampler.run_mcmc
Process Started on 2014-04-06 22:47:02.083428
It is currently    2014-04-06 23:10:51.358918
sampler.chain
90000
Mean acceptance fraction: 0.511
Errors based on 16th, 50th, and 84th percentile
Param     	MC_rec	err_up	err_low
delay     	1.50e+00	+3.21e-02	-3.20e-02
delta_mag 	3.00e-01	+3.97e-03	-3.94e-03
sigma     	4.75e-02	+4.99e-03	-4.58e-03
tau       	4.77e+00	+6.37e+00	-2.75e+00
avg_mag   	1.89e+01	+3.50e-02	-4.67e-02
Process Started on 2014-04-06 22:47:02.083428
It is currently    2014-04-06 23:11:02.007680
