
SIMULATION PARAMETERS
Namespace(avg_mag=19.0, delay=1.5, delta_mag=0.3, numorbits=80, outputtag='hubble_sim_r179', photometricerror=0.05, redshift=0.658, sigma=0.07, tau=121.0)

Process Started on 2014-04-06 22:58:05.590395
The output_tag for this run is: hubble_sim_r179_2014_04_06_22:58

CRUDE LIGHT CURVE PARAMETERS
----------------------------
parameter lc1   	lc2
----------------------------
sigma     +1.54 	+0.52
tau       +0.01 	+0.04
avg_mag   +18.98 	+19.25


BEGINNING LIGHT CURVE PARAMETER OPTIMIZATION

Optimization terminated successfully.
         Current function value: -848.570500
         Iterations: 161
         Function evaluations: 284
Optimization terminated successfully.
         Current function value: -851.820443
         Iterations: 126
         Function evaluations: 225

OPTIMIZED LIGHT CURVE PARAMETERS
--------------------------------
parameter lc1   	lc2
--------------------------------
sigma     +0.06 	+0.06
tau       +2.72 	+1.84
avg_mag   +19.01 	+19.28


Process Started on 2014-04-06 22:58:05.590395
It is now          2014-04-06 22:58:08.152759

time series is 5.01 days long
with  223 data points
The most common sample time distance is 0.01 days within the range of [0.01,0.01] days

1% done
10% done
25% done
50% done
75% done
DONE

Process Started on 2014-04-06 22:58:05.590395
It is now          2014-04-06 22:58:09.210676

BEST DELAY=1.49607e+00

INITIAL PARAMETERS (average of lc1 and lc2)
-------------------------------------------
delay      = 1.50
delta_mag  = 0.27
avg_mag    = 19.01
tau        = 2.28
sigma      = 0.06

Optimization terminated successfully.
         Current function value: -1707.937854
         Iterations: 136
         Function evaluations: 239

INITIAL PARAMETERS (optimization of merged light curve)
-------------------------------------------------------
delay      = 1.50
delta_mag  = 0.27
avg_mag    = 19.02
tau        = 2.36
sigma      = 0.06


-------------
RUNNING EMCEE
-------------

pos
sampler
Process Started on 2014-04-06 22:58:05.590395
It is currently    2014-04-06 22:58:14.705519
burn-in sampler.run_mcmc
	Mean acceptance fraction: 0.561
	Errors based on 16th, 50th, and 84th percentile
	Param     	MC_rec	err_up	err_low
	delay     	1.50e+00	+2.21e-02	-2.33e-02
	delta_mag 	2.97e-01	+4.96e-03	-4.60e-03
	sigma     	5.79e-02	+5.68e-03	-5.54e-03
	tau       	2.35e+00	+2.53e-01	-2.01e-01
	avg_mag   	1.90e+01	+3.36e-02	-3.54e-02
Process Started on 2014-04-06 22:58:05.590395
It is currently    2014-04-06 23:00:52.077310
sampler.run_mcmc
Process Started on 2014-04-06 22:58:05.590395
It is currently    2014-04-06 23:19:29.029695
sampler.chain
90000
Mean acceptance fraction: 0.512
Errors based on 16th, 50th, and 84th percentile
Param     	MC_rec	err_up	err_low
delay     	1.49e+00	+2.09e-02	-2.24e-02
delta_mag 	2.99e-01	+4.03e-03	-4.06e-03
sigma     	5.75e-02	+5.54e-03	-5.03e-03
tau       	8.65e+00	+9.05e+00	-5.19e+00
avg_mag   	1.90e+01	+7.82e-02	-6.08e-02
Process Started on 2014-04-06 22:58:05.590395
It is currently    2014-04-06 23:19:36.967950
