
SIMULATION PARAMETERS
Namespace(avg_mag=19.0, delay=1.5, delta_mag=0.3, numorbits=40, outputtag='hubble_sim_r1169', photometricerror=0.05, redshift=0.658, sigma=0.07, tau=121.0)

Process Started on 2014-04-07 03:57:17.271751
The output_tag for this run is: hubble_sim_r1169_2014_04_07_03:57

CRUDE LIGHT CURVE PARAMETERS
----------------------------
parameter lc1   	lc2
----------------------------
sigma     +0.63 	+0.31
tau       +0.01 	+0.04
avg_mag   +19.15 	+19.38


BEGINNING LIGHT CURVE PARAMETER OPTIMIZATION

Optimization terminated successfully.
         Current function value: -431.325879
         Iterations: 161
         Function evaluations: 290
Optimization terminated successfully.
         Current function value: -430.925119
         Iterations: 110
         Function evaluations: 200

OPTIMIZED LIGHT CURVE PARAMETERS
--------------------------------
parameter lc1   	lc2
--------------------------------
sigma     +0.05 	+0.05
tau       +3.66 	+0.62
avg_mag   +19.13 	+19.39


Process Started on 2014-04-07 03:57:17.271751
It is now          2014-04-07 03:57:18.198492

time series is 2.51 days long
with  112 data points
The most common sample time distance is 0.01 days within the range of [0.02,0.01] days

1% done
10% done
25% done
50% done
75% done
DONE

Process Started on 2014-04-07 03:57:17.271751
It is now          2014-04-07 03:57:18.514105

BEST DELAY=1.24647e+00

INITIAL PARAMETERS (average of lc1 and lc2)
-------------------------------------------
delay      = 1.25
delta_mag  = 0.26
avg_mag    = 19.13
tau        = 2.14
sigma      = 0.05

Optimization terminated successfully.
         Current function value: -858.422556
         Iterations: 117
         Function evaluations: 208

INITIAL PARAMETERS (optimization of merged light curve)
-------------------------------------------------------
delay      = 1.25
delta_mag  = 0.26
avg_mag    = 19.15
tau        = 2.03
sigma      = 0.04


-------------
RUNNING EMCEE
-------------

pos
sampler
Process Started on 2014-04-07 03:57:17.271751
It is currently    2014-04-07 03:57:20.258765
burn-in sampler.run_mcmc
	Mean acceptance fraction: 0.574
	Errors based on 16th, 50th, and 84th percentile
	Param     	MC_rec	err_up	err_low
	delay     	1.45e+00	+8.74e-02	-1.09e-01
	delta_mag 	2.94e-01	+1.17e-02	-1.13e-02
	sigma     	5.01e-02	+8.75e-03	-7.05e-03
	tau       	2.35e+00	+6.84e-01	-3.26e-01
	avg_mag   	1.91e+01	+3.46e-02	-4.07e-02
Process Started on 2014-04-07 03:57:17.271751
It is currently    2014-04-07 03:58:06.842671
sampler.run_mcmc
Process Started on 2014-04-07 03:57:17.271751
It is currently    2014-04-07 04:04:20.600189
sampler.chain
90000
Mean acceptance fraction: 0.514
Errors based on 16th, 50th, and 84th percentile
Param     	MC_rec	err_up	err_low
delay     	1.52e+00	+6.43e-02	-5.87e-02
delta_mag 	3.02e-01	+9.32e-03	-8.53e-03
sigma     	4.68e-02	+7.16e-03	-6.35e-03
tau       	8.48e+00	+7.46e+00	-4.95e+00
avg_mag   	1.91e+01	+5.96e-02	-5.46e-02
Process Started on 2014-04-07 03:57:17.271751
It is currently    2014-04-07 04:04:26.996983
