
SIMULATION PARAMETERS
Namespace(avg_mag=19.0, delay=1.5, delta_mag=0.3, numorbits=80, outputtag='hubble_sim_r245', photometricerror=0.1, redshift=0.658, sigma=0.07, tau=121.0)

Process Started on 2014-04-07 00:09:28.057924
The output_tag for this run is: hubble_sim_r245_2014_04_07_00:09

CRUDE LIGHT CURVE PARAMETERS
----------------------------
parameter lc1   	lc2
----------------------------
sigma     +0.17 	+0.31
tau       +0.30 	+0.03
avg_mag   +19.32 	+19.61


BEGINNING LIGHT CURVE PARAMETER OPTIMIZATION

Optimization terminated successfully.
         Current function value: -579.178066
         Iterations: 57
         Function evaluations: 109
Optimization terminated successfully.
         Current function value: -568.107419
         Iterations: 51
         Function evaluations: 97

OPTIMIZED LIGHT CURVE PARAMETERS
--------------------------------
parameter lc1   	lc2
--------------------------------
sigma     +0.00 	+0.00
tau       +0.40 	+0.04
avg_mag   +19.32 	+19.61


Process Started on 2014-04-07 00:09:28.057924
It is now          2014-04-07 00:09:29.347348

time series is 5.00 days long
with  214 data points
The most common sample time distance is 0.03 days within the range of [0.02,0.04] days

1% done
10% done
25% done
50% done
75% done
DONE

Process Started on 2014-04-07 00:09:28.057924
It is now          2014-04-07 00:09:30.405742

BEST DELAY=1.49817e+00

INITIAL PARAMETERS (average of lc1 and lc2)
-------------------------------------------
delay      = 1.50
delta_mag  = 0.30
avg_mag    = 19.32
tau        = 0.22
sigma      = 0.00

Optimization terminated successfully.
         Current function value: -1150.426162
         Iterations: 99
         Function evaluations: 177

INITIAL PARAMETERS (optimization of merged light curve)
-------------------------------------------------------
delay      = 1.50
delta_mag  = 0.30
avg_mag    = 19.31
tau        = 0.81
sigma      = 0.03


-------------
RUNNING EMCEE
-------------

pos
sampler
Process Started on 2014-04-07 00:09:28.057924
It is currently    2014-04-07 00:09:34.416119
burn-in sampler.run_mcmc
	Mean acceptance fraction: 0.584
	Errors based on 16th, 50th, and 84th percentile
	Param     	MC_rec	err_up	err_low
	delay     	1.50e+00	+1.53e-01	-1.57e-01
	delta_mag 	2.97e-01	+8.40e-03	-8.65e-03
	sigma     	3.13e-02	+9.98e-03	-9.62e-03
	tau       	8.25e-01	+1.31e-01	-1.27e-01
	avg_mag   	1.93e+01	+9.33e-03	-1.09e-02
Process Started on 2014-04-07 00:09:28.057924
It is currently    2014-04-07 00:11:57.046047
sampler.run_mcmc
Process Started on 2014-04-07 00:09:28.057924
It is currently    2014-04-07 00:30:42.508420
sampler.chain
90000
Mean acceptance fraction: 0.474
Errors based on 16th, 50th, and 84th percentile
Param     	MC_rec	err_up	err_low
delay     	1.67e+00	+9.93e-01	-3.28e-01
delta_mag 	2.96e-01	+7.97e-03	-8.50e-03
sigma     	2.37e-02	+9.07e-03	-9.15e-03
tau       	2.67e+00	+3.12e+00	-1.64e+00
avg_mag   	1.93e+01	+1.17e-02	-1.80e-02
Process Started on 2014-04-07 00:09:28.057924
It is currently    2014-04-07 00:30:53.086234
