
SIMULATION PARAMETERS
Namespace(avg_mag=19.0, delay=1.5, delta_mag=0.3, numorbits=40, outputtag='hubble_sim_r1233', photometricerror=0.1, redshift=0.658, sigma=0.07, tau=121.0)

Process Started on 2014-04-07 05:01:30.667235
The output_tag for this run is: hubble_sim_r1233_2014_04_07_05:01

CRUDE LIGHT CURVE PARAMETERS
----------------------------
parameter lc1   	lc2
----------------------------
sigma     +0.18 	+0.68
tau       +0.02 	+0.01
avg_mag   +18.89 	+19.23


BEGINNING LIGHT CURVE PARAMETER OPTIMIZATION

Optimization terminated successfully.
         Current function value: -301.812390
         Iterations: 52
         Function evaluations: 96
Optimization terminated successfully.
         Current function value: -289.505359
         Iterations: 53
         Function evaluations: 103

OPTIMIZED LIGHT CURVE PARAMETERS
--------------------------------
parameter lc1   	lc2
--------------------------------
sigma     +0.00 	+0.00
tau       +0.02 	+0.01
avg_mag   +18.89 	+19.23


Process Started on 2014-04-07 05:01:30.667235
It is now          2014-04-07 05:01:31.049568

time series is 2.51 days long
with  110 data points
The most common sample time distance is 0.01 days within the range of [0.02,0.01] days

1% done
10% done
25% done
50% done
75% done
DONE

Process Started on 2014-04-07 05:01:30.667235
It is now          2014-04-07 05:01:31.367125

BEST DELAY=-2.56373e-01

INITIAL PARAMETERS (average of lc1 and lc2)
-------------------------------------------
delay      = -0.26
delta_mag  = 0.33
avg_mag    = 18.89
tau        = 0.02
sigma      = 0.00

Optimization terminated successfully.
         Current function value: -591.317749
         Iterations: 59
         Function evaluations: 106

INITIAL PARAMETERS (optimization of merged light curve)
-------------------------------------------------------
delay      = -0.26
delta_mag  = 0.33
avg_mag    = 18.89
tau        = 0.17
sigma      = 0.00


-------------
RUNNING EMCEE
-------------

pos
sampler
Process Started on 2014-04-07 05:01:30.667235
It is currently    2014-04-07 05:01:32.778969
burn-in sampler.run_mcmc
	Mean acceptance fraction: 0.320
	Errors based on 16th, 50th, and 84th percentile
	Param     	MC_rec	err_up	err_low
	delay     	-2.56e-01	+5.92e-03	-1.06e-02
	delta_mag 	3.34e-01	+5.71e-03	-6.28e-03
	sigma     	2.17e-05	+2.48e-05	-1.90e-05
	tau       	1.71e-01	+1.30e-02	-1.77e-02
	avg_mag   	1.89e+01	+6.89e-03	-6.04e-03
Process Started on 2014-04-07 05:01:30.667235
It is currently    2014-04-07 05:01:58.099375
sampler.run_mcmc
Process Started on 2014-04-07 05:01:30.667235
It is currently    2014-04-07 05:05:56.907570
sampler.chain
90000
Mean acceptance fraction: 0.357
Errors based on 16th, 50th, and 84th percentile
Param     	MC_rec	err_up	err_low
delay     	-2.56e-01	+7.77e-01	-7.85e-01
delta_mag 	3.34e-01	+9.00e-03	-9.54e-03
sigma     	2.62e-05	+1.74e-05	-1.84e-05
tau       	6.41e-01	+7.01e-01	-4.70e-01
avg_mag   	1.89e+01	+6.41e-03	-6.68e-03
Process Started on 2014-04-07 05:01:30.667235
It is currently    2014-04-07 05:06:03.214998
