
SIMULATION PARAMETERS
Namespace(avg_mag=19.0, delay=1.5, delta_mag=0.3, numorbits=80, outputtag='hubble_sim_r287', photometricerror=0.1, redshift=0.658, sigma=0.07, tau=121.0)

Process Started on 2014-04-07 00:53:40.561081
The output_tag for this run is: hubble_sim_r287_2014_04_07_00:53

CRUDE LIGHT CURVE PARAMETERS
----------------------------
parameter lc1   	lc2
----------------------------
sigma     +6.12 	+1.39
tau       +0.00 	+0.01
avg_mag   +18.65 	+19.05


BEGINNING LIGHT CURVE PARAMETER OPTIMIZATION

Optimization terminated successfully.
         Current function value: -556.733697
         Iterations: 232
         Function evaluations: 414
Optimization terminated successfully.
         Current function value: -478.254814
         Iterations: 66
         Function evaluations: 122

OPTIMIZED LIGHT CURVE PARAMETERS
--------------------------------
parameter lc1   	lc2
--------------------------------
sigma     +0.07 	+0.00
tau       +8.02 	+0.01
avg_mag   +18.64 	+19.05


Process Started on 2014-04-07 00:53:40.561081
It is now          2014-04-07 00:53:43.864318

time series is 5.00 days long
with  216 data points
The most common sample time distance is 0.03 days within the range of [0.02,0.04] days

1% done
10% done
25% done
50% done
75% done
DONE

Process Started on 2014-04-07 00:53:40.561081
It is now          2014-04-07 00:53:44.910987

BEST DELAY=-6.01603e-01

INITIAL PARAMETERS (average of lc1 and lc2)
-------------------------------------------
delay      = -0.60
delta_mag  = 0.40
avg_mag    = 18.64
tau        = 4.02
sigma      = 0.03

Optimization terminated successfully.
         Current function value: -1099.393407
         Iterations: 166
         Function evaluations: 299

INITIAL PARAMETERS (optimization of merged light curve)
-------------------------------------------------------
delay      = -0.60
delta_mag  = 0.40
avg_mag    = 18.65
tau        = 8.16
sigma      = 0.06


-------------
RUNNING EMCEE
-------------

pos
sampler
Process Started on 2014-04-07 00:53:40.561081
It is currently    2014-04-07 00:53:50.014758
burn-in sampler.run_mcmc
	Mean acceptance fraction: 0.588
	Errors based on 16th, 50th, and 84th percentile
	Param     	MC_rec	err_up	err_low
	delay     	-7.17e-01	+9.20e-02	-1.13e-01
	delta_mag 	4.30e-01	+1.05e-02	-9.58e-03
	sigma     	6.50e-02	+9.51e-03	-8.49e-03
	tau       	8.20e+00	+4.23e-01	-3.71e-01
	avg_mag   	1.87e+01	+9.03e-02	-9.07e-02
Process Started on 2014-04-07 00:53:40.561081
It is currently    2014-04-07 00:56:12.657111
sampler.run_mcmc
Process Started on 2014-04-07 00:53:40.561081
It is currently    2014-04-07 01:10:12.274605
sampler.chain
90000
Mean acceptance fraction: 0.515
Errors based on 16th, 50th, and 84th percentile
Param     	MC_rec	err_up	err_low
delay     	-8.09e-01	+9.53e-02	-8.58e-02
delta_mag 	4.38e-01	+8.76e-03	-8.74e-03
sigma     	6.30e-02	+8.13e-03	-7.33e-03
tau       	3.43e+01	+3.07e+01	-2.20e+01
avg_mag   	1.86e+01	+1.60e-01	-1.66e-01
Process Started on 2014-04-07 00:53:40.561081
It is currently    2014-04-07 01:10:18.888145
