
SIMULATION PARAMETERS
Namespace(avg_mag=19.0, delay=1.5, delta_mag=0.3, numorbits=40, outputtag='hubble_sim_r1231', photometricerror=0.1, redshift=0.658, sigma=0.07, tau=121.0)

Process Started on 2014-04-07 04:59:30.269133
The output_tag for this run is: hubble_sim_r1231_2014_04_07_04:59

CRUDE LIGHT CURVE PARAMETERS
----------------------------
parameter lc1   	lc2
----------------------------
sigma     +0.62 	+0.25
tau       +0.02 	+0.03
avg_mag   +19.28 	+19.53


BEGINNING LIGHT CURVE PARAMETER OPTIMIZATION

Optimization terminated successfully.
         Current function value: -293.874364
         Iterations: 58
         Function evaluations: 107
Optimization terminated successfully.
         Current function value: -315.636884
         Iterations: 53
         Function evaluations: 100

OPTIMIZED LIGHT CURVE PARAMETERS
--------------------------------
parameter lc1   	lc2
--------------------------------
sigma     +0.00 	+0.00
tau       +0.02 	+0.05
avg_mag   +19.28 	+19.53


Process Started on 2014-04-07 04:59:30.269133
It is now          2014-04-07 04:59:30.677010

time series is 2.50 days long
with  117 data points
The most common sample time distance is 0.01 days within the range of [0.01,0.03] days

1% done
10% done
25% done
50% done
75% done
DONE

Process Started on 2014-04-07 04:59:30.269133
It is now          2014-04-07 04:59:31.008730

BEST DELAY=-2.51235e-01

INITIAL PARAMETERS (average of lc1 and lc2)
-------------------------------------------
delay      = -0.25
delta_mag  = 0.25
avg_mag    = 19.28
tau        = 0.03
sigma      = 0.00

Optimization terminated successfully.
         Current function value: -620.128312
         Iterations: 109
         Function evaluations: 196

INITIAL PARAMETERS (optimization of merged light curve)
-------------------------------------------------------
delay      = -0.25
delta_mag  = 0.25
avg_mag    = 19.28
tau        = 0.64
sigma      = 0.05


-------------
RUNNING EMCEE
-------------

pos
sampler
Process Started on 2014-04-07 04:59:30.269133
It is currently    2014-04-07 04:59:32.765240
burn-in sampler.run_mcmc
	Mean acceptance fraction: 0.584
	Errors based on 16th, 50th, and 84th percentile
	Param     	MC_rec	err_up	err_low
	delay     	-2.21e-01	+1.33e-01	-1.17e-01
	delta_mag 	2.52e-01	+1.09e-02	-9.86e-03
	sigma     	5.09e-02	+1.19e-02	-1.19e-02
	tau       	6.64e-01	+1.67e-01	-1.29e-01
	avg_mag   	1.93e+01	+1.52e-02	-1.82e-02
Process Started on 2014-04-07 04:59:30.269133
It is currently    2014-04-07 05:00:21.290715
sampler.run_mcmc
Process Started on 2014-04-07 04:59:30.269133
It is currently    2014-04-07 05:06:28.008146
sampler.chain
90000
Mean acceptance fraction: 0.462
Errors based on 16th, 50th, and 84th percentile
Param     	MC_rec	err_up	err_low
delay     	-1.97e-01	+1.96e-01	-1.67e-01
delta_mag 	2.51e-01	+1.07e-02	-1.18e-02
sigma     	4.32e-02	+1.31e-02	-1.14e-02
tau       	2.34e+00	+2.44e+00	-1.40e+00
avg_mag   	1.93e+01	+2.70e-02	-2.51e-02
Process Started on 2014-04-07 04:59:30.269133
It is currently    2014-04-07 05:06:34.216238
