
SIMULATION PARAMETERS
Namespace(avg_mag=19.0, delay=1.5, delta_mag=0.3, numorbits=80, outputtag='hubble_sim_r22', photometricerror=0.02, redshift=0.658, sigma=0.07, tau=121.0)

Process Started on 2014-04-06 20:12:53.956910
The output_tag for this run is: hubble_sim_r22_2014_04_06_20:12

CRUDE LIGHT CURVE PARAMETERS
----------------------------
parameter lc1   	lc2
----------------------------
sigma     +1.16 	+3.74
tau       +0.02 	+0.00
avg_mag   +18.69 	+19.06


BEGINNING LIGHT CURVE PARAMETER OPTIMIZATION

Optimization terminated successfully.
         Current function value: -1101.572849
         Iterations: 149
         Function evaluations: 270
Optimization terminated successfully.
         Current function value: -1114.965672
         Iterations: 209
         Function evaluations: 368

OPTIMIZED LIGHT CURVE PARAMETERS
--------------------------------
parameter lc1   	lc2
--------------------------------
sigma     +0.06 	+0.06
tau       +6.83 	+5.59
avg_mag   +18.67 	+19.01


Process Started on 2014-04-06 20:12:53.956910
It is now          2014-04-06 20:12:58.080523

time series is 5.01 days long
with  214 data points
The most common sample time distance is 0.03 days within the range of [0.02,0.04] days

1% done
10% done
25% done
50% done
75% done
DONE

Process Started on 2014-04-06 20:12:53.956910
It is now          2014-04-06 20:12:59.162042

BEST DELAY=1.49309e+00

INITIAL PARAMETERS (average of lc1 and lc2)
-------------------------------------------
delay      = 1.49
delta_mag  = 0.34
avg_mag    = 18.67
tau        = 6.21
sigma      = 0.06

Optimization terminated successfully.
         Current function value: -1971.790836
         Iterations: 135
         Function evaluations: 240

INITIAL PARAMETERS (optimization of merged light curve)
-------------------------------------------------------
delay      = 1.49
delta_mag  = 0.34
avg_mag    = 18.66
tau        = 5.03
sigma      = 0.07


-------------
RUNNING EMCEE
-------------

pos
sampler
Process Started on 2014-04-06 20:12:53.956910
It is currently    2014-04-06 20:13:03.978741
burn-in sampler.run_mcmc
	Mean acceptance fraction: 0.528
	Errors based on 16th, 50th, and 84th percentile
	Param     	MC_rec	err_up	err_low
	delay     	1.50e+00	+6.49e-03	-6.58e-03
	delta_mag 	3.01e-01	+2.57e-03	-2.21e-03
	sigma     	6.05e-02	+4.71e-03	-4.58e-03
	tau       	4.99e+00	+1.63e-01	-1.37e-01
	avg_mag   	1.87e+01	+4.71e-02	-3.73e-02
Process Started on 2014-04-06 20:12:53.956910
It is currently    2014-04-06 20:15:31.226124
sampler.run_mcmc
Process Started on 2014-04-06 20:12:53.956910
It is currently    2014-04-06 20:35:24.730066
sampler.chain
90000
Mean acceptance fraction: 0.519
Errors based on 16th, 50th, and 84th percentile
Param     	MC_rec	err_up	err_low
delay     	1.50e+00	+5.57e-03	-5.47e-03
delta_mag 	2.99e-01	+1.68e-03	-1.69e-03
sigma     	5.82e-02	+3.42e-03	-3.15e-03
tau       	2.23e+01	+1.84e+01	-1.34e+01
avg_mag   	1.87e+01	+1.16e-01	-1.23e-01
Process Started on 2014-04-06 20:12:53.956910
It is currently    2014-04-06 20:35:35.349655
