
SIMULATION PARAMETERS
Namespace(avg_mag=19.0, delay=1.5, delta_mag=0.3, numorbits=40, outputtag='hubble_sim_r1123', photometricerror=0.05, redshift=0.658, sigma=0.07, tau=121.0)

Process Started on 2014-04-07 03:11:07.548397
The output_tag for this run is: hubble_sim_r1123_2014_04_07_03:11

CRUDE LIGHT CURVE PARAMETERS
----------------------------
parameter lc1   	lc2
----------------------------
sigma     +0.65 	+0.17
tau       +0.00 	+0.04
avg_mag   +18.83 	+19.16


BEGINNING LIGHT CURVE PARAMETER OPTIMIZATION

Optimization terminated successfully.
         Current function value: -396.660206
         Iterations: 58
         Function evaluations: 108
Optimization terminated successfully.
         Current function value: -424.501469
         Iterations: 53
         Function evaluations: 96

OPTIMIZED LIGHT CURVE PARAMETERS
--------------------------------
parameter lc1   	lc2
--------------------------------
sigma     +0.00 	+0.00
tau       +0.01 	+0.05
avg_mag   +18.83 	+19.16


Process Started on 2014-04-07 03:11:07.548397
It is now          2014-04-07 03:11:07.936804

time series is 2.51 days long
with  106 data points
The most common sample time distance is 0.01 days within the range of [0.02,0.01] days

1% done
10% done
25% done
50% done
75% done
DONE

Process Started on 2014-04-07 03:11:07.548397
It is now          2014-04-07 03:11:08.262572

BEST DELAY=1.24643e+00

INITIAL PARAMETERS (average of lc1 and lc2)
-------------------------------------------
delay      = 1.25
delta_mag  = 0.32
avg_mag    = 18.83
tau        = 0.03
sigma      = 0.00

Optimization terminated successfully.
         Current function value: -838.204428
         Iterations: 97
         Function evaluations: 174

INITIAL PARAMETERS (optimization of merged light curve)
-------------------------------------------------------
delay      = 1.25
delta_mag  = 0.32
avg_mag    = 18.83
tau        = 0.88
sigma      = 0.03


-------------
RUNNING EMCEE
-------------

pos
sampler
Process Started on 2014-04-07 03:11:07.548397
It is currently    2014-04-07 03:11:09.949257
burn-in sampler.run_mcmc
	Mean acceptance fraction: 0.587
	Errors based on 16th, 50th, and 84th percentile
	Param     	MC_rec	err_up	err_low
	delay     	1.45e+00	+1.61e-01	-1.32e-01
	delta_mag 	3.08e-01	+7.75e-03	-1.03e-02
	sigma     	3.04e-02	+7.25e-03	-5.48e-03
	tau       	9.19e-01	+2.82e-01	-1.30e-01
	avg_mag   	1.88e+01	+1.14e-02	-1.12e-02
Process Started on 2014-04-07 03:11:07.548397
It is currently    2014-04-07 03:11:55.650336
sampler.run_mcmc
Process Started on 2014-04-07 03:11:07.548397
It is currently    2014-04-07 03:17:52.909567
sampler.chain
90000
Mean acceptance fraction: 0.498
Errors based on 16th, 50th, and 84th percentile
Param     	MC_rec	err_up	err_low
delay     	1.63e+00	+3.50e-01	-1.70e-01
delta_mag 	3.00e-01	+8.92e-03	-1.11e-02
sigma     	2.67e-02	+6.20e-03	-5.18e-03
tau       	3.86e+00	+3.15e+00	-2.25e+00
avg_mag   	1.88e+01	+1.93e-02	-2.10e-02
Process Started on 2014-04-07 03:11:07.548397
It is currently    2014-04-07 03:17:59.194715
