
SIMULATION PARAMETERS
Namespace(avg_mag=19.0, delay=1.5, delta_mag=0.3, numorbits=80, outputtag='hubble_sim_r204', photometricerror=0.1, redshift=0.658, sigma=0.07, tau=121.0)

Process Started on 2014-04-06 23:25:14.110080
The output_tag for this run is: hubble_sim_r204_2014_04_06_23:25

CRUDE LIGHT CURVE PARAMETERS
----------------------------
parameter lc1   	lc2
----------------------------
sigma     +1.27 	+0.66
tau       +0.03 	+0.03
avg_mag   +20.36 	+20.74


BEGINNING LIGHT CURVE PARAMETER OPTIMIZATION

Optimization terminated successfully.
         Current function value: -544.631435
         Iterations: 150
         Function evaluations: 268
Optimization terminated successfully.
         Current function value: -547.528041
         Iterations: 155
         Function evaluations: 283

OPTIMIZED LIGHT CURVE PARAMETERS
--------------------------------
parameter lc1   	lc2
--------------------------------
sigma     +0.07 	+0.06
tau       +5.80 	+3.16
avg_mag   +20.34 	+20.71


Process Started on 2014-04-06 23:25:14.110080
It is now          2014-04-06 23:25:17.506357

time series is 5.01 days long
with  212 data points
The most common sample time distance is 0.01 days within the range of [0.01,0.01] days

1% done
10% done
25% done
50% done
75% done
DONE

Process Started on 2014-04-06 23:25:14.110080
It is now          2014-04-06 23:25:18.574677

BEST DELAY=1.09582e+00

INITIAL PARAMETERS (average of lc1 and lc2)
-------------------------------------------
delay      = 1.10
delta_mag  = 0.37
avg_mag    = 20.34
tau        = 4.48
sigma      = 0.07

Optimization terminated successfully.
         Current function value: -1085.644287
         Iterations: 124
         Function evaluations: 221

INITIAL PARAMETERS (optimization of merged light curve)
-------------------------------------------------------
delay      = 1.10
delta_mag  = 0.37
avg_mag    = 20.33
tau        = 6.00
sigma      = 0.06


-------------
RUNNING EMCEE
-------------

pos
sampler
Process Started on 2014-04-06 23:25:14.110080
It is currently    2014-04-06 23:25:22.619952
burn-in sampler.run_mcmc
	Mean acceptance fraction: 0.579
	Errors based on 16th, 50th, and 84th percentile
	Param     	MC_rec	err_up	err_low
	delay     	1.41e+00	+9.41e-02	-1.06e-01
	delta_mag 	3.09e-01	+1.09e-02	-1.28e-02
	sigma     	6.67e-02	+1.05e-02	-8.59e-03
	tau       	5.80e+00	+3.71e-01	-4.22e-01
	avg_mag   	2.04e+01	+7.54e-02	-8.14e-02
Process Started on 2014-04-06 23:25:14.110080
It is currently    2014-04-06 23:27:43.956662
sampler.run_mcmc
Process Started on 2014-04-06 23:25:14.110080
It is currently    2014-04-06 23:43:47.029256
sampler.chain
90000
Mean acceptance fraction: 0.514
Errors based on 16th, 50th, and 84th percentile
Param     	MC_rec	err_up	err_low
delay     	1.50e+00	+7.76e-02	-7.47e-02
delta_mag 	3.03e-01	+9.18e-03	-9.26e-03
sigma     	6.36e-02	+8.27e-03	-7.34e-03
tau       	2.48e+01	+2.29e+01	-1.59e+01
avg_mag   	2.03e+01	+1.39e-01	-1.49e-01
Process Started on 2014-04-06 23:25:14.110080
It is currently    2014-04-06 23:43:56.111235
