
SIMULATION PARAMETERS
Namespace(avg_mag=19.0, delay=1.5, delta_mag=0.3, numorbits=80, outputtag='hubble_sim_r77', photometricerror=0.02, redshift=0.658, sigma=0.07, tau=121.0)

Process Started on 2014-04-06 21:02:33.114462
The output_tag for this run is: hubble_sim_r77_2014_04_06_21:02

CRUDE LIGHT CURVE PARAMETERS
----------------------------
parameter lc1   	lc2
----------------------------
sigma     +0.90 	+0.42
tau       +0.02 	+0.04
avg_mag   +19.48 	+19.76


BEGINNING LIGHT CURVE PARAMETER OPTIMIZATION

Optimization terminated successfully.
         Current function value: -1128.183707
         Iterations: 160
         Function evaluations: 284
Optimization terminated successfully.
         Current function value: -1127.193953
         Iterations: 112
         Function evaluations: 195

OPTIMIZED LIGHT CURVE PARAMETERS
--------------------------------
parameter lc1   	lc2
--------------------------------
sigma     +0.06 	+0.06
tau       +6.15 	+1.15
avg_mag   +19.52 	+19.77


Process Started on 2014-04-06 21:02:33.114462
It is now          2014-04-06 21:02:36.183003

time series is 5.00 days long
with  217 data points
The most common sample time distance is 0.01 days within the range of [0.01,0.01] days

1% done
10% done
25% done
50% done
75% done
DONE

Process Started on 2014-04-06 21:02:33.114462
It is now          2014-04-06 21:02:37.212630

BEST DELAY=1.49804e+00

INITIAL PARAMETERS (average of lc1 and lc2)
-------------------------------------------
delay      = 1.50
delta_mag  = 0.24
avg_mag    = 19.52
tau        = 3.65
sigma      = 0.06

Optimization terminated successfully.
         Current function value: -1765.103129
         Iterations: 129
         Function evaluations: 229

INITIAL PARAMETERS (optimization of merged light curve)
-------------------------------------------------------
delay      = 1.50
delta_mag  = 0.24
avg_mag    = 19.54
tau        = 2.82
sigma      = 0.06


-------------
RUNNING EMCEE
-------------

pos
sampler
Process Started on 2014-04-06 21:02:33.114462
It is currently    2014-04-06 21:02:41.838000
burn-in sampler.run_mcmc
	Mean acceptance fraction: 0.508
	Errors based on 16th, 50th, and 84th percentile
	Param     	MC_rec	err_up	err_low
	delay     	1.49e+00	+8.08e-03	-1.10e-02
	delta_mag 	2.98e-01	+2.51e-03	-3.96e-03
	sigma     	5.85e-02	+5.13e-03	-4.81e-03
	tau       	2.83e+00	+3.04e-02	-2.21e-02
	avg_mag   	1.96e+01	+2.61e-02	-3.27e-02
Process Started on 2014-04-06 21:02:33.114462
It is currently    2014-04-06 21:05:09.794372
sampler.run_mcmc
Process Started on 2014-04-06 21:02:33.114462
It is currently    2014-04-06 21:25:56.189644
sampler.chain
90000
Mean acceptance fraction: 0.511
Errors based on 16th, 50th, and 84th percentile
Param     	MC_rec	err_up	err_low
delay     	1.50e+00	+5.37e-03	-5.27e-03
delta_mag 	2.99e-01	+1.66e-03	-1.67e-03
sigma     	5.71e-02	+3.47e-03	-3.36e-03
tau       	1.20e+01	+1.02e+01	-7.25e+00
avg_mag   	1.95e+01	+8.71e-02	-7.57e-02
Process Started on 2014-04-06 21:02:33.114462
It is currently    2014-04-06 21:26:06.837523
