
SIMULATION PARAMETERS
Namespace(avg_mag=19.0, delay=1.5, delta_mag=0.3, numorbits=40, outputtag='hubble_sim_r1062', photometricerror=0.02, redshift=0.658, sigma=0.07, tau=121.0)

Process Started on 2014-04-07 02:09:54.620658
The output_tag for this run is: hubble_sim_r1062_2014_04_07_02:09

CRUDE LIGHT CURVE PARAMETERS
----------------------------
parameter lc1   	lc2
----------------------------
sigma     +0.53 	+0.24
tau       +0.01 	+0.25
avg_mag   +18.73 	+18.98


BEGINNING LIGHT CURVE PARAMETER OPTIMIZATION

Optimization terminated successfully.
         Current function value: -584.657897
         Iterations: 150
         Function evaluations: 269
Optimization terminated successfully.
         Current function value: -588.092950
         Iterations: 107
         Function evaluations: 192

OPTIMIZED LIGHT CURVE PARAMETERS
--------------------------------
parameter lc1   	lc2
--------------------------------
sigma     +0.05 	+0.05
tau       +3.09 	+0.89
avg_mag   +18.73 	+18.99


Process Started on 2014-04-07 02:09:54.620658
It is now          2014-04-07 02:09:55.517860

time series is 2.52 days long
with  111 data points
The most common sample time distance is 0.01 days within the range of [0.02,0.01] days

1% done
10% done
25% done
50% done
75% done
DONE

Process Started on 2014-04-07 02:09:54.620658
It is now          2014-04-07 02:09:55.838435

BEST DELAY=1.24167e+00

INITIAL PARAMETERS (average of lc1 and lc2)
-------------------------------------------
delay      = 1.24
delta_mag  = 0.27
avg_mag    = 18.73
tau        = 1.99
sigma      = 0.05

Optimization terminated successfully.
         Current function value: -1115.513263
         Iterations: 115
         Function evaluations: 204

INITIAL PARAMETERS (optimization of merged light curve)
-------------------------------------------------------
delay      = 1.24
delta_mag  = 0.27
avg_mag    = 18.75
tau        = 1.53
sigma      = 0.04


-------------
RUNNING EMCEE
-------------

pos
sampler
Process Started on 2014-04-07 02:09:54.620658
It is currently    2014-04-07 02:09:57.561912
burn-in sampler.run_mcmc
	Mean acceptance fraction: 0.532
	Errors based on 16th, 50th, and 84th percentile
	Param     	MC_rec	err_up	err_low
	delay     	1.45e+00	+5.20e-02	-1.46e-01
	delta_mag 	2.96e-01	+5.07e-03	-5.24e-03
	sigma     	4.51e-02	+5.89e-03	-4.82e-03
	tau       	1.53e+00	+1.52e-01	-9.85e-02
	avg_mag   	1.87e+01	+2.05e-02	-2.39e-02
Process Started on 2014-04-07 02:09:54.620658
It is currently    2014-04-07 02:10:45.554333
sampler.run_mcmc
Process Started on 2014-04-07 02:09:54.620658
It is currently    2014-04-07 02:17:16.569827
sampler.chain
90000
Mean acceptance fraction: 0.516
Errors based on 16th, 50th, and 84th percentile
Param     	MC_rec	err_up	err_low
delay     	1.50e+00	+1.38e-02	-1.32e-02
delta_mag 	3.01e-01	+2.94e-03	-2.98e-03
sigma     	4.45e-02	+4.86e-03	-4.26e-03
tau       	6.20e+00	+5.51e+00	-3.51e+00
avg_mag   	1.87e+01	+5.27e-02	-4.21e-02
Process Started on 2014-04-07 02:09:54.620658
It is currently    2014-04-07 02:17:22.727941
