
SIMULATION PARAMETERS
Namespace(avg_mag=19.0, delay=1.5, delta_mag=0.3, numorbits=40, outputtag='hubble_sim_r1205', photometricerror=0.1, redshift=0.658, sigma=0.07, tau=121.0)

Process Started on 2014-04-07 04:33:24.825879
The output_tag for this run is: hubble_sim_r1205_2014_04_07_04:33

CRUDE LIGHT CURVE PARAMETERS
----------------------------
parameter lc1   	lc2
----------------------------
sigma     +0.20 	+0.28
tau       +0.26 	+0.03
avg_mag   +19.27 	+19.58


BEGINNING LIGHT CURVE PARAMETER OPTIMIZATION

Optimization terminated successfully.
         Current function value: -279.022655
         Iterations: 57
         Function evaluations: 108
Optimization terminated successfully.
         Current function value: -279.300281
         Iterations: 51
         Function evaluations: 97

OPTIMIZED LIGHT CURVE PARAMETERS
--------------------------------
parameter lc1   	lc2
--------------------------------
sigma     +0.00 	+0.00
tau       +0.34 	+0.04
avg_mag   +19.27 	+19.58


Process Started on 2014-04-07 04:33:24.825879
It is now          2014-04-07 04:33:25.193323

time series is 2.50 days long
with  104 data points
The most common sample time distance is 0.01 days within the range of [0.02,0.01] days

1% done
10% done
25% done
50% done
75% done
DONE

Process Started on 2014-04-07 04:33:24.825879
It is now          2014-04-07 04:33:25.505699

BEST DELAY=1.04863e+00

INITIAL PARAMETERS (average of lc1 and lc2)
-------------------------------------------
delay      = 1.05
delta_mag  = 0.30
avg_mag    = 19.27
tau        = 0.19
sigma      = 0.00

Optimization terminated successfully.
         Current function value: -558.492696
         Iterations: 56
         Function evaluations: 107

INITIAL PARAMETERS (optimization of merged light curve)
-------------------------------------------------------
delay      = 1.05
delta_mag  = 0.30
avg_mag    = 19.27
tau        = 0.64
sigma      = 0.02


-------------
RUNNING EMCEE
-------------

pos
sampler
Process Started on 2014-04-07 04:33:24.825879
It is currently    2014-04-07 04:33:26.866189
burn-in sampler.run_mcmc
	Mean acceptance fraction: 0.556
	Errors based on 16th, 50th, and 84th percentile
	Param     	MC_rec	err_up	err_low
	delay     	1.06e+00	+2.31e-01	-2.00e-01
	delta_mag 	3.02e-01	+1.28e-02	-1.20e-02
	sigma     	2.58e-02	+2.03e-02	-1.73e-02
	tau       	6.36e-01	+2.56e-01	-1.87e-01
	avg_mag   	1.93e+01	+9.45e-03	-1.07e-02
Process Started on 2014-04-07 04:33:24.825879
It is currently    2014-04-07 04:34:06.762979
sampler.run_mcmc
Process Started on 2014-04-07 04:33:24.825879
It is currently    2014-04-07 04:38:51.421386
sampler.chain
90000
Mean acceptance fraction: 0.443
Errors based on 16th, 50th, and 84th percentile
Param     	MC_rec	err_up	err_low
delay     	1.18e+00	+7.04e-01	-7.44e-01
delta_mag 	3.02e-01	+1.11e-02	-1.11e-02
sigma     	1.80e-02	+1.45e-02	-1.15e-02
tau       	1.99e+00	+2.63e+00	-1.38e+00
avg_mag   	1.93e+01	+1.12e-02	-1.44e-02
Process Started on 2014-04-07 04:33:24.825879
It is currently    2014-04-07 04:38:57.675674
