
SIMULATION PARAMETERS
Namespace(avg_mag=19.0, delay=1.5, delta_mag=0.3, numorbits=80, outputtag='hubble_sim_r220', photometricerror=0.1, redshift=0.658, sigma=0.07, tau=121.0)

Process Started on 2014-04-06 23:42:19.339973
The output_tag for this run is: hubble_sim_r220_2014_04_06_23:42

CRUDE LIGHT CURVE PARAMETERS
----------------------------
parameter lc1   	lc2
----------------------------
sigma     +0.35 	+0.55
tau       +0.36 	+0.07
avg_mag   +18.84 	+19.17


BEGINNING LIGHT CURVE PARAMETER OPTIMIZATION

Optimization terminated successfully.
         Current function value: -563.919388
         Iterations: 115
         Function evaluations: 198
Optimization terminated successfully.
         Current function value: -563.875686
         Iterations: 124
         Function evaluations: 221

OPTIMIZED LIGHT CURVE PARAMETERS
--------------------------------
parameter lc1   	lc2
--------------------------------
sigma     +0.05 	+0.05
tau       +1.43 	+3.47
avg_mag   +18.86 	+19.17


Process Started on 2014-04-06 23:42:19.339973
It is now          2014-04-06 23:42:21.955449

time series is 5.00 days long
with  216 data points
The most common sample time distance is 0.01 days within the range of [0.01,0.01] days

1% done
10% done
25% done
50% done
75% done
DONE

Process Started on 2014-04-06 23:42:19.339973
It is now          2014-04-06 23:42:23.010189

BEST DELAY=1.49791e+00

INITIAL PARAMETERS (average of lc1 and lc2)
-------------------------------------------
delay      = 1.50
delta_mag  = 0.32
avg_mag    = 18.86
tau        = 2.45
sigma      = 0.05

Optimization terminated successfully.
         Current function value: -1140.096260
         Iterations: 141
         Function evaluations: 258

INITIAL PARAMETERS (optimization of merged light curve)
-------------------------------------------------------
delay      = 1.50
delta_mag  = 0.32
avg_mag    = 18.87
tau        = 2.52
sigma      = 0.05


-------------
RUNNING EMCEE
-------------

pos
sampler
Process Started on 2014-04-06 23:42:19.339973
It is currently    2014-04-06 23:42:28.314499
burn-in sampler.run_mcmc
	Mean acceptance fraction: 0.595
	Errors based on 16th, 50th, and 84th percentile
	Param     	MC_rec	err_up	err_low
	delay     	1.50e+00	+7.18e-02	-7.62e-02
	delta_mag 	3.01e-01	+1.00e-02	-9.34e-03
	sigma     	5.39e-02	+8.62e-03	-8.00e-03
	tau       	2.55e+00	+3.46e-01	-2.17e-01
	avg_mag   	1.89e+01	+3.38e-02	-3.41e-02
Process Started on 2014-04-06 23:42:19.339973
It is currently    2014-04-06 23:44:53.146201
sampler.run_mcmc
Process Started on 2014-04-06 23:42:19.339973
It is currently    2014-04-07 00:03:38.416479
sampler.chain
90000
Mean acceptance fraction: 0.513
Errors based on 16th, 50th, and 84th percentile
Param     	MC_rec	err_up	err_low
delay     	1.50e+00	+7.93e-02	-8.30e-02
delta_mag 	3.00e-01	+8.32e-03	-8.27e-03
sigma     	5.01e-02	+8.22e-03	-6.87e-03
tau       	8.46e+00	+1.01e+01	-5.08e+00
avg_mag   	1.89e+01	+6.60e-02	-5.36e-02
Process Started on 2014-04-06 23:42:19.339973
It is currently    2014-04-07 00:03:49.088886
