
SIMULATION PARAMETERS
Namespace(avg_mag=19.0, delay=1.5, delta_mag=0.3, numorbits=40, outputtag='hubble_sim_r1060', photometricerror=0.02, redshift=0.658, sigma=0.07, tau=121.0)

Process Started on 2014-04-07 02:07:54.210898
The output_tag for this run is: hubble_sim_r1060_2014_04_07_02:07

CRUDE LIGHT CURVE PARAMETERS
----------------------------
parameter lc1   	lc2
----------------------------
sigma     +0.84 	+0.23
tau       +0.01 	+0.04
avg_mag   +18.29 	+18.54


BEGINNING LIGHT CURVE PARAMETER OPTIMIZATION

Optimization terminated successfully.
         Current function value: -543.965327
         Iterations: 148
         Function evaluations: 258
Optimization terminated successfully.
         Current function value: -549.395035
         Iterations: 110
         Function evaluations: 199

OPTIMIZED LIGHT CURVE PARAMETERS
--------------------------------
parameter lc1   	lc2
--------------------------------
sigma     +0.05 	+0.05
tau       +4.65 	+0.68
avg_mag   +18.29 	+18.55


Process Started on 2014-04-07 02:07:54.210898
It is now          2014-04-07 02:07:55.043226

time series is 2.51 days long
with  103 data points
The most common sample time distance is 0.02 days within the range of [0.01,0.03] days

1% done
10% done
25% done
50% done
75% done
DONE

Process Started on 2014-04-07 02:07:54.210898
It is now          2014-04-07 02:07:55.363178

BEST DELAY=1.24570e+00

INITIAL PARAMETERS (average of lc1 and lc2)
-------------------------------------------
delay      = 1.25
delta_mag  = 0.25
avg_mag    = 18.29
tau        = 2.67
sigma      = 0.05

Optimization terminated successfully.
         Current function value: -994.363985
         Iterations: 125
         Function evaluations: 225

INITIAL PARAMETERS (optimization of merged light curve)
-------------------------------------------------------
delay      = 1.25
delta_mag  = 0.25
avg_mag    = 18.31
tau        = 1.62
sigma      = 0.05


-------------
RUNNING EMCEE
-------------

pos
sampler
Process Started on 2014-04-07 02:07:54.210898
It is currently    2014-04-07 02:07:57.233663
burn-in sampler.run_mcmc
	Mean acceptance fraction: 0.525
	Errors based on 16th, 50th, and 84th percentile
	Param     	MC_rec	err_up	err_low
	delay     	1.39e+00	+7.58e-02	-1.02e-01
	delta_mag 	2.91e-01	+5.66e-03	-6.53e-03
	sigma     	4.91e-02	+6.09e-03	-5.30e-03
	tau       	1.62e+00	+2.61e-01	-1.47e-01
	avg_mag   	1.83e+01	+3.15e-02	-3.46e-02
Process Started on 2014-04-07 02:07:54.210898
It is currently    2014-04-07 02:08:41.161553
sampler.run_mcmc
Process Started on 2014-04-07 02:07:54.210898
It is currently    2014-04-07 02:14:37.694260
sampler.chain
90000
Mean acceptance fraction: 0.522
Errors based on 16th, 50th, and 84th percentile
Param     	MC_rec	err_up	err_low
delay     	1.50e+00	+2.21e-02	-2.05e-02
delta_mag 	3.00e-01	+3.39e-03	-3.37e-03
sigma     	4.52e-02	+4.54e-03	-4.21e-03
tau       	8.51e+00	+5.12e+00	-4.80e+00
avg_mag   	1.83e+01	+5.53e-02	-5.31e-02
Process Started on 2014-04-07 02:07:54.210898
It is currently    2014-04-07 02:14:43.848346
