
SIMULATION PARAMETERS
Namespace(avg_mag=19.0, delay=1.5, delta_mag=0.3, numorbits=80, outputtag='hubble_sim_r79', photometricerror=0.02, redshift=0.658, sigma=0.07, tau=121.0)

Process Started on 2014-04-06 21:03:54.831691
The output_tag for this run is: hubble_sim_r79_2014_04_06_21:03

CRUDE LIGHT CURVE PARAMETERS
----------------------------
parameter lc1   	lc2
----------------------------
sigma     +0.36 	+0.42
tau       +0.03 	+0.04
avg_mag   +18.23 	+18.49


BEGINNING LIGHT CURVE PARAMETER OPTIMIZATION

Optimization terminated successfully.
         Current function value: -1206.009934
         Iterations: 132
         Function evaluations: 229
Optimization terminated successfully.
         Current function value: -1208.805013
         Iterations: 138
         Function evaluations: 246

OPTIMIZED LIGHT CURVE PARAMETERS
--------------------------------
parameter lc1   	lc2
--------------------------------
sigma     +0.04 	+0.04
tau       +2.45 	+2.91
avg_mag   +18.22 	+18.50


Process Started on 2014-04-06 21:03:54.831691
It is now          2014-04-06 21:03:58.035969

time series is 5.00 days long
with  226 data points
The most common sample time distance is 0.01 days within the range of [0.01,0.02] days

1% done
10% done
25% done
50% done
75% done
DONE

Process Started on 2014-04-06 21:03:54.831691
It is now          2014-04-06 21:03:59.135306

BEST DELAY=1.49967e+00

INITIAL PARAMETERS (average of lc1 and lc2)
-------------------------------------------
delay      = 1.50
delta_mag  = 0.29
avg_mag    = 18.22
tau        = 2.68
sigma      = 0.04

Optimization terminated successfully.
         Current function value: -2443.362492
         Iterations: 129
         Function evaluations: 229

INITIAL PARAMETERS (optimization of merged light curve)
-------------------------------------------------------
delay      = 1.50
delta_mag  = 0.29
avg_mag    = 18.21
tau        = 2.62
sigma      = 0.04


-------------
RUNNING EMCEE
-------------

pos
sampler
Process Started on 2014-04-06 21:03:54.831691
It is currently    2014-04-06 21:04:03.964383
burn-in sampler.run_mcmc
	Mean acceptance fraction: 0.572
	Errors based on 16th, 50th, and 84th percentile
	Param     	MC_rec	err_up	err_low
	delay     	1.50e+00	+8.59e-03	-8.49e-03
	delta_mag 	2.99e-01	+1.86e-03	-1.94e-03
	sigma     	4.26e-02	+3.12e-03	-3.08e-03
	tau       	2.62e+00	+1.09e-01	-8.37e-02
	avg_mag   	1.82e+01	+2.72e-02	-2.69e-02
Process Started on 2014-04-06 21:03:54.831691
It is currently    2014-04-06 21:06:37.616702
sampler.run_mcmc
Process Started on 2014-04-06 21:03:54.831691
It is currently    2014-04-06 21:27:05.414839
sampler.chain
90000
Mean acceptance fraction: 0.514
Errors based on 16th, 50th, and 84th percentile
Param     	MC_rec	err_up	err_low
delay     	1.50e+00	+7.63e-03	-7.31e-03
delta_mag 	3.00e-01	+1.66e-03	-1.65e-03
sigma     	4.16e-02	+3.17e-03	-2.97e-03
tau       	8.93e+00	+9.85e+00	-5.15e+00
avg_mag   	1.82e+01	+4.70e-02	-5.31e-02
Process Started on 2014-04-06 21:03:54.831691
It is currently    2014-04-06 21:27:16.155761
