
SIMULATION PARAMETERS
Namespace(avg_mag=19.0, delay=1.5, delta_mag=0.3, numorbits=40, outputtag='hubble_sim_r1251', photometricerror=0.1, redshift=0.658, sigma=0.07, tau=121.0)

Process Started on 2014-04-07 05:19:34.559774
The output_tag for this run is: hubble_sim_r1251_2014_04_07_05:19

CRUDE LIGHT CURVE PARAMETERS
----------------------------
parameter lc1   	lc2
----------------------------
sigma     +0.48 	+1.37
tau       +0.01 	+0.00
avg_mag   +19.33 	+19.63


BEGINNING LIGHT CURVE PARAMETER OPTIMIZATION

Optimization terminated successfully.
         Current function value: -307.108804
         Iterations: 55
         Function evaluations: 103
Optimization terminated successfully.
         Current function value: -287.248583
         Iterations: 60
         Function evaluations: 112

OPTIMIZED LIGHT CURVE PARAMETERS
--------------------------------
parameter lc1   	lc2
--------------------------------
sigma     +0.00 	+0.00
tau       +0.01 	+0.00
avg_mag   +19.33 	+19.63


Process Started on 2014-04-07 05:19:34.559774
It is now          2014-04-07 05:19:34.995811

time series is 2.51 days long
with  116 data points
The most common sample time distance is 0.01 days within the range of [0.01,0.03] days

1% done
10% done
25% done
50% done
75% done
DONE

Process Started on 2014-04-07 05:19:34.559774
It is now          2014-04-07 05:19:35.336434

BEST DELAY=1.24647e+00

INITIAL PARAMETERS (average of lc1 and lc2)
-------------------------------------------
delay      = 1.25
delta_mag  = 0.30
avg_mag    = 19.33
tau        = 0.01
sigma      = 0.00

Optimization terminated successfully.
         Current function value: -613.746608
         Iterations: 131
         Function evaluations: 234

INITIAL PARAMETERS (optimization of merged light curve)
-------------------------------------------------------
delay      = 1.25
delta_mag  = 0.30
avg_mag    = 19.30
tau        = 1.28
sigma      = 0.05


-------------
RUNNING EMCEE
-------------

pos
sampler
Process Started on 2014-04-07 05:19:34.559774
It is currently    2014-04-07 05:19:37.279135
burn-in sampler.run_mcmc
	Mean acceptance fraction: 0.578
	Errors based on 16th, 50th, and 84th percentile
	Param     	MC_rec	err_up	err_low
	delay     	1.42e+00	+3.67e-01	-2.08e-01
	delta_mag 	2.97e-01	+1.68e-02	-1.59e-02
	sigma     	5.53e-02	+1.21e-02	-1.08e-02
	tau       	1.31e+00	+4.14e-01	-2.60e-01
	avg_mag   	1.93e+01	+2.54e-02	-2.39e-02
Process Started on 2014-04-07 05:19:34.559774
It is currently    2014-04-07 05:20:25.641102
sampler.run_mcmc
Process Started on 2014-04-07 05:19:34.559774
It is currently    2014-04-07 05:26:46.056597
sampler.chain
90000
Mean acceptance fraction: 0.498
Errors based on 16th, 50th, and 84th percentile
Param     	MC_rec	err_up	err_low
delay     	1.57e+00	+4.52e-01	-2.63e-01
delta_mag 	2.96e-01	+1.59e-02	-1.95e-02
sigma     	4.98e-02	+1.06e-02	-9.10e-03
tau       	4.43e+00	+4.99e+00	-2.68e+00
avg_mag   	1.93e+01	+3.91e-02	-4.91e-02
Process Started on 2014-04-07 05:19:34.559774
It is currently    2014-04-07 05:26:52.310593
