
SIMULATION PARAMETERS
Namespace(avg_mag=19.0, delay=1.5, delta_mag=0.3, numorbits=40, outputtag='hubble_sim_r1194', photometricerror=0.05, redshift=0.658, sigma=0.07, tau=121.0)

Process Started on 2014-04-07 04:22:22.776326
The output_tag for this run is: hubble_sim_r1194_2014_04_07_04:22

CRUDE LIGHT CURVE PARAMETERS
----------------------------
parameter lc1   	lc2
----------------------------
sigma     +0.25 	+0.44
tau       +0.04 	+0.01
avg_mag   +19.30 	+19.66


BEGINNING LIGHT CURVE PARAMETER OPTIMIZATION

Optimization terminated successfully.
         Current function value: -436.574039
         Iterations: 110
         Function evaluations: 197
Optimization terminated successfully.
         Current function value: -433.643144
         Iterations: 163
         Function evaluations: 287

OPTIMIZED LIGHT CURVE PARAMETERS
--------------------------------
parameter lc1   	lc2
--------------------------------
sigma     +0.04 	+0.04
tau       +0.39 	+1.06
avg_mag   +19.30 	+19.66


Process Started on 2014-04-07 04:22:22.776326
It is now          2014-04-07 04:22:23.715532

time series is 2.51 days long
with  112 data points
The most common sample time distance is 0.00 days within the range of [0.02,0.01] days

1% done
10% done
25% done
50% done
75% done
DONE

Process Started on 2014-04-07 04:22:22.776326
It is now          2014-04-07 04:22:24.048428

BEST DELAY=5.47310e-01

INITIAL PARAMETERS (average of lc1 and lc2)
-------------------------------------------
delay      = 0.55
delta_mag  = 0.36
avg_mag    = 19.30
tau        = 0.72
sigma      = 0.04

Optimization terminated successfully.
         Current function value: -841.114429
         Iterations: 60
         Function evaluations: 111

INITIAL PARAMETERS (optimization of merged light curve)
-------------------------------------------------------
delay      = 0.55
delta_mag  = 0.36
avg_mag    = 19.30
tau        = 0.00
sigma      = 0.00


-------------
RUNNING EMCEE
-------------

pos
sampler
Process Started on 2014-04-07 04:22:22.776326
It is currently    2014-04-07 04:22:25.516305
burn-in sampler.run_mcmc
	Mean acceptance fraction: 0.351
	Errors based on 16th, 50th, and 84th percentile
	Param     	MC_rec	err_up	err_low
	delay     	5.47e-01	+1.19e-02	-1.78e-02
	delta_mag 	3.59e-01	+4.76e-03	-4.58e-03
	sigma     	3.90e-05	+2.88e-05	-3.25e-05
	tau       	5.30e-03	+1.37e-02	-3.28e-03
	avg_mag   	1.93e+01	+3.61e-03	-2.91e-03
Process Started on 2014-04-07 04:22:22.776326
It is currently    2014-04-07 04:22:52.749005
sampler.run_mcmc
Process Started on 2014-04-07 04:22:22.776326
It is currently    2014-04-07 04:26:59.159670
sampler.chain
90000
Mean acceptance fraction: 0.374
Errors based on 16th, 50th, and 84th percentile
Param     	MC_rec	err_up	err_low
delay     	5.47e-01	+7.68e-01	-7.70e-01
delta_mag 	3.60e-01	+4.76e-03	-4.28e-03
sigma     	3.75e-05	+2.69e-05	-2.83e-05
tau       	1.70e-02	+1.46e-02	-1.29e-02
avg_mag   	1.93e+01	+2.92e-03	-3.46e-03
Process Started on 2014-04-07 04:22:22.776326
It is currently    2014-04-07 04:27:05.583822
