
SIMULATION PARAMETERS
Namespace(avg_mag=19.0, delay=1.5, delta_mag=0.3, numorbits=40, outputtag='hubble_sim_r1273', photometricerror=0.1, redshift=0.658, sigma=0.07, tau=121.0)

Process Started on 2014-04-07 05:41:39.041032
The output_tag for this run is: hubble_sim_r1273_2014_04_07_05:41

CRUDE LIGHT CURVE PARAMETERS
----------------------------
parameter lc1   	lc2
----------------------------
sigma     +0.85 	+0.68
tau       +0.01 	+0.00
avg_mag   +18.45 	+18.80


BEGINNING LIGHT CURVE PARAMETER OPTIMIZATION

Optimization terminated successfully.
         Current function value: -269.287323
         Iterations: 59
         Function evaluations: 110
Optimization terminated successfully.
         Current function value: -303.966816
         Iterations: 56
         Function evaluations: 105

OPTIMIZED LIGHT CURVE PARAMETERS
--------------------------------
parameter lc1   	lc2
--------------------------------
sigma     +0.00 	+0.00
tau       +0.01 	+0.00
avg_mag   +18.45 	+18.80


Process Started on 2014-04-07 05:41:39.041032
It is now          2014-04-07 05:41:39.460157

time series is 2.50 days long
with  112 data points
The most common sample time distance is 0.01 days within the range of [0.01,0.02] days

1% done
10% done
25% done
50% done
75% done
DONE

Process Started on 2014-04-07 05:41:39.041032
It is now          2014-04-07 05:41:39.782298

BEST DELAY=5.49609e-01

INITIAL PARAMETERS (average of lc1 and lc2)
-------------------------------------------
delay      = 0.55
delta_mag  = 0.35
avg_mag    = 18.45
tau        = 0.01
sigma      = 0.00

Optimization terminated successfully.
         Current function value: -587.939290
         Iterations: 117
         Function evaluations: 211

INITIAL PARAMETERS (optimization of merged light curve)
-------------------------------------------------------
delay      = 0.55
delta_mag  = 0.35
avg_mag    = 18.42
tau        = 1.55
sigma      = 0.05


-------------
RUNNING EMCEE
-------------

pos
sampler
Process Started on 2014-04-07 05:41:39.041032
It is currently    2014-04-07 05:41:41.649534
burn-in sampler.run_mcmc
	Mean acceptance fraction: 0.595
	Errors based on 16th, 50th, and 84th percentile
	Param     	MC_rec	err_up	err_low
	delay     	6.14e-01	+1.96e-01	-1.01e-01
	delta_mag 	3.32e-01	+1.32e-02	-1.29e-02
	sigma     	5.46e-02	+1.39e-02	-1.28e-02
	tau       	1.69e+00	+6.72e-01	-3.71e-01
	avg_mag   	1.84e+01	+3.05e-02	-2.95e-02
Process Started on 2014-04-07 05:41:39.041032
It is currently    2014-04-07 05:42:29.173414
sampler.run_mcmc
Process Started on 2014-04-07 05:41:39.041032
It is currently    2014-04-07 05:48:33.003969
sampler.chain
90000
Mean acceptance fraction: 0.493
Errors based on 16th, 50th, and 84th percentile
Param     	MC_rec	err_up	err_low
delay     	1.22e+00	+3.26e-01	-4.27e-01
delta_mag 	3.17e-01	+1.51e-02	-1.61e-02
sigma     	4.69e-02	+1.13e-02	-9.32e-03
tau       	7.28e+00	+5.31e+00	-4.25e+00
avg_mag   	1.84e+01	+5.11e-02	-5.62e-02
Process Started on 2014-04-07 05:41:39.041032
It is currently    2014-04-07 05:48:39.267096
