
SIMULATION PARAMETERS
Namespace(avg_mag=19.0, delay=1.5, delta_mag=0.3, numorbits=80, outputtag='hubble_sim_r60', photometricerror=0.02, redshift=0.658, sigma=0.07, tau=121.0)

Process Started on 2014-04-06 20:42:22.332641
The output_tag for this run is: hubble_sim_r60_2014_04_06_20:42

CRUDE LIGHT CURVE PARAMETERS
----------------------------
parameter lc1   	lc2
----------------------------
sigma     +0.78 	+0.34
tau       +0.01 	+0.03
avg_mag   +18.79 	+19.07


BEGINNING LIGHT CURVE PARAMETER OPTIMIZATION

Optimization terminated successfully.
         Current function value: -1148.273550
         Iterations: 133
         Function evaluations: 232
Optimization terminated successfully.
         Current function value: -1162.240809
         Iterations: 121
         Function evaluations: 214

OPTIMIZED LIGHT CURVE PARAMETERS
--------------------------------
parameter lc1   	lc2
--------------------------------
sigma     +0.05 	+0.05
tau       +2.80 	+0.91
avg_mag   +18.79 	+19.07


Process Started on 2014-04-06 20:42:22.332641
It is now          2014-04-06 20:42:24.544905

time series is 5.01 days long
with  219 data points
The most common sample time distance is 0.01 days within the range of [0.01,0.01] days

1% done
10% done
25% done
50% done
75% done
DONE

Process Started on 2014-04-06 20:42:22.332641
It is now          2014-04-06 20:42:25.196772

BEST DELAY=1.49676e+00

INITIAL PARAMETERS (average of lc1 and lc2)
-------------------------------------------
delay      = 1.50
delta_mag  = 0.28
avg_mag    = 18.79
tau        = 1.85
sigma      = 0.05

Optimization terminated successfully.
         Current function value: -2305.019375
         Iterations: 121
         Function evaluations: 225

INITIAL PARAMETERS (optimization of merged light curve)
-------------------------------------------------------
delay      = 1.50
delta_mag  = 0.28
avg_mag    = 18.81
tau        = 1.72
sigma      = 0.05


-------------
RUNNING EMCEE
-------------

pos
sampler
Process Started on 2014-04-06 20:42:22.332641
It is currently    2014-04-06 20:42:28.829586
burn-in sampler.run_mcmc
	Mean acceptance fraction: 0.564
	Errors based on 16th, 50th, and 84th percentile
	Param     	MC_rec	err_up	err_low
	delay     	1.50e+00	+6.98e-03	-7.01e-03
	delta_mag 	2.99e-01	+1.92e-03	-2.06e-03
	sigma     	5.07e-02	+3.77e-03	-3.24e-03
	tau       	1.72e+00	+3.82e-02	-4.74e-02
	avg_mag   	1.88e+01	+1.86e-02	-1.95e-02
Process Started on 2014-04-06 20:42:22.332641
It is currently    2014-04-06 20:44:59.800352
sampler.run_mcmc
Process Started on 2014-04-06 20:42:22.332641
It is currently    2014-04-06 21:05:33.159623
sampler.chain
90000
Mean acceptance fraction: 0.513
Errors based on 16th, 50th, and 84th percentile
Param     	MC_rec	err_up	err_low
delay     	1.50e+00	+6.36e-03	-5.85e-03
delta_mag 	3.00e-01	+1.63e-03	-1.63e-03
sigma     	5.02e-02	+3.51e-03	-3.25e-03
tau       	5.47e+00	+6.67e+00	-3.13e+00
avg_mag   	1.88e+01	+5.08e-02	-4.18e-02
Process Started on 2014-04-06 20:42:22.332641
It is currently    2014-04-06 21:05:43.892361
