
SIMULATION PARAMETERS
Namespace(avg_mag=19.0, delay=1.5, delta_mag=0.3, numorbits=40, outputtag='hubble_sim_r1022', photometricerror=0.02, redshift=0.658, sigma=0.07, tau=121.0)

Process Started on 2014-04-07 01:29:46.158246
The output_tag for this run is: hubble_sim_r1022_2014_04_07_01:29

CRUDE LIGHT CURVE PARAMETERS
----------------------------
parameter lc1   	lc2
----------------------------
sigma     +0.37 	+0.28
tau       +0.07 	+0.02
avg_mag   +19.24 	+19.55


BEGINNING LIGHT CURVE PARAMETER OPTIMIZATION

Optimization terminated successfully.
         Current function value: -607.670659
         Iterations: 112
         Function evaluations: 201
Optimization terminated successfully.
         Current function value: -605.561431
         Iterations: 101
         Function evaluations: 181

OPTIMIZED LIGHT CURVE PARAMETERS
--------------------------------
parameter lc1   	lc2
--------------------------------
sigma     +0.05 	+0.06
tau       +1.37 	+0.36
avg_mag   +19.22 	+19.56


Process Started on 2014-04-07 01:29:46.158246
It is now          2014-04-07 01:29:46.905397

time series is 2.51 days long
with  115 data points
The most common sample time distance is 0.01 days within the range of [0.02,0.01] days

1% done
10% done
25% done
50% done
75% done
DONE

Process Started on 2014-04-07 01:29:46.158246
It is now          2014-04-07 01:29:47.224055

BEST DELAY=-7.53443e-01

INITIAL PARAMETERS (average of lc1 and lc2)
-------------------------------------------
delay      = -0.75
delta_mag  = 0.34
avg_mag    = 19.22
tau        = 0.87
sigma      = 0.05

Optimization terminated successfully.
         Current function value: -1052.939768
         Iterations: 103
         Function evaluations: 184

INITIAL PARAMETERS (optimization of merged light curve)
-------------------------------------------------------
delay      = -0.75
delta_mag  = 0.34
avg_mag    = 19.23
tau        = 0.57
sigma      = 0.05


-------------
RUNNING EMCEE
-------------

pos
sampler
Process Started on 2014-04-07 01:29:46.158246
It is currently    2014-04-07 01:29:48.932647
burn-in sampler.run_mcmc
	Mean acceptance fraction: 0.554
	Errors based on 16th, 50th, and 84th percentile
	Param     	MC_rec	err_up	err_low
	delay     	-7.82e-01	+8.98e-03	-6.63e-03
	delta_mag 	3.23e-01	+2.62e-03	-2.52e-03
	sigma     	5.92e-02	+6.32e-03	-5.36e-03
	tau       	5.78e-01	+1.67e-01	-1.11e-01
	avg_mag   	1.92e+01	+1.33e-02	-1.38e-02
Process Started on 2014-04-07 01:29:46.158246
It is currently    2014-04-07 01:30:37.221671
sampler.run_mcmc
Process Started on 2014-04-07 01:29:46.158246
It is currently    2014-04-07 01:37:11.082661
sampler.chain
90000
Mean acceptance fraction: 0.500
Errors based on 16th, 50th, and 84th percentile
Param     	MC_rec	err_up	err_low
delay     	-7.84e-01	+7.22e-03	-6.15e-03
delta_mag 	3.22e-01	+2.15e-03	-2.25e-03
sigma     	5.83e-02	+6.36e-03	-5.55e-03
tau       	1.01e+00	+1.82e+00	-4.91e-01
avg_mag   	1.92e+01	+1.98e-02	-1.92e-02
Process Started on 2014-04-07 01:29:46.158246
It is currently    2014-04-07 01:37:17.361658
