
SIMULATION PARAMETERS
Namespace(avg_mag=19.0, delay=1.5, delta_mag=0.3, numorbits=80, outputtag='hubble_sim_r224', photometricerror=0.1, redshift=0.658, sigma=0.07, tau=121.0)

Process Started on 2014-04-06 23:46:20.800221
The output_tag for this run is: hubble_sim_r224_2014_04_06_23:46

CRUDE LIGHT CURVE PARAMETERS
----------------------------
parameter lc1   	lc2
----------------------------
sigma     +0.50 	+0.97
tau       +0.03 	+0.03
avg_mag   +18.61 	+18.84


BEGINNING LIGHT CURVE PARAMETER OPTIMIZATION

Optimization terminated successfully.
         Current function value: -558.024032
         Iterations: 57
         Function evaluations: 104
Optimization terminated successfully.
         Current function value: -573.002561
         Iterations: 142
         Function evaluations: 250

OPTIMIZED LIGHT CURVE PARAMETERS
--------------------------------
parameter lc1   	lc2
--------------------------------
sigma     +0.00 	+0.06
tau       +0.03 	+8.83
avg_mag   +18.61 	+18.82


Process Started on 2014-04-06 23:46:20.800221
It is now          2014-04-06 23:46:23.156981

time series is 5.02 days long
with  221 data points
The most common sample time distance is 0.01 days within the range of [0.01,0.01] days

1% done
10% done
25% done
50% done
75% done
DONE

Process Started on 2014-04-06 23:46:20.800221
It is now          2014-04-06 23:46:24.270601

BEST DELAY=2.91273e-01

INITIAL PARAMETERS (average of lc1 and lc2)
-------------------------------------------
delay      = 0.29
delta_mag  = 0.21
avg_mag    = 18.61
tau        = 4.43
sigma      = 0.03

Optimization terminated successfully.
         Current function value: -1125.556194
         Iterations: 159
         Function evaluations: 281

INITIAL PARAMETERS (optimization of merged light curve)
-------------------------------------------------------
delay      = 0.29
delta_mag  = 0.21
avg_mag    = 18.59
tau        = 7.56
sigma      = 0.05


-------------
RUNNING EMCEE
-------------

pos
sampler
Process Started on 2014-04-06 23:46:20.800221
It is currently    2014-04-06 23:46:29.749233
burn-in sampler.run_mcmc
	Mean acceptance fraction: 0.565
	Errors based on 16th, 50th, and 84th percentile
	Param     	MC_rec	err_up	err_low
	delay     	6.34e-01	+7.05e-01	-2.61e-01
	delta_mag 	2.64e-01	+2.78e-02	-1.88e-02
	sigma     	5.45e-02	+1.25e-02	-9.72e-03
	tau       	7.48e+00	+1.99e-01	-4.06e-01
	avg_mag   	1.86e+01	+7.07e-02	-6.98e-02
Process Started on 2014-04-06 23:46:20.800221
It is currently    2014-04-06 23:49:04.195478
sampler.run_mcmc
Process Started on 2014-04-06 23:46:20.800221
It is currently    2014-04-07 00:10:01.199759
sampler.chain
90000
Mean acceptance fraction: 0.519
Errors based on 16th, 50th, and 84th percentile
Param     	MC_rec	err_up	err_low
delay     	1.48e+00	+8.27e-02	-8.51e-02
delta_mag 	2.99e-01	+8.71e-03	-8.78e-03
sigma     	5.14e-02	+7.89e-03	-6.57e-03
tau       	3.35e+01	+2.72e+01	-2.21e+01
avg_mag   	1.85e+01	+1.27e-01	-1.38e-01
Process Started on 2014-04-06 23:46:20.800221
It is currently    2014-04-07 00:10:11.733748
