
SIMULATION PARAMETERS
Namespace(avg_mag=19.0, delay=1.5, delta_mag=0.3, numorbits=80, outputtag='hubble_sim_r31', photometricerror=0.02, redshift=0.658, sigma=0.07, tau=121.0)

Process Started on 2014-04-06 20:16:17.618643
The output_tag for this run is: hubble_sim_r31_2014_04_06_20:16

CRUDE LIGHT CURVE PARAMETERS
----------------------------
parameter lc1   	lc2
----------------------------
sigma     +0.42 	+0.34
tau       +0.04 	+0.03
avg_mag   +19.31 	+19.60


BEGINNING LIGHT CURVE PARAMETER OPTIMIZATION

Optimization terminated successfully.
         Current function value: -1125.320758
         Iterations: 138
         Function evaluations: 241
Optimization terminated successfully.
         Current function value: -1154.325923
         Iterations: 131
         Function evaluations: 238

OPTIMIZED LIGHT CURVE PARAMETERS
--------------------------------
parameter lc1   	lc2
--------------------------------
sigma     +0.05 	+0.04
tau       +2.89 	+1.69
avg_mag   +19.26 	+19.61


Process Started on 2014-04-06 20:16:17.618643
It is now          2014-04-06 20:16:20.557831

time series is 5.01 days long
with  215 data points
The most common sample time distance is 0.01 days within the range of [0.01,0.01] days

1% done
10% done
25% done
50% done
75% done
DONE

Process Started on 2014-04-06 20:16:17.618643
It is now          2014-04-06 20:16:21.586243

BEST DELAY=1.79715e+00

INITIAL PARAMETERS (average of lc1 and lc2)
-------------------------------------------
delay      = 1.80
delta_mag  = 0.36
avg_mag    = 19.26
tau        = 2.29
sigma      = 0.05

Optimization terminated successfully.
         Current function value: -1798.086067
         Iterations: 120
         Function evaluations: 214

INITIAL PARAMETERS (optimization of merged light curve)
-------------------------------------------------------
delay      = 1.80
delta_mag  = 0.36
avg_mag    = 19.24
tau        = 2.32
sigma      = 0.05


-------------
RUNNING EMCEE
-------------

pos
sampler
Process Started on 2014-04-06 20:16:17.618643
It is currently    2014-04-06 20:16:25.944993
burn-in sampler.run_mcmc
	Mean acceptance fraction: 0.475
	Errors based on 16th, 50th, and 84th percentile
	Param     	MC_rec	err_up	err_low
	delay     	1.56e+00	+1.30e-01	-5.81e-02
	delta_mag 	3.07e-01	+9.27e-03	-5.32e-03
	sigma     	5.08e-02	+9.32e-03	-5.93e-03
	tau       	2.34e+00	+1.23e-01	-8.21e-02
	avg_mag   	1.92e+01	+3.60e-02	-4.07e-02
Process Started on 2014-04-06 20:16:17.618643
It is currently    2014-04-06 20:18:53.025827
sampler.run_mcmc
Process Started on 2014-04-06 20:16:17.618643
It is currently    2014-04-06 20:39:20.438866
sampler.chain
90000
Mean acceptance fraction: 0.510
Errors based on 16th, 50th, and 84th percentile
Param     	MC_rec	err_up	err_low
delay     	1.50e+00	+7.39e-03	-7.65e-03
delta_mag 	3.00e-01	+1.75e-03	-1.77e-03
sigma     	4.71e-02	+3.53e-03	-3.21e-03
tau       	8.94e+00	+8.63e+00	-5.59e+00
avg_mag   	1.93e+01	+5.29e-02	-6.33e-02
Process Started on 2014-04-06 20:16:17.618643
It is currently    2014-04-06 20:39:31.102881
