
SIMULATION PARAMETERS
Namespace(avg_mag=19.0, delay=1.5, delta_mag=0.3, numorbits=40, outputtag='hubble_sim_r1252', photometricerror=0.1, redshift=0.658, sigma=0.07, tau=121.0)

Process Started on 2014-04-07 05:20:34.679188
The output_tag for this run is: hubble_sim_r1252_2014_04_07_05:20

CRUDE LIGHT CURVE PARAMETERS
----------------------------
parameter lc1   	lc2
----------------------------
sigma     +0.23 	+0.18
tau       +0.67 	+0.13
avg_mag   +18.66 	+18.98


BEGINNING LIGHT CURVE PARAMETER OPTIMIZATION

Optimization terminated successfully.
         Current function value: -302.219608
         Iterations: 69
         Function evaluations: 130
Optimization terminated successfully.
         Current function value: -309.049259
         Iterations: 58
         Function evaluations: 106

OPTIMIZED LIGHT CURVE PARAMETERS
--------------------------------
parameter lc1   	lc2
--------------------------------
sigma     +0.00 	+0.00
tau       +0.82 	+0.16
avg_mag   +18.66 	+18.98


Process Started on 2014-04-07 05:20:34.679188
It is now          2014-04-07 05:20:35.131515

time series is 2.51 days long
with  114 data points
The most common sample time distance is 0.01 days within the range of [0.02,0.01] days

1% done
10% done
25% done
50% done
75% done
DONE

Process Started on 2014-04-07 05:20:34.679188
It is now          2014-04-07 05:20:35.453416

BEST DELAY=8.44541e-01

INITIAL PARAMETERS (average of lc1 and lc2)
-------------------------------------------
delay      = 0.84
delta_mag  = 0.32
avg_mag    = 18.66
tau        = 0.49
sigma      = 0.00

Optimization terminated successfully.
         Current function value: -611.312142
         Iterations: 113
         Function evaluations: 206

INITIAL PARAMETERS (optimization of merged light curve)
-------------------------------------------------------
delay      = 0.84
delta_mag  = 0.32
avg_mag    = 18.66
tau        = 0.35
sigma      = 0.01


-------------
RUNNING EMCEE
-------------

pos
sampler
Process Started on 2014-04-07 05:20:34.679188
It is currently    2014-04-07 05:20:37.598488
burn-in sampler.run_mcmc
	Mean acceptance fraction: 0.562
	Errors based on 16th, 50th, and 84th percentile
	Param     	MC_rec	err_up	err_low
	delay     	8.82e-01	+3.94e-01	-2.25e-01
	delta_mag 	3.18e-01	+1.21e-02	-1.14e-02
	sigma     	1.92e-02	+1.83e-02	-1.28e-02
	tau       	3.94e-01	+3.89e-01	-1.87e-01
	avg_mag   	1.87e+01	+1.03e-02	-8.24e-03
Process Started on 2014-04-07 05:20:34.679188
It is currently    2014-04-07 05:21:20.256652
sampler.run_mcmc
Process Started on 2014-04-07 05:20:34.679188
It is currently    2014-04-07 05:26:24.235698
sampler.chain
90000
Mean acceptance fraction: 0.439
Errors based on 16th, 50th, and 84th percentile
Param     	MC_rec	err_up	err_low
delay     	9.53e-01	+7.20e-01	-7.09e-01
delta_mag 	3.18e-01	+1.04e-02	-1.02e-02
sigma     	1.35e-02	+1.57e-02	-8.69e-03
tau       	9.56e-01	+1.47e+00	-7.10e-01
avg_mag   	1.87e+01	+9.05e-03	-8.08e-03
Process Started on 2014-04-07 05:20:34.679188
It is currently    2014-04-07 05:26:30.492551
