
SIMULATION PARAMETERS
Namespace(avg_mag=19.0, delay=1.5, delta_mag=0.3, numorbits=40, outputtag='hubble_sim_r1164', photometricerror=0.05, redshift=0.658, sigma=0.07, tau=121.0)

Process Started on 2014-04-07 03:52:16.274042
The output_tag for this run is: hubble_sim_r1164_2014_04_07_03:52

CRUDE LIGHT CURVE PARAMETERS
----------------------------
parameter lc1   	lc2
----------------------------
sigma     +0.49 	+0.18
tau       +0.03 	+0.07
avg_mag   +18.03 	+18.37


BEGINNING LIGHT CURVE PARAMETER OPTIMIZATION

Optimization terminated successfully.
         Current function value: -423.420215
         Iterations: 143
         Function evaluations: 255
Optimization terminated successfully.
         Current function value: -433.779889
         Iterations: 114
         Function evaluations: 199

OPTIMIZED LIGHT CURVE PARAMETERS
--------------------------------
parameter lc1   	lc2
--------------------------------
sigma     +0.04 	+0.02
tau       +3.68 	+0.50
avg_mag   +18.02 	+18.37


Process Started on 2014-04-07 03:52:16.274042
It is now          2014-04-07 03:52:17.157935

time series is 2.51 days long
with  109 data points
The most common sample time distance is 0.02 days within the range of [0.01,0.03] days

1% done
10% done
25% done
50% done
75% done
DONE

Process Started on 2014-04-07 03:52:16.274042
It is now          2014-04-07 03:52:17.487303

BEST DELAY=-1.25371e+00

INITIAL PARAMETERS (average of lc1 and lc2)
-------------------------------------------
delay      = -1.25
delta_mag  = 0.34
avg_mag    = 18.02
tau        = 2.09
sigma      = 0.03

Optimization terminated successfully.
         Current function value: -846.865179
         Iterations: 112
         Function evaluations: 199

INITIAL PARAMETERS (optimization of merged light curve)
-------------------------------------------------------
delay      = -1.25
delta_mag  = 0.34
avg_mag    = 18.04
tau        = 1.53
sigma      = 0.04


-------------
RUNNING EMCEE
-------------

pos
sampler
Process Started on 2014-04-07 03:52:16.274042
It is currently    2014-04-07 03:52:19.371130
burn-in sampler.run_mcmc
	Mean acceptance fraction: 0.582
	Errors based on 16th, 50th, and 84th percentile
	Param     	MC_rec	err_up	err_low
	delay     	-1.37e+00	+1.07e-01	-1.69e-01
	delta_mag 	3.70e-01	+9.21e-03	-8.35e-03
	sigma     	4.48e-02	+7.82e-03	-7.21e-03
	tau       	1.48e+00	+2.62e-01	-2.76e-01
	avg_mag   	1.80e+01	+2.15e-02	-2.14e-02
Process Started on 2014-04-07 03:52:16.274042
It is currently    2014-04-07 03:53:06.667267
sampler.run_mcmc
Process Started on 2014-04-07 03:52:16.274042
It is currently    2014-04-07 03:59:11.045440
sampler.chain
90000
Mean acceptance fraction: 0.507
Errors based on 16th, 50th, and 84th percentile
Param     	MC_rec	err_up	err_low
delay     	-1.75e+00	+2.26e-01	-3.30e-01
delta_mag 	3.82e-01	+1.35e-02	-1.06e-02
sigma     	3.75e-02	+6.19e-03	-5.42e-03
tau       	7.53e+00	+5.17e+00	-4.17e+00
avg_mag   	1.80e+01	+4.59e-02	-4.18e-02
Process Started on 2014-04-07 03:52:16.274042
It is currently    2014-04-07 03:59:17.450150
