
SIMULATION PARAMETERS
Namespace(avg_mag=19.0, delay=1.5, delta_mag=0.3, numorbits=40, outputtag='hubble_sim_r1080', photometricerror=0.02, redshift=0.658, sigma=0.07, tau=121.0)

Process Started on 2014-04-07 02:27:58.597667
The output_tag for this run is: hubble_sim_r1080_2014_04_07_02:27

CRUDE LIGHT CURVE PARAMETERS
----------------------------
parameter lc1   	lc2
----------------------------
sigma     +0.32 	+1.19
tau       +0.02 	+0.00
avg_mag   +18.94 	+19.20


BEGINNING LIGHT CURVE PARAMETER OPTIMIZATION

Optimization terminated successfully.
         Current function value: -602.815841
         Iterations: 98
         Function evaluations: 178
Optimization terminated successfully.
         Current function value: -599.357585
         Iterations: 157
         Function evaluations: 274

OPTIMIZED LIGHT CURVE PARAMETERS
--------------------------------
parameter lc1   	lc2
--------------------------------
sigma     +0.07 	+0.06
tau       +0.26 	+0.70
avg_mag   +18.94 	+19.20


Process Started on 2014-04-07 02:27:58.597667
It is now          2014-04-07 02:27:59.509057

time series is 2.51 days long
with  116 data points
The most common sample time distance is 0.01 days within the range of [0.01,0.03] days

1% done
10% done
25% done
50% done
75% done
DONE

Process Started on 2014-04-07 02:27:58.597667
It is now          2014-04-07 02:27:59.856199

BEST DELAY=3.45093e-01

INITIAL PARAMETERS (average of lc1 and lc2)
-------------------------------------------
delay      = 0.35
delta_mag  = 0.26
avg_mag    = 18.94
tau        = 0.48
sigma      = 0.06

Optimization terminated successfully.
         Current function value: -1140.816357
         Iterations: 124
         Function evaluations: 226

INITIAL PARAMETERS (optimization of merged light curve)
-------------------------------------------------------
delay      = 0.35
delta_mag  = 0.26
avg_mag    = 18.93
tau        = 0.49
sigma      = 0.06


-------------
RUNNING EMCEE
-------------

pos
sampler
Process Started on 2014-04-07 02:27:58.597667
It is currently    2014-04-07 02:28:02.078128
burn-in sampler.run_mcmc
	Mean acceptance fraction: 0.571
	Errors based on 16th, 50th, and 84th percentile
	Param     	MC_rec	err_up	err_low
	delay     	3.42e-01	+8.12e-03	-8.47e-03
	delta_mag 	2.65e-01	+2.57e-03	-2.04e-03
	sigma     	6.04e-02	+7.24e-03	-6.24e-03
	tau       	5.02e-01	+1.28e-01	-8.73e-02
	avg_mag   	1.89e+01	+1.07e-02	-1.36e-02
Process Started on 2014-04-07 02:27:58.597667
It is currently    2014-04-07 02:28:52.110774
sampler.run_mcmc
Process Started on 2014-04-07 02:27:58.597667
It is currently    2014-04-07 02:35:20.058907
sampler.chain
90000
Mean acceptance fraction: 0.497
Errors based on 16th, 50th, and 84th percentile
Param     	MC_rec	err_up	err_low
delay     	3.42e-01	+7.34e-03	-8.19e-03
delta_mag 	2.66e-01	+2.03e-03	-2.02e-03
sigma     	5.70e-02	+5.88e-03	-5.66e-03
tau       	1.30e+00	+1.85e+00	-6.82e-01
avg_mag   	1.89e+01	+2.08e-02	-2.50e-02
Process Started on 2014-04-07 02:27:58.597667
It is currently    2014-04-07 02:35:26.527472
