
SIMULATION PARAMETERS
Namespace(avg_mag=19.0, delay=1.5, delta_mag=0.3, numorbits=40, outputtag='hubble_sim_r1269', photometricerror=0.1, redshift=0.658, sigma=0.07, tau=121.0)

Process Started on 2014-04-07 05:37:38.102893
The output_tag for this run is: hubble_sim_r1269_2014_04_07_05:37

CRUDE LIGHT CURVE PARAMETERS
----------------------------
parameter lc1   	lc2
----------------------------
sigma     +5.46 	+0.44
tau       +0.00 	+0.03
avg_mag   +19.41 	+19.62


BEGINNING LIGHT CURVE PARAMETER OPTIMIZATION

Optimization terminated successfully.
         Current function value: -270.742302
         Iterations: 65
         Function evaluations: 122
Optimization terminated successfully.
         Current function value: -275.920954
         Iterations: 53
         Function evaluations: 102

OPTIMIZED LIGHT CURVE PARAMETERS
--------------------------------
parameter lc1   	lc2
--------------------------------
sigma     +0.00 	+0.00
tau       +0.00 	+0.04
avg_mag   +19.41 	+19.62


Process Started on 2014-04-07 05:37:38.102893
It is now          2014-04-07 05:37:38.501614

time series is 2.51 days long
with  107 data points
The most common sample time distance is 0.02 days within the range of [0.01,0.03] days

1% done
10% done
25% done
50% done
75% done
DONE

Process Started on 2014-04-07 05:37:38.102893
It is now          2014-04-07 05:37:38.812110

BEST DELAY=-5.61268e-02

INITIAL PARAMETERS (average of lc1 and lc2)
-------------------------------------------
delay      = -0.06
delta_mag  = 0.21
avg_mag    = 19.41
tau        = 0.02
sigma      = 0.00

Optimization terminated successfully.
         Current function value: -546.663255
         Iterations: 57
         Function evaluations: 105

INITIAL PARAMETERS (optimization of merged light curve)
-------------------------------------------------------
delay      = -0.06
delta_mag  = 0.21
avg_mag    = 19.41
tau        = 0.01
sigma      = 0.00


-------------
RUNNING EMCEE
-------------

pos
sampler
Process Started on 2014-04-07 05:37:38.102893
It is currently    2014-04-07 05:37:40.199408
burn-in sampler.run_mcmc
	Mean acceptance fraction: 0.423
	Errors based on 16th, 50th, and 84th percentile
	Param     	MC_rec	err_up	err_low
	delay     	-5.61e-02	+5.53e-02	-6.92e-02
	delta_mag 	2.08e-01	+1.02e-02	-1.03e-02
	sigma     	1.01e-04	+7.72e-05	-7.71e-05
	tau       	1.73e-02	+3.21e-02	-1.23e-02
	avg_mag   	1.94e+01	+7.38e-03	-6.67e-03
Process Started on 2014-04-07 05:37:38.102893
It is currently    2014-04-07 05:38:11.072231
sampler.run_mcmc
Process Started on 2014-04-07 05:37:38.102893
It is currently    2014-04-07 05:42:29.593916
sampler.chain
90000
Mean acceptance fraction: 0.404
Errors based on 16th, 50th, and 84th percentile
Param     	MC_rec	err_up	err_low
delay     	-4.85e-02	+8.08e-01	-8.32e-01
delta_mag 	2.08e-01	+9.51e-03	-9.48e-03
sigma     	1.03e-04	+7.30e-05	-7.08e-05
tau       	5.29e-02	+3.77e-02	-3.55e-02
avg_mag   	1.94e+01	+6.91e-03	-6.50e-03
Process Started on 2014-04-07 05:37:38.102893
It is currently    2014-04-07 05:42:35.887809
