
SIMULATION PARAMETERS
Namespace(avg_mag=19.0, delay=1.5, delta_mag=0.3, numorbits=80, outputtag='hubble_sim_r188', photometricerror=0.05, redshift=0.658, sigma=0.07, tau=121.0)

Process Started on 2014-04-06 23:08:08.455846
The output_tag for this run is: hubble_sim_r188_2014_04_06_23:08

CRUDE LIGHT CURVE PARAMETERS
----------------------------
parameter lc1   	lc2
----------------------------
sigma     +7.75 	+0.91
tau       +0.00 	+0.05
avg_mag   +19.99 	+20.28


BEGINNING LIGHT CURVE PARAMETER OPTIMIZATION

Optimization terminated successfully.
         Current function value: -386.467470
         Iterations: 56
         Function evaluations: 111
Optimization terminated successfully.
         Current function value: -820.120584
         Iterations: 129
         Function evaluations: 223

OPTIMIZED LIGHT CURVE PARAMETERS
--------------------------------
parameter lc1   	lc2
--------------------------------
sigma     +6.43 	+0.07
tau       +0.00 	+3.27
avg_mag   +19.99 	+20.29


Process Started on 2014-04-06 23:08:08.455846
It is now          2014-04-06 23:08:10.593177

time series is 5.00 days long
with  217 data points
The most common sample time distance is 0.01 days within the range of [0.01,0.01] days

1% done
10% done
25% done
50% done
75% done
DONE

Process Started on 2014-04-06 23:08:08.455846
It is now          2014-04-06 23:08:11.647868

BEST DELAY=9.99348e-01

INITIAL PARAMETERS (average of lc1 and lc2)
-------------------------------------------
delay      = 1.00
delta_mag  = 0.30
avg_mag    = 19.99
tau        = 1.63
sigma      = 3.25

Optimization terminated successfully.
         Current function value: -1480.697337
         Iterations: 120
         Function evaluations: 219

INITIAL PARAMETERS (optimization of merged light curve)
-------------------------------------------------------
delay      = 1.00
delta_mag  = 0.30
avg_mag    = 19.97
tau        = 2.79
sigma      = 0.07


-------------
RUNNING EMCEE
-------------

pos
sampler
Process Started on 2014-04-06 23:08:08.455846
It is currently    2014-04-06 23:08:16.117242
burn-in sampler.run_mcmc
	Mean acceptance fraction: 0.520
	Errors based on 16th, 50th, and 84th percentile
	Param     	MC_rec	err_up	err_low
	delay     	1.36e+00	+1.11e-01	-1.68e-01
	delta_mag 	2.96e-01	+8.13e-03	-9.92e-03
	sigma     	8.08e-02	+1.29e-02	-1.24e-02
	tau       	3.00e+00	+2.12e-01	-1.40e-01
	avg_mag   	2.01e+01	+1.05e-01	-7.78e-02
Process Started on 2014-04-06 23:08:08.455846
It is currently    2014-04-06 23:10:44.747907
sampler.run_mcmc
Process Started on 2014-04-06 23:08:08.455846
It is currently    2014-04-06 23:27:50.793756
sampler.chain
90000
Mean acceptance fraction: 0.509
Errors based on 16th, 50th, and 84th percentile
Param     	MC_rec	err_up	err_low
delay     	1.50e+00	+1.95e-02	-1.88e-02
delta_mag 	3.00e-01	+4.18e-03	-4.08e-03
sigma     	6.81e-02	+5.84e-03	-5.06e-03
tau       	8.32e+00	+1.03e+01	-4.83e+00
avg_mag   	2.00e+01	+8.24e-02	-8.09e-02
Process Started on 2014-04-06 23:08:08.455846
It is currently    2014-04-06 23:27:59.984034
