
SIMULATION PARAMETERS
Namespace(avg_mag=19.0, delay=1.5, delta_mag=0.3, numorbits=40, outputtag='hubble_sim_r1120', photometricerror=0.05, redshift=0.658, sigma=0.07, tau=121.0)

Process Started on 2014-04-07 03:08:06.851059
The output_tag for this run is: hubble_sim_r1120_2014_04_07_03:08

CRUDE LIGHT CURVE PARAMETERS
----------------------------
parameter lc1   	lc2
----------------------------
sigma     +0.46 	+0.22
tau       +0.00 	+0.08
avg_mag   +19.80 	+20.11


BEGINNING LIGHT CURVE PARAMETER OPTIMIZATION

Optimization terminated successfully.
         Current function value: -418.279401
         Iterations: 53
         Function evaluations: 102
Optimization terminated successfully.
         Current function value: -415.952964
         Iterations: 102
         Function evaluations: 186

OPTIMIZED LIGHT CURVE PARAMETERS
--------------------------------
parameter lc1   	lc2
--------------------------------
sigma     +0.00 	+0.04
tau       +0.01 	+0.72
avg_mag   +19.80 	+20.12


Process Started on 2014-04-07 03:08:06.851059
It is now          2014-04-07 03:08:07.380824

time series is 2.52 days long
with  106 data points
The most common sample time distance is 0.01 days within the range of [0.01,0.03] days

1% done
10% done
25% done
50% done
75% done
DONE

Process Started on 2014-04-07 03:08:06.851059
It is now          2014-04-07 03:08:07.699524

BEST DELAY=-9.58096e-01

INITIAL PARAMETERS (average of lc1 and lc2)
-------------------------------------------
delay      = -0.96
delta_mag  = 0.32
avg_mag    = 19.80
tau        = 0.36
sigma      = 0.02

Optimization terminated successfully.
         Current function value: -836.217108
         Iterations: 144
         Function evaluations: 257

INITIAL PARAMETERS (optimization of merged light curve)
-------------------------------------------------------
delay      = -0.96
delta_mag  = 0.32
avg_mag    = 19.80
tau        = 0.70
sigma      = 0.03


-------------
RUNNING EMCEE
-------------

pos
sampler
Process Started on 2014-04-07 03:08:06.851059
It is currently    2014-04-07 03:08:09.588124
burn-in sampler.run_mcmc
	Mean acceptance fraction: 0.574
	Errors based on 16th, 50th, and 84th percentile
	Param     	MC_rec	err_up	err_low
	delay     	-9.87e-01	+2.37e-01	-2.09e-01
	delta_mag 	3.20e-01	+8.23e-03	-6.46e-03
	sigma     	2.71e-02	+8.51e-03	-6.77e-03
	tau       	7.68e-01	+3.92e-01	-2.30e-01
	avg_mag   	1.98e+01	+8.53e-03	-9.12e-03
Process Started on 2014-04-07 03:08:06.851059
It is currently    2014-04-07 03:08:53.704085
sampler.run_mcmc
Process Started on 2014-04-07 03:08:06.851059
It is currently    2014-04-07 03:14:35.130982
sampler.chain
90000
Mean acceptance fraction: 0.496
Errors based on 16th, 50th, and 84th percentile
Param     	MC_rec	err_up	err_low
delay     	-1.10e+00	+3.41e-01	-3.01e-01
delta_mag 	3.24e-01	+1.03e-02	-8.00e-03
sigma     	2.45e-02	+7.19e-03	-5.85e-03
tau       	2.18e+00	+2.74e+00	-1.30e+00
avg_mag   	1.98e+01	+1.34e-02	-1.45e-02
Process Started on 2014-04-07 03:08:06.851059
It is currently    2014-04-07 03:14:41.369015
