
SIMULATION PARAMETERS
Namespace(avg_mag=19.0, delay=1.5, delta_mag=0.3, numorbits=40, outputtag='hubble_sim_r1083', photometricerror=0.02, redshift=0.658, sigma=0.07, tau=121.0)

Process Started on 2014-04-07 02:30:59.131170
The output_tag for this run is: hubble_sim_r1083_2014_04_07_02:30

CRUDE LIGHT CURVE PARAMETERS
----------------------------
parameter lc1   	lc2
----------------------------
sigma     +0.38 	+2.44
tau       +0.23 	+0.00
avg_mag   +19.14 	+19.32


BEGINNING LIGHT CURVE PARAMETER OPTIMIZATION

Optimization terminated successfully.
         Current function value: -583.187340
         Iterations: 132
         Function evaluations: 235
Optimization terminated successfully.
         Current function value: -582.958056
         Iterations: 180
         Function evaluations: 317

OPTIMIZED LIGHT CURVE PARAMETERS
--------------------------------
parameter lc1   	lc2
--------------------------------
sigma     +0.06 	+0.06
tau       +1.65 	+6.33
avg_mag   +19.10 	+19.34


Process Started on 2014-04-07 02:30:59.131170
It is now          2014-04-07 02:31:00.181619

time series is 2.51 days long
with  113 data points
The most common sample time distance is 0.01 days within the range of [0.01,0.03] days

1% done
10% done
25% done
50% done
75% done
DONE

Process Started on 2014-04-07 02:30:59.131170
It is now          2014-04-07 02:31:00.509297

BEST DELAY=1.04703e+00

INITIAL PARAMETERS (average of lc1 and lc2)
-------------------------------------------
delay      = 1.05
delta_mag  = 0.24
avg_mag    = 19.10
tau        = 3.99
sigma      = 0.06

Optimization terminated successfully.
         Current function value: -1119.541678
         Iterations: 132
         Function evaluations: 234

INITIAL PARAMETERS (optimization of merged light curve)
-------------------------------------------------------
delay      = 1.05
delta_mag  = 0.24
avg_mag    = 19.06
tau        = 3.27
sigma      = 0.06


-------------
RUNNING EMCEE
-------------

pos
sampler
Process Started on 2014-04-07 02:30:59.131170
It is currently    2014-04-07 02:31:02.352918
burn-in sampler.run_mcmc
	Mean acceptance fraction: 0.533
	Errors based on 16th, 50th, and 84th percentile
	Param     	MC_rec	err_up	err_low
	delay     	1.03e+00	+1.42e-02	-5.05e-02
	delta_mag 	2.32e-01	+4.55e-03	-6.11e-03
	sigma     	5.89e-02	+6.10e-03	-5.59e-03
	tau       	3.28e+00	+1.46e-01	-1.04e-01
	avg_mag   	1.91e+01	+4.31e-02	-4.47e-02
Process Started on 2014-04-07 02:30:59.131170
It is currently    2014-04-07 02:31:49.627459
sampler.run_mcmc
Process Started on 2014-04-07 02:30:59.131170
It is currently    2014-04-07 02:38:06.419429
sampler.chain
90000
Mean acceptance fraction: 0.347
Errors based on 16th, 50th, and 84th percentile
Param     	MC_rec	err_up	err_low
delay     	1.47e+00	+2.87e-02	-5.01e-01
delta_mag 	2.91e-01	+8.08e-03	-6.64e-02
sigma     	5.95e-02	+5.00e-03	-4.61e-03
tau       	1.07e+01	+1.30e+01	-6.63e+00
avg_mag   	1.90e+01	+8.15e-02	-9.93e-02
Process Started on 2014-04-07 02:30:59.131170
It is currently    2014-04-07 02:38:12.559440
