
SIMULATION PARAMETERS
Namespace(avg_mag=19.0, delay=1.5, delta_mag=0.3, numorbits=80, outputtag='hubble_sim_r246', photometricerror=0.1, redshift=0.658, sigma=0.07, tau=121.0)

Process Started on 2014-04-07 00:10:28.549534
The output_tag for this run is: hubble_sim_r246_2014_04_07_00:10

CRUDE LIGHT CURVE PARAMETERS
----------------------------
parameter lc1   	lc2
----------------------------
sigma     +0.63 	+0.52
tau       +0.08 	+0.08
avg_mag   +19.21 	+19.53


BEGINNING LIGHT CURVE PARAMETER OPTIMIZATION

Optimization terminated successfully.
         Current function value: -584.041365
         Iterations: 133
         Function evaluations: 239
Optimization terminated successfully.
         Current function value: -576.754171
         Iterations: 130
         Function evaluations: 234

OPTIMIZED LIGHT CURVE PARAMETERS
--------------------------------
parameter lc1   	lc2
--------------------------------
sigma     +0.04 	+0.06
tau       +7.25 	+2.65
avg_mag   +19.21 	+19.49


Process Started on 2014-04-07 00:10:28.549534
It is now          2014-04-07 00:10:31.640523

time series is 5.00 days long
with  222 data points
The most common sample time distance is 0.01 days within the range of [0.01,0.01] days

1% done
10% done
25% done
50% done
75% done
DONE

Process Started on 2014-04-07 00:10:28.549534
It is now          2014-04-07 00:10:32.707032

BEST DELAY=1.79785e+00

INITIAL PARAMETERS (average of lc1 and lc2)
-------------------------------------------
delay      = 1.80
delta_mag  = 0.27
avg_mag    = 19.21
tau        = 4.95
sigma      = 0.05

Optimization terminated successfully.
         Current function value: -1170.108203
         Iterations: 131
         Function evaluations: 243

INITIAL PARAMETERS (optimization of merged light curve)
-------------------------------------------------------
delay      = 1.80
delta_mag  = 0.27
avg_mag    = 19.18
tau        = 4.39
sigma      = 0.05


-------------
RUNNING EMCEE
-------------

pos
sampler
Process Started on 2014-04-07 00:10:28.549534
It is currently    2014-04-07 00:10:37.553554
burn-in sampler.run_mcmc
	Mean acceptance fraction: 0.591
	Errors based on 16th, 50th, and 84th percentile
	Param     	MC_rec	err_up	err_low
	delay     	1.63e+00	+1.83e-01	-1.66e-01
	delta_mag 	2.92e-01	+1.10e-02	-1.20e-02
	sigma     	5.54e-02	+8.28e-03	-7.94e-03
	tau       	4.41e+00	+2.82e-01	-2.04e-01
	avg_mag   	1.92e+01	+4.99e-02	-4.58e-02
Process Started on 2014-04-07 00:10:28.549534
It is currently    2014-04-07 00:12:56.991851
sampler.run_mcmc
Process Started on 2014-04-07 00:10:28.549534
It is currently    2014-04-07 00:33:08.974455
sampler.chain
90000
Mean acceptance fraction: 0.505
Errors based on 16th, 50th, and 84th percentile
Param     	MC_rec	err_up	err_low
delay     	1.52e+00	+1.30e-01	-1.09e-01
delta_mag 	2.98e-01	+9.38e-03	-9.53e-03
sigma     	5.31e-02	+7.59e-03	-6.57e-03
tau       	1.63e+01	+1.72e+01	-1.05e+01
avg_mag   	1.91e+01	+8.54e-02	-1.00e-01
Process Started on 2014-04-07 00:10:28.549534
It is currently    2014-04-07 00:33:19.555187
