
SIMULATION PARAMETERS
Namespace(avg_mag=19.0, delay=1.5, delta_mag=0.3, numorbits=40, outputtag='hubble_sim_r1038', photometricerror=0.02, redshift=0.658, sigma=0.07, tau=121.0)

Process Started on 2014-04-07 01:45:49.468881
The output_tag for this run is: hubble_sim_r1038_2014_04_07_01:45

CRUDE LIGHT CURVE PARAMETERS
----------------------------
parameter lc1   	lc2
----------------------------
sigma     +0.69 	+0.32
tau       +0.02 	+0.07
avg_mag   +18.35 	+18.57


BEGINNING LIGHT CURVE PARAMETER OPTIMIZATION

Optimization terminated successfully.
         Current function value: -523.576297
         Iterations: 143
         Function evaluations: 249
Optimization terminated successfully.
         Current function value: -515.014365
         Iterations: 101
         Function evaluations: 184

OPTIMIZED LIGHT CURVE PARAMETERS
--------------------------------
parameter lc1   	lc2
--------------------------------
sigma     +0.05 	+0.07
tau       +6.17 	+0.70
avg_mag   +18.38 	+18.57


Process Started on 2014-04-07 01:45:49.468881
It is now          2014-04-07 01:45:50.219489

time series is 2.51 days long
with  101 data points
The most common sample time distance is 0.02 days within the range of [0.01,0.03] days

1% done
10% done
25% done
50% done
75% done
DONE

Process Started on 2014-04-07 01:45:49.468881
It is now          2014-04-07 01:45:50.527240

BEST DELAY=-1.05482e+00

INITIAL PARAMETERS (average of lc1 and lc2)
-------------------------------------------
delay      = -1.05
delta_mag  = 0.19
avg_mag    = 18.38
tau        = 3.44
sigma      = 0.06

Optimization terminated successfully.
         Current function value: -910.192187
         Iterations: 120
         Function evaluations: 214

INITIAL PARAMETERS (optimization of merged light curve)
-------------------------------------------------------
delay      = -1.05
delta_mag  = 0.19
avg_mag    = 18.35
tau        = 2.33
sigma      = 0.05


-------------
RUNNING EMCEE
-------------

pos
sampler
Process Started on 2014-04-07 01:45:49.468881
It is currently    2014-04-07 01:45:52.241771
burn-in sampler.run_mcmc
	Mean acceptance fraction: 0.508
	Errors based on 16th, 50th, and 84th percentile
	Param     	MC_rec	err_up	err_low
	delay     	-1.10e+00	+1.41e-02	-4.87e-02
	delta_mag 	1.74e-01	+4.57e-03	-5.72e-03
	sigma     	5.75e-02	+7.55e-03	-6.72e-03
	tau       	2.36e+00	+1.80e-01	-1.76e-01
	avg_mag   	1.84e+01	+3.53e-02	-3.33e-02
Process Started on 2014-04-07 01:45:49.468881
It is currently    2014-04-07 01:46:35.625851
sampler.run_mcmc
Process Started on 2014-04-07 01:45:49.468881
It is currently    2014-04-07 01:52:25.562591
sampler.chain
90000
Mean acceptance fraction: 0.508
Errors based on 16th, 50th, and 84th percentile
Param     	MC_rec	err_up	err_low
delay     	-2.06e+00	+4.96e-02	-4.38e-02
delta_mag 	6.73e-02	+6.98e-03	-6.62e-03
sigma     	5.81e-02	+5.73e-03	-4.60e-03
tau       	1.20e+01	+7.33e+00	-6.67e+00
avg_mag   	1.84e+01	+9.45e-02	-9.57e-02
Process Started on 2014-04-07 01:45:49.468881
It is currently    2014-04-07 01:52:31.719015
