
SIMULATION PARAMETERS
Namespace(avg_mag=19.0, delay=1.5, delta_mag=0.3, numorbits=80, outputtag='hubble_sim_r20', photometricerror=0.02, redshift=0.658, sigma=0.07, tau=121.0)

Process Started on 2014-04-06 19:56:09.181176
The output_tag for this run is: hubble_sim_r20_2014_04_06_19:56

CRUDE LIGHT CURVE PARAMETERS
----------------------------
parameter lc1   	lc2
----------------------------
sigma     +0.47 	+0.87
tau       +0.04 	+0.02
avg_mag   +19.12 	+19.47


BEGINNING LIGHT CURVE PARAMETER OPTIMIZATION

Optimization terminated successfully.
         Current function value: -1140.701278
         Iterations: 126
         Function evaluations: 217
Optimization terminated successfully.
         Current function value: -1128.407744
         Iterations: 151
         Function evaluations: 262

OPTIMIZED LIGHT CURVE PARAMETERS
--------------------------------
parameter lc1   	lc2
--------------------------------
sigma     +0.04 	+0.05
tau       +4.90 	+3.93
avg_mag   +19.16 	+19.46


Process Started on 2014-04-06 19:56:09.181176
It is now          2014-04-06 19:56:12.292154

time series is 5.00 days long
with  216 data points
The most common sample time distance is 0.01 days within the range of [0.01,0.01] days

1% done
10% done
25% done
50% done
75% done
DONE

Process Started on 2014-04-06 19:56:09.181176
It is now          2014-04-06 19:56:13.349040

BEST DELAY=1.49806e+00

INITIAL PARAMETERS (average of lc1 and lc2)
-------------------------------------------
delay      = 1.50
delta_mag  = 0.30
avg_mag    = 19.16
tau        = 4.42
sigma      = 0.05

Optimization terminated successfully.
         Current function value: -2330.352320
         Iterations: 144
         Function evaluations: 260

INITIAL PARAMETERS (optimization of merged light curve)
-------------------------------------------------------
delay      = 1.50
delta_mag  = 0.30
avg_mag    = 19.16
tau        = 3.78
sigma      = 0.05


-------------
RUNNING EMCEE
-------------

pos
sampler
Process Started on 2014-04-06 19:56:09.181176
It is currently    2014-04-06 19:56:18.581259
burn-in sampler.run_mcmc
	Mean acceptance fraction: 0.580
	Errors based on 16th, 50th, and 84th percentile
	Param     	MC_rec	err_up	err_low
	delay     	1.50e+00	+7.09e-03	-7.80e-03
	delta_mag 	3.00e-01	+1.93e-03	-1.82e-03
	sigma     	4.97e-02	+3.60e-03	-3.56e-03
	tau       	3.78e+00	+1.83e-01	-1.73e-01
	avg_mag   	1.92e+01	+3.98e-02	-3.74e-02
Process Started on 2014-04-06 19:56:09.181176
It is currently    2014-04-06 19:58:47.901524
sampler.run_mcmc
Process Started on 2014-04-06 19:56:09.181176
It is currently    2014-04-06 20:18:37.356808
sampler.chain
90000
Mean acceptance fraction: 0.515
Errors based on 16th, 50th, and 84th percentile
Param     	MC_rec	err_up	err_low
delay     	1.50e+00	+6.34e-03	-6.32e-03
delta_mag 	3.00e-01	+1.67e-03	-1.63e-03
sigma     	4.95e-02	+3.61e-03	-3.29e-03
tau       	1.27e+01	+1.51e+01	-7.87e+00
avg_mag   	1.92e+01	+7.64e-02	-7.34e-02
Process Started on 2014-04-06 19:56:09.181176
It is currently    2014-04-06 20:18:47.488351
