
SIMULATION PARAMETERS
Namespace(avg_mag=19.0, delay=1.5, delta_mag=0.3, numorbits=40, outputtag='hubble_sim_r1225', photometricerror=0.1, redshift=0.658, sigma=0.07, tau=121.0)

Process Started on 2014-04-07 04:53:29.006935
The output_tag for this run is: hubble_sim_r1225_2014_04_07_04:53

CRUDE LIGHT CURVE PARAMETERS
----------------------------
parameter lc1   	lc2
----------------------------
sigma     +0.97 	+0.53
tau       +0.01 	+0.02
avg_mag   +18.40 	+18.61


BEGINNING LIGHT CURVE PARAMETER OPTIMIZATION

Optimization terminated successfully.
         Current function value: -263.851497
         Iterations: 58
         Function evaluations: 108
Optimization terminated successfully.
         Current function value: -270.713097
         Iterations: 57
         Function evaluations: 104

OPTIMIZED LIGHT CURVE PARAMETERS
--------------------------------
parameter lc1   	lc2
--------------------------------
sigma     +0.00 	+0.00
tau       +0.01 	+0.03
avg_mag   +18.40 	+18.61


Process Started on 2014-04-07 04:53:29.006935
It is now          2014-04-07 04:53:29.404143

time series is 2.50 days long
with  108 data points
The most common sample time distance is 0.02 days within the range of [0.01,0.03] days

1% done
10% done
25% done
50% done
75% done
DONE

Process Started on 2014-04-07 04:53:29.006935
It is now          2014-04-07 04:53:29.717515

BEST DELAY=-5.07096e-02

INITIAL PARAMETERS (average of lc1 and lc2)
-------------------------------------------
delay      = -0.05
delta_mag  = 0.21
avg_mag    = 18.40
tau        = 0.02
sigma      = 0.00

Optimization terminated successfully.
         Current function value: -534.564595
         Iterations: 62
         Function evaluations: 116

INITIAL PARAMETERS (optimization of merged light curve)
-------------------------------------------------------
delay      = -0.05
delta_mag  = 0.21
avg_mag    = 18.40
tau        = 0.01
sigma      = 0.00


-------------
RUNNING EMCEE
-------------

pos
sampler
Process Started on 2014-04-07 04:53:29.006935
It is currently    2014-04-07 04:53:31.169199
burn-in sampler.run_mcmc
	Mean acceptance fraction: 0.453
	Errors based on 16th, 50th, and 84th percentile
	Param     	MC_rec	err_up	err_low
	delay     	-5.10e-02	+6.03e-02	-6.56e-02
	delta_mag 	2.08e-01	+1.03e-02	-1.04e-02
	sigma     	1.59e-04	+9.87e-05	-1.11e-04
	tau       	1.57e-02	+2.71e-02	-1.01e-02
	avg_mag   	1.84e+01	+8.30e-03	-7.38e-03
Process Started on 2014-04-07 04:53:29.006935
It is currently    2014-04-07 04:54:04.997773
sampler.run_mcmc
Process Started on 2014-04-07 04:53:29.006935
It is currently    2014-04-07 04:58:34.580564
sampler.chain
90000
Mean acceptance fraction: 0.405
Errors based on 16th, 50th, and 84th percentile
Param     	MC_rec	err_up	err_low
delay     	-3.29e-02	+8.23e-01	-8.23e-01
delta_mag 	2.09e-01	+9.30e-03	-9.56e-03
sigma     	1.48e-04	+9.71e-05	-1.00e-04
tau       	5.76e-02	+4.16e-02	-3.91e-02
avg_mag   	1.84e+01	+6.53e-03	-6.59e-03
Process Started on 2014-04-07 04:53:29.006935
It is currently    2014-04-07 04:58:40.933568
