
SIMULATION PARAMETERS
Namespace(avg_mag=19.0, delay=1.5, delta_mag=0.3, numorbits=80, outputtag='hubble_sim_r182', photometricerror=0.05, redshift=0.658, sigma=0.07, tau=121.0)

Process Started on 2014-04-06 23:01:06.618650
The output_tag for this run is: hubble_sim_r182_2014_04_06_23:01

CRUDE LIGHT CURVE PARAMETERS
----------------------------
parameter lc1   	lc2
----------------------------
sigma     +0.35 	+0.30
tau       +0.62 	+0.04
avg_mag   +18.49 	+18.77


BEGINNING LIGHT CURVE PARAMETER OPTIMIZATION

Optimization terminated successfully.
         Current function value: -834.760705
         Iterations: 141
         Function evaluations: 259
Optimization terminated successfully.
         Current function value: -841.276798
         Iterations: 127
         Function evaluations: 234

OPTIMIZED LIGHT CURVE PARAMETERS
--------------------------------
parameter lc1   	lc2
--------------------------------
sigma     +0.05 	+0.04
tau       +2.04 	+0.88
avg_mag   +18.51 	+18.76


Process Started on 2014-04-06 23:01:06.618650
It is now          2014-04-06 23:01:09.827240

time series is 5.01 days long
with  216 data points
The most common sample time distance is 0.01 days within the range of [0.01,0.01] days

1% done
10% done
25% done
50% done
75% done
DONE

Process Started on 2014-04-06 23:01:06.618650
It is now          2014-04-06 23:01:10.923218

BEST DELAY=2.49599e+00

INITIAL PARAMETERS (average of lc1 and lc2)
-------------------------------------------
delay      = 2.50
delta_mag  = 0.25
avg_mag    = 18.51
tau        = 1.46
sigma      = 0.05

Optimization terminated successfully.
         Current function value: -1647.264673
         Iterations: 104
         Function evaluations: 188

INITIAL PARAMETERS (optimization of merged light curve)
-------------------------------------------------------
delay      = 2.50
delta_mag  = 0.25
avg_mag    = 18.51
tau        = 1.81
sigma      = 0.05


-------------
RUNNING EMCEE
-------------

pos
sampler
Process Started on 2014-04-06 23:01:06.618650
It is currently    2014-04-06 23:01:15.663157
burn-in sampler.run_mcmc
	Mean acceptance fraction: 0.508
	Errors based on 16th, 50th, and 84th percentile
	Param     	MC_rec	err_up	err_low
	delay     	2.57e+00	+5.51e-01	-9.91e-01
	delta_mag 	2.79e-01	+1.24e-02	-7.81e-03
	sigma     	4.84e-02	+7.87e-03	-6.63e-03
	tau       	1.81e+00	+6.62e-01	-4.80e-01
	avg_mag   	1.85e+01	+2.42e-02	-2.91e-02
Process Started on 2014-04-06 23:01:06.618650
It is currently    2014-04-06 23:03:42.998738
sampler.run_mcmc
Process Started on 2014-04-06 23:01:06.618650
It is currently    2014-04-06 23:22:04.510426
sampler.chain
90000
Mean acceptance fraction: 0.338
Errors based on 16th, 50th, and 84th percentile
Param     	MC_rec	err_up	err_low
delay     	1.54e+00	+2.11e+00	-5.28e-02
delta_mag 	2.94e-01	+6.41e-03	-2.63e-02
sigma     	4.68e-02	+6.07e-03	-5.04e-03
tau       	5.80e+00	+7.22e+00	-3.47e+00
avg_mag   	1.85e+01	+4.25e-02	-4.45e-02
Process Started on 2014-04-06 23:01:06.618650
It is currently    2014-04-06 23:22:12.930007
