
SIMULATION PARAMETERS
Namespace(avg_mag=19.0, delay=1.5, delta_mag=0.3, numorbits=40, outputtag='hubble_sim_r1197', photometricerror=0.05, redshift=0.658, sigma=0.07, tau=121.0)

Process Started on 2014-04-07 04:25:23.410787
The output_tag for this run is: hubble_sim_r1197_2014_04_07_04:25

CRUDE LIGHT CURVE PARAMETERS
----------------------------
parameter lc1   	lc2
----------------------------
sigma     +0.16 	+0.29
tau       +0.03 	+0.13
avg_mag   +18.79 	+19.13


BEGINNING LIGHT CURVE PARAMETER OPTIMIZATION

Optimization terminated successfully.
         Current function value: -448.641750
         Iterations: 50
         Function evaluations: 94
Optimization terminated successfully.
         Current function value: -432.399441
         Iterations: 115
         Function evaluations: 210

OPTIMIZED LIGHT CURVE PARAMETERS
--------------------------------
parameter lc1   	lc2
--------------------------------
sigma     +0.00 	+0.05
tau       +0.04 	+0.90
avg_mag   +18.79 	+19.12


Process Started on 2014-04-07 04:25:23.410787
It is now          2014-04-07 04:25:24.009163

time series is 2.51 days long
with  111 data points
The most common sample time distance is 0.01 days within the range of [0.02,0.01] days

1% done
10% done
25% done
50% done
75% done
DONE

Process Started on 2014-04-07 04:25:23.410787
It is now          2014-04-07 04:25:24.387833

BEST DELAY=-7.55511e-01

INITIAL PARAMETERS (average of lc1 and lc2)
-------------------------------------------
delay      = -0.76
delta_mag  = 0.32
avg_mag    = 18.79
tau        = 0.47
sigma      = 0.02

Optimization terminated successfully.
         Current function value: -871.596034
         Iterations: 47
         Function evaluations: 92

INITIAL PARAMETERS (optimization of merged light curve)
-------------------------------------------------------
delay      = -0.76
delta_mag  = 0.32
avg_mag    = 18.79
tau        = 0.60
sigma      = 0.04


-------------
RUNNING EMCEE
-------------

pos
sampler
Process Started on 2014-04-07 04:25:23.410787
It is currently    2014-04-07 04:25:25.741793
burn-in sampler.run_mcmc
	Mean acceptance fraction: 0.568
	Errors based on 16th, 50th, and 84th percentile
	Param     	MC_rec	err_up	err_low
	delay     	-7.98e-01	+7.98e-02	-1.20e-01
	delta_mag 	3.41e-01	+7.14e-03	-6.85e-03
	sigma     	4.04e-02	+8.26e-03	-6.89e-03
	tau       	6.06e-01	+1.02e-01	-7.11e-02
	avg_mag   	1.88e+01	+1.00e-02	-1.03e-02
Process Started on 2014-04-07 04:25:23.410787
It is currently    2014-04-07 04:26:12.945425
sampler.run_mcmc
Process Started on 2014-04-07 04:25:23.410787
It is currently    2014-04-07 04:32:31.694859
sampler.chain
90000
Mean acceptance fraction: 0.516
Errors based on 16th, 50th, and 84th percentile
Param     	MC_rec	err_up	err_low
delay     	-9.16e-01	+1.00e-01	-9.49e-02
delta_mag 	3.45e-01	+6.32e-03	-6.12e-03
sigma     	3.40e-02	+6.38e-03	-5.29e-03
tau       	2.64e+00	+2.13e+00	-1.41e+00
avg_mag   	1.88e+01	+1.97e-02	-2.30e-02
Process Started on 2014-04-07 04:25:23.410787
It is currently    2014-04-07 04:32:37.984316
