
SIMULATION PARAMETERS
Namespace(avg_mag=19.0, delay=1.5, delta_mag=0.3, numorbits=40, outputtag='hubble_sim_r1152', photometricerror=0.05, redshift=0.658, sigma=0.07, tau=121.0)

Process Started on 2014-04-07 03:40:13.654243
The output_tag for this run is: hubble_sim_r1152_2014_04_07_03:40

CRUDE LIGHT CURVE PARAMETERS
----------------------------
parameter lc1   	lc2
----------------------------
sigma     +0.35 	+0.24
tau       +0.04 	+0.41
avg_mag   +18.00 	+18.30


BEGINNING LIGHT CURVE PARAMETER OPTIMIZATION

Optimization terminated successfully.
         Current function value: -421.448509
         Iterations: 104
         Function evaluations: 185
Optimization terminated successfully.
         Current function value: -425.603493
         Iterations: 107
         Function evaluations: 194

OPTIMIZED LIGHT CURVE PARAMETERS
--------------------------------
parameter lc1   	lc2
--------------------------------
sigma     +0.06 	+0.05
tau       +0.61 	+0.72
avg_mag   +17.99 	+18.29


Process Started on 2014-04-07 03:40:13.654243
It is now          2014-04-07 03:40:14.380424

time series is 2.50 days long
with  110 data points
The most common sample time distance is 0.01 days within the range of [0.00,0.02] days

1% done
10% done
25% done
50% done
75% done
DONE

Process Started on 2014-04-07 03:40:13.654243
It is now          2014-04-07 03:40:14.702313

BEST DELAY=-2.50444e-01

INITIAL PARAMETERS (average of lc1 and lc2)
-------------------------------------------
delay      = -0.25
delta_mag  = 0.29
avg_mag    = 17.99
tau        = 0.66
sigma      = 0.06

Optimization terminated successfully.
         Current function value: -847.726691
         Iterations: 128
         Function evaluations: 231

INITIAL PARAMETERS (optimization of merged light curve)
-------------------------------------------------------
delay      = -0.25
delta_mag  = 0.29
avg_mag    = 17.99
tau        = 0.72
sigma      = 0.05


-------------
RUNNING EMCEE
-------------

pos
sampler
Process Started on 2014-04-07 03:40:13.654243
It is currently    2014-04-07 03:40:16.575151
burn-in sampler.run_mcmc
	Mean acceptance fraction: 0.579
	Errors based on 16th, 50th, and 84th percentile
	Param     	MC_rec	err_up	err_low
	delay     	-2.35e-01	+6.05e-02	-5.69e-02
	delta_mag 	2.98e-01	+5.44e-03	-5.62e-03
	sigma     	5.13e-02	+9.34e-03	-8.33e-03
	tau       	7.34e-01	+7.90e-02	-7.06e-02
	avg_mag   	1.80e+01	+1.52e-02	-1.41e-02
Process Started on 2014-04-07 03:40:13.654243
It is currently    2014-04-07 03:41:04.904848
sampler.run_mcmc
Process Started on 2014-04-07 03:40:13.654243
It is currently    2014-04-07 03:47:25.003357
sampler.chain
90000
Mean acceptance fraction: 0.506
Errors based on 16th, 50th, and 84th percentile
Param     	MC_rec	err_up	err_low
delay     	-2.27e-01	+5.75e-02	-6.68e-02
delta_mag 	2.99e-01	+4.89e-03	-4.82e-03
sigma     	4.82e-02	+8.04e-03	-6.82e-03
tau       	2.34e+00	+2.86e+00	-1.41e+00
avg_mag   	1.80e+01	+2.71e-02	-3.37e-02
Process Started on 2014-04-07 03:40:13.654243
It is currently    2014-04-07 03:47:31.241733
