
SIMULATION PARAMETERS
Namespace(avg_mag=19.0, delay=1.5, delta_mag=0.3, numorbits=80, outputtag='hubble_sim_r91', photometricerror=0.02, redshift=0.658, sigma=0.07, tau=121.0)

Process Started on 2014-04-06 21:21:51.628280
The output_tag for this run is: hubble_sim_r91_2014_04_06_21:21

CRUDE LIGHT CURVE PARAMETERS
----------------------------
parameter lc1   	lc2
----------------------------
sigma     +0.36 	+0.72
tau       +0.06 	+0.11
avg_mag   +19.44 	+19.78


BEGINNING LIGHT CURVE PARAMETER OPTIMIZATION

Optimization terminated successfully.
         Current function value: -1158.695162
         Iterations: 125
         Function evaluations: 216
Optimization terminated successfully.
         Current function value: -1162.959766
         Iterations: 162
         Function evaluations: 282

OPTIMIZED LIGHT CURVE PARAMETERS
--------------------------------
parameter lc1   	lc2
--------------------------------
sigma     +0.05 	+0.04
tau       +2.87 	+11.87
avg_mag   +19.47 	+19.80


Process Started on 2014-04-06 21:21:51.628280
It is now          2014-04-06 21:21:54.945387

time series is 5.01 days long
with  220 data points
The most common sample time distance is 0.01 days within the range of [0.01,0.01] days

1% done
10% done
25% done
50% done
75% done
DONE

Process Started on 2014-04-06 21:21:51.628280
It is now          2014-04-06 21:21:56.040876

BEST DELAY=1.49449e+00

INITIAL PARAMETERS (average of lc1 and lc2)
-------------------------------------------
delay      = 1.49
delta_mag  = 0.34
avg_mag    = 19.47
tau        = 7.37
sigma      = 0.05

Optimization terminated successfully.
         Current function value: -2154.658969
         Iterations: 138
         Function evaluations: 247

INITIAL PARAMETERS (optimization of merged light curve)
-------------------------------------------------------
delay      = 1.49
delta_mag  = 0.34
avg_mag    = 19.49
tau        = 5.09
sigma      = 0.05


-------------
RUNNING EMCEE
-------------

pos
sampler
Process Started on 2014-04-06 21:21:51.628280
It is currently    2014-04-06 21:22:01.375360
burn-in sampler.run_mcmc
	Mean acceptance fraction: 0.520
	Errors based on 16th, 50th, and 84th percentile
	Param     	MC_rec	err_up	err_low
	delay     	1.50e+00	+8.74e-03	-8.58e-03
	delta_mag 	3.01e-01	+2.92e-03	-2.21e-03
	sigma     	4.89e-02	+5.05e-03	-4.41e-03
	tau       	5.10e+00	+1.08e-01	-1.04e-01
	avg_mag   	1.95e+01	+3.28e-02	-3.07e-02
Process Started on 2014-04-06 21:21:51.628280
It is currently    2014-04-06 21:24:30.477988
sampler.run_mcmc
Process Started on 2014-04-06 21:21:51.628280
It is currently    2014-04-06 21:42:18.706894
sampler.chain
90000
Mean acceptance fraction: 0.519
Errors based on 16th, 50th, and 84th percentile
Param     	MC_rec	err_up	err_low
delay     	1.50e+00	+6.76e-03	-6.71e-03
delta_mag 	3.00e-01	+1.66e-03	-1.69e-03
sigma     	4.67e-02	+3.42e-03	-3.12e-03
tau       	2.14e+01	+1.85e+01	-1.32e+01
avg_mag   	1.95e+01	+1.01e-01	-8.60e-02
Process Started on 2014-04-06 21:21:51.628280
It is currently    2014-04-06 21:42:29.757130
