
SIMULATION PARAMETERS
Namespace(avg_mag=19.0, delay=1.5, delta_mag=0.3, numorbits=40, outputtag='hubble_sim_r1040', photometricerror=0.02, redshift=0.658, sigma=0.07, tau=121.0)

Process Started on 2014-04-07 01:47:49.982602
The output_tag for this run is: hubble_sim_r1040_2014_04_07_01:47

CRUDE LIGHT CURVE PARAMETERS
----------------------------
parameter lc1   	lc2
----------------------------
sigma     +0.51 	+0.35
tau       +0.01 	+0.03
avg_mag   +18.81 	+19.16


BEGINNING LIGHT CURVE PARAMETER OPTIMIZATION

Optimization terminated successfully.
         Current function value: -565.132244
         Iterations: 111
         Function evaluations: 200
Optimization terminated successfully.
         Current function value: -577.369791
         Iterations: 110
         Function evaluations: 198

OPTIMIZED LIGHT CURVE PARAMETERS
--------------------------------
parameter lc1   	lc2
--------------------------------
sigma     +0.06 	+0.05
tau       +0.65 	+0.83
avg_mag   +18.81 	+19.17


Process Started on 2014-04-07 01:47:49.982602
It is now          2014-04-07 01:47:50.725261

time series is 2.51 days long
with  109 data points
The most common sample time distance is 0.01 days within the range of [0.01,0.03] days

1% done
10% done
25% done
50% done
75% done
DONE

Process Started on 2014-04-07 01:47:49.982602
It is now          2014-04-07 01:47:51.045068

BEST DELAY=-6.55281e-01

INITIAL PARAMETERS (average of lc1 and lc2)
-------------------------------------------
delay      = -0.66
delta_mag  = 0.36
avg_mag    = 18.81
tau        = 0.74
sigma      = 0.05

Optimization terminated successfully.
         Current function value: -1131.695572
         Iterations: 107
         Function evaluations: 189

INITIAL PARAMETERS (optimization of merged light curve)
-------------------------------------------------------
delay      = -0.66
delta_mag  = 0.36
avg_mag    = 18.81
tau        = 0.82
sigma      = 0.05


-------------
RUNNING EMCEE
-------------

pos
sampler
Process Started on 2014-04-07 01:47:49.982602
It is currently    2014-04-07 01:47:52.751626
burn-in sampler.run_mcmc
	Mean acceptance fraction: 0.569
	Errors based on 16th, 50th, and 84th percentile
	Param     	MC_rec	err_up	err_low
	delay     	-6.47e-01	+3.30e-02	-2.19e-02
	delta_mag 	3.65e-01	+2.63e-03	-2.87e-03
	sigma     	5.33e-02	+6.21e-03	-5.49e-03
	tau       	8.93e-01	+3.75e-01	-2.19e-01
	avg_mag   	1.88e+01	+1.81e-02	-1.54e-02
Process Started on 2014-04-07 01:47:49.982602
It is currently    2014-04-07 01:48:39.288710
sampler.run_mcmc
Process Started on 2014-04-07 01:47:49.982602
It is currently    2014-04-07 01:54:47.239055
sampler.chain
90000
Mean acceptance fraction: 0.496
Errors based on 16th, 50th, and 84th percentile
Param     	MC_rec	err_up	err_low
delay     	-6.39e-01	+3.41e-02	-2.32e-02
delta_mag 	3.65e-01	+2.44e-03	-2.53e-03
sigma     	5.11e-02	+4.98e-03	-4.72e-03
tau       	2.68e+00	+3.27e+00	-1.55e+00
avg_mag   	1.88e+01	+3.46e-02	-3.06e-02
Process Started on 2014-04-07 01:47:49.982602
It is currently    2014-04-07 01:54:53.548877
