
SIMULATION PARAMETERS
Namespace(avg_mag=19.0, delay=1.5, delta_mag=0.3, numorbits=40, outputtag='hubble_sim_r1274', photometricerror=0.1, redshift=0.658, sigma=0.07, tau=121.0)

Process Started on 2014-04-07 05:42:39.228509
The output_tag for this run is: hubble_sim_r1274_2014_04_07_05:42

CRUDE LIGHT CURVE PARAMETERS
----------------------------
parameter lc1   	lc2
----------------------------
sigma     +0.38 	+1.51
tau       +0.01 	+0.01
avg_mag   +18.65 	+18.86


BEGINNING LIGHT CURVE PARAMETER OPTIMIZATION

Optimization terminated successfully.
         Current function value: -301.228987
         Iterations: 54
         Function evaluations: 101
Optimization terminated successfully.
         Current function value: -281.236910
         Iterations: 154
         Function evaluations: 268

OPTIMIZED LIGHT CURVE PARAMETERS
--------------------------------
parameter lc1   	lc2
--------------------------------
sigma     +0.00 	+0.08
tau       +0.01 	+3.89
avg_mag   +18.65 	+18.84


Process Started on 2014-04-07 05:42:39.228509
It is now          2014-04-07 05:42:39.923567

time series is 2.51 days long
with  111 data points
The most common sample time distance is 0.01 days within the range of [0.01,0.03] days

1% done
10% done
25% done
50% done
75% done
DONE

Process Started on 2014-04-07 05:42:39.228509
It is now          2014-04-07 05:42:40.242511

BEST DELAY=-1.25456e+00

INITIAL PARAMETERS (average of lc1 and lc2)
-------------------------------------------
delay      = -1.25
delta_mag  = 0.19
avg_mag    = 18.65
tau        = 1.95
sigma      = 0.04

Optimization terminated successfully.
         Current function value: -555.836105
         Iterations: 102
         Function evaluations: 182

INITIAL PARAMETERS (optimization of merged light curve)
-------------------------------------------------------
delay      = -1.25
delta_mag  = 0.19
avg_mag    = 18.69
tau        = 1.84
sigma      = 0.06


-------------
RUNNING EMCEE
-------------

pos
sampler
Process Started on 2014-04-07 05:42:39.228509
It is currently    2014-04-07 05:42:41.901852
burn-in sampler.run_mcmc
	Mean acceptance fraction: 0.575
	Errors based on 16th, 50th, and 84th percentile
	Param     	MC_rec	err_up	err_low
	delay     	-1.46e+00	+1.73e-01	-3.42e-01
	delta_mag 	1.33e-01	+1.91e-02	-2.68e-02
	sigma     	7.53e-02	+1.63e-02	-1.27e-02
	tau       	2.01e+00	+6.14e-01	-2.84e-01
	avg_mag   	1.87e+01	+4.98e-02	-4.73e-02
Process Started on 2014-04-07 05:42:39.228509
It is currently    2014-04-07 05:43:28.100044
sampler.run_mcmc
Process Started on 2014-04-07 05:42:39.228509
It is currently    2014-04-07 05:49:12.842730
sampler.chain
90000
Mean acceptance fraction: 0.492
Errors based on 16th, 50th, and 84th percentile
Param     	MC_rec	err_up	err_low
delay     	-2.31e+00	+2.19e-01	-1.35e-01
delta_mag 	9.58e-02	+2.35e-02	-2.61e-02
sigma     	6.51e-02	+1.08e-02	-9.10e-03
tau       	8.82e+00	+6.25e+00	-4.91e+00
avg_mag   	1.87e+01	+8.60e-02	-7.74e-02
Process Started on 2014-04-07 05:42:39.228509
It is currently    2014-04-07 05:49:19.081121
