
SIMULATION PARAMETERS
Namespace(avg_mag=19.0, delay=1.5, delta_mag=0.3, numorbits=80, outputtag='hubble_sim_r231', photometricerror=0.1, redshift=0.658, sigma=0.07, tau=121.0)

Process Started on 2014-04-06 23:54:23.217859
The output_tag for this run is: hubble_sim_r231_2014_04_06_23:54

CRUDE LIGHT CURVE PARAMETERS
----------------------------
parameter lc1   	lc2
----------------------------
sigma     +0.30 	+0.30
tau       +0.15 	+0.14
avg_mag   +18.00 	+18.30


BEGINNING LIGHT CURVE PARAMETER OPTIMIZATION

Optimization terminated successfully.
         Current function value: -573.919105
         Iterations: 104
         Function evaluations: 187
Optimization terminated successfully.
         Current function value: -574.000932
         Iterations: 108
         Function evaluations: 196

OPTIMIZED LIGHT CURVE PARAMETERS
--------------------------------
parameter lc1   	lc2
--------------------------------
sigma     +0.04 	+0.04
tau       +0.75 	+0.84
avg_mag   +17.99 	+18.30


Process Started on 2014-04-06 23:54:23.217859
It is now          2014-04-06 23:54:25.630239

time series is 5.01 days long
with  218 data points
The most common sample time distance is 0.01 days within the range of [0.01,0.01] days

1% done
10% done
25% done
50% done
75% done
DONE

Process Started on 2014-04-06 23:54:23.217859
It is now          2014-04-06 23:54:26.680291

BEST DELAY=1.49256e+00

INITIAL PARAMETERS (average of lc1 and lc2)
-------------------------------------------
delay      = 1.49
delta_mag  = 0.30
avg_mag    = 17.99
tau        = 0.80
sigma      = 0.04

Optimization terminated successfully.
         Current function value: -1156.272793
         Iterations: 146
         Function evaluations: 263

INITIAL PARAMETERS (optimization of merged light curve)
-------------------------------------------------------
delay      = 1.49
delta_mag  = 0.30
avg_mag    = 17.98
tau        = 0.76
sigma      = 0.05


-------------
RUNNING EMCEE
-------------

pos
sampler
Process Started on 2014-04-06 23:54:23.217859
It is currently    2014-04-06 23:54:31.789978
burn-in sampler.run_mcmc
	Mean acceptance fraction: 0.576
	Errors based on 16th, 50th, and 84th percentile
	Param     	MC_rec	err_up	err_low
	delay     	1.50e+00	+6.00e-02	-5.60e-02
	delta_mag 	3.00e-01	+9.39e-03	-9.09e-03
	sigma     	5.34e-02	+8.04e-03	-8.93e-03
	tau       	7.63e-01	+8.95e-02	-6.59e-02
	avg_mag   	1.80e+01	+1.32e-02	-1.34e-02
Process Started on 2014-04-06 23:54:23.217859
It is currently    2014-04-06 23:57:03.837570
sampler.run_mcmc
Process Started on 2014-04-06 23:54:23.217859
It is currently    2014-04-07 00:15:13.674200
sampler.chain
90000
Mean acceptance fraction: 0.508
Errors based on 16th, 50th, and 84th percentile
Param     	MC_rec	err_up	err_low
delay     	1.52e+00	+9.35e-02	-8.32e-02
delta_mag 	3.01e-01	+7.66e-03	-7.89e-03
sigma     	4.74e-02	+9.36e-03	-8.74e-03
tau       	1.70e+00	+2.54e+00	-8.49e-01
avg_mag   	1.80e+01	+1.84e-02	-2.30e-02
Process Started on 2014-04-06 23:54:23.217859
It is currently    2014-04-07 00:15:20.258262
