Process Started on 2014-04-06 15:07:33.421690
The output_tag for this run is: J1206AB_0p1_2014_04_06_15:07

CRUDE LIGHT CURVE PARAMETERS
----------------------------
parameter lc1   	lc2
----------------------------
sigma     +0.05 	+0.07
tau       +652.87 	+1340.61
avg_mag   -11.67 	-11.37


BEGINNING LIGHT CURVE PARAMETER OPTIMIZATION

Optimization terminated successfully.
         Current function value: -850.322187
         Iterations: 137
         Function evaluations: 255
Optimization terminated successfully.
         Current function value: -813.837480
         Iterations: 166
         Function evaluations: 307

OPTIMIZED LIGHT CURVE PARAMETERS
--------------------------------
parameter lc1   	lc2
--------------------------------
sigma     +0.01 	+0.01
tau       +742.80 	+1194.85
avg_mag   -11.74 	-11.50


Process Started on 2014-04-06 15:07:33.421690
It is now          2014-04-06 15:07:46.360451

time series is 2375.61 days long
with  382 data points
The most common sample time distance is 1.06 days within the range of [0.57,1.97] days

1% done
10% done
25% done
50% done
75% done
DONE

Process Started on 2014-04-06 15:07:33.421690
It is now          2014-04-06 15:07:56.605158

BEST DELAY=1.22193e+02

INITIAL PARAMETERS (average of lc1 and lc2)
-------------------------------------------
delay      = 122.19
delta_mag  = 0.24
avg_mag    = -11.74
tau        = 968.83
sigma      = 0.01

Optimization terminated successfully.
         Current function value: -1617.224614
         Iterations: 180
         Function evaluations: 331

INITIAL PARAMETERS (optimization of merged light curve)
-------------------------------------------------------
delay      = 122.19
delta_mag  = 0.24
avg_mag    = -11.70
tau        = 609.53
sigma      = 0.01


-------------
RUNNING EMCEE
-------------

pos
sampler
Process Started on 2014-04-06 15:07:33.421690
It is currently    2014-04-06 15:08:05.507924
burn-in sampler.run_mcmc
	Mean acceptance fraction: 0.565
	Errors based on 16th, 50th, and 84th percentile
	Param     	MC_rec	err_up	err_low
	delay     	1.22e+02	+4.78e-01	-4.53e-01
	delta_mag 	3.04e-01	+1.12e-02	-1.15e-02
	sigma     	8.17e-03	+9.94e-04	-8.39e-04
	tau       	6.10e+02	+4.92e-01	-5.99e-01
	avg_mag   	-1.17e+01	+6.65e-02	-7.10e-02
Process Started on 2014-04-06 15:07:33.421690
It is currently    2014-04-06 15:12:59.620396
sampler.run_mcmc
Process Started on 2014-04-06 15:07:33.421690
It is currently    2014-04-06 16:01:26.174071
sampler.chain
90000
Mean acceptance fraction: 0.513
Errors based on 16th, 50th, and 84th percentile
Param     	MC_rec	err_up	err_low
delay     	1.08e+02	+7.91e+00	-7.43e+00
delta_mag 	3.07e-01	+7.70e-03	-7.61e-03
sigma     	7.87e-03	+6.86e-04	-6.46e-04
tau       	1.32e+03	+2.40e+03	-7.02e+02
avg_mag   	-1.17e+01	+1.01e-01	-1.06e-01
Process Started on 2014-04-06 15:07:33.421690
It is currently    2014-04-06 16:01:39.500913
