Process Started on 2014-04-06 15:07:32.231733
The output_tag for this run is: RXJ1131BC_2014_04_06_15:07

CRUDE LIGHT CURVE PARAMETERS
----------------------------
parameter lc1   	lc2
----------------------------
sigma     +0.18 	+0.15
tau       +345.26 	+521.99
avg_mag   -12.54 	-11.48


BEGINNING LIGHT CURVE PARAMETER OPTIMIZATION

Optimization terminated successfully.
         Current function value: -2247.877969
         Iterations: 167
         Function evaluations: 312
Optimization terminated successfully.
         Current function value: -1822.381761
         Iterations: 139
         Function evaluations: 254

OPTIMIZED LIGHT CURVE PARAMETERS
--------------------------------
parameter lc1   	lc2
--------------------------------
sigma     +0.02 	+0.03
tau       +289.56 	+125.88
avg_mag   -12.59 	-11.53


Process Started on 2014-04-06 15:07:32.231733
It is now          2014-04-06 15:07:46.444157

time series is 3086.68 days long
with  707 data points
The most common sample time distance is 2.67 days within the range of [1.61,4.42] days

1% done
10% done
25% done
50% done
75% done
DONE

Process Started on 2014-04-06 15:07:32.231733
It is now          2014-04-06 15:08:01.856012

BEST DELAY=6.66098e+00

INITIAL PARAMETERS (average of lc1 and lc2)
-------------------------------------------
delay      = 6.66
delta_mag  = 1.06
avg_mag    = -12.59
tau        = 207.72
sigma      = 0.03

Optimization terminated successfully.
         Current function value: -3082.190396
         Iterations: 197
         Function evaluations: 358

INITIAL PARAMETERS (optimization of merged light curve)
-------------------------------------------------------
delay      = 6.66
delta_mag  = 1.06
avg_mag    = -12.59
tau        = 32.21
sigma      = 0.07


-------------
RUNNING EMCEE
-------------

pos
sampler
Process Started on 2014-04-06 15:07:32.231733
It is currently    2014-04-06 15:08:20.908552
burn-in sampler.run_mcmc
	Mean acceptance fraction: 0.543
	Errors based on 16th, 50th, and 84th percentile
	Param     	MC_rec	err_up	err_low
	delay     	6.53e+00	+4.77e-02	-2.75e-02
	delta_mag 	1.07e+00	+2.56e-03	-2.64e-03
	sigma     	7.12e-02	+1.88e-03	-1.87e-03
	tau       	3.23e+01	+9.72e-02	-6.73e-02
	avg_mag   	-1.26e+01	+2.62e-02	-2.92e-02
Process Started on 2014-04-06 15:07:32.231733
It is currently    2014-04-06 15:20:16.768036
sampler.run_mcmc
Process Started on 2014-04-06 15:07:32.231733
It is currently    2014-04-06 16:48:31.430887
sampler.chain
90000
Mean acceptance fraction: 0.550
Errors based on 16th, 50th, and 84th percentile
Param     	MC_rec	err_up	err_low
delay     	6.49e+00	+1.53e-02	-1.48e-02
delta_mag 	1.07e+00	+1.64e-03	-1.66e-03
sigma     	7.05e-02	+1.23e-03	-1.21e-03
tau       	3.62e+01	+5.43e+00	-4.04e+00
avg_mag   	-1.26e+01	+3.50e-02	-3.46e-02
Process Started on 2014-04-06 15:07:32.231733
It is currently    2014-04-06 16:48:37.858071
