Process Started on 2014-04-06 15:07:33.680040
The output_tag for this run is: RXJ1131AD_0p1_2014_04_06_15:07

CRUDE LIGHT CURVE PARAMETERS
----------------------------
parameter lc1   	lc2
----------------------------
sigma     +0.28 	+0.30
tau       +1960.36 	+728.91
avg_mag   -13.05 	-10.54


BEGINNING LIGHT CURVE PARAMETER OPTIMIZATION

Optimization terminated successfully.
         Current function value: -1496.744153
         Iterations: 152
         Function evaluations: 293
Optimization terminated successfully.
         Current function value: -1105.207171
         Iterations: 152
         Function evaluations: 294

OPTIMIZED LIGHT CURVE PARAMETERS
--------------------------------
parameter lc1   	lc2
--------------------------------
sigma     +0.02 	+0.02
tau       +1273.72 	+1162.58
avg_mag   -12.94 	-10.51


Process Started on 2014-04-06 15:07:33.680040
It is now          2014-04-06 15:07:55.109043

time series is 3086.68 days long
with  707 data points
The most common sample time distance is 2.67 days within the range of [1.61,4.42] days

1% done
10% done
25% done
50% done
75% done
DONE

Process Started on 2014-04-06 15:07:33.680040
It is now          2014-04-06 15:08:16.078821

BEST DELAY=7.66610e+01

INITIAL PARAMETERS (average of lc1 and lc2)
-------------------------------------------
delay      = 76.66
delta_mag  = 2.44
avg_mag    = -12.94
tau        = 1218.15
sigma      = 0.02

Optimization terminated successfully.
         Current function value: -2291.937249
         Iterations: 168
         Function evaluations: 316

INITIAL PARAMETERS (optimization of merged light curve)
-------------------------------------------------------
delay      = 76.66
delta_mag  = 2.44
avg_mag    = -12.93
tau        = 1240.78
sigma      = 0.02


-------------
RUNNING EMCEE
-------------

pos
sampler
Process Started on 2014-04-06 15:07:33.680040
It is currently    2014-04-06 15:08:34.328909
burn-in sampler.run_mcmc
	Mean acceptance fraction: 0.529
	Errors based on 16th, 50th, and 84th percentile
	Param     	MC_rec	err_up	err_low
	delay     	7.73e+01	+1.40e+00	-4.31e-01
	delta_mag 	2.55e+00	+1.20e-02	-1.79e-02
	sigma     	1.95e-02	+1.56e-03	-1.29e-03
	tau       	1.24e+03	+7.57e-02	-2.27e-01
	avg_mag   	-1.29e+01	+2.47e-01	-8.30e-02
Process Started on 2014-04-06 15:07:33.680040
It is currently    2014-04-06 15:20:28.807275
sampler.run_mcmc
Process Started on 2014-04-06 15:07:33.680040
It is currently    2014-04-06 16:41:25.450891
sampler.chain
90000
Mean acceptance fraction: 0.503
Errors based on 16th, 50th, and 84th percentile
Param     	MC_rec	err_up	err_low
delay     	8.72e+01	+1.40e+00	-1.59e+00
delta_mag 	2.57e+00	+6.27e-03	-6.20e-03
sigma     	1.95e-02	+8.36e-04	-7.77e-04
tau       	2.80e+03	+4.66e+03	-1.56e+03
avg_mag   	-1.30e+01	+4.12e-01	-3.81e-01
Process Started on 2014-04-06 15:07:33.680040
It is currently    2014-04-06 16:41:32.188593
