Process Started on 2014-04-06 15:07:32.849796
The output_tag for this run is: RXJ1131CD_2014_04_06_15:07

CRUDE LIGHT CURVE PARAMETERS
----------------------------
parameter lc1   	lc2
----------------------------
sigma     +0.15 	+0.30
tau       +521.99 	+728.91
avg_mag   -11.48 	-10.54


BEGINNING LIGHT CURVE PARAMETER OPTIMIZATION

Optimization terminated successfully.
         Current function value: -1822.381761
         Iterations: 139
         Function evaluations: 254
Optimization terminated successfully.
         Current function value: -1670.108341
         Iterations: 138
         Function evaluations: 262

OPTIMIZED LIGHT CURVE PARAMETERS
--------------------------------
parameter lc1   	lc2
--------------------------------
sigma     +0.03 	+0.03
tau       +125.88 	+659.20
avg_mag   -11.53 	-10.52


Process Started on 2014-04-06 15:07:32.849796
It is now          2014-04-06 15:07:50.603098

time series is 3086.68 days long
with  707 data points
The most common sample time distance is 2.67 days within the range of [1.61,4.42] days

1% done
10% done
25% done
50% done
75% done
DONE

Process Started on 2014-04-06 15:07:32.849796
It is now          2014-04-06 15:08:10.503103

BEST DELAY=-1.27334e+03

INITIAL PARAMETERS (average of lc1 and lc2)
-------------------------------------------
delay      = -1273.34
delta_mag  = 1.00
avg_mag    = -11.53
tau        = 392.54
sigma      = 0.03

Optimization terminated successfully.
         Current function value: 18.456632
         Iterations: 261
         Function evaluations: 471

INITIAL PARAMETERS (optimization of merged light curve)
-------------------------------------------------------
delay      = -1273.34
delta_mag  = 1.00
avg_mag    = -11.58
tau        = 16.31
sigma      = 0.17


-------------
RUNNING EMCEE
-------------

pos
sampler
Process Started on 2014-04-06 15:07:32.849796
It is currently    2014-04-06 15:08:34.871656
burn-in sampler.run_mcmc
	Mean acceptance fraction: 0.476
	Errors based on 16th, 50th, and 84th percentile
	Param     	MC_rec	err_up	err_low
	delay     	-1.27e+03	+4.41e-02	-3.26e-02
	delta_mag 	1.22e+00	+7.41e-02	-1.13e-01
	sigma     	1.40e-01	+1.31e-02	-9.96e-03
	tau       	1.61e+01	+1.79e-01	-2.11e-01
	avg_mag   	-1.16e+01	+1.03e-01	-1.00e-01
Process Started on 2014-04-06 15:07:32.849796
It is currently    2014-04-06 15:20:13.942696
sampler.run_mcmc
Process Started on 2014-04-06 15:07:32.849796
It is currently    2014-04-06 16:47:01.011164
sampler.chain
90000
Mean acceptance fraction: 0.542
Errors based on 16th, 50th, and 84th percentile
Param     	MC_rec	err_up	err_low
delay     	-1.27e+03	+9.04e-03	-8.89e-03
delta_mag 	1.34e+00	+9.08e-03	-8.92e-03
sigma     	1.30e-01	+3.20e-03	-2.59e-03
tau       	3.37e+01	+4.23e+00	-4.39e+00
avg_mag   	-1.18e+01	+5.02e-02	-5.27e-02
Process Started on 2014-04-06 15:07:32.849796
It is currently    2014-04-06 16:47:07.596638
